[2024-06-05T00:53:59.988+0000] {local_task_job_runner.py:120} INFO - ::group::Pre task execution logs
[2024-06-05T00:54:00.051+0000] {taskinstance.py:2076} INFO - Dependencies all met for dep_context=non-requeueable deps ti=<TaskInstance: dados_climaticos_estruturados.criar_pasta scheduled__2024-05-29T02:05:00+00:00 [queued]>
[2024-06-05T00:54:00.066+0000] {taskinstance.py:2076} INFO - Dependencies all met for dep_context=requeueable deps ti=<TaskInstance: dados_climaticos_estruturados.criar_pasta scheduled__2024-05-29T02:05:00+00:00 [queued]>
[2024-06-05T00:54:00.067+0000] {taskinstance.py:2306} INFO - Starting attempt 1 of 1
[2024-06-05T00:54:00.096+0000] {taskinstance.py:2330} INFO - Executing <Task(PythonOperator): criar_pasta> on 2024-05-29 02:05:00+00:00
[2024-06-05T00:54:00.136+0000] {warnings.py:110} WARNING - /home/***/.local/lib/python3.12/site-packages/***/task/task_runner/standard_task_runner.py:61: DeprecationWarning: This process (pid=385) is multi-threaded, use of fork() may lead to deadlocks in the child.
  pid = os.fork()

[2024-06-05T00:54:00.138+0000] {standard_task_runner.py:63} INFO - Started process 414 to run task
[2024-06-05T00:54:00.146+0000] {standard_task_runner.py:90} INFO - Running: ['***', 'tasks', 'run', 'dados_climaticos_estruturados', 'criar_pasta', 'scheduled__2024-05-29T02:05:00+00:00', '--job-id', '493', '--raw', '--subdir', 'DAGS_FOLDER/weather/custom_dags/dados_climaticos_estruturados.py', '--cfg-path', '/tmp/tmpvxg6b55g']
[2024-06-05T00:54:00.159+0000] {standard_task_runner.py:91} INFO - Job 493: Subtask criar_pasta
[2024-06-05T00:54:00.284+0000] {task_command.py:426} INFO - Running <TaskInstance: dados_climaticos_estruturados.criar_pasta scheduled__2024-05-29T02:05:00+00:00 [running]> on host 6665b0710315
[2024-06-05T00:54:00.594+0000] {taskinstance.py:2648} INFO - Exporting env vars: AIRFLOW_CTX_DAG_OWNER='***' AIRFLOW_CTX_DAG_ID='dados_climaticos_estruturados' AIRFLOW_CTX_TASK_ID='criar_pasta' AIRFLOW_CTX_EXECUTION_DATE='2024-05-29T02:05:00+00:00' AIRFLOW_CTX_TRY_NUMBER='1' AIRFLOW_CTX_DAG_RUN_ID='scheduled__2024-05-29T02:05:00+00:00'
[2024-06-05T00:54:00.598+0000] {taskinstance.py:430} INFO - ::endgroup::
[2024-06-05T00:54:00.616+0000] {python.py:237} INFO - Done. Returned value was: None
[2024-06-05T00:54:00.617+0000] {taskinstance.py:441} INFO - ::group::Post task execution logs
[2024-06-05T00:54:00.643+0000] {taskinstance.py:1206} INFO - Marking task as SUCCESS. dag_id=dados_climaticos_estruturados, task_id=criar_pasta, run_id=scheduled__2024-05-29T02:05:00+00:00, execution_date=20240529T020500, start_date=20240605T005400, end_date=20240605T005400
[2024-06-05T00:54:00.744+0000] {local_task_job_runner.py:240} INFO - Task exited with return code 0
[2024-06-05T00:54:00.785+0000] {local_task_job_runner.py:222} INFO - ::endgroup::
[2024-06-05T01:33:44.678+0000] {local_task_job_runner.py:120} INFO - ::group::Pre task execution logs
[2024-06-05T01:33:44.738+0000] {taskinstance.py:2076} INFO - Dependencies all met for dep_context=non-requeueable deps ti=<TaskInstance: dados_climaticos_estruturados.criar_pasta scheduled__2024-05-29T02:05:00+00:00 [queued]>
[2024-06-05T01:33:44.767+0000] {taskinstance.py:2076} INFO - Dependencies all met for dep_context=requeueable deps ti=<TaskInstance: dados_climaticos_estruturados.criar_pasta scheduled__2024-05-29T02:05:00+00:00 [queued]>
[2024-06-05T01:33:44.771+0000] {taskinstance.py:2306} INFO - Starting attempt 1 of 1
[2024-06-05T01:33:44.834+0000] {taskinstance.py:2330} INFO - Executing <Task(PythonOperator): criar_pasta> on 2024-05-29 02:05:00+00:00
[2024-06-05T01:33:44.856+0000] {warnings.py:110} WARNING - /home/***/.local/lib/python3.12/site-packages/***/task/task_runner/standard_task_runner.py:61: DeprecationWarning: This process (pid=379) is multi-threaded, use of fork() may lead to deadlocks in the child.
  pid = os.fork()

[2024-06-05T01:33:44.873+0000] {standard_task_runner.py:63} INFO - Started process 412 to run task
[2024-06-05T01:33:44.880+0000] {standard_task_runner.py:90} INFO - Running: ['***', 'tasks', 'run', 'dados_climaticos_estruturados', 'criar_pasta', 'scheduled__2024-05-29T02:05:00+00:00', '--job-id', '107', '--raw', '--subdir', 'DAGS_FOLDER/weather/custom_dags/dados_climaticos_estruturados.py', '--cfg-path', '/tmp/tmpozfrjypc']
[2024-06-05T01:33:44.886+0000] {standard_task_runner.py:91} INFO - Job 107: Subtask criar_pasta
[2024-06-05T01:33:45.008+0000] {task_command.py:426} INFO - Running <TaskInstance: dados_climaticos_estruturados.criar_pasta scheduled__2024-05-29T02:05:00+00:00 [running]> on host 80232deae70a
[2024-06-05T01:33:45.236+0000] {taskinstance.py:2648} INFO - Exporting env vars: AIRFLOW_CTX_DAG_OWNER='***' AIRFLOW_CTX_DAG_ID='dados_climaticos_estruturados' AIRFLOW_CTX_TASK_ID='criar_pasta' AIRFLOW_CTX_EXECUTION_DATE='2024-05-29T02:05:00+00:00' AIRFLOW_CTX_TRY_NUMBER='1' AIRFLOW_CTX_DAG_RUN_ID='scheduled__2024-05-29T02:05:00+00:00'
[2024-06-05T01:33:45.239+0000] {taskinstance.py:430} INFO - ::endgroup::
[2024-06-05T01:33:45.251+0000] {python.py:237} INFO - Done. Returned value was: None
[2024-06-05T01:33:45.254+0000] {taskinstance.py:441} INFO - ::group::Post task execution logs
[2024-06-05T01:33:45.280+0000] {taskinstance.py:1206} INFO - Marking task as SUCCESS. dag_id=dados_climaticos_estruturados, task_id=criar_pasta, run_id=scheduled__2024-05-29T02:05:00+00:00, execution_date=20240529T020500, start_date=20240605T013344, end_date=20240605T013345
[2024-06-05T01:33:45.355+0000] {local_task_job_runner.py:240} INFO - Task exited with return code 0
[2024-06-05T01:33:45.419+0000] {taskinstance.py:3498} INFO - 1 downstream tasks scheduled from follow-on schedule check
[2024-06-05T01:33:45.425+0000] {local_task_job_runner.py:222} INFO - ::endgroup::
