[2024-06-05T00:53:33.626+0000] {local_task_job_runner.py:120} INFO - ::group::Pre task execution logs
[2024-06-05T00:53:33.699+0000] {taskinstance.py:2076} INFO - Dependencies all met for dep_context=non-requeueable deps ti=<TaskInstance: dados_climaticos_estruturados.criar_pasta scheduled__2024-05-28T23:50:00+00:00 [queued]>
[2024-06-05T00:53:33.734+0000] {taskinstance.py:2076} INFO - Dependencies all met for dep_context=requeueable deps ti=<TaskInstance: dados_climaticos_estruturados.criar_pasta scheduled__2024-05-28T23:50:00+00:00 [queued]>
[2024-06-05T00:53:33.737+0000] {taskinstance.py:2306} INFO - Starting attempt 1 of 1
[2024-06-05T00:53:33.792+0000] {taskinstance.py:2330} INFO - Executing <Task(PythonOperator): criar_pasta> on 2024-05-28 23:50:00+00:00
[2024-06-05T00:53:33.820+0000] {warnings.py:110} WARNING - /home/***/.local/lib/python3.12/site-packages/***/task/task_runner/standard_task_runner.py:61: DeprecationWarning: This process (pid=203) is multi-threaded, use of fork() may lead to deadlocks in the child.
  pid = os.fork()

[2024-06-05T00:53:33.828+0000] {standard_task_runner.py:63} INFO - Started process 231 to run task
[2024-06-05T00:53:33.825+0000] {standard_task_runner.py:90} INFO - Running: ['***', 'tasks', 'run', 'dados_climaticos_estruturados', 'criar_pasta', 'scheduled__2024-05-28T23:50:00+00:00', '--job-id', '436', '--raw', '--subdir', 'DAGS_FOLDER/weather/custom_dags/dados_climaticos_estruturados.py', '--cfg-path', '/tmp/tmp88r5d3vq']
[2024-06-05T00:53:33.831+0000] {standard_task_runner.py:91} INFO - Job 436: Subtask criar_pasta
[2024-06-05T00:53:34.014+0000] {task_command.py:426} INFO - Running <TaskInstance: dados_climaticos_estruturados.criar_pasta scheduled__2024-05-28T23:50:00+00:00 [running]> on host 6665b0710315
[2024-06-05T00:53:34.371+0000] {taskinstance.py:2648} INFO - Exporting env vars: AIRFLOW_CTX_DAG_OWNER='***' AIRFLOW_CTX_DAG_ID='dados_climaticos_estruturados' AIRFLOW_CTX_TASK_ID='criar_pasta' AIRFLOW_CTX_EXECUTION_DATE='2024-05-28T23:50:00+00:00' AIRFLOW_CTX_TRY_NUMBER='1' AIRFLOW_CTX_DAG_RUN_ID='scheduled__2024-05-28T23:50:00+00:00'
[2024-06-05T00:53:34.380+0000] {taskinstance.py:430} INFO - ::endgroup::
[2024-06-05T00:53:34.384+0000] {python.py:237} INFO - Done. Returned value was: None
[2024-06-05T00:53:34.389+0000] {taskinstance.py:441} INFO - ::group::Post task execution logs
[2024-06-05T00:53:34.425+0000] {taskinstance.py:1206} INFO - Marking task as SUCCESS. dag_id=dados_climaticos_estruturados, task_id=criar_pasta, run_id=scheduled__2024-05-28T23:50:00+00:00, execution_date=20240528T235000, start_date=20240605T005333, end_date=20240605T005334
[2024-06-05T00:53:34.497+0000] {local_task_job_runner.py:240} INFO - Task exited with return code 0
[2024-06-05T00:53:34.562+0000] {taskinstance.py:3498} INFO - 1 downstream tasks scheduled from follow-on schedule check
[2024-06-05T00:53:34.585+0000] {local_task_job_runner.py:222} INFO - ::endgroup::
[2024-06-05T01:33:17.576+0000] {local_task_job_runner.py:120} INFO - ::group::Pre task execution logs
[2024-06-05T01:33:17.616+0000] {taskinstance.py:2076} INFO - Dependencies all met for dep_context=non-requeueable deps ti=<TaskInstance: dados_climaticos_estruturados.criar_pasta scheduled__2024-05-28T23:50:00+00:00 [queued]>
[2024-06-05T01:33:17.631+0000] {taskinstance.py:2076} INFO - Dependencies all met for dep_context=requeueable deps ti=<TaskInstance: dados_climaticos_estruturados.criar_pasta scheduled__2024-05-28T23:50:00+00:00 [queued]>
[2024-06-05T01:33:17.633+0000] {taskinstance.py:2306} INFO - Starting attempt 1 of 1
[2024-06-05T01:33:17.660+0000] {taskinstance.py:2330} INFO - Executing <Task(PythonOperator): criar_pasta> on 2024-05-28 23:50:00+00:00
[2024-06-05T01:33:17.675+0000] {warnings.py:110} WARNING - /home/***/.local/lib/python3.12/site-packages/***/task/task_runner/standard_task_runner.py:61: DeprecationWarning: This process (pid=209) is multi-threaded, use of fork() may lead to deadlocks in the child.
  pid = os.fork()

[2024-06-05T01:33:17.678+0000] {standard_task_runner.py:63} INFO - Started process 238 to run task
[2024-06-05T01:33:17.678+0000] {standard_task_runner.py:90} INFO - Running: ['***', 'tasks', 'run', 'dados_climaticos_estruturados', 'criar_pasta', 'scheduled__2024-05-28T23:50:00+00:00', '--job-id', '54', '--raw', '--subdir', 'DAGS_FOLDER/weather/custom_dags/dados_climaticos_estruturados.py', '--cfg-path', '/tmp/tmp5eq4svq7']
[2024-06-05T01:33:17.681+0000] {standard_task_runner.py:91} INFO - Job 54: Subtask criar_pasta
[2024-06-05T01:33:17.787+0000] {task_command.py:426} INFO - Running <TaskInstance: dados_climaticos_estruturados.criar_pasta scheduled__2024-05-28T23:50:00+00:00 [running]> on host 80232deae70a
[2024-06-05T01:33:18.009+0000] {taskinstance.py:2648} INFO - Exporting env vars: AIRFLOW_CTX_DAG_OWNER='***' AIRFLOW_CTX_DAG_ID='dados_climaticos_estruturados' AIRFLOW_CTX_TASK_ID='criar_pasta' AIRFLOW_CTX_EXECUTION_DATE='2024-05-28T23:50:00+00:00' AIRFLOW_CTX_TRY_NUMBER='1' AIRFLOW_CTX_DAG_RUN_ID='scheduled__2024-05-28T23:50:00+00:00'
[2024-06-05T01:33:18.011+0000] {taskinstance.py:430} INFO - ::endgroup::
[2024-06-05T01:33:18.017+0000] {python.py:237} INFO - Done. Returned value was: None
[2024-06-05T01:33:18.028+0000] {taskinstance.py:441} INFO - ::group::Post task execution logs
[2024-06-05T01:33:18.063+0000] {taskinstance.py:1206} INFO - Marking task as SUCCESS. dag_id=dados_climaticos_estruturados, task_id=criar_pasta, run_id=scheduled__2024-05-28T23:50:00+00:00, execution_date=20240528T235000, start_date=20240605T013317, end_date=20240605T013318
[2024-06-05T01:33:18.111+0000] {local_task_job_runner.py:240} INFO - Task exited with return code 0
[2024-06-05T01:33:18.153+0000] {taskinstance.py:3498} INFO - 1 downstream tasks scheduled from follow-on schedule check
[2024-06-05T01:33:18.157+0000] {local_task_job_runner.py:222} INFO - ::endgroup::
