[2024-06-05T00:56:22.102+0000] {local_task_job_runner.py:120} INFO - ::group::Pre task execution logs
[2024-06-05T00:56:22.146+0000] {taskinstance.py:2076} INFO - Dependencies all met for dep_context=non-requeueable deps ti=<TaskInstance: dados_climaticos_estruturados.criar_pasta scheduled__2024-05-29T14:45:00+00:00 [queued]>
[2024-06-05T00:56:22.173+0000] {taskinstance.py:2076} INFO - Dependencies all met for dep_context=requeueable deps ti=<TaskInstance: dados_climaticos_estruturados.criar_pasta scheduled__2024-05-29T14:45:00+00:00 [queued]>
[2024-06-05T00:56:22.174+0000] {taskinstance.py:2306} INFO - Starting attempt 1 of 1
[2024-06-05T00:56:22.204+0000] {taskinstance.py:2330} INFO - Executing <Task(PythonOperator): criar_pasta> on 2024-05-29 14:45:00+00:00
[2024-06-05T00:56:22.219+0000] {warnings.py:110} WARNING - /home/***/.local/lib/python3.12/site-packages/***/task/task_runner/standard_task_runner.py:61: DeprecationWarning: This process (pid=1322) is multi-threaded, use of fork() may lead to deadlocks in the child.
  pid = os.fork()

[2024-06-05T00:56:22.221+0000] {standard_task_runner.py:63} INFO - Started process 1353 to run task
[2024-06-05T00:56:22.228+0000] {standard_task_runner.py:90} INFO - Running: ['***', 'tasks', 'run', 'dados_climaticos_estruturados', 'criar_pasta', 'scheduled__2024-05-29T14:45:00+00:00', '--job-id', '797', '--raw', '--subdir', 'DAGS_FOLDER/weather/custom_dags/dados_climaticos_estruturados.py', '--cfg-path', '/tmp/tmp1totsx2g']
[2024-06-05T00:56:22.234+0000] {standard_task_runner.py:91} INFO - Job 797: Subtask criar_pasta
[2024-06-05T00:56:22.404+0000] {task_command.py:426} INFO - Running <TaskInstance: dados_climaticos_estruturados.criar_pasta scheduled__2024-05-29T14:45:00+00:00 [running]> on host 6665b0710315
[2024-06-05T00:56:22.615+0000] {taskinstance.py:2648} INFO - Exporting env vars: AIRFLOW_CTX_DAG_OWNER='***' AIRFLOW_CTX_DAG_ID='dados_climaticos_estruturados' AIRFLOW_CTX_TASK_ID='criar_pasta' AIRFLOW_CTX_EXECUTION_DATE='2024-05-29T14:45:00+00:00' AIRFLOW_CTX_TRY_NUMBER='1' AIRFLOW_CTX_DAG_RUN_ID='scheduled__2024-05-29T14:45:00+00:00'
[2024-06-05T00:56:22.622+0000] {taskinstance.py:430} INFO - ::endgroup::
[2024-06-05T00:56:22.626+0000] {python.py:237} INFO - Done. Returned value was: None
[2024-06-05T00:56:22.631+0000] {taskinstance.py:441} INFO - ::group::Post task execution logs
[2024-06-05T00:56:22.656+0000] {taskinstance.py:1206} INFO - Marking task as SUCCESS. dag_id=dados_climaticos_estruturados, task_id=criar_pasta, run_id=scheduled__2024-05-29T14:45:00+00:00, execution_date=20240529T144500, start_date=20240605T005622, end_date=20240605T005622
[2024-06-05T00:56:22.784+0000] {local_task_job_runner.py:240} INFO - Task exited with return code 0
[2024-06-05T00:56:22.860+0000] {taskinstance.py:3498} INFO - 1 downstream tasks scheduled from follow-on schedule check
[2024-06-05T00:56:22.871+0000] {local_task_job_runner.py:222} INFO - ::endgroup::
[2024-06-05T01:36:22.471+0000] {local_task_job_runner.py:120} INFO - ::group::Pre task execution logs
[2024-06-05T01:36:22.526+0000] {taskinstance.py:2076} INFO - Dependencies all met for dep_context=non-requeueable deps ti=<TaskInstance: dados_climaticos_estruturados.criar_pasta scheduled__2024-05-29T14:45:00+00:00 [queued]>
[2024-06-05T01:36:22.547+0000] {taskinstance.py:2076} INFO - Dependencies all met for dep_context=requeueable deps ti=<TaskInstance: dados_climaticos_estruturados.criar_pasta scheduled__2024-05-29T14:45:00+00:00 [queued]>
[2024-06-05T01:36:22.548+0000] {taskinstance.py:2306} INFO - Starting attempt 1 of 1
[2024-06-05T01:36:22.588+0000] {taskinstance.py:2330} INFO - Executing <Task(PythonOperator): criar_pasta> on 2024-05-29 14:45:00+00:00
[2024-06-05T01:36:22.611+0000] {warnings.py:110} WARNING - /home/***/.local/lib/python3.12/site-packages/***/task/task_runner/standard_task_runner.py:61: DeprecationWarning: This process (pid=1336) is multi-threaded, use of fork() may lead to deadlocks in the child.
  pid = os.fork()

[2024-06-05T01:36:22.618+0000] {standard_task_runner.py:63} INFO - Started process 1359 to run task
[2024-06-05T01:36:22.625+0000] {standard_task_runner.py:90} INFO - Running: ['***', 'tasks', 'run', 'dados_climaticos_estruturados', 'criar_pasta', 'scheduled__2024-05-29T14:45:00+00:00', '--job-id', '415', '--raw', '--subdir', 'DAGS_FOLDER/weather/custom_dags/dados_climaticos_estruturados.py', '--cfg-path', '/tmp/tmpjymq5ei1']
[2024-06-05T01:36:22.639+0000] {standard_task_runner.py:91} INFO - Job 415: Subtask criar_pasta
[2024-06-05T01:36:22.823+0000] {task_command.py:426} INFO - Running <TaskInstance: dados_climaticos_estruturados.criar_pasta scheduled__2024-05-29T14:45:00+00:00 [running]> on host 80232deae70a
[2024-06-05T01:36:23.406+0000] {taskinstance.py:2648} INFO - Exporting env vars: AIRFLOW_CTX_DAG_OWNER='***' AIRFLOW_CTX_DAG_ID='dados_climaticos_estruturados' AIRFLOW_CTX_TASK_ID='criar_pasta' AIRFLOW_CTX_EXECUTION_DATE='2024-05-29T14:45:00+00:00' AIRFLOW_CTX_TRY_NUMBER='1' AIRFLOW_CTX_DAG_RUN_ID='scheduled__2024-05-29T14:45:00+00:00'
[2024-06-05T01:36:23.449+0000] {taskinstance.py:430} INFO - ::endgroup::
[2024-06-05T01:36:23.455+0000] {python.py:237} INFO - Done. Returned value was: None
[2024-06-05T01:36:23.457+0000] {taskinstance.py:441} INFO - ::group::Post task execution logs
[2024-06-05T01:36:23.496+0000] {taskinstance.py:1206} INFO - Marking task as SUCCESS. dag_id=dados_climaticos_estruturados, task_id=criar_pasta, run_id=scheduled__2024-05-29T14:45:00+00:00, execution_date=20240529T144500, start_date=20240605T013622, end_date=20240605T013623
[2024-06-05T01:36:23.624+0000] {local_task_job_runner.py:240} INFO - Task exited with return code 0
[2024-06-05T01:36:23.730+0000] {taskinstance.py:3498} INFO - 1 downstream tasks scheduled from follow-on schedule check
[2024-06-05T01:36:23.762+0000] {local_task_job_runner.py:222} INFO - ::endgroup::
