[2024-06-05T01:03:30.491+0000] {local_task_job_runner.py:120} INFO - ::group::Pre task execution logs
[2024-06-05T01:03:30.511+0000] {taskinstance.py:2076} INFO - Dependencies all met for dep_context=non-requeueable deps ti=<TaskInstance: dados_climaticos_estruturados.criar_pasta scheduled__2024-05-31T01:50:00+00:00 [queued]>
[2024-06-05T01:03:30.519+0000] {taskinstance.py:2076} INFO - Dependencies all met for dep_context=requeueable deps ti=<TaskInstance: dados_climaticos_estruturados.criar_pasta scheduled__2024-05-31T01:50:00+00:00 [queued]>
[2024-06-05T01:03:30.519+0000] {taskinstance.py:2306} INFO - Starting attempt 1 of 1
[2024-06-05T01:03:30.532+0000] {taskinstance.py:2330} INFO - Executing <Task(PythonOperator): criar_pasta> on 2024-05-31 01:50:00+00:00
[2024-06-05T01:03:30.539+0000] {warnings.py:110} WARNING - /home/***/.local/lib/python3.12/site-packages/***/task/task_runner/standard_task_runner.py:61: DeprecationWarning: This process (pid=3979) is multi-threaded, use of fork() may lead to deadlocks in the child.
  pid = os.fork()

[2024-06-05T01:03:30.540+0000] {standard_task_runner.py:63} INFO - Started process 3981 to run task
[2024-06-05T01:03:30.541+0000] {standard_task_runner.py:90} INFO - Running: ['***', 'tasks', 'run', 'dados_climaticos_estruturados', 'criar_pasta', 'scheduled__2024-05-31T01:50:00+00:00', '--job-id', '1651', '--raw', '--subdir', 'DAGS_FOLDER/weather/custom_dags/dados_climaticos_estruturados.py', '--cfg-path', '/tmp/tmpf9r65xm6']
[2024-06-05T01:03:30.542+0000] {standard_task_runner.py:91} INFO - Job 1651: Subtask criar_pasta
[2024-06-05T01:03:30.597+0000] {task_command.py:426} INFO - Running <TaskInstance: dados_climaticos_estruturados.criar_pasta scheduled__2024-05-31T01:50:00+00:00 [running]> on host 6665b0710315
[2024-06-05T01:03:30.682+0000] {taskinstance.py:2648} INFO - Exporting env vars: AIRFLOW_CTX_DAG_OWNER='***' AIRFLOW_CTX_DAG_ID='dados_climaticos_estruturados' AIRFLOW_CTX_TASK_ID='criar_pasta' AIRFLOW_CTX_EXECUTION_DATE='2024-05-31T01:50:00+00:00' AIRFLOW_CTX_TRY_NUMBER='1' AIRFLOW_CTX_DAG_RUN_ID='scheduled__2024-05-31T01:50:00+00:00'
[2024-06-05T01:03:30.683+0000] {taskinstance.py:430} INFO - ::endgroup::
[2024-06-05T01:03:30.684+0000] {python.py:237} INFO - Done. Returned value was: None
[2024-06-05T01:03:30.685+0000] {taskinstance.py:441} INFO - ::group::Post task execution logs
[2024-06-05T01:03:30.694+0000] {taskinstance.py:1206} INFO - Marking task as SUCCESS. dag_id=dados_climaticos_estruturados, task_id=criar_pasta, run_id=scheduled__2024-05-31T01:50:00+00:00, execution_date=20240531T015000, start_date=20240605T010330, end_date=20240605T010330
[2024-06-05T01:03:30.721+0000] {local_task_job_runner.py:240} INFO - Task exited with return code 0
[2024-06-05T01:03:30.740+0000] {taskinstance.py:3498} INFO - 1 downstream tasks scheduled from follow-on schedule check
[2024-06-05T01:03:30.742+0000] {local_task_job_runner.py:222} INFO - ::endgroup::
[2024-06-05T01:43:02.594+0000] {local_task_job_runner.py:120} INFO - ::group::Pre task execution logs
[2024-06-05T01:43:02.644+0000] {taskinstance.py:2076} INFO - Dependencies all met for dep_context=non-requeueable deps ti=<TaskInstance: dados_climaticos_estruturados.criar_pasta scheduled__2024-05-31T01:50:00+00:00 [queued]>
[2024-06-05T01:43:02.665+0000] {taskinstance.py:2076} INFO - Dependencies all met for dep_context=requeueable deps ti=<TaskInstance: dados_climaticos_estruturados.criar_pasta scheduled__2024-05-31T01:50:00+00:00 [queued]>
[2024-06-05T01:43:02.666+0000] {taskinstance.py:2306} INFO - Starting attempt 1 of 1
[2024-06-05T01:43:02.706+0000] {taskinstance.py:2330} INFO - Executing <Task(PythonOperator): criar_pasta> on 2024-05-31 01:50:00+00:00
[2024-06-05T01:43:02.727+0000] {standard_task_runner.py:90} INFO - Running: ['***', 'tasks', 'run', 'dados_climaticos_estruturados', 'criar_pasta', 'scheduled__2024-05-31T01:50:00+00:00', '--job-id', '1260', '--raw', '--subdir', 'DAGS_FOLDER/weather/custom_dags/dados_climaticos_estruturados.py', '--cfg-path', '/tmp/tmpwg32qv5c']
[2024-06-05T01:43:02.724+0000] {warnings.py:110} WARNING - /home/***/.local/lib/python3.12/site-packages/***/task/task_runner/standard_task_runner.py:61: DeprecationWarning: This process (pid=3955) is multi-threaded, use of fork() may lead to deadlocks in the child.
  pid = os.fork()

[2024-06-05T01:43:02.732+0000] {standard_task_runner.py:91} INFO - Job 1260: Subtask criar_pasta
[2024-06-05T01:43:02.733+0000] {standard_task_runner.py:63} INFO - Started process 3972 to run task
[2024-06-05T01:43:02.865+0000] {task_command.py:426} INFO - Running <TaskInstance: dados_climaticos_estruturados.criar_pasta scheduled__2024-05-31T01:50:00+00:00 [running]> on host 80232deae70a
[2024-06-05T01:43:03.086+0000] {taskinstance.py:2648} INFO - Exporting env vars: AIRFLOW_CTX_DAG_OWNER='***' AIRFLOW_CTX_DAG_ID='dados_climaticos_estruturados' AIRFLOW_CTX_TASK_ID='criar_pasta' AIRFLOW_CTX_EXECUTION_DATE='2024-05-31T01:50:00+00:00' AIRFLOW_CTX_TRY_NUMBER='1' AIRFLOW_CTX_DAG_RUN_ID='scheduled__2024-05-31T01:50:00+00:00'
[2024-06-05T01:43:03.090+0000] {taskinstance.py:430} INFO - ::endgroup::
[2024-06-05T01:43:03.091+0000] {python.py:237} INFO - Done. Returned value was: None
[2024-06-05T01:43:03.092+0000] {taskinstance.py:441} INFO - ::group::Post task execution logs
[2024-06-05T01:43:03.108+0000] {taskinstance.py:1206} INFO - Marking task as SUCCESS. dag_id=dados_climaticos_estruturados, task_id=criar_pasta, run_id=scheduled__2024-05-31T01:50:00+00:00, execution_date=20240531T015000, start_date=20240605T014302, end_date=20240605T014303
[2024-06-05T01:43:03.169+0000] {local_task_job_runner.py:240} INFO - Task exited with return code 0
[2024-06-05T01:43:03.201+0000] {taskinstance.py:3498} INFO - 1 downstream tasks scheduled from follow-on schedule check
[2024-06-05T01:43:03.208+0000] {local_task_job_runner.py:222} INFO - ::endgroup::
