[2024-05-29T00:49:21.770+0000] {local_task_job_runner.py:120} INFO - ::group::Pre task execution logs
[2024-05-29T00:49:21.902+0000] {taskinstance.py:2076} INFO - Dependencies all met for dep_context=non-requeueable deps ti=<TaskInstance: dados_climaticos_estruturados.extrair_dados scheduled__2024-05-21T09:45:00+00:00 [queued]>
[2024-05-29T00:49:21.933+0000] {taskinstance.py:2076} INFO - Dependencies all met for dep_context=requeueable deps ti=<TaskInstance: dados_climaticos_estruturados.extrair_dados scheduled__2024-05-21T09:45:00+00:00 [queued]>
[2024-05-29T00:49:21.938+0000] {taskinstance.py:2306} INFO - Starting attempt 1 of 1
[2024-05-29T00:49:21.991+0000] {taskinstance.py:2330} INFO - Executing <Task(PythonOperator): extrair_dados> on 2024-05-21 09:45:00+00:00
[2024-05-29T00:49:22.008+0000] {warnings.py:110} WARNING - /home/***/.local/lib/python3.12/site-packages/***/task/task_runner/standard_task_runner.py:61: DeprecationWarning: This process (pid=6140) is multi-threaded, use of fork() may lead to deadlocks in the child.
  pid = os.fork()

[2024-05-29T00:49:22.014+0000] {standard_task_runner.py:63} INFO - Started process 6171 to run task
[2024-05-29T00:49:22.013+0000] {standard_task_runner.py:90} INFO - Running: ['***', 'tasks', 'run', 'dados_climaticos_estruturados', 'extrair_dados', 'scheduled__2024-05-21T09:45:00+00:00', '--job-id', '2033', '--raw', '--subdir', 'DAGS_FOLDER/weather/custom_dags/dados_climaticos_estruturados.py', '--cfg-path', '/tmp/tmp4lx11in7']
[2024-05-29T00:49:22.017+0000] {standard_task_runner.py:91} INFO - Job 2033: Subtask extrair_dados
[2024-05-29T00:49:22.165+0000] {task_command.py:426} INFO - Running <TaskInstance: dados_climaticos_estruturados.extrair_dados scheduled__2024-05-21T09:45:00+00:00 [running]> on host 0473b835f7f4
[2024-05-29T00:49:22.579+0000] {taskinstance.py:2648} INFO - Exporting env vars: AIRFLOW_CTX_DAG_OWNER='***' AIRFLOW_CTX_DAG_ID='dados_climaticos_estruturados' AIRFLOW_CTX_TASK_ID='extrair_dados' AIRFLOW_CTX_EXECUTION_DATE='2024-05-21T09:45:00+00:00' AIRFLOW_CTX_TRY_NUMBER='1' AIRFLOW_CTX_DAG_RUN_ID='scheduled__2024-05-21T09:45:00+00:00'
[2024-05-29T00:49:22.581+0000] {taskinstance.py:430} INFO - ::endgroup::
[2024-05-29T00:49:22.587+0000] {taskinstance.py:441} INFO - ::group::Post task execution logs
[2024-05-29T00:49:22.589+0000] {taskinstance.py:2905} ERROR - Task failed with exception
Traceback (most recent call last):
  File "/home/airflow/.local/lib/python3.12/site-packages/airflow/models/taskinstance.py", line 465, in _execute_task
    result = _execute_callable(context=context, **execute_callable_kwargs)
             ^^^^^^^^^^^^^^^^^^^^^^^^^^^^^^^^^^^^^^^^^^^^^^^^^^^^^^^^^^^^^
  File "/home/airflow/.local/lib/python3.12/site-packages/airflow/models/taskinstance.py", line 432, in _execute_callable
    return execute_callable(context=context, **execute_callable_kwargs)
           ^^^^^^^^^^^^^^^^^^^^^^^^^^^^^^^^^^^^^^^^^^^^^^^^^^^^^^^^^^^^
  File "/home/airflow/.local/lib/python3.12/site-packages/airflow/models/baseoperator.py", line 400, in wrapper
    return func(self, *args, **kwargs)
           ^^^^^^^^^^^^^^^^^^^^^^^^^^^
  File "/home/airflow/.local/lib/python3.12/site-packages/airflow/operators/python.py", line 235, in execute
    return_value = self.execute_callable()
                   ^^^^^^^^^^^^^^^^^^^^^^^
  File "/home/airflow/.local/lib/python3.12/site-packages/airflow/operators/python.py", line 252, in execute_callable
    return self.python_callable(*self.op_args, **self.op_kwargs)
           ^^^^^^^^^^^^^^^^^^^^^^^^^^^^^^^^^^^^^^^^^^^^^^^^^^^^^
  File "/opt/airflow/dags/weather/etl/extract.py", line 7, in extrair_dados
    data_interval_end_plus_7 = data_interval_end.add(days=7).strftime("%Y-%m-%d")
                               ^^^^^^^^^^^^^^^^^^^^^
AttributeError: 'str' object has no attribute 'add'
[2024-05-29T00:49:22.620+0000] {taskinstance.py:1206} INFO - Marking task as FAILED. dag_id=dados_climaticos_estruturados, task_id=extrair_dados, run_id=scheduled__2024-05-21T09:45:00+00:00, execution_date=20240521T094500, start_date=20240529T004921, end_date=20240529T004922
[2024-05-29T00:49:22.704+0000] {standard_task_runner.py:110} ERROR - Failed to execute job 2033 for task extrair_dados ('str' object has no attribute 'add'; 6171)
[2024-05-29T00:49:22.786+0000] {local_task_job_runner.py:240} INFO - Task exited with return code 1
[2024-05-29T00:49:22.839+0000] {taskinstance.py:3498} INFO - 0 downstream tasks scheduled from follow-on schedule check
[2024-05-29T00:49:22.859+0000] {local_task_job_runner.py:222} INFO - ::endgroup::
