[2024-06-05T00:58:57.783+0000] {local_task_job_runner.py:120} INFO - ::group::Pre task execution logs
[2024-06-05T00:58:57.840+0000] {taskinstance.py:2076} INFO - Dependencies all met for dep_context=non-requeueable deps ti=<TaskInstance: dados_climaticos_estruturados.criar_pasta scheduled__2024-05-30T04:00:00+00:00 [queued]>
[2024-06-05T00:58:57.864+0000] {taskinstance.py:2076} INFO - Dependencies all met for dep_context=requeueable deps ti=<TaskInstance: dados_climaticos_estruturados.criar_pasta scheduled__2024-05-30T04:00:00+00:00 [queued]>
[2024-06-05T00:58:57.866+0000] {taskinstance.py:2306} INFO - Starting attempt 1 of 1
[2024-06-05T00:58:57.911+0000] {taskinstance.py:2330} INFO - Executing <Task(PythonOperator): criar_pasta> on 2024-05-30 04:00:00+00:00
[2024-06-05T00:58:57.937+0000] {warnings.py:110} WARNING - /home/***/.local/lib/python3.12/site-packages/***/task/task_runner/standard_task_runner.py:61: DeprecationWarning: This process (pid=2318) is multi-threaded, use of fork() may lead to deadlocks in the child.
  pid = os.fork()

[2024-06-05T00:58:57.941+0000] {standard_task_runner.py:63} INFO - Started process 2344 to run task
[2024-06-05T00:58:57.964+0000] {standard_task_runner.py:90} INFO - Running: ['***', 'tasks', 'run', 'dados_climaticos_estruturados', 'criar_pasta', 'scheduled__2024-05-30T04:00:00+00:00', '--job-id', '1119', '--raw', '--subdir', 'DAGS_FOLDER/weather/custom_dags/dados_climaticos_estruturados.py', '--cfg-path', '/tmp/tmpez5tmo4l']
[2024-06-05T00:58:57.967+0000] {standard_task_runner.py:91} INFO - Job 1119: Subtask criar_pasta
[2024-06-05T00:58:58.139+0000] {task_command.py:426} INFO - Running <TaskInstance: dados_climaticos_estruturados.criar_pasta scheduled__2024-05-30T04:00:00+00:00 [running]> on host 6665b0710315
[2024-06-05T00:58:58.359+0000] {taskinstance.py:2648} INFO - Exporting env vars: AIRFLOW_CTX_DAG_OWNER='***' AIRFLOW_CTX_DAG_ID='dados_climaticos_estruturados' AIRFLOW_CTX_TASK_ID='criar_pasta' AIRFLOW_CTX_EXECUTION_DATE='2024-05-30T04:00:00+00:00' AIRFLOW_CTX_TRY_NUMBER='1' AIRFLOW_CTX_DAG_RUN_ID='scheduled__2024-05-30T04:00:00+00:00'
[2024-06-05T00:58:58.362+0000] {taskinstance.py:430} INFO - ::endgroup::
[2024-06-05T00:58:58.367+0000] {python.py:237} INFO - Done. Returned value was: None
[2024-06-05T00:58:58.369+0000] {taskinstance.py:441} INFO - ::group::Post task execution logs
[2024-06-05T00:58:58.399+0000] {taskinstance.py:1206} INFO - Marking task as SUCCESS. dag_id=dados_climaticos_estruturados, task_id=criar_pasta, run_id=scheduled__2024-05-30T04:00:00+00:00, execution_date=20240530T040000, start_date=20240605T005857, end_date=20240605T005858
[2024-06-05T00:58:58.509+0000] {local_task_job_runner.py:240} INFO - Task exited with return code 0
[2024-06-05T00:58:58.607+0000] {taskinstance.py:3498} INFO - 1 downstream tasks scheduled from follow-on schedule check
[2024-06-05T00:58:58.623+0000] {local_task_job_runner.py:222} INFO - ::endgroup::
[2024-06-05T01:38:56.867+0000] {local_task_job_runner.py:120} INFO - ::group::Pre task execution logs
[2024-06-05T01:38:56.922+0000] {taskinstance.py:2076} INFO - Dependencies all met for dep_context=non-requeueable deps ti=<TaskInstance: dados_climaticos_estruturados.criar_pasta scheduled__2024-05-30T04:00:00+00:00 [queued]>
[2024-06-05T01:38:56.954+0000] {taskinstance.py:2076} INFO - Dependencies all met for dep_context=requeueable deps ti=<TaskInstance: dados_climaticos_estruturados.criar_pasta scheduled__2024-05-30T04:00:00+00:00 [queued]>
[2024-06-05T01:38:56.955+0000] {taskinstance.py:2306} INFO - Starting attempt 1 of 1
[2024-06-05T01:38:56.990+0000] {taskinstance.py:2330} INFO - Executing <Task(PythonOperator): criar_pasta> on 2024-05-30 04:00:00+00:00
[2024-06-05T01:38:57.009+0000] {warnings.py:110} WARNING - /home/***/.local/lib/python3.12/site-packages/***/task/task_runner/standard_task_runner.py:61: DeprecationWarning: This process (pid=2307) is multi-threaded, use of fork() may lead to deadlocks in the child.
  pid = os.fork()

[2024-06-05T01:38:57.013+0000] {standard_task_runner.py:63} INFO - Started process 2337 to run task
[2024-06-05T01:38:57.021+0000] {standard_task_runner.py:90} INFO - Running: ['***', 'tasks', 'run', 'dados_climaticos_estruturados', 'criar_pasta', 'scheduled__2024-05-30T04:00:00+00:00', '--job-id', '731', '--raw', '--subdir', 'DAGS_FOLDER/weather/custom_dags/dados_climaticos_estruturados.py', '--cfg-path', '/tmp/tmprrtjp1to']
[2024-06-05T01:38:57.023+0000] {standard_task_runner.py:91} INFO - Job 731: Subtask criar_pasta
[2024-06-05T01:38:57.113+0000] {task_command.py:426} INFO - Running <TaskInstance: dados_climaticos_estruturados.criar_pasta scheduled__2024-05-30T04:00:00+00:00 [running]> on host 80232deae70a
[2024-06-05T01:38:57.489+0000] {taskinstance.py:2648} INFO - Exporting env vars: AIRFLOW_CTX_DAG_OWNER='***' AIRFLOW_CTX_DAG_ID='dados_climaticos_estruturados' AIRFLOW_CTX_TASK_ID='criar_pasta' AIRFLOW_CTX_EXECUTION_DATE='2024-05-30T04:00:00+00:00' AIRFLOW_CTX_TRY_NUMBER='1' AIRFLOW_CTX_DAG_RUN_ID='scheduled__2024-05-30T04:00:00+00:00'
[2024-06-05T01:38:57.497+0000] {taskinstance.py:430} INFO - ::endgroup::
[2024-06-05T01:38:57.500+0000] {python.py:237} INFO - Done. Returned value was: None
[2024-06-05T01:38:57.501+0000] {taskinstance.py:441} INFO - ::group::Post task execution logs
[2024-06-05T01:38:57.536+0000] {taskinstance.py:1206} INFO - Marking task as SUCCESS. dag_id=dados_climaticos_estruturados, task_id=criar_pasta, run_id=scheduled__2024-05-30T04:00:00+00:00, execution_date=20240530T040000, start_date=20240605T013856, end_date=20240605T013857
[2024-06-05T01:38:57.614+0000] {local_task_job_runner.py:240} INFO - Task exited with return code 0
[2024-06-05T01:38:57.693+0000] {taskinstance.py:3498} INFO - 1 downstream tasks scheduled from follow-on schedule check
[2024-06-05T01:38:57.697+0000] {local_task_job_runner.py:222} INFO - ::endgroup::
