[2024-06-05T00:59:50.868+0000] {local_task_job_runner.py:120} INFO - ::group::Pre task execution logs
[2024-06-05T00:59:50.900+0000] {taskinstance.py:2076} INFO - Dependencies all met for dep_context=non-requeueable deps ti=<TaskInstance: dados_climaticos_estruturados.criar_pasta scheduled__2024-05-30T08:10:00+00:00 [queued]>
[2024-06-05T00:59:50.916+0000] {taskinstance.py:2076} INFO - Dependencies all met for dep_context=requeueable deps ti=<TaskInstance: dados_climaticos_estruturados.criar_pasta scheduled__2024-05-30T08:10:00+00:00 [queued]>
[2024-06-05T00:59:50.916+0000] {taskinstance.py:2306} INFO - Starting attempt 1 of 1
[2024-06-05T00:59:50.935+0000] {taskinstance.py:2330} INFO - Executing <Task(PythonOperator): criar_pasta> on 2024-05-30 08:10:00+00:00
[2024-06-05T00:59:50.946+0000] {warnings.py:110} WARNING - /home/***/.local/lib/python3.12/site-packages/***/task/task_runner/standard_task_runner.py:61: DeprecationWarning: This process (pid=2630) is multi-threaded, use of fork() may lead to deadlocks in the child.
  pid = os.fork()

[2024-06-05T00:59:50.949+0000] {standard_task_runner.py:63} INFO - Started process 2644 to run task
[2024-06-05T00:59:50.948+0000] {standard_task_runner.py:90} INFO - Running: ['***', 'tasks', 'run', 'dados_climaticos_estruturados', 'criar_pasta', 'scheduled__2024-05-30T08:10:00+00:00', '--job-id', '1220', '--raw', '--subdir', 'DAGS_FOLDER/weather/custom_dags/dados_climaticos_estruturados.py', '--cfg-path', '/tmp/tmpnlpswpsy']
[2024-06-05T00:59:50.950+0000] {standard_task_runner.py:91} INFO - Job 1220: Subtask criar_pasta
[2024-06-05T00:59:51.018+0000] {task_command.py:426} INFO - Running <TaskInstance: dados_climaticos_estruturados.criar_pasta scheduled__2024-05-30T08:10:00+00:00 [running]> on host 6665b0710315
[2024-06-05T00:59:51.178+0000] {taskinstance.py:2648} INFO - Exporting env vars: AIRFLOW_CTX_DAG_OWNER='***' AIRFLOW_CTX_DAG_ID='dados_climaticos_estruturados' AIRFLOW_CTX_TASK_ID='criar_pasta' AIRFLOW_CTX_EXECUTION_DATE='2024-05-30T08:10:00+00:00' AIRFLOW_CTX_TRY_NUMBER='1' AIRFLOW_CTX_DAG_RUN_ID='scheduled__2024-05-30T08:10:00+00:00'
[2024-06-05T00:59:51.183+0000] {taskinstance.py:430} INFO - ::endgroup::
[2024-06-05T00:59:51.184+0000] {python.py:237} INFO - Done. Returned value was: None
[2024-06-05T00:59:51.185+0000] {taskinstance.py:441} INFO - ::group::Post task execution logs
[2024-06-05T00:59:51.203+0000] {taskinstance.py:1206} INFO - Marking task as SUCCESS. dag_id=dados_climaticos_estruturados, task_id=criar_pasta, run_id=scheduled__2024-05-30T08:10:00+00:00, execution_date=20240530T081000, start_date=20240605T005950, end_date=20240605T005951
[2024-06-05T00:59:51.256+0000] {local_task_job_runner.py:240} INFO - Task exited with return code 0
[2024-06-05T00:59:51.291+0000] {taskinstance.py:3498} INFO - 1 downstream tasks scheduled from follow-on schedule check
[2024-06-05T00:59:51.294+0000] {local_task_job_runner.py:222} INFO - ::endgroup::
[2024-06-05T01:39:39.914+0000] {local_task_job_runner.py:120} INFO - ::group::Pre task execution logs
[2024-06-05T01:39:39.972+0000] {taskinstance.py:2076} INFO - Dependencies all met for dep_context=non-requeueable deps ti=<TaskInstance: dados_climaticos_estruturados.criar_pasta scheduled__2024-05-30T08:10:00+00:00 [queued]>
[2024-06-05T01:39:39.994+0000] {taskinstance.py:2076} INFO - Dependencies all met for dep_context=requeueable deps ti=<TaskInstance: dados_climaticos_estruturados.criar_pasta scheduled__2024-05-30T08:10:00+00:00 [queued]>
[2024-06-05T01:39:39.998+0000] {taskinstance.py:2306} INFO - Starting attempt 1 of 1
[2024-06-05T01:39:40.065+0000] {taskinstance.py:2330} INFO - Executing <Task(PythonOperator): criar_pasta> on 2024-05-30 08:10:00+00:00
[2024-06-05T01:39:40.092+0000] {warnings.py:110} WARNING - /home/***/.local/lib/python3.12/site-packages/***/task/task_runner/standard_task_runner.py:61: DeprecationWarning: This process (pid=2611) is multi-threaded, use of fork() may lead to deadlocks in the child.
  pid = os.fork()

[2024-06-05T01:39:40.099+0000] {standard_task_runner.py:63} INFO - Started process 2650 to run task
[2024-06-05T01:39:40.100+0000] {standard_task_runner.py:90} INFO - Running: ['***', 'tasks', 'run', 'dados_climaticos_estruturados', 'criar_pasta', 'scheduled__2024-05-30T08:10:00+00:00', '--job-id', '830', '--raw', '--subdir', 'DAGS_FOLDER/weather/custom_dags/dados_climaticos_estruturados.py', '--cfg-path', '/tmp/tmpn7uaj1v3']
[2024-06-05T01:39:40.114+0000] {standard_task_runner.py:91} INFO - Job 830: Subtask criar_pasta
[2024-06-05T01:39:40.315+0000] {task_command.py:426} INFO - Running <TaskInstance: dados_climaticos_estruturados.criar_pasta scheduled__2024-05-30T08:10:00+00:00 [running]> on host 80232deae70a
[2024-06-05T01:39:40.651+0000] {taskinstance.py:2648} INFO - Exporting env vars: AIRFLOW_CTX_DAG_OWNER='***' AIRFLOW_CTX_DAG_ID='dados_climaticos_estruturados' AIRFLOW_CTX_TASK_ID='criar_pasta' AIRFLOW_CTX_EXECUTION_DATE='2024-05-30T08:10:00+00:00' AIRFLOW_CTX_TRY_NUMBER='1' AIRFLOW_CTX_DAG_RUN_ID='scheduled__2024-05-30T08:10:00+00:00'
[2024-06-05T01:39:40.654+0000] {taskinstance.py:430} INFO - ::endgroup::
[2024-06-05T01:39:40.664+0000] {python.py:237} INFO - Done. Returned value was: None
[2024-06-05T01:39:40.665+0000] {taskinstance.py:441} INFO - ::group::Post task execution logs
[2024-06-05T01:39:40.697+0000] {taskinstance.py:1206} INFO - Marking task as SUCCESS. dag_id=dados_climaticos_estruturados, task_id=criar_pasta, run_id=scheduled__2024-05-30T08:10:00+00:00, execution_date=20240530T081000, start_date=20240605T013939, end_date=20240605T013940
[2024-06-05T01:39:40.827+0000] {local_task_job_runner.py:240} INFO - Task exited with return code 0
[2024-06-05T01:39:40.859+0000] {local_task_job_runner.py:222} INFO - ::endgroup::
