[2024-06-05T01:05:29.770+0000] {local_task_job_runner.py:120} INFO - ::group::Pre task execution logs
[2024-06-05T01:05:29.807+0000] {taskinstance.py:2076} INFO - Dependencies all met for dep_context=non-requeueable deps ti=<TaskInstance: dados_climaticos_estruturados.criar_pasta scheduled__2024-05-31T11:05:00+00:00 [queued]>
[2024-06-05T01:05:29.818+0000] {taskinstance.py:2076} INFO - Dependencies all met for dep_context=requeueable deps ti=<TaskInstance: dados_climaticos_estruturados.criar_pasta scheduled__2024-05-31T11:05:00+00:00 [queued]>
[2024-06-05T01:05:29.818+0000] {taskinstance.py:2306} INFO - Starting attempt 1 of 1
[2024-06-05T01:05:29.847+0000] {taskinstance.py:2330} INFO - Executing <Task(PythonOperator): criar_pasta> on 2024-05-31 11:05:00+00:00
[2024-06-05T01:05:29.859+0000] {warnings.py:110} WARNING - /home/***/.local/lib/python3.12/site-packages/***/task/task_runner/standard_task_runner.py:61: DeprecationWarning: This process (pid=4635) is multi-threaded, use of fork() may lead to deadlocks in the child.
  pid = os.fork()

[2024-06-05T01:05:29.862+0000] {standard_task_runner.py:63} INFO - Started process 4660 to run task
[2024-06-05T01:05:29.863+0000] {standard_task_runner.py:90} INFO - Running: ['***', 'tasks', 'run', 'dados_climaticos_estruturados', 'criar_pasta', 'scheduled__2024-05-31T11:05:00+00:00', '--job-id', '1866', '--raw', '--subdir', 'DAGS_FOLDER/weather/custom_dags/dados_climaticos_estruturados.py', '--cfg-path', '/tmp/tmpyp4jtdgf']
[2024-06-05T01:05:29.865+0000] {standard_task_runner.py:91} INFO - Job 1866: Subtask criar_pasta
[2024-06-05T01:05:29.953+0000] {task_command.py:426} INFO - Running <TaskInstance: dados_climaticos_estruturados.criar_pasta scheduled__2024-05-31T11:05:00+00:00 [running]> on host 6665b0710315
[2024-06-05T01:05:30.096+0000] {taskinstance.py:2648} INFO - Exporting env vars: AIRFLOW_CTX_DAG_OWNER='***' AIRFLOW_CTX_DAG_ID='dados_climaticos_estruturados' AIRFLOW_CTX_TASK_ID='criar_pasta' AIRFLOW_CTX_EXECUTION_DATE='2024-05-31T11:05:00+00:00' AIRFLOW_CTX_TRY_NUMBER='1' AIRFLOW_CTX_DAG_RUN_ID='scheduled__2024-05-31T11:05:00+00:00'
[2024-06-05T01:05:30.098+0000] {taskinstance.py:430} INFO - ::endgroup::
[2024-06-05T01:05:30.100+0000] {python.py:237} INFO - Done. Returned value was: None
[2024-06-05T01:05:30.101+0000] {taskinstance.py:441} INFO - ::group::Post task execution logs
[2024-06-05T01:05:30.113+0000] {taskinstance.py:1206} INFO - Marking task as SUCCESS. dag_id=dados_climaticos_estruturados, task_id=criar_pasta, run_id=scheduled__2024-05-31T11:05:00+00:00, execution_date=20240531T110500, start_date=20240605T010529, end_date=20240605T010530
[2024-06-05T01:05:30.171+0000] {local_task_job_runner.py:240} INFO - Task exited with return code 0
[2024-06-05T01:05:30.185+0000] {local_task_job_runner.py:222} INFO - ::endgroup::
[2024-06-05T01:44:56.208+0000] {local_task_job_runner.py:120} INFO - ::group::Pre task execution logs
[2024-06-05T01:44:56.258+0000] {taskinstance.py:2076} INFO - Dependencies all met for dep_context=non-requeueable deps ti=<TaskInstance: dados_climaticos_estruturados.criar_pasta scheduled__2024-05-31T11:05:00+00:00 [queued]>
[2024-06-05T01:44:56.272+0000] {taskinstance.py:2076} INFO - Dependencies all met for dep_context=requeueable deps ti=<TaskInstance: dados_climaticos_estruturados.criar_pasta scheduled__2024-05-31T11:05:00+00:00 [queued]>
[2024-06-05T01:44:56.277+0000] {taskinstance.py:2306} INFO - Starting attempt 1 of 1
[2024-06-05T01:44:56.319+0000] {taskinstance.py:2330} INFO - Executing <Task(PythonOperator): criar_pasta> on 2024-05-31 11:05:00+00:00
[2024-06-05T01:44:56.343+0000] {warnings.py:110} WARNING - /home/***/.local/lib/python3.12/site-packages/***/task/task_runner/standard_task_runner.py:61: DeprecationWarning: This process (pid=4626) is multi-threaded, use of fork() may lead to deadlocks in the child.
  pid = os.fork()

[2024-06-05T01:44:56.353+0000] {standard_task_runner.py:90} INFO - Running: ['***', 'tasks', 'run', 'dados_climaticos_estruturados', 'criar_pasta', 'scheduled__2024-05-31T11:05:00+00:00', '--job-id', '1477', '--raw', '--subdir', 'DAGS_FOLDER/weather/custom_dags/dados_climaticos_estruturados.py', '--cfg-path', '/tmp/tmp0cgu62nj']
[2024-06-05T01:44:56.355+0000] {standard_task_runner.py:63} INFO - Started process 4652 to run task
[2024-06-05T01:44:56.359+0000] {standard_task_runner.py:91} INFO - Job 1477: Subtask criar_pasta
[2024-06-05T01:44:56.466+0000] {task_command.py:426} INFO - Running <TaskInstance: dados_climaticos_estruturados.criar_pasta scheduled__2024-05-31T11:05:00+00:00 [running]> on host 80232deae70a
[2024-06-05T01:44:56.691+0000] {taskinstance.py:2648} INFO - Exporting env vars: AIRFLOW_CTX_DAG_OWNER='***' AIRFLOW_CTX_DAG_ID='dados_climaticos_estruturados' AIRFLOW_CTX_TASK_ID='criar_pasta' AIRFLOW_CTX_EXECUTION_DATE='2024-05-31T11:05:00+00:00' AIRFLOW_CTX_TRY_NUMBER='1' AIRFLOW_CTX_DAG_RUN_ID='scheduled__2024-05-31T11:05:00+00:00'
[2024-06-05T01:44:56.694+0000] {taskinstance.py:430} INFO - ::endgroup::
[2024-06-05T01:44:56.696+0000] {python.py:237} INFO - Done. Returned value was: None
[2024-06-05T01:44:56.697+0000] {taskinstance.py:441} INFO - ::group::Post task execution logs
[2024-06-05T01:44:56.713+0000] {taskinstance.py:1206} INFO - Marking task as SUCCESS. dag_id=dados_climaticos_estruturados, task_id=criar_pasta, run_id=scheduled__2024-05-31T11:05:00+00:00, execution_date=20240531T110500, start_date=20240605T014456, end_date=20240605T014456
[2024-06-05T01:44:56.752+0000] {local_task_job_runner.py:240} INFO - Task exited with return code 0
[2024-06-05T01:44:56.785+0000] {taskinstance.py:3498} INFO - 1 downstream tasks scheduled from follow-on schedule check
[2024-06-05T01:44:56.798+0000] {local_task_job_runner.py:222} INFO - ::endgroup::
