[2024-06-05T01:00:52.353+0000] {local_task_job_runner.py:120} INFO - ::group::Pre task execution logs
[2024-06-05T01:00:52.442+0000] {taskinstance.py:2076} INFO - Dependencies all met for dep_context=non-requeueable deps ti=<TaskInstance: dados_climaticos_estruturados.criar_pasta scheduled__2024-05-30T13:10:00+00:00 [queued]>
[2024-06-05T01:00:52.474+0000] {taskinstance.py:2076} INFO - Dependencies all met for dep_context=requeueable deps ti=<TaskInstance: dados_climaticos_estruturados.criar_pasta scheduled__2024-05-30T13:10:00+00:00 [queued]>
[2024-06-05T01:00:52.479+0000] {taskinstance.py:2306} INFO - Starting attempt 1 of 1
[2024-06-05T01:00:52.531+0000] {taskinstance.py:2330} INFO - Executing <Task(PythonOperator): criar_pasta> on 2024-05-30 13:10:00+00:00
[2024-06-05T01:00:52.556+0000] {warnings.py:110} WARNING - /home/***/.local/lib/python3.12/site-packages/***/task/task_runner/standard_task_runner.py:61: DeprecationWarning: This process (pid=2999) is multi-threaded, use of fork() may lead to deadlocks in the child.
  pid = os.fork()

[2024-06-05T01:00:52.561+0000] {standard_task_runner.py:90} INFO - Running: ['***', 'tasks', 'run', 'dados_climaticos_estruturados', 'criar_pasta', 'scheduled__2024-05-30T13:10:00+00:00', '--job-id', '1338', '--raw', '--subdir', 'DAGS_FOLDER/weather/custom_dags/dados_climaticos_estruturados.py', '--cfg-path', '/tmp/tmpl_lkqhnb']
[2024-06-05T01:00:52.565+0000] {standard_task_runner.py:63} INFO - Started process 3033 to run task
[2024-06-05T01:00:52.566+0000] {standard_task_runner.py:91} INFO - Job 1338: Subtask criar_pasta
[2024-06-05T01:00:52.693+0000] {task_command.py:426} INFO - Running <TaskInstance: dados_climaticos_estruturados.criar_pasta scheduled__2024-05-30T13:10:00+00:00 [running]> on host 6665b0710315
[2024-06-05T01:00:52.902+0000] {taskinstance.py:2648} INFO - Exporting env vars: AIRFLOW_CTX_DAG_OWNER='***' AIRFLOW_CTX_DAG_ID='dados_climaticos_estruturados' AIRFLOW_CTX_TASK_ID='criar_pasta' AIRFLOW_CTX_EXECUTION_DATE='2024-05-30T13:10:00+00:00' AIRFLOW_CTX_TRY_NUMBER='1' AIRFLOW_CTX_DAG_RUN_ID='scheduled__2024-05-30T13:10:00+00:00'
[2024-06-05T01:00:52.909+0000] {taskinstance.py:430} INFO - ::endgroup::
[2024-06-05T01:00:52.915+0000] {python.py:237} INFO - Done. Returned value was: None
[2024-06-05T01:00:52.917+0000] {taskinstance.py:441} INFO - ::group::Post task execution logs
[2024-06-05T01:00:52.953+0000] {taskinstance.py:1206} INFO - Marking task as SUCCESS. dag_id=dados_climaticos_estruturados, task_id=criar_pasta, run_id=scheduled__2024-05-30T13:10:00+00:00, execution_date=20240530T131000, start_date=20240605T010052, end_date=20240605T010052
[2024-06-05T01:00:53.047+0000] {local_task_job_runner.py:240} INFO - Task exited with return code 0
[2024-06-05T01:00:53.072+0000] {local_task_job_runner.py:222} INFO - ::endgroup::
[2024-06-05T01:40:40.992+0000] {local_task_job_runner.py:120} INFO - ::group::Pre task execution logs
[2024-06-05T01:40:41.030+0000] {taskinstance.py:2076} INFO - Dependencies all met for dep_context=non-requeueable deps ti=<TaskInstance: dados_climaticos_estruturados.criar_pasta scheduled__2024-05-30T13:10:00+00:00 [queued]>
[2024-06-05T01:40:41.048+0000] {taskinstance.py:2076} INFO - Dependencies all met for dep_context=requeueable deps ti=<TaskInstance: dados_climaticos_estruturados.criar_pasta scheduled__2024-05-30T13:10:00+00:00 [queued]>
[2024-06-05T01:40:41.049+0000] {taskinstance.py:2306} INFO - Starting attempt 1 of 1
[2024-06-05T01:40:41.088+0000] {taskinstance.py:2330} INFO - Executing <Task(PythonOperator): criar_pasta> on 2024-05-30 13:10:00+00:00
[2024-06-05T01:40:41.102+0000] {warnings.py:110} WARNING - /home/***/.local/lib/python3.12/site-packages/***/task/task_runner/standard_task_runner.py:61: DeprecationWarning: This process (pid=3015) is multi-threaded, use of fork() may lead to deadlocks in the child.
  pid = os.fork()

[2024-06-05T01:40:41.106+0000] {standard_task_runner.py:63} INFO - Started process 3034 to run task
[2024-06-05T01:40:41.109+0000] {standard_task_runner.py:90} INFO - Running: ['***', 'tasks', 'run', 'dados_climaticos_estruturados', 'criar_pasta', 'scheduled__2024-05-30T13:10:00+00:00', '--job-id', '957', '--raw', '--subdir', 'DAGS_FOLDER/weather/custom_dags/dados_climaticos_estruturados.py', '--cfg-path', '/tmp/tmp4weul148']
[2024-06-05T01:40:41.118+0000] {standard_task_runner.py:91} INFO - Job 957: Subtask criar_pasta
[2024-06-05T01:40:41.270+0000] {task_command.py:426} INFO - Running <TaskInstance: dados_climaticos_estruturados.criar_pasta scheduled__2024-05-30T13:10:00+00:00 [running]> on host 80232deae70a
[2024-06-05T01:40:41.526+0000] {taskinstance.py:2648} INFO - Exporting env vars: AIRFLOW_CTX_DAG_OWNER='***' AIRFLOW_CTX_DAG_ID='dados_climaticos_estruturados' AIRFLOW_CTX_TASK_ID='criar_pasta' AIRFLOW_CTX_EXECUTION_DATE='2024-05-30T13:10:00+00:00' AIRFLOW_CTX_TRY_NUMBER='1' AIRFLOW_CTX_DAG_RUN_ID='scheduled__2024-05-30T13:10:00+00:00'
[2024-06-05T01:40:41.532+0000] {taskinstance.py:430} INFO - ::endgroup::
[2024-06-05T01:40:41.534+0000] {python.py:237} INFO - Done. Returned value was: None
[2024-06-05T01:40:41.534+0000] {taskinstance.py:441} INFO - ::group::Post task execution logs
[2024-06-05T01:40:41.552+0000] {taskinstance.py:1206} INFO - Marking task as SUCCESS. dag_id=dados_climaticos_estruturados, task_id=criar_pasta, run_id=scheduled__2024-05-30T13:10:00+00:00, execution_date=20240530T131000, start_date=20240605T014041, end_date=20240605T014041
[2024-06-05T01:40:41.683+0000] {local_task_job_runner.py:240} INFO - Task exited with return code 0
[2024-06-05T01:40:41.751+0000] {taskinstance.py:3498} INFO - 1 downstream tasks scheduled from follow-on schedule check
[2024-06-05T01:40:41.754+0000] {local_task_job_runner.py:222} INFO - ::endgroup::
