[2024-06-05T01:06:18.750+0000] {local_task_job_runner.py:120} INFO - ::group::Pre task execution logs
[2024-06-05T01:06:18.805+0000] {taskinstance.py:2076} INFO - Dependencies all met for dep_context=non-requeueable deps ti=<TaskInstance: dados_climaticos_estruturados.criar_pasta scheduled__2024-05-31T14:15:00+00:00 [queued]>
[2024-06-05T01:06:18.831+0000] {taskinstance.py:2076} INFO - Dependencies all met for dep_context=requeueable deps ti=<TaskInstance: dados_climaticos_estruturados.criar_pasta scheduled__2024-05-31T14:15:00+00:00 [queued]>
[2024-06-05T01:06:18.833+0000] {taskinstance.py:2306} INFO - Starting attempt 1 of 1
[2024-06-05T01:06:18.888+0000] {taskinstance.py:2330} INFO - Executing <Task(PythonOperator): criar_pasta> on 2024-05-31 14:15:00+00:00
[2024-06-05T01:06:18.905+0000] {warnings.py:110} WARNING - /home/***/.local/lib/python3.12/site-packages/***/task/task_runner/standard_task_runner.py:61: DeprecationWarning: This process (pid=4875) is multi-threaded, use of fork() may lead to deadlocks in the child.
  pid = os.fork()

[2024-06-05T01:06:18.909+0000] {standard_task_runner.py:63} INFO - Started process 4903 to run task
[2024-06-05T01:06:18.914+0000] {standard_task_runner.py:90} INFO - Running: ['***', 'tasks', 'run', 'dados_climaticos_estruturados', 'criar_pasta', 'scheduled__2024-05-31T14:15:00+00:00', '--job-id', '1942', '--raw', '--subdir', 'DAGS_FOLDER/weather/custom_dags/dados_climaticos_estruturados.py', '--cfg-path', '/tmp/tmpm4mwcohu']
[2024-06-05T01:06:18.919+0000] {standard_task_runner.py:91} INFO - Job 1942: Subtask criar_pasta
[2024-06-05T01:06:19.043+0000] {task_command.py:426} INFO - Running <TaskInstance: dados_climaticos_estruturados.criar_pasta scheduled__2024-05-31T14:15:00+00:00 [running]> on host 6665b0710315
[2024-06-05T01:06:19.274+0000] {taskinstance.py:2648} INFO - Exporting env vars: AIRFLOW_CTX_DAG_OWNER='***' AIRFLOW_CTX_DAG_ID='dados_climaticos_estruturados' AIRFLOW_CTX_TASK_ID='criar_pasta' AIRFLOW_CTX_EXECUTION_DATE='2024-05-31T14:15:00+00:00' AIRFLOW_CTX_TRY_NUMBER='1' AIRFLOW_CTX_DAG_RUN_ID='scheduled__2024-05-31T14:15:00+00:00'
[2024-06-05T01:06:19.277+0000] {taskinstance.py:430} INFO - ::endgroup::
[2024-06-05T01:06:19.279+0000] {python.py:237} INFO - Done. Returned value was: None
[2024-06-05T01:06:19.280+0000] {taskinstance.py:441} INFO - ::group::Post task execution logs
[2024-06-05T01:06:19.298+0000] {taskinstance.py:1206} INFO - Marking task as SUCCESS. dag_id=dados_climaticos_estruturados, task_id=criar_pasta, run_id=scheduled__2024-05-31T14:15:00+00:00, execution_date=20240531T141500, start_date=20240605T010618, end_date=20240605T010619
[2024-06-05T01:06:19.392+0000] {local_task_job_runner.py:240} INFO - Task exited with return code 0
[2024-06-05T01:06:19.454+0000] {taskinstance.py:3498} INFO - 1 downstream tasks scheduled from follow-on schedule check
[2024-06-05T01:06:19.463+0000] {local_task_job_runner.py:222} INFO - ::endgroup::
[2024-06-05T01:45:32.582+0000] {local_task_job_runner.py:120} INFO - ::group::Pre task execution logs
[2024-06-05T01:45:32.623+0000] {taskinstance.py:2076} INFO - Dependencies all met for dep_context=non-requeueable deps ti=<TaskInstance: dados_climaticos_estruturados.criar_pasta scheduled__2024-05-31T14:15:00+00:00 [queued]>
[2024-06-05T01:45:32.637+0000] {taskinstance.py:2076} INFO - Dependencies all met for dep_context=requeueable deps ti=<TaskInstance: dados_climaticos_estruturados.criar_pasta scheduled__2024-05-31T14:15:00+00:00 [queued]>
[2024-06-05T01:45:32.638+0000] {taskinstance.py:2306} INFO - Starting attempt 1 of 1
[2024-06-05T01:45:32.664+0000] {taskinstance.py:2330} INFO - Executing <Task(PythonOperator): criar_pasta> on 2024-05-31 14:15:00+00:00
[2024-06-05T01:45:32.684+0000] {warnings.py:110} WARNING - /home/***/.local/lib/python3.12/site-packages/***/task/task_runner/standard_task_runner.py:61: DeprecationWarning: This process (pid=4852) is multi-threaded, use of fork() may lead to deadlocks in the child.
  pid = os.fork()

[2024-06-05T01:45:32.691+0000] {standard_task_runner.py:63} INFO - Started process 4887 to run task
[2024-06-05T01:45:32.690+0000] {standard_task_runner.py:90} INFO - Running: ['***', 'tasks', 'run', 'dados_climaticos_estruturados', 'criar_pasta', 'scheduled__2024-05-31T14:15:00+00:00', '--job-id', '1553', '--raw', '--subdir', 'DAGS_FOLDER/weather/custom_dags/dados_climaticos_estruturados.py', '--cfg-path', '/tmp/tmpw_psg6k0']
[2024-06-05T01:45:32.694+0000] {standard_task_runner.py:91} INFO - Job 1553: Subtask criar_pasta
[2024-06-05T01:45:32.785+0000] {task_command.py:426} INFO - Running <TaskInstance: dados_climaticos_estruturados.criar_pasta scheduled__2024-05-31T14:15:00+00:00 [running]> on host 80232deae70a
[2024-06-05T01:45:33.010+0000] {taskinstance.py:2648} INFO - Exporting env vars: AIRFLOW_CTX_DAG_OWNER='***' AIRFLOW_CTX_DAG_ID='dados_climaticos_estruturados' AIRFLOW_CTX_TASK_ID='criar_pasta' AIRFLOW_CTX_EXECUTION_DATE='2024-05-31T14:15:00+00:00' AIRFLOW_CTX_TRY_NUMBER='1' AIRFLOW_CTX_DAG_RUN_ID='scheduled__2024-05-31T14:15:00+00:00'
[2024-06-05T01:45:33.014+0000] {taskinstance.py:430} INFO - ::endgroup::
[2024-06-05T01:45:33.020+0000] {python.py:237} INFO - Done. Returned value was: None
[2024-06-05T01:45:33.021+0000] {taskinstance.py:441} INFO - ::group::Post task execution logs
[2024-06-05T01:45:33.045+0000] {taskinstance.py:1206} INFO - Marking task as SUCCESS. dag_id=dados_climaticos_estruturados, task_id=criar_pasta, run_id=scheduled__2024-05-31T14:15:00+00:00, execution_date=20240531T141500, start_date=20240605T014532, end_date=20240605T014533
[2024-06-05T01:45:33.125+0000] {local_task_job_runner.py:240} INFO - Task exited with return code 0
[2024-06-05T01:45:33.162+0000] {taskinstance.py:3498} INFO - 1 downstream tasks scheduled from follow-on schedule check
[2024-06-05T01:45:33.168+0000] {local_task_job_runner.py:222} INFO - ::endgroup::
