[2024-06-05T01:03:19.627+0000] {local_task_job_runner.py:120} INFO - ::group::Pre task execution logs
[2024-06-05T01:03:19.678+0000] {taskinstance.py:2076} INFO - Dependencies all met for dep_context=non-requeueable deps ti=<TaskInstance: dados_climaticos_estruturados.criar_pasta scheduled__2024-05-31T01:05:00+00:00 [queued]>
[2024-06-05T01:03:19.693+0000] {taskinstance.py:2076} INFO - Dependencies all met for dep_context=requeueable deps ti=<TaskInstance: dados_climaticos_estruturados.criar_pasta scheduled__2024-05-31T01:05:00+00:00 [queued]>
[2024-06-05T01:03:19.695+0000] {taskinstance.py:2306} INFO - Starting attempt 1 of 1
[2024-06-05T01:03:19.751+0000] {taskinstance.py:2330} INFO - Executing <Task(PythonOperator): criar_pasta> on 2024-05-31 01:05:00+00:00
[2024-06-05T01:03:19.766+0000] {warnings.py:110} WARNING - /home/***/.local/lib/python3.12/site-packages/***/task/task_runner/standard_task_runner.py:61: DeprecationWarning: This process (pid=3896) is multi-threaded, use of fork() may lead to deadlocks in the child.
  pid = os.fork()

[2024-06-05T01:03:19.769+0000] {standard_task_runner.py:63} INFO - Started process 3923 to run task
[2024-06-05T01:03:19.770+0000] {standard_task_runner.py:90} INFO - Running: ['***', 'tasks', 'run', 'dados_climaticos_estruturados', 'criar_pasta', 'scheduled__2024-05-31T01:05:00+00:00', '--job-id', '1626', '--raw', '--subdir', 'DAGS_FOLDER/weather/custom_dags/dados_climaticos_estruturados.py', '--cfg-path', '/tmp/tmprr6hxw2f']
[2024-06-05T01:03:19.773+0000] {standard_task_runner.py:91} INFO - Job 1626: Subtask criar_pasta
[2024-06-05T01:03:19.904+0000] {task_command.py:426} INFO - Running <TaskInstance: dados_climaticos_estruturados.criar_pasta scheduled__2024-05-31T01:05:00+00:00 [running]> on host 6665b0710315
[2024-06-05T01:03:20.129+0000] {taskinstance.py:2648} INFO - Exporting env vars: AIRFLOW_CTX_DAG_OWNER='***' AIRFLOW_CTX_DAG_ID='dados_climaticos_estruturados' AIRFLOW_CTX_TASK_ID='criar_pasta' AIRFLOW_CTX_EXECUTION_DATE='2024-05-31T01:05:00+00:00' AIRFLOW_CTX_TRY_NUMBER='1' AIRFLOW_CTX_DAG_RUN_ID='scheduled__2024-05-31T01:05:00+00:00'
[2024-06-05T01:03:20.131+0000] {taskinstance.py:430} INFO - ::endgroup::
[2024-06-05T01:03:20.140+0000] {python.py:237} INFO - Done. Returned value was: None
[2024-06-05T01:03:20.140+0000] {taskinstance.py:441} INFO - ::group::Post task execution logs
[2024-06-05T01:03:20.170+0000] {taskinstance.py:1206} INFO - Marking task as SUCCESS. dag_id=dados_climaticos_estruturados, task_id=criar_pasta, run_id=scheduled__2024-05-31T01:05:00+00:00, execution_date=20240531T010500, start_date=20240605T010319, end_date=20240605T010320
[2024-06-05T01:03:20.268+0000] {local_task_job_runner.py:240} INFO - Task exited with return code 0
[2024-06-05T01:03:20.307+0000] {taskinstance.py:3498} INFO - 0 downstream tasks scheduled from follow-on schedule check
[2024-06-05T01:03:20.312+0000] {local_task_job_runner.py:222} INFO - ::endgroup::
[2024-06-05T01:42:46.680+0000] {local_task_job_runner.py:120} INFO - ::group::Pre task execution logs
[2024-06-05T01:42:46.758+0000] {taskinstance.py:2076} INFO - Dependencies all met for dep_context=non-requeueable deps ti=<TaskInstance: dados_climaticos_estruturados.criar_pasta scheduled__2024-05-31T01:05:00+00:00 [queued]>
[2024-06-05T01:42:46.788+0000] {taskinstance.py:2076} INFO - Dependencies all met for dep_context=requeueable deps ti=<TaskInstance: dados_climaticos_estruturados.criar_pasta scheduled__2024-05-31T01:05:00+00:00 [queued]>
[2024-06-05T01:42:46.792+0000] {taskinstance.py:2306} INFO - Starting attempt 1 of 1
[2024-06-05T01:42:46.859+0000] {taskinstance.py:2330} INFO - Executing <Task(PythonOperator): criar_pasta> on 2024-05-31 01:05:00+00:00
[2024-06-05T01:42:46.889+0000] {warnings.py:110} WARNING - /home/***/.local/lib/python3.12/site-packages/***/task/task_runner/standard_task_runner.py:61: DeprecationWarning: This process (pid=3867) is multi-threaded, use of fork() may lead to deadlocks in the child.
  pid = os.fork()

[2024-06-05T01:42:46.896+0000] {standard_task_runner.py:63} INFO - Started process 3901 to run task
[2024-06-05T01:42:46.894+0000] {standard_task_runner.py:90} INFO - Running: ['***', 'tasks', 'run', 'dados_climaticos_estruturados', 'criar_pasta', 'scheduled__2024-05-31T01:05:00+00:00', '--job-id', '1235', '--raw', '--subdir', 'DAGS_FOLDER/weather/custom_dags/dados_climaticos_estruturados.py', '--cfg-path', '/tmp/tmpv2v_lrsh']
[2024-06-05T01:42:46.900+0000] {standard_task_runner.py:91} INFO - Job 1235: Subtask criar_pasta
[2024-06-05T01:42:47.037+0000] {task_command.py:426} INFO - Running <TaskInstance: dados_climaticos_estruturados.criar_pasta scheduled__2024-05-31T01:05:00+00:00 [running]> on host 80232deae70a
[2024-06-05T01:42:47.425+0000] {taskinstance.py:2648} INFO - Exporting env vars: AIRFLOW_CTX_DAG_OWNER='***' AIRFLOW_CTX_DAG_ID='dados_climaticos_estruturados' AIRFLOW_CTX_TASK_ID='criar_pasta' AIRFLOW_CTX_EXECUTION_DATE='2024-05-31T01:05:00+00:00' AIRFLOW_CTX_TRY_NUMBER='1' AIRFLOW_CTX_DAG_RUN_ID='scheduled__2024-05-31T01:05:00+00:00'
[2024-06-05T01:42:47.429+0000] {taskinstance.py:430} INFO - ::endgroup::
[2024-06-05T01:42:47.431+0000] {python.py:237} INFO - Done. Returned value was: None
[2024-06-05T01:42:47.432+0000] {taskinstance.py:441} INFO - ::group::Post task execution logs
[2024-06-05T01:42:47.450+0000] {taskinstance.py:1206} INFO - Marking task as SUCCESS. dag_id=dados_climaticos_estruturados, task_id=criar_pasta, run_id=scheduled__2024-05-31T01:05:00+00:00, execution_date=20240531T010500, start_date=20240605T014246, end_date=20240605T014247
[2024-06-05T01:42:47.538+0000] {local_task_job_runner.py:240} INFO - Task exited with return code 0
[2024-06-05T01:42:47.636+0000] {taskinstance.py:3498} INFO - 1 downstream tasks scheduled from follow-on schedule check
[2024-06-05T01:42:47.646+0000] {local_task_job_runner.py:222} INFO - ::endgroup::
