[2024-05-29T00:31:30.110+0000] {local_task_job_runner.py:120} INFO - ::group::Pre task execution logs
[2024-05-29T00:31:30.138+0000] {taskinstance.py:2076} INFO - Dependencies all met for dep_context=non-requeueable deps ti=<TaskInstance: dados_climaticos_estruturados.criar_pasta scheduled__2024-05-17T07:40:00+00:00 [queued]>
[2024-05-29T00:31:30.149+0000] {taskinstance.py:2076} INFO - Dependencies all met for dep_context=requeueable deps ti=<TaskInstance: dados_climaticos_estruturados.criar_pasta scheduled__2024-05-17T07:40:00+00:00 [queued]>
[2024-05-29T00:31:30.149+0000] {taskinstance.py:2306} INFO - Starting attempt 1 of 1
[2024-05-29T00:31:30.168+0000] {taskinstance.py:2330} INFO - Executing <Task(PythonOperator): criar_pasta> on 2024-05-17 07:40:00+00:00
[2024-05-29T00:31:30.176+0000] {warnings.py:110} WARNING - /home/***/.local/lib/python3.12/site-packages/***/task/task_runner/standard_task_runner.py:61: DeprecationWarning: This process (pid=306) is multi-threaded, use of fork() may lead to deadlocks in the child.
  pid = os.fork()

[2024-05-29T00:31:30.178+0000] {standard_task_runner.py:63} INFO - Started process 318 to run task
[2024-05-29T00:31:30.179+0000] {standard_task_runner.py:90} INFO - Running: ['***', 'tasks', 'run', 'dados_climaticos_estruturados', 'criar_pasta', 'scheduled__2024-05-17T07:40:00+00:00', '--job-id', '162', '--raw', '--subdir', 'DAGS_FOLDER/weather/custom_dags/dados_climaticos_estruturados.py', '--cfg-path', '/tmp/tmp6lzfbgbh']
[2024-05-29T00:31:30.181+0000] {standard_task_runner.py:91} INFO - Job 162: Subtask criar_pasta
[2024-05-29T00:31:30.240+0000] {task_command.py:426} INFO - Running <TaskInstance: dados_climaticos_estruturados.criar_pasta scheduled__2024-05-17T07:40:00+00:00 [running]> on host 0473b835f7f4
[2024-05-29T00:31:30.406+0000] {taskinstance.py:2648} INFO - Exporting env vars: AIRFLOW_CTX_DAG_OWNER='***' AIRFLOW_CTX_DAG_ID='dados_climaticos_estruturados' AIRFLOW_CTX_TASK_ID='criar_pasta' AIRFLOW_CTX_EXECUTION_DATE='2024-05-17T07:40:00+00:00' AIRFLOW_CTX_TRY_NUMBER='1' AIRFLOW_CTX_DAG_RUN_ID='scheduled__2024-05-17T07:40:00+00:00'
[2024-05-29T00:31:30.408+0000] {taskinstance.py:430} INFO - ::endgroup::
[2024-05-29T00:31:30.409+0000] {taskinstance.py:441} INFO - ::group::Post task execution logs
[2024-05-29T00:31:30.410+0000] {taskinstance.py:2905} ERROR - Task failed with exception
Traceback (most recent call last):
  File "/home/airflow/.local/lib/python3.12/site-packages/airflow/models/taskinstance.py", line 465, in _execute_task
    result = _execute_callable(context=context, **execute_callable_kwargs)
             ^^^^^^^^^^^^^^^^^^^^^^^^^^^^^^^^^^^^^^^^^^^^^^^^^^^^^^^^^^^^^
  File "/home/airflow/.local/lib/python3.12/site-packages/airflow/models/taskinstance.py", line 432, in _execute_callable
    return execute_callable(context=context, **execute_callable_kwargs)
           ^^^^^^^^^^^^^^^^^^^^^^^^^^^^^^^^^^^^^^^^^^^^^^^^^^^^^^^^^^^^
  File "/home/airflow/.local/lib/python3.12/site-packages/airflow/models/baseoperator.py", line 400, in wrapper
    return func(self, *args, **kwargs)
           ^^^^^^^^^^^^^^^^^^^^^^^^^^^
  File "/home/airflow/.local/lib/python3.12/site-packages/airflow/operators/python.py", line 235, in execute
    return_value = self.execute_callable()
                   ^^^^^^^^^^^^^^^^^^^^^^^
  File "/home/airflow/.local/lib/python3.12/site-packages/airflow/operators/python.py", line 252, in execute_callable
    return self.python_callable(*self.op_args, **self.op_kwargs)
           ^^^^^^^^^^^^^^^^^^^^^^^^^^^^^^^^^^^^^^^^^^^^^^^^^^^^^
  File "/opt/airflow/dags/weather/custom_dags/dados_climaticos_estruturados.py", line 18, in pegar_data_e_criar_pasta
    Path(caminho).mkdir(parents=True, exist_ok=True)
    ^^^^
NameError: name 'Path' is not defined
[2024-05-29T00:31:30.423+0000] {taskinstance.py:1206} INFO - Marking task as FAILED. dag_id=dados_climaticos_estruturados, task_id=criar_pasta, run_id=scheduled__2024-05-17T07:40:00+00:00, execution_date=20240517T074000, start_date=20240529T003130, end_date=20240529T003130
[2024-05-29T00:31:30.437+0000] {standard_task_runner.py:110} ERROR - Failed to execute job 162 for task criar_pasta (name 'Path' is not defined; 318)
[2024-05-29T00:31:30.483+0000] {local_task_job_runner.py:240} INFO - Task exited with return code 1
[2024-05-29T00:31:30.510+0000] {taskinstance.py:3498} INFO - 0 downstream tasks scheduled from follow-on schedule check
[2024-05-29T00:31:30.516+0000] {local_task_job_runner.py:222} INFO - ::endgroup::
[2024-05-29T01:43:08.777+0000] {local_task_job_runner.py:120} INFO - ::group::Pre task execution logs
[2024-05-29T01:43:08.808+0000] {taskinstance.py:2076} INFO - Dependencies all met for dep_context=non-requeueable deps ti=<TaskInstance: dados_climaticos_estruturados.criar_pasta scheduled__2024-05-17T07:40:00+00:00 [queued]>
[2024-05-29T01:43:08.820+0000] {taskinstance.py:2076} INFO - Dependencies all met for dep_context=requeueable deps ti=<TaskInstance: dados_climaticos_estruturados.criar_pasta scheduled__2024-05-17T07:40:00+00:00 [queued]>
[2024-05-29T01:43:08.821+0000] {taskinstance.py:2306} INFO - Starting attempt 1 of 1
[2024-05-29T01:43:08.851+0000] {taskinstance.py:2330} INFO - Executing <Task(PythonOperator): criar_pasta> on 2024-05-17 07:40:00+00:00
[2024-05-29T01:43:08.863+0000] {warnings.py:110} WARNING - /home/***/.local/lib/python3.12/site-packages/***/task/task_runner/standard_task_runner.py:61: DeprecationWarning: This process (pid=385) is multi-threaded, use of fork() may lead to deadlocks in the child.
  pid = os.fork()

[2024-05-29T01:43:08.865+0000] {standard_task_runner.py:63} INFO - Started process 402 to run task
[2024-05-29T01:43:08.865+0000] {standard_task_runner.py:90} INFO - Running: ['***', 'tasks', 'run', 'dados_climaticos_estruturados', 'criar_pasta', 'scheduled__2024-05-17T07:40:00+00:00', '--job-id', '250', '--raw', '--subdir', 'DAGS_FOLDER/weather/custom_dags/dados_climaticos_estruturados.py', '--cfg-path', '/tmp/tmpbdabut41']
[2024-05-29T01:43:08.870+0000] {standard_task_runner.py:91} INFO - Job 250: Subtask criar_pasta
[2024-05-29T01:43:08.959+0000] {task_command.py:426} INFO - Running <TaskInstance: dados_climaticos_estruturados.criar_pasta scheduled__2024-05-17T07:40:00+00:00 [running]> on host 6665b0710315
[2024-05-29T01:43:09.170+0000] {taskinstance.py:2648} INFO - Exporting env vars: AIRFLOW_CTX_DAG_OWNER='***' AIRFLOW_CTX_DAG_ID='dados_climaticos_estruturados' AIRFLOW_CTX_TASK_ID='criar_pasta' AIRFLOW_CTX_EXECUTION_DATE='2024-05-17T07:40:00+00:00' AIRFLOW_CTX_TRY_NUMBER='1' AIRFLOW_CTX_DAG_RUN_ID='scheduled__2024-05-17T07:40:00+00:00'
[2024-05-29T01:43:09.176+0000] {taskinstance.py:430} INFO - ::endgroup::
[2024-05-29T01:43:09.180+0000] {python.py:237} INFO - Done. Returned value was: None
[2024-05-29T01:43:09.183+0000] {taskinstance.py:441} INFO - ::group::Post task execution logs
[2024-05-29T01:43:09.213+0000] {taskinstance.py:1206} INFO - Marking task as SUCCESS. dag_id=dados_climaticos_estruturados, task_id=criar_pasta, run_id=scheduled__2024-05-17T07:40:00+00:00, execution_date=20240517T074000, start_date=20240529T014308, end_date=20240529T014309
[2024-05-29T01:43:09.302+0000] {local_task_job_runner.py:240} INFO - Task exited with return code 0
[2024-05-29T01:43:09.385+0000] {taskinstance.py:3498} INFO - 1 downstream tasks scheduled from follow-on schedule check
[2024-05-29T01:43:09.392+0000] {local_task_job_runner.py:222} INFO - ::endgroup::
