[2024-05-25T19:05:34.155+0000] {local_task_job_runner.py:120} INFO - ::group::Pre task execution logs
[2024-05-25T19:05:34.202+0000] {taskinstance.py:2076} INFO - Dependencies all met for dep_context=non-requeueable deps ti=<TaskInstance: dados_climaticos_estruturados.criar_pasta scheduled__2024-05-17T03:30:00+00:00 [queued]>
[2024-05-25T19:05:34.219+0000] {taskinstance.py:2076} INFO - Dependencies all met for dep_context=requeueable deps ti=<TaskInstance: dados_climaticos_estruturados.criar_pasta scheduled__2024-05-17T03:30:00+00:00 [queued]>
[2024-05-25T19:05:34.221+0000] {taskinstance.py:2306} INFO - Starting attempt 1 of 1
[2024-05-25T19:05:34.243+0000] {taskinstance.py:2330} INFO - Executing <Task(PythonOperator): criar_pasta> on 2024-05-17 03:30:00+00:00
[2024-05-25T19:05:34.262+0000] {warnings.py:110} WARNING - /home/***/.local/lib/python3.12/site-packages/***/task/task_runner/standard_task_runner.py:61: DeprecationWarning: This process (pid=294) is multi-threaded, use of fork() may lead to deadlocks in the child.
  pid = os.fork()

[2024-05-25T19:05:34.266+0000] {standard_task_runner.py:63} INFO - Started process 311 to run task
[2024-05-25T19:05:34.269+0000] {standard_task_runner.py:90} INFO - Running: ['***', 'tasks', 'run', 'dados_climaticos_estruturados', 'criar_pasta', 'scheduled__2024-05-17T03:30:00+00:00', '--job-id', '77', '--raw', '--subdir', 'DAGS_FOLDER/weather/custom_dags/dados_climaticos_estruturados.py', '--cfg-path', '/tmp/tmp8_dt_rcv']
[2024-05-25T19:05:34.271+0000] {standard_task_runner.py:91} INFO - Job 77: Subtask criar_pasta
[2024-05-25T19:05:34.416+0000] {task_command.py:426} INFO - Running <TaskInstance: dados_climaticos_estruturados.criar_pasta scheduled__2024-05-17T03:30:00+00:00 [running]> on host 0473b835f7f4
[2024-05-25T19:05:34.671+0000] {taskinstance.py:2648} INFO - Exporting env vars: AIRFLOW_CTX_DAG_OWNER='***' AIRFLOW_CTX_DAG_ID='dados_climaticos_estruturados' AIRFLOW_CTX_TASK_ID='criar_pasta' AIRFLOW_CTX_EXECUTION_DATE='2024-05-17T03:30:00+00:00' AIRFLOW_CTX_TRY_NUMBER='1' AIRFLOW_CTX_DAG_RUN_ID='scheduled__2024-05-17T03:30:00+00:00'
[2024-05-25T19:05:34.674+0000] {taskinstance.py:430} INFO - ::endgroup::
[2024-05-25T19:05:34.678+0000] {taskinstance.py:441} INFO - ::group::Post task execution logs
[2024-05-25T19:05:34.681+0000] {taskinstance.py:2905} ERROR - Task failed with exception
Traceback (most recent call last):
  File "/home/airflow/.local/lib/python3.12/site-packages/airflow/models/taskinstance.py", line 465, in _execute_task
    result = _execute_callable(context=context, **execute_callable_kwargs)
             ^^^^^^^^^^^^^^^^^^^^^^^^^^^^^^^^^^^^^^^^^^^^^^^^^^^^^^^^^^^^^
  File "/home/airflow/.local/lib/python3.12/site-packages/airflow/models/taskinstance.py", line 432, in _execute_callable
    return execute_callable(context=context, **execute_callable_kwargs)
           ^^^^^^^^^^^^^^^^^^^^^^^^^^^^^^^^^^^^^^^^^^^^^^^^^^^^^^^^^^^^
  File "/home/airflow/.local/lib/python3.12/site-packages/airflow/models/baseoperator.py", line 400, in wrapper
    return func(self, *args, **kwargs)
           ^^^^^^^^^^^^^^^^^^^^^^^^^^^
  File "/home/airflow/.local/lib/python3.12/site-packages/airflow/operators/python.py", line 235, in execute
    return_value = self.execute_callable()
                   ^^^^^^^^^^^^^^^^^^^^^^^
  File "/home/airflow/.local/lib/python3.12/site-packages/airflow/operators/python.py", line 252, in execute_callable
    return self.python_callable(*self.op_args, **self.op_kwargs)
           ^^^^^^^^^^^^^^^^^^^^^^^^^^^^^^^^^^^^^^^^^^^^^^^^^^^^^
  File "/opt/airflow/dags/weather/custom_dags/dados_climaticos_estruturados.py", line 18, in pegar_data_e_criar_pasta
    Path(caminho).mkdir(parents=True, exist_ok=True)
    ^^^^
NameError: name 'Path' is not defined
[2024-05-25T19:05:34.709+0000] {taskinstance.py:1206} INFO - Marking task as FAILED. dag_id=dados_climaticos_estruturados, task_id=criar_pasta, run_id=scheduled__2024-05-17T03:30:00+00:00, execution_date=20240517T033000, start_date=20240525T190534, end_date=20240525T190534
[2024-05-25T19:05:34.751+0000] {standard_task_runner.py:110} ERROR - Failed to execute job 77 for task criar_pasta (name 'Path' is not defined; 311)
[2024-05-25T19:05:34.825+0000] {local_task_job_runner.py:240} INFO - Task exited with return code 1
[2024-05-25T19:05:34.858+0000] {local_task_job_runner.py:222} INFO - ::endgroup::
[2024-05-29T01:36:37.280+0000] {local_task_job_runner.py:120} INFO - ::group::Pre task execution logs
[2024-05-29T01:36:37.402+0000] {taskinstance.py:2076} INFO - Dependencies all met for dep_context=non-requeueable deps ti=<TaskInstance: dados_climaticos_estruturados.criar_pasta scheduled__2024-05-17T03:30:00+00:00 [queued]>
[2024-05-29T01:36:37.456+0000] {taskinstance.py:2076} INFO - Dependencies all met for dep_context=requeueable deps ti=<TaskInstance: dados_climaticos_estruturados.criar_pasta scheduled__2024-05-17T03:30:00+00:00 [queued]>
[2024-05-29T01:36:37.461+0000] {taskinstance.py:2306} INFO - Starting attempt 1 of 1
[2024-05-29T01:36:37.549+0000] {taskinstance.py:2330} INFO - Executing <Task(PythonOperator): criar_pasta> on 2024-05-17 03:30:00+00:00
[2024-05-29T01:36:37.575+0000] {warnings.py:110} WARNING - /home/***/.local/lib/python3.12/site-packages/***/task/task_runner/standard_task_runner.py:61: DeprecationWarning: This process (pid=492) is multi-threaded, use of fork() may lead to deadlocks in the child.
  pid = os.fork()

[2024-05-29T01:36:37.582+0000] {standard_task_runner.py:63} INFO - Started process 505 to run task
[2024-05-29T01:36:37.583+0000] {standard_task_runner.py:90} INFO - Running: ['***', 'tasks', 'run', 'dados_climaticos_estruturados', 'criar_pasta', 'scheduled__2024-05-17T03:30:00+00:00', '--job-id', '140', '--raw', '--subdir', 'DAGS_FOLDER/weather/custom_dags/dados_climaticos_estruturados.py', '--cfg-path', '/tmp/tmp0xrby9bd']
[2024-05-29T01:36:37.593+0000] {standard_task_runner.py:91} INFO - Job 140: Subtask criar_pasta
[2024-05-29T01:36:37.833+0000] {task_command.py:426} INFO - Running <TaskInstance: dados_climaticos_estruturados.criar_pasta scheduled__2024-05-17T03:30:00+00:00 [running]> on host dd333ca35f8c
[2024-05-29T01:36:38.216+0000] {taskinstance.py:2648} INFO - Exporting env vars: AIRFLOW_CTX_DAG_OWNER='***' AIRFLOW_CTX_DAG_ID='dados_climaticos_estruturados' AIRFLOW_CTX_TASK_ID='criar_pasta' AIRFLOW_CTX_EXECUTION_DATE='2024-05-17T03:30:00+00:00' AIRFLOW_CTX_TRY_NUMBER='1' AIRFLOW_CTX_DAG_RUN_ID='scheduled__2024-05-17T03:30:00+00:00'
[2024-05-29T01:36:38.221+0000] {taskinstance.py:430} INFO - ::endgroup::
[2024-05-29T01:36:38.225+0000] {python.py:237} INFO - Done. Returned value was: None
[2024-05-29T01:36:38.227+0000] {taskinstance.py:441} INFO - ::group::Post task execution logs
[2024-05-29T01:36:38.259+0000] {taskinstance.py:1206} INFO - Marking task as SUCCESS. dag_id=dados_climaticos_estruturados, task_id=criar_pasta, run_id=scheduled__2024-05-17T03:30:00+00:00, execution_date=20240517T033000, start_date=20240529T013637, end_date=20240529T013638
[2024-05-29T01:36:38.355+0000] {local_task_job_runner.py:240} INFO - Task exited with return code 0
[2024-05-29T01:36:38.428+0000] {taskinstance.py:3498} INFO - 1 downstream tasks scheduled from follow-on schedule check
[2024-05-29T01:36:38.433+0000] {local_task_job_runner.py:222} INFO - ::endgroup::
