[2024-06-05T01:03:52.434+0000] {local_task_job_runner.py:120} INFO - ::group::Pre task execution logs
[2024-06-05T01:03:52.476+0000] {taskinstance.py:2076} INFO - Dependencies all met for dep_context=non-requeueable deps ti=<TaskInstance: dados_climaticos_estruturados.criar_pasta scheduled__2024-05-31T03:30:00+00:00 [queued]>
[2024-06-05T01:03:52.493+0000] {taskinstance.py:2076} INFO - Dependencies all met for dep_context=requeueable deps ti=<TaskInstance: dados_climaticos_estruturados.criar_pasta scheduled__2024-05-31T03:30:00+00:00 [queued]>
[2024-06-05T01:03:52.495+0000] {taskinstance.py:2306} INFO - Starting attempt 1 of 1
[2024-06-05T01:03:52.537+0000] {taskinstance.py:2330} INFO - Executing <Task(PythonOperator): criar_pasta> on 2024-05-31 03:30:00+00:00
[2024-06-05T01:03:52.554+0000] {warnings.py:110} WARNING - /home/***/.local/lib/python3.12/site-packages/***/task/task_runner/standard_task_runner.py:61: DeprecationWarning: This process (pid=4093) is multi-threaded, use of fork() may lead to deadlocks in the child.
  pid = os.fork()

[2024-06-05T01:03:52.561+0000] {standard_task_runner.py:63} INFO - Started process 4112 to run task
[2024-06-05T01:03:52.562+0000] {standard_task_runner.py:90} INFO - Running: ['***', 'tasks', 'run', 'dados_climaticos_estruturados', 'criar_pasta', 'scheduled__2024-05-31T03:30:00+00:00', '--job-id', '1688', '--raw', '--subdir', 'DAGS_FOLDER/weather/custom_dags/dados_climaticos_estruturados.py', '--cfg-path', '/tmp/tmpwtaq24i9']
[2024-06-05T01:03:52.568+0000] {standard_task_runner.py:91} INFO - Job 1688: Subtask criar_pasta
[2024-06-05T01:03:52.687+0000] {task_command.py:426} INFO - Running <TaskInstance: dados_climaticos_estruturados.criar_pasta scheduled__2024-05-31T03:30:00+00:00 [running]> on host 6665b0710315
[2024-06-05T01:03:52.907+0000] {taskinstance.py:2648} INFO - Exporting env vars: AIRFLOW_CTX_DAG_OWNER='***' AIRFLOW_CTX_DAG_ID='dados_climaticos_estruturados' AIRFLOW_CTX_TASK_ID='criar_pasta' AIRFLOW_CTX_EXECUTION_DATE='2024-05-31T03:30:00+00:00' AIRFLOW_CTX_TRY_NUMBER='1' AIRFLOW_CTX_DAG_RUN_ID='scheduled__2024-05-31T03:30:00+00:00'
[2024-06-05T01:03:52.909+0000] {taskinstance.py:430} INFO - ::endgroup::
[2024-06-05T01:03:52.910+0000] {python.py:237} INFO - Done. Returned value was: None
[2024-06-05T01:03:52.911+0000] {taskinstance.py:441} INFO - ::group::Post task execution logs
[2024-06-05T01:03:52.933+0000] {taskinstance.py:1206} INFO - Marking task as SUCCESS. dag_id=dados_climaticos_estruturados, task_id=criar_pasta, run_id=scheduled__2024-05-31T03:30:00+00:00, execution_date=20240531T033000, start_date=20240605T010352, end_date=20240605T010352
[2024-06-05T01:03:53.005+0000] {local_task_job_runner.py:240} INFO - Task exited with return code 0
[2024-06-05T01:03:53.101+0000] {taskinstance.py:3498} INFO - 1 downstream tasks scheduled from follow-on schedule check
[2024-06-05T01:03:53.108+0000] {local_task_job_runner.py:222} INFO - ::endgroup::
[2024-06-05T01:43:17.673+0000] {local_task_job_runner.py:120} INFO - ::group::Pre task execution logs
[2024-06-05T01:43:17.748+0000] {taskinstance.py:2076} INFO - Dependencies all met for dep_context=non-requeueable deps ti=<TaskInstance: dados_climaticos_estruturados.criar_pasta scheduled__2024-05-31T03:30:00+00:00 [queued]>
[2024-06-05T01:43:17.765+0000] {taskinstance.py:2076} INFO - Dependencies all met for dep_context=requeueable deps ti=<TaskInstance: dados_climaticos_estruturados.criar_pasta scheduled__2024-05-31T03:30:00+00:00 [queued]>
[2024-06-05T01:43:17.768+0000] {taskinstance.py:2306} INFO - Starting attempt 1 of 1
[2024-06-05T01:43:17.819+0000] {taskinstance.py:2330} INFO - Executing <Task(PythonOperator): criar_pasta> on 2024-05-31 03:30:00+00:00
[2024-06-05T01:43:17.837+0000] {warnings.py:110} WARNING - /home/***/.local/lib/python3.12/site-packages/***/task/task_runner/standard_task_runner.py:61: DeprecationWarning: This process (pid=4059) is multi-threaded, use of fork() may lead to deadlocks in the child.
  pid = os.fork()

[2024-06-05T01:43:17.848+0000] {standard_task_runner.py:63} INFO - Started process 4087 to run task
[2024-06-05T01:43:17.845+0000] {standard_task_runner.py:90} INFO - Running: ['***', 'tasks', 'run', 'dados_climaticos_estruturados', 'criar_pasta', 'scheduled__2024-05-31T03:30:00+00:00', '--job-id', '1296', '--raw', '--subdir', 'DAGS_FOLDER/weather/custom_dags/dados_climaticos_estruturados.py', '--cfg-path', '/tmp/tmpmj425_5x']
[2024-06-05T01:43:17.852+0000] {standard_task_runner.py:91} INFO - Job 1296: Subtask criar_pasta
[2024-06-05T01:43:17.985+0000] {task_command.py:426} INFO - Running <TaskInstance: dados_climaticos_estruturados.criar_pasta scheduled__2024-05-31T03:30:00+00:00 [running]> on host 80232deae70a
[2024-06-05T01:43:18.187+0000] {taskinstance.py:2648} INFO - Exporting env vars: AIRFLOW_CTX_DAG_OWNER='***' AIRFLOW_CTX_DAG_ID='dados_climaticos_estruturados' AIRFLOW_CTX_TASK_ID='criar_pasta' AIRFLOW_CTX_EXECUTION_DATE='2024-05-31T03:30:00+00:00' AIRFLOW_CTX_TRY_NUMBER='1' AIRFLOW_CTX_DAG_RUN_ID='scheduled__2024-05-31T03:30:00+00:00'
[2024-06-05T01:43:18.193+0000] {taskinstance.py:430} INFO - ::endgroup::
[2024-06-05T01:43:18.199+0000] {python.py:237} INFO - Done. Returned value was: None
[2024-06-05T01:43:18.200+0000] {taskinstance.py:441} INFO - ::group::Post task execution logs
[2024-06-05T01:43:18.230+0000] {taskinstance.py:1206} INFO - Marking task as SUCCESS. dag_id=dados_climaticos_estruturados, task_id=criar_pasta, run_id=scheduled__2024-05-31T03:30:00+00:00, execution_date=20240531T033000, start_date=20240605T014317, end_date=20240605T014318
[2024-06-05T01:43:18.337+0000] {local_task_job_runner.py:240} INFO - Task exited with return code 0
[2024-06-05T01:43:18.396+0000] {taskinstance.py:3498} INFO - 1 downstream tasks scheduled from follow-on schedule check
[2024-06-05T01:43:18.400+0000] {local_task_job_runner.py:222} INFO - ::endgroup::
