[2024-06-17T23:32:12.921+0000] {local_task_job_runner.py:120} INFO - ::group::Pre task execution logs
[2024-06-17T23:32:12.976+0000] {taskinstance.py:2076} INFO - Dependencies all met for dep_context=non-requeueable deps ti=<TaskInstance: dados_climaticos_estruturados.criar_pasta scheduled__2024-06-17T23:25:00+00:00 [queued]>
[2024-06-17T23:32:12.995+0000] {taskinstance.py:2076} INFO - Dependencies all met for dep_context=requeueable deps ti=<TaskInstance: dados_climaticos_estruturados.criar_pasta scheduled__2024-06-17T23:25:00+00:00 [queued]>
[2024-06-17T23:32:12.999+0000] {taskinstance.py:2306} INFO - Starting attempt 1 of 1
[2024-06-17T23:32:13.029+0000] {taskinstance.py:2330} INFO - Executing <Task(PythonOperator): criar_pasta> on 2024-06-17 23:25:00+00:00
[2024-06-17T23:32:13.043+0000] {warnings.py:110} WARNING - /home/***/.local/lib/python3.12/site-packages/***/task/task_runner/standard_task_runner.py:61: DeprecationWarning: This process (pid=853) is multi-threaded, use of fork() may lead to deadlocks in the child.
  pid = os.fork()

[2024-06-17T23:32:13.047+0000] {standard_task_runner.py:63} INFO - Started process 870 to run task
[2024-06-17T23:32:13.047+0000] {standard_task_runner.py:90} INFO - Running: ['***', 'tasks', 'run', 'dados_climaticos_estruturados', 'criar_pasta', 'scheduled__2024-06-17T23:25:00+00:00', '--job-id', '2045', '--raw', '--subdir', 'DAGS_FOLDER/weather/custom_dags/dados_climaticos_estruturados.py', '--cfg-path', '/tmp/tmpi1ybe398']
[2024-06-17T23:32:13.052+0000] {standard_task_runner.py:91} INFO - Job 2045: Subtask criar_pasta
[2024-06-17T23:32:13.130+0000] {task_command.py:426} INFO - Running <TaskInstance: dados_climaticos_estruturados.criar_pasta scheduled__2024-06-17T23:25:00+00:00 [running]> on host 80232deae70a
[2024-06-17T23:32:13.282+0000] {taskinstance.py:2648} INFO - Exporting env vars: AIRFLOW_CTX_DAG_OWNER='***' AIRFLOW_CTX_DAG_ID='dados_climaticos_estruturados' AIRFLOW_CTX_TASK_ID='criar_pasta' AIRFLOW_CTX_EXECUTION_DATE='2024-06-17T23:25:00+00:00' AIRFLOW_CTX_TRY_NUMBER='1' AIRFLOW_CTX_DAG_RUN_ID='scheduled__2024-06-17T23:25:00+00:00'
[2024-06-17T23:32:13.285+0000] {taskinstance.py:430} INFO - ::endgroup::
[2024-06-17T23:32:13.287+0000] {python.py:237} INFO - Done. Returned value was: None
[2024-06-17T23:32:13.287+0000] {taskinstance.py:441} INFO - ::group::Post task execution logs
[2024-06-17T23:32:13.302+0000] {taskinstance.py:1206} INFO - Marking task as SUCCESS. dag_id=dados_climaticos_estruturados, task_id=criar_pasta, run_id=scheduled__2024-06-17T23:25:00+00:00, execution_date=20240617T232500, start_date=20240617T233212, end_date=20240617T233213
[2024-06-17T23:32:13.354+0000] {local_task_job_runner.py:240} INFO - Task exited with return code 0
[2024-06-17T23:32:13.390+0000] {taskinstance.py:3498} INFO - 1 downstream tasks scheduled from follow-on schedule check
[2024-06-17T23:32:13.392+0000] {local_task_job_runner.py:222} INFO - ::endgroup::
[2024-06-17T23:35:50.289+0000] {local_task_job_runner.py:120} INFO - ::group::Pre task execution logs
[2024-06-17T23:35:50.312+0000] {taskinstance.py:2076} INFO - Dependencies all met for dep_context=non-requeueable deps ti=<TaskInstance: dados_climaticos_estruturados.criar_pasta scheduled__2024-06-17T23:25:00+00:00 [queued]>
[2024-06-17T23:35:50.320+0000] {taskinstance.py:2076} INFO - Dependencies all met for dep_context=requeueable deps ti=<TaskInstance: dados_climaticos_estruturados.criar_pasta scheduled__2024-06-17T23:25:00+00:00 [queued]>
[2024-06-17T23:35:50.321+0000] {taskinstance.py:2306} INFO - Starting attempt 1 of 1
[2024-06-17T23:35:50.336+0000] {taskinstance.py:2330} INFO - Executing <Task(PythonOperator): criar_pasta> on 2024-06-17 23:25:00+00:00
[2024-06-17T23:35:50.347+0000] {warnings.py:110} WARNING - /home/***/.local/lib/python3.12/site-packages/***/task/task_runner/standard_task_runner.py:61: DeprecationWarning: This process (pid=918) is multi-threaded, use of fork() may lead to deadlocks in the child.
  pid = os.fork()

[2024-06-17T23:35:50.350+0000] {standard_task_runner.py:63} INFO - Started process 922 to run task
[2024-06-17T23:35:50.350+0000] {standard_task_runner.py:90} INFO - Running: ['***', 'tasks', 'run', 'dados_climaticos_estruturados', 'criar_pasta', 'scheduled__2024-06-17T23:25:00+00:00', '--job-id', '2046', '--raw', '--subdir', 'DAGS_FOLDER/weather/custom_dags/dados_climaticos_estruturados.py', '--cfg-path', '/tmp/tmp9xnzmtq1']
[2024-06-17T23:35:50.352+0000] {standard_task_runner.py:91} INFO - Job 2046: Subtask criar_pasta
[2024-06-17T23:35:50.422+0000] {task_command.py:426} INFO - Running <TaskInstance: dados_climaticos_estruturados.criar_pasta scheduled__2024-06-17T23:25:00+00:00 [running]> on host 80232deae70a
[2024-06-17T23:35:50.528+0000] {taskinstance.py:2648} INFO - Exporting env vars: AIRFLOW_CTX_DAG_OWNER='***' AIRFLOW_CTX_DAG_ID='dados_climaticos_estruturados' AIRFLOW_CTX_TASK_ID='criar_pasta' AIRFLOW_CTX_EXECUTION_DATE='2024-06-17T23:25:00+00:00' AIRFLOW_CTX_TRY_NUMBER='1' AIRFLOW_CTX_DAG_RUN_ID='scheduled__2024-06-17T23:25:00+00:00'
[2024-06-17T23:35:50.529+0000] {taskinstance.py:430} INFO - ::endgroup::
[2024-06-17T23:35:50.531+0000] {python.py:237} INFO - Done. Returned value was: None
[2024-06-17T23:35:50.531+0000] {taskinstance.py:441} INFO - ::group::Post task execution logs
[2024-06-17T23:35:50.542+0000] {taskinstance.py:1206} INFO - Marking task as SUCCESS. dag_id=dados_climaticos_estruturados, task_id=criar_pasta, run_id=scheduled__2024-06-17T23:25:00+00:00, execution_date=20240617T232500, start_date=20240617T233550, end_date=20240617T233550
[2024-06-17T23:35:50.572+0000] {local_task_job_runner.py:240} INFO - Task exited with return code 0
[2024-06-17T23:35:50.597+0000] {taskinstance.py:3498} INFO - 1 downstream tasks scheduled from follow-on schedule check
[2024-06-17T23:35:50.599+0000] {local_task_job_runner.py:222} INFO - ::endgroup::
[2024-06-17T23:39:25.418+0000] {local_task_job_runner.py:120} INFO - ::group::Pre task execution logs
[2024-06-17T23:39:25.449+0000] {taskinstance.py:2076} INFO - Dependencies all met for dep_context=non-requeueable deps ti=<TaskInstance: dados_climaticos_estruturados.criar_pasta scheduled__2024-06-17T23:25:00+00:00 [queued]>
[2024-06-17T23:39:25.460+0000] {taskinstance.py:2076} INFO - Dependencies all met for dep_context=requeueable deps ti=<TaskInstance: dados_climaticos_estruturados.criar_pasta scheduled__2024-06-17T23:25:00+00:00 [queued]>
[2024-06-17T23:39:25.461+0000] {taskinstance.py:2306} INFO - Starting attempt 1 of 1
[2024-06-17T23:39:25.526+0000] {taskinstance.py:2330} INFO - Executing <Task(PythonOperator): criar_pasta> on 2024-06-17 23:25:00+00:00
[2024-06-17T23:39:25.535+0000] {warnings.py:110} WARNING - /home/***/.local/lib/python3.12/site-packages/***/task/task_runner/standard_task_runner.py:61: DeprecationWarning: This process (pid=61) is multi-threaded, use of fork() may lead to deadlocks in the child.
  pid = os.fork()

[2024-06-17T23:39:25.537+0000] {standard_task_runner.py:63} INFO - Started process 66 to run task
[2024-06-17T23:39:25.538+0000] {standard_task_runner.py:90} INFO - Running: ['***', 'tasks', 'run', 'dados_climaticos_estruturados', 'criar_pasta', 'scheduled__2024-06-17T23:25:00+00:00', '--job-id', '2054', '--raw', '--subdir', 'DAGS_FOLDER/weather/custom_dags/dados_climaticos_estruturados.py', '--cfg-path', '/tmp/tmp18bm5w8x']
[2024-06-17T23:39:25.540+0000] {standard_task_runner.py:91} INFO - Job 2054: Subtask criar_pasta
[2024-06-17T23:39:25.607+0000] {task_command.py:426} INFO - Running <TaskInstance: dados_climaticos_estruturados.criar_pasta scheduled__2024-06-17T23:25:00+00:00 [running]> on host 350a9091aaab
[2024-06-17T23:39:25.732+0000] {taskinstance.py:2648} INFO - Exporting env vars: AIRFLOW_CTX_DAG_OWNER='***' AIRFLOW_CTX_DAG_ID='dados_climaticos_estruturados' AIRFLOW_CTX_TASK_ID='criar_pasta' AIRFLOW_CTX_EXECUTION_DATE='2024-06-17T23:25:00+00:00' AIRFLOW_CTX_TRY_NUMBER='1' AIRFLOW_CTX_DAG_RUN_ID='scheduled__2024-06-17T23:25:00+00:00'
[2024-06-17T23:39:25.735+0000] {taskinstance.py:430} INFO - ::endgroup::
[2024-06-17T23:39:25.737+0000] {python.py:237} INFO - Done. Returned value was: None
[2024-06-17T23:39:25.738+0000] {taskinstance.py:441} INFO - ::group::Post task execution logs
[2024-06-17T23:39:25.751+0000] {taskinstance.py:1206} INFO - Marking task as SUCCESS. dag_id=dados_climaticos_estruturados, task_id=criar_pasta, run_id=scheduled__2024-06-17T23:25:00+00:00, execution_date=20240617T232500, start_date=20240617T233925, end_date=20240617T233925
[2024-06-17T23:39:25.800+0000] {local_task_job_runner.py:240} INFO - Task exited with return code 0
[2024-06-17T23:39:25.828+0000] {taskinstance.py:3498} INFO - 0 downstream tasks scheduled from follow-on schedule check
[2024-06-17T23:39:25.831+0000] {local_task_job_runner.py:222} INFO - ::endgroup::
