[2024-06-05T01:03:19.939+0000] {local_task_job_runner.py:120} INFO - ::group::Pre task execution logs
[2024-06-05T01:03:20.003+0000] {taskinstance.py:2076} INFO - Dependencies all met for dep_context=non-requeueable deps ti=<TaskInstance: dados_climaticos_estruturados.criar_pasta scheduled__2024-05-31T01:10:00+00:00 [queued]>
[2024-06-05T01:03:20.017+0000] {taskinstance.py:2076} INFO - Dependencies all met for dep_context=requeueable deps ti=<TaskInstance: dados_climaticos_estruturados.criar_pasta scheduled__2024-05-31T01:10:00+00:00 [queued]>
[2024-06-05T01:03:20.018+0000] {taskinstance.py:2306} INFO - Starting attempt 1 of 1
[2024-06-05T01:03:20.048+0000] {taskinstance.py:2330} INFO - Executing <Task(PythonOperator): criar_pasta> on 2024-05-31 01:10:00+00:00
[2024-06-05T01:03:20.061+0000] {warnings.py:110} WARNING - /home/***/.local/lib/python3.12/site-packages/***/task/task_runner/standard_task_runner.py:61: DeprecationWarning: This process (pid=3898) is multi-threaded, use of fork() may lead to deadlocks in the child.
  pid = os.fork()

[2024-06-05T01:03:20.065+0000] {standard_task_runner.py:63} INFO - Started process 3929 to run task
[2024-06-05T01:03:20.089+0000] {standard_task_runner.py:90} INFO - Running: ['***', 'tasks', 'run', 'dados_climaticos_estruturados', 'criar_pasta', 'scheduled__2024-05-31T01:10:00+00:00', '--job-id', '1627', '--raw', '--subdir', 'DAGS_FOLDER/weather/custom_dags/dados_climaticos_estruturados.py', '--cfg-path', '/tmp/tmpuq0c68yq']
[2024-06-05T01:03:20.092+0000] {standard_task_runner.py:91} INFO - Job 1627: Subtask criar_pasta
[2024-06-05T01:03:20.240+0000] {task_command.py:426} INFO - Running <TaskInstance: dados_climaticos_estruturados.criar_pasta scheduled__2024-05-31T01:10:00+00:00 [running]> on host 6665b0710315
[2024-06-05T01:03:20.510+0000] {taskinstance.py:2648} INFO - Exporting env vars: AIRFLOW_CTX_DAG_OWNER='***' AIRFLOW_CTX_DAG_ID='dados_climaticos_estruturados' AIRFLOW_CTX_TASK_ID='criar_pasta' AIRFLOW_CTX_EXECUTION_DATE='2024-05-31T01:10:00+00:00' AIRFLOW_CTX_TRY_NUMBER='1' AIRFLOW_CTX_DAG_RUN_ID='scheduled__2024-05-31T01:10:00+00:00'
[2024-06-05T01:03:20.513+0000] {taskinstance.py:430} INFO - ::endgroup::
[2024-06-05T01:03:20.524+0000] {python.py:237} INFO - Done. Returned value was: None
[2024-06-05T01:03:20.525+0000] {taskinstance.py:441} INFO - ::group::Post task execution logs
[2024-06-05T01:03:20.557+0000] {taskinstance.py:1206} INFO - Marking task as SUCCESS. dag_id=dados_climaticos_estruturados, task_id=criar_pasta, run_id=scheduled__2024-05-31T01:10:00+00:00, execution_date=20240531T011000, start_date=20240605T010320, end_date=20240605T010320
[2024-06-05T01:03:20.643+0000] {local_task_job_runner.py:240} INFO - Task exited with return code 0
[2024-06-05T01:03:20.740+0000] {taskinstance.py:3498} INFO - 1 downstream tasks scheduled from follow-on schedule check
[2024-06-05T01:03:20.750+0000] {local_task_job_runner.py:222} INFO - ::endgroup::
[2024-06-05T01:42:47.354+0000] {local_task_job_runner.py:120} INFO - ::group::Pre task execution logs
[2024-06-05T01:42:47.426+0000] {taskinstance.py:2076} INFO - Dependencies all met for dep_context=non-requeueable deps ti=<TaskInstance: dados_climaticos_estruturados.criar_pasta scheduled__2024-05-31T01:10:00+00:00 [queued]>
[2024-06-05T01:42:47.466+0000] {taskinstance.py:2076} INFO - Dependencies all met for dep_context=requeueable deps ti=<TaskInstance: dados_climaticos_estruturados.criar_pasta scheduled__2024-05-31T01:10:00+00:00 [queued]>
[2024-06-05T01:42:47.469+0000] {taskinstance.py:2306} INFO - Starting attempt 1 of 1
[2024-06-05T01:42:47.532+0000] {taskinstance.py:2330} INFO - Executing <Task(PythonOperator): criar_pasta> on 2024-05-31 01:10:00+00:00
[2024-06-05T01:42:47.575+0000] {standard_task_runner.py:90} INFO - Running: ['***', 'tasks', 'run', 'dados_climaticos_estruturados', 'criar_pasta', 'scheduled__2024-05-31T01:10:00+00:00', '--job-id', '1236', '--raw', '--subdir', 'DAGS_FOLDER/weather/custom_dags/dados_climaticos_estruturados.py', '--cfg-path', '/tmp/tmpffrgko7l']
[2024-06-05T01:42:47.581+0000] {standard_task_runner.py:91} INFO - Job 1236: Subtask criar_pasta
[2024-06-05T01:42:47.579+0000] {warnings.py:110} WARNING - /home/***/.local/lib/python3.12/site-packages/***/task/task_runner/standard_task_runner.py:61: DeprecationWarning: This process (pid=3872) is multi-threaded, use of fork() may lead to deadlocks in the child.
  pid = os.fork()

[2024-06-05T01:42:47.595+0000] {standard_task_runner.py:63} INFO - Started process 3905 to run task
[2024-06-05T01:42:47.817+0000] {task_command.py:426} INFO - Running <TaskInstance: dados_climaticos_estruturados.criar_pasta scheduled__2024-05-31T01:10:00+00:00 [running]> on host 80232deae70a
[2024-06-05T01:42:48.117+0000] {taskinstance.py:2648} INFO - Exporting env vars: AIRFLOW_CTX_DAG_OWNER='***' AIRFLOW_CTX_DAG_ID='dados_climaticos_estruturados' AIRFLOW_CTX_TASK_ID='criar_pasta' AIRFLOW_CTX_EXECUTION_DATE='2024-05-31T01:10:00+00:00' AIRFLOW_CTX_TRY_NUMBER='1' AIRFLOW_CTX_DAG_RUN_ID='scheduled__2024-05-31T01:10:00+00:00'
[2024-06-05T01:42:48.129+0000] {taskinstance.py:430} INFO - ::endgroup::
[2024-06-05T01:42:48.148+0000] {python.py:237} INFO - Done. Returned value was: None
[2024-06-05T01:42:48.163+0000] {taskinstance.py:441} INFO - ::group::Post task execution logs
[2024-06-05T01:42:48.188+0000] {taskinstance.py:1206} INFO - Marking task as SUCCESS. dag_id=dados_climaticos_estruturados, task_id=criar_pasta, run_id=scheduled__2024-05-31T01:10:00+00:00, execution_date=20240531T011000, start_date=20240605T014247, end_date=20240605T014248
[2024-06-05T01:42:48.282+0000] {local_task_job_runner.py:240} INFO - Task exited with return code 0
[2024-06-05T01:42:48.323+0000] {taskinstance.py:3498} INFO - 1 downstream tasks scheduled from follow-on schedule check
[2024-06-05T01:42:48.327+0000] {local_task_job_runner.py:222} INFO - ::endgroup::
