[2024-05-25T19:04:47.711+0000] {local_task_job_runner.py:120} INFO - ::group::Pre task execution logs
[2024-05-25T19:04:47.752+0000] {taskinstance.py:2076} INFO - Dependencies all met for dep_context=non-requeueable deps ti=<TaskInstance: dados_climaticos_estruturados.criar_pasta scheduled__2024-05-16T21:30:00+00:00 [queued]>
[2024-05-25T19:04:47.769+0000] {taskinstance.py:2076} INFO - Dependencies all met for dep_context=requeueable deps ti=<TaskInstance: dados_climaticos_estruturados.criar_pasta scheduled__2024-05-16T21:30:00+00:00 [queued]>
[2024-05-25T19:04:47.770+0000] {taskinstance.py:2306} INFO - Starting attempt 1 of 1
[2024-05-25T19:04:47.917+0000] {taskinstance.py:2330} INFO - Executing <Task(PythonOperator): criar_pasta> on 2024-05-16 21:30:00+00:00
[2024-05-25T19:04:47.941+0000] {warnings.py:110} WARNING - /home/***/.local/lib/python3.12/site-packages/***/task/task_runner/standard_task_runner.py:61: DeprecationWarning: This process (pid=70) is multi-threaded, use of fork() may lead to deadlocks in the child.
  pid = os.fork()

[2024-05-25T19:04:47.946+0000] {standard_task_runner.py:63} INFO - Started process 102 to run task
[2024-05-25T19:04:47.945+0000] {standard_task_runner.py:90} INFO - Running: ['***', 'tasks', 'run', 'dados_climaticos_estruturados', 'criar_pasta', 'scheduled__2024-05-16T21:30:00+00:00', '--job-id', '7', '--raw', '--subdir', 'DAGS_FOLDER/weather/custom_dags/dados_climaticos_estruturados.py', '--cfg-path', '/tmp/tmp8b7k30nt']
[2024-05-25T19:04:47.953+0000] {standard_task_runner.py:91} INFO - Job 7: Subtask criar_pasta
[2024-05-25T19:04:48.172+0000] {task_command.py:426} INFO - Running <TaskInstance: dados_climaticos_estruturados.criar_pasta scheduled__2024-05-16T21:30:00+00:00 [running]> on host 0473b835f7f4
[2024-05-25T19:04:48.655+0000] {taskinstance.py:2648} INFO - Exporting env vars: AIRFLOW_CTX_DAG_OWNER='***' AIRFLOW_CTX_DAG_ID='dados_climaticos_estruturados' AIRFLOW_CTX_TASK_ID='criar_pasta' AIRFLOW_CTX_EXECUTION_DATE='2024-05-16T21:30:00+00:00' AIRFLOW_CTX_TRY_NUMBER='1' AIRFLOW_CTX_DAG_RUN_ID='scheduled__2024-05-16T21:30:00+00:00'
[2024-05-25T19:04:48.660+0000] {taskinstance.py:430} INFO - ::endgroup::
[2024-05-25T19:04:48.663+0000] {taskinstance.py:441} INFO - ::group::Post task execution logs
[2024-05-25T19:04:48.664+0000] {taskinstance.py:2905} ERROR - Task failed with exception
Traceback (most recent call last):
  File "/home/airflow/.local/lib/python3.12/site-packages/airflow/models/taskinstance.py", line 465, in _execute_task
    result = _execute_callable(context=context, **execute_callable_kwargs)
             ^^^^^^^^^^^^^^^^^^^^^^^^^^^^^^^^^^^^^^^^^^^^^^^^^^^^^^^^^^^^^
  File "/home/airflow/.local/lib/python3.12/site-packages/airflow/models/taskinstance.py", line 432, in _execute_callable
    return execute_callable(context=context, **execute_callable_kwargs)
           ^^^^^^^^^^^^^^^^^^^^^^^^^^^^^^^^^^^^^^^^^^^^^^^^^^^^^^^^^^^^
  File "/home/airflow/.local/lib/python3.12/site-packages/airflow/models/baseoperator.py", line 400, in wrapper
    return func(self, *args, **kwargs)
           ^^^^^^^^^^^^^^^^^^^^^^^^^^^
  File "/home/airflow/.local/lib/python3.12/site-packages/airflow/operators/python.py", line 235, in execute
    return_value = self.execute_callable()
                   ^^^^^^^^^^^^^^^^^^^^^^^
  File "/home/airflow/.local/lib/python3.12/site-packages/airflow/operators/python.py", line 252, in execute_callable
    return self.python_callable(*self.op_args, **self.op_kwargs)
           ^^^^^^^^^^^^^^^^^^^^^^^^^^^^^^^^^^^^^^^^^^^^^^^^^^^^^
  File "/opt/airflow/dags/weather/custom_dags/dados_climaticos_estruturados.py", line 18, in pegar_data_e_criar_pasta
    Path(caminho).mkdir(parents=True, exist_ok=True)
    ^^^^
NameError: name 'Path' is not defined
[2024-05-25T19:04:48.699+0000] {taskinstance.py:1206} INFO - Marking task as FAILED. dag_id=dados_climaticos_estruturados, task_id=criar_pasta, run_id=scheduled__2024-05-16T21:30:00+00:00, execution_date=20240516T213000, start_date=20240525T190447, end_date=20240525T190448
[2024-05-25T19:04:48.749+0000] {standard_task_runner.py:110} ERROR - Failed to execute job 7 for task criar_pasta (name 'Path' is not defined; 102)
[2024-05-25T19:04:48.835+0000] {local_task_job_runner.py:240} INFO - Task exited with return code 1
[2024-05-25T19:04:48.856+0000] {local_task_job_runner.py:222} INFO - ::endgroup::
[2024-05-29T01:34:40.830+0000] {local_task_job_runner.py:120} INFO - ::group::Pre task execution logs
[2024-05-29T01:34:40.888+0000] {taskinstance.py:2076} INFO - Dependencies all met for dep_context=non-requeueable deps ti=<TaskInstance: dados_climaticos_estruturados.criar_pasta scheduled__2024-05-16T21:30:00+00:00 [queued]>
[2024-05-29T01:34:40.908+0000] {taskinstance.py:2076} INFO - Dependencies all met for dep_context=requeueable deps ti=<TaskInstance: dados_climaticos_estruturados.criar_pasta scheduled__2024-05-16T21:30:00+00:00 [queued]>
[2024-05-29T01:34:40.912+0000] {taskinstance.py:2306} INFO - Starting attempt 1 of 1
[2024-05-29T01:34:40.949+0000] {taskinstance.py:2330} INFO - Executing <Task(PythonOperator): criar_pasta> on 2024-05-16 21:30:00+00:00
[2024-05-29T01:34:40.967+0000] {warnings.py:110} WARNING - /home/***/.local/lib/python3.12/site-packages/***/task/task_runner/standard_task_runner.py:61: DeprecationWarning: This process (pid=69) is multi-threaded, use of fork() may lead to deadlocks in the child.
  pid = os.fork()

[2024-05-29T01:34:40.976+0000] {standard_task_runner.py:90} INFO - Running: ['***', 'tasks', 'run', 'dados_climaticos_estruturados', 'criar_pasta', 'scheduled__2024-05-16T21:30:00+00:00', '--job-id', '4', '--raw', '--subdir', 'DAGS_FOLDER/weather/custom_dags/dados_climaticos_estruturados.py', '--cfg-path', '/tmp/tmpze2ad8n3']
[2024-05-29T01:34:40.979+0000] {standard_task_runner.py:91} INFO - Job 4: Subtask criar_pasta
[2024-05-29T01:34:40.977+0000] {standard_task_runner.py:63} INFO - Started process 88 to run task
[2024-05-29T01:34:41.193+0000] {task_command.py:426} INFO - Running <TaskInstance: dados_climaticos_estruturados.criar_pasta scheduled__2024-05-16T21:30:00+00:00 [running]> on host dd333ca35f8c
[2024-05-29T01:34:41.451+0000] {taskinstance.py:2648} INFO - Exporting env vars: AIRFLOW_CTX_DAG_OWNER='***' AIRFLOW_CTX_DAG_ID='dados_climaticos_estruturados' AIRFLOW_CTX_TASK_ID='criar_pasta' AIRFLOW_CTX_EXECUTION_DATE='2024-05-16T21:30:00+00:00' AIRFLOW_CTX_TRY_NUMBER='1' AIRFLOW_CTX_DAG_RUN_ID='scheduled__2024-05-16T21:30:00+00:00'
[2024-05-29T01:34:41.456+0000] {taskinstance.py:430} INFO - ::endgroup::
[2024-05-29T01:34:41.462+0000] {python.py:237} INFO - Done. Returned value was: None
[2024-05-29T01:34:41.466+0000] {taskinstance.py:441} INFO - ::group::Post task execution logs
[2024-05-29T01:34:41.504+0000] {taskinstance.py:1206} INFO - Marking task as SUCCESS. dag_id=dados_climaticos_estruturados, task_id=criar_pasta, run_id=scheduled__2024-05-16T21:30:00+00:00, execution_date=20240516T213000, start_date=20240529T013440, end_date=20240529T013441
[2024-05-29T01:34:41.597+0000] {local_task_job_runner.py:240} INFO - Task exited with return code 0
[2024-05-29T01:34:41.667+0000] {taskinstance.py:3498} INFO - 1 downstream tasks scheduled from follow-on schedule check
[2024-05-29T01:34:41.681+0000] {local_task_job_runner.py:222} INFO - ::endgroup::
