[2024-06-05T00:55:21.486+0000] {local_task_job_runner.py:120} INFO - ::group::Pre task execution logs
[2024-06-05T00:55:21.525+0000] {taskinstance.py:2076} INFO - Dependencies all met for dep_context=non-requeueable deps ti=<TaskInstance: dados_climaticos_estruturados.criar_pasta scheduled__2024-05-29T09:15:00+00:00 [queued]>
[2024-06-05T00:55:21.541+0000] {taskinstance.py:2076} INFO - Dependencies all met for dep_context=requeueable deps ti=<TaskInstance: dados_climaticos_estruturados.criar_pasta scheduled__2024-05-29T09:15:00+00:00 [queued]>
[2024-06-05T00:55:21.543+0000] {taskinstance.py:2306} INFO - Starting attempt 1 of 1
[2024-06-05T00:55:21.570+0000] {taskinstance.py:2330} INFO - Executing <Task(PythonOperator): criar_pasta> on 2024-05-29 09:15:00+00:00
[2024-06-05T00:55:21.582+0000] {warnings.py:110} WARNING - /home/***/.local/lib/python3.12/site-packages/***/task/task_runner/standard_task_runner.py:61: DeprecationWarning: This process (pid=914) is multi-threaded, use of fork() may lead to deadlocks in the child.
  pid = os.fork()

[2024-06-05T00:55:21.585+0000] {standard_task_runner.py:63} INFO - Started process 940 to run task
[2024-06-05T00:55:21.586+0000] {standard_task_runner.py:90} INFO - Running: ['***', 'tasks', 'run', 'dados_climaticos_estruturados', 'criar_pasta', 'scheduled__2024-05-29T09:15:00+00:00', '--job-id', '665', '--raw', '--subdir', 'DAGS_FOLDER/weather/custom_dags/dados_climaticos_estruturados.py', '--cfg-path', '/tmp/tmp4chu72ot']
[2024-06-05T00:55:21.589+0000] {standard_task_runner.py:91} INFO - Job 665: Subtask criar_pasta
[2024-06-05T00:55:21.694+0000] {task_command.py:426} INFO - Running <TaskInstance: dados_climaticos_estruturados.criar_pasta scheduled__2024-05-29T09:15:00+00:00 [running]> on host 6665b0710315
[2024-06-05T00:55:21.901+0000] {taskinstance.py:2648} INFO - Exporting env vars: AIRFLOW_CTX_DAG_OWNER='***' AIRFLOW_CTX_DAG_ID='dados_climaticos_estruturados' AIRFLOW_CTX_TASK_ID='criar_pasta' AIRFLOW_CTX_EXECUTION_DATE='2024-05-29T09:15:00+00:00' AIRFLOW_CTX_TRY_NUMBER='1' AIRFLOW_CTX_DAG_RUN_ID='scheduled__2024-05-29T09:15:00+00:00'
[2024-06-05T00:55:21.905+0000] {taskinstance.py:430} INFO - ::endgroup::
[2024-06-05T00:55:21.908+0000] {python.py:237} INFO - Done. Returned value was: None
[2024-06-05T00:55:21.910+0000] {taskinstance.py:441} INFO - ::group::Post task execution logs
[2024-06-05T00:55:21.931+0000] {taskinstance.py:1206} INFO - Marking task as SUCCESS. dag_id=dados_climaticos_estruturados, task_id=criar_pasta, run_id=scheduled__2024-05-29T09:15:00+00:00, execution_date=20240529T091500, start_date=20240605T005521, end_date=20240605T005521
[2024-06-05T00:55:21.984+0000] {local_task_job_runner.py:240} INFO - Task exited with return code 0
[2024-06-05T00:55:22.024+0000] {taskinstance.py:3498} INFO - 1 downstream tasks scheduled from follow-on schedule check
[2024-06-05T00:55:22.031+0000] {local_task_job_runner.py:222} INFO - ::endgroup::
[2024-06-05T01:35:16.224+0000] {local_task_job_runner.py:120} INFO - ::group::Pre task execution logs
[2024-06-05T01:35:16.276+0000] {taskinstance.py:2076} INFO - Dependencies all met for dep_context=non-requeueable deps ti=<TaskInstance: dados_climaticos_estruturados.criar_pasta scheduled__2024-05-29T09:15:00+00:00 [queued]>
[2024-06-05T01:35:16.295+0000] {taskinstance.py:2076} INFO - Dependencies all met for dep_context=requeueable deps ti=<TaskInstance: dados_climaticos_estruturados.criar_pasta scheduled__2024-05-29T09:15:00+00:00 [queued]>
[2024-06-05T01:35:16.295+0000] {taskinstance.py:2306} INFO - Starting attempt 1 of 1
[2024-06-05T01:35:16.320+0000] {taskinstance.py:2330} INFO - Executing <Task(PythonOperator): criar_pasta> on 2024-05-29 09:15:00+00:00
[2024-06-05T01:35:16.332+0000] {warnings.py:110} WARNING - /home/***/.local/lib/python3.12/site-packages/***/task/task_runner/standard_task_runner.py:61: DeprecationWarning: This process (pid=944) is multi-threaded, use of fork() may lead to deadlocks in the child.
  pid = os.fork()

[2024-06-05T01:35:16.334+0000] {standard_task_runner.py:63} INFO - Started process 961 to run task
[2024-06-05T01:35:16.335+0000] {standard_task_runner.py:90} INFO - Running: ['***', 'tasks', 'run', 'dados_climaticos_estruturados', 'criar_pasta', 'scheduled__2024-05-29T09:15:00+00:00', '--job-id', '287', '--raw', '--subdir', 'DAGS_FOLDER/weather/custom_dags/dados_climaticos_estruturados.py', '--cfg-path', '/tmp/tmp95vi8y8q']
[2024-06-05T01:35:16.338+0000] {standard_task_runner.py:91} INFO - Job 287: Subtask criar_pasta
[2024-06-05T01:35:16.455+0000] {task_command.py:426} INFO - Running <TaskInstance: dados_climaticos_estruturados.criar_pasta scheduled__2024-05-29T09:15:00+00:00 [running]> on host 80232deae70a
[2024-06-05T01:35:16.745+0000] {taskinstance.py:2648} INFO - Exporting env vars: AIRFLOW_CTX_DAG_OWNER='***' AIRFLOW_CTX_DAG_ID='dados_climaticos_estruturados' AIRFLOW_CTX_TASK_ID='criar_pasta' AIRFLOW_CTX_EXECUTION_DATE='2024-05-29T09:15:00+00:00' AIRFLOW_CTX_TRY_NUMBER='1' AIRFLOW_CTX_DAG_RUN_ID='scheduled__2024-05-29T09:15:00+00:00'
[2024-06-05T01:35:16.752+0000] {taskinstance.py:430} INFO - ::endgroup::
[2024-06-05T01:35:16.755+0000] {python.py:237} INFO - Done. Returned value was: None
[2024-06-05T01:35:16.756+0000] {taskinstance.py:441} INFO - ::group::Post task execution logs
[2024-06-05T01:35:16.806+0000] {taskinstance.py:1206} INFO - Marking task as SUCCESS. dag_id=dados_climaticos_estruturados, task_id=criar_pasta, run_id=scheduled__2024-05-29T09:15:00+00:00, execution_date=20240529T091500, start_date=20240605T013516, end_date=20240605T013516
[2024-06-05T01:35:16.892+0000] {local_task_job_runner.py:240} INFO - Task exited with return code 0
[2024-06-05T01:35:16.969+0000] {taskinstance.py:3498} INFO - 1 downstream tasks scheduled from follow-on schedule check
[2024-06-05T01:35:16.977+0000] {local_task_job_runner.py:222} INFO - ::endgroup::
