[2024-06-18T00:00:07.507+0000] {local_task_job_runner.py:120} INFO - ::group::Pre task execution logs
[2024-06-18T00:00:07.530+0000] {taskinstance.py:2076} INFO - Dependencies all met for dep_context=non-requeueable deps ti=<TaskInstance: dados_climaticos_estruturados.transformar_dados scheduled__2024-06-17T23:55:00+00:00 [queued]>
[2024-06-18T00:00:07.540+0000] {taskinstance.py:2076} INFO - Dependencies all met for dep_context=requeueable deps ti=<TaskInstance: dados_climaticos_estruturados.transformar_dados scheduled__2024-06-17T23:55:00+00:00 [queued]>
[2024-06-18T00:00:07.541+0000] {taskinstance.py:2306} INFO - Starting attempt 1 of 1
[2024-06-18T00:00:07.556+0000] {taskinstance.py:2330} INFO - Executing <Task(PythonOperator): transformar_dados> on 2024-06-17 23:55:00+00:00
[2024-06-18T00:00:07.563+0000] {warnings.py:110} WARNING - /home/***/.local/lib/python3.12/site-packages/***/task/task_runner/standard_task_runner.py:61: DeprecationWarning: This process (pid=375) is multi-threaded, use of fork() may lead to deadlocks in the child.
  pid = os.fork()

[2024-06-18T00:00:07.565+0000] {standard_task_runner.py:63} INFO - Started process 377 to run task
[2024-06-18T00:00:07.566+0000] {standard_task_runner.py:90} INFO - Running: ['***', 'tasks', 'run', 'dados_climaticos_estruturados', 'transformar_dados', 'scheduled__2024-06-17T23:55:00+00:00', '--job-id', '2071', '--raw', '--subdir', 'DAGS_FOLDER/weather/custom_dags/dados_climaticos_estruturados.py', '--cfg-path', '/tmp/tmp08qviprp']
[2024-06-18T00:00:07.568+0000] {standard_task_runner.py:91} INFO - Job 2071: Subtask transformar_dados
[2024-06-18T00:00:07.628+0000] {task_command.py:426} INFO - Running <TaskInstance: dados_climaticos_estruturados.transformar_dados scheduled__2024-06-17T23:55:00+00:00 [running]> on host 350a9091aaab
[2024-06-18T00:00:07.725+0000] {taskinstance.py:2648} INFO - Exporting env vars: AIRFLOW_CTX_DAG_OWNER='***' AIRFLOW_CTX_DAG_ID='dados_climaticos_estruturados' AIRFLOW_CTX_TASK_ID='transformar_dados' AIRFLOW_CTX_EXECUTION_DATE='2024-06-17T23:55:00+00:00' AIRFLOW_CTX_TRY_NUMBER='1' AIRFLOW_CTX_DAG_RUN_ID='scheduled__2024-06-17T23:55:00+00:00'
[2024-06-18T00:00:07.727+0000] {taskinstance.py:430} INFO - ::endgroup::
[2024-06-18T00:00:07.731+0000] {taskinstance.py:441} INFO - ::group::Post task execution logs
[2024-06-18T00:00:07.732+0000] {taskinstance.py:2905} ERROR - Task failed with exception
Traceback (most recent call last):
  File "/home/airflow/.local/lib/python3.12/site-packages/airflow/models/taskinstance.py", line 465, in _execute_task
    result = _execute_callable(context=context, **execute_callable_kwargs)
             ^^^^^^^^^^^^^^^^^^^^^^^^^^^^^^^^^^^^^^^^^^^^^^^^^^^^^^^^^^^^^
  File "/home/airflow/.local/lib/python3.12/site-packages/airflow/models/taskinstance.py", line 432, in _execute_callable
    return execute_callable(context=context, **execute_callable_kwargs)
           ^^^^^^^^^^^^^^^^^^^^^^^^^^^^^^^^^^^^^^^^^^^^^^^^^^^^^^^^^^^^
  File "/home/airflow/.local/lib/python3.12/site-packages/airflow/models/baseoperator.py", line 400, in wrapper
    return func(self, *args, **kwargs)
           ^^^^^^^^^^^^^^^^^^^^^^^^^^^
  File "/home/airflow/.local/lib/python3.12/site-packages/airflow/operators/python.py", line 235, in execute
    return_value = self.execute_callable()
                   ^^^^^^^^^^^^^^^^^^^^^^^
  File "/home/airflow/.local/lib/python3.12/site-packages/airflow/operators/python.py", line 252, in execute_callable
    return self.python_callable(*self.op_args, **self.op_kwargs)
           ^^^^^^^^^^^^^^^^^^^^^^^^^^^^^^^^^^^^^^^^^^^^^^^^^^^^^
  File "/opt/airflow/dags/weather/etl/transform.py", line 11, in transformar_dados
    with open(f"/opt/aiflow/data/processed/{city}/output_dados_brutos") as jsonfile:
         ^^^^^^^^^^^^^^^^^^^^^^^^^^^^^^^^^^^^^^^^^^^^^^^^^^^^^^^^^^^^^^
FileNotFoundError: [Errno 2] No such file or directory: '/opt/aiflow/data/processed/Itacoatiara/output_dados_brutos'
[2024-06-18T00:00:07.747+0000] {taskinstance.py:1206} INFO - Marking task as FAILED. dag_id=dados_climaticos_estruturados, task_id=transformar_dados, run_id=scheduled__2024-06-17T23:55:00+00:00, execution_date=20240617T235500, start_date=20240618T000007, end_date=20240618T000007
[2024-06-18T00:00:07.760+0000] {standard_task_runner.py:110} ERROR - Failed to execute job 2071 for task transformar_dados ([Errno 2] No such file or directory: '/opt/aiflow/data/processed/Itacoatiara/output_dados_brutos'; 377)
[2024-06-18T00:00:07.787+0000] {local_task_job_runner.py:240} INFO - Task exited with return code 1
[2024-06-18T00:00:07.811+0000] {taskinstance.py:3498} INFO - 0 downstream tasks scheduled from follow-on schedule check
[2024-06-18T00:00:07.814+0000] {local_task_job_runner.py:222} INFO - ::endgroup::
[2024-06-18T01:29:41.559+0000] {local_task_job_runner.py:120} INFO - ::group::Pre task execution logs
[2024-06-18T01:29:41.713+0000] {taskinstance.py:2076} INFO - Dependencies all met for dep_context=non-requeueable deps ti=<TaskInstance: dados_climaticos_estruturados.transformar_dados scheduled__2024-06-17T23:55:00+00:00 [queued]>
[2024-06-18T01:29:41.807+0000] {taskinstance.py:2076} INFO - Dependencies all met for dep_context=requeueable deps ti=<TaskInstance: dados_climaticos_estruturados.transformar_dados scheduled__2024-06-17T23:55:00+00:00 [queued]>
[2024-06-18T01:29:41.808+0000] {taskinstance.py:2306} INFO - Starting attempt 1 of 1
[2024-06-18T01:29:42.051+0000] {taskinstance.py:2330} INFO - Executing <Task(PythonOperator): transformar_dados> on 2024-06-17 23:55:00+00:00
[2024-06-18T01:29:42.100+0000] {warnings.py:110} WARNING - /home/***/.local/lib/python3.12/site-packages/***/task/task_runner/standard_task_runner.py:61: DeprecationWarning: This process (pid=157) is multi-threaded, use of fork() may lead to deadlocks in the child.
  pid = os.fork()

[2024-06-18T01:29:42.104+0000] {standard_task_runner.py:63} INFO - Started process 185 to run task
[2024-06-18T01:29:42.106+0000] {standard_task_runner.py:90} INFO - Running: ['***', 'tasks', 'run', 'dados_climaticos_estruturados', 'transformar_dados', 'scheduled__2024-06-17T23:55:00+00:00', '--job-id', '36', '--raw', '--subdir', 'DAGS_FOLDER/weather/custom_dags/dados_climaticos_estruturados.py', '--cfg-path', '/tmp/tmphol66c9n']
[2024-06-18T01:29:42.110+0000] {standard_task_runner.py:91} INFO - Job 36: Subtask transformar_dados
[2024-06-18T01:29:42.375+0000] {task_command.py:426} INFO - Running <TaskInstance: dados_climaticos_estruturados.transformar_dados scheduled__2024-06-17T23:55:00+00:00 [running]> on host bd8fdde9baa6
[2024-06-18T01:29:42.698+0000] {taskinstance.py:2648} INFO - Exporting env vars: AIRFLOW_CTX_DAG_OWNER='***' AIRFLOW_CTX_DAG_ID='dados_climaticos_estruturados' AIRFLOW_CTX_TASK_ID='transformar_dados' AIRFLOW_CTX_EXECUTION_DATE='2024-06-17T23:55:00+00:00' AIRFLOW_CTX_TRY_NUMBER='1' AIRFLOW_CTX_DAG_RUN_ID='scheduled__2024-06-17T23:55:00+00:00'
[2024-06-18T01:29:42.704+0000] {taskinstance.py:430} INFO - ::endgroup::
[2024-06-18T01:29:42.726+0000] {python.py:237} INFO - Done. Returned value was: None
[2024-06-18T01:29:42.731+0000] {taskinstance.py:441} INFO - ::group::Post task execution logs
[2024-06-18T01:29:42.765+0000] {taskinstance.py:1206} INFO - Marking task as SUCCESS. dag_id=dados_climaticos_estruturados, task_id=transformar_dados, run_id=scheduled__2024-06-17T23:55:00+00:00, execution_date=20240617T235500, start_date=20240618T012941, end_date=20240618T012942
[2024-06-18T01:29:42.874+0000] {local_task_job_runner.py:240} INFO - Task exited with return code 0
[2024-06-18T01:29:42.981+0000] {taskinstance.py:3498} INFO - 1 downstream tasks scheduled from follow-on schedule check
[2024-06-18T01:29:43.012+0000] {local_task_job_runner.py:222} INFO - ::endgroup::
