[2024-06-05T01:02:26.507+0000] {local_task_job_runner.py:120} INFO - ::group::Pre task execution logs
[2024-06-05T01:02:26.554+0000] {taskinstance.py:2076} INFO - Dependencies all met for dep_context=non-requeueable deps ti=<TaskInstance: dados_climaticos_estruturados.criar_pasta scheduled__2024-05-30T20:55:00+00:00 [queued]>
[2024-06-05T01:02:26.573+0000] {taskinstance.py:2076} INFO - Dependencies all met for dep_context=requeueable deps ti=<TaskInstance: dados_climaticos_estruturados.criar_pasta scheduled__2024-05-30T20:55:00+00:00 [queued]>
[2024-06-05T01:02:26.574+0000] {taskinstance.py:2306} INFO - Starting attempt 1 of 1
[2024-06-05T01:02:26.624+0000] {taskinstance.py:2330} INFO - Executing <Task(PythonOperator): criar_pasta> on 2024-05-30 20:55:00+00:00
[2024-06-05T01:02:26.655+0000] {warnings.py:110} WARNING - /home/***/.local/lib/python3.12/site-packages/***/task/task_runner/standard_task_runner.py:61: DeprecationWarning: This process (pid=3584) is multi-threaded, use of fork() may lead to deadlocks in the child.
  pid = os.fork()

[2024-06-05T01:02:26.658+0000] {standard_task_runner.py:63} INFO - Started process 3607 to run task
[2024-06-05T01:02:26.659+0000] {standard_task_runner.py:90} INFO - Running: ['***', 'tasks', 'run', 'dados_climaticos_estruturados', 'criar_pasta', 'scheduled__2024-05-30T20:55:00+00:00', '--job-id', '1527', '--raw', '--subdir', 'DAGS_FOLDER/weather/custom_dags/dados_climaticos_estruturados.py', '--cfg-path', '/tmp/tmpxkg9a0wj']
[2024-06-05T01:02:26.665+0000] {standard_task_runner.py:91} INFO - Job 1527: Subtask criar_pasta
[2024-06-05T01:02:26.831+0000] {task_command.py:426} INFO - Running <TaskInstance: dados_climaticos_estruturados.criar_pasta scheduled__2024-05-30T20:55:00+00:00 [running]> on host 6665b0710315
[2024-06-05T01:02:27.072+0000] {taskinstance.py:2648} INFO - Exporting env vars: AIRFLOW_CTX_DAG_OWNER='***' AIRFLOW_CTX_DAG_ID='dados_climaticos_estruturados' AIRFLOW_CTX_TASK_ID='criar_pasta' AIRFLOW_CTX_EXECUTION_DATE='2024-05-30T20:55:00+00:00' AIRFLOW_CTX_TRY_NUMBER='1' AIRFLOW_CTX_DAG_RUN_ID='scheduled__2024-05-30T20:55:00+00:00'
[2024-06-05T01:02:27.076+0000] {taskinstance.py:430} INFO - ::endgroup::
[2024-06-05T01:02:27.078+0000] {python.py:237} INFO - Done. Returned value was: None
[2024-06-05T01:02:27.079+0000] {taskinstance.py:441} INFO - ::group::Post task execution logs
[2024-06-05T01:02:27.101+0000] {taskinstance.py:1206} INFO - Marking task as SUCCESS. dag_id=dados_climaticos_estruturados, task_id=criar_pasta, run_id=scheduled__2024-05-30T20:55:00+00:00, execution_date=20240530T205500, start_date=20240605T010226, end_date=20240605T010227
[2024-06-05T01:02:27.137+0000] {local_task_job_runner.py:240} INFO - Task exited with return code 0
[2024-06-05T01:02:27.166+0000] {local_task_job_runner.py:222} INFO - ::endgroup::
[2024-06-05T01:42:02.758+0000] {local_task_job_runner.py:120} INFO - ::group::Pre task execution logs
[2024-06-05T01:42:02.842+0000] {taskinstance.py:2076} INFO - Dependencies all met for dep_context=non-requeueable deps ti=<TaskInstance: dados_climaticos_estruturados.criar_pasta scheduled__2024-05-30T20:55:00+00:00 [queued]>
[2024-06-05T01:42:02.868+0000] {taskinstance.py:2076} INFO - Dependencies all met for dep_context=requeueable deps ti=<TaskInstance: dados_climaticos_estruturados.criar_pasta scheduled__2024-05-30T20:55:00+00:00 [queued]>
[2024-06-05T01:42:02.870+0000] {taskinstance.py:2306} INFO - Starting attempt 1 of 1
[2024-06-05T01:42:02.915+0000] {taskinstance.py:2330} INFO - Executing <Task(PythonOperator): criar_pasta> on 2024-05-30 20:55:00+00:00
[2024-06-05T01:42:02.946+0000] {warnings.py:110} WARNING - /home/***/.local/lib/python3.12/site-packages/***/task/task_runner/standard_task_runner.py:61: DeprecationWarning: This process (pid=3562) is multi-threaded, use of fork() may lead to deadlocks in the child.
  pid = os.fork()

[2024-06-05T01:42:02.955+0000] {standard_task_runner.py:63} INFO - Started process 3591 to run task
[2024-06-05T01:42:02.955+0000] {standard_task_runner.py:90} INFO - Running: ['***', 'tasks', 'run', 'dados_climaticos_estruturados', 'criar_pasta', 'scheduled__2024-05-30T20:55:00+00:00', '--job-id', '1136', '--raw', '--subdir', 'DAGS_FOLDER/weather/custom_dags/dados_climaticos_estruturados.py', '--cfg-path', '/tmp/tmp5g5if3gl']
[2024-06-05T01:42:02.965+0000] {standard_task_runner.py:91} INFO - Job 1136: Subtask criar_pasta
[2024-06-05T01:42:03.162+0000] {task_command.py:426} INFO - Running <TaskInstance: dados_climaticos_estruturados.criar_pasta scheduled__2024-05-30T20:55:00+00:00 [running]> on host 80232deae70a
[2024-06-05T01:42:03.612+0000] {taskinstance.py:2648} INFO - Exporting env vars: AIRFLOW_CTX_DAG_OWNER='***' AIRFLOW_CTX_DAG_ID='dados_climaticos_estruturados' AIRFLOW_CTX_TASK_ID='criar_pasta' AIRFLOW_CTX_EXECUTION_DATE='2024-05-30T20:55:00+00:00' AIRFLOW_CTX_TRY_NUMBER='1' AIRFLOW_CTX_DAG_RUN_ID='scheduled__2024-05-30T20:55:00+00:00'
[2024-06-05T01:42:03.617+0000] {taskinstance.py:430} INFO - ::endgroup::
[2024-06-05T01:42:03.621+0000] {python.py:237} INFO - Done. Returned value was: None
[2024-06-05T01:42:03.622+0000] {taskinstance.py:441} INFO - ::group::Post task execution logs
[2024-06-05T01:42:03.668+0000] {taskinstance.py:1206} INFO - Marking task as SUCCESS. dag_id=dados_climaticos_estruturados, task_id=criar_pasta, run_id=scheduled__2024-05-30T20:55:00+00:00, execution_date=20240530T205500, start_date=20240605T014202, end_date=20240605T014203
[2024-06-05T01:42:03.774+0000] {local_task_job_runner.py:240} INFO - Task exited with return code 0
[2024-06-05T01:42:03.804+0000] {local_task_job_runner.py:222} INFO - ::endgroup::
