[2024-06-05T01:07:06.540+0000] {local_task_job_runner.py:120} INFO - ::group::Pre task execution logs
[2024-06-05T01:07:06.580+0000] {taskinstance.py:2076} INFO - Dependencies all met for dep_context=non-requeueable deps ti=<TaskInstance: dados_climaticos_estruturados.criar_pasta scheduled__2024-05-31T17:35:00+00:00 [queued]>
[2024-06-05T01:07:06.594+0000] {taskinstance.py:2076} INFO - Dependencies all met for dep_context=requeueable deps ti=<TaskInstance: dados_climaticos_estruturados.criar_pasta scheduled__2024-05-31T17:35:00+00:00 [queued]>
[2024-06-05T01:07:06.595+0000] {taskinstance.py:2306} INFO - Starting attempt 1 of 1
[2024-06-05T01:07:06.762+0000] {taskinstance.py:2330} INFO - Executing <Task(PythonOperator): criar_pasta> on 2024-05-31 17:35:00+00:00
[2024-06-05T01:07:06.782+0000] {warnings.py:110} WARNING - /home/***/.local/lib/python3.12/site-packages/***/task/task_runner/standard_task_runner.py:61: DeprecationWarning: This process (pid=5148) is multi-threaded, use of fork() may lead to deadlocks in the child.
  pid = os.fork()

[2024-06-05T01:07:06.790+0000] {standard_task_runner.py:63} INFO - Started process 5168 to run task
[2024-06-05T01:07:06.788+0000] {standard_task_runner.py:90} INFO - Running: ['***', 'tasks', 'run', 'dados_climaticos_estruturados', 'criar_pasta', 'scheduled__2024-05-31T17:35:00+00:00', '--job-id', '2027', '--raw', '--subdir', 'DAGS_FOLDER/weather/custom_dags/dados_climaticos_estruturados.py', '--cfg-path', '/tmp/tmp51ivtsye']
[2024-06-05T01:07:06.795+0000] {standard_task_runner.py:91} INFO - Job 2027: Subtask criar_pasta
[2024-06-05T01:07:06.916+0000] {task_command.py:426} INFO - Running <TaskInstance: dados_climaticos_estruturados.criar_pasta scheduled__2024-05-31T17:35:00+00:00 [running]> on host 6665b0710315
[2024-06-05T01:07:07.099+0000] {taskinstance.py:2648} INFO - Exporting env vars: AIRFLOW_CTX_DAG_OWNER='***' AIRFLOW_CTX_DAG_ID='dados_climaticos_estruturados' AIRFLOW_CTX_TASK_ID='criar_pasta' AIRFLOW_CTX_EXECUTION_DATE='2024-05-31T17:35:00+00:00' AIRFLOW_CTX_TRY_NUMBER='1' AIRFLOW_CTX_DAG_RUN_ID='scheduled__2024-05-31T17:35:00+00:00'
[2024-06-05T01:07:07.105+0000] {taskinstance.py:430} INFO - ::endgroup::
[2024-06-05T01:07:07.108+0000] {python.py:237} INFO - Done. Returned value was: None
[2024-06-05T01:07:07.111+0000] {taskinstance.py:441} INFO - ::group::Post task execution logs
[2024-06-05T01:07:07.131+0000] {taskinstance.py:1206} INFO - Marking task as SUCCESS. dag_id=dados_climaticos_estruturados, task_id=criar_pasta, run_id=scheduled__2024-05-31T17:35:00+00:00, execution_date=20240531T173500, start_date=20240605T010706, end_date=20240605T010707
[2024-06-05T01:07:07.209+0000] {local_task_job_runner.py:240} INFO - Task exited with return code 0
[2024-06-05T01:07:07.271+0000] {taskinstance.py:3498} INFO - 1 downstream tasks scheduled from follow-on schedule check
[2024-06-05T01:07:07.287+0000] {local_task_job_runner.py:222} INFO - ::endgroup::
[2024-06-05T01:46:16.252+0000] {local_task_job_runner.py:120} INFO - ::group::Pre task execution logs
[2024-06-05T01:46:16.280+0000] {taskinstance.py:2076} INFO - Dependencies all met for dep_context=non-requeueable deps ti=<TaskInstance: dados_climaticos_estruturados.criar_pasta scheduled__2024-05-31T17:35:00+00:00 [queued]>
[2024-06-05T01:46:16.292+0000] {taskinstance.py:2076} INFO - Dependencies all met for dep_context=requeueable deps ti=<TaskInstance: dados_climaticos_estruturados.criar_pasta scheduled__2024-05-31T17:35:00+00:00 [queued]>
[2024-06-05T01:46:16.294+0000] {taskinstance.py:2306} INFO - Starting attempt 1 of 1
[2024-06-05T01:46:16.320+0000] {taskinstance.py:2330} INFO - Executing <Task(PythonOperator): criar_pasta> on 2024-05-31 17:35:00+00:00
[2024-06-05T01:46:16.330+0000] {warnings.py:110} WARNING - /home/***/.local/lib/python3.12/site-packages/***/task/task_runner/standard_task_runner.py:61: DeprecationWarning: This process (pid=5124) is multi-threaded, use of fork() may lead to deadlocks in the child.
  pid = os.fork()

[2024-06-05T01:46:16.333+0000] {standard_task_runner.py:63} INFO - Started process 5138 to run task
[2024-06-05T01:46:16.334+0000] {standard_task_runner.py:90} INFO - Running: ['***', 'tasks', 'run', 'dados_climaticos_estruturados', 'criar_pasta', 'scheduled__2024-05-31T17:35:00+00:00', '--job-id', '1637', '--raw', '--subdir', 'DAGS_FOLDER/weather/custom_dags/dados_climaticos_estruturados.py', '--cfg-path', '/tmp/tmp3nmtph2v']
[2024-06-05T01:46:16.337+0000] {standard_task_runner.py:91} INFO - Job 1637: Subtask criar_pasta
[2024-06-05T01:46:16.408+0000] {task_command.py:426} INFO - Running <TaskInstance: dados_climaticos_estruturados.criar_pasta scheduled__2024-05-31T17:35:00+00:00 [running]> on host 80232deae70a
[2024-06-05T01:46:16.547+0000] {taskinstance.py:2648} INFO - Exporting env vars: AIRFLOW_CTX_DAG_OWNER='***' AIRFLOW_CTX_DAG_ID='dados_climaticos_estruturados' AIRFLOW_CTX_TASK_ID='criar_pasta' AIRFLOW_CTX_EXECUTION_DATE='2024-05-31T17:35:00+00:00' AIRFLOW_CTX_TRY_NUMBER='1' AIRFLOW_CTX_DAG_RUN_ID='scheduled__2024-05-31T17:35:00+00:00'
[2024-06-05T01:46:16.549+0000] {taskinstance.py:430} INFO - ::endgroup::
[2024-06-05T01:46:16.552+0000] {python.py:237} INFO - Done. Returned value was: None
[2024-06-05T01:46:16.553+0000] {taskinstance.py:441} INFO - ::group::Post task execution logs
[2024-06-05T01:46:16.567+0000] {taskinstance.py:1206} INFO - Marking task as SUCCESS. dag_id=dados_climaticos_estruturados, task_id=criar_pasta, run_id=scheduled__2024-05-31T17:35:00+00:00, execution_date=20240531T173500, start_date=20240605T014616, end_date=20240605T014616
[2024-06-05T01:46:16.599+0000] {local_task_job_runner.py:240} INFO - Task exited with return code 0
[2024-06-05T01:46:16.610+0000] {local_task_job_runner.py:222} INFO - ::endgroup::
