[2024-06-05T00:56:09.539+0000] {local_task_job_runner.py:120} INFO - ::group::Pre task execution logs
[2024-06-05T00:56:09.610+0000] {taskinstance.py:2076} INFO - Dependencies all met for dep_context=non-requeueable deps ti=<TaskInstance: dados_climaticos_estruturados.criar_pasta scheduled__2024-05-29T13:40:00+00:00 [queued]>
[2024-06-05T00:56:09.631+0000] {taskinstance.py:2076} INFO - Dependencies all met for dep_context=requeueable deps ti=<TaskInstance: dados_climaticos_estruturados.criar_pasta scheduled__2024-05-29T13:40:00+00:00 [queued]>
[2024-06-05T00:56:09.633+0000] {taskinstance.py:2306} INFO - Starting attempt 1 of 1
[2024-06-05T00:56:09.660+0000] {taskinstance.py:2330} INFO - Executing <Task(PythonOperator): criar_pasta> on 2024-05-29 13:40:00+00:00
[2024-06-05T00:56:09.680+0000] {warnings.py:110} WARNING - /home/***/.local/lib/python3.12/site-packages/***/task/task_runner/standard_task_runner.py:61: DeprecationWarning: This process (pid=1235) is multi-threaded, use of fork() may lead to deadlocks in the child.
  pid = os.fork()

[2024-06-05T00:56:09.682+0000] {standard_task_runner.py:90} INFO - Running: ['***', 'tasks', 'run', 'dados_climaticos_estruturados', 'criar_pasta', 'scheduled__2024-05-29T13:40:00+00:00', '--job-id', '770', '--raw', '--subdir', 'DAGS_FOLDER/weather/custom_dags/dados_climaticos_estruturados.py', '--cfg-path', '/tmp/tmptgvp7ino']
[2024-06-05T00:56:09.686+0000] {standard_task_runner.py:91} INFO - Job 770: Subtask criar_pasta
[2024-06-05T00:56:09.685+0000] {standard_task_runner.py:63} INFO - Started process 1274 to run task
[2024-06-05T00:56:09.832+0000] {task_command.py:426} INFO - Running <TaskInstance: dados_climaticos_estruturados.criar_pasta scheduled__2024-05-29T13:40:00+00:00 [running]> on host 6665b0710315
[2024-06-05T00:56:10.057+0000] {taskinstance.py:2648} INFO - Exporting env vars: AIRFLOW_CTX_DAG_OWNER='***' AIRFLOW_CTX_DAG_ID='dados_climaticos_estruturados' AIRFLOW_CTX_TASK_ID='criar_pasta' AIRFLOW_CTX_EXECUTION_DATE='2024-05-29T13:40:00+00:00' AIRFLOW_CTX_TRY_NUMBER='1' AIRFLOW_CTX_DAG_RUN_ID='scheduled__2024-05-29T13:40:00+00:00'
[2024-06-05T00:56:10.062+0000] {taskinstance.py:430} INFO - ::endgroup::
[2024-06-05T00:56:10.066+0000] {python.py:237} INFO - Done. Returned value was: None
[2024-06-05T00:56:10.067+0000] {taskinstance.py:441} INFO - ::group::Post task execution logs
[2024-06-05T00:56:10.094+0000] {taskinstance.py:1206} INFO - Marking task as SUCCESS. dag_id=dados_climaticos_estruturados, task_id=criar_pasta, run_id=scheduled__2024-05-29T13:40:00+00:00, execution_date=20240529T134000, start_date=20240605T005609, end_date=20240605T005610
[2024-06-05T00:56:10.176+0000] {local_task_job_runner.py:240} INFO - Task exited with return code 0
[2024-06-05T00:56:10.245+0000] {taskinstance.py:3498} INFO - 1 downstream tasks scheduled from follow-on schedule check
[2024-06-05T00:56:10.254+0000] {local_task_job_runner.py:222} INFO - ::endgroup::
[2024-06-05T01:36:07.757+0000] {local_task_job_runner.py:120} INFO - ::group::Pre task execution logs
[2024-06-05T01:36:07.847+0000] {taskinstance.py:2076} INFO - Dependencies all met for dep_context=non-requeueable deps ti=<TaskInstance: dados_climaticos_estruturados.criar_pasta scheduled__2024-05-29T13:40:00+00:00 [queued]>
[2024-06-05T01:36:07.900+0000] {taskinstance.py:2076} INFO - Dependencies all met for dep_context=requeueable deps ti=<TaskInstance: dados_climaticos_estruturados.criar_pasta scheduled__2024-05-29T13:40:00+00:00 [queued]>
[2024-06-05T01:36:07.902+0000] {taskinstance.py:2306} INFO - Starting attempt 1 of 1
[2024-06-05T01:36:07.962+0000] {taskinstance.py:2330} INFO - Executing <Task(PythonOperator): criar_pasta> on 2024-05-29 13:40:00+00:00
[2024-06-05T01:36:08.026+0000] {warnings.py:110} WARNING - /home/***/.local/lib/python3.12/site-packages/***/task/task_runner/standard_task_runner.py:61: DeprecationWarning: This process (pid=1254) is multi-threaded, use of fork() may lead to deadlocks in the child.
  pid = os.fork()

[2024-06-05T01:36:08.031+0000] {standard_task_runner.py:63} INFO - Started process 1274 to run task
[2024-06-05T01:36:08.040+0000] {standard_task_runner.py:90} INFO - Running: ['***', 'tasks', 'run', 'dados_climaticos_estruturados', 'criar_pasta', 'scheduled__2024-05-29T13:40:00+00:00', '--job-id', '390', '--raw', '--subdir', 'DAGS_FOLDER/weather/custom_dags/dados_climaticos_estruturados.py', '--cfg-path', '/tmp/tmp0m6mwekg']
[2024-06-05T01:36:08.048+0000] {standard_task_runner.py:91} INFO - Job 390: Subtask criar_pasta
[2024-06-05T01:36:08.237+0000] {task_command.py:426} INFO - Running <TaskInstance: dados_climaticos_estruturados.criar_pasta scheduled__2024-05-29T13:40:00+00:00 [running]> on host 80232deae70a
[2024-06-05T01:36:08.631+0000] {taskinstance.py:2648} INFO - Exporting env vars: AIRFLOW_CTX_DAG_OWNER='***' AIRFLOW_CTX_DAG_ID='dados_climaticos_estruturados' AIRFLOW_CTX_TASK_ID='criar_pasta' AIRFLOW_CTX_EXECUTION_DATE='2024-05-29T13:40:00+00:00' AIRFLOW_CTX_TRY_NUMBER='1' AIRFLOW_CTX_DAG_RUN_ID='scheduled__2024-05-29T13:40:00+00:00'
[2024-06-05T01:36:08.640+0000] {taskinstance.py:430} INFO - ::endgroup::
[2024-06-05T01:36:08.650+0000] {python.py:237} INFO - Done. Returned value was: None
[2024-06-05T01:36:08.653+0000] {taskinstance.py:441} INFO - ::group::Post task execution logs
[2024-06-05T01:36:08.700+0000] {taskinstance.py:1206} INFO - Marking task as SUCCESS. dag_id=dados_climaticos_estruturados, task_id=criar_pasta, run_id=scheduled__2024-05-29T13:40:00+00:00, execution_date=20240529T134000, start_date=20240605T013607, end_date=20240605T013608
[2024-06-05T01:36:08.824+0000] {local_task_job_runner.py:240} INFO - Task exited with return code 0
[2024-06-05T01:36:08.902+0000] {taskinstance.py:3498} INFO - 1 downstream tasks scheduled from follow-on schedule check
[2024-06-05T01:36:08.924+0000] {local_task_job_runner.py:222} INFO - ::endgroup::
