[2024-06-17T23:29:01.189+0000] {processor.py:161} INFO - Started process (PID=44) to work on /home/airflow/.local/lib/python3.12/site-packages/airflow/example_dags/example_branch_operator_decorator.py
[2024-06-17T23:29:01.191+0000] {processor.py:830} INFO - Processing file /home/airflow/.local/lib/python3.12/site-packages/airflow/example_dags/example_branch_operator_decorator.py for tasks to queue
[2024-06-17T23:29:01.194+0000] {logging_mixin.py:188} INFO - [2024-06-17T23:29:01.194+0000] {dagbag.py:545} INFO - Filling up the DagBag from /home/airflow/.local/lib/python3.12/site-packages/airflow/example_dags/example_branch_operator_decorator.py
[2024-06-17T23:29:01.242+0000] {processor.py:840} INFO - DAG(s) 'example_branch_python_operator_decorator' retrieved from /home/airflow/.local/lib/python3.12/site-packages/airflow/example_dags/example_branch_operator_decorator.py
[2024-06-17T23:29:01.444+0000] {logging_mixin.py:188} INFO - [2024-06-17T23:29:01.444+0000] {dag.py:3096} INFO - Sync 1 DAGs
[2024-06-17T23:29:01.471+0000] {logging_mixin.py:188} INFO - [2024-06-17T23:29:01.471+0000] {dag.py:3954} INFO - Setting next_dagrun for example_branch_python_operator_decorator to 2024-06-16 00:00:00+00:00, run_after=2024-06-17 00:00:00+00:00
[2024-06-17T23:29:01.512+0000] {processor.py:183} INFO - Processing /home/airflow/.local/lib/python3.12/site-packages/airflow/example_dags/example_branch_operator_decorator.py took 0.332 seconds
[2024-06-17T23:29:32.426+0000] {processor.py:161} INFO - Started process (PID=117) to work on /home/airflow/.local/lib/python3.12/site-packages/airflow/example_dags/example_branch_operator_decorator.py
[2024-06-17T23:29:32.427+0000] {processor.py:830} INFO - Processing file /home/airflow/.local/lib/python3.12/site-packages/airflow/example_dags/example_branch_operator_decorator.py for tasks to queue
[2024-06-17T23:29:32.430+0000] {logging_mixin.py:188} INFO - [2024-06-17T23:29:32.429+0000] {dagbag.py:545} INFO - Filling up the DagBag from /home/airflow/.local/lib/python3.12/site-packages/airflow/example_dags/example_branch_operator_decorator.py
[2024-06-17T23:29:32.455+0000] {processor.py:840} INFO - DAG(s) 'example_branch_python_operator_decorator' retrieved from /home/airflow/.local/lib/python3.12/site-packages/airflow/example_dags/example_branch_operator_decorator.py
[2024-06-17T23:29:32.492+0000] {logging_mixin.py:188} INFO - [2024-06-17T23:29:32.491+0000] {dag.py:3096} INFO - Sync 1 DAGs
[2024-06-17T23:29:32.539+0000] {logging_mixin.py:188} INFO - [2024-06-17T23:29:32.539+0000] {dag.py:3954} INFO - Setting next_dagrun for example_branch_python_operator_decorator to 2024-06-16 00:00:00+00:00, run_after=2024-06-17 00:00:00+00:00
[2024-06-17T23:29:32.581+0000] {processor.py:183} INFO - Processing /home/airflow/.local/lib/python3.12/site-packages/airflow/example_dags/example_branch_operator_decorator.py took 0.161 seconds
[2024-06-17T23:30:03.501+0000] {processor.py:161} INFO - Started process (PID=241) to work on /home/airflow/.local/lib/python3.12/site-packages/airflow/example_dags/example_branch_operator_decorator.py
[2024-06-17T23:30:03.503+0000] {processor.py:830} INFO - Processing file /home/airflow/.local/lib/python3.12/site-packages/airflow/example_dags/example_branch_operator_decorator.py for tasks to queue
[2024-06-17T23:30:03.513+0000] {logging_mixin.py:188} INFO - [2024-06-17T23:30:03.512+0000] {dagbag.py:545} INFO - Filling up the DagBag from /home/airflow/.local/lib/python3.12/site-packages/airflow/example_dags/example_branch_operator_decorator.py
[2024-06-17T23:30:03.582+0000] {processor.py:840} INFO - DAG(s) 'example_branch_python_operator_decorator' retrieved from /home/airflow/.local/lib/python3.12/site-packages/airflow/example_dags/example_branch_operator_decorator.py
[2024-06-17T23:30:03.669+0000] {logging_mixin.py:188} INFO - [2024-06-17T23:30:03.668+0000] {dag.py:3096} INFO - Sync 1 DAGs
[2024-06-17T23:30:03.749+0000] {logging_mixin.py:188} INFO - [2024-06-17T23:30:03.748+0000] {dag.py:3954} INFO - Setting next_dagrun for example_branch_python_operator_decorator to 2024-06-16 00:00:00+00:00, run_after=2024-06-17 00:00:00+00:00
[2024-06-17T23:30:03.832+0000] {processor.py:183} INFO - Processing /home/airflow/.local/lib/python3.12/site-packages/airflow/example_dags/example_branch_operator_decorator.py took 0.346 seconds
[2024-06-17T23:30:34.766+0000] {processor.py:161} INFO - Started process (PID=343) to work on /home/airflow/.local/lib/python3.12/site-packages/airflow/example_dags/example_branch_operator_decorator.py
[2024-06-17T23:30:34.767+0000] {processor.py:830} INFO - Processing file /home/airflow/.local/lib/python3.12/site-packages/airflow/example_dags/example_branch_operator_decorator.py for tasks to queue
[2024-06-17T23:30:34.770+0000] {logging_mixin.py:188} INFO - [2024-06-17T23:30:34.770+0000] {dagbag.py:545} INFO - Filling up the DagBag from /home/airflow/.local/lib/python3.12/site-packages/airflow/example_dags/example_branch_operator_decorator.py
[2024-06-17T23:30:34.797+0000] {processor.py:840} INFO - DAG(s) 'example_branch_python_operator_decorator' retrieved from /home/airflow/.local/lib/python3.12/site-packages/airflow/example_dags/example_branch_operator_decorator.py
[2024-06-17T23:30:34.831+0000] {logging_mixin.py:188} INFO - [2024-06-17T23:30:34.830+0000] {dag.py:3096} INFO - Sync 1 DAGs
[2024-06-17T23:30:34.858+0000] {logging_mixin.py:188} INFO - [2024-06-17T23:30:34.857+0000] {dag.py:3954} INFO - Setting next_dagrun for example_branch_python_operator_decorator to 2024-06-16 00:00:00+00:00, run_after=2024-06-17 00:00:00+00:00
[2024-06-17T23:30:34.885+0000] {processor.py:183} INFO - Processing /home/airflow/.local/lib/python3.12/site-packages/airflow/example_dags/example_branch_operator_decorator.py took 0.129 seconds
[2024-06-17T23:31:05.895+0000] {processor.py:161} INFO - Started process (PID=450) to work on /home/airflow/.local/lib/python3.12/site-packages/airflow/example_dags/example_branch_operator_decorator.py
[2024-06-17T23:31:05.896+0000] {processor.py:830} INFO - Processing file /home/airflow/.local/lib/python3.12/site-packages/airflow/example_dags/example_branch_operator_decorator.py for tasks to queue
[2024-06-17T23:31:05.900+0000] {logging_mixin.py:188} INFO - [2024-06-17T23:31:05.900+0000] {dagbag.py:545} INFO - Filling up the DagBag from /home/airflow/.local/lib/python3.12/site-packages/airflow/example_dags/example_branch_operator_decorator.py
[2024-06-17T23:31:05.948+0000] {processor.py:840} INFO - DAG(s) 'example_branch_python_operator_decorator' retrieved from /home/airflow/.local/lib/python3.12/site-packages/airflow/example_dags/example_branch_operator_decorator.py
[2024-06-17T23:31:06.063+0000] {logging_mixin.py:188} INFO - [2024-06-17T23:31:06.063+0000] {dag.py:3096} INFO - Sync 1 DAGs
[2024-06-17T23:31:06.129+0000] {logging_mixin.py:188} INFO - [2024-06-17T23:31:06.129+0000] {dag.py:3954} INFO - Setting next_dagrun for example_branch_python_operator_decorator to 2024-06-16 00:00:00+00:00, run_after=2024-06-17 00:00:00+00:00
[2024-06-17T23:31:06.177+0000] {processor.py:183} INFO - Processing /home/airflow/.local/lib/python3.12/site-packages/airflow/example_dags/example_branch_operator_decorator.py took 0.294 seconds
[2024-06-17T23:31:36.283+0000] {processor.py:161} INFO - Started process (PID=526) to work on /home/airflow/.local/lib/python3.12/site-packages/airflow/example_dags/example_branch_operator_decorator.py
[2024-06-17T23:31:36.285+0000] {processor.py:830} INFO - Processing file /home/airflow/.local/lib/python3.12/site-packages/airflow/example_dags/example_branch_operator_decorator.py for tasks to queue
[2024-06-17T23:31:36.290+0000] {logging_mixin.py:188} INFO - [2024-06-17T23:31:36.289+0000] {dagbag.py:545} INFO - Filling up the DagBag from /home/airflow/.local/lib/python3.12/site-packages/airflow/example_dags/example_branch_operator_decorator.py
[2024-06-17T23:31:36.336+0000] {processor.py:840} INFO - DAG(s) 'example_branch_python_operator_decorator' retrieved from /home/airflow/.local/lib/python3.12/site-packages/airflow/example_dags/example_branch_operator_decorator.py
[2024-06-17T23:31:36.403+0000] {logging_mixin.py:188} INFO - [2024-06-17T23:31:36.403+0000] {dag.py:3096} INFO - Sync 1 DAGs
[2024-06-17T23:31:36.466+0000] {logging_mixin.py:188} INFO - [2024-06-17T23:31:36.465+0000] {dag.py:3954} INFO - Setting next_dagrun for example_branch_python_operator_decorator to 2024-06-16 00:00:00+00:00, run_after=2024-06-17 00:00:00+00:00
[2024-06-17T23:31:36.520+0000] {processor.py:183} INFO - Processing /home/airflow/.local/lib/python3.12/site-packages/airflow/example_dags/example_branch_operator_decorator.py took 0.249 seconds
[2024-06-17T23:32:07.066+0000] {processor.py:161} INFO - Started process (PID=629) to work on /home/airflow/.local/lib/python3.12/site-packages/airflow/example_dags/example_branch_operator_decorator.py
[2024-06-17T23:32:07.071+0000] {processor.py:830} INFO - Processing file /home/airflow/.local/lib/python3.12/site-packages/airflow/example_dags/example_branch_operator_decorator.py for tasks to queue
[2024-06-17T23:32:07.084+0000] {logging_mixin.py:188} INFO - [2024-06-17T23:32:07.080+0000] {dagbag.py:545} INFO - Filling up the DagBag from /home/airflow/.local/lib/python3.12/site-packages/airflow/example_dags/example_branch_operator_decorator.py
[2024-06-17T23:32:07.152+0000] {processor.py:840} INFO - DAG(s) 'example_branch_python_operator_decorator' retrieved from /home/airflow/.local/lib/python3.12/site-packages/airflow/example_dags/example_branch_operator_decorator.py
[2024-06-17T23:32:07.228+0000] {logging_mixin.py:188} INFO - [2024-06-17T23:32:07.228+0000] {dag.py:3096} INFO - Sync 1 DAGs
[2024-06-17T23:32:07.289+0000] {logging_mixin.py:188} INFO - [2024-06-17T23:32:07.288+0000] {dag.py:3954} INFO - Setting next_dagrun for example_branch_python_operator_decorator to 2024-06-16 00:00:00+00:00, run_after=2024-06-17 00:00:00+00:00
[2024-06-17T23:32:07.367+0000] {processor.py:183} INFO - Processing /home/airflow/.local/lib/python3.12/site-packages/airflow/example_dags/example_branch_operator_decorator.py took 0.318 seconds
[2024-06-17T23:32:37.518+0000] {processor.py:161} INFO - Started process (PID=703) to work on /home/airflow/.local/lib/python3.12/site-packages/airflow/example_dags/example_branch_operator_decorator.py
[2024-06-17T23:32:37.519+0000] {processor.py:830} INFO - Processing file /home/airflow/.local/lib/python3.12/site-packages/airflow/example_dags/example_branch_operator_decorator.py for tasks to queue
[2024-06-17T23:32:37.524+0000] {logging_mixin.py:188} INFO - [2024-06-17T23:32:37.523+0000] {dagbag.py:545} INFO - Filling up the DagBag from /home/airflow/.local/lib/python3.12/site-packages/airflow/example_dags/example_branch_operator_decorator.py
[2024-06-17T23:32:37.561+0000] {processor.py:840} INFO - DAG(s) 'example_branch_python_operator_decorator' retrieved from /home/airflow/.local/lib/python3.12/site-packages/airflow/example_dags/example_branch_operator_decorator.py
[2024-06-17T23:32:37.616+0000] {logging_mixin.py:188} INFO - [2024-06-17T23:32:37.615+0000] {dag.py:3096} INFO - Sync 1 DAGs
[2024-06-17T23:32:37.660+0000] {logging_mixin.py:188} INFO - [2024-06-17T23:32:37.660+0000] {dag.py:3954} INFO - Setting next_dagrun for example_branch_python_operator_decorator to 2024-06-16 00:00:00+00:00, run_after=2024-06-17 00:00:00+00:00
[2024-06-17T23:32:37.706+0000] {processor.py:183} INFO - Processing /home/airflow/.local/lib/python3.12/site-packages/airflow/example_dags/example_branch_operator_decorator.py took 0.203 seconds
[2024-06-17T23:33:08.604+0000] {processor.py:161} INFO - Started process (PID=763) to work on /home/airflow/.local/lib/python3.12/site-packages/airflow/example_dags/example_branch_operator_decorator.py
[2024-06-17T23:33:08.605+0000] {processor.py:830} INFO - Processing file /home/airflow/.local/lib/python3.12/site-packages/airflow/example_dags/example_branch_operator_decorator.py for tasks to queue
[2024-06-17T23:33:08.609+0000] {logging_mixin.py:188} INFO - [2024-06-17T23:33:08.609+0000] {dagbag.py:545} INFO - Filling up the DagBag from /home/airflow/.local/lib/python3.12/site-packages/airflow/example_dags/example_branch_operator_decorator.py
[2024-06-17T23:33:08.640+0000] {processor.py:840} INFO - DAG(s) 'example_branch_python_operator_decorator' retrieved from /home/airflow/.local/lib/python3.12/site-packages/airflow/example_dags/example_branch_operator_decorator.py
[2024-06-17T23:33:08.682+0000] {logging_mixin.py:188} INFO - [2024-06-17T23:33:08.682+0000] {dag.py:3096} INFO - Sync 1 DAGs
[2024-06-17T23:33:08.715+0000] {logging_mixin.py:188} INFO - [2024-06-17T23:33:08.715+0000] {dag.py:3954} INFO - Setting next_dagrun for example_branch_python_operator_decorator to 2024-06-16 00:00:00+00:00, run_after=2024-06-17 00:00:00+00:00
[2024-06-17T23:33:08.748+0000] {processor.py:183} INFO - Processing /home/airflow/.local/lib/python3.12/site-packages/airflow/example_dags/example_branch_operator_decorator.py took 0.154 seconds
[2024-06-17T23:33:38.878+0000] {processor.py:161} INFO - Started process (PID=823) to work on /home/airflow/.local/lib/python3.12/site-packages/airflow/example_dags/example_branch_operator_decorator.py
[2024-06-17T23:33:38.880+0000] {processor.py:830} INFO - Processing file /home/airflow/.local/lib/python3.12/site-packages/airflow/example_dags/example_branch_operator_decorator.py for tasks to queue
[2024-06-17T23:33:38.883+0000] {logging_mixin.py:188} INFO - [2024-06-17T23:33:38.882+0000] {dagbag.py:545} INFO - Filling up the DagBag from /home/airflow/.local/lib/python3.12/site-packages/airflow/example_dags/example_branch_operator_decorator.py
[2024-06-17T23:33:38.910+0000] {processor.py:840} INFO - DAG(s) 'example_branch_python_operator_decorator' retrieved from /home/airflow/.local/lib/python3.12/site-packages/airflow/example_dags/example_branch_operator_decorator.py
[2024-06-17T23:33:38.945+0000] {logging_mixin.py:188} INFO - [2024-06-17T23:33:38.945+0000] {dag.py:3096} INFO - Sync 1 DAGs
[2024-06-17T23:33:38.979+0000] {logging_mixin.py:188} INFO - [2024-06-17T23:33:38.978+0000] {dag.py:3954} INFO - Setting next_dagrun for example_branch_python_operator_decorator to 2024-06-16 00:00:00+00:00, run_after=2024-06-17 00:00:00+00:00
[2024-06-17T23:33:39.009+0000] {processor.py:183} INFO - Processing /home/airflow/.local/lib/python3.12/site-packages/airflow/example_dags/example_branch_operator_decorator.py took 0.141 seconds
[2024-06-17T23:34:09.055+0000] {processor.py:161} INFO - Started process (PID=883) to work on /home/airflow/.local/lib/python3.12/site-packages/airflow/example_dags/example_branch_operator_decorator.py
[2024-06-17T23:34:09.057+0000] {processor.py:830} INFO - Processing file /home/airflow/.local/lib/python3.12/site-packages/airflow/example_dags/example_branch_operator_decorator.py for tasks to queue
[2024-06-17T23:34:09.061+0000] {logging_mixin.py:188} INFO - [2024-06-17T23:34:09.060+0000] {dagbag.py:545} INFO - Filling up the DagBag from /home/airflow/.local/lib/python3.12/site-packages/airflow/example_dags/example_branch_operator_decorator.py
[2024-06-17T23:34:09.088+0000] {processor.py:840} INFO - DAG(s) 'example_branch_python_operator_decorator' retrieved from /home/airflow/.local/lib/python3.12/site-packages/airflow/example_dags/example_branch_operator_decorator.py
[2024-06-17T23:34:09.128+0000] {logging_mixin.py:188} INFO - [2024-06-17T23:34:09.128+0000] {dag.py:3096} INFO - Sync 1 DAGs
[2024-06-17T23:34:09.159+0000] {logging_mixin.py:188} INFO - [2024-06-17T23:34:09.159+0000] {dag.py:3954} INFO - Setting next_dagrun for example_branch_python_operator_decorator to 2024-06-16 00:00:00+00:00, run_after=2024-06-17 00:00:00+00:00
[2024-06-17T23:34:09.194+0000] {processor.py:183} INFO - Processing /home/airflow/.local/lib/python3.12/site-packages/airflow/example_dags/example_branch_operator_decorator.py took 0.146 seconds
[2024-06-17T23:34:39.531+0000] {processor.py:161} INFO - Started process (PID=943) to work on /home/airflow/.local/lib/python3.12/site-packages/airflow/example_dags/example_branch_operator_decorator.py
[2024-06-17T23:34:39.532+0000] {processor.py:830} INFO - Processing file /home/airflow/.local/lib/python3.12/site-packages/airflow/example_dags/example_branch_operator_decorator.py for tasks to queue
[2024-06-17T23:34:39.535+0000] {logging_mixin.py:188} INFO - [2024-06-17T23:34:39.535+0000] {dagbag.py:545} INFO - Filling up the DagBag from /home/airflow/.local/lib/python3.12/site-packages/airflow/example_dags/example_branch_operator_decorator.py
[2024-06-17T23:34:39.568+0000] {processor.py:840} INFO - DAG(s) 'example_branch_python_operator_decorator' retrieved from /home/airflow/.local/lib/python3.12/site-packages/airflow/example_dags/example_branch_operator_decorator.py
[2024-06-17T23:34:39.617+0000] {logging_mixin.py:188} INFO - [2024-06-17T23:34:39.617+0000] {dag.py:3096} INFO - Sync 1 DAGs
[2024-06-17T23:34:39.661+0000] {logging_mixin.py:188} INFO - [2024-06-17T23:34:39.661+0000] {dag.py:3954} INFO - Setting next_dagrun for example_branch_python_operator_decorator to 2024-06-16 00:00:00+00:00, run_after=2024-06-17 00:00:00+00:00
[2024-06-17T23:34:39.693+0000] {processor.py:183} INFO - Processing /home/airflow/.local/lib/python3.12/site-packages/airflow/example_dags/example_branch_operator_decorator.py took 0.171 seconds
[2024-06-17T23:35:10.093+0000] {processor.py:161} INFO - Started process (PID=1003) to work on /home/airflow/.local/lib/python3.12/site-packages/airflow/example_dags/example_branch_operator_decorator.py
[2024-06-17T23:35:10.094+0000] {processor.py:830} INFO - Processing file /home/airflow/.local/lib/python3.12/site-packages/airflow/example_dags/example_branch_operator_decorator.py for tasks to queue
[2024-06-17T23:35:10.097+0000] {logging_mixin.py:188} INFO - [2024-06-17T23:35:10.096+0000] {dagbag.py:545} INFO - Filling up the DagBag from /home/airflow/.local/lib/python3.12/site-packages/airflow/example_dags/example_branch_operator_decorator.py
[2024-06-17T23:35:10.124+0000] {processor.py:840} INFO - DAG(s) 'example_branch_python_operator_decorator' retrieved from /home/airflow/.local/lib/python3.12/site-packages/airflow/example_dags/example_branch_operator_decorator.py
[2024-06-17T23:35:10.160+0000] {logging_mixin.py:188} INFO - [2024-06-17T23:35:10.160+0000] {dag.py:3096} INFO - Sync 1 DAGs
[2024-06-17T23:35:10.191+0000] {logging_mixin.py:188} INFO - [2024-06-17T23:35:10.191+0000] {dag.py:3954} INFO - Setting next_dagrun for example_branch_python_operator_decorator to 2024-06-16 00:00:00+00:00, run_after=2024-06-17 00:00:00+00:00
[2024-06-17T23:35:10.214+0000] {processor.py:183} INFO - Processing /home/airflow/.local/lib/python3.12/site-packages/airflow/example_dags/example_branch_operator_decorator.py took 0.128 seconds
[2024-06-17T23:35:40.681+0000] {processor.py:161} INFO - Started process (PID=1063) to work on /home/airflow/.local/lib/python3.12/site-packages/airflow/example_dags/example_branch_operator_decorator.py
[2024-06-17T23:35:40.683+0000] {processor.py:830} INFO - Processing file /home/airflow/.local/lib/python3.12/site-packages/airflow/example_dags/example_branch_operator_decorator.py for tasks to queue
[2024-06-17T23:35:40.685+0000] {logging_mixin.py:188} INFO - [2024-06-17T23:35:40.685+0000] {dagbag.py:545} INFO - Filling up the DagBag from /home/airflow/.local/lib/python3.12/site-packages/airflow/example_dags/example_branch_operator_decorator.py
[2024-06-17T23:35:40.713+0000] {processor.py:840} INFO - DAG(s) 'example_branch_python_operator_decorator' retrieved from /home/airflow/.local/lib/python3.12/site-packages/airflow/example_dags/example_branch_operator_decorator.py
[2024-06-17T23:35:40.750+0000] {logging_mixin.py:188} INFO - [2024-06-17T23:35:40.750+0000] {dag.py:3096} INFO - Sync 1 DAGs
[2024-06-17T23:35:40.782+0000] {logging_mixin.py:188} INFO - [2024-06-17T23:35:40.781+0000] {dag.py:3954} INFO - Setting next_dagrun for example_branch_python_operator_decorator to 2024-06-16 00:00:00+00:00, run_after=2024-06-17 00:00:00+00:00
[2024-06-17T23:35:40.808+0000] {processor.py:183} INFO - Processing /home/airflow/.local/lib/python3.12/site-packages/airflow/example_dags/example_branch_operator_decorator.py took 0.134 seconds
[2024-06-17T23:36:11.113+0000] {processor.py:161} INFO - Started process (PID=1127) to work on /home/airflow/.local/lib/python3.12/site-packages/airflow/example_dags/example_branch_operator_decorator.py
[2024-06-17T23:36:11.115+0000] {processor.py:830} INFO - Processing file /home/airflow/.local/lib/python3.12/site-packages/airflow/example_dags/example_branch_operator_decorator.py for tasks to queue
[2024-06-17T23:36:11.119+0000] {logging_mixin.py:188} INFO - [2024-06-17T23:36:11.118+0000] {dagbag.py:545} INFO - Filling up the DagBag from /home/airflow/.local/lib/python3.12/site-packages/airflow/example_dags/example_branch_operator_decorator.py
[2024-06-17T23:36:11.157+0000] {processor.py:840} INFO - DAG(s) 'example_branch_python_operator_decorator' retrieved from /home/airflow/.local/lib/python3.12/site-packages/airflow/example_dags/example_branch_operator_decorator.py
[2024-06-17T23:36:11.222+0000] {logging_mixin.py:188} INFO - [2024-06-17T23:36:11.221+0000] {dag.py:3096} INFO - Sync 1 DAGs
[2024-06-17T23:36:11.273+0000] {logging_mixin.py:188} INFO - [2024-06-17T23:36:11.272+0000] {dag.py:3954} INFO - Setting next_dagrun for example_branch_python_operator_decorator to 2024-06-16 00:00:00+00:00, run_after=2024-06-17 00:00:00+00:00
[2024-06-17T23:36:11.310+0000] {processor.py:183} INFO - Processing /home/airflow/.local/lib/python3.12/site-packages/airflow/example_dags/example_branch_operator_decorator.py took 0.207 seconds
[2024-06-17T23:38:58.843+0000] {processor.py:161} INFO - Started process (PID=45) to work on /home/airflow/.local/lib/python3.12/site-packages/airflow/example_dags/example_branch_operator_decorator.py
[2024-06-17T23:38:58.844+0000] {processor.py:830} INFO - Processing file /home/airflow/.local/lib/python3.12/site-packages/airflow/example_dags/example_branch_operator_decorator.py for tasks to queue
[2024-06-17T23:38:58.847+0000] {logging_mixin.py:188} INFO - [2024-06-17T23:38:58.846+0000] {dagbag.py:545} INFO - Filling up the DagBag from /home/airflow/.local/lib/python3.12/site-packages/airflow/example_dags/example_branch_operator_decorator.py
[2024-06-17T23:38:58.885+0000] {processor.py:840} INFO - DAG(s) 'example_branch_python_operator_decorator' retrieved from /home/airflow/.local/lib/python3.12/site-packages/airflow/example_dags/example_branch_operator_decorator.py
[2024-06-17T23:38:58.899+0000] {logging_mixin.py:188} INFO - [2024-06-17T23:38:58.898+0000] {dag.py:3096} INFO - Sync 1 DAGs
[2024-06-17T23:38:58.932+0000] {logging_mixin.py:188} INFO - [2024-06-17T23:38:58.932+0000] {dag.py:3954} INFO - Setting next_dagrun for example_branch_python_operator_decorator to 2024-06-16 00:00:00+00:00, run_after=2024-06-17 00:00:00+00:00
[2024-06-17T23:38:58.957+0000] {processor.py:183} INFO - Processing /home/airflow/.local/lib/python3.12/site-packages/airflow/example_dags/example_branch_operator_decorator.py took 0.122 seconds
[2024-06-17T23:39:29.937+0000] {processor.py:161} INFO - Started process (PID=105) to work on /home/airflow/.local/lib/python3.12/site-packages/airflow/example_dags/example_branch_operator_decorator.py
[2024-06-17T23:39:29.938+0000] {processor.py:830} INFO - Processing file /home/airflow/.local/lib/python3.12/site-packages/airflow/example_dags/example_branch_operator_decorator.py for tasks to queue
[2024-06-17T23:39:29.941+0000] {logging_mixin.py:188} INFO - [2024-06-17T23:39:29.941+0000] {dagbag.py:545} INFO - Filling up the DagBag from /home/airflow/.local/lib/python3.12/site-packages/airflow/example_dags/example_branch_operator_decorator.py
[2024-06-17T23:39:29.972+0000] {processor.py:840} INFO - DAG(s) 'example_branch_python_operator_decorator' retrieved from /home/airflow/.local/lib/python3.12/site-packages/airflow/example_dags/example_branch_operator_decorator.py
[2024-06-17T23:39:30.125+0000] {logging_mixin.py:188} INFO - [2024-06-17T23:39:30.125+0000] {dag.py:3096} INFO - Sync 1 DAGs
[2024-06-17T23:39:30.157+0000] {logging_mixin.py:188} INFO - [2024-06-17T23:39:30.157+0000] {dag.py:3954} INFO - Setting next_dagrun for example_branch_python_operator_decorator to 2024-06-16 00:00:00+00:00, run_after=2024-06-17 00:00:00+00:00
[2024-06-17T23:39:30.194+0000] {processor.py:183} INFO - Processing /home/airflow/.local/lib/python3.12/site-packages/airflow/example_dags/example_branch_operator_decorator.py took 0.267 seconds
[2024-06-17T23:40:00.980+0000] {processor.py:161} INFO - Started process (PID=165) to work on /home/airflow/.local/lib/python3.12/site-packages/airflow/example_dags/example_branch_operator_decorator.py
[2024-06-17T23:40:00.981+0000] {processor.py:830} INFO - Processing file /home/airflow/.local/lib/python3.12/site-packages/airflow/example_dags/example_branch_operator_decorator.py for tasks to queue
[2024-06-17T23:40:00.984+0000] {logging_mixin.py:188} INFO - [2024-06-17T23:40:00.983+0000] {dagbag.py:545} INFO - Filling up the DagBag from /home/airflow/.local/lib/python3.12/site-packages/airflow/example_dags/example_branch_operator_decorator.py
[2024-06-17T23:40:01.010+0000] {processor.py:840} INFO - DAG(s) 'example_branch_python_operator_decorator' retrieved from /home/airflow/.local/lib/python3.12/site-packages/airflow/example_dags/example_branch_operator_decorator.py
[2024-06-17T23:40:01.055+0000] {logging_mixin.py:188} INFO - [2024-06-17T23:40:01.054+0000] {dag.py:3096} INFO - Sync 1 DAGs
[2024-06-17T23:40:01.083+0000] {logging_mixin.py:188} INFO - [2024-06-17T23:40:01.083+0000] {dag.py:3954} INFO - Setting next_dagrun for example_branch_python_operator_decorator to 2024-06-16 00:00:00+00:00, run_after=2024-06-17 00:00:00+00:00
[2024-06-17T23:40:01.108+0000] {processor.py:183} INFO - Processing /home/airflow/.local/lib/python3.12/site-packages/airflow/example_dags/example_branch_operator_decorator.py took 0.138 seconds
[2024-06-17T23:40:31.940+0000] {processor.py:161} INFO - Started process (PID=225) to work on /home/airflow/.local/lib/python3.12/site-packages/airflow/example_dags/example_branch_operator_decorator.py
[2024-06-17T23:40:31.941+0000] {processor.py:830} INFO - Processing file /home/airflow/.local/lib/python3.12/site-packages/airflow/example_dags/example_branch_operator_decorator.py for tasks to queue
[2024-06-17T23:40:31.944+0000] {logging_mixin.py:188} INFO - [2024-06-17T23:40:31.943+0000] {dagbag.py:545} INFO - Filling up the DagBag from /home/airflow/.local/lib/python3.12/site-packages/airflow/example_dags/example_branch_operator_decorator.py
[2024-06-17T23:40:31.965+0000] {processor.py:840} INFO - DAG(s) 'example_branch_python_operator_decorator' retrieved from /home/airflow/.local/lib/python3.12/site-packages/airflow/example_dags/example_branch_operator_decorator.py
[2024-06-17T23:40:31.996+0000] {logging_mixin.py:188} INFO - [2024-06-17T23:40:31.996+0000] {dag.py:3096} INFO - Sync 1 DAGs
[2024-06-17T23:40:32.021+0000] {logging_mixin.py:188} INFO - [2024-06-17T23:40:32.021+0000] {dag.py:3954} INFO - Setting next_dagrun for example_branch_python_operator_decorator to 2024-06-16 00:00:00+00:00, run_after=2024-06-17 00:00:00+00:00
[2024-06-17T23:40:32.048+0000] {processor.py:183} INFO - Processing /home/airflow/.local/lib/python3.12/site-packages/airflow/example_dags/example_branch_operator_decorator.py took 0.114 seconds
[2024-06-17T23:41:02.546+0000] {processor.py:161} INFO - Started process (PID=285) to work on /home/airflow/.local/lib/python3.12/site-packages/airflow/example_dags/example_branch_operator_decorator.py
[2024-06-17T23:41:02.547+0000] {processor.py:830} INFO - Processing file /home/airflow/.local/lib/python3.12/site-packages/airflow/example_dags/example_branch_operator_decorator.py for tasks to queue
[2024-06-17T23:41:02.550+0000] {logging_mixin.py:188} INFO - [2024-06-17T23:41:02.549+0000] {dagbag.py:545} INFO - Filling up the DagBag from /home/airflow/.local/lib/python3.12/site-packages/airflow/example_dags/example_branch_operator_decorator.py
[2024-06-17T23:41:02.576+0000] {processor.py:840} INFO - DAG(s) 'example_branch_python_operator_decorator' retrieved from /home/airflow/.local/lib/python3.12/site-packages/airflow/example_dags/example_branch_operator_decorator.py
[2024-06-17T23:41:02.611+0000] {logging_mixin.py:188} INFO - [2024-06-17T23:41:02.611+0000] {dag.py:3096} INFO - Sync 1 DAGs
[2024-06-17T23:41:02.639+0000] {logging_mixin.py:188} INFO - [2024-06-17T23:41:02.639+0000] {dag.py:3954} INFO - Setting next_dagrun for example_branch_python_operator_decorator to 2024-06-16 00:00:00+00:00, run_after=2024-06-17 00:00:00+00:00
[2024-06-17T23:41:02.668+0000] {processor.py:183} INFO - Processing /home/airflow/.local/lib/python3.12/site-packages/airflow/example_dags/example_branch_operator_decorator.py took 0.128 seconds
[2024-06-17T23:41:32.714+0000] {processor.py:161} INFO - Started process (PID=343) to work on /home/airflow/.local/lib/python3.12/site-packages/airflow/example_dags/example_branch_operator_decorator.py
[2024-06-17T23:41:32.715+0000] {processor.py:830} INFO - Processing file /home/airflow/.local/lib/python3.12/site-packages/airflow/example_dags/example_branch_operator_decorator.py for tasks to queue
[2024-06-17T23:41:32.717+0000] {logging_mixin.py:188} INFO - [2024-06-17T23:41:32.717+0000] {dagbag.py:545} INFO - Filling up the DagBag from /home/airflow/.local/lib/python3.12/site-packages/airflow/example_dags/example_branch_operator_decorator.py
[2024-06-17T23:41:32.740+0000] {processor.py:840} INFO - DAG(s) 'example_branch_python_operator_decorator' retrieved from /home/airflow/.local/lib/python3.12/site-packages/airflow/example_dags/example_branch_operator_decorator.py
[2024-06-17T23:41:32.776+0000] {logging_mixin.py:188} INFO - [2024-06-17T23:41:32.776+0000] {dag.py:3096} INFO - Sync 1 DAGs
[2024-06-17T23:41:32.806+0000] {logging_mixin.py:188} INFO - [2024-06-17T23:41:32.806+0000] {dag.py:3954} INFO - Setting next_dagrun for example_branch_python_operator_decorator to 2024-06-16 00:00:00+00:00, run_after=2024-06-17 00:00:00+00:00
[2024-06-17T23:41:32.831+0000] {processor.py:183} INFO - Processing /home/airflow/.local/lib/python3.12/site-packages/airflow/example_dags/example_branch_operator_decorator.py took 0.124 seconds
[2024-06-17T23:42:02.975+0000] {processor.py:161} INFO - Started process (PID=403) to work on /home/airflow/.local/lib/python3.12/site-packages/airflow/example_dags/example_branch_operator_decorator.py
[2024-06-17T23:42:02.978+0000] {processor.py:830} INFO - Processing file /home/airflow/.local/lib/python3.12/site-packages/airflow/example_dags/example_branch_operator_decorator.py for tasks to queue
[2024-06-17T23:42:02.981+0000] {logging_mixin.py:188} INFO - [2024-06-17T23:42:02.980+0000] {dagbag.py:545} INFO - Filling up the DagBag from /home/airflow/.local/lib/python3.12/site-packages/airflow/example_dags/example_branch_operator_decorator.py
[2024-06-17T23:42:03.014+0000] {processor.py:840} INFO - DAG(s) 'example_branch_python_operator_decorator' retrieved from /home/airflow/.local/lib/python3.12/site-packages/airflow/example_dags/example_branch_operator_decorator.py
[2024-06-17T23:42:03.066+0000] {logging_mixin.py:188} INFO - [2024-06-17T23:42:03.066+0000] {dag.py:3096} INFO - Sync 1 DAGs
[2024-06-17T23:42:03.109+0000] {logging_mixin.py:188} INFO - [2024-06-17T23:42:03.108+0000] {dag.py:3954} INFO - Setting next_dagrun for example_branch_python_operator_decorator to 2024-06-16 00:00:00+00:00, run_after=2024-06-17 00:00:00+00:00
[2024-06-17T23:42:03.145+0000] {processor.py:183} INFO - Processing /home/airflow/.local/lib/python3.12/site-packages/airflow/example_dags/example_branch_operator_decorator.py took 0.181 seconds
[2024-06-17T23:42:33.596+0000] {processor.py:161} INFO - Started process (PID=463) to work on /home/airflow/.local/lib/python3.12/site-packages/airflow/example_dags/example_branch_operator_decorator.py
[2024-06-17T23:42:33.597+0000] {processor.py:830} INFO - Processing file /home/airflow/.local/lib/python3.12/site-packages/airflow/example_dags/example_branch_operator_decorator.py for tasks to queue
[2024-06-17T23:42:33.600+0000] {logging_mixin.py:188} INFO - [2024-06-17T23:42:33.599+0000] {dagbag.py:545} INFO - Filling up the DagBag from /home/airflow/.local/lib/python3.12/site-packages/airflow/example_dags/example_branch_operator_decorator.py
[2024-06-17T23:42:33.624+0000] {processor.py:840} INFO - DAG(s) 'example_branch_python_operator_decorator' retrieved from /home/airflow/.local/lib/python3.12/site-packages/airflow/example_dags/example_branch_operator_decorator.py
[2024-06-17T23:42:33.658+0000] {logging_mixin.py:188} INFO - [2024-06-17T23:42:33.658+0000] {dag.py:3096} INFO - Sync 1 DAGs
[2024-06-17T23:42:33.683+0000] {logging_mixin.py:188} INFO - [2024-06-17T23:42:33.683+0000] {dag.py:3954} INFO - Setting next_dagrun for example_branch_python_operator_decorator to 2024-06-16 00:00:00+00:00, run_after=2024-06-17 00:00:00+00:00
[2024-06-17T23:42:33.702+0000] {processor.py:183} INFO - Processing /home/airflow/.local/lib/python3.12/site-packages/airflow/example_dags/example_branch_operator_decorator.py took 0.115 seconds
[2024-06-17T23:43:03.789+0000] {processor.py:161} INFO - Started process (PID=523) to work on /home/airflow/.local/lib/python3.12/site-packages/airflow/example_dags/example_branch_operator_decorator.py
[2024-06-17T23:43:03.790+0000] {processor.py:830} INFO - Processing file /home/airflow/.local/lib/python3.12/site-packages/airflow/example_dags/example_branch_operator_decorator.py for tasks to queue
[2024-06-17T23:43:03.792+0000] {logging_mixin.py:188} INFO - [2024-06-17T23:43:03.792+0000] {dagbag.py:545} INFO - Filling up the DagBag from /home/airflow/.local/lib/python3.12/site-packages/airflow/example_dags/example_branch_operator_decorator.py
[2024-06-17T23:43:03.815+0000] {processor.py:840} INFO - DAG(s) 'example_branch_python_operator_decorator' retrieved from /home/airflow/.local/lib/python3.12/site-packages/airflow/example_dags/example_branch_operator_decorator.py
[2024-06-17T23:43:03.849+0000] {logging_mixin.py:188} INFO - [2024-06-17T23:43:03.849+0000] {dag.py:3096} INFO - Sync 1 DAGs
[2024-06-17T23:43:03.876+0000] {logging_mixin.py:188} INFO - [2024-06-17T23:43:03.876+0000] {dag.py:3954} INFO - Setting next_dagrun for example_branch_python_operator_decorator to 2024-06-16 00:00:00+00:00, run_after=2024-06-17 00:00:00+00:00
[2024-06-17T23:43:03.901+0000] {processor.py:183} INFO - Processing /home/airflow/.local/lib/python3.12/site-packages/airflow/example_dags/example_branch_operator_decorator.py took 0.120 seconds
[2024-06-17T23:43:34.260+0000] {processor.py:161} INFO - Started process (PID=583) to work on /home/airflow/.local/lib/python3.12/site-packages/airflow/example_dags/example_branch_operator_decorator.py
[2024-06-17T23:43:34.262+0000] {processor.py:830} INFO - Processing file /home/airflow/.local/lib/python3.12/site-packages/airflow/example_dags/example_branch_operator_decorator.py for tasks to queue
[2024-06-17T23:43:34.264+0000] {logging_mixin.py:188} INFO - [2024-06-17T23:43:34.264+0000] {dagbag.py:545} INFO - Filling up the DagBag from /home/airflow/.local/lib/python3.12/site-packages/airflow/example_dags/example_branch_operator_decorator.py
[2024-06-17T23:43:34.288+0000] {processor.py:840} INFO - DAG(s) 'example_branch_python_operator_decorator' retrieved from /home/airflow/.local/lib/python3.12/site-packages/airflow/example_dags/example_branch_operator_decorator.py
[2024-06-17T23:43:34.325+0000] {logging_mixin.py:188} INFO - [2024-06-17T23:43:34.325+0000] {dag.py:3096} INFO - Sync 1 DAGs
[2024-06-17T23:43:34.353+0000] {logging_mixin.py:188} INFO - [2024-06-17T23:43:34.352+0000] {dag.py:3954} INFO - Setting next_dagrun for example_branch_python_operator_decorator to 2024-06-16 00:00:00+00:00, run_after=2024-06-17 00:00:00+00:00
[2024-06-17T23:43:34.375+0000] {processor.py:183} INFO - Processing /home/airflow/.local/lib/python3.12/site-packages/airflow/example_dags/example_branch_operator_decorator.py took 0.122 seconds
[2024-06-17T23:44:04.529+0000] {processor.py:161} INFO - Started process (PID=643) to work on /home/airflow/.local/lib/python3.12/site-packages/airflow/example_dags/example_branch_operator_decorator.py
[2024-06-17T23:44:04.530+0000] {processor.py:830} INFO - Processing file /home/airflow/.local/lib/python3.12/site-packages/airflow/example_dags/example_branch_operator_decorator.py for tasks to queue
[2024-06-17T23:44:04.533+0000] {logging_mixin.py:188} INFO - [2024-06-17T23:44:04.533+0000] {dagbag.py:545} INFO - Filling up the DagBag from /home/airflow/.local/lib/python3.12/site-packages/airflow/example_dags/example_branch_operator_decorator.py
[2024-06-17T23:44:04.561+0000] {processor.py:840} INFO - DAG(s) 'example_branch_python_operator_decorator' retrieved from /home/airflow/.local/lib/python3.12/site-packages/airflow/example_dags/example_branch_operator_decorator.py
[2024-06-17T23:44:04.600+0000] {logging_mixin.py:188} INFO - [2024-06-17T23:44:04.599+0000] {dag.py:3096} INFO - Sync 1 DAGs
[2024-06-17T23:44:04.643+0000] {logging_mixin.py:188} INFO - [2024-06-17T23:44:04.642+0000] {dag.py:3954} INFO - Setting next_dagrun for example_branch_python_operator_decorator to 2024-06-16 00:00:00+00:00, run_after=2024-06-17 00:00:00+00:00
[2024-06-17T23:44:04.686+0000] {processor.py:183} INFO - Processing /home/airflow/.local/lib/python3.12/site-packages/airflow/example_dags/example_branch_operator_decorator.py took 0.166 seconds
[2024-06-17T23:44:34.781+0000] {processor.py:161} INFO - Started process (PID=703) to work on /home/airflow/.local/lib/python3.12/site-packages/airflow/example_dags/example_branch_operator_decorator.py
[2024-06-17T23:44:34.782+0000] {processor.py:830} INFO - Processing file /home/airflow/.local/lib/python3.12/site-packages/airflow/example_dags/example_branch_operator_decorator.py for tasks to queue
[2024-06-17T23:44:34.785+0000] {logging_mixin.py:188} INFO - [2024-06-17T23:44:34.784+0000] {dagbag.py:545} INFO - Filling up the DagBag from /home/airflow/.local/lib/python3.12/site-packages/airflow/example_dags/example_branch_operator_decorator.py
[2024-06-17T23:44:34.807+0000] {processor.py:840} INFO - DAG(s) 'example_branch_python_operator_decorator' retrieved from /home/airflow/.local/lib/python3.12/site-packages/airflow/example_dags/example_branch_operator_decorator.py
[2024-06-17T23:44:34.839+0000] {logging_mixin.py:188} INFO - [2024-06-17T23:44:34.839+0000] {dag.py:3096} INFO - Sync 1 DAGs
[2024-06-17T23:44:34.867+0000] {logging_mixin.py:188} INFO - [2024-06-17T23:44:34.867+0000] {dag.py:3954} INFO - Setting next_dagrun for example_branch_python_operator_decorator to 2024-06-16 00:00:00+00:00, run_after=2024-06-17 00:00:00+00:00
[2024-06-17T23:44:34.891+0000] {processor.py:183} INFO - Processing /home/airflow/.local/lib/python3.12/site-packages/airflow/example_dags/example_branch_operator_decorator.py took 0.119 seconds
[2024-06-17T23:45:05.210+0000] {processor.py:161} INFO - Started process (PID=763) to work on /home/airflow/.local/lib/python3.12/site-packages/airflow/example_dags/example_branch_operator_decorator.py
[2024-06-17T23:45:05.211+0000] {processor.py:830} INFO - Processing file /home/airflow/.local/lib/python3.12/site-packages/airflow/example_dags/example_branch_operator_decorator.py for tasks to queue
[2024-06-17T23:45:05.213+0000] {logging_mixin.py:188} INFO - [2024-06-17T23:45:05.212+0000] {dagbag.py:545} INFO - Filling up the DagBag from /home/airflow/.local/lib/python3.12/site-packages/airflow/example_dags/example_branch_operator_decorator.py
[2024-06-17T23:45:05.236+0000] {processor.py:840} INFO - DAG(s) 'example_branch_python_operator_decorator' retrieved from /home/airflow/.local/lib/python3.12/site-packages/airflow/example_dags/example_branch_operator_decorator.py
[2024-06-17T23:45:05.268+0000] {logging_mixin.py:188} INFO - [2024-06-17T23:45:05.268+0000] {dag.py:3096} INFO - Sync 1 DAGs
[2024-06-17T23:45:05.298+0000] {logging_mixin.py:188} INFO - [2024-06-17T23:45:05.297+0000] {dag.py:3954} INFO - Setting next_dagrun for example_branch_python_operator_decorator to 2024-06-16 00:00:00+00:00, run_after=2024-06-17 00:00:00+00:00
[2024-06-17T23:45:05.318+0000] {processor.py:183} INFO - Processing /home/airflow/.local/lib/python3.12/site-packages/airflow/example_dags/example_branch_operator_decorator.py took 0.115 seconds
[2024-06-17T23:45:35.464+0000] {processor.py:161} INFO - Started process (PID=823) to work on /home/airflow/.local/lib/python3.12/site-packages/airflow/example_dags/example_branch_operator_decorator.py
[2024-06-17T23:45:35.465+0000] {processor.py:830} INFO - Processing file /home/airflow/.local/lib/python3.12/site-packages/airflow/example_dags/example_branch_operator_decorator.py for tasks to queue
[2024-06-17T23:45:35.468+0000] {logging_mixin.py:188} INFO - [2024-06-17T23:45:35.467+0000] {dagbag.py:545} INFO - Filling up the DagBag from /home/airflow/.local/lib/python3.12/site-packages/airflow/example_dags/example_branch_operator_decorator.py
[2024-06-17T23:45:35.493+0000] {processor.py:840} INFO - DAG(s) 'example_branch_python_operator_decorator' retrieved from /home/airflow/.local/lib/python3.12/site-packages/airflow/example_dags/example_branch_operator_decorator.py
[2024-06-17T23:45:35.524+0000] {logging_mixin.py:188} INFO - [2024-06-17T23:45:35.524+0000] {dag.py:3096} INFO - Sync 1 DAGs
[2024-06-17T23:45:35.550+0000] {logging_mixin.py:188} INFO - [2024-06-17T23:45:35.550+0000] {dag.py:3954} INFO - Setting next_dagrun for example_branch_python_operator_decorator to 2024-06-16 00:00:00+00:00, run_after=2024-06-17 00:00:00+00:00
[2024-06-17T23:45:35.571+0000] {processor.py:183} INFO - Processing /home/airflow/.local/lib/python3.12/site-packages/airflow/example_dags/example_branch_operator_decorator.py took 0.114 seconds
[2024-06-17T23:46:05.603+0000] {processor.py:161} INFO - Started process (PID=883) to work on /home/airflow/.local/lib/python3.12/site-packages/airflow/example_dags/example_branch_operator_decorator.py
[2024-06-17T23:46:05.604+0000] {processor.py:830} INFO - Processing file /home/airflow/.local/lib/python3.12/site-packages/airflow/example_dags/example_branch_operator_decorator.py for tasks to queue
[2024-06-17T23:46:05.607+0000] {logging_mixin.py:188} INFO - [2024-06-17T23:46:05.607+0000] {dagbag.py:545} INFO - Filling up the DagBag from /home/airflow/.local/lib/python3.12/site-packages/airflow/example_dags/example_branch_operator_decorator.py
[2024-06-17T23:46:05.638+0000] {processor.py:840} INFO - DAG(s) 'example_branch_python_operator_decorator' retrieved from /home/airflow/.local/lib/python3.12/site-packages/airflow/example_dags/example_branch_operator_decorator.py
[2024-06-17T23:46:05.682+0000] {logging_mixin.py:188} INFO - [2024-06-17T23:46:05.682+0000] {dag.py:3096} INFO - Sync 1 DAGs
[2024-06-17T23:46:05.711+0000] {logging_mixin.py:188} INFO - [2024-06-17T23:46:05.711+0000] {dag.py:3954} INFO - Setting next_dagrun for example_branch_python_operator_decorator to 2024-06-16 00:00:00+00:00, run_after=2024-06-17 00:00:00+00:00
[2024-06-17T23:46:05.730+0000] {processor.py:183} INFO - Processing /home/airflow/.local/lib/python3.12/site-packages/airflow/example_dags/example_branch_operator_decorator.py took 0.136 seconds
[2024-06-17T23:46:36.073+0000] {processor.py:161} INFO - Started process (PID=943) to work on /home/airflow/.local/lib/python3.12/site-packages/airflow/example_dags/example_branch_operator_decorator.py
[2024-06-17T23:46:36.074+0000] {processor.py:830} INFO - Processing file /home/airflow/.local/lib/python3.12/site-packages/airflow/example_dags/example_branch_operator_decorator.py for tasks to queue
[2024-06-17T23:46:36.076+0000] {logging_mixin.py:188} INFO - [2024-06-17T23:46:36.076+0000] {dagbag.py:545} INFO - Filling up the DagBag from /home/airflow/.local/lib/python3.12/site-packages/airflow/example_dags/example_branch_operator_decorator.py
[2024-06-17T23:46:36.099+0000] {processor.py:840} INFO - DAG(s) 'example_branch_python_operator_decorator' retrieved from /home/airflow/.local/lib/python3.12/site-packages/airflow/example_dags/example_branch_operator_decorator.py
[2024-06-17T23:46:36.133+0000] {logging_mixin.py:188} INFO - [2024-06-17T23:46:36.133+0000] {dag.py:3096} INFO - Sync 1 DAGs
[2024-06-17T23:46:36.162+0000] {logging_mixin.py:188} INFO - [2024-06-17T23:46:36.161+0000] {dag.py:3954} INFO - Setting next_dagrun for example_branch_python_operator_decorator to 2024-06-16 00:00:00+00:00, run_after=2024-06-17 00:00:00+00:00
[2024-06-17T23:46:36.183+0000] {processor.py:183} INFO - Processing /home/airflow/.local/lib/python3.12/site-packages/airflow/example_dags/example_branch_operator_decorator.py took 0.118 seconds
[2024-06-17T23:47:06.477+0000] {processor.py:161} INFO - Started process (PID=1003) to work on /home/airflow/.local/lib/python3.12/site-packages/airflow/example_dags/example_branch_operator_decorator.py
[2024-06-17T23:47:06.478+0000] {processor.py:830} INFO - Processing file /home/airflow/.local/lib/python3.12/site-packages/airflow/example_dags/example_branch_operator_decorator.py for tasks to queue
[2024-06-17T23:47:06.480+0000] {logging_mixin.py:188} INFO - [2024-06-17T23:47:06.480+0000] {dagbag.py:545} INFO - Filling up the DagBag from /home/airflow/.local/lib/python3.12/site-packages/airflow/example_dags/example_branch_operator_decorator.py
[2024-06-17T23:47:06.503+0000] {processor.py:840} INFO - DAG(s) 'example_branch_python_operator_decorator' retrieved from /home/airflow/.local/lib/python3.12/site-packages/airflow/example_dags/example_branch_operator_decorator.py
[2024-06-17T23:47:06.538+0000] {logging_mixin.py:188} INFO - [2024-06-17T23:47:06.538+0000] {dag.py:3096} INFO - Sync 1 DAGs
[2024-06-17T23:47:06.567+0000] {logging_mixin.py:188} INFO - [2024-06-17T23:47:06.567+0000] {dag.py:3954} INFO - Setting next_dagrun for example_branch_python_operator_decorator to 2024-06-16 00:00:00+00:00, run_after=2024-06-17 00:00:00+00:00
[2024-06-17T23:47:06.588+0000] {processor.py:183} INFO - Processing /home/airflow/.local/lib/python3.12/site-packages/airflow/example_dags/example_branch_operator_decorator.py took 0.119 seconds
[2024-06-17T23:47:37.173+0000] {processor.py:161} INFO - Started process (PID=1063) to work on /home/airflow/.local/lib/python3.12/site-packages/airflow/example_dags/example_branch_operator_decorator.py
[2024-06-17T23:47:37.175+0000] {processor.py:830} INFO - Processing file /home/airflow/.local/lib/python3.12/site-packages/airflow/example_dags/example_branch_operator_decorator.py for tasks to queue
[2024-06-17T23:47:37.177+0000] {logging_mixin.py:188} INFO - [2024-06-17T23:47:37.177+0000] {dagbag.py:545} INFO - Filling up the DagBag from /home/airflow/.local/lib/python3.12/site-packages/airflow/example_dags/example_branch_operator_decorator.py
[2024-06-17T23:47:37.204+0000] {processor.py:840} INFO - DAG(s) 'example_branch_python_operator_decorator' retrieved from /home/airflow/.local/lib/python3.12/site-packages/airflow/example_dags/example_branch_operator_decorator.py
[2024-06-17T23:47:37.239+0000] {logging_mixin.py:188} INFO - [2024-06-17T23:47:37.239+0000] {dag.py:3096} INFO - Sync 1 DAGs
[2024-06-17T23:47:37.269+0000] {logging_mixin.py:188} INFO - [2024-06-17T23:47:37.268+0000] {dag.py:3954} INFO - Setting next_dagrun for example_branch_python_operator_decorator to 2024-06-16 00:00:00+00:00, run_after=2024-06-17 00:00:00+00:00
[2024-06-17T23:47:37.294+0000] {processor.py:183} INFO - Processing /home/airflow/.local/lib/python3.12/site-packages/airflow/example_dags/example_branch_operator_decorator.py took 0.130 seconds
[2024-06-17T23:48:07.459+0000] {processor.py:161} INFO - Started process (PID=1123) to work on /home/airflow/.local/lib/python3.12/site-packages/airflow/example_dags/example_branch_operator_decorator.py
[2024-06-17T23:48:07.462+0000] {processor.py:830} INFO - Processing file /home/airflow/.local/lib/python3.12/site-packages/airflow/example_dags/example_branch_operator_decorator.py for tasks to queue
[2024-06-17T23:48:07.467+0000] {logging_mixin.py:188} INFO - [2024-06-17T23:48:07.466+0000] {dagbag.py:545} INFO - Filling up the DagBag from /home/airflow/.local/lib/python3.12/site-packages/airflow/example_dags/example_branch_operator_decorator.py
[2024-06-17T23:48:07.501+0000] {processor.py:840} INFO - DAG(s) 'example_branch_python_operator_decorator' retrieved from /home/airflow/.local/lib/python3.12/site-packages/airflow/example_dags/example_branch_operator_decorator.py
[2024-06-17T23:48:07.551+0000] {logging_mixin.py:188} INFO - [2024-06-17T23:48:07.550+0000] {dag.py:3096} INFO - Sync 1 DAGs
[2024-06-17T23:48:07.591+0000] {logging_mixin.py:188} INFO - [2024-06-17T23:48:07.591+0000] {dag.py:3954} INFO - Setting next_dagrun for example_branch_python_operator_decorator to 2024-06-16 00:00:00+00:00, run_after=2024-06-17 00:00:00+00:00
[2024-06-17T23:48:07.623+0000] {processor.py:183} INFO - Processing /home/airflow/.local/lib/python3.12/site-packages/airflow/example_dags/example_branch_operator_decorator.py took 0.175 seconds
[2024-06-17T23:48:38.484+0000] {processor.py:161} INFO - Started process (PID=1183) to work on /home/airflow/.local/lib/python3.12/site-packages/airflow/example_dags/example_branch_operator_decorator.py
[2024-06-17T23:48:38.486+0000] {processor.py:830} INFO - Processing file /home/airflow/.local/lib/python3.12/site-packages/airflow/example_dags/example_branch_operator_decorator.py for tasks to queue
[2024-06-17T23:48:38.488+0000] {logging_mixin.py:188} INFO - [2024-06-17T23:48:38.488+0000] {dagbag.py:545} INFO - Filling up the DagBag from /home/airflow/.local/lib/python3.12/site-packages/airflow/example_dags/example_branch_operator_decorator.py
[2024-06-17T23:48:38.525+0000] {processor.py:840} INFO - DAG(s) 'example_branch_python_operator_decorator' retrieved from /home/airflow/.local/lib/python3.12/site-packages/airflow/example_dags/example_branch_operator_decorator.py
[2024-06-17T23:48:38.563+0000] {logging_mixin.py:188} INFO - [2024-06-17T23:48:38.563+0000] {dag.py:3096} INFO - Sync 1 DAGs
[2024-06-17T23:48:38.594+0000] {logging_mixin.py:188} INFO - [2024-06-17T23:48:38.594+0000] {dag.py:3954} INFO - Setting next_dagrun for example_branch_python_operator_decorator to 2024-06-16 00:00:00+00:00, run_after=2024-06-17 00:00:00+00:00
[2024-06-17T23:48:38.617+0000] {processor.py:183} INFO - Processing /home/airflow/.local/lib/python3.12/site-packages/airflow/example_dags/example_branch_operator_decorator.py took 0.141 seconds
[2024-06-17T23:49:09.001+0000] {processor.py:161} INFO - Started process (PID=1243) to work on /home/airflow/.local/lib/python3.12/site-packages/airflow/example_dags/example_branch_operator_decorator.py
[2024-06-17T23:49:09.002+0000] {processor.py:830} INFO - Processing file /home/airflow/.local/lib/python3.12/site-packages/airflow/example_dags/example_branch_operator_decorator.py for tasks to queue
[2024-06-17T23:49:09.004+0000] {logging_mixin.py:188} INFO - [2024-06-17T23:49:09.004+0000] {dagbag.py:545} INFO - Filling up the DagBag from /home/airflow/.local/lib/python3.12/site-packages/airflow/example_dags/example_branch_operator_decorator.py
[2024-06-17T23:49:09.028+0000] {processor.py:840} INFO - DAG(s) 'example_branch_python_operator_decorator' retrieved from /home/airflow/.local/lib/python3.12/site-packages/airflow/example_dags/example_branch_operator_decorator.py
[2024-06-17T23:49:09.063+0000] {logging_mixin.py:188} INFO - [2024-06-17T23:49:09.062+0000] {dag.py:3096} INFO - Sync 1 DAGs
[2024-06-17T23:49:09.095+0000] {logging_mixin.py:188} INFO - [2024-06-17T23:49:09.095+0000] {dag.py:3954} INFO - Setting next_dagrun for example_branch_python_operator_decorator to 2024-06-16 00:00:00+00:00, run_after=2024-06-17 00:00:00+00:00
[2024-06-17T23:49:09.116+0000] {processor.py:183} INFO - Processing /home/airflow/.local/lib/python3.12/site-packages/airflow/example_dags/example_branch_operator_decorator.py took 0.123 seconds
[2024-06-17T23:49:39.473+0000] {processor.py:161} INFO - Started process (PID=1303) to work on /home/airflow/.local/lib/python3.12/site-packages/airflow/example_dags/example_branch_operator_decorator.py
[2024-06-17T23:49:39.474+0000] {processor.py:830} INFO - Processing file /home/airflow/.local/lib/python3.12/site-packages/airflow/example_dags/example_branch_operator_decorator.py for tasks to queue
[2024-06-17T23:49:39.476+0000] {logging_mixin.py:188} INFO - [2024-06-17T23:49:39.476+0000] {dagbag.py:545} INFO - Filling up the DagBag from /home/airflow/.local/lib/python3.12/site-packages/airflow/example_dags/example_branch_operator_decorator.py
[2024-06-17T23:49:39.498+0000] {processor.py:840} INFO - DAG(s) 'example_branch_python_operator_decorator' retrieved from /home/airflow/.local/lib/python3.12/site-packages/airflow/example_dags/example_branch_operator_decorator.py
[2024-06-17T23:49:39.540+0000] {logging_mixin.py:188} INFO - [2024-06-17T23:49:39.539+0000] {dag.py:3096} INFO - Sync 1 DAGs
[2024-06-17T23:49:39.568+0000] {logging_mixin.py:188} INFO - [2024-06-17T23:49:39.567+0000] {dag.py:3954} INFO - Setting next_dagrun for example_branch_python_operator_decorator to 2024-06-16 00:00:00+00:00, run_after=2024-06-17 00:00:00+00:00
[2024-06-17T23:49:39.589+0000] {processor.py:183} INFO - Processing /home/airflow/.local/lib/python3.12/site-packages/airflow/example_dags/example_branch_operator_decorator.py took 0.123 seconds
[2024-06-17T23:50:09.637+0000] {processor.py:161} INFO - Started process (PID=1363) to work on /home/airflow/.local/lib/python3.12/site-packages/airflow/example_dags/example_branch_operator_decorator.py
[2024-06-17T23:50:09.638+0000] {processor.py:830} INFO - Processing file /home/airflow/.local/lib/python3.12/site-packages/airflow/example_dags/example_branch_operator_decorator.py for tasks to queue
[2024-06-17T23:50:09.641+0000] {logging_mixin.py:188} INFO - [2024-06-17T23:50:09.640+0000] {dagbag.py:545} INFO - Filling up the DagBag from /home/airflow/.local/lib/python3.12/site-packages/airflow/example_dags/example_branch_operator_decorator.py
[2024-06-17T23:50:09.670+0000] {processor.py:840} INFO - DAG(s) 'example_branch_python_operator_decorator' retrieved from /home/airflow/.local/lib/python3.12/site-packages/airflow/example_dags/example_branch_operator_decorator.py
[2024-06-17T23:50:09.712+0000] {logging_mixin.py:188} INFO - [2024-06-17T23:50:09.712+0000] {dag.py:3096} INFO - Sync 1 DAGs
[2024-06-17T23:50:09.749+0000] {logging_mixin.py:188} INFO - [2024-06-17T23:50:09.748+0000] {dag.py:3954} INFO - Setting next_dagrun for example_branch_python_operator_decorator to 2024-06-16 00:00:00+00:00, run_after=2024-06-17 00:00:00+00:00
[2024-06-17T23:50:09.940+0000] {processor.py:183} INFO - Processing /home/airflow/.local/lib/python3.12/site-packages/airflow/example_dags/example_branch_operator_decorator.py took 0.312 seconds
[2024-06-17T23:50:40.212+0000] {processor.py:161} INFO - Started process (PID=1423) to work on /home/airflow/.local/lib/python3.12/site-packages/airflow/example_dags/example_branch_operator_decorator.py
[2024-06-17T23:50:40.214+0000] {processor.py:830} INFO - Processing file /home/airflow/.local/lib/python3.12/site-packages/airflow/example_dags/example_branch_operator_decorator.py for tasks to queue
[2024-06-17T23:50:40.216+0000] {logging_mixin.py:188} INFO - [2024-06-17T23:50:40.215+0000] {dagbag.py:545} INFO - Filling up the DagBag from /home/airflow/.local/lib/python3.12/site-packages/airflow/example_dags/example_branch_operator_decorator.py
[2024-06-17T23:50:40.249+0000] {processor.py:840} INFO - DAG(s) 'example_branch_python_operator_decorator' retrieved from /home/airflow/.local/lib/python3.12/site-packages/airflow/example_dags/example_branch_operator_decorator.py
[2024-06-17T23:50:40.295+0000] {logging_mixin.py:188} INFO - [2024-06-17T23:50:40.294+0000] {dag.py:3096} INFO - Sync 1 DAGs
[2024-06-17T23:50:40.326+0000] {logging_mixin.py:188} INFO - [2024-06-17T23:50:40.325+0000] {dag.py:3954} INFO - Setting next_dagrun for example_branch_python_operator_decorator to 2024-06-16 00:00:00+00:00, run_after=2024-06-17 00:00:00+00:00
[2024-06-17T23:50:40.350+0000] {processor.py:183} INFO - Processing /home/airflow/.local/lib/python3.12/site-packages/airflow/example_dags/example_branch_operator_decorator.py took 0.146 seconds
[2024-06-17T23:51:10.586+0000] {processor.py:161} INFO - Started process (PID=1483) to work on /home/airflow/.local/lib/python3.12/site-packages/airflow/example_dags/example_branch_operator_decorator.py
[2024-06-17T23:51:10.587+0000] {processor.py:830} INFO - Processing file /home/airflow/.local/lib/python3.12/site-packages/airflow/example_dags/example_branch_operator_decorator.py for tasks to queue
[2024-06-17T23:51:10.590+0000] {logging_mixin.py:188} INFO - [2024-06-17T23:51:10.589+0000] {dagbag.py:545} INFO - Filling up the DagBag from /home/airflow/.local/lib/python3.12/site-packages/airflow/example_dags/example_branch_operator_decorator.py
[2024-06-17T23:51:10.612+0000] {processor.py:840} INFO - DAG(s) 'example_branch_python_operator_decorator' retrieved from /home/airflow/.local/lib/python3.12/site-packages/airflow/example_dags/example_branch_operator_decorator.py
[2024-06-17T23:51:10.653+0000] {logging_mixin.py:188} INFO - [2024-06-17T23:51:10.653+0000] {dag.py:3096} INFO - Sync 1 DAGs
[2024-06-17T23:51:10.694+0000] {logging_mixin.py:188} INFO - [2024-06-17T23:51:10.693+0000] {dag.py:3954} INFO - Setting next_dagrun for example_branch_python_operator_decorator to 2024-06-16 00:00:00+00:00, run_after=2024-06-17 00:00:00+00:00
[2024-06-17T23:51:10.723+0000] {processor.py:183} INFO - Processing /home/airflow/.local/lib/python3.12/site-packages/airflow/example_dags/example_branch_operator_decorator.py took 0.144 seconds
[2024-06-17T23:51:41.381+0000] {processor.py:161} INFO - Started process (PID=1549) to work on /home/airflow/.local/lib/python3.12/site-packages/airflow/example_dags/example_branch_operator_decorator.py
[2024-06-17T23:51:41.382+0000] {processor.py:830} INFO - Processing file /home/airflow/.local/lib/python3.12/site-packages/airflow/example_dags/example_branch_operator_decorator.py for tasks to queue
[2024-06-17T23:51:41.385+0000] {logging_mixin.py:188} INFO - [2024-06-17T23:51:41.384+0000] {dagbag.py:545} INFO - Filling up the DagBag from /home/airflow/.local/lib/python3.12/site-packages/airflow/example_dags/example_branch_operator_decorator.py
[2024-06-17T23:51:41.415+0000] {processor.py:840} INFO - DAG(s) 'example_branch_python_operator_decorator' retrieved from /home/airflow/.local/lib/python3.12/site-packages/airflow/example_dags/example_branch_operator_decorator.py
[2024-06-17T23:51:41.452+0000] {logging_mixin.py:188} INFO - [2024-06-17T23:51:41.452+0000] {dag.py:3096} INFO - Sync 1 DAGs
[2024-06-17T23:51:41.481+0000] {logging_mixin.py:188} INFO - [2024-06-17T23:51:41.480+0000] {dag.py:3954} INFO - Setting next_dagrun for example_branch_python_operator_decorator to 2024-06-16 00:00:00+00:00, run_after=2024-06-17 00:00:00+00:00
[2024-06-17T23:51:41.504+0000] {processor.py:183} INFO - Processing /home/airflow/.local/lib/python3.12/site-packages/airflow/example_dags/example_branch_operator_decorator.py took 0.132 seconds
[2024-06-17T23:52:11.691+0000] {processor.py:161} INFO - Started process (PID=1609) to work on /home/airflow/.local/lib/python3.12/site-packages/airflow/example_dags/example_branch_operator_decorator.py
[2024-06-17T23:52:11.692+0000] {processor.py:830} INFO - Processing file /home/airflow/.local/lib/python3.12/site-packages/airflow/example_dags/example_branch_operator_decorator.py for tasks to queue
[2024-06-17T23:52:11.694+0000] {logging_mixin.py:188} INFO - [2024-06-17T23:52:11.694+0000] {dagbag.py:545} INFO - Filling up the DagBag from /home/airflow/.local/lib/python3.12/site-packages/airflow/example_dags/example_branch_operator_decorator.py
[2024-06-17T23:52:11.718+0000] {processor.py:840} INFO - DAG(s) 'example_branch_python_operator_decorator' retrieved from /home/airflow/.local/lib/python3.12/site-packages/airflow/example_dags/example_branch_operator_decorator.py
[2024-06-17T23:52:11.764+0000] {logging_mixin.py:188} INFO - [2024-06-17T23:52:11.764+0000] {dag.py:3096} INFO - Sync 1 DAGs
[2024-06-17T23:52:11.793+0000] {logging_mixin.py:188} INFO - [2024-06-17T23:52:11.793+0000] {dag.py:3954} INFO - Setting next_dagrun for example_branch_python_operator_decorator to 2024-06-16 00:00:00+00:00, run_after=2024-06-17 00:00:00+00:00
[2024-06-17T23:52:11.814+0000] {processor.py:183} INFO - Processing /home/airflow/.local/lib/python3.12/site-packages/airflow/example_dags/example_branch_operator_decorator.py took 0.130 seconds
[2024-06-17T23:52:42.335+0000] {processor.py:161} INFO - Started process (PID=1669) to work on /home/airflow/.local/lib/python3.12/site-packages/airflow/example_dags/example_branch_operator_decorator.py
[2024-06-17T23:52:42.337+0000] {processor.py:830} INFO - Processing file /home/airflow/.local/lib/python3.12/site-packages/airflow/example_dags/example_branch_operator_decorator.py for tasks to queue
[2024-06-17T23:52:42.340+0000] {logging_mixin.py:188} INFO - [2024-06-17T23:52:42.339+0000] {dagbag.py:545} INFO - Filling up the DagBag from /home/airflow/.local/lib/python3.12/site-packages/airflow/example_dags/example_branch_operator_decorator.py
[2024-06-17T23:52:42.367+0000] {processor.py:840} INFO - DAG(s) 'example_branch_python_operator_decorator' retrieved from /home/airflow/.local/lib/python3.12/site-packages/airflow/example_dags/example_branch_operator_decorator.py
[2024-06-17T23:52:42.401+0000] {logging_mixin.py:188} INFO - [2024-06-17T23:52:42.400+0000] {dag.py:3096} INFO - Sync 1 DAGs
[2024-06-17T23:52:42.436+0000] {logging_mixin.py:188} INFO - [2024-06-17T23:52:42.435+0000] {dag.py:3954} INFO - Setting next_dagrun for example_branch_python_operator_decorator to 2024-06-16 00:00:00+00:00, run_after=2024-06-17 00:00:00+00:00
[2024-06-17T23:52:42.471+0000] {processor.py:183} INFO - Processing /home/airflow/.local/lib/python3.12/site-packages/airflow/example_dags/example_branch_operator_decorator.py took 0.146 seconds
[2024-06-17T23:53:13.055+0000] {processor.py:161} INFO - Started process (PID=1729) to work on /home/airflow/.local/lib/python3.12/site-packages/airflow/example_dags/example_branch_operator_decorator.py
[2024-06-17T23:53:13.057+0000] {processor.py:830} INFO - Processing file /home/airflow/.local/lib/python3.12/site-packages/airflow/example_dags/example_branch_operator_decorator.py for tasks to queue
[2024-06-17T23:53:13.061+0000] {logging_mixin.py:188} INFO - [2024-06-17T23:53:13.060+0000] {dagbag.py:545} INFO - Filling up the DagBag from /home/airflow/.local/lib/python3.12/site-packages/airflow/example_dags/example_branch_operator_decorator.py
[2024-06-17T23:53:13.098+0000] {processor.py:840} INFO - DAG(s) 'example_branch_python_operator_decorator' retrieved from /home/airflow/.local/lib/python3.12/site-packages/airflow/example_dags/example_branch_operator_decorator.py
[2024-06-17T23:53:13.372+0000] {logging_mixin.py:188} INFO - [2024-06-17T23:53:13.372+0000] {dag.py:3096} INFO - Sync 1 DAGs
[2024-06-17T23:53:13.407+0000] {logging_mixin.py:188} INFO - [2024-06-17T23:53:13.407+0000] {dag.py:3954} INFO - Setting next_dagrun for example_branch_python_operator_decorator to 2024-06-16 00:00:00+00:00, run_after=2024-06-17 00:00:00+00:00
[2024-06-17T23:53:13.440+0000] {processor.py:183} INFO - Processing /home/airflow/.local/lib/python3.12/site-packages/airflow/example_dags/example_branch_operator_decorator.py took 0.398 seconds
[2024-06-17T23:53:43.575+0000] {processor.py:161} INFO - Started process (PID=1789) to work on /home/airflow/.local/lib/python3.12/site-packages/airflow/example_dags/example_branch_operator_decorator.py
[2024-06-17T23:53:43.576+0000] {processor.py:830} INFO - Processing file /home/airflow/.local/lib/python3.12/site-packages/airflow/example_dags/example_branch_operator_decorator.py for tasks to queue
[2024-06-17T23:53:43.578+0000] {logging_mixin.py:188} INFO - [2024-06-17T23:53:43.578+0000] {dagbag.py:545} INFO - Filling up the DagBag from /home/airflow/.local/lib/python3.12/site-packages/airflow/example_dags/example_branch_operator_decorator.py
[2024-06-17T23:53:43.600+0000] {processor.py:840} INFO - DAG(s) 'example_branch_python_operator_decorator' retrieved from /home/airflow/.local/lib/python3.12/site-packages/airflow/example_dags/example_branch_operator_decorator.py
[2024-06-17T23:53:43.635+0000] {logging_mixin.py:188} INFO - [2024-06-17T23:53:43.635+0000] {dag.py:3096} INFO - Sync 1 DAGs
[2024-06-17T23:53:43.669+0000] {logging_mixin.py:188} INFO - [2024-06-17T23:53:43.669+0000] {dag.py:3954} INFO - Setting next_dagrun for example_branch_python_operator_decorator to 2024-06-16 00:00:00+00:00, run_after=2024-06-17 00:00:00+00:00
[2024-06-17T23:53:43.697+0000] {processor.py:183} INFO - Processing /home/airflow/.local/lib/python3.12/site-packages/airflow/example_dags/example_branch_operator_decorator.py took 0.129 seconds
[2024-06-17T23:54:13.800+0000] {processor.py:161} INFO - Started process (PID=1848) to work on /home/airflow/.local/lib/python3.12/site-packages/airflow/example_dags/example_branch_operator_decorator.py
[2024-06-17T23:54:13.801+0000] {processor.py:830} INFO - Processing file /home/airflow/.local/lib/python3.12/site-packages/airflow/example_dags/example_branch_operator_decorator.py for tasks to queue
[2024-06-17T23:54:13.804+0000] {logging_mixin.py:188} INFO - [2024-06-17T23:54:13.803+0000] {dagbag.py:545} INFO - Filling up the DagBag from /home/airflow/.local/lib/python3.12/site-packages/airflow/example_dags/example_branch_operator_decorator.py
[2024-06-17T23:54:13.826+0000] {processor.py:840} INFO - DAG(s) 'example_branch_python_operator_decorator' retrieved from /home/airflow/.local/lib/python3.12/site-packages/airflow/example_dags/example_branch_operator_decorator.py
[2024-06-17T23:54:13.859+0000] {logging_mixin.py:188} INFO - [2024-06-17T23:54:13.859+0000] {dag.py:3096} INFO - Sync 1 DAGs
[2024-06-17T23:54:13.890+0000] {logging_mixin.py:188} INFO - [2024-06-17T23:54:13.889+0000] {dag.py:3954} INFO - Setting next_dagrun for example_branch_python_operator_decorator to 2024-06-16 00:00:00+00:00, run_after=2024-06-17 00:00:00+00:00
[2024-06-17T23:54:13.913+0000] {processor.py:183} INFO - Processing /home/airflow/.local/lib/python3.12/site-packages/airflow/example_dags/example_branch_operator_decorator.py took 0.121 seconds
[2024-06-17T23:54:44.010+0000] {processor.py:161} INFO - Started process (PID=1907) to work on /home/airflow/.local/lib/python3.12/site-packages/airflow/example_dags/example_branch_operator_decorator.py
[2024-06-17T23:54:44.011+0000] {processor.py:830} INFO - Processing file /home/airflow/.local/lib/python3.12/site-packages/airflow/example_dags/example_branch_operator_decorator.py for tasks to queue
[2024-06-17T23:54:44.014+0000] {logging_mixin.py:188} INFO - [2024-06-17T23:54:44.013+0000] {dagbag.py:545} INFO - Filling up the DagBag from /home/airflow/.local/lib/python3.12/site-packages/airflow/example_dags/example_branch_operator_decorator.py
[2024-06-17T23:54:44.038+0000] {processor.py:840} INFO - DAG(s) 'example_branch_python_operator_decorator' retrieved from /home/airflow/.local/lib/python3.12/site-packages/airflow/example_dags/example_branch_operator_decorator.py
[2024-06-17T23:54:44.080+0000] {logging_mixin.py:188} INFO - [2024-06-17T23:54:44.080+0000] {dag.py:3096} INFO - Sync 1 DAGs
[2024-06-17T23:54:44.107+0000] {logging_mixin.py:188} INFO - [2024-06-17T23:54:44.107+0000] {dag.py:3954} INFO - Setting next_dagrun for example_branch_python_operator_decorator to 2024-06-16 00:00:00+00:00, run_after=2024-06-17 00:00:00+00:00
[2024-06-17T23:54:44.132+0000] {processor.py:183} INFO - Processing /home/airflow/.local/lib/python3.12/site-packages/airflow/example_dags/example_branch_operator_decorator.py took 0.129 seconds
[2024-06-17T23:55:14.317+0000] {processor.py:161} INFO - Started process (PID=1967) to work on /home/airflow/.local/lib/python3.12/site-packages/airflow/example_dags/example_branch_operator_decorator.py
[2024-06-17T23:55:14.318+0000] {processor.py:830} INFO - Processing file /home/airflow/.local/lib/python3.12/site-packages/airflow/example_dags/example_branch_operator_decorator.py for tasks to queue
[2024-06-17T23:55:14.320+0000] {logging_mixin.py:188} INFO - [2024-06-17T23:55:14.320+0000] {dagbag.py:545} INFO - Filling up the DagBag from /home/airflow/.local/lib/python3.12/site-packages/airflow/example_dags/example_branch_operator_decorator.py
[2024-06-17T23:55:14.347+0000] {processor.py:840} INFO - DAG(s) 'example_branch_python_operator_decorator' retrieved from /home/airflow/.local/lib/python3.12/site-packages/airflow/example_dags/example_branch_operator_decorator.py
[2024-06-17T23:55:14.382+0000] {logging_mixin.py:188} INFO - [2024-06-17T23:55:14.381+0000] {dag.py:3096} INFO - Sync 1 DAGs
[2024-06-17T23:55:14.411+0000] {logging_mixin.py:188} INFO - [2024-06-17T23:55:14.411+0000] {dag.py:3954} INFO - Setting next_dagrun for example_branch_python_operator_decorator to 2024-06-16 00:00:00+00:00, run_after=2024-06-17 00:00:00+00:00
[2024-06-17T23:55:14.434+0000] {processor.py:183} INFO - Processing /home/airflow/.local/lib/python3.12/site-packages/airflow/example_dags/example_branch_operator_decorator.py took 0.125 seconds
[2024-06-17T23:55:44.866+0000] {processor.py:161} INFO - Started process (PID=2027) to work on /home/airflow/.local/lib/python3.12/site-packages/airflow/example_dags/example_branch_operator_decorator.py
[2024-06-17T23:55:44.868+0000] {processor.py:830} INFO - Processing file /home/airflow/.local/lib/python3.12/site-packages/airflow/example_dags/example_branch_operator_decorator.py for tasks to queue
[2024-06-17T23:55:44.870+0000] {logging_mixin.py:188} INFO - [2024-06-17T23:55:44.870+0000] {dagbag.py:545} INFO - Filling up the DagBag from /home/airflow/.local/lib/python3.12/site-packages/airflow/example_dags/example_branch_operator_decorator.py
[2024-06-17T23:55:44.902+0000] {processor.py:840} INFO - DAG(s) 'example_branch_python_operator_decorator' retrieved from /home/airflow/.local/lib/python3.12/site-packages/airflow/example_dags/example_branch_operator_decorator.py
[2024-06-17T23:55:44.943+0000] {logging_mixin.py:188} INFO - [2024-06-17T23:55:44.943+0000] {dag.py:3096} INFO - Sync 1 DAGs
[2024-06-17T23:55:44.971+0000] {logging_mixin.py:188} INFO - [2024-06-17T23:55:44.971+0000] {dag.py:3954} INFO - Setting next_dagrun for example_branch_python_operator_decorator to 2024-06-16 00:00:00+00:00, run_after=2024-06-17 00:00:00+00:00
[2024-06-17T23:55:44.994+0000] {processor.py:183} INFO - Processing /home/airflow/.local/lib/python3.12/site-packages/airflow/example_dags/example_branch_operator_decorator.py took 0.135 seconds
[2024-06-17T23:56:15.304+0000] {processor.py:161} INFO - Started process (PID=2087) to work on /home/airflow/.local/lib/python3.12/site-packages/airflow/example_dags/example_branch_operator_decorator.py
[2024-06-17T23:56:15.306+0000] {processor.py:830} INFO - Processing file /home/airflow/.local/lib/python3.12/site-packages/airflow/example_dags/example_branch_operator_decorator.py for tasks to queue
[2024-06-17T23:56:15.311+0000] {logging_mixin.py:188} INFO - [2024-06-17T23:56:15.310+0000] {dagbag.py:545} INFO - Filling up the DagBag from /home/airflow/.local/lib/python3.12/site-packages/airflow/example_dags/example_branch_operator_decorator.py
[2024-06-17T23:56:15.340+0000] {processor.py:840} INFO - DAG(s) 'example_branch_python_operator_decorator' retrieved from /home/airflow/.local/lib/python3.12/site-packages/airflow/example_dags/example_branch_operator_decorator.py
[2024-06-17T23:56:15.380+0000] {logging_mixin.py:188} INFO - [2024-06-17T23:56:15.380+0000] {dag.py:3096} INFO - Sync 1 DAGs
[2024-06-17T23:56:15.417+0000] {logging_mixin.py:188} INFO - [2024-06-17T23:56:15.417+0000] {dag.py:3954} INFO - Setting next_dagrun for example_branch_python_operator_decorator to 2024-06-16 00:00:00+00:00, run_after=2024-06-17 00:00:00+00:00
[2024-06-17T23:56:15.445+0000] {processor.py:183} INFO - Processing /home/airflow/.local/lib/python3.12/site-packages/airflow/example_dags/example_branch_operator_decorator.py took 0.153 seconds
[2024-06-17T23:56:46.192+0000] {processor.py:161} INFO - Started process (PID=2147) to work on /home/airflow/.local/lib/python3.12/site-packages/airflow/example_dags/example_branch_operator_decorator.py
[2024-06-17T23:56:46.194+0000] {processor.py:830} INFO - Processing file /home/airflow/.local/lib/python3.12/site-packages/airflow/example_dags/example_branch_operator_decorator.py for tasks to queue
[2024-06-17T23:56:46.196+0000] {logging_mixin.py:188} INFO - [2024-06-17T23:56:46.196+0000] {dagbag.py:545} INFO - Filling up the DagBag from /home/airflow/.local/lib/python3.12/site-packages/airflow/example_dags/example_branch_operator_decorator.py
[2024-06-17T23:56:46.219+0000] {processor.py:840} INFO - DAG(s) 'example_branch_python_operator_decorator' retrieved from /home/airflow/.local/lib/python3.12/site-packages/airflow/example_dags/example_branch_operator_decorator.py
[2024-06-17T23:56:46.251+0000] {logging_mixin.py:188} INFO - [2024-06-17T23:56:46.251+0000] {dag.py:3096} INFO - Sync 1 DAGs
[2024-06-17T23:56:46.280+0000] {logging_mixin.py:188} INFO - [2024-06-17T23:56:46.279+0000] {dag.py:3954} INFO - Setting next_dagrun for example_branch_python_operator_decorator to 2024-06-16 00:00:00+00:00, run_after=2024-06-17 00:00:00+00:00
[2024-06-17T23:56:46.300+0000] {processor.py:183} INFO - Processing /home/airflow/.local/lib/python3.12/site-packages/airflow/example_dags/example_branch_operator_decorator.py took 0.118 seconds
[2024-06-17T23:57:16.751+0000] {processor.py:161} INFO - Started process (PID=2207) to work on /home/airflow/.local/lib/python3.12/site-packages/airflow/example_dags/example_branch_operator_decorator.py
[2024-06-17T23:57:16.753+0000] {processor.py:830} INFO - Processing file /home/airflow/.local/lib/python3.12/site-packages/airflow/example_dags/example_branch_operator_decorator.py for tasks to queue
[2024-06-17T23:57:16.757+0000] {logging_mixin.py:188} INFO - [2024-06-17T23:57:16.756+0000] {dagbag.py:545} INFO - Filling up the DagBag from /home/airflow/.local/lib/python3.12/site-packages/airflow/example_dags/example_branch_operator_decorator.py
[2024-06-17T23:57:16.790+0000] {processor.py:840} INFO - DAG(s) 'example_branch_python_operator_decorator' retrieved from /home/airflow/.local/lib/python3.12/site-packages/airflow/example_dags/example_branch_operator_decorator.py
[2024-06-17T23:57:16.826+0000] {logging_mixin.py:188} INFO - [2024-06-17T23:57:16.826+0000] {dag.py:3096} INFO - Sync 1 DAGs
[2024-06-17T23:57:16.861+0000] {logging_mixin.py:188} INFO - [2024-06-17T23:57:16.861+0000] {dag.py:3954} INFO - Setting next_dagrun for example_branch_python_operator_decorator to 2024-06-16 00:00:00+00:00, run_after=2024-06-17 00:00:00+00:00
[2024-06-17T23:57:16.889+0000] {processor.py:183} INFO - Processing /home/airflow/.local/lib/python3.12/site-packages/airflow/example_dags/example_branch_operator_decorator.py took 0.146 seconds
[2024-06-17T23:57:46.991+0000] {processor.py:161} INFO - Started process (PID=2268) to work on /home/airflow/.local/lib/python3.12/site-packages/airflow/example_dags/example_branch_operator_decorator.py
[2024-06-17T23:57:46.993+0000] {processor.py:830} INFO - Processing file /home/airflow/.local/lib/python3.12/site-packages/airflow/example_dags/example_branch_operator_decorator.py for tasks to queue
[2024-06-17T23:57:46.997+0000] {logging_mixin.py:188} INFO - [2024-06-17T23:57:46.996+0000] {dagbag.py:545} INFO - Filling up the DagBag from /home/airflow/.local/lib/python3.12/site-packages/airflow/example_dags/example_branch_operator_decorator.py
[2024-06-17T23:57:47.028+0000] {processor.py:840} INFO - DAG(s) 'example_branch_python_operator_decorator' retrieved from /home/airflow/.local/lib/python3.12/site-packages/airflow/example_dags/example_branch_operator_decorator.py
[2024-06-17T23:57:47.069+0000] {logging_mixin.py:188} INFO - [2024-06-17T23:57:47.068+0000] {dag.py:3096} INFO - Sync 1 DAGs
[2024-06-17T23:57:47.097+0000] {logging_mixin.py:188} INFO - [2024-06-17T23:57:47.097+0000] {dag.py:3954} INFO - Setting next_dagrun for example_branch_python_operator_decorator to 2024-06-16 00:00:00+00:00, run_after=2024-06-17 00:00:00+00:00
[2024-06-17T23:57:47.116+0000] {processor.py:183} INFO - Processing /home/airflow/.local/lib/python3.12/site-packages/airflow/example_dags/example_branch_operator_decorator.py took 0.137 seconds
[2024-06-17T23:58:17.328+0000] {processor.py:161} INFO - Started process (PID=2328) to work on /home/airflow/.local/lib/python3.12/site-packages/airflow/example_dags/example_branch_operator_decorator.py
[2024-06-17T23:58:17.329+0000] {processor.py:830} INFO - Processing file /home/airflow/.local/lib/python3.12/site-packages/airflow/example_dags/example_branch_operator_decorator.py for tasks to queue
[2024-06-17T23:58:17.332+0000] {logging_mixin.py:188} INFO - [2024-06-17T23:58:17.331+0000] {dagbag.py:545} INFO - Filling up the DagBag from /home/airflow/.local/lib/python3.12/site-packages/airflow/example_dags/example_branch_operator_decorator.py
[2024-06-17T23:58:17.362+0000] {processor.py:840} INFO - DAG(s) 'example_branch_python_operator_decorator' retrieved from /home/airflow/.local/lib/python3.12/site-packages/airflow/example_dags/example_branch_operator_decorator.py
[2024-06-17T23:58:17.395+0000] {logging_mixin.py:188} INFO - [2024-06-17T23:58:17.395+0000] {dag.py:3096} INFO - Sync 1 DAGs
[2024-06-17T23:58:17.427+0000] {logging_mixin.py:188} INFO - [2024-06-17T23:58:17.427+0000] {dag.py:3954} INFO - Setting next_dagrun for example_branch_python_operator_decorator to 2024-06-16 00:00:00+00:00, run_after=2024-06-17 00:00:00+00:00
[2024-06-17T23:58:17.447+0000] {processor.py:183} INFO - Processing /home/airflow/.local/lib/python3.12/site-packages/airflow/example_dags/example_branch_operator_decorator.py took 0.127 seconds
[2024-06-17T23:58:47.588+0000] {processor.py:161} INFO - Started process (PID=2388) to work on /home/airflow/.local/lib/python3.12/site-packages/airflow/example_dags/example_branch_operator_decorator.py
[2024-06-17T23:58:47.589+0000] {processor.py:830} INFO - Processing file /home/airflow/.local/lib/python3.12/site-packages/airflow/example_dags/example_branch_operator_decorator.py for tasks to queue
[2024-06-17T23:58:47.591+0000] {logging_mixin.py:188} INFO - [2024-06-17T23:58:47.591+0000] {dagbag.py:545} INFO - Filling up the DagBag from /home/airflow/.local/lib/python3.12/site-packages/airflow/example_dags/example_branch_operator_decorator.py
[2024-06-17T23:58:47.613+0000] {processor.py:840} INFO - DAG(s) 'example_branch_python_operator_decorator' retrieved from /home/airflow/.local/lib/python3.12/site-packages/airflow/example_dags/example_branch_operator_decorator.py
[2024-06-17T23:58:47.645+0000] {logging_mixin.py:188} INFO - [2024-06-17T23:58:47.644+0000] {dag.py:3096} INFO - Sync 1 DAGs
[2024-06-17T23:58:47.670+0000] {logging_mixin.py:188} INFO - [2024-06-17T23:58:47.670+0000] {dag.py:3954} INFO - Setting next_dagrun for example_branch_python_operator_decorator to 2024-06-16 00:00:00+00:00, run_after=2024-06-17 00:00:00+00:00
[2024-06-17T23:58:47.690+0000] {processor.py:183} INFO - Processing /home/airflow/.local/lib/python3.12/site-packages/airflow/example_dags/example_branch_operator_decorator.py took 0.109 seconds
[2024-06-17T23:59:17.862+0000] {processor.py:161} INFO - Started process (PID=2448) to work on /home/airflow/.local/lib/python3.12/site-packages/airflow/example_dags/example_branch_operator_decorator.py
[2024-06-17T23:59:17.863+0000] {processor.py:830} INFO - Processing file /home/airflow/.local/lib/python3.12/site-packages/airflow/example_dags/example_branch_operator_decorator.py for tasks to queue
[2024-06-17T23:59:17.866+0000] {logging_mixin.py:188} INFO - [2024-06-17T23:59:17.865+0000] {dagbag.py:545} INFO - Filling up the DagBag from /home/airflow/.local/lib/python3.12/site-packages/airflow/example_dags/example_branch_operator_decorator.py
[2024-06-17T23:59:17.890+0000] {processor.py:840} INFO - DAG(s) 'example_branch_python_operator_decorator' retrieved from /home/airflow/.local/lib/python3.12/site-packages/airflow/example_dags/example_branch_operator_decorator.py
[2024-06-17T23:59:17.946+0000] {logging_mixin.py:188} INFO - [2024-06-17T23:59:17.945+0000] {dag.py:3096} INFO - Sync 1 DAGs
[2024-06-17T23:59:17.994+0000] {logging_mixin.py:188} INFO - [2024-06-17T23:59:17.993+0000] {dag.py:3954} INFO - Setting next_dagrun for example_branch_python_operator_decorator to 2024-06-16 00:00:00+00:00, run_after=2024-06-17 00:00:00+00:00
[2024-06-17T23:59:18.026+0000] {processor.py:183} INFO - Processing /home/airflow/.local/lib/python3.12/site-packages/airflow/example_dags/example_branch_operator_decorator.py took 0.172 seconds
[2024-06-17T23:59:48.378+0000] {processor.py:161} INFO - Started process (PID=2508) to work on /home/airflow/.local/lib/python3.12/site-packages/airflow/example_dags/example_branch_operator_decorator.py
[2024-06-17T23:59:48.379+0000] {processor.py:830} INFO - Processing file /home/airflow/.local/lib/python3.12/site-packages/airflow/example_dags/example_branch_operator_decorator.py for tasks to queue
[2024-06-17T23:59:48.382+0000] {logging_mixin.py:188} INFO - [2024-06-17T23:59:48.381+0000] {dagbag.py:545} INFO - Filling up the DagBag from /home/airflow/.local/lib/python3.12/site-packages/airflow/example_dags/example_branch_operator_decorator.py
[2024-06-17T23:59:48.407+0000] {processor.py:840} INFO - DAG(s) 'example_branch_python_operator_decorator' retrieved from /home/airflow/.local/lib/python3.12/site-packages/airflow/example_dags/example_branch_operator_decorator.py
[2024-06-17T23:59:48.441+0000] {logging_mixin.py:188} INFO - [2024-06-17T23:59:48.441+0000] {dag.py:3096} INFO - Sync 1 DAGs
[2024-06-17T23:59:48.471+0000] {logging_mixin.py:188} INFO - [2024-06-17T23:59:48.471+0000] {dag.py:3954} INFO - Setting next_dagrun for example_branch_python_operator_decorator to 2024-06-16 00:00:00+00:00, run_after=2024-06-17 00:00:00+00:00
[2024-06-17T23:59:48.493+0000] {processor.py:183} INFO - Processing /home/airflow/.local/lib/python3.12/site-packages/airflow/example_dags/example_branch_operator_decorator.py took 0.123 seconds
