[2024-06-17T23:29:02.680+0000] {processor.py:161} INFO - Started process (PID=57) to work on /home/airflow/.local/lib/python3.12/site-packages/airflow/example_dags/example_latest_only_with_trigger.py
[2024-06-17T23:29:02.682+0000] {processor.py:830} INFO - Processing file /home/airflow/.local/lib/python3.12/site-packages/airflow/example_dags/example_latest_only_with_trigger.py for tasks to queue
[2024-06-17T23:29:02.688+0000] {logging_mixin.py:188} INFO - [2024-06-17T23:29:02.686+0000] {dagbag.py:545} INFO - Filling up the DagBag from /home/airflow/.local/lib/python3.12/site-packages/airflow/example_dags/example_latest_only_with_trigger.py
[2024-06-17T23:29:02.699+0000] {processor.py:840} INFO - DAG(s) 'latest_only_with_trigger' retrieved from /home/airflow/.local/lib/python3.12/site-packages/airflow/example_dags/example_latest_only_with_trigger.py
[2024-06-17T23:29:02.746+0000] {logging_mixin.py:188} INFO - [2024-06-17T23:29:02.745+0000] {dag.py:3096} INFO - Sync 1 DAGs
[2024-06-17T23:29:02.800+0000] {logging_mixin.py:188} INFO - [2024-06-17T23:29:02.799+0000] {dag.py:3954} INFO - Setting next_dagrun for latest_only_with_trigger to 2024-06-17 16:00:00+00:00, run_after=2024-06-17 20:00:00+00:00
[2024-06-17T23:29:02.854+0000] {processor.py:183} INFO - Processing /home/airflow/.local/lib/python3.12/site-packages/airflow/example_dags/example_latest_only_with_trigger.py took 0.189 seconds
[2024-06-17T23:29:33.484+0000] {processor.py:161} INFO - Started process (PID=130) to work on /home/airflow/.local/lib/python3.12/site-packages/airflow/example_dags/example_latest_only_with_trigger.py
[2024-06-17T23:29:33.485+0000] {processor.py:830} INFO - Processing file /home/airflow/.local/lib/python3.12/site-packages/airflow/example_dags/example_latest_only_with_trigger.py for tasks to queue
[2024-06-17T23:29:33.488+0000] {logging_mixin.py:188} INFO - [2024-06-17T23:29:33.487+0000] {dagbag.py:545} INFO - Filling up the DagBag from /home/airflow/.local/lib/python3.12/site-packages/airflow/example_dags/example_latest_only_with_trigger.py
[2024-06-17T23:29:33.495+0000] {processor.py:840} INFO - DAG(s) 'latest_only_with_trigger' retrieved from /home/airflow/.local/lib/python3.12/site-packages/airflow/example_dags/example_latest_only_with_trigger.py
[2024-06-17T23:29:33.521+0000] {logging_mixin.py:188} INFO - [2024-06-17T23:29:33.520+0000] {dag.py:3096} INFO - Sync 1 DAGs
[2024-06-17T23:29:33.553+0000] {logging_mixin.py:188} INFO - [2024-06-17T23:29:33.552+0000] {dag.py:3954} INFO - Setting next_dagrun for latest_only_with_trigger to 2024-06-17 16:00:00+00:00, run_after=2024-06-17 20:00:00+00:00
[2024-06-17T23:29:33.576+0000] {processor.py:183} INFO - Processing /home/airflow/.local/lib/python3.12/site-packages/airflow/example_dags/example_latest_only_with_trigger.py took 0.100 seconds
[2024-06-17T23:30:06.215+0000] {processor.py:161} INFO - Started process (PID=260) to work on /home/airflow/.local/lib/python3.12/site-packages/airflow/example_dags/example_latest_only_with_trigger.py
[2024-06-17T23:30:06.217+0000] {processor.py:830} INFO - Processing file /home/airflow/.local/lib/python3.12/site-packages/airflow/example_dags/example_latest_only_with_trigger.py for tasks to queue
[2024-06-17T23:30:06.221+0000] {logging_mixin.py:188} INFO - [2024-06-17T23:30:06.221+0000] {dagbag.py:545} INFO - Filling up the DagBag from /home/airflow/.local/lib/python3.12/site-packages/airflow/example_dags/example_latest_only_with_trigger.py
[2024-06-17T23:30:06.235+0000] {processor.py:840} INFO - DAG(s) 'latest_only_with_trigger' retrieved from /home/airflow/.local/lib/python3.12/site-packages/airflow/example_dags/example_latest_only_with_trigger.py
[2024-06-17T23:30:06.284+0000] {logging_mixin.py:188} INFO - [2024-06-17T23:30:06.283+0000] {dag.py:3096} INFO - Sync 1 DAGs
[2024-06-17T23:30:06.343+0000] {logging_mixin.py:188} INFO - [2024-06-17T23:30:06.342+0000] {dag.py:3954} INFO - Setting next_dagrun for latest_only_with_trigger to 2024-06-17 16:00:00+00:00, run_after=2024-06-17 20:00:00+00:00
[2024-06-17T23:30:06.436+0000] {processor.py:183} INFO - Processing /home/airflow/.local/lib/python3.12/site-packages/airflow/example_dags/example_latest_only_with_trigger.py took 0.234 seconds
[2024-06-17T23:30:37.211+0000] {processor.py:161} INFO - Started process (PID=357) to work on /home/airflow/.local/lib/python3.12/site-packages/airflow/example_dags/example_latest_only_with_trigger.py
[2024-06-17T23:30:37.213+0000] {processor.py:830} INFO - Processing file /home/airflow/.local/lib/python3.12/site-packages/airflow/example_dags/example_latest_only_with_trigger.py for tasks to queue
[2024-06-17T23:30:37.216+0000] {logging_mixin.py:188} INFO - [2024-06-17T23:30:37.216+0000] {dagbag.py:545} INFO - Filling up the DagBag from /home/airflow/.local/lib/python3.12/site-packages/airflow/example_dags/example_latest_only_with_trigger.py
[2024-06-17T23:30:37.227+0000] {processor.py:840} INFO - DAG(s) 'latest_only_with_trigger' retrieved from /home/airflow/.local/lib/python3.12/site-packages/airflow/example_dags/example_latest_only_with_trigger.py
[2024-06-17T23:30:37.272+0000] {logging_mixin.py:188} INFO - [2024-06-17T23:30:37.271+0000] {dag.py:3096} INFO - Sync 1 DAGs
[2024-06-17T23:30:37.328+0000] {logging_mixin.py:188} INFO - [2024-06-17T23:30:37.327+0000] {dag.py:3954} INFO - Setting next_dagrun for latest_only_with_trigger to 2024-06-17 16:00:00+00:00, run_after=2024-06-17 20:00:00+00:00
[2024-06-17T23:30:37.378+0000] {processor.py:183} INFO - Processing /home/airflow/.local/lib/python3.12/site-packages/airflow/example_dags/example_latest_only_with_trigger.py took 0.176 seconds
[2024-06-17T23:31:08.313+0000] {processor.py:161} INFO - Started process (PID=473) to work on /home/airflow/.local/lib/python3.12/site-packages/airflow/example_dags/example_latest_only_with_trigger.py
[2024-06-17T23:31:08.314+0000] {processor.py:830} INFO - Processing file /home/airflow/.local/lib/python3.12/site-packages/airflow/example_dags/example_latest_only_with_trigger.py for tasks to queue
[2024-06-17T23:31:08.320+0000] {logging_mixin.py:188} INFO - [2024-06-17T23:31:08.320+0000] {dagbag.py:545} INFO - Filling up the DagBag from /home/airflow/.local/lib/python3.12/site-packages/airflow/example_dags/example_latest_only_with_trigger.py
[2024-06-17T23:31:08.333+0000] {processor.py:840} INFO - DAG(s) 'latest_only_with_trigger' retrieved from /home/airflow/.local/lib/python3.12/site-packages/airflow/example_dags/example_latest_only_with_trigger.py
[2024-06-17T23:31:08.378+0000] {logging_mixin.py:188} INFO - [2024-06-17T23:31:08.377+0000] {dag.py:3096} INFO - Sync 1 DAGs
[2024-06-17T23:31:08.424+0000] {logging_mixin.py:188} INFO - [2024-06-17T23:31:08.423+0000] {dag.py:3954} INFO - Setting next_dagrun for latest_only_with_trigger to 2024-06-17 16:00:00+00:00, run_after=2024-06-17 20:00:00+00:00
[2024-06-17T23:31:08.473+0000] {processor.py:183} INFO - Processing /home/airflow/.local/lib/python3.12/site-packages/airflow/example_dags/example_latest_only_with_trigger.py took 0.175 seconds
[2024-06-17T23:31:40.309+0000] {processor.py:161} INFO - Started process (PID=560) to work on /home/airflow/.local/lib/python3.12/site-packages/airflow/example_dags/example_latest_only_with_trigger.py
[2024-06-17T23:31:40.313+0000] {processor.py:830} INFO - Processing file /home/airflow/.local/lib/python3.12/site-packages/airflow/example_dags/example_latest_only_with_trigger.py for tasks to queue
[2024-06-17T23:31:40.321+0000] {logging_mixin.py:188} INFO - [2024-06-17T23:31:40.318+0000] {dagbag.py:545} INFO - Filling up the DagBag from /home/airflow/.local/lib/python3.12/site-packages/airflow/example_dags/example_latest_only_with_trigger.py
[2024-06-17T23:31:40.347+0000] {processor.py:840} INFO - DAG(s) 'latest_only_with_trigger' retrieved from /home/airflow/.local/lib/python3.12/site-packages/airflow/example_dags/example_latest_only_with_trigger.py
[2024-06-17T23:31:40.413+0000] {logging_mixin.py:188} INFO - [2024-06-17T23:31:40.413+0000] {dag.py:3096} INFO - Sync 1 DAGs
[2024-06-17T23:31:40.482+0000] {logging_mixin.py:188} INFO - [2024-06-17T23:31:40.481+0000] {dag.py:3954} INFO - Setting next_dagrun for latest_only_with_trigger to 2024-06-17 16:00:00+00:00, run_after=2024-06-17 20:00:00+00:00
[2024-06-17T23:31:40.563+0000] {processor.py:183} INFO - Processing /home/airflow/.local/lib/python3.12/site-packages/airflow/example_dags/example_latest_only_with_trigger.py took 0.273 seconds
[2024-06-17T23:32:10.784+0000] {processor.py:161} INFO - Started process (PID=658) to work on /home/airflow/.local/lib/python3.12/site-packages/airflow/example_dags/example_latest_only_with_trigger.py
[2024-06-17T23:32:10.786+0000] {processor.py:830} INFO - Processing file /home/airflow/.local/lib/python3.12/site-packages/airflow/example_dags/example_latest_only_with_trigger.py for tasks to queue
[2024-06-17T23:32:10.792+0000] {logging_mixin.py:188} INFO - [2024-06-17T23:32:10.790+0000] {dagbag.py:545} INFO - Filling up the DagBag from /home/airflow/.local/lib/python3.12/site-packages/airflow/example_dags/example_latest_only_with_trigger.py
[2024-06-17T23:32:10.809+0000] {processor.py:840} INFO - DAG(s) 'latest_only_with_trigger' retrieved from /home/airflow/.local/lib/python3.12/site-packages/airflow/example_dags/example_latest_only_with_trigger.py
[2024-06-17T23:32:10.870+0000] {logging_mixin.py:188} INFO - [2024-06-17T23:32:10.869+0000] {dag.py:3096} INFO - Sync 1 DAGs
[2024-06-17T23:32:10.935+0000] {logging_mixin.py:188} INFO - [2024-06-17T23:32:10.934+0000] {dag.py:3954} INFO - Setting next_dagrun for latest_only_with_trigger to 2024-06-17 16:00:00+00:00, run_after=2024-06-17 20:00:00+00:00
[2024-06-17T23:32:11.002+0000] {processor.py:183} INFO - Processing /home/airflow/.local/lib/python3.12/site-packages/airflow/example_dags/example_latest_only_with_trigger.py took 0.237 seconds
[2024-06-17T23:32:41.256+0000] {processor.py:161} INFO - Started process (PID=718) to work on /home/airflow/.local/lib/python3.12/site-packages/airflow/example_dags/example_latest_only_with_trigger.py
[2024-06-17T23:32:41.257+0000] {processor.py:830} INFO - Processing file /home/airflow/.local/lib/python3.12/site-packages/airflow/example_dags/example_latest_only_with_trigger.py for tasks to queue
[2024-06-17T23:32:41.260+0000] {logging_mixin.py:188} INFO - [2024-06-17T23:32:41.259+0000] {dagbag.py:545} INFO - Filling up the DagBag from /home/airflow/.local/lib/python3.12/site-packages/airflow/example_dags/example_latest_only_with_trigger.py
[2024-06-17T23:32:41.267+0000] {processor.py:840} INFO - DAG(s) 'latest_only_with_trigger' retrieved from /home/airflow/.local/lib/python3.12/site-packages/airflow/example_dags/example_latest_only_with_trigger.py
[2024-06-17T23:32:41.291+0000] {logging_mixin.py:188} INFO - [2024-06-17T23:32:41.291+0000] {dag.py:3096} INFO - Sync 1 DAGs
[2024-06-17T23:32:41.317+0000] {logging_mixin.py:188} INFO - [2024-06-17T23:32:41.317+0000] {dag.py:3954} INFO - Setting next_dagrun for latest_only_with_trigger to 2024-06-17 16:00:00+00:00, run_after=2024-06-17 20:00:00+00:00
[2024-06-17T23:32:41.338+0000] {processor.py:183} INFO - Processing /home/airflow/.local/lib/python3.12/site-packages/airflow/example_dags/example_latest_only_with_trigger.py took 0.088 seconds
[2024-06-17T23:33:12.276+0000] {processor.py:161} INFO - Started process (PID=778) to work on /home/airflow/.local/lib/python3.12/site-packages/airflow/example_dags/example_latest_only_with_trigger.py
[2024-06-17T23:33:12.277+0000] {processor.py:830} INFO - Processing file /home/airflow/.local/lib/python3.12/site-packages/airflow/example_dags/example_latest_only_with_trigger.py for tasks to queue
[2024-06-17T23:33:12.280+0000] {logging_mixin.py:188} INFO - [2024-06-17T23:33:12.279+0000] {dagbag.py:545} INFO - Filling up the DagBag from /home/airflow/.local/lib/python3.12/site-packages/airflow/example_dags/example_latest_only_with_trigger.py
[2024-06-17T23:33:12.288+0000] {processor.py:840} INFO - DAG(s) 'latest_only_with_trigger' retrieved from /home/airflow/.local/lib/python3.12/site-packages/airflow/example_dags/example_latest_only_with_trigger.py
[2024-06-17T23:33:12.320+0000] {logging_mixin.py:188} INFO - [2024-06-17T23:33:12.320+0000] {dag.py:3096} INFO - Sync 1 DAGs
[2024-06-17T23:33:12.350+0000] {logging_mixin.py:188} INFO - [2024-06-17T23:33:12.350+0000] {dag.py:3954} INFO - Setting next_dagrun for latest_only_with_trigger to 2024-06-17 16:00:00+00:00, run_after=2024-06-17 20:00:00+00:00
[2024-06-17T23:33:12.384+0000] {processor.py:183} INFO - Processing /home/airflow/.local/lib/python3.12/site-packages/airflow/example_dags/example_latest_only_with_trigger.py took 0.117 seconds
[2024-06-17T23:33:43.250+0000] {processor.py:161} INFO - Started process (PID=844) to work on /home/airflow/.local/lib/python3.12/site-packages/airflow/example_dags/example_latest_only_with_trigger.py
[2024-06-17T23:33:43.251+0000] {processor.py:830} INFO - Processing file /home/airflow/.local/lib/python3.12/site-packages/airflow/example_dags/example_latest_only_with_trigger.py for tasks to queue
[2024-06-17T23:33:43.254+0000] {logging_mixin.py:188} INFO - [2024-06-17T23:33:43.253+0000] {dagbag.py:545} INFO - Filling up the DagBag from /home/airflow/.local/lib/python3.12/site-packages/airflow/example_dags/example_latest_only_with_trigger.py
[2024-06-17T23:33:43.261+0000] {processor.py:840} INFO - DAG(s) 'latest_only_with_trigger' retrieved from /home/airflow/.local/lib/python3.12/site-packages/airflow/example_dags/example_latest_only_with_trigger.py
[2024-06-17T23:33:43.287+0000] {logging_mixin.py:188} INFO - [2024-06-17T23:33:43.287+0000] {dag.py:3096} INFO - Sync 1 DAGs
[2024-06-17T23:33:43.318+0000] {logging_mixin.py:188} INFO - [2024-06-17T23:33:43.318+0000] {dag.py:3954} INFO - Setting next_dagrun for latest_only_with_trigger to 2024-06-17 16:00:00+00:00, run_after=2024-06-17 20:00:00+00:00
[2024-06-17T23:33:43.344+0000] {processor.py:183} INFO - Processing /home/airflow/.local/lib/python3.12/site-packages/airflow/example_dags/example_latest_only_with_trigger.py took 0.102 seconds
[2024-06-17T23:34:13.456+0000] {processor.py:161} INFO - Started process (PID=904) to work on /home/airflow/.local/lib/python3.12/site-packages/airflow/example_dags/example_latest_only_with_trigger.py
[2024-06-17T23:34:13.458+0000] {processor.py:830} INFO - Processing file /home/airflow/.local/lib/python3.12/site-packages/airflow/example_dags/example_latest_only_with_trigger.py for tasks to queue
[2024-06-17T23:34:13.461+0000] {logging_mixin.py:188} INFO - [2024-06-17T23:34:13.460+0000] {dagbag.py:545} INFO - Filling up the DagBag from /home/airflow/.local/lib/python3.12/site-packages/airflow/example_dags/example_latest_only_with_trigger.py
[2024-06-17T23:34:13.468+0000] {processor.py:840} INFO - DAG(s) 'latest_only_with_trigger' retrieved from /home/airflow/.local/lib/python3.12/site-packages/airflow/example_dags/example_latest_only_with_trigger.py
[2024-06-17T23:34:13.495+0000] {logging_mixin.py:188} INFO - [2024-06-17T23:34:13.495+0000] {dag.py:3096} INFO - Sync 1 DAGs
[2024-06-17T23:34:13.521+0000] {logging_mixin.py:188} INFO - [2024-06-17T23:34:13.521+0000] {dag.py:3954} INFO - Setting next_dagrun for latest_only_with_trigger to 2024-06-17 16:00:00+00:00, run_after=2024-06-17 20:00:00+00:00
[2024-06-17T23:34:13.568+0000] {processor.py:183} INFO - Processing /home/airflow/.local/lib/python3.12/site-packages/airflow/example_dags/example_latest_only_with_trigger.py took 0.120 seconds
[2024-06-17T23:34:43.771+0000] {processor.py:161} INFO - Started process (PID=964) to work on /home/airflow/.local/lib/python3.12/site-packages/airflow/example_dags/example_latest_only_with_trigger.py
[2024-06-17T23:34:43.773+0000] {processor.py:830} INFO - Processing file /home/airflow/.local/lib/python3.12/site-packages/airflow/example_dags/example_latest_only_with_trigger.py for tasks to queue
[2024-06-17T23:34:43.776+0000] {logging_mixin.py:188} INFO - [2024-06-17T23:34:43.775+0000] {dagbag.py:545} INFO - Filling up the DagBag from /home/airflow/.local/lib/python3.12/site-packages/airflow/example_dags/example_latest_only_with_trigger.py
[2024-06-17T23:34:43.784+0000] {processor.py:840} INFO - DAG(s) 'latest_only_with_trigger' retrieved from /home/airflow/.local/lib/python3.12/site-packages/airflow/example_dags/example_latest_only_with_trigger.py
[2024-06-17T23:34:43.819+0000] {logging_mixin.py:188} INFO - [2024-06-17T23:34:43.819+0000] {dag.py:3096} INFO - Sync 1 DAGs
[2024-06-17T23:34:43.862+0000] {logging_mixin.py:188} INFO - [2024-06-17T23:34:43.861+0000] {dag.py:3954} INFO - Setting next_dagrun for latest_only_with_trigger to 2024-06-17 16:00:00+00:00, run_after=2024-06-17 20:00:00+00:00
[2024-06-17T23:34:43.902+0000] {processor.py:183} INFO - Processing /home/airflow/.local/lib/python3.12/site-packages/airflow/example_dags/example_latest_only_with_trigger.py took 0.140 seconds
[2024-06-17T23:35:14.597+0000] {processor.py:161} INFO - Started process (PID=1024) to work on /home/airflow/.local/lib/python3.12/site-packages/airflow/example_dags/example_latest_only_with_trigger.py
[2024-06-17T23:35:14.599+0000] {processor.py:830} INFO - Processing file /home/airflow/.local/lib/python3.12/site-packages/airflow/example_dags/example_latest_only_with_trigger.py for tasks to queue
[2024-06-17T23:35:14.603+0000] {logging_mixin.py:188} INFO - [2024-06-17T23:35:14.602+0000] {dagbag.py:545} INFO - Filling up the DagBag from /home/airflow/.local/lib/python3.12/site-packages/airflow/example_dags/example_latest_only_with_trigger.py
[2024-06-17T23:35:14.612+0000] {processor.py:840} INFO - DAG(s) 'latest_only_with_trigger' retrieved from /home/airflow/.local/lib/python3.12/site-packages/airflow/example_dags/example_latest_only_with_trigger.py
[2024-06-17T23:35:14.644+0000] {logging_mixin.py:188} INFO - [2024-06-17T23:35:14.644+0000] {dag.py:3096} INFO - Sync 1 DAGs
[2024-06-17T23:35:14.684+0000] {logging_mixin.py:188} INFO - [2024-06-17T23:35:14.683+0000] {dag.py:3954} INFO - Setting next_dagrun for latest_only_with_trigger to 2024-06-17 16:00:00+00:00, run_after=2024-06-17 20:00:00+00:00
[2024-06-17T23:35:14.725+0000] {processor.py:183} INFO - Processing /home/airflow/.local/lib/python3.12/site-packages/airflow/example_dags/example_latest_only_with_trigger.py took 0.136 seconds
[2024-06-17T23:35:44.791+0000] {processor.py:161} INFO - Started process (PID=1084) to work on /home/airflow/.local/lib/python3.12/site-packages/airflow/example_dags/example_latest_only_with_trigger.py
[2024-06-17T23:35:44.793+0000] {processor.py:830} INFO - Processing file /home/airflow/.local/lib/python3.12/site-packages/airflow/example_dags/example_latest_only_with_trigger.py for tasks to queue
[2024-06-17T23:35:44.796+0000] {logging_mixin.py:188} INFO - [2024-06-17T23:35:44.795+0000] {dagbag.py:545} INFO - Filling up the DagBag from /home/airflow/.local/lib/python3.12/site-packages/airflow/example_dags/example_latest_only_with_trigger.py
[2024-06-17T23:35:44.804+0000] {processor.py:840} INFO - DAG(s) 'latest_only_with_trigger' retrieved from /home/airflow/.local/lib/python3.12/site-packages/airflow/example_dags/example_latest_only_with_trigger.py
[2024-06-17T23:35:44.836+0000] {logging_mixin.py:188} INFO - [2024-06-17T23:35:44.835+0000] {dag.py:3096} INFO - Sync 1 DAGs
[2024-06-17T23:35:44.871+0000] {logging_mixin.py:188} INFO - [2024-06-17T23:35:44.871+0000] {dag.py:3954} INFO - Setting next_dagrun for latest_only_with_trigger to 2024-06-17 16:00:00+00:00, run_after=2024-06-17 20:00:00+00:00
[2024-06-17T23:35:44.907+0000] {processor.py:183} INFO - Processing /home/airflow/.local/lib/python3.12/site-packages/airflow/example_dags/example_latest_only_with_trigger.py took 0.123 seconds
[2024-06-17T23:36:15.145+0000] {processor.py:161} INFO - Started process (PID=1146) to work on /home/airflow/.local/lib/python3.12/site-packages/airflow/example_dags/example_latest_only_with_trigger.py
[2024-06-17T23:36:15.146+0000] {processor.py:830} INFO - Processing file /home/airflow/.local/lib/python3.12/site-packages/airflow/example_dags/example_latest_only_with_trigger.py for tasks to queue
[2024-06-17T23:36:15.150+0000] {logging_mixin.py:188} INFO - [2024-06-17T23:36:15.149+0000] {dagbag.py:545} INFO - Filling up the DagBag from /home/airflow/.local/lib/python3.12/site-packages/airflow/example_dags/example_latest_only_with_trigger.py
[2024-06-17T23:36:15.159+0000] {processor.py:840} INFO - DAG(s) 'latest_only_with_trigger' retrieved from /home/airflow/.local/lib/python3.12/site-packages/airflow/example_dags/example_latest_only_with_trigger.py
[2024-06-17T23:36:15.192+0000] {logging_mixin.py:188} INFO - [2024-06-17T23:36:15.191+0000] {dag.py:3096} INFO - Sync 1 DAGs
[2024-06-17T23:36:15.226+0000] {logging_mixin.py:188} INFO - [2024-06-17T23:36:15.226+0000] {dag.py:3954} INFO - Setting next_dagrun for latest_only_with_trigger to 2024-06-17 16:00:00+00:00, run_after=2024-06-17 20:00:00+00:00
[2024-06-17T23:36:15.267+0000] {processor.py:183} INFO - Processing /home/airflow/.local/lib/python3.12/site-packages/airflow/example_dags/example_latest_only_with_trigger.py took 0.130 seconds
[2024-06-17T23:38:59.932+0000] {processor.py:161} INFO - Started process (PID=58) to work on /home/airflow/.local/lib/python3.12/site-packages/airflow/example_dags/example_latest_only_with_trigger.py
[2024-06-17T23:38:59.933+0000] {processor.py:830} INFO - Processing file /home/airflow/.local/lib/python3.12/site-packages/airflow/example_dags/example_latest_only_with_trigger.py for tasks to queue
[2024-06-17T23:38:59.936+0000] {logging_mixin.py:188} INFO - [2024-06-17T23:38:59.935+0000] {dagbag.py:545} INFO - Filling up the DagBag from /home/airflow/.local/lib/python3.12/site-packages/airflow/example_dags/example_latest_only_with_trigger.py
[2024-06-17T23:38:59.946+0000] {processor.py:840} INFO - DAG(s) 'latest_only_with_trigger' retrieved from /home/airflow/.local/lib/python3.12/site-packages/airflow/example_dags/example_latest_only_with_trigger.py
[2024-06-17T23:38:59.961+0000] {logging_mixin.py:188} INFO - [2024-06-17T23:38:59.961+0000] {dag.py:3096} INFO - Sync 1 DAGs
[2024-06-17T23:38:59.991+0000] {logging_mixin.py:188} INFO - [2024-06-17T23:38:59.991+0000] {dag.py:3954} INFO - Setting next_dagrun for latest_only_with_trigger to 2024-06-17 16:00:00+00:00, run_after=2024-06-17 20:00:00+00:00
[2024-06-17T23:39:00.016+0000] {processor.py:183} INFO - Processing /home/airflow/.local/lib/python3.12/site-packages/airflow/example_dags/example_latest_only_with_trigger.py took 0.091 seconds
[2024-06-17T23:39:31.752+0000] {processor.py:161} INFO - Started process (PID=118) to work on /home/airflow/.local/lib/python3.12/site-packages/airflow/example_dags/example_latest_only_with_trigger.py
[2024-06-17T23:39:31.753+0000] {processor.py:830} INFO - Processing file /home/airflow/.local/lib/python3.12/site-packages/airflow/example_dags/example_latest_only_with_trigger.py for tasks to queue
[2024-06-17T23:39:31.756+0000] {logging_mixin.py:188} INFO - [2024-06-17T23:39:31.755+0000] {dagbag.py:545} INFO - Filling up the DagBag from /home/airflow/.local/lib/python3.12/site-packages/airflow/example_dags/example_latest_only_with_trigger.py
[2024-06-17T23:39:31.762+0000] {processor.py:840} INFO - DAG(s) 'latest_only_with_trigger' retrieved from /home/airflow/.local/lib/python3.12/site-packages/airflow/example_dags/example_latest_only_with_trigger.py
[2024-06-17T23:39:31.868+0000] {logging_mixin.py:188} INFO - [2024-06-17T23:39:31.868+0000] {dag.py:3096} INFO - Sync 1 DAGs
[2024-06-17T23:39:31.895+0000] {logging_mixin.py:188} INFO - [2024-06-17T23:39:31.894+0000] {dag.py:3954} INFO - Setting next_dagrun for latest_only_with_trigger to 2024-06-17 16:00:00+00:00, run_after=2024-06-17 20:00:00+00:00
[2024-06-17T23:39:31.919+0000] {processor.py:183} INFO - Processing /home/airflow/.local/lib/python3.12/site-packages/airflow/example_dags/example_latest_only_with_trigger.py took 0.173 seconds
[2024-06-17T23:40:02.896+0000] {processor.py:161} INFO - Started process (PID=178) to work on /home/airflow/.local/lib/python3.12/site-packages/airflow/example_dags/example_latest_only_with_trigger.py
[2024-06-17T23:40:02.897+0000] {processor.py:830} INFO - Processing file /home/airflow/.local/lib/python3.12/site-packages/airflow/example_dags/example_latest_only_with_trigger.py for tasks to queue
[2024-06-17T23:40:02.900+0000] {logging_mixin.py:188} INFO - [2024-06-17T23:40:02.900+0000] {dagbag.py:545} INFO - Filling up the DagBag from /home/airflow/.local/lib/python3.12/site-packages/airflow/example_dags/example_latest_only_with_trigger.py
[2024-06-17T23:40:02.910+0000] {processor.py:840} INFO - DAG(s) 'latest_only_with_trigger' retrieved from /home/airflow/.local/lib/python3.12/site-packages/airflow/example_dags/example_latest_only_with_trigger.py
[2024-06-17T23:40:02.946+0000] {logging_mixin.py:188} INFO - [2024-06-17T23:40:02.945+0000] {dag.py:3096} INFO - Sync 1 DAGs
[2024-06-17T23:40:02.974+0000] {logging_mixin.py:188} INFO - [2024-06-17T23:40:02.974+0000] {dag.py:3954} INFO - Setting next_dagrun for latest_only_with_trigger to 2024-06-17 16:00:00+00:00, run_after=2024-06-17 20:00:00+00:00
[2024-06-17T23:40:02.996+0000] {processor.py:183} INFO - Processing /home/airflow/.local/lib/python3.12/site-packages/airflow/example_dags/example_latest_only_with_trigger.py took 0.108 seconds
[2024-06-17T23:40:33.055+0000] {processor.py:161} INFO - Started process (PID=238) to work on /home/airflow/.local/lib/python3.12/site-packages/airflow/example_dags/example_latest_only_with_trigger.py
[2024-06-17T23:40:33.056+0000] {processor.py:830} INFO - Processing file /home/airflow/.local/lib/python3.12/site-packages/airflow/example_dags/example_latest_only_with_trigger.py for tasks to queue
[2024-06-17T23:40:33.059+0000] {logging_mixin.py:188} INFO - [2024-06-17T23:40:33.058+0000] {dagbag.py:545} INFO - Filling up the DagBag from /home/airflow/.local/lib/python3.12/site-packages/airflow/example_dags/example_latest_only_with_trigger.py
[2024-06-17T23:40:33.066+0000] {processor.py:840} INFO - DAG(s) 'latest_only_with_trigger' retrieved from /home/airflow/.local/lib/python3.12/site-packages/airflow/example_dags/example_latest_only_with_trigger.py
[2024-06-17T23:40:33.092+0000] {logging_mixin.py:188} INFO - [2024-06-17T23:40:33.092+0000] {dag.py:3096} INFO - Sync 1 DAGs
[2024-06-17T23:40:33.118+0000] {logging_mixin.py:188} INFO - [2024-06-17T23:40:33.118+0000] {dag.py:3954} INFO - Setting next_dagrun for latest_only_with_trigger to 2024-06-17 16:00:00+00:00, run_after=2024-06-17 20:00:00+00:00
[2024-06-17T23:40:33.145+0000] {processor.py:183} INFO - Processing /home/airflow/.local/lib/python3.12/site-packages/airflow/example_dags/example_latest_only_with_trigger.py took 0.096 seconds
[2024-06-17T23:41:03.730+0000] {processor.py:161} INFO - Started process (PID=298) to work on /home/airflow/.local/lib/python3.12/site-packages/airflow/example_dags/example_latest_only_with_trigger.py
[2024-06-17T23:41:03.731+0000] {processor.py:830} INFO - Processing file /home/airflow/.local/lib/python3.12/site-packages/airflow/example_dags/example_latest_only_with_trigger.py for tasks to queue
[2024-06-17T23:41:03.734+0000] {logging_mixin.py:188} INFO - [2024-06-17T23:41:03.733+0000] {dagbag.py:545} INFO - Filling up the DagBag from /home/airflow/.local/lib/python3.12/site-packages/airflow/example_dags/example_latest_only_with_trigger.py
[2024-06-17T23:41:03.741+0000] {processor.py:840} INFO - DAG(s) 'latest_only_with_trigger' retrieved from /home/airflow/.local/lib/python3.12/site-packages/airflow/example_dags/example_latest_only_with_trigger.py
[2024-06-17T23:41:03.764+0000] {logging_mixin.py:188} INFO - [2024-06-17T23:41:03.764+0000] {dag.py:3096} INFO - Sync 1 DAGs
[2024-06-17T23:41:03.792+0000] {logging_mixin.py:188} INFO - [2024-06-17T23:41:03.792+0000] {dag.py:3954} INFO - Setting next_dagrun for latest_only_with_trigger to 2024-06-17 16:00:00+00:00, run_after=2024-06-17 20:00:00+00:00
[2024-06-17T23:41:03.814+0000] {processor.py:183} INFO - Processing /home/airflow/.local/lib/python3.12/site-packages/airflow/example_dags/example_latest_only_with_trigger.py took 0.094 seconds
[2024-06-17T23:41:34.836+0000] {processor.py:161} INFO - Started process (PID=358) to work on /home/airflow/.local/lib/python3.12/site-packages/airflow/example_dags/example_latest_only_with_trigger.py
[2024-06-17T23:41:34.837+0000] {processor.py:830} INFO - Processing file /home/airflow/.local/lib/python3.12/site-packages/airflow/example_dags/example_latest_only_with_trigger.py for tasks to queue
[2024-06-17T23:41:34.840+0000] {logging_mixin.py:188} INFO - [2024-06-17T23:41:34.839+0000] {dagbag.py:545} INFO - Filling up the DagBag from /home/airflow/.local/lib/python3.12/site-packages/airflow/example_dags/example_latest_only_with_trigger.py
[2024-06-17T23:41:34.847+0000] {processor.py:840} INFO - DAG(s) 'latest_only_with_trigger' retrieved from /home/airflow/.local/lib/python3.12/site-packages/airflow/example_dags/example_latest_only_with_trigger.py
[2024-06-17T23:41:34.871+0000] {logging_mixin.py:188} INFO - [2024-06-17T23:41:34.870+0000] {dag.py:3096} INFO - Sync 1 DAGs
[2024-06-17T23:41:34.900+0000] {logging_mixin.py:188} INFO - [2024-06-17T23:41:34.900+0000] {dag.py:3954} INFO - Setting next_dagrun for latest_only_with_trigger to 2024-06-17 16:00:00+00:00, run_after=2024-06-17 20:00:00+00:00
[2024-06-17T23:41:34.923+0000] {processor.py:183} INFO - Processing /home/airflow/.local/lib/python3.12/site-packages/airflow/example_dags/example_latest_only_with_trigger.py took 0.093 seconds
[2024-06-17T23:42:05.373+0000] {processor.py:161} INFO - Started process (PID=418) to work on /home/airflow/.local/lib/python3.12/site-packages/airflow/example_dags/example_latest_only_with_trigger.py
[2024-06-17T23:42:05.374+0000] {processor.py:830} INFO - Processing file /home/airflow/.local/lib/python3.12/site-packages/airflow/example_dags/example_latest_only_with_trigger.py for tasks to queue
[2024-06-17T23:42:05.376+0000] {logging_mixin.py:188} INFO - [2024-06-17T23:42:05.376+0000] {dagbag.py:545} INFO - Filling up the DagBag from /home/airflow/.local/lib/python3.12/site-packages/airflow/example_dags/example_latest_only_with_trigger.py
[2024-06-17T23:42:05.382+0000] {processor.py:840} INFO - DAG(s) 'latest_only_with_trigger' retrieved from /home/airflow/.local/lib/python3.12/site-packages/airflow/example_dags/example_latest_only_with_trigger.py
[2024-06-17T23:42:05.411+0000] {logging_mixin.py:188} INFO - [2024-06-17T23:42:05.410+0000] {dag.py:3096} INFO - Sync 1 DAGs
[2024-06-17T23:42:05.434+0000] {logging_mixin.py:188} INFO - [2024-06-17T23:42:05.433+0000] {dag.py:3954} INFO - Setting next_dagrun for latest_only_with_trigger to 2024-06-17 16:00:00+00:00, run_after=2024-06-17 20:00:00+00:00
[2024-06-17T23:42:05.454+0000] {processor.py:183} INFO - Processing /home/airflow/.local/lib/python3.12/site-packages/airflow/example_dags/example_latest_only_with_trigger.py took 0.086 seconds
[2024-06-17T23:42:35.862+0000] {processor.py:161} INFO - Started process (PID=478) to work on /home/airflow/.local/lib/python3.12/site-packages/airflow/example_dags/example_latest_only_with_trigger.py
[2024-06-17T23:42:35.863+0000] {processor.py:830} INFO - Processing file /home/airflow/.local/lib/python3.12/site-packages/airflow/example_dags/example_latest_only_with_trigger.py for tasks to queue
[2024-06-17T23:42:35.865+0000] {logging_mixin.py:188} INFO - [2024-06-17T23:42:35.864+0000] {dagbag.py:545} INFO - Filling up the DagBag from /home/airflow/.local/lib/python3.12/site-packages/airflow/example_dags/example_latest_only_with_trigger.py
[2024-06-17T23:42:35.871+0000] {processor.py:840} INFO - DAG(s) 'latest_only_with_trigger' retrieved from /home/airflow/.local/lib/python3.12/site-packages/airflow/example_dags/example_latest_only_with_trigger.py
[2024-06-17T23:42:35.896+0000] {logging_mixin.py:188} INFO - [2024-06-17T23:42:35.896+0000] {dag.py:3096} INFO - Sync 1 DAGs
[2024-06-17T23:42:35.919+0000] {logging_mixin.py:188} INFO - [2024-06-17T23:42:35.918+0000] {dag.py:3954} INFO - Setting next_dagrun for latest_only_with_trigger to 2024-06-17 16:00:00+00:00, run_after=2024-06-17 20:00:00+00:00
[2024-06-17T23:42:35.941+0000] {processor.py:183} INFO - Processing /home/airflow/.local/lib/python3.12/site-packages/airflow/example_dags/example_latest_only_with_trigger.py took 0.085 seconds
[2024-06-17T23:43:07.218+0000] {processor.py:161} INFO - Started process (PID=538) to work on /home/airflow/.local/lib/python3.12/site-packages/airflow/example_dags/example_latest_only_with_trigger.py
[2024-06-17T23:43:07.220+0000] {processor.py:830} INFO - Processing file /home/airflow/.local/lib/python3.12/site-packages/airflow/example_dags/example_latest_only_with_trigger.py for tasks to queue
[2024-06-17T23:43:07.223+0000] {logging_mixin.py:188} INFO - [2024-06-17T23:43:07.223+0000] {dagbag.py:545} INFO - Filling up the DagBag from /home/airflow/.local/lib/python3.12/site-packages/airflow/example_dags/example_latest_only_with_trigger.py
[2024-06-17T23:43:07.233+0000] {processor.py:840} INFO - DAG(s) 'latest_only_with_trigger' retrieved from /home/airflow/.local/lib/python3.12/site-packages/airflow/example_dags/example_latest_only_with_trigger.py
[2024-06-17T23:43:07.265+0000] {logging_mixin.py:188} INFO - [2024-06-17T23:43:07.265+0000] {dag.py:3096} INFO - Sync 1 DAGs
[2024-06-17T23:43:07.302+0000] {logging_mixin.py:188} INFO - [2024-06-17T23:43:07.301+0000] {dag.py:3954} INFO - Setting next_dagrun for latest_only_with_trigger to 2024-06-17 16:00:00+00:00, run_after=2024-06-17 20:00:00+00:00
[2024-06-17T23:43:07.329+0000] {processor.py:183} INFO - Processing /home/airflow/.local/lib/python3.12/site-packages/airflow/example_dags/example_latest_only_with_trigger.py took 0.120 seconds
[2024-06-17T23:43:38.315+0000] {processor.py:161} INFO - Started process (PID=598) to work on /home/airflow/.local/lib/python3.12/site-packages/airflow/example_dags/example_latest_only_with_trigger.py
[2024-06-17T23:43:38.316+0000] {processor.py:830} INFO - Processing file /home/airflow/.local/lib/python3.12/site-packages/airflow/example_dags/example_latest_only_with_trigger.py for tasks to queue
[2024-06-17T23:43:38.319+0000] {logging_mixin.py:188} INFO - [2024-06-17T23:43:38.318+0000] {dagbag.py:545} INFO - Filling up the DagBag from /home/airflow/.local/lib/python3.12/site-packages/airflow/example_dags/example_latest_only_with_trigger.py
[2024-06-17T23:43:38.328+0000] {processor.py:840} INFO - DAG(s) 'latest_only_with_trigger' retrieved from /home/airflow/.local/lib/python3.12/site-packages/airflow/example_dags/example_latest_only_with_trigger.py
[2024-06-17T23:43:38.355+0000] {logging_mixin.py:188} INFO - [2024-06-17T23:43:38.355+0000] {dag.py:3096} INFO - Sync 1 DAGs
[2024-06-17T23:43:38.383+0000] {logging_mixin.py:188} INFO - [2024-06-17T23:43:38.383+0000] {dag.py:3954} INFO - Setting next_dagrun for latest_only_with_trigger to 2024-06-17 16:00:00+00:00, run_after=2024-06-17 20:00:00+00:00
[2024-06-17T23:43:38.405+0000] {processor.py:183} INFO - Processing /home/airflow/.local/lib/python3.12/site-packages/airflow/example_dags/example_latest_only_with_trigger.py took 0.097 seconds
[2024-06-17T23:44:08.575+0000] {processor.py:161} INFO - Started process (PID=656) to work on /home/airflow/.local/lib/python3.12/site-packages/airflow/example_dags/example_latest_only_with_trigger.py
[2024-06-17T23:44:08.576+0000] {processor.py:830} INFO - Processing file /home/airflow/.local/lib/python3.12/site-packages/airflow/example_dags/example_latest_only_with_trigger.py for tasks to queue
[2024-06-17T23:44:08.579+0000] {logging_mixin.py:188} INFO - [2024-06-17T23:44:08.579+0000] {dagbag.py:545} INFO - Filling up the DagBag from /home/airflow/.local/lib/python3.12/site-packages/airflow/example_dags/example_latest_only_with_trigger.py
[2024-06-17T23:44:08.587+0000] {processor.py:840} INFO - DAG(s) 'latest_only_with_trigger' retrieved from /home/airflow/.local/lib/python3.12/site-packages/airflow/example_dags/example_latest_only_with_trigger.py
[2024-06-17T23:44:08.617+0000] {logging_mixin.py:188} INFO - [2024-06-17T23:44:08.616+0000] {dag.py:3096} INFO - Sync 1 DAGs
[2024-06-17T23:44:08.650+0000] {logging_mixin.py:188} INFO - [2024-06-17T23:44:08.649+0000] {dag.py:3954} INFO - Setting next_dagrun for latest_only_with_trigger to 2024-06-17 16:00:00+00:00, run_after=2024-06-17 20:00:00+00:00
[2024-06-17T23:44:08.683+0000] {processor.py:183} INFO - Processing /home/airflow/.local/lib/python3.12/site-packages/airflow/example_dags/example_latest_only_with_trigger.py took 0.115 seconds
[2024-06-17T23:44:38.826+0000] {processor.py:161} INFO - Started process (PID=716) to work on /home/airflow/.local/lib/python3.12/site-packages/airflow/example_dags/example_latest_only_with_trigger.py
[2024-06-17T23:44:38.828+0000] {processor.py:830} INFO - Processing file /home/airflow/.local/lib/python3.12/site-packages/airflow/example_dags/example_latest_only_with_trigger.py for tasks to queue
[2024-06-17T23:44:38.830+0000] {logging_mixin.py:188} INFO - [2024-06-17T23:44:38.830+0000] {dagbag.py:545} INFO - Filling up the DagBag from /home/airflow/.local/lib/python3.12/site-packages/airflow/example_dags/example_latest_only_with_trigger.py
[2024-06-17T23:44:38.837+0000] {processor.py:840} INFO - DAG(s) 'latest_only_with_trigger' retrieved from /home/airflow/.local/lib/python3.12/site-packages/airflow/example_dags/example_latest_only_with_trigger.py
[2024-06-17T23:44:38.862+0000] {logging_mixin.py:188} INFO - [2024-06-17T23:44:38.862+0000] {dag.py:3096} INFO - Sync 1 DAGs
[2024-06-17T23:44:38.887+0000] {logging_mixin.py:188} INFO - [2024-06-17T23:44:38.887+0000] {dag.py:3954} INFO - Setting next_dagrun for latest_only_with_trigger to 2024-06-17 16:00:00+00:00, run_after=2024-06-17 20:00:00+00:00
[2024-06-17T23:44:38.915+0000] {processor.py:183} INFO - Processing /home/airflow/.local/lib/python3.12/site-packages/airflow/example_dags/example_latest_only_with_trigger.py took 0.099 seconds
[2024-06-17T23:45:09.034+0000] {processor.py:161} INFO - Started process (PID=776) to work on /home/airflow/.local/lib/python3.12/site-packages/airflow/example_dags/example_latest_only_with_trigger.py
[2024-06-17T23:45:09.035+0000] {processor.py:830} INFO - Processing file /home/airflow/.local/lib/python3.12/site-packages/airflow/example_dags/example_latest_only_with_trigger.py for tasks to queue
[2024-06-17T23:45:09.037+0000] {logging_mixin.py:188} INFO - [2024-06-17T23:45:09.037+0000] {dagbag.py:545} INFO - Filling up the DagBag from /home/airflow/.local/lib/python3.12/site-packages/airflow/example_dags/example_latest_only_with_trigger.py
[2024-06-17T23:45:09.043+0000] {processor.py:840} INFO - DAG(s) 'latest_only_with_trigger' retrieved from /home/airflow/.local/lib/python3.12/site-packages/airflow/example_dags/example_latest_only_with_trigger.py
[2024-06-17T23:45:09.073+0000] {logging_mixin.py:188} INFO - [2024-06-17T23:45:09.073+0000] {dag.py:3096} INFO - Sync 1 DAGs
[2024-06-17T23:45:09.099+0000] {logging_mixin.py:188} INFO - [2024-06-17T23:45:09.099+0000] {dag.py:3954} INFO - Setting next_dagrun for latest_only_with_trigger to 2024-06-17 16:00:00+00:00, run_after=2024-06-17 20:00:00+00:00
[2024-06-17T23:45:09.121+0000] {processor.py:183} INFO - Processing /home/airflow/.local/lib/python3.12/site-packages/airflow/example_dags/example_latest_only_with_trigger.py took 0.093 seconds
[2024-06-17T23:45:39.279+0000] {processor.py:161} INFO - Started process (PID=836) to work on /home/airflow/.local/lib/python3.12/site-packages/airflow/example_dags/example_latest_only_with_trigger.py
[2024-06-17T23:45:39.280+0000] {processor.py:830} INFO - Processing file /home/airflow/.local/lib/python3.12/site-packages/airflow/example_dags/example_latest_only_with_trigger.py for tasks to queue
[2024-06-17T23:45:39.282+0000] {logging_mixin.py:188} INFO - [2024-06-17T23:45:39.282+0000] {dagbag.py:545} INFO - Filling up the DagBag from /home/airflow/.local/lib/python3.12/site-packages/airflow/example_dags/example_latest_only_with_trigger.py
[2024-06-17T23:45:39.288+0000] {processor.py:840} INFO - DAG(s) 'latest_only_with_trigger' retrieved from /home/airflow/.local/lib/python3.12/site-packages/airflow/example_dags/example_latest_only_with_trigger.py
[2024-06-17T23:45:39.310+0000] {logging_mixin.py:188} INFO - [2024-06-17T23:45:39.309+0000] {dag.py:3096} INFO - Sync 1 DAGs
[2024-06-17T23:45:39.334+0000] {logging_mixin.py:188} INFO - [2024-06-17T23:45:39.334+0000] {dag.py:3954} INFO - Setting next_dagrun for latest_only_with_trigger to 2024-06-17 16:00:00+00:00, run_after=2024-06-17 20:00:00+00:00
[2024-06-17T23:45:39.353+0000] {processor.py:183} INFO - Processing /home/airflow/.local/lib/python3.12/site-packages/airflow/example_dags/example_latest_only_with_trigger.py took 0.079 seconds
[2024-06-17T23:46:09.580+0000] {processor.py:161} INFO - Started process (PID=896) to work on /home/airflow/.local/lib/python3.12/site-packages/airflow/example_dags/example_latest_only_with_trigger.py
[2024-06-17T23:46:09.582+0000] {processor.py:830} INFO - Processing file /home/airflow/.local/lib/python3.12/site-packages/airflow/example_dags/example_latest_only_with_trigger.py for tasks to queue
[2024-06-17T23:46:09.584+0000] {logging_mixin.py:188} INFO - [2024-06-17T23:46:09.584+0000] {dagbag.py:545} INFO - Filling up the DagBag from /home/airflow/.local/lib/python3.12/site-packages/airflow/example_dags/example_latest_only_with_trigger.py
[2024-06-17T23:46:09.590+0000] {processor.py:840} INFO - DAG(s) 'latest_only_with_trigger' retrieved from /home/airflow/.local/lib/python3.12/site-packages/airflow/example_dags/example_latest_only_with_trigger.py
[2024-06-17T23:46:09.611+0000] {logging_mixin.py:188} INFO - [2024-06-17T23:46:09.611+0000] {dag.py:3096} INFO - Sync 1 DAGs
[2024-06-17T23:46:09.635+0000] {logging_mixin.py:188} INFO - [2024-06-17T23:46:09.634+0000] {dag.py:3954} INFO - Setting next_dagrun for latest_only_with_trigger to 2024-06-17 16:00:00+00:00, run_after=2024-06-17 20:00:00+00:00
[2024-06-17T23:46:09.662+0000] {processor.py:183} INFO - Processing /home/airflow/.local/lib/python3.12/site-packages/airflow/example_dags/example_latest_only_with_trigger.py took 0.088 seconds
[2024-06-17T23:46:39.867+0000] {processor.py:161} INFO - Started process (PID=956) to work on /home/airflow/.local/lib/python3.12/site-packages/airflow/example_dags/example_latest_only_with_trigger.py
[2024-06-17T23:46:39.868+0000] {processor.py:830} INFO - Processing file /home/airflow/.local/lib/python3.12/site-packages/airflow/example_dags/example_latest_only_with_trigger.py for tasks to queue
[2024-06-17T23:46:39.871+0000] {logging_mixin.py:188} INFO - [2024-06-17T23:46:39.870+0000] {dagbag.py:545} INFO - Filling up the DagBag from /home/airflow/.local/lib/python3.12/site-packages/airflow/example_dags/example_latest_only_with_trigger.py
[2024-06-17T23:46:39.877+0000] {processor.py:840} INFO - DAG(s) 'latest_only_with_trigger' retrieved from /home/airflow/.local/lib/python3.12/site-packages/airflow/example_dags/example_latest_only_with_trigger.py
[2024-06-17T23:46:39.903+0000] {logging_mixin.py:188} INFO - [2024-06-17T23:46:39.903+0000] {dag.py:3096} INFO - Sync 1 DAGs
[2024-06-17T23:46:39.925+0000] {logging_mixin.py:188} INFO - [2024-06-17T23:46:39.925+0000] {dag.py:3954} INFO - Setting next_dagrun for latest_only_with_trigger to 2024-06-17 16:00:00+00:00, run_after=2024-06-17 20:00:00+00:00
[2024-06-17T23:46:39.945+0000] {processor.py:183} INFO - Processing /home/airflow/.local/lib/python3.12/site-packages/airflow/example_dags/example_latest_only_with_trigger.py took 0.085 seconds
[2024-06-17T23:47:10.235+0000] {processor.py:161} INFO - Started process (PID=1016) to work on /home/airflow/.local/lib/python3.12/site-packages/airflow/example_dags/example_latest_only_with_trigger.py
[2024-06-17T23:47:10.236+0000] {processor.py:830} INFO - Processing file /home/airflow/.local/lib/python3.12/site-packages/airflow/example_dags/example_latest_only_with_trigger.py for tasks to queue
[2024-06-17T23:47:10.239+0000] {logging_mixin.py:188} INFO - [2024-06-17T23:47:10.238+0000] {dagbag.py:545} INFO - Filling up the DagBag from /home/airflow/.local/lib/python3.12/site-packages/airflow/example_dags/example_latest_only_with_trigger.py
[2024-06-17T23:47:10.245+0000] {processor.py:840} INFO - DAG(s) 'latest_only_with_trigger' retrieved from /home/airflow/.local/lib/python3.12/site-packages/airflow/example_dags/example_latest_only_with_trigger.py
[2024-06-17T23:47:10.267+0000] {logging_mixin.py:188} INFO - [2024-06-17T23:47:10.267+0000] {dag.py:3096} INFO - Sync 1 DAGs
[2024-06-17T23:47:10.299+0000] {logging_mixin.py:188} INFO - [2024-06-17T23:47:10.298+0000] {dag.py:3954} INFO - Setting next_dagrun for latest_only_with_trigger to 2024-06-17 16:00:00+00:00, run_after=2024-06-17 20:00:00+00:00
[2024-06-17T23:47:10.328+0000] {processor.py:183} INFO - Processing /home/airflow/.local/lib/python3.12/site-packages/airflow/example_dags/example_latest_only_with_trigger.py took 0.099 seconds
[2024-06-17T23:47:41.073+0000] {processor.py:161} INFO - Started process (PID=1082) to work on /home/airflow/.local/lib/python3.12/site-packages/airflow/example_dags/example_latest_only_with_trigger.py
[2024-06-17T23:47:41.074+0000] {processor.py:830} INFO - Processing file /home/airflow/.local/lib/python3.12/site-packages/airflow/example_dags/example_latest_only_with_trigger.py for tasks to queue
[2024-06-17T23:47:41.076+0000] {logging_mixin.py:188} INFO - [2024-06-17T23:47:41.076+0000] {dagbag.py:545} INFO - Filling up the DagBag from /home/airflow/.local/lib/python3.12/site-packages/airflow/example_dags/example_latest_only_with_trigger.py
[2024-06-17T23:47:41.082+0000] {processor.py:840} INFO - DAG(s) 'latest_only_with_trigger' retrieved from /home/airflow/.local/lib/python3.12/site-packages/airflow/example_dags/example_latest_only_with_trigger.py
[2024-06-17T23:47:41.108+0000] {logging_mixin.py:188} INFO - [2024-06-17T23:47:41.108+0000] {dag.py:3096} INFO - Sync 1 DAGs
[2024-06-17T23:47:41.134+0000] {logging_mixin.py:188} INFO - [2024-06-17T23:47:41.133+0000] {dag.py:3954} INFO - Setting next_dagrun for latest_only_with_trigger to 2024-06-17 16:00:00+00:00, run_after=2024-06-17 20:00:00+00:00
[2024-06-17T23:47:41.156+0000] {processor.py:183} INFO - Processing /home/airflow/.local/lib/python3.12/site-packages/airflow/example_dags/example_latest_only_with_trigger.py took 0.089 seconds
[2024-06-17T23:48:11.386+0000] {processor.py:161} INFO - Started process (PID=1142) to work on /home/airflow/.local/lib/python3.12/site-packages/airflow/example_dags/example_latest_only_with_trigger.py
[2024-06-17T23:48:11.388+0000] {processor.py:830} INFO - Processing file /home/airflow/.local/lib/python3.12/site-packages/airflow/example_dags/example_latest_only_with_trigger.py for tasks to queue
[2024-06-17T23:48:11.391+0000] {logging_mixin.py:188} INFO - [2024-06-17T23:48:11.391+0000] {dagbag.py:545} INFO - Filling up the DagBag from /home/airflow/.local/lib/python3.12/site-packages/airflow/example_dags/example_latest_only_with_trigger.py
[2024-06-17T23:48:11.403+0000] {processor.py:840} INFO - DAG(s) 'latest_only_with_trigger' retrieved from /home/airflow/.local/lib/python3.12/site-packages/airflow/example_dags/example_latest_only_with_trigger.py
[2024-06-17T23:48:11.442+0000] {logging_mixin.py:188} INFO - [2024-06-17T23:48:11.441+0000] {dag.py:3096} INFO - Sync 1 DAGs
[2024-06-17T23:48:11.483+0000] {logging_mixin.py:188} INFO - [2024-06-17T23:48:11.482+0000] {dag.py:3954} INFO - Setting next_dagrun for latest_only_with_trigger to 2024-06-17 16:00:00+00:00, run_after=2024-06-17 20:00:00+00:00
[2024-06-17T23:48:11.525+0000] {processor.py:183} INFO - Processing /home/airflow/.local/lib/python3.12/site-packages/airflow/example_dags/example_latest_only_with_trigger.py took 0.149 seconds
[2024-06-17T23:48:42.383+0000] {processor.py:161} INFO - Started process (PID=1202) to work on /home/airflow/.local/lib/python3.12/site-packages/airflow/example_dags/example_latest_only_with_trigger.py
[2024-06-17T23:48:42.384+0000] {processor.py:830} INFO - Processing file /home/airflow/.local/lib/python3.12/site-packages/airflow/example_dags/example_latest_only_with_trigger.py for tasks to queue
[2024-06-17T23:48:42.387+0000] {logging_mixin.py:188} INFO - [2024-06-17T23:48:42.386+0000] {dagbag.py:545} INFO - Filling up the DagBag from /home/airflow/.local/lib/python3.12/site-packages/airflow/example_dags/example_latest_only_with_trigger.py
[2024-06-17T23:48:42.394+0000] {processor.py:840} INFO - DAG(s) 'latest_only_with_trigger' retrieved from /home/airflow/.local/lib/python3.12/site-packages/airflow/example_dags/example_latest_only_with_trigger.py
[2024-06-17T23:48:42.416+0000] {logging_mixin.py:188} INFO - [2024-06-17T23:48:42.416+0000] {dag.py:3096} INFO - Sync 1 DAGs
[2024-06-17T23:48:42.440+0000] {logging_mixin.py:188} INFO - [2024-06-17T23:48:42.440+0000] {dag.py:3954} INFO - Setting next_dagrun for latest_only_with_trigger to 2024-06-17 16:00:00+00:00, run_after=2024-06-17 20:00:00+00:00
[2024-06-17T23:48:42.463+0000] {processor.py:183} INFO - Processing /home/airflow/.local/lib/python3.12/site-packages/airflow/example_dags/example_latest_only_with_trigger.py took 0.086 seconds
[2024-06-17T23:49:12.932+0000] {processor.py:161} INFO - Started process (PID=1262) to work on /home/airflow/.local/lib/python3.12/site-packages/airflow/example_dags/example_latest_only_with_trigger.py
[2024-06-17T23:49:12.934+0000] {processor.py:830} INFO - Processing file /home/airflow/.local/lib/python3.12/site-packages/airflow/example_dags/example_latest_only_with_trigger.py for tasks to queue
[2024-06-17T23:49:12.936+0000] {logging_mixin.py:188} INFO - [2024-06-17T23:49:12.936+0000] {dagbag.py:545} INFO - Filling up the DagBag from /home/airflow/.local/lib/python3.12/site-packages/airflow/example_dags/example_latest_only_with_trigger.py
[2024-06-17T23:49:12.945+0000] {processor.py:840} INFO - DAG(s) 'latest_only_with_trigger' retrieved from /home/airflow/.local/lib/python3.12/site-packages/airflow/example_dags/example_latest_only_with_trigger.py
[2024-06-17T23:49:12.974+0000] {logging_mixin.py:188} INFO - [2024-06-17T23:49:12.973+0000] {dag.py:3096} INFO - Sync 1 DAGs
[2024-06-17T23:49:13.003+0000] {logging_mixin.py:188} INFO - [2024-06-17T23:49:13.003+0000] {dag.py:3954} INFO - Setting next_dagrun for latest_only_with_trigger to 2024-06-17 16:00:00+00:00, run_after=2024-06-17 20:00:00+00:00
[2024-06-17T23:49:13.035+0000] {processor.py:183} INFO - Processing /home/airflow/.local/lib/python3.12/site-packages/airflow/example_dags/example_latest_only_with_trigger.py took 0.111 seconds
[2024-06-17T23:49:43.361+0000] {processor.py:161} INFO - Started process (PID=1322) to work on /home/airflow/.local/lib/python3.12/site-packages/airflow/example_dags/example_latest_only_with_trigger.py
[2024-06-17T23:49:43.363+0000] {processor.py:830} INFO - Processing file /home/airflow/.local/lib/python3.12/site-packages/airflow/example_dags/example_latest_only_with_trigger.py for tasks to queue
[2024-06-17T23:49:43.365+0000] {logging_mixin.py:188} INFO - [2024-06-17T23:49:43.365+0000] {dagbag.py:545} INFO - Filling up the DagBag from /home/airflow/.local/lib/python3.12/site-packages/airflow/example_dags/example_latest_only_with_trigger.py
[2024-06-17T23:49:43.375+0000] {processor.py:840} INFO - DAG(s) 'latest_only_with_trigger' retrieved from /home/airflow/.local/lib/python3.12/site-packages/airflow/example_dags/example_latest_only_with_trigger.py
[2024-06-17T23:49:43.408+0000] {logging_mixin.py:188} INFO - [2024-06-17T23:49:43.407+0000] {dag.py:3096} INFO - Sync 1 DAGs
[2024-06-17T23:49:43.445+0000] {logging_mixin.py:188} INFO - [2024-06-17T23:49:43.444+0000] {dag.py:3954} INFO - Setting next_dagrun for latest_only_with_trigger to 2024-06-17 16:00:00+00:00, run_after=2024-06-17 20:00:00+00:00
[2024-06-17T23:49:43.474+0000] {processor.py:183} INFO - Processing /home/airflow/.local/lib/python3.12/site-packages/airflow/example_dags/example_latest_only_with_trigger.py took 0.119 seconds
[2024-06-17T23:50:13.588+0000] {processor.py:161} INFO - Started process (PID=1382) to work on /home/airflow/.local/lib/python3.12/site-packages/airflow/example_dags/example_latest_only_with_trigger.py
[2024-06-17T23:50:13.589+0000] {processor.py:830} INFO - Processing file /home/airflow/.local/lib/python3.12/site-packages/airflow/example_dags/example_latest_only_with_trigger.py for tasks to queue
[2024-06-17T23:50:13.592+0000] {logging_mixin.py:188} INFO - [2024-06-17T23:50:13.591+0000] {dagbag.py:545} INFO - Filling up the DagBag from /home/airflow/.local/lib/python3.12/site-packages/airflow/example_dags/example_latest_only_with_trigger.py
[2024-06-17T23:50:13.599+0000] {processor.py:840} INFO - DAG(s) 'latest_only_with_trigger' retrieved from /home/airflow/.local/lib/python3.12/site-packages/airflow/example_dags/example_latest_only_with_trigger.py
[2024-06-17T23:50:13.622+0000] {logging_mixin.py:188} INFO - [2024-06-17T23:50:13.622+0000] {dag.py:3096} INFO - Sync 1 DAGs
[2024-06-17T23:50:13.647+0000] {logging_mixin.py:188} INFO - [2024-06-17T23:50:13.647+0000] {dag.py:3954} INFO - Setting next_dagrun for latest_only_with_trigger to 2024-06-17 16:00:00+00:00, run_after=2024-06-17 20:00:00+00:00
[2024-06-17T23:50:13.686+0000] {processor.py:183} INFO - Processing /home/airflow/.local/lib/python3.12/site-packages/airflow/example_dags/example_latest_only_with_trigger.py took 0.106 seconds
[2024-06-17T23:50:44.218+0000] {processor.py:161} INFO - Started process (PID=1442) to work on /home/airflow/.local/lib/python3.12/site-packages/airflow/example_dags/example_latest_only_with_trigger.py
[2024-06-17T23:50:44.219+0000] {processor.py:830} INFO - Processing file /home/airflow/.local/lib/python3.12/site-packages/airflow/example_dags/example_latest_only_with_trigger.py for tasks to queue
[2024-06-17T23:50:44.222+0000] {logging_mixin.py:188} INFO - [2024-06-17T23:50:44.222+0000] {dagbag.py:545} INFO - Filling up the DagBag from /home/airflow/.local/lib/python3.12/site-packages/airflow/example_dags/example_latest_only_with_trigger.py
[2024-06-17T23:50:44.231+0000] {processor.py:840} INFO - DAG(s) 'latest_only_with_trigger' retrieved from /home/airflow/.local/lib/python3.12/site-packages/airflow/example_dags/example_latest_only_with_trigger.py
[2024-06-17T23:50:44.255+0000] {logging_mixin.py:188} INFO - [2024-06-17T23:50:44.255+0000] {dag.py:3096} INFO - Sync 1 DAGs
[2024-06-17T23:50:44.281+0000] {logging_mixin.py:188} INFO - [2024-06-17T23:50:44.280+0000] {dag.py:3954} INFO - Setting next_dagrun for latest_only_with_trigger to 2024-06-17 16:00:00+00:00, run_after=2024-06-17 20:00:00+00:00
[2024-06-17T23:50:44.450+0000] {processor.py:183} INFO - Processing /home/airflow/.local/lib/python3.12/site-packages/airflow/example_dags/example_latest_only_with_trigger.py took 0.238 seconds
[2024-06-17T23:51:14.653+0000] {processor.py:161} INFO - Started process (PID=1502) to work on /home/airflow/.local/lib/python3.12/site-packages/airflow/example_dags/example_latest_only_with_trigger.py
[2024-06-17T23:51:14.654+0000] {processor.py:830} INFO - Processing file /home/airflow/.local/lib/python3.12/site-packages/airflow/example_dags/example_latest_only_with_trigger.py for tasks to queue
[2024-06-17T23:51:14.656+0000] {logging_mixin.py:188} INFO - [2024-06-17T23:51:14.656+0000] {dagbag.py:545} INFO - Filling up the DagBag from /home/airflow/.local/lib/python3.12/site-packages/airflow/example_dags/example_latest_only_with_trigger.py
[2024-06-17T23:51:14.663+0000] {processor.py:840} INFO - DAG(s) 'latest_only_with_trigger' retrieved from /home/airflow/.local/lib/python3.12/site-packages/airflow/example_dags/example_latest_only_with_trigger.py
[2024-06-17T23:51:14.690+0000] {logging_mixin.py:188} INFO - [2024-06-17T23:51:14.690+0000] {dag.py:3096} INFO - Sync 1 DAGs
[2024-06-17T23:51:14.719+0000] {logging_mixin.py:188} INFO - [2024-06-17T23:51:14.719+0000] {dag.py:3954} INFO - Setting next_dagrun for latest_only_with_trigger to 2024-06-17 16:00:00+00:00, run_after=2024-06-17 20:00:00+00:00
[2024-06-17T23:51:14.755+0000] {processor.py:183} INFO - Processing /home/airflow/.local/lib/python3.12/site-packages/airflow/example_dags/example_latest_only_with_trigger.py took 0.108 seconds
[2024-06-17T23:51:45.418+0000] {processor.py:161} INFO - Started process (PID=1562) to work on /home/airflow/.local/lib/python3.12/site-packages/airflow/example_dags/example_latest_only_with_trigger.py
[2024-06-17T23:51:45.419+0000] {processor.py:830} INFO - Processing file /home/airflow/.local/lib/python3.12/site-packages/airflow/example_dags/example_latest_only_with_trigger.py for tasks to queue
[2024-06-17T23:51:45.422+0000] {logging_mixin.py:188} INFO - [2024-06-17T23:51:45.422+0000] {dagbag.py:545} INFO - Filling up the DagBag from /home/airflow/.local/lib/python3.12/site-packages/airflow/example_dags/example_latest_only_with_trigger.py
[2024-06-17T23:51:45.431+0000] {processor.py:840} INFO - DAG(s) 'latest_only_with_trigger' retrieved from /home/airflow/.local/lib/python3.12/site-packages/airflow/example_dags/example_latest_only_with_trigger.py
[2024-06-17T23:51:45.463+0000] {logging_mixin.py:188} INFO - [2024-06-17T23:51:45.462+0000] {dag.py:3096} INFO - Sync 1 DAGs
[2024-06-17T23:51:45.499+0000] {logging_mixin.py:188} INFO - [2024-06-17T23:51:45.499+0000] {dag.py:3954} INFO - Setting next_dagrun for latest_only_with_trigger to 2024-06-17 16:00:00+00:00, run_after=2024-06-17 20:00:00+00:00
[2024-06-17T23:51:45.525+0000] {processor.py:183} INFO - Processing /home/airflow/.local/lib/python3.12/site-packages/airflow/example_dags/example_latest_only_with_trigger.py took 0.117 seconds
[2024-06-17T23:52:15.626+0000] {processor.py:161} INFO - Started process (PID=1622) to work on /home/airflow/.local/lib/python3.12/site-packages/airflow/example_dags/example_latest_only_with_trigger.py
[2024-06-17T23:52:15.627+0000] {processor.py:830} INFO - Processing file /home/airflow/.local/lib/python3.12/site-packages/airflow/example_dags/example_latest_only_with_trigger.py for tasks to queue
[2024-06-17T23:52:15.630+0000] {logging_mixin.py:188} INFO - [2024-06-17T23:52:15.630+0000] {dagbag.py:545} INFO - Filling up the DagBag from /home/airflow/.local/lib/python3.12/site-packages/airflow/example_dags/example_latest_only_with_trigger.py
[2024-06-17T23:52:15.638+0000] {processor.py:840} INFO - DAG(s) 'latest_only_with_trigger' retrieved from /home/airflow/.local/lib/python3.12/site-packages/airflow/example_dags/example_latest_only_with_trigger.py
[2024-06-17T23:52:15.671+0000] {logging_mixin.py:188} INFO - [2024-06-17T23:52:15.670+0000] {dag.py:3096} INFO - Sync 1 DAGs
[2024-06-17T23:52:15.703+0000] {logging_mixin.py:188} INFO - [2024-06-17T23:52:15.702+0000] {dag.py:3954} INFO - Setting next_dagrun for latest_only_with_trigger to 2024-06-17 16:00:00+00:00, run_after=2024-06-17 20:00:00+00:00
[2024-06-17T23:52:15.735+0000] {processor.py:183} INFO - Processing /home/airflow/.local/lib/python3.12/site-packages/airflow/example_dags/example_latest_only_with_trigger.py took 0.116 seconds
[2024-06-17T23:52:46.262+0000] {processor.py:161} INFO - Started process (PID=1682) to work on /home/airflow/.local/lib/python3.12/site-packages/airflow/example_dags/example_latest_only_with_trigger.py
[2024-06-17T23:52:46.263+0000] {processor.py:830} INFO - Processing file /home/airflow/.local/lib/python3.12/site-packages/airflow/example_dags/example_latest_only_with_trigger.py for tasks to queue
[2024-06-17T23:52:46.266+0000] {logging_mixin.py:188} INFO - [2024-06-17T23:52:46.265+0000] {dagbag.py:545} INFO - Filling up the DagBag from /home/airflow/.local/lib/python3.12/site-packages/airflow/example_dags/example_latest_only_with_trigger.py
[2024-06-17T23:52:46.273+0000] {processor.py:840} INFO - DAG(s) 'latest_only_with_trigger' retrieved from /home/airflow/.local/lib/python3.12/site-packages/airflow/example_dags/example_latest_only_with_trigger.py
[2024-06-17T23:52:46.302+0000] {logging_mixin.py:188} INFO - [2024-06-17T23:52:46.301+0000] {dag.py:3096} INFO - Sync 1 DAGs
[2024-06-17T23:52:46.331+0000] {logging_mixin.py:188} INFO - [2024-06-17T23:52:46.331+0000] {dag.py:3954} INFO - Setting next_dagrun for latest_only_with_trigger to 2024-06-17 16:00:00+00:00, run_after=2024-06-17 20:00:00+00:00
[2024-06-17T23:52:46.361+0000] {processor.py:183} INFO - Processing /home/airflow/.local/lib/python3.12/site-packages/airflow/example_dags/example_latest_only_with_trigger.py took 0.106 seconds
[2024-06-17T23:53:17.264+0000] {processor.py:161} INFO - Started process (PID=1742) to work on /home/airflow/.local/lib/python3.12/site-packages/airflow/example_dags/example_latest_only_with_trigger.py
[2024-06-17T23:53:17.265+0000] {processor.py:830} INFO - Processing file /home/airflow/.local/lib/python3.12/site-packages/airflow/example_dags/example_latest_only_with_trigger.py for tasks to queue
[2024-06-17T23:53:17.267+0000] {logging_mixin.py:188} INFO - [2024-06-17T23:53:17.267+0000] {dagbag.py:545} INFO - Filling up the DagBag from /home/airflow/.local/lib/python3.12/site-packages/airflow/example_dags/example_latest_only_with_trigger.py
[2024-06-17T23:53:17.421+0000] {processor.py:840} INFO - DAG(s) 'latest_only_with_trigger' retrieved from /home/airflow/.local/lib/python3.12/site-packages/airflow/example_dags/example_latest_only_with_trigger.py
[2024-06-17T23:53:17.441+0000] {logging_mixin.py:188} INFO - [2024-06-17T23:53:17.441+0000] {dag.py:3096} INFO - Sync 1 DAGs
[2024-06-17T23:53:17.464+0000] {logging_mixin.py:188} INFO - [2024-06-17T23:53:17.464+0000] {dag.py:3954} INFO - Setting next_dagrun for latest_only_with_trigger to 2024-06-17 16:00:00+00:00, run_after=2024-06-17 20:00:00+00:00
[2024-06-17T23:53:17.490+0000] {processor.py:183} INFO - Processing /home/airflow/.local/lib/python3.12/site-packages/airflow/example_dags/example_latest_only_with_trigger.py took 0.233 seconds
[2024-06-17T23:53:48.405+0000] {processor.py:161} INFO - Started process (PID=1802) to work on /home/airflow/.local/lib/python3.12/site-packages/airflow/example_dags/example_latest_only_with_trigger.py
[2024-06-17T23:53:48.406+0000] {processor.py:830} INFO - Processing file /home/airflow/.local/lib/python3.12/site-packages/airflow/example_dags/example_latest_only_with_trigger.py for tasks to queue
[2024-06-17T23:53:48.409+0000] {logging_mixin.py:188} INFO - [2024-06-17T23:53:48.409+0000] {dagbag.py:545} INFO - Filling up the DagBag from /home/airflow/.local/lib/python3.12/site-packages/airflow/example_dags/example_latest_only_with_trigger.py
[2024-06-17T23:53:48.416+0000] {processor.py:840} INFO - DAG(s) 'latest_only_with_trigger' retrieved from /home/airflow/.local/lib/python3.12/site-packages/airflow/example_dags/example_latest_only_with_trigger.py
[2024-06-17T23:53:48.444+0000] {logging_mixin.py:188} INFO - [2024-06-17T23:53:48.444+0000] {dag.py:3096} INFO - Sync 1 DAGs
[2024-06-17T23:53:48.473+0000] {logging_mixin.py:188} INFO - [2024-06-17T23:53:48.473+0000] {dag.py:3954} INFO - Setting next_dagrun for latest_only_with_trigger to 2024-06-17 16:00:00+00:00, run_after=2024-06-17 20:00:00+00:00
[2024-06-17T23:53:48.503+0000] {processor.py:183} INFO - Processing /home/airflow/.local/lib/python3.12/site-packages/airflow/example_dags/example_latest_only_with_trigger.py took 0.105 seconds
[2024-06-17T23:54:18.562+0000] {processor.py:161} INFO - Started process (PID=1861) to work on /home/airflow/.local/lib/python3.12/site-packages/airflow/example_dags/example_latest_only_with_trigger.py
[2024-06-17T23:54:18.563+0000] {processor.py:830} INFO - Processing file /home/airflow/.local/lib/python3.12/site-packages/airflow/example_dags/example_latest_only_with_trigger.py for tasks to queue
[2024-06-17T23:54:18.566+0000] {logging_mixin.py:188} INFO - [2024-06-17T23:54:18.566+0000] {dagbag.py:545} INFO - Filling up the DagBag from /home/airflow/.local/lib/python3.12/site-packages/airflow/example_dags/example_latest_only_with_trigger.py
[2024-06-17T23:54:18.574+0000] {processor.py:840} INFO - DAG(s) 'latest_only_with_trigger' retrieved from /home/airflow/.local/lib/python3.12/site-packages/airflow/example_dags/example_latest_only_with_trigger.py
[2024-06-17T23:54:18.599+0000] {logging_mixin.py:188} INFO - [2024-06-17T23:54:18.599+0000] {dag.py:3096} INFO - Sync 1 DAGs
[2024-06-17T23:54:18.626+0000] {logging_mixin.py:188} INFO - [2024-06-17T23:54:18.625+0000] {dag.py:3954} INFO - Setting next_dagrun for latest_only_with_trigger to 2024-06-17 16:00:00+00:00, run_after=2024-06-17 20:00:00+00:00
[2024-06-17T23:54:18.655+0000] {processor.py:183} INFO - Processing /home/airflow/.local/lib/python3.12/site-packages/airflow/example_dags/example_latest_only_with_trigger.py took 0.099 seconds
[2024-06-17T23:54:48.878+0000] {processor.py:161} INFO - Started process (PID=1920) to work on /home/airflow/.local/lib/python3.12/site-packages/airflow/example_dags/example_latest_only_with_trigger.py
[2024-06-17T23:54:48.879+0000] {processor.py:830} INFO - Processing file /home/airflow/.local/lib/python3.12/site-packages/airflow/example_dags/example_latest_only_with_trigger.py for tasks to queue
[2024-06-17T23:54:48.883+0000] {logging_mixin.py:188} INFO - [2024-06-17T23:54:48.882+0000] {dagbag.py:545} INFO - Filling up the DagBag from /home/airflow/.local/lib/python3.12/site-packages/airflow/example_dags/example_latest_only_with_trigger.py
[2024-06-17T23:54:48.891+0000] {processor.py:840} INFO - DAG(s) 'latest_only_with_trigger' retrieved from /home/airflow/.local/lib/python3.12/site-packages/airflow/example_dags/example_latest_only_with_trigger.py
[2024-06-17T23:54:48.925+0000] {logging_mixin.py:188} INFO - [2024-06-17T23:54:48.925+0000] {dag.py:3096} INFO - Sync 1 DAGs
[2024-06-17T23:54:48.960+0000] {logging_mixin.py:188} INFO - [2024-06-17T23:54:48.960+0000] {dag.py:3954} INFO - Setting next_dagrun for latest_only_with_trigger to 2024-06-17 16:00:00+00:00, run_after=2024-06-17 20:00:00+00:00
[2024-06-17T23:54:48.982+0000] {processor.py:183} INFO - Processing /home/airflow/.local/lib/python3.12/site-packages/airflow/example_dags/example_latest_only_with_trigger.py took 0.111 seconds
[2024-06-17T23:55:19.176+0000] {processor.py:161} INFO - Started process (PID=1980) to work on /home/airflow/.local/lib/python3.12/site-packages/airflow/example_dags/example_latest_only_with_trigger.py
[2024-06-17T23:55:19.179+0000] {processor.py:830} INFO - Processing file /home/airflow/.local/lib/python3.12/site-packages/airflow/example_dags/example_latest_only_with_trigger.py for tasks to queue
[2024-06-17T23:55:19.183+0000] {logging_mixin.py:188} INFO - [2024-06-17T23:55:19.182+0000] {dagbag.py:545} INFO - Filling up the DagBag from /home/airflow/.local/lib/python3.12/site-packages/airflow/example_dags/example_latest_only_with_trigger.py
[2024-06-17T23:55:19.193+0000] {processor.py:840} INFO - DAG(s) 'latest_only_with_trigger' retrieved from /home/airflow/.local/lib/python3.12/site-packages/airflow/example_dags/example_latest_only_with_trigger.py
[2024-06-17T23:55:19.231+0000] {logging_mixin.py:188} INFO - [2024-06-17T23:55:19.230+0000] {dag.py:3096} INFO - Sync 1 DAGs
[2024-06-17T23:55:19.276+0000] {logging_mixin.py:188} INFO - [2024-06-17T23:55:19.276+0000] {dag.py:3954} INFO - Setting next_dagrun for latest_only_with_trigger to 2024-06-17 16:00:00+00:00, run_after=2024-06-17 20:00:00+00:00
[2024-06-17T23:55:19.308+0000] {processor.py:183} INFO - Processing /home/airflow/.local/lib/python3.12/site-packages/airflow/example_dags/example_latest_only_with_trigger.py took 0.143 seconds
[2024-06-17T23:55:49.846+0000] {processor.py:161} INFO - Started process (PID=2040) to work on /home/airflow/.local/lib/python3.12/site-packages/airflow/example_dags/example_latest_only_with_trigger.py
[2024-06-17T23:55:49.847+0000] {processor.py:830} INFO - Processing file /home/airflow/.local/lib/python3.12/site-packages/airflow/example_dags/example_latest_only_with_trigger.py for tasks to queue
[2024-06-17T23:55:49.850+0000] {logging_mixin.py:188} INFO - [2024-06-17T23:55:49.850+0000] {dagbag.py:545} INFO - Filling up the DagBag from /home/airflow/.local/lib/python3.12/site-packages/airflow/example_dags/example_latest_only_with_trigger.py
[2024-06-17T23:55:49.858+0000] {processor.py:840} INFO - DAG(s) 'latest_only_with_trigger' retrieved from /home/airflow/.local/lib/python3.12/site-packages/airflow/example_dags/example_latest_only_with_trigger.py
[2024-06-17T23:55:49.883+0000] {logging_mixin.py:188} INFO - [2024-06-17T23:55:49.882+0000] {dag.py:3096} INFO - Sync 1 DAGs
[2024-06-17T23:55:49.911+0000] {logging_mixin.py:188} INFO - [2024-06-17T23:55:49.911+0000] {dag.py:3954} INFO - Setting next_dagrun for latest_only_with_trigger to 2024-06-17 16:00:00+00:00, run_after=2024-06-17 20:00:00+00:00
[2024-06-17T23:55:49.945+0000] {processor.py:183} INFO - Processing /home/airflow/.local/lib/python3.12/site-packages/airflow/example_dags/example_latest_only_with_trigger.py took 0.106 seconds
[2024-06-17T23:56:20.254+0000] {processor.py:161} INFO - Started process (PID=2100) to work on /home/airflow/.local/lib/python3.12/site-packages/airflow/example_dags/example_latest_only_with_trigger.py
[2024-06-17T23:56:20.256+0000] {processor.py:830} INFO - Processing file /home/airflow/.local/lib/python3.12/site-packages/airflow/example_dags/example_latest_only_with_trigger.py for tasks to queue
[2024-06-17T23:56:20.259+0000] {logging_mixin.py:188} INFO - [2024-06-17T23:56:20.259+0000] {dagbag.py:545} INFO - Filling up the DagBag from /home/airflow/.local/lib/python3.12/site-packages/airflow/example_dags/example_latest_only_with_trigger.py
[2024-06-17T23:56:20.270+0000] {processor.py:840} INFO - DAG(s) 'latest_only_with_trigger' retrieved from /home/airflow/.local/lib/python3.12/site-packages/airflow/example_dags/example_latest_only_with_trigger.py
[2024-06-17T23:56:20.300+0000] {logging_mixin.py:188} INFO - [2024-06-17T23:56:20.300+0000] {dag.py:3096} INFO - Sync 1 DAGs
[2024-06-17T23:56:20.331+0000] {logging_mixin.py:188} INFO - [2024-06-17T23:56:20.330+0000] {dag.py:3954} INFO - Setting next_dagrun for latest_only_with_trigger to 2024-06-17 16:00:00+00:00, run_after=2024-06-17 20:00:00+00:00
[2024-06-17T23:56:20.359+0000] {processor.py:183} INFO - Processing /home/airflow/.local/lib/python3.12/site-packages/airflow/example_dags/example_latest_only_with_trigger.py took 0.114 seconds
[2024-06-17T23:56:51.139+0000] {processor.py:161} INFO - Started process (PID=2160) to work on /home/airflow/.local/lib/python3.12/site-packages/airflow/example_dags/example_latest_only_with_trigger.py
[2024-06-17T23:56:51.140+0000] {processor.py:830} INFO - Processing file /home/airflow/.local/lib/python3.12/site-packages/airflow/example_dags/example_latest_only_with_trigger.py for tasks to queue
[2024-06-17T23:56:51.144+0000] {logging_mixin.py:188} INFO - [2024-06-17T23:56:51.143+0000] {dagbag.py:545} INFO - Filling up the DagBag from /home/airflow/.local/lib/python3.12/site-packages/airflow/example_dags/example_latest_only_with_trigger.py
[2024-06-17T23:56:51.154+0000] {processor.py:840} INFO - DAG(s) 'latest_only_with_trigger' retrieved from /home/airflow/.local/lib/python3.12/site-packages/airflow/example_dags/example_latest_only_with_trigger.py
[2024-06-17T23:56:51.182+0000] {logging_mixin.py:188} INFO - [2024-06-17T23:56:51.182+0000] {dag.py:3096} INFO - Sync 1 DAGs
[2024-06-17T23:56:51.208+0000] {logging_mixin.py:188} INFO - [2024-06-17T23:56:51.208+0000] {dag.py:3954} INFO - Setting next_dagrun for latest_only_with_trigger to 2024-06-17 16:00:00+00:00, run_after=2024-06-17 20:00:00+00:00
[2024-06-17T23:56:51.236+0000] {processor.py:183} INFO - Processing /home/airflow/.local/lib/python3.12/site-packages/airflow/example_dags/example_latest_only_with_trigger.py took 0.105 seconds
[2024-06-17T23:57:21.687+0000] {processor.py:161} INFO - Started process (PID=2220) to work on /home/airflow/.local/lib/python3.12/site-packages/airflow/example_dags/example_latest_only_with_trigger.py
[2024-06-17T23:57:21.688+0000] {processor.py:830} INFO - Processing file /home/airflow/.local/lib/python3.12/site-packages/airflow/example_dags/example_latest_only_with_trigger.py for tasks to queue
[2024-06-17T23:57:21.691+0000] {logging_mixin.py:188} INFO - [2024-06-17T23:57:21.690+0000] {dagbag.py:545} INFO - Filling up the DagBag from /home/airflow/.local/lib/python3.12/site-packages/airflow/example_dags/example_latest_only_with_trigger.py
[2024-06-17T23:57:21.698+0000] {processor.py:840} INFO - DAG(s) 'latest_only_with_trigger' retrieved from /home/airflow/.local/lib/python3.12/site-packages/airflow/example_dags/example_latest_only_with_trigger.py
[2024-06-17T23:57:21.722+0000] {logging_mixin.py:188} INFO - [2024-06-17T23:57:21.721+0000] {dag.py:3096} INFO - Sync 1 DAGs
[2024-06-17T23:57:21.747+0000] {logging_mixin.py:188} INFO - [2024-06-17T23:57:21.747+0000] {dag.py:3954} INFO - Setting next_dagrun for latest_only_with_trigger to 2024-06-17 16:00:00+00:00, run_after=2024-06-17 20:00:00+00:00
[2024-06-17T23:57:21.774+0000] {processor.py:183} INFO - Processing /home/airflow/.local/lib/python3.12/site-packages/airflow/example_dags/example_latest_only_with_trigger.py took 0.095 seconds
[2024-06-17T23:57:51.929+0000] {processor.py:161} INFO - Started process (PID=2281) to work on /home/airflow/.local/lib/python3.12/site-packages/airflow/example_dags/example_latest_only_with_trigger.py
[2024-06-17T23:57:51.931+0000] {processor.py:830} INFO - Processing file /home/airflow/.local/lib/python3.12/site-packages/airflow/example_dags/example_latest_only_with_trigger.py for tasks to queue
[2024-06-17T23:57:51.934+0000] {logging_mixin.py:188} INFO - [2024-06-17T23:57:51.933+0000] {dagbag.py:545} INFO - Filling up the DagBag from /home/airflow/.local/lib/python3.12/site-packages/airflow/example_dags/example_latest_only_with_trigger.py
[2024-06-17T23:57:51.942+0000] {processor.py:840} INFO - DAG(s) 'latest_only_with_trigger' retrieved from /home/airflow/.local/lib/python3.12/site-packages/airflow/example_dags/example_latest_only_with_trigger.py
[2024-06-17T23:57:51.969+0000] {logging_mixin.py:188} INFO - [2024-06-17T23:57:51.969+0000] {dag.py:3096} INFO - Sync 1 DAGs
[2024-06-17T23:57:51.995+0000] {logging_mixin.py:188} INFO - [2024-06-17T23:57:51.995+0000] {dag.py:3954} INFO - Setting next_dagrun for latest_only_with_trigger to 2024-06-17 16:00:00+00:00, run_after=2024-06-17 20:00:00+00:00
[2024-06-17T23:57:52.027+0000] {processor.py:183} INFO - Processing /home/airflow/.local/lib/python3.12/site-packages/airflow/example_dags/example_latest_only_with_trigger.py took 0.104 seconds
[2024-06-17T23:58:22.291+0000] {processor.py:161} INFO - Started process (PID=2341) to work on /home/airflow/.local/lib/python3.12/site-packages/airflow/example_dags/example_latest_only_with_trigger.py
[2024-06-17T23:58:22.292+0000] {processor.py:830} INFO - Processing file /home/airflow/.local/lib/python3.12/site-packages/airflow/example_dags/example_latest_only_with_trigger.py for tasks to queue
[2024-06-17T23:58:22.295+0000] {logging_mixin.py:188} INFO - [2024-06-17T23:58:22.294+0000] {dagbag.py:545} INFO - Filling up the DagBag from /home/airflow/.local/lib/python3.12/site-packages/airflow/example_dags/example_latest_only_with_trigger.py
[2024-06-17T23:58:22.302+0000] {processor.py:840} INFO - DAG(s) 'latest_only_with_trigger' retrieved from /home/airflow/.local/lib/python3.12/site-packages/airflow/example_dags/example_latest_only_with_trigger.py
[2024-06-17T23:58:22.330+0000] {logging_mixin.py:188} INFO - [2024-06-17T23:58:22.329+0000] {dag.py:3096} INFO - Sync 1 DAGs
[2024-06-17T23:58:22.360+0000] {logging_mixin.py:188} INFO - [2024-06-17T23:58:22.360+0000] {dag.py:3954} INFO - Setting next_dagrun for latest_only_with_trigger to 2024-06-17 16:00:00+00:00, run_after=2024-06-17 20:00:00+00:00
[2024-06-17T23:58:22.388+0000] {processor.py:183} INFO - Processing /home/airflow/.local/lib/python3.12/site-packages/airflow/example_dags/example_latest_only_with_trigger.py took 0.107 seconds
[2024-06-17T23:58:52.473+0000] {processor.py:161} INFO - Started process (PID=2401) to work on /home/airflow/.local/lib/python3.12/site-packages/airflow/example_dags/example_latest_only_with_trigger.py
[2024-06-17T23:58:52.475+0000] {processor.py:830} INFO - Processing file /home/airflow/.local/lib/python3.12/site-packages/airflow/example_dags/example_latest_only_with_trigger.py for tasks to queue
[2024-06-17T23:58:52.478+0000] {logging_mixin.py:188} INFO - [2024-06-17T23:58:52.477+0000] {dagbag.py:545} INFO - Filling up the DagBag from /home/airflow/.local/lib/python3.12/site-packages/airflow/example_dags/example_latest_only_with_trigger.py
[2024-06-17T23:58:52.487+0000] {processor.py:840} INFO - DAG(s) 'latest_only_with_trigger' retrieved from /home/airflow/.local/lib/python3.12/site-packages/airflow/example_dags/example_latest_only_with_trigger.py
[2024-06-17T23:58:52.518+0000] {logging_mixin.py:188} INFO - [2024-06-17T23:58:52.517+0000] {dag.py:3096} INFO - Sync 1 DAGs
[2024-06-17T23:58:52.546+0000] {logging_mixin.py:188} INFO - [2024-06-17T23:58:52.546+0000] {dag.py:3954} INFO - Setting next_dagrun for latest_only_with_trigger to 2024-06-17 16:00:00+00:00, run_after=2024-06-17 20:00:00+00:00
[2024-06-17T23:58:52.581+0000] {processor.py:183} INFO - Processing /home/airflow/.local/lib/python3.12/site-packages/airflow/example_dags/example_latest_only_with_trigger.py took 0.119 seconds
[2024-06-17T23:59:22.877+0000] {processor.py:161} INFO - Started process (PID=2461) to work on /home/airflow/.local/lib/python3.12/site-packages/airflow/example_dags/example_latest_only_with_trigger.py
[2024-06-17T23:59:22.879+0000] {processor.py:830} INFO - Processing file /home/airflow/.local/lib/python3.12/site-packages/airflow/example_dags/example_latest_only_with_trigger.py for tasks to queue
[2024-06-17T23:59:22.883+0000] {logging_mixin.py:188} INFO - [2024-06-17T23:59:22.882+0000] {dagbag.py:545} INFO - Filling up the DagBag from /home/airflow/.local/lib/python3.12/site-packages/airflow/example_dags/example_latest_only_with_trigger.py
[2024-06-17T23:59:22.893+0000] {processor.py:840} INFO - DAG(s) 'latest_only_with_trigger' retrieved from /home/airflow/.local/lib/python3.12/site-packages/airflow/example_dags/example_latest_only_with_trigger.py
[2024-06-17T23:59:22.928+0000] {logging_mixin.py:188} INFO - [2024-06-17T23:59:22.928+0000] {dag.py:3096} INFO - Sync 1 DAGs
[2024-06-17T23:59:22.967+0000] {logging_mixin.py:188} INFO - [2024-06-17T23:59:22.967+0000] {dag.py:3954} INFO - Setting next_dagrun for latest_only_with_trigger to 2024-06-17 16:00:00+00:00, run_after=2024-06-17 20:00:00+00:00
[2024-06-17T23:59:22.998+0000] {processor.py:183} INFO - Processing /home/airflow/.local/lib/python3.12/site-packages/airflow/example_dags/example_latest_only_with_trigger.py took 0.132 seconds
[2024-06-17T23:59:53.448+0000] {processor.py:161} INFO - Started process (PID=2521) to work on /home/airflow/.local/lib/python3.12/site-packages/airflow/example_dags/example_latest_only_with_trigger.py
[2024-06-17T23:59:53.450+0000] {processor.py:830} INFO - Processing file /home/airflow/.local/lib/python3.12/site-packages/airflow/example_dags/example_latest_only_with_trigger.py for tasks to queue
[2024-06-17T23:59:53.453+0000] {logging_mixin.py:188} INFO - [2024-06-17T23:59:53.453+0000] {dagbag.py:545} INFO - Filling up the DagBag from /home/airflow/.local/lib/python3.12/site-packages/airflow/example_dags/example_latest_only_with_trigger.py
[2024-06-17T23:59:53.465+0000] {processor.py:840} INFO - DAG(s) 'latest_only_with_trigger' retrieved from /home/airflow/.local/lib/python3.12/site-packages/airflow/example_dags/example_latest_only_with_trigger.py
[2024-06-17T23:59:53.498+0000] {logging_mixin.py:188} INFO - [2024-06-17T23:59:53.497+0000] {dag.py:3096} INFO - Sync 1 DAGs
[2024-06-17T23:59:53.530+0000] {logging_mixin.py:188} INFO - [2024-06-17T23:59:53.530+0000] {dag.py:3954} INFO - Setting next_dagrun for latest_only_with_trigger to 2024-06-17 16:00:00+00:00, run_after=2024-06-17 20:00:00+00:00
[2024-06-17T23:59:53.564+0000] {processor.py:183} INFO - Processing /home/airflow/.local/lib/python3.12/site-packages/airflow/example_dags/example_latest_only_with_trigger.py took 0.126 seconds
