[2024-06-17T23:29:01.270+0000] {processor.py:161} INFO - Started process (PID=45) to work on /home/airflow/.local/lib/python3.12/site-packages/airflow/example_dags/example_short_circuit_operator.py
[2024-06-17T23:29:01.271+0000] {processor.py:830} INFO - Processing file /home/airflow/.local/lib/python3.12/site-packages/airflow/example_dags/example_short_circuit_operator.py for tasks to queue
[2024-06-17T23:29:01.274+0000] {logging_mixin.py:188} INFO - [2024-06-17T23:29:01.273+0000] {dagbag.py:545} INFO - Filling up the DagBag from /home/airflow/.local/lib/python3.12/site-packages/airflow/example_dags/example_short_circuit_operator.py
[2024-06-17T23:29:01.293+0000] {processor.py:840} INFO - DAG(s) 'example_short_circuit_operator' retrieved from /home/airflow/.local/lib/python3.12/site-packages/airflow/example_dags/example_short_circuit_operator.py
[2024-06-17T23:29:01.341+0000] {logging_mixin.py:188} INFO - [2024-06-17T23:29:01.341+0000] {dag.py:3096} INFO - Sync 1 DAGs
[2024-06-17T23:29:01.377+0000] {logging_mixin.py:188} INFO - [2024-06-17T23:29:01.377+0000] {dag.py:3954} INFO - Setting next_dagrun for example_short_circuit_operator to 2024-06-16 00:00:00+00:00, run_after=2024-06-17 00:00:00+00:00
[2024-06-17T23:29:01.411+0000] {processor.py:183} INFO - Processing /home/airflow/.local/lib/python3.12/site-packages/airflow/example_dags/example_short_circuit_operator.py took 0.147 seconds
[2024-06-17T23:29:32.617+0000] {processor.py:161} INFO - Started process (PID=118) to work on /home/airflow/.local/lib/python3.12/site-packages/airflow/example_dags/example_short_circuit_operator.py
[2024-06-17T23:29:32.620+0000] {processor.py:830} INFO - Processing file /home/airflow/.local/lib/python3.12/site-packages/airflow/example_dags/example_short_circuit_operator.py for tasks to queue
[2024-06-17T23:29:32.623+0000] {logging_mixin.py:188} INFO - [2024-06-17T23:29:32.623+0000] {dagbag.py:545} INFO - Filling up the DagBag from /home/airflow/.local/lib/python3.12/site-packages/airflow/example_dags/example_short_circuit_operator.py
[2024-06-17T23:29:32.636+0000] {processor.py:840} INFO - DAG(s) 'example_short_circuit_operator' retrieved from /home/airflow/.local/lib/python3.12/site-packages/airflow/example_dags/example_short_circuit_operator.py
[2024-06-17T23:29:32.667+0000] {logging_mixin.py:188} INFO - [2024-06-17T23:29:32.667+0000] {dag.py:3096} INFO - Sync 1 DAGs
[2024-06-17T23:29:32.701+0000] {logging_mixin.py:188} INFO - [2024-06-17T23:29:32.700+0000] {dag.py:3954} INFO - Setting next_dagrun for example_short_circuit_operator to 2024-06-16 00:00:00+00:00, run_after=2024-06-17 00:00:00+00:00
[2024-06-17T23:29:32.731+0000] {processor.py:183} INFO - Processing /home/airflow/.local/lib/python3.12/site-packages/airflow/example_dags/example_short_circuit_operator.py took 0.125 seconds
[2024-06-17T23:30:03.887+0000] {processor.py:161} INFO - Started process (PID=242) to work on /home/airflow/.local/lib/python3.12/site-packages/airflow/example_dags/example_short_circuit_operator.py
[2024-06-17T23:30:03.894+0000] {processor.py:830} INFO - Processing file /home/airflow/.local/lib/python3.12/site-packages/airflow/example_dags/example_short_circuit_operator.py for tasks to queue
[2024-06-17T23:30:03.899+0000] {logging_mixin.py:188} INFO - [2024-06-17T23:30:03.898+0000] {dagbag.py:545} INFO - Filling up the DagBag from /home/airflow/.local/lib/python3.12/site-packages/airflow/example_dags/example_short_circuit_operator.py
[2024-06-17T23:30:03.915+0000] {processor.py:840} INFO - DAG(s) 'example_short_circuit_operator' retrieved from /home/airflow/.local/lib/python3.12/site-packages/airflow/example_dags/example_short_circuit_operator.py
[2024-06-17T23:30:03.979+0000] {logging_mixin.py:188} INFO - [2024-06-17T23:30:03.979+0000] {dag.py:3096} INFO - Sync 1 DAGs
[2024-06-17T23:30:04.042+0000] {logging_mixin.py:188} INFO - [2024-06-17T23:30:04.041+0000] {dag.py:3954} INFO - Setting next_dagrun for example_short_circuit_operator to 2024-06-16 00:00:00+00:00, run_after=2024-06-17 00:00:00+00:00
[2024-06-17T23:30:04.103+0000] {processor.py:183} INFO - Processing /home/airflow/.local/lib/python3.12/site-packages/airflow/example_dags/example_short_circuit_operator.py took 0.228 seconds
[2024-06-17T23:30:34.907+0000] {processor.py:161} INFO - Started process (PID=345) to work on /home/airflow/.local/lib/python3.12/site-packages/airflow/example_dags/example_short_circuit_operator.py
[2024-06-17T23:30:34.908+0000] {processor.py:830} INFO - Processing file /home/airflow/.local/lib/python3.12/site-packages/airflow/example_dags/example_short_circuit_operator.py for tasks to queue
[2024-06-17T23:30:34.910+0000] {logging_mixin.py:188} INFO - [2024-06-17T23:30:34.910+0000] {dagbag.py:545} INFO - Filling up the DagBag from /home/airflow/.local/lib/python3.12/site-packages/airflow/example_dags/example_short_circuit_operator.py
[2024-06-17T23:30:34.919+0000] {processor.py:840} INFO - DAG(s) 'example_short_circuit_operator' retrieved from /home/airflow/.local/lib/python3.12/site-packages/airflow/example_dags/example_short_circuit_operator.py
[2024-06-17T23:30:34.943+0000] {logging_mixin.py:188} INFO - [2024-06-17T23:30:34.943+0000] {dag.py:3096} INFO - Sync 1 DAGs
[2024-06-17T23:30:34.968+0000] {logging_mixin.py:188} INFO - [2024-06-17T23:30:34.968+0000] {dag.py:3954} INFO - Setting next_dagrun for example_short_circuit_operator to 2024-06-16 00:00:00+00:00, run_after=2024-06-17 00:00:00+00:00
[2024-06-17T23:30:34.998+0000] {processor.py:183} INFO - Processing /home/airflow/.local/lib/python3.12/site-packages/airflow/example_dags/example_short_circuit_operator.py took 0.097 seconds
[2024-06-17T23:31:06.228+0000] {processor.py:161} INFO - Started process (PID=452) to work on /home/airflow/.local/lib/python3.12/site-packages/airflow/example_dags/example_short_circuit_operator.py
[2024-06-17T23:31:06.231+0000] {processor.py:830} INFO - Processing file /home/airflow/.local/lib/python3.12/site-packages/airflow/example_dags/example_short_circuit_operator.py for tasks to queue
[2024-06-17T23:31:06.235+0000] {logging_mixin.py:188} INFO - [2024-06-17T23:31:06.235+0000] {dagbag.py:545} INFO - Filling up the DagBag from /home/airflow/.local/lib/python3.12/site-packages/airflow/example_dags/example_short_circuit_operator.py
[2024-06-17T23:31:06.253+0000] {processor.py:840} INFO - DAG(s) 'example_short_circuit_operator' retrieved from /home/airflow/.local/lib/python3.12/site-packages/airflow/example_dags/example_short_circuit_operator.py
[2024-06-17T23:31:06.304+0000] {logging_mixin.py:188} INFO - [2024-06-17T23:31:06.304+0000] {dag.py:3096} INFO - Sync 1 DAGs
[2024-06-17T23:31:06.359+0000] {logging_mixin.py:188} INFO - [2024-06-17T23:31:06.359+0000] {dag.py:3954} INFO - Setting next_dagrun for example_short_circuit_operator to 2024-06-16 00:00:00+00:00, run_after=2024-06-17 00:00:00+00:00
[2024-06-17T23:31:06.417+0000] {processor.py:183} INFO - Processing /home/airflow/.local/lib/python3.12/site-packages/airflow/example_dags/example_short_circuit_operator.py took 0.202 seconds
[2024-06-17T23:31:36.623+0000] {processor.py:161} INFO - Started process (PID=527) to work on /home/airflow/.local/lib/python3.12/site-packages/airflow/example_dags/example_short_circuit_operator.py
[2024-06-17T23:31:36.631+0000] {processor.py:830} INFO - Processing file /home/airflow/.local/lib/python3.12/site-packages/airflow/example_dags/example_short_circuit_operator.py for tasks to queue
[2024-06-17T23:31:36.640+0000] {logging_mixin.py:188} INFO - [2024-06-17T23:31:36.639+0000] {dagbag.py:545} INFO - Filling up the DagBag from /home/airflow/.local/lib/python3.12/site-packages/airflow/example_dags/example_short_circuit_operator.py
[2024-06-17T23:31:36.672+0000] {processor.py:840} INFO - DAG(s) 'example_short_circuit_operator' retrieved from /home/airflow/.local/lib/python3.12/site-packages/airflow/example_dags/example_short_circuit_operator.py
[2024-06-17T23:31:36.745+0000] {logging_mixin.py:188} INFO - [2024-06-17T23:31:36.745+0000] {dag.py:3096} INFO - Sync 1 DAGs
[2024-06-17T23:31:36.812+0000] {logging_mixin.py:188} INFO - [2024-06-17T23:31:36.811+0000] {dag.py:3954} INFO - Setting next_dagrun for example_short_circuit_operator to 2024-06-16 00:00:00+00:00, run_after=2024-06-17 00:00:00+00:00
[2024-06-17T23:31:36.880+0000] {processor.py:183} INFO - Processing /home/airflow/.local/lib/python3.12/site-packages/airflow/example_dags/example_short_circuit_operator.py took 0.272 seconds
[2024-06-17T23:32:07.479+0000] {processor.py:161} INFO - Started process (PID=634) to work on /home/airflow/.local/lib/python3.12/site-packages/airflow/example_dags/example_short_circuit_operator.py
[2024-06-17T23:32:07.482+0000] {processor.py:830} INFO - Processing file /home/airflow/.local/lib/python3.12/site-packages/airflow/example_dags/example_short_circuit_operator.py for tasks to queue
[2024-06-17T23:32:07.489+0000] {logging_mixin.py:188} INFO - [2024-06-17T23:32:07.488+0000] {dagbag.py:545} INFO - Filling up the DagBag from /home/airflow/.local/lib/python3.12/site-packages/airflow/example_dags/example_short_circuit_operator.py
[2024-06-17T23:32:07.509+0000] {processor.py:840} INFO - DAG(s) 'example_short_circuit_operator' retrieved from /home/airflow/.local/lib/python3.12/site-packages/airflow/example_dags/example_short_circuit_operator.py
[2024-06-17T23:32:07.596+0000] {logging_mixin.py:188} INFO - [2024-06-17T23:32:07.595+0000] {dag.py:3096} INFO - Sync 1 DAGs
[2024-06-17T23:32:07.701+0000] {logging_mixin.py:188} INFO - [2024-06-17T23:32:07.700+0000] {dag.py:3954} INFO - Setting next_dagrun for example_short_circuit_operator to 2024-06-16 00:00:00+00:00, run_after=2024-06-17 00:00:00+00:00
[2024-06-17T23:32:07.774+0000] {processor.py:183} INFO - Processing /home/airflow/.local/lib/python3.12/site-packages/airflow/example_dags/example_short_circuit_operator.py took 0.314 seconds
[2024-06-17T23:32:38.562+0000] {processor.py:161} INFO - Started process (PID=705) to work on /home/airflow/.local/lib/python3.12/site-packages/airflow/example_dags/example_short_circuit_operator.py
[2024-06-17T23:32:38.564+0000] {processor.py:830} INFO - Processing file /home/airflow/.local/lib/python3.12/site-packages/airflow/example_dags/example_short_circuit_operator.py for tasks to queue
[2024-06-17T23:32:38.567+0000] {logging_mixin.py:188} INFO - [2024-06-17T23:32:38.566+0000] {dagbag.py:545} INFO - Filling up the DagBag from /home/airflow/.local/lib/python3.12/site-packages/airflow/example_dags/example_short_circuit_operator.py
[2024-06-17T23:32:38.580+0000] {processor.py:840} INFO - DAG(s) 'example_short_circuit_operator' retrieved from /home/airflow/.local/lib/python3.12/site-packages/airflow/example_dags/example_short_circuit_operator.py
[2024-06-17T23:32:38.624+0000] {logging_mixin.py:188} INFO - [2024-06-17T23:32:38.623+0000] {dag.py:3096} INFO - Sync 1 DAGs
[2024-06-17T23:32:38.669+0000] {logging_mixin.py:188} INFO - [2024-06-17T23:32:38.668+0000] {dag.py:3954} INFO - Setting next_dagrun for example_short_circuit_operator to 2024-06-16 00:00:00+00:00, run_after=2024-06-17 00:00:00+00:00
[2024-06-17T23:32:38.713+0000] {processor.py:183} INFO - Processing /home/airflow/.local/lib/python3.12/site-packages/airflow/example_dags/example_short_circuit_operator.py took 0.163 seconds
[2024-06-17T23:33:08.784+0000] {processor.py:161} INFO - Started process (PID=764) to work on /home/airflow/.local/lib/python3.12/site-packages/airflow/example_dags/example_short_circuit_operator.py
[2024-06-17T23:33:08.785+0000] {processor.py:830} INFO - Processing file /home/airflow/.local/lib/python3.12/site-packages/airflow/example_dags/example_short_circuit_operator.py for tasks to queue
[2024-06-17T23:33:08.789+0000] {logging_mixin.py:188} INFO - [2024-06-17T23:33:08.789+0000] {dagbag.py:545} INFO - Filling up the DagBag from /home/airflow/.local/lib/python3.12/site-packages/airflow/example_dags/example_short_circuit_operator.py
[2024-06-17T23:33:08.802+0000] {processor.py:840} INFO - DAG(s) 'example_short_circuit_operator' retrieved from /home/airflow/.local/lib/python3.12/site-packages/airflow/example_dags/example_short_circuit_operator.py
[2024-06-17T23:33:08.839+0000] {logging_mixin.py:188} INFO - [2024-06-17T23:33:08.838+0000] {dag.py:3096} INFO - Sync 1 DAGs
[2024-06-17T23:33:08.877+0000] {logging_mixin.py:188} INFO - [2024-06-17T23:33:08.876+0000] {dag.py:3954} INFO - Setting next_dagrun for example_short_circuit_operator to 2024-06-16 00:00:00+00:00, run_after=2024-06-17 00:00:00+00:00
[2024-06-17T23:33:08.914+0000] {processor.py:183} INFO - Processing /home/airflow/.local/lib/python3.12/site-packages/airflow/example_dags/example_short_circuit_operator.py took 0.143 seconds
[2024-06-17T23:33:39.038+0000] {processor.py:161} INFO - Started process (PID=824) to work on /home/airflow/.local/lib/python3.12/site-packages/airflow/example_dags/example_short_circuit_operator.py
[2024-06-17T23:33:39.039+0000] {processor.py:830} INFO - Processing file /home/airflow/.local/lib/python3.12/site-packages/airflow/example_dags/example_short_circuit_operator.py for tasks to queue
[2024-06-17T23:33:39.043+0000] {logging_mixin.py:188} INFO - [2024-06-17T23:33:39.042+0000] {dagbag.py:545} INFO - Filling up the DagBag from /home/airflow/.local/lib/python3.12/site-packages/airflow/example_dags/example_short_circuit_operator.py
[2024-06-17T23:33:39.053+0000] {processor.py:840} INFO - DAG(s) 'example_short_circuit_operator' retrieved from /home/airflow/.local/lib/python3.12/site-packages/airflow/example_dags/example_short_circuit_operator.py
[2024-06-17T23:33:39.086+0000] {logging_mixin.py:188} INFO - [2024-06-17T23:33:39.086+0000] {dag.py:3096} INFO - Sync 1 DAGs
[2024-06-17T23:33:39.117+0000] {logging_mixin.py:188} INFO - [2024-06-17T23:33:39.116+0000] {dag.py:3954} INFO - Setting next_dagrun for example_short_circuit_operator to 2024-06-16 00:00:00+00:00, run_after=2024-06-17 00:00:00+00:00
[2024-06-17T23:33:39.151+0000] {processor.py:183} INFO - Processing /home/airflow/.local/lib/python3.12/site-packages/airflow/example_dags/example_short_circuit_operator.py took 0.121 seconds
[2024-06-17T23:34:09.227+0000] {processor.py:161} INFO - Started process (PID=884) to work on /home/airflow/.local/lib/python3.12/site-packages/airflow/example_dags/example_short_circuit_operator.py
[2024-06-17T23:34:09.228+0000] {processor.py:830} INFO - Processing file /home/airflow/.local/lib/python3.12/site-packages/airflow/example_dags/example_short_circuit_operator.py for tasks to queue
[2024-06-17T23:34:09.231+0000] {logging_mixin.py:188} INFO - [2024-06-17T23:34:09.230+0000] {dagbag.py:545} INFO - Filling up the DagBag from /home/airflow/.local/lib/python3.12/site-packages/airflow/example_dags/example_short_circuit_operator.py
[2024-06-17T23:34:09.243+0000] {processor.py:840} INFO - DAG(s) 'example_short_circuit_operator' retrieved from /home/airflow/.local/lib/python3.12/site-packages/airflow/example_dags/example_short_circuit_operator.py
[2024-06-17T23:34:09.274+0000] {logging_mixin.py:188} INFO - [2024-06-17T23:34:09.274+0000] {dag.py:3096} INFO - Sync 1 DAGs
[2024-06-17T23:34:09.306+0000] {logging_mixin.py:188} INFO - [2024-06-17T23:34:09.306+0000] {dag.py:3954} INFO - Setting next_dagrun for example_short_circuit_operator to 2024-06-16 00:00:00+00:00, run_after=2024-06-17 00:00:00+00:00
[2024-06-17T23:34:09.340+0000] {processor.py:183} INFO - Processing /home/airflow/.local/lib/python3.12/site-packages/airflow/example_dags/example_short_circuit_operator.py took 0.121 seconds
[2024-06-17T23:34:39.539+0000] {processor.py:161} INFO - Started process (PID=944) to work on /home/airflow/.local/lib/python3.12/site-packages/airflow/example_dags/example_short_circuit_operator.py
[2024-06-17T23:34:39.541+0000] {processor.py:830} INFO - Processing file /home/airflow/.local/lib/python3.12/site-packages/airflow/example_dags/example_short_circuit_operator.py for tasks to queue
[2024-06-17T23:34:39.545+0000] {logging_mixin.py:188} INFO - [2024-06-17T23:34:39.544+0000] {dagbag.py:545} INFO - Filling up the DagBag from /home/airflow/.local/lib/python3.12/site-packages/airflow/example_dags/example_short_circuit_operator.py
[2024-06-17T23:34:39.555+0000] {processor.py:840} INFO - DAG(s) 'example_short_circuit_operator' retrieved from /home/airflow/.local/lib/python3.12/site-packages/airflow/example_dags/example_short_circuit_operator.py
[2024-06-17T23:34:39.594+0000] {logging_mixin.py:188} INFO - [2024-06-17T23:34:39.593+0000] {dag.py:3096} INFO - Sync 1 DAGs
[2024-06-17T23:34:39.631+0000] {logging_mixin.py:188} INFO - [2024-06-17T23:34:39.630+0000] {dag.py:3954} INFO - Setting next_dagrun for example_short_circuit_operator to 2024-06-16 00:00:00+00:00, run_after=2024-06-17 00:00:00+00:00
[2024-06-17T23:34:39.672+0000] {processor.py:183} INFO - Processing /home/airflow/.local/lib/python3.12/site-packages/airflow/example_dags/example_short_circuit_operator.py took 0.143 seconds
[2024-06-17T23:35:10.099+0000] {processor.py:161} INFO - Started process (PID=1004) to work on /home/airflow/.local/lib/python3.12/site-packages/airflow/example_dags/example_short_circuit_operator.py
[2024-06-17T23:35:10.100+0000] {processor.py:830} INFO - Processing file /home/airflow/.local/lib/python3.12/site-packages/airflow/example_dags/example_short_circuit_operator.py for tasks to queue
[2024-06-17T23:35:10.103+0000] {logging_mixin.py:188} INFO - [2024-06-17T23:35:10.103+0000] {dagbag.py:545} INFO - Filling up the DagBag from /home/airflow/.local/lib/python3.12/site-packages/airflow/example_dags/example_short_circuit_operator.py
[2024-06-17T23:35:10.112+0000] {processor.py:840} INFO - DAG(s) 'example_short_circuit_operator' retrieved from /home/airflow/.local/lib/python3.12/site-packages/airflow/example_dags/example_short_circuit_operator.py
[2024-06-17T23:35:10.143+0000] {logging_mixin.py:188} INFO - [2024-06-17T23:35:10.142+0000] {dag.py:3096} INFO - Sync 1 DAGs
[2024-06-17T23:35:10.176+0000] {logging_mixin.py:188} INFO - [2024-06-17T23:35:10.176+0000] {dag.py:3954} INFO - Setting next_dagrun for example_short_circuit_operator to 2024-06-16 00:00:00+00:00, run_after=2024-06-17 00:00:00+00:00
[2024-06-17T23:35:10.207+0000] {processor.py:183} INFO - Processing /home/airflow/.local/lib/python3.12/site-packages/airflow/example_dags/example_short_circuit_operator.py took 0.115 seconds
[2024-06-17T23:35:40.688+0000] {processor.py:161} INFO - Started process (PID=1064) to work on /home/airflow/.local/lib/python3.12/site-packages/airflow/example_dags/example_short_circuit_operator.py
[2024-06-17T23:35:40.689+0000] {processor.py:830} INFO - Processing file /home/airflow/.local/lib/python3.12/site-packages/airflow/example_dags/example_short_circuit_operator.py for tasks to queue
[2024-06-17T23:35:40.693+0000] {logging_mixin.py:188} INFO - [2024-06-17T23:35:40.692+0000] {dagbag.py:545} INFO - Filling up the DagBag from /home/airflow/.local/lib/python3.12/site-packages/airflow/example_dags/example_short_circuit_operator.py
[2024-06-17T23:35:40.703+0000] {processor.py:840} INFO - DAG(s) 'example_short_circuit_operator' retrieved from /home/airflow/.local/lib/python3.12/site-packages/airflow/example_dags/example_short_circuit_operator.py
[2024-06-17T23:35:40.735+0000] {logging_mixin.py:188} INFO - [2024-06-17T23:35:40.734+0000] {dag.py:3096} INFO - Sync 1 DAGs
[2024-06-17T23:35:40.764+0000] {logging_mixin.py:188} INFO - [2024-06-17T23:35:40.763+0000] {dag.py:3954} INFO - Setting next_dagrun for example_short_circuit_operator to 2024-06-16 00:00:00+00:00, run_after=2024-06-17 00:00:00+00:00
[2024-06-17T23:35:40.796+0000] {processor.py:183} INFO - Processing /home/airflow/.local/lib/python3.12/site-packages/airflow/example_dags/example_short_circuit_operator.py took 0.116 seconds
[2024-06-17T23:36:11.120+0000] {processor.py:161} INFO - Started process (PID=1128) to work on /home/airflow/.local/lib/python3.12/site-packages/airflow/example_dags/example_short_circuit_operator.py
[2024-06-17T23:36:11.122+0000] {processor.py:830} INFO - Processing file /home/airflow/.local/lib/python3.12/site-packages/airflow/example_dags/example_short_circuit_operator.py for tasks to queue
[2024-06-17T23:36:11.126+0000] {logging_mixin.py:188} INFO - [2024-06-17T23:36:11.126+0000] {dagbag.py:545} INFO - Filling up the DagBag from /home/airflow/.local/lib/python3.12/site-packages/airflow/example_dags/example_short_circuit_operator.py
[2024-06-17T23:36:11.139+0000] {processor.py:840} INFO - DAG(s) 'example_short_circuit_operator' retrieved from /home/airflow/.local/lib/python3.12/site-packages/airflow/example_dags/example_short_circuit_operator.py
[2024-06-17T23:36:11.180+0000] {logging_mixin.py:188} INFO - [2024-06-17T23:36:11.180+0000] {dag.py:3096} INFO - Sync 1 DAGs
[2024-06-17T23:36:11.219+0000] {logging_mixin.py:188} INFO - [2024-06-17T23:36:11.218+0000] {dag.py:3954} INFO - Setting next_dagrun for example_short_circuit_operator to 2024-06-16 00:00:00+00:00, run_after=2024-06-17 00:00:00+00:00
[2024-06-17T23:36:11.252+0000] {processor.py:183} INFO - Processing /home/airflow/.local/lib/python3.12/site-packages/airflow/example_dags/example_short_circuit_operator.py took 0.142 seconds
[2024-06-17T23:38:58.885+0000] {processor.py:161} INFO - Started process (PID=46) to work on /home/airflow/.local/lib/python3.12/site-packages/airflow/example_dags/example_short_circuit_operator.py
[2024-06-17T23:38:58.887+0000] {processor.py:830} INFO - Processing file /home/airflow/.local/lib/python3.12/site-packages/airflow/example_dags/example_short_circuit_operator.py for tasks to queue
[2024-06-17T23:38:58.890+0000] {logging_mixin.py:188} INFO - [2024-06-17T23:38:58.889+0000] {dagbag.py:545} INFO - Filling up the DagBag from /home/airflow/.local/lib/python3.12/site-packages/airflow/example_dags/example_short_circuit_operator.py
[2024-06-17T23:38:58.907+0000] {processor.py:840} INFO - DAG(s) 'example_short_circuit_operator' retrieved from /home/airflow/.local/lib/python3.12/site-packages/airflow/example_dags/example_short_circuit_operator.py
[2024-06-17T23:38:58.927+0000] {logging_mixin.py:188} INFO - [2024-06-17T23:38:58.927+0000] {dag.py:3096} INFO - Sync 1 DAGs
[2024-06-17T23:38:58.968+0000] {logging_mixin.py:188} INFO - [2024-06-17T23:38:58.967+0000] {dag.py:3954} INFO - Setting next_dagrun for example_short_circuit_operator to 2024-06-16 00:00:00+00:00, run_after=2024-06-17 00:00:00+00:00
[2024-06-17T23:38:58.993+0000] {processor.py:183} INFO - Processing /home/airflow/.local/lib/python3.12/site-packages/airflow/example_dags/example_short_circuit_operator.py took 0.117 seconds
[2024-06-17T23:39:29.944+0000] {processor.py:161} INFO - Started process (PID=106) to work on /home/airflow/.local/lib/python3.12/site-packages/airflow/example_dags/example_short_circuit_operator.py
[2024-06-17T23:39:29.946+0000] {processor.py:830} INFO - Processing file /home/airflow/.local/lib/python3.12/site-packages/airflow/example_dags/example_short_circuit_operator.py for tasks to queue
[2024-06-17T23:39:29.949+0000] {logging_mixin.py:188} INFO - [2024-06-17T23:39:29.948+0000] {dagbag.py:545} INFO - Filling up the DagBag from /home/airflow/.local/lib/python3.12/site-packages/airflow/example_dags/example_short_circuit_operator.py
[2024-06-17T23:39:29.959+0000] {processor.py:840} INFO - DAG(s) 'example_short_circuit_operator' retrieved from /home/airflow/.local/lib/python3.12/site-packages/airflow/example_dags/example_short_circuit_operator.py
[2024-06-17T23:39:30.104+0000] {logging_mixin.py:188} INFO - [2024-06-17T23:39:30.103+0000] {dag.py:3096} INFO - Sync 1 DAGs
[2024-06-17T23:39:30.136+0000] {logging_mixin.py:188} INFO - [2024-06-17T23:39:30.136+0000] {dag.py:3954} INFO - Setting next_dagrun for example_short_circuit_operator to 2024-06-16 00:00:00+00:00, run_after=2024-06-17 00:00:00+00:00
[2024-06-17T23:39:30.176+0000] {processor.py:183} INFO - Processing /home/airflow/.local/lib/python3.12/site-packages/airflow/example_dags/example_short_circuit_operator.py took 0.241 seconds
[2024-06-17T23:40:01.086+0000] {processor.py:161} INFO - Started process (PID=166) to work on /home/airflow/.local/lib/python3.12/site-packages/airflow/example_dags/example_short_circuit_operator.py
[2024-06-17T23:40:01.087+0000] {processor.py:830} INFO - Processing file /home/airflow/.local/lib/python3.12/site-packages/airflow/example_dags/example_short_circuit_operator.py for tasks to queue
[2024-06-17T23:40:01.090+0000] {logging_mixin.py:188} INFO - [2024-06-17T23:40:01.089+0000] {dagbag.py:545} INFO - Filling up the DagBag from /home/airflow/.local/lib/python3.12/site-packages/airflow/example_dags/example_short_circuit_operator.py
[2024-06-17T23:40:01.099+0000] {processor.py:840} INFO - DAG(s) 'example_short_circuit_operator' retrieved from /home/airflow/.local/lib/python3.12/site-packages/airflow/example_dags/example_short_circuit_operator.py
[2024-06-17T23:40:01.135+0000] {logging_mixin.py:188} INFO - [2024-06-17T23:40:01.134+0000] {dag.py:3096} INFO - Sync 1 DAGs
[2024-06-17T23:40:01.164+0000] {logging_mixin.py:188} INFO - [2024-06-17T23:40:01.163+0000] {dag.py:3954} INFO - Setting next_dagrun for example_short_circuit_operator to 2024-06-16 00:00:00+00:00, run_after=2024-06-17 00:00:00+00:00
[2024-06-17T23:40:01.187+0000] {processor.py:183} INFO - Processing /home/airflow/.local/lib/python3.12/site-packages/airflow/example_dags/example_short_circuit_operator.py took 0.108 seconds
[2024-06-17T23:40:32.071+0000] {processor.py:161} INFO - Started process (PID=226) to work on /home/airflow/.local/lib/python3.12/site-packages/airflow/example_dags/example_short_circuit_operator.py
[2024-06-17T23:40:32.073+0000] {processor.py:830} INFO - Processing file /home/airflow/.local/lib/python3.12/site-packages/airflow/example_dags/example_short_circuit_operator.py for tasks to queue
[2024-06-17T23:40:32.075+0000] {logging_mixin.py:188} INFO - [2024-06-17T23:40:32.075+0000] {dagbag.py:545} INFO - Filling up the DagBag from /home/airflow/.local/lib/python3.12/site-packages/airflow/example_dags/example_short_circuit_operator.py
[2024-06-17T23:40:32.083+0000] {processor.py:840} INFO - DAG(s) 'example_short_circuit_operator' retrieved from /home/airflow/.local/lib/python3.12/site-packages/airflow/example_dags/example_short_circuit_operator.py
[2024-06-17T23:40:32.110+0000] {logging_mixin.py:188} INFO - [2024-06-17T23:40:32.110+0000] {dag.py:3096} INFO - Sync 1 DAGs
[2024-06-17T23:40:32.135+0000] {logging_mixin.py:188} INFO - [2024-06-17T23:40:32.135+0000] {dag.py:3954} INFO - Setting next_dagrun for example_short_circuit_operator to 2024-06-16 00:00:00+00:00, run_after=2024-06-17 00:00:00+00:00
[2024-06-17T23:40:32.162+0000] {processor.py:183} INFO - Processing /home/airflow/.local/lib/python3.12/site-packages/airflow/example_dags/example_short_circuit_operator.py took 0.097 seconds
[2024-06-17T23:41:02.692+0000] {processor.py:161} INFO - Started process (PID=286) to work on /home/airflow/.local/lib/python3.12/site-packages/airflow/example_dags/example_short_circuit_operator.py
[2024-06-17T23:41:02.693+0000] {processor.py:830} INFO - Processing file /home/airflow/.local/lib/python3.12/site-packages/airflow/example_dags/example_short_circuit_operator.py for tasks to queue
[2024-06-17T23:41:02.696+0000] {logging_mixin.py:188} INFO - [2024-06-17T23:41:02.695+0000] {dagbag.py:545} INFO - Filling up the DagBag from /home/airflow/.local/lib/python3.12/site-packages/airflow/example_dags/example_short_circuit_operator.py
[2024-06-17T23:41:02.704+0000] {processor.py:840} INFO - DAG(s) 'example_short_circuit_operator' retrieved from /home/airflow/.local/lib/python3.12/site-packages/airflow/example_dags/example_short_circuit_operator.py
[2024-06-17T23:41:02.748+0000] {logging_mixin.py:188} INFO - [2024-06-17T23:41:02.747+0000] {dag.py:3096} INFO - Sync 1 DAGs
[2024-06-17T23:41:02.793+0000] {logging_mixin.py:188} INFO - [2024-06-17T23:41:02.792+0000] {dag.py:3954} INFO - Setting next_dagrun for example_short_circuit_operator to 2024-06-16 00:00:00+00:00, run_after=2024-06-17 00:00:00+00:00
[2024-06-17T23:41:02.847+0000] {processor.py:183} INFO - Processing /home/airflow/.local/lib/python3.12/site-packages/airflow/example_dags/example_short_circuit_operator.py took 0.162 seconds
[2024-06-17T23:41:33.829+0000] {processor.py:161} INFO - Started process (PID=345) to work on /home/airflow/.local/lib/python3.12/site-packages/airflow/example_dags/example_short_circuit_operator.py
[2024-06-17T23:41:33.830+0000] {processor.py:830} INFO - Processing file /home/airflow/.local/lib/python3.12/site-packages/airflow/example_dags/example_short_circuit_operator.py for tasks to queue
[2024-06-17T23:41:33.833+0000] {logging_mixin.py:188} INFO - [2024-06-17T23:41:33.832+0000] {dagbag.py:545} INFO - Filling up the DagBag from /home/airflow/.local/lib/python3.12/site-packages/airflow/example_dags/example_short_circuit_operator.py
[2024-06-17T23:41:33.841+0000] {processor.py:840} INFO - DAG(s) 'example_short_circuit_operator' retrieved from /home/airflow/.local/lib/python3.12/site-packages/airflow/example_dags/example_short_circuit_operator.py
[2024-06-17T23:41:33.867+0000] {logging_mixin.py:188} INFO - [2024-06-17T23:41:33.867+0000] {dag.py:3096} INFO - Sync 1 DAGs
[2024-06-17T23:41:33.896+0000] {logging_mixin.py:188} INFO - [2024-06-17T23:41:33.895+0000] {dag.py:3954} INFO - Setting next_dagrun for example_short_circuit_operator to 2024-06-16 00:00:00+00:00, run_after=2024-06-17 00:00:00+00:00
[2024-06-17T23:41:33.917+0000] {processor.py:183} INFO - Processing /home/airflow/.local/lib/python3.12/site-packages/airflow/example_dags/example_short_circuit_operator.py took 0.096 seconds
[2024-06-17T23:42:04.135+0000] {processor.py:161} INFO - Started process (PID=404) to work on /home/airflow/.local/lib/python3.12/site-packages/airflow/example_dags/example_short_circuit_operator.py
[2024-06-17T23:42:04.137+0000] {processor.py:830} INFO - Processing file /home/airflow/.local/lib/python3.12/site-packages/airflow/example_dags/example_short_circuit_operator.py for tasks to queue
[2024-06-17T23:42:04.141+0000] {logging_mixin.py:188} INFO - [2024-06-17T23:42:04.140+0000] {dagbag.py:545} INFO - Filling up the DagBag from /home/airflow/.local/lib/python3.12/site-packages/airflow/example_dags/example_short_circuit_operator.py
[2024-06-17T23:42:04.153+0000] {processor.py:840} INFO - DAG(s) 'example_short_circuit_operator' retrieved from /home/airflow/.local/lib/python3.12/site-packages/airflow/example_dags/example_short_circuit_operator.py
[2024-06-17T23:42:04.202+0000] {logging_mixin.py:188} INFO - [2024-06-17T23:42:04.201+0000] {dag.py:3096} INFO - Sync 1 DAGs
[2024-06-17T23:42:04.247+0000] {logging_mixin.py:188} INFO - [2024-06-17T23:42:04.246+0000] {dag.py:3954} INFO - Setting next_dagrun for example_short_circuit_operator to 2024-06-16 00:00:00+00:00, run_after=2024-06-17 00:00:00+00:00
[2024-06-17T23:42:04.281+0000] {processor.py:183} INFO - Processing /home/airflow/.local/lib/python3.12/site-packages/airflow/example_dags/example_short_circuit_operator.py took 0.156 seconds
[2024-06-17T23:42:34.706+0000] {processor.py:161} INFO - Started process (PID=464) to work on /home/airflow/.local/lib/python3.12/site-packages/airflow/example_dags/example_short_circuit_operator.py
[2024-06-17T23:42:34.707+0000] {processor.py:830} INFO - Processing file /home/airflow/.local/lib/python3.12/site-packages/airflow/example_dags/example_short_circuit_operator.py for tasks to queue
[2024-06-17T23:42:34.710+0000] {logging_mixin.py:188} INFO - [2024-06-17T23:42:34.709+0000] {dagbag.py:545} INFO - Filling up the DagBag from /home/airflow/.local/lib/python3.12/site-packages/airflow/example_dags/example_short_circuit_operator.py
[2024-06-17T23:42:34.719+0000] {processor.py:840} INFO - DAG(s) 'example_short_circuit_operator' retrieved from /home/airflow/.local/lib/python3.12/site-packages/airflow/example_dags/example_short_circuit_operator.py
[2024-06-17T23:42:34.745+0000] {logging_mixin.py:188} INFO - [2024-06-17T23:42:34.745+0000] {dag.py:3096} INFO - Sync 1 DAGs
[2024-06-17T23:42:34.770+0000] {logging_mixin.py:188} INFO - [2024-06-17T23:42:34.770+0000] {dag.py:3954} INFO - Setting next_dagrun for example_short_circuit_operator to 2024-06-16 00:00:00+00:00, run_after=2024-06-17 00:00:00+00:00
[2024-06-17T23:42:34.800+0000] {processor.py:183} INFO - Processing /home/airflow/.local/lib/python3.12/site-packages/airflow/example_dags/example_short_circuit_operator.py took 0.100 seconds
[2024-06-17T23:43:04.902+0000] {processor.py:161} INFO - Started process (PID=524) to work on /home/airflow/.local/lib/python3.12/site-packages/airflow/example_dags/example_short_circuit_operator.py
[2024-06-17T23:43:04.904+0000] {processor.py:830} INFO - Processing file /home/airflow/.local/lib/python3.12/site-packages/airflow/example_dags/example_short_circuit_operator.py for tasks to queue
[2024-06-17T23:43:04.908+0000] {logging_mixin.py:188} INFO - [2024-06-17T23:43:04.907+0000] {dagbag.py:545} INFO - Filling up the DagBag from /home/airflow/.local/lib/python3.12/site-packages/airflow/example_dags/example_short_circuit_operator.py
[2024-06-17T23:43:04.923+0000] {processor.py:840} INFO - DAG(s) 'example_short_circuit_operator' retrieved from /home/airflow/.local/lib/python3.12/site-packages/airflow/example_dags/example_short_circuit_operator.py
[2024-06-17T23:43:04.958+0000] {logging_mixin.py:188} INFO - [2024-06-17T23:43:04.957+0000] {dag.py:3096} INFO - Sync 1 DAGs
[2024-06-17T23:43:04.993+0000] {logging_mixin.py:188} INFO - [2024-06-17T23:43:04.993+0000] {dag.py:3954} INFO - Setting next_dagrun for example_short_circuit_operator to 2024-06-16 00:00:00+00:00, run_after=2024-06-17 00:00:00+00:00
[2024-06-17T23:43:05.031+0000] {processor.py:183} INFO - Processing /home/airflow/.local/lib/python3.12/site-packages/airflow/example_dags/example_short_circuit_operator.py took 0.140 seconds
[2024-06-17T23:43:35.376+0000] {processor.py:161} INFO - Started process (PID=584) to work on /home/airflow/.local/lib/python3.12/site-packages/airflow/example_dags/example_short_circuit_operator.py
[2024-06-17T23:43:35.377+0000] {processor.py:830} INFO - Processing file /home/airflow/.local/lib/python3.12/site-packages/airflow/example_dags/example_short_circuit_operator.py for tasks to queue
[2024-06-17T23:43:35.380+0000] {logging_mixin.py:188} INFO - [2024-06-17T23:43:35.379+0000] {dagbag.py:545} INFO - Filling up the DagBag from /home/airflow/.local/lib/python3.12/site-packages/airflow/example_dags/example_short_circuit_operator.py
[2024-06-17T23:43:35.390+0000] {processor.py:840} INFO - DAG(s) 'example_short_circuit_operator' retrieved from /home/airflow/.local/lib/python3.12/site-packages/airflow/example_dags/example_short_circuit_operator.py
[2024-06-17T23:43:35.417+0000] {logging_mixin.py:188} INFO - [2024-06-17T23:43:35.417+0000] {dag.py:3096} INFO - Sync 1 DAGs
[2024-06-17T23:43:35.445+0000] {logging_mixin.py:188} INFO - [2024-06-17T23:43:35.444+0000] {dag.py:3954} INFO - Setting next_dagrun for example_short_circuit_operator to 2024-06-16 00:00:00+00:00, run_after=2024-06-17 00:00:00+00:00
[2024-06-17T23:43:35.472+0000] {processor.py:183} INFO - Processing /home/airflow/.local/lib/python3.12/site-packages/airflow/example_dags/example_short_circuit_operator.py took 0.104 seconds
[2024-06-17T23:44:05.654+0000] {processor.py:161} INFO - Started process (PID=644) to work on /home/airflow/.local/lib/python3.12/site-packages/airflow/example_dags/example_short_circuit_operator.py
[2024-06-17T23:44:05.656+0000] {processor.py:830} INFO - Processing file /home/airflow/.local/lib/python3.12/site-packages/airflow/example_dags/example_short_circuit_operator.py for tasks to queue
[2024-06-17T23:44:05.659+0000] {logging_mixin.py:188} INFO - [2024-06-17T23:44:05.658+0000] {dagbag.py:545} INFO - Filling up the DagBag from /home/airflow/.local/lib/python3.12/site-packages/airflow/example_dags/example_short_circuit_operator.py
[2024-06-17T23:44:05.668+0000] {processor.py:840} INFO - DAG(s) 'example_short_circuit_operator' retrieved from /home/airflow/.local/lib/python3.12/site-packages/airflow/example_dags/example_short_circuit_operator.py
[2024-06-17T23:44:05.696+0000] {logging_mixin.py:188} INFO - [2024-06-17T23:44:05.696+0000] {dag.py:3096} INFO - Sync 1 DAGs
[2024-06-17T23:44:05.723+0000] {logging_mixin.py:188} INFO - [2024-06-17T23:44:05.723+0000] {dag.py:3954} INFO - Setting next_dagrun for example_short_circuit_operator to 2024-06-16 00:00:00+00:00, run_after=2024-06-17 00:00:00+00:00
[2024-06-17T23:44:05.752+0000] {processor.py:183} INFO - Processing /home/airflow/.local/lib/python3.12/site-packages/airflow/example_dags/example_short_circuit_operator.py took 0.107 seconds
[2024-06-17T23:44:35.893+0000] {processor.py:161} INFO - Started process (PID=704) to work on /home/airflow/.local/lib/python3.12/site-packages/airflow/example_dags/example_short_circuit_operator.py
[2024-06-17T23:44:35.895+0000] {processor.py:830} INFO - Processing file /home/airflow/.local/lib/python3.12/site-packages/airflow/example_dags/example_short_circuit_operator.py for tasks to queue
[2024-06-17T23:44:35.898+0000] {logging_mixin.py:188} INFO - [2024-06-17T23:44:35.897+0000] {dagbag.py:545} INFO - Filling up the DagBag from /home/airflow/.local/lib/python3.12/site-packages/airflow/example_dags/example_short_circuit_operator.py
[2024-06-17T23:44:35.911+0000] {processor.py:840} INFO - DAG(s) 'example_short_circuit_operator' retrieved from /home/airflow/.local/lib/python3.12/site-packages/airflow/example_dags/example_short_circuit_operator.py
[2024-06-17T23:44:35.950+0000] {logging_mixin.py:188} INFO - [2024-06-17T23:44:35.949+0000] {dag.py:3096} INFO - Sync 1 DAGs
[2024-06-17T23:44:35.993+0000] {logging_mixin.py:188} INFO - [2024-06-17T23:44:35.992+0000] {dag.py:3954} INFO - Setting next_dagrun for example_short_circuit_operator to 2024-06-16 00:00:00+00:00, run_after=2024-06-17 00:00:00+00:00
[2024-06-17T23:44:36.024+0000] {processor.py:183} INFO - Processing /home/airflow/.local/lib/python3.12/site-packages/airflow/example_dags/example_short_circuit_operator.py took 0.142 seconds
[2024-06-17T23:45:06.317+0000] {processor.py:161} INFO - Started process (PID=764) to work on /home/airflow/.local/lib/python3.12/site-packages/airflow/example_dags/example_short_circuit_operator.py
[2024-06-17T23:45:06.318+0000] {processor.py:830} INFO - Processing file /home/airflow/.local/lib/python3.12/site-packages/airflow/example_dags/example_short_circuit_operator.py for tasks to queue
[2024-06-17T23:45:06.321+0000] {logging_mixin.py:188} INFO - [2024-06-17T23:45:06.320+0000] {dagbag.py:545} INFO - Filling up the DagBag from /home/airflow/.local/lib/python3.12/site-packages/airflow/example_dags/example_short_circuit_operator.py
[2024-06-17T23:45:06.330+0000] {processor.py:840} INFO - DAG(s) 'example_short_circuit_operator' retrieved from /home/airflow/.local/lib/python3.12/site-packages/airflow/example_dags/example_short_circuit_operator.py
[2024-06-17T23:45:06.366+0000] {logging_mixin.py:188} INFO - [2024-06-17T23:45:06.366+0000] {dag.py:3096} INFO - Sync 1 DAGs
[2024-06-17T23:45:06.398+0000] {logging_mixin.py:188} INFO - [2024-06-17T23:45:06.397+0000] {dag.py:3954} INFO - Setting next_dagrun for example_short_circuit_operator to 2024-06-16 00:00:00+00:00, run_after=2024-06-17 00:00:00+00:00
[2024-06-17T23:45:06.425+0000] {processor.py:183} INFO - Processing /home/airflow/.local/lib/python3.12/site-packages/airflow/example_dags/example_short_circuit_operator.py took 0.115 seconds
[2024-06-17T23:45:36.571+0000] {processor.py:161} INFO - Started process (PID=824) to work on /home/airflow/.local/lib/python3.12/site-packages/airflow/example_dags/example_short_circuit_operator.py
[2024-06-17T23:45:36.572+0000] {processor.py:830} INFO - Processing file /home/airflow/.local/lib/python3.12/site-packages/airflow/example_dags/example_short_circuit_operator.py for tasks to queue
[2024-06-17T23:45:36.574+0000] {logging_mixin.py:188} INFO - [2024-06-17T23:45:36.574+0000] {dagbag.py:545} INFO - Filling up the DagBag from /home/airflow/.local/lib/python3.12/site-packages/airflow/example_dags/example_short_circuit_operator.py
[2024-06-17T23:45:36.584+0000] {processor.py:840} INFO - DAG(s) 'example_short_circuit_operator' retrieved from /home/airflow/.local/lib/python3.12/site-packages/airflow/example_dags/example_short_circuit_operator.py
[2024-06-17T23:45:36.617+0000] {logging_mixin.py:188} INFO - [2024-06-17T23:45:36.617+0000] {dag.py:3096} INFO - Sync 1 DAGs
[2024-06-17T23:45:36.652+0000] {logging_mixin.py:188} INFO - [2024-06-17T23:45:36.652+0000] {dag.py:3954} INFO - Setting next_dagrun for example_short_circuit_operator to 2024-06-16 00:00:00+00:00, run_after=2024-06-17 00:00:00+00:00
[2024-06-17T23:45:36.681+0000] {processor.py:183} INFO - Processing /home/airflow/.local/lib/python3.12/site-packages/airflow/example_dags/example_short_circuit_operator.py took 0.118 seconds
[2024-06-17T23:46:06.731+0000] {processor.py:161} INFO - Started process (PID=884) to work on /home/airflow/.local/lib/python3.12/site-packages/airflow/example_dags/example_short_circuit_operator.py
[2024-06-17T23:46:06.733+0000] {processor.py:830} INFO - Processing file /home/airflow/.local/lib/python3.12/site-packages/airflow/example_dags/example_short_circuit_operator.py for tasks to queue
[2024-06-17T23:46:06.736+0000] {logging_mixin.py:188} INFO - [2024-06-17T23:46:06.735+0000] {dagbag.py:545} INFO - Filling up the DagBag from /home/airflow/.local/lib/python3.12/site-packages/airflow/example_dags/example_short_circuit_operator.py
[2024-06-17T23:46:06.745+0000] {processor.py:840} INFO - DAG(s) 'example_short_circuit_operator' retrieved from /home/airflow/.local/lib/python3.12/site-packages/airflow/example_dags/example_short_circuit_operator.py
[2024-06-17T23:46:06.774+0000] {logging_mixin.py:188} INFO - [2024-06-17T23:46:06.773+0000] {dag.py:3096} INFO - Sync 1 DAGs
[2024-06-17T23:46:06.801+0000] {logging_mixin.py:188} INFO - [2024-06-17T23:46:06.800+0000] {dag.py:3954} INFO - Setting next_dagrun for example_short_circuit_operator to 2024-06-16 00:00:00+00:00, run_after=2024-06-17 00:00:00+00:00
[2024-06-17T23:46:06.829+0000] {processor.py:183} INFO - Processing /home/airflow/.local/lib/python3.12/site-packages/airflow/example_dags/example_short_circuit_operator.py took 0.104 seconds
[2024-06-17T23:46:37.183+0000] {processor.py:161} INFO - Started process (PID=944) to work on /home/airflow/.local/lib/python3.12/site-packages/airflow/example_dags/example_short_circuit_operator.py
[2024-06-17T23:46:37.184+0000] {processor.py:830} INFO - Processing file /home/airflow/.local/lib/python3.12/site-packages/airflow/example_dags/example_short_circuit_operator.py for tasks to queue
[2024-06-17T23:46:37.187+0000] {logging_mixin.py:188} INFO - [2024-06-17T23:46:37.187+0000] {dagbag.py:545} INFO - Filling up the DagBag from /home/airflow/.local/lib/python3.12/site-packages/airflow/example_dags/example_short_circuit_operator.py
[2024-06-17T23:46:37.196+0000] {processor.py:840} INFO - DAG(s) 'example_short_circuit_operator' retrieved from /home/airflow/.local/lib/python3.12/site-packages/airflow/example_dags/example_short_circuit_operator.py
[2024-06-17T23:46:37.224+0000] {logging_mixin.py:188} INFO - [2024-06-17T23:46:37.223+0000] {dag.py:3096} INFO - Sync 1 DAGs
[2024-06-17T23:46:37.249+0000] {logging_mixin.py:188} INFO - [2024-06-17T23:46:37.249+0000] {dag.py:3954} INFO - Setting next_dagrun for example_short_circuit_operator to 2024-06-16 00:00:00+00:00, run_after=2024-06-17 00:00:00+00:00
[2024-06-17T23:46:37.272+0000] {processor.py:183} INFO - Processing /home/airflow/.local/lib/python3.12/site-packages/airflow/example_dags/example_short_circuit_operator.py took 0.097 seconds
[2024-06-17T23:47:07.585+0000] {processor.py:161} INFO - Started process (PID=1004) to work on /home/airflow/.local/lib/python3.12/site-packages/airflow/example_dags/example_short_circuit_operator.py
[2024-06-17T23:47:07.586+0000] {processor.py:830} INFO - Processing file /home/airflow/.local/lib/python3.12/site-packages/airflow/example_dags/example_short_circuit_operator.py for tasks to queue
[2024-06-17T23:47:07.588+0000] {logging_mixin.py:188} INFO - [2024-06-17T23:47:07.588+0000] {dagbag.py:545} INFO - Filling up the DagBag from /home/airflow/.local/lib/python3.12/site-packages/airflow/example_dags/example_short_circuit_operator.py
[2024-06-17T23:47:07.597+0000] {processor.py:840} INFO - DAG(s) 'example_short_circuit_operator' retrieved from /home/airflow/.local/lib/python3.12/site-packages/airflow/example_dags/example_short_circuit_operator.py
[2024-06-17T23:47:07.624+0000] {logging_mixin.py:188} INFO - [2024-06-17T23:47:07.624+0000] {dag.py:3096} INFO - Sync 1 DAGs
[2024-06-17T23:47:07.654+0000] {logging_mixin.py:188} INFO - [2024-06-17T23:47:07.654+0000] {dag.py:3954} INFO - Setting next_dagrun for example_short_circuit_operator to 2024-06-16 00:00:00+00:00, run_after=2024-06-17 00:00:00+00:00
[2024-06-17T23:47:07.681+0000] {processor.py:183} INFO - Processing /home/airflow/.local/lib/python3.12/site-packages/airflow/example_dags/example_short_circuit_operator.py took 0.103 seconds
[2024-06-17T23:47:38.279+0000] {processor.py:161} INFO - Started process (PID=1064) to work on /home/airflow/.local/lib/python3.12/site-packages/airflow/example_dags/example_short_circuit_operator.py
[2024-06-17T23:47:38.280+0000] {processor.py:830} INFO - Processing file /home/airflow/.local/lib/python3.12/site-packages/airflow/example_dags/example_short_circuit_operator.py for tasks to queue
[2024-06-17T23:47:38.283+0000] {logging_mixin.py:188} INFO - [2024-06-17T23:47:38.282+0000] {dagbag.py:545} INFO - Filling up the DagBag from /home/airflow/.local/lib/python3.12/site-packages/airflow/example_dags/example_short_circuit_operator.py
[2024-06-17T23:47:38.292+0000] {processor.py:840} INFO - DAG(s) 'example_short_circuit_operator' retrieved from /home/airflow/.local/lib/python3.12/site-packages/airflow/example_dags/example_short_circuit_operator.py
[2024-06-17T23:47:38.321+0000] {logging_mixin.py:188} INFO - [2024-06-17T23:47:38.321+0000] {dag.py:3096} INFO - Sync 1 DAGs
[2024-06-17T23:47:38.348+0000] {logging_mixin.py:188} INFO - [2024-06-17T23:47:38.348+0000] {dag.py:3954} INFO - Setting next_dagrun for example_short_circuit_operator to 2024-06-16 00:00:00+00:00, run_after=2024-06-17 00:00:00+00:00
[2024-06-17T23:47:38.372+0000] {processor.py:183} INFO - Processing /home/airflow/.local/lib/python3.12/site-packages/airflow/example_dags/example_short_circuit_operator.py took 0.100 seconds
[2024-06-17T23:48:08.598+0000] {processor.py:161} INFO - Started process (PID=1124) to work on /home/airflow/.local/lib/python3.12/site-packages/airflow/example_dags/example_short_circuit_operator.py
[2024-06-17T23:48:08.599+0000] {processor.py:830} INFO - Processing file /home/airflow/.local/lib/python3.12/site-packages/airflow/example_dags/example_short_circuit_operator.py for tasks to queue
[2024-06-17T23:48:08.601+0000] {logging_mixin.py:188} INFO - [2024-06-17T23:48:08.601+0000] {dagbag.py:545} INFO - Filling up the DagBag from /home/airflow/.local/lib/python3.12/site-packages/airflow/example_dags/example_short_circuit_operator.py
[2024-06-17T23:48:08.610+0000] {processor.py:840} INFO - DAG(s) 'example_short_circuit_operator' retrieved from /home/airflow/.local/lib/python3.12/site-packages/airflow/example_dags/example_short_circuit_operator.py
[2024-06-17T23:48:08.641+0000] {logging_mixin.py:188} INFO - [2024-06-17T23:48:08.640+0000] {dag.py:3096} INFO - Sync 1 DAGs
[2024-06-17T23:48:08.671+0000] {logging_mixin.py:188} INFO - [2024-06-17T23:48:08.671+0000] {dag.py:3954} INFO - Setting next_dagrun for example_short_circuit_operator to 2024-06-16 00:00:00+00:00, run_after=2024-06-17 00:00:00+00:00
[2024-06-17T23:48:08.700+0000] {processor.py:183} INFO - Processing /home/airflow/.local/lib/python3.12/site-packages/airflow/example_dags/example_short_circuit_operator.py took 0.109 seconds
[2024-06-17T23:48:39.612+0000] {processor.py:161} INFO - Started process (PID=1184) to work on /home/airflow/.local/lib/python3.12/site-packages/airflow/example_dags/example_short_circuit_operator.py
[2024-06-17T23:48:39.614+0000] {processor.py:830} INFO - Processing file /home/airflow/.local/lib/python3.12/site-packages/airflow/example_dags/example_short_circuit_operator.py for tasks to queue
[2024-06-17T23:48:39.616+0000] {logging_mixin.py:188} INFO - [2024-06-17T23:48:39.616+0000] {dagbag.py:545} INFO - Filling up the DagBag from /home/airflow/.local/lib/python3.12/site-packages/airflow/example_dags/example_short_circuit_operator.py
[2024-06-17T23:48:39.626+0000] {processor.py:840} INFO - DAG(s) 'example_short_circuit_operator' retrieved from /home/airflow/.local/lib/python3.12/site-packages/airflow/example_dags/example_short_circuit_operator.py
[2024-06-17T23:48:39.663+0000] {logging_mixin.py:188} INFO - [2024-06-17T23:48:39.663+0000] {dag.py:3096} INFO - Sync 1 DAGs
[2024-06-17T23:48:39.694+0000] {logging_mixin.py:188} INFO - [2024-06-17T23:48:39.693+0000] {dag.py:3954} INFO - Setting next_dagrun for example_short_circuit_operator to 2024-06-16 00:00:00+00:00, run_after=2024-06-17 00:00:00+00:00
[2024-06-17T23:48:39.720+0000] {processor.py:183} INFO - Processing /home/airflow/.local/lib/python3.12/site-packages/airflow/example_dags/example_short_circuit_operator.py took 0.115 seconds
[2024-06-17T23:49:10.099+0000] {processor.py:161} INFO - Started process (PID=1244) to work on /home/airflow/.local/lib/python3.12/site-packages/airflow/example_dags/example_short_circuit_operator.py
[2024-06-17T23:49:10.100+0000] {processor.py:830} INFO - Processing file /home/airflow/.local/lib/python3.12/site-packages/airflow/example_dags/example_short_circuit_operator.py for tasks to queue
[2024-06-17T23:49:10.103+0000] {logging_mixin.py:188} INFO - [2024-06-17T23:49:10.103+0000] {dagbag.py:545} INFO - Filling up the DagBag from /home/airflow/.local/lib/python3.12/site-packages/airflow/example_dags/example_short_circuit_operator.py
[2024-06-17T23:49:10.116+0000] {processor.py:840} INFO - DAG(s) 'example_short_circuit_operator' retrieved from /home/airflow/.local/lib/python3.12/site-packages/airflow/example_dags/example_short_circuit_operator.py
[2024-06-17T23:49:10.150+0000] {logging_mixin.py:188} INFO - [2024-06-17T23:49:10.149+0000] {dag.py:3096} INFO - Sync 1 DAGs
[2024-06-17T23:49:10.177+0000] {logging_mixin.py:188} INFO - [2024-06-17T23:49:10.177+0000] {dag.py:3954} INFO - Setting next_dagrun for example_short_circuit_operator to 2024-06-16 00:00:00+00:00, run_after=2024-06-17 00:00:00+00:00
[2024-06-17T23:49:10.205+0000] {processor.py:183} INFO - Processing /home/airflow/.local/lib/python3.12/site-packages/airflow/example_dags/example_short_circuit_operator.py took 0.112 seconds
[2024-06-17T23:49:40.590+0000] {processor.py:161} INFO - Started process (PID=1310) to work on /home/airflow/.local/lib/python3.12/site-packages/airflow/example_dags/example_short_circuit_operator.py
[2024-06-17T23:49:40.591+0000] {processor.py:830} INFO - Processing file /home/airflow/.local/lib/python3.12/site-packages/airflow/example_dags/example_short_circuit_operator.py for tasks to queue
[2024-06-17T23:49:40.594+0000] {logging_mixin.py:188} INFO - [2024-06-17T23:49:40.593+0000] {dagbag.py:545} INFO - Filling up the DagBag from /home/airflow/.local/lib/python3.12/site-packages/airflow/example_dags/example_short_circuit_operator.py
[2024-06-17T23:49:40.604+0000] {processor.py:840} INFO - DAG(s) 'example_short_circuit_operator' retrieved from /home/airflow/.local/lib/python3.12/site-packages/airflow/example_dags/example_short_circuit_operator.py
[2024-06-17T23:49:40.632+0000] {logging_mixin.py:188} INFO - [2024-06-17T23:49:40.631+0000] {dag.py:3096} INFO - Sync 1 DAGs
[2024-06-17T23:49:40.671+0000] {logging_mixin.py:188} INFO - [2024-06-17T23:49:40.670+0000] {dag.py:3954} INFO - Setting next_dagrun for example_short_circuit_operator to 2024-06-16 00:00:00+00:00, run_after=2024-06-17 00:00:00+00:00
[2024-06-17T23:49:40.704+0000] {processor.py:183} INFO - Processing /home/airflow/.local/lib/python3.12/site-packages/airflow/example_dags/example_short_circuit_operator.py took 0.120 seconds
[2024-06-17T23:50:10.794+0000] {processor.py:161} INFO - Started process (PID=1370) to work on /home/airflow/.local/lib/python3.12/site-packages/airflow/example_dags/example_short_circuit_operator.py
[2024-06-17T23:50:10.796+0000] {processor.py:830} INFO - Processing file /home/airflow/.local/lib/python3.12/site-packages/airflow/example_dags/example_short_circuit_operator.py for tasks to queue
[2024-06-17T23:50:10.801+0000] {logging_mixin.py:188} INFO - [2024-06-17T23:50:10.800+0000] {dagbag.py:545} INFO - Filling up the DagBag from /home/airflow/.local/lib/python3.12/site-packages/airflow/example_dags/example_short_circuit_operator.py
[2024-06-17T23:50:10.814+0000] {processor.py:840} INFO - DAG(s) 'example_short_circuit_operator' retrieved from /home/airflow/.local/lib/python3.12/site-packages/airflow/example_dags/example_short_circuit_operator.py
[2024-06-17T23:50:10.853+0000] {logging_mixin.py:188} INFO - [2024-06-17T23:50:10.852+0000] {dag.py:3096} INFO - Sync 1 DAGs
[2024-06-17T23:50:10.904+0000] {logging_mixin.py:188} INFO - [2024-06-17T23:50:10.903+0000] {dag.py:3954} INFO - Setting next_dagrun for example_short_circuit_operator to 2024-06-16 00:00:00+00:00, run_after=2024-06-17 00:00:00+00:00
[2024-06-17T23:50:10.952+0000] {processor.py:183} INFO - Processing /home/airflow/.local/lib/python3.12/site-packages/airflow/example_dags/example_short_circuit_operator.py took 0.174 seconds
[2024-06-17T23:50:41.350+0000] {processor.py:161} INFO - Started process (PID=1430) to work on /home/airflow/.local/lib/python3.12/site-packages/airflow/example_dags/example_short_circuit_operator.py
[2024-06-17T23:50:41.351+0000] {processor.py:830} INFO - Processing file /home/airflow/.local/lib/python3.12/site-packages/airflow/example_dags/example_short_circuit_operator.py for tasks to queue
[2024-06-17T23:50:41.353+0000] {logging_mixin.py:188} INFO - [2024-06-17T23:50:41.353+0000] {dagbag.py:545} INFO - Filling up the DagBag from /home/airflow/.local/lib/python3.12/site-packages/airflow/example_dags/example_short_circuit_operator.py
[2024-06-17T23:50:41.363+0000] {processor.py:840} INFO - DAG(s) 'example_short_circuit_operator' retrieved from /home/airflow/.local/lib/python3.12/site-packages/airflow/example_dags/example_short_circuit_operator.py
[2024-06-17T23:50:41.392+0000] {logging_mixin.py:188} INFO - [2024-06-17T23:50:41.391+0000] {dag.py:3096} INFO - Sync 1 DAGs
[2024-06-17T23:50:41.418+0000] {logging_mixin.py:188} INFO - [2024-06-17T23:50:41.418+0000] {dag.py:3954} INFO - Setting next_dagrun for example_short_circuit_operator to 2024-06-16 00:00:00+00:00, run_after=2024-06-17 00:00:00+00:00
[2024-06-17T23:50:41.446+0000] {processor.py:183} INFO - Processing /home/airflow/.local/lib/python3.12/site-packages/airflow/example_dags/example_short_circuit_operator.py took 0.103 seconds
[2024-06-17T23:51:11.711+0000] {processor.py:161} INFO - Started process (PID=1490) to work on /home/airflow/.local/lib/python3.12/site-packages/airflow/example_dags/example_short_circuit_operator.py
[2024-06-17T23:51:11.712+0000] {processor.py:830} INFO - Processing file /home/airflow/.local/lib/python3.12/site-packages/airflow/example_dags/example_short_circuit_operator.py for tasks to queue
[2024-06-17T23:51:11.715+0000] {logging_mixin.py:188} INFO - [2024-06-17T23:51:11.715+0000] {dagbag.py:545} INFO - Filling up the DagBag from /home/airflow/.local/lib/python3.12/site-packages/airflow/example_dags/example_short_circuit_operator.py
[2024-06-17T23:51:11.728+0000] {processor.py:840} INFO - DAG(s) 'example_short_circuit_operator' retrieved from /home/airflow/.local/lib/python3.12/site-packages/airflow/example_dags/example_short_circuit_operator.py
[2024-06-17T23:51:11.758+0000] {logging_mixin.py:188} INFO - [2024-06-17T23:51:11.757+0000] {dag.py:3096} INFO - Sync 1 DAGs
[2024-06-17T23:51:11.785+0000] {logging_mixin.py:188} INFO - [2024-06-17T23:51:11.784+0000] {dag.py:3954} INFO - Setting next_dagrun for example_short_circuit_operator to 2024-06-16 00:00:00+00:00, run_after=2024-06-17 00:00:00+00:00
[2024-06-17T23:51:11.814+0000] {processor.py:183} INFO - Processing /home/airflow/.local/lib/python3.12/site-packages/airflow/example_dags/example_short_circuit_operator.py took 0.110 seconds
[2024-06-17T23:51:42.502+0000] {processor.py:161} INFO - Started process (PID=1550) to work on /home/airflow/.local/lib/python3.12/site-packages/airflow/example_dags/example_short_circuit_operator.py
[2024-06-17T23:51:42.504+0000] {processor.py:830} INFO - Processing file /home/airflow/.local/lib/python3.12/site-packages/airflow/example_dags/example_short_circuit_operator.py for tasks to queue
[2024-06-17T23:51:42.506+0000] {logging_mixin.py:188} INFO - [2024-06-17T23:51:42.506+0000] {dagbag.py:545} INFO - Filling up the DagBag from /home/airflow/.local/lib/python3.12/site-packages/airflow/example_dags/example_short_circuit_operator.py
[2024-06-17T23:51:42.515+0000] {processor.py:840} INFO - DAG(s) 'example_short_circuit_operator' retrieved from /home/airflow/.local/lib/python3.12/site-packages/airflow/example_dags/example_short_circuit_operator.py
[2024-06-17T23:51:42.542+0000] {logging_mixin.py:188} INFO - [2024-06-17T23:51:42.542+0000] {dag.py:3096} INFO - Sync 1 DAGs
[2024-06-17T23:51:42.568+0000] {logging_mixin.py:188} INFO - [2024-06-17T23:51:42.568+0000] {dag.py:3954} INFO - Setting next_dagrun for example_short_circuit_operator to 2024-06-16 00:00:00+00:00, run_after=2024-06-17 00:00:00+00:00
[2024-06-17T23:51:42.590+0000] {processor.py:183} INFO - Processing /home/airflow/.local/lib/python3.12/site-packages/airflow/example_dags/example_short_circuit_operator.py took 0.095 seconds
[2024-06-17T23:52:12.816+0000] {processor.py:161} INFO - Started process (PID=1610) to work on /home/airflow/.local/lib/python3.12/site-packages/airflow/example_dags/example_short_circuit_operator.py
[2024-06-17T23:52:12.818+0000] {processor.py:830} INFO - Processing file /home/airflow/.local/lib/python3.12/site-packages/airflow/example_dags/example_short_circuit_operator.py for tasks to queue
[2024-06-17T23:52:12.821+0000] {logging_mixin.py:188} INFO - [2024-06-17T23:52:12.820+0000] {dagbag.py:545} INFO - Filling up the DagBag from /home/airflow/.local/lib/python3.12/site-packages/airflow/example_dags/example_short_circuit_operator.py
[2024-06-17T23:52:12.832+0000] {processor.py:840} INFO - DAG(s) 'example_short_circuit_operator' retrieved from /home/airflow/.local/lib/python3.12/site-packages/airflow/example_dags/example_short_circuit_operator.py
[2024-06-17T23:52:12.859+0000] {logging_mixin.py:188} INFO - [2024-06-17T23:52:12.858+0000] {dag.py:3096} INFO - Sync 1 DAGs
[2024-06-17T23:52:12.884+0000] {logging_mixin.py:188} INFO - [2024-06-17T23:52:12.883+0000] {dag.py:3954} INFO - Setting next_dagrun for example_short_circuit_operator to 2024-06-16 00:00:00+00:00, run_after=2024-06-17 00:00:00+00:00
[2024-06-17T23:52:12.912+0000] {processor.py:183} INFO - Processing /home/airflow/.local/lib/python3.12/site-packages/airflow/example_dags/example_short_circuit_operator.py took 0.104 seconds
[2024-06-17T23:52:43.503+0000] {processor.py:161} INFO - Started process (PID=1670) to work on /home/airflow/.local/lib/python3.12/site-packages/airflow/example_dags/example_short_circuit_operator.py
[2024-06-17T23:52:43.504+0000] {processor.py:830} INFO - Processing file /home/airflow/.local/lib/python3.12/site-packages/airflow/example_dags/example_short_circuit_operator.py for tasks to queue
[2024-06-17T23:52:43.507+0000] {logging_mixin.py:188} INFO - [2024-06-17T23:52:43.506+0000] {dagbag.py:545} INFO - Filling up the DagBag from /home/airflow/.local/lib/python3.12/site-packages/airflow/example_dags/example_short_circuit_operator.py
[2024-06-17T23:52:43.515+0000] {processor.py:840} INFO - DAG(s) 'example_short_circuit_operator' retrieved from /home/airflow/.local/lib/python3.12/site-packages/airflow/example_dags/example_short_circuit_operator.py
[2024-06-17T23:52:43.546+0000] {logging_mixin.py:188} INFO - [2024-06-17T23:52:43.546+0000] {dag.py:3096} INFO - Sync 1 DAGs
[2024-06-17T23:52:43.578+0000] {logging_mixin.py:188} INFO - [2024-06-17T23:52:43.578+0000] {dag.py:3954} INFO - Setting next_dagrun for example_short_circuit_operator to 2024-06-16 00:00:00+00:00, run_after=2024-06-17 00:00:00+00:00
[2024-06-17T23:52:43.603+0000] {processor.py:183} INFO - Processing /home/airflow/.local/lib/python3.12/site-packages/airflow/example_dags/example_short_circuit_operator.py took 0.106 seconds
[2024-06-17T23:53:14.456+0000] {processor.py:161} INFO - Started process (PID=1730) to work on /home/airflow/.local/lib/python3.12/site-packages/airflow/example_dags/example_short_circuit_operator.py
[2024-06-17T23:53:14.458+0000] {processor.py:830} INFO - Processing file /home/airflow/.local/lib/python3.12/site-packages/airflow/example_dags/example_short_circuit_operator.py for tasks to queue
[2024-06-17T23:53:14.462+0000] {logging_mixin.py:188} INFO - [2024-06-17T23:53:14.461+0000] {dagbag.py:545} INFO - Filling up the DagBag from /home/airflow/.local/lib/python3.12/site-packages/airflow/example_dags/example_short_circuit_operator.py
[2024-06-17T23:53:14.475+0000] {processor.py:840} INFO - DAG(s) 'example_short_circuit_operator' retrieved from /home/airflow/.local/lib/python3.12/site-packages/airflow/example_dags/example_short_circuit_operator.py
[2024-06-17T23:53:14.712+0000] {logging_mixin.py:188} INFO - [2024-06-17T23:53:14.711+0000] {dag.py:3096} INFO - Sync 1 DAGs
[2024-06-17T23:53:14.748+0000] {logging_mixin.py:188} INFO - [2024-06-17T23:53:14.747+0000] {dag.py:3954} INFO - Setting next_dagrun for example_short_circuit_operator to 2024-06-16 00:00:00+00:00, run_after=2024-06-17 00:00:00+00:00
[2024-06-17T23:53:14.782+0000] {processor.py:183} INFO - Processing /home/airflow/.local/lib/python3.12/site-packages/airflow/example_dags/example_short_circuit_operator.py took 0.336 seconds
[2024-06-17T23:53:45.593+0000] {processor.py:161} INFO - Started process (PID=1790) to work on /home/airflow/.local/lib/python3.12/site-packages/airflow/example_dags/example_short_circuit_operator.py
[2024-06-17T23:53:45.595+0000] {processor.py:830} INFO - Processing file /home/airflow/.local/lib/python3.12/site-packages/airflow/example_dags/example_short_circuit_operator.py for tasks to queue
[2024-06-17T23:53:45.598+0000] {logging_mixin.py:188} INFO - [2024-06-17T23:53:45.597+0000] {dagbag.py:545} INFO - Filling up the DagBag from /home/airflow/.local/lib/python3.12/site-packages/airflow/example_dags/example_short_circuit_operator.py
[2024-06-17T23:53:45.610+0000] {processor.py:840} INFO - DAG(s) 'example_short_circuit_operator' retrieved from /home/airflow/.local/lib/python3.12/site-packages/airflow/example_dags/example_short_circuit_operator.py
[2024-06-17T23:53:45.644+0000] {logging_mixin.py:188} INFO - [2024-06-17T23:53:45.644+0000] {dag.py:3096} INFO - Sync 1 DAGs
[2024-06-17T23:53:45.677+0000] {logging_mixin.py:188} INFO - [2024-06-17T23:53:45.676+0000] {dag.py:3954} INFO - Setting next_dagrun for example_short_circuit_operator to 2024-06-16 00:00:00+00:00, run_after=2024-06-17 00:00:00+00:00
[2024-06-17T23:53:45.709+0000] {processor.py:183} INFO - Processing /home/airflow/.local/lib/python3.12/site-packages/airflow/example_dags/example_short_circuit_operator.py took 0.124 seconds
[2024-06-17T23:54:15.814+0000] {processor.py:161} INFO - Started process (PID=1849) to work on /home/airflow/.local/lib/python3.12/site-packages/airflow/example_dags/example_short_circuit_operator.py
[2024-06-17T23:54:15.815+0000] {processor.py:830} INFO - Processing file /home/airflow/.local/lib/python3.12/site-packages/airflow/example_dags/example_short_circuit_operator.py for tasks to queue
[2024-06-17T23:54:15.818+0000] {logging_mixin.py:188} INFO - [2024-06-17T23:54:15.817+0000] {dagbag.py:545} INFO - Filling up the DagBag from /home/airflow/.local/lib/python3.12/site-packages/airflow/example_dags/example_short_circuit_operator.py
[2024-06-17T23:54:15.827+0000] {processor.py:840} INFO - DAG(s) 'example_short_circuit_operator' retrieved from /home/airflow/.local/lib/python3.12/site-packages/airflow/example_dags/example_short_circuit_operator.py
[2024-06-17T23:54:15.854+0000] {logging_mixin.py:188} INFO - [2024-06-17T23:54:15.854+0000] {dag.py:3096} INFO - Sync 1 DAGs
[2024-06-17T23:54:15.878+0000] {logging_mixin.py:188} INFO - [2024-06-17T23:54:15.878+0000] {dag.py:3954} INFO - Setting next_dagrun for example_short_circuit_operator to 2024-06-16 00:00:00+00:00, run_after=2024-06-17 00:00:00+00:00
[2024-06-17T23:54:15.906+0000] {processor.py:183} INFO - Processing /home/airflow/.local/lib/python3.12/site-packages/airflow/example_dags/example_short_circuit_operator.py took 0.099 seconds
[2024-06-17T23:54:46.120+0000] {processor.py:161} INFO - Started process (PID=1908) to work on /home/airflow/.local/lib/python3.12/site-packages/airflow/example_dags/example_short_circuit_operator.py
[2024-06-17T23:54:46.121+0000] {processor.py:830} INFO - Processing file /home/airflow/.local/lib/python3.12/site-packages/airflow/example_dags/example_short_circuit_operator.py for tasks to queue
[2024-06-17T23:54:46.123+0000] {logging_mixin.py:188} INFO - [2024-06-17T23:54:46.123+0000] {dagbag.py:545} INFO - Filling up the DagBag from /home/airflow/.local/lib/python3.12/site-packages/airflow/example_dags/example_short_circuit_operator.py
[2024-06-17T23:54:46.133+0000] {processor.py:840} INFO - DAG(s) 'example_short_circuit_operator' retrieved from /home/airflow/.local/lib/python3.12/site-packages/airflow/example_dags/example_short_circuit_operator.py
[2024-06-17T23:54:46.160+0000] {logging_mixin.py:188} INFO - [2024-06-17T23:54:46.160+0000] {dag.py:3096} INFO - Sync 1 DAGs
[2024-06-17T23:54:46.187+0000] {logging_mixin.py:188} INFO - [2024-06-17T23:54:46.186+0000] {dag.py:3954} INFO - Setting next_dagrun for example_short_circuit_operator to 2024-06-16 00:00:00+00:00, run_after=2024-06-17 00:00:00+00:00
[2024-06-17T23:54:46.218+0000] {processor.py:183} INFO - Processing /home/airflow/.local/lib/python3.12/site-packages/airflow/example_dags/example_short_circuit_operator.py took 0.105 seconds
[2024-06-17T23:55:16.430+0000] {processor.py:161} INFO - Started process (PID=1968) to work on /home/airflow/.local/lib/python3.12/site-packages/airflow/example_dags/example_short_circuit_operator.py
[2024-06-17T23:55:16.431+0000] {processor.py:830} INFO - Processing file /home/airflow/.local/lib/python3.12/site-packages/airflow/example_dags/example_short_circuit_operator.py for tasks to queue
[2024-06-17T23:55:16.434+0000] {logging_mixin.py:188} INFO - [2024-06-17T23:55:16.433+0000] {dagbag.py:545} INFO - Filling up the DagBag from /home/airflow/.local/lib/python3.12/site-packages/airflow/example_dags/example_short_circuit_operator.py
[2024-06-17T23:55:16.443+0000] {processor.py:840} INFO - DAG(s) 'example_short_circuit_operator' retrieved from /home/airflow/.local/lib/python3.12/site-packages/airflow/example_dags/example_short_circuit_operator.py
[2024-06-17T23:55:16.473+0000] {logging_mixin.py:188} INFO - [2024-06-17T23:55:16.473+0000] {dag.py:3096} INFO - Sync 1 DAGs
[2024-06-17T23:55:16.499+0000] {logging_mixin.py:188} INFO - [2024-06-17T23:55:16.499+0000] {dag.py:3954} INFO - Setting next_dagrun for example_short_circuit_operator to 2024-06-16 00:00:00+00:00, run_after=2024-06-17 00:00:00+00:00
[2024-06-17T23:55:16.529+0000] {processor.py:183} INFO - Processing /home/airflow/.local/lib/python3.12/site-packages/airflow/example_dags/example_short_circuit_operator.py took 0.106 seconds
[2024-06-17T23:55:46.994+0000] {processor.py:161} INFO - Started process (PID=2028) to work on /home/airflow/.local/lib/python3.12/site-packages/airflow/example_dags/example_short_circuit_operator.py
[2024-06-17T23:55:46.995+0000] {processor.py:830} INFO - Processing file /home/airflow/.local/lib/python3.12/site-packages/airflow/example_dags/example_short_circuit_operator.py for tasks to queue
[2024-06-17T23:55:46.998+0000] {logging_mixin.py:188} INFO - [2024-06-17T23:55:46.998+0000] {dagbag.py:545} INFO - Filling up the DagBag from /home/airflow/.local/lib/python3.12/site-packages/airflow/example_dags/example_short_circuit_operator.py
[2024-06-17T23:55:47.008+0000] {processor.py:840} INFO - DAG(s) 'example_short_circuit_operator' retrieved from /home/airflow/.local/lib/python3.12/site-packages/airflow/example_dags/example_short_circuit_operator.py
[2024-06-17T23:55:47.041+0000] {logging_mixin.py:188} INFO - [2024-06-17T23:55:47.040+0000] {dag.py:3096} INFO - Sync 1 DAGs
[2024-06-17T23:55:47.069+0000] {logging_mixin.py:188} INFO - [2024-06-17T23:55:47.069+0000] {dag.py:3954} INFO - Setting next_dagrun for example_short_circuit_operator to 2024-06-16 00:00:00+00:00, run_after=2024-06-17 00:00:00+00:00
[2024-06-17T23:55:47.106+0000] {processor.py:183} INFO - Processing /home/airflow/.local/lib/python3.12/site-packages/airflow/example_dags/example_short_circuit_operator.py took 0.118 seconds
[2024-06-17T23:56:17.428+0000] {processor.py:161} INFO - Started process (PID=2088) to work on /home/airflow/.local/lib/python3.12/site-packages/airflow/example_dags/example_short_circuit_operator.py
[2024-06-17T23:56:17.429+0000] {processor.py:830} INFO - Processing file /home/airflow/.local/lib/python3.12/site-packages/airflow/example_dags/example_short_circuit_operator.py for tasks to queue
[2024-06-17T23:56:17.432+0000] {logging_mixin.py:188} INFO - [2024-06-17T23:56:17.431+0000] {dagbag.py:545} INFO - Filling up the DagBag from /home/airflow/.local/lib/python3.12/site-packages/airflow/example_dags/example_short_circuit_operator.py
[2024-06-17T23:56:17.442+0000] {processor.py:840} INFO - DAG(s) 'example_short_circuit_operator' retrieved from /home/airflow/.local/lib/python3.12/site-packages/airflow/example_dags/example_short_circuit_operator.py
[2024-06-17T23:56:17.471+0000] {logging_mixin.py:188} INFO - [2024-06-17T23:56:17.471+0000] {dag.py:3096} INFO - Sync 1 DAGs
[2024-06-17T23:56:17.499+0000] {logging_mixin.py:188} INFO - [2024-06-17T23:56:17.499+0000] {dag.py:3954} INFO - Setting next_dagrun for example_short_circuit_operator to 2024-06-16 00:00:00+00:00, run_after=2024-06-17 00:00:00+00:00
[2024-06-17T23:56:17.529+0000] {processor.py:183} INFO - Processing /home/airflow/.local/lib/python3.12/site-packages/airflow/example_dags/example_short_circuit_operator.py took 0.108 seconds
[2024-06-17T23:56:48.306+0000] {processor.py:161} INFO - Started process (PID=2148) to work on /home/airflow/.local/lib/python3.12/site-packages/airflow/example_dags/example_short_circuit_operator.py
[2024-06-17T23:56:48.307+0000] {processor.py:830} INFO - Processing file /home/airflow/.local/lib/python3.12/site-packages/airflow/example_dags/example_short_circuit_operator.py for tasks to queue
[2024-06-17T23:56:48.309+0000] {logging_mixin.py:188} INFO - [2024-06-17T23:56:48.309+0000] {dagbag.py:545} INFO - Filling up the DagBag from /home/airflow/.local/lib/python3.12/site-packages/airflow/example_dags/example_short_circuit_operator.py
[2024-06-17T23:56:48.319+0000] {processor.py:840} INFO - DAG(s) 'example_short_circuit_operator' retrieved from /home/airflow/.local/lib/python3.12/site-packages/airflow/example_dags/example_short_circuit_operator.py
[2024-06-17T23:56:48.346+0000] {logging_mixin.py:188} INFO - [2024-06-17T23:56:48.346+0000] {dag.py:3096} INFO - Sync 1 DAGs
[2024-06-17T23:56:48.371+0000] {logging_mixin.py:188} INFO - [2024-06-17T23:56:48.371+0000] {dag.py:3954} INFO - Setting next_dagrun for example_short_circuit_operator to 2024-06-16 00:00:00+00:00, run_after=2024-06-17 00:00:00+00:00
[2024-06-17T23:56:48.402+0000] {processor.py:183} INFO - Processing /home/airflow/.local/lib/python3.12/site-packages/airflow/example_dags/example_short_circuit_operator.py took 0.103 seconds
[2024-06-17T23:57:18.893+0000] {processor.py:161} INFO - Started process (PID=2208) to work on /home/airflow/.local/lib/python3.12/site-packages/airflow/example_dags/example_short_circuit_operator.py
[2024-06-17T23:57:18.894+0000] {processor.py:830} INFO - Processing file /home/airflow/.local/lib/python3.12/site-packages/airflow/example_dags/example_short_circuit_operator.py for tasks to queue
[2024-06-17T23:57:18.897+0000] {logging_mixin.py:188} INFO - [2024-06-17T23:57:18.897+0000] {dagbag.py:545} INFO - Filling up the DagBag from /home/airflow/.local/lib/python3.12/site-packages/airflow/example_dags/example_short_circuit_operator.py
[2024-06-17T23:57:18.907+0000] {processor.py:840} INFO - DAG(s) 'example_short_circuit_operator' retrieved from /home/airflow/.local/lib/python3.12/site-packages/airflow/example_dags/example_short_circuit_operator.py
[2024-06-17T23:57:18.941+0000] {logging_mixin.py:188} INFO - [2024-06-17T23:57:18.940+0000] {dag.py:3096} INFO - Sync 1 DAGs
[2024-06-17T23:57:18.970+0000] {logging_mixin.py:188} INFO - [2024-06-17T23:57:18.970+0000] {dag.py:3954} INFO - Setting next_dagrun for example_short_circuit_operator to 2024-06-16 00:00:00+00:00, run_after=2024-06-17 00:00:00+00:00
[2024-06-17T23:57:18.995+0000] {processor.py:183} INFO - Processing /home/airflow/.local/lib/python3.12/site-packages/airflow/example_dags/example_short_circuit_operator.py took 0.109 seconds
[2024-06-17T23:57:49.123+0000] {processor.py:161} INFO - Started process (PID=2269) to work on /home/airflow/.local/lib/python3.12/site-packages/airflow/example_dags/example_short_circuit_operator.py
[2024-06-17T23:57:49.124+0000] {processor.py:830} INFO - Processing file /home/airflow/.local/lib/python3.12/site-packages/airflow/example_dags/example_short_circuit_operator.py for tasks to queue
[2024-06-17T23:57:49.128+0000] {logging_mixin.py:188} INFO - [2024-06-17T23:57:49.127+0000] {dagbag.py:545} INFO - Filling up the DagBag from /home/airflow/.local/lib/python3.12/site-packages/airflow/example_dags/example_short_circuit_operator.py
[2024-06-17T23:57:49.142+0000] {processor.py:840} INFO - DAG(s) 'example_short_circuit_operator' retrieved from /home/airflow/.local/lib/python3.12/site-packages/airflow/example_dags/example_short_circuit_operator.py
[2024-06-17T23:57:49.173+0000] {logging_mixin.py:188} INFO - [2024-06-17T23:57:49.173+0000] {dag.py:3096} INFO - Sync 1 DAGs
[2024-06-17T23:57:49.201+0000] {logging_mixin.py:188} INFO - [2024-06-17T23:57:49.201+0000] {dag.py:3954} INFO - Setting next_dagrun for example_short_circuit_operator to 2024-06-16 00:00:00+00:00, run_after=2024-06-17 00:00:00+00:00
[2024-06-17T23:57:49.225+0000] {processor.py:183} INFO - Processing /home/airflow/.local/lib/python3.12/site-packages/airflow/example_dags/example_short_circuit_operator.py took 0.111 seconds
[2024-06-17T23:58:19.451+0000] {processor.py:161} INFO - Started process (PID=2329) to work on /home/airflow/.local/lib/python3.12/site-packages/airflow/example_dags/example_short_circuit_operator.py
[2024-06-17T23:58:19.452+0000] {processor.py:830} INFO - Processing file /home/airflow/.local/lib/python3.12/site-packages/airflow/example_dags/example_short_circuit_operator.py for tasks to queue
[2024-06-17T23:58:19.455+0000] {logging_mixin.py:188} INFO - [2024-06-17T23:58:19.455+0000] {dagbag.py:545} INFO - Filling up the DagBag from /home/airflow/.local/lib/python3.12/site-packages/airflow/example_dags/example_short_circuit_operator.py
[2024-06-17T23:58:19.464+0000] {processor.py:840} INFO - DAG(s) 'example_short_circuit_operator' retrieved from /home/airflow/.local/lib/python3.12/site-packages/airflow/example_dags/example_short_circuit_operator.py
[2024-06-17T23:58:19.491+0000] {logging_mixin.py:188} INFO - [2024-06-17T23:58:19.490+0000] {dag.py:3096} INFO - Sync 1 DAGs
[2024-06-17T23:58:19.515+0000] {logging_mixin.py:188} INFO - [2024-06-17T23:58:19.515+0000] {dag.py:3954} INFO - Setting next_dagrun for example_short_circuit_operator to 2024-06-16 00:00:00+00:00, run_after=2024-06-17 00:00:00+00:00
[2024-06-17T23:58:19.545+0000] {processor.py:183} INFO - Processing /home/airflow/.local/lib/python3.12/site-packages/airflow/example_dags/example_short_circuit_operator.py took 0.102 seconds
[2024-06-17T23:58:49.702+0000] {processor.py:161} INFO - Started process (PID=2389) to work on /home/airflow/.local/lib/python3.12/site-packages/airflow/example_dags/example_short_circuit_operator.py
[2024-06-17T23:58:49.703+0000] {processor.py:830} INFO - Processing file /home/airflow/.local/lib/python3.12/site-packages/airflow/example_dags/example_short_circuit_operator.py for tasks to queue
[2024-06-17T23:58:49.706+0000] {logging_mixin.py:188} INFO - [2024-06-17T23:58:49.705+0000] {dagbag.py:545} INFO - Filling up the DagBag from /home/airflow/.local/lib/python3.12/site-packages/airflow/example_dags/example_short_circuit_operator.py
[2024-06-17T23:58:49.716+0000] {processor.py:840} INFO - DAG(s) 'example_short_circuit_operator' retrieved from /home/airflow/.local/lib/python3.12/site-packages/airflow/example_dags/example_short_circuit_operator.py
[2024-06-17T23:58:49.743+0000] {logging_mixin.py:188} INFO - [2024-06-17T23:58:49.743+0000] {dag.py:3096} INFO - Sync 1 DAGs
[2024-06-17T23:58:49.768+0000] {logging_mixin.py:188} INFO - [2024-06-17T23:58:49.767+0000] {dag.py:3954} INFO - Setting next_dagrun for example_short_circuit_operator to 2024-06-16 00:00:00+00:00, run_after=2024-06-17 00:00:00+00:00
[2024-06-17T23:58:49.797+0000] {processor.py:183} INFO - Processing /home/airflow/.local/lib/python3.12/site-packages/airflow/example_dags/example_short_circuit_operator.py took 0.102 seconds
[2024-06-17T23:59:19.999+0000] {processor.py:161} INFO - Started process (PID=2449) to work on /home/airflow/.local/lib/python3.12/site-packages/airflow/example_dags/example_short_circuit_operator.py
[2024-06-17T23:59:20.000+0000] {processor.py:830} INFO - Processing file /home/airflow/.local/lib/python3.12/site-packages/airflow/example_dags/example_short_circuit_operator.py for tasks to queue
[2024-06-17T23:59:20.003+0000] {logging_mixin.py:188} INFO - [2024-06-17T23:59:20.002+0000] {dagbag.py:545} INFO - Filling up the DagBag from /home/airflow/.local/lib/python3.12/site-packages/airflow/example_dags/example_short_circuit_operator.py
[2024-06-17T23:59:20.015+0000] {processor.py:840} INFO - DAG(s) 'example_short_circuit_operator' retrieved from /home/airflow/.local/lib/python3.12/site-packages/airflow/example_dags/example_short_circuit_operator.py
[2024-06-17T23:59:20.060+0000] {logging_mixin.py:188} INFO - [2024-06-17T23:59:20.059+0000] {dag.py:3096} INFO - Sync 1 DAGs
[2024-06-17T23:59:20.102+0000] {logging_mixin.py:188} INFO - [2024-06-17T23:59:20.102+0000] {dag.py:3954} INFO - Setting next_dagrun for example_short_circuit_operator to 2024-06-16 00:00:00+00:00, run_after=2024-06-17 00:00:00+00:00
[2024-06-17T23:59:20.140+0000] {processor.py:183} INFO - Processing /home/airflow/.local/lib/python3.12/site-packages/airflow/example_dags/example_short_circuit_operator.py took 0.148 seconds
[2024-06-17T23:59:50.491+0000] {processor.py:161} INFO - Started process (PID=2509) to work on /home/airflow/.local/lib/python3.12/site-packages/airflow/example_dags/example_short_circuit_operator.py
[2024-06-17T23:59:50.492+0000] {processor.py:830} INFO - Processing file /home/airflow/.local/lib/python3.12/site-packages/airflow/example_dags/example_short_circuit_operator.py for tasks to queue
[2024-06-17T23:59:50.494+0000] {logging_mixin.py:188} INFO - [2024-06-17T23:59:50.494+0000] {dagbag.py:545} INFO - Filling up the DagBag from /home/airflow/.local/lib/python3.12/site-packages/airflow/example_dags/example_short_circuit_operator.py
[2024-06-17T23:59:50.504+0000] {processor.py:840} INFO - DAG(s) 'example_short_circuit_operator' retrieved from /home/airflow/.local/lib/python3.12/site-packages/airflow/example_dags/example_short_circuit_operator.py
[2024-06-17T23:59:50.539+0000] {logging_mixin.py:188} INFO - [2024-06-17T23:59:50.539+0000] {dag.py:3096} INFO - Sync 1 DAGs
[2024-06-17T23:59:50.573+0000] {logging_mixin.py:188} INFO - [2024-06-17T23:59:50.573+0000] {dag.py:3954} INFO - Setting next_dagrun for example_short_circuit_operator to 2024-06-16 00:00:00+00:00, run_after=2024-06-17 00:00:00+00:00
[2024-06-17T23:59:50.605+0000] {processor.py:183} INFO - Processing /home/airflow/.local/lib/python3.12/site-packages/airflow/example_dags/example_short_circuit_operator.py took 0.121 seconds
