[2024-06-17T23:29:00.814+0000] {processor.py:161} INFO - Started process (PID=40) to work on /home/airflow/.local/lib/python3.12/site-packages/airflow/example_dags/example_bash_operator.py
[2024-06-17T23:29:00.816+0000] {processor.py:830} INFO - Processing file /home/airflow/.local/lib/python3.12/site-packages/airflow/example_dags/example_bash_operator.py for tasks to queue
[2024-06-17T23:29:00.818+0000] {logging_mixin.py:188} INFO - [2024-06-17T23:29:00.818+0000] {dagbag.py:545} INFO - Filling up the DagBag from /home/airflow/.local/lib/python3.12/site-packages/airflow/example_dags/example_bash_operator.py
[2024-06-17T23:29:00.835+0000] {processor.py:840} INFO - DAG(s) 'example_bash_operator' retrieved from /home/airflow/.local/lib/python3.12/site-packages/airflow/example_dags/example_bash_operator.py
[2024-06-17T23:29:00.884+0000] {logging_mixin.py:188} INFO - [2024-06-17T23:29:00.883+0000] {dag.py:3096} INFO - Sync 1 DAGs
[2024-06-17T23:29:00.924+0000] {logging_mixin.py:188} INFO - [2024-06-17T23:29:00.923+0000] {dag.py:3954} INFO - Setting next_dagrun for example_bash_operator to 2024-06-16 00:00:00+00:00, run_after=2024-06-17 00:00:00+00:00
[2024-06-17T23:29:00.958+0000] {processor.py:183} INFO - Processing /home/airflow/.local/lib/python3.12/site-packages/airflow/example_dags/example_bash_operator.py took 0.151 seconds
[2024-06-17T23:29:31.880+0000] {processor.py:161} INFO - Started process (PID=112) to work on /home/airflow/.local/lib/python3.12/site-packages/airflow/example_dags/example_bash_operator.py
[2024-06-17T23:29:31.882+0000] {processor.py:830} INFO - Processing file /home/airflow/.local/lib/python3.12/site-packages/airflow/example_dags/example_bash_operator.py for tasks to queue
[2024-06-17T23:29:31.885+0000] {logging_mixin.py:188} INFO - [2024-06-17T23:29:31.885+0000] {dagbag.py:545} INFO - Filling up the DagBag from /home/airflow/.local/lib/python3.12/site-packages/airflow/example_dags/example_bash_operator.py
[2024-06-17T23:29:31.913+0000] {processor.py:840} INFO - DAG(s) 'example_bash_operator' retrieved from /home/airflow/.local/lib/python3.12/site-packages/airflow/example_dags/example_bash_operator.py
[2024-06-17T23:29:31.956+0000] {logging_mixin.py:188} INFO - [2024-06-17T23:29:31.955+0000] {dag.py:3096} INFO - Sync 1 DAGs
[2024-06-17T23:29:31.999+0000] {logging_mixin.py:188} INFO - [2024-06-17T23:29:31.999+0000] {dag.py:3954} INFO - Setting next_dagrun for example_bash_operator to 2024-06-16 00:00:00+00:00, run_after=2024-06-17 00:00:00+00:00
[2024-06-17T23:29:32.032+0000] {processor.py:183} INFO - Processing /home/airflow/.local/lib/python3.12/site-packages/airflow/example_dags/example_bash_operator.py took 0.163 seconds
[2024-06-17T23:30:02.416+0000] {processor.py:161} INFO - Started process (PID=235) to work on /home/airflow/.local/lib/python3.12/site-packages/airflow/example_dags/example_bash_operator.py
[2024-06-17T23:30:02.420+0000] {processor.py:830} INFO - Processing file /home/airflow/.local/lib/python3.12/site-packages/airflow/example_dags/example_bash_operator.py for tasks to queue
[2024-06-17T23:30:02.429+0000] {logging_mixin.py:188} INFO - [2024-06-17T23:30:02.428+0000] {dagbag.py:545} INFO - Filling up the DagBag from /home/airflow/.local/lib/python3.12/site-packages/airflow/example_dags/example_bash_operator.py
[2024-06-17T23:30:02.517+0000] {processor.py:840} INFO - DAG(s) 'example_bash_operator' retrieved from /home/airflow/.local/lib/python3.12/site-packages/airflow/example_dags/example_bash_operator.py
[2024-06-17T23:30:02.657+0000] {logging_mixin.py:188} INFO - [2024-06-17T23:30:02.656+0000] {dag.py:3096} INFO - Sync 1 DAGs
[2024-06-17T23:30:02.751+0000] {logging_mixin.py:188} INFO - [2024-06-17T23:30:02.750+0000] {dag.py:3954} INFO - Setting next_dagrun for example_bash_operator to 2024-06-16 00:00:00+00:00, run_after=2024-06-17 00:00:00+00:00
[2024-06-17T23:30:02.815+0000] {processor.py:183} INFO - Processing /home/airflow/.local/lib/python3.12/site-packages/airflow/example_dags/example_bash_operator.py took 0.416 seconds
[2024-06-17T23:30:33.507+0000] {processor.py:161} INFO - Started process (PID=338) to work on /home/airflow/.local/lib/python3.12/site-packages/airflow/example_dags/example_bash_operator.py
[2024-06-17T23:30:33.509+0000] {processor.py:830} INFO - Processing file /home/airflow/.local/lib/python3.12/site-packages/airflow/example_dags/example_bash_operator.py for tasks to queue
[2024-06-17T23:30:33.512+0000] {logging_mixin.py:188} INFO - [2024-06-17T23:30:33.511+0000] {dagbag.py:545} INFO - Filling up the DagBag from /home/airflow/.local/lib/python3.12/site-packages/airflow/example_dags/example_bash_operator.py
[2024-06-17T23:30:33.531+0000] {processor.py:840} INFO - DAG(s) 'example_bash_operator' retrieved from /home/airflow/.local/lib/python3.12/site-packages/airflow/example_dags/example_bash_operator.py
[2024-06-17T23:30:33.565+0000] {logging_mixin.py:188} INFO - [2024-06-17T23:30:33.565+0000] {dag.py:3096} INFO - Sync 1 DAGs
[2024-06-17T23:30:33.592+0000] {logging_mixin.py:188} INFO - [2024-06-17T23:30:33.591+0000] {dag.py:3954} INFO - Setting next_dagrun for example_bash_operator to 2024-06-16 00:00:00+00:00, run_after=2024-06-17 00:00:00+00:00
[2024-06-17T23:30:33.620+0000] {processor.py:183} INFO - Processing /home/airflow/.local/lib/python3.12/site-packages/airflow/example_dags/example_bash_operator.py took 0.120 seconds
[2024-06-17T23:31:04.403+0000] {processor.py:161} INFO - Started process (PID=430) to work on /home/airflow/.local/lib/python3.12/site-packages/airflow/example_dags/example_bash_operator.py
[2024-06-17T23:31:04.404+0000] {processor.py:830} INFO - Processing file /home/airflow/.local/lib/python3.12/site-packages/airflow/example_dags/example_bash_operator.py for tasks to queue
[2024-06-17T23:31:04.411+0000] {logging_mixin.py:188} INFO - [2024-06-17T23:31:04.410+0000] {dagbag.py:545} INFO - Filling up the DagBag from /home/airflow/.local/lib/python3.12/site-packages/airflow/example_dags/example_bash_operator.py
[2024-06-17T23:31:04.436+0000] {processor.py:840} INFO - DAG(s) 'example_bash_operator' retrieved from /home/airflow/.local/lib/python3.12/site-packages/airflow/example_dags/example_bash_operator.py
[2024-06-17T23:31:04.492+0000] {logging_mixin.py:188} INFO - [2024-06-17T23:31:04.492+0000] {dag.py:3096} INFO - Sync 1 DAGs
[2024-06-17T23:31:04.541+0000] {logging_mixin.py:188} INFO - [2024-06-17T23:31:04.540+0000] {dag.py:3954} INFO - Setting next_dagrun for example_bash_operator to 2024-06-16 00:00:00+00:00, run_after=2024-06-17 00:00:00+00:00
[2024-06-17T23:31:04.576+0000] {processor.py:183} INFO - Processing /home/airflow/.local/lib/python3.12/site-packages/airflow/example_dags/example_bash_operator.py took 0.195 seconds
[2024-06-17T23:31:35.235+0000] {processor.py:161} INFO - Started process (PID=522) to work on /home/airflow/.local/lib/python3.12/site-packages/airflow/example_dags/example_bash_operator.py
[2024-06-17T23:31:35.242+0000] {processor.py:830} INFO - Processing file /home/airflow/.local/lib/python3.12/site-packages/airflow/example_dags/example_bash_operator.py for tasks to queue
[2024-06-17T23:31:35.265+0000] {logging_mixin.py:188} INFO - [2024-06-17T23:31:35.260+0000] {dagbag.py:545} INFO - Filling up the DagBag from /home/airflow/.local/lib/python3.12/site-packages/airflow/example_dags/example_bash_operator.py
[2024-06-17T23:31:35.302+0000] {processor.py:840} INFO - DAG(s) 'example_bash_operator' retrieved from /home/airflow/.local/lib/python3.12/site-packages/airflow/example_dags/example_bash_operator.py
[2024-06-17T23:31:35.449+0000] {logging_mixin.py:188} INFO - [2024-06-17T23:31:35.448+0000] {dag.py:3096} INFO - Sync 1 DAGs
[2024-06-17T23:31:35.509+0000] {logging_mixin.py:188} INFO - [2024-06-17T23:31:35.508+0000] {dag.py:3954} INFO - Setting next_dagrun for example_bash_operator to 2024-06-16 00:00:00+00:00, run_after=2024-06-17 00:00:00+00:00
[2024-06-17T23:31:35.570+0000] {processor.py:183} INFO - Processing /home/airflow/.local/lib/python3.12/site-packages/airflow/example_dags/example_bash_operator.py took 0.350 seconds
[2024-06-17T23:32:05.941+0000] {processor.py:161} INFO - Started process (PID=620) to work on /home/airflow/.local/lib/python3.12/site-packages/airflow/example_dags/example_bash_operator.py
[2024-06-17T23:32:05.944+0000] {processor.py:830} INFO - Processing file /home/airflow/.local/lib/python3.12/site-packages/airflow/example_dags/example_bash_operator.py for tasks to queue
[2024-06-17T23:32:05.952+0000] {logging_mixin.py:188} INFO - [2024-06-17T23:32:05.951+0000] {dagbag.py:545} INFO - Filling up the DagBag from /home/airflow/.local/lib/python3.12/site-packages/airflow/example_dags/example_bash_operator.py
[2024-06-17T23:32:06.004+0000] {processor.py:840} INFO - DAG(s) 'example_bash_operator' retrieved from /home/airflow/.local/lib/python3.12/site-packages/airflow/example_dags/example_bash_operator.py
[2024-06-17T23:32:06.094+0000] {logging_mixin.py:188} INFO - [2024-06-17T23:32:06.093+0000] {dag.py:3096} INFO - Sync 1 DAGs
[2024-06-17T23:32:06.185+0000] {logging_mixin.py:188} INFO - [2024-06-17T23:32:06.184+0000] {dag.py:3954} INFO - Setting next_dagrun for example_bash_operator to 2024-06-16 00:00:00+00:00, run_after=2024-06-17 00:00:00+00:00
[2024-06-17T23:32:06.243+0000] {processor.py:183} INFO - Processing /home/airflow/.local/lib/python3.12/site-packages/airflow/example_dags/example_bash_operator.py took 0.315 seconds
[2024-06-17T23:32:37.037+0000] {processor.py:161} INFO - Started process (PID=700) to work on /home/airflow/.local/lib/python3.12/site-packages/airflow/example_dags/example_bash_operator.py
[2024-06-17T23:32:37.039+0000] {processor.py:830} INFO - Processing file /home/airflow/.local/lib/python3.12/site-packages/airflow/example_dags/example_bash_operator.py for tasks to queue
[2024-06-17T23:32:37.044+0000] {logging_mixin.py:188} INFO - [2024-06-17T23:32:37.043+0000] {dagbag.py:545} INFO - Filling up the DagBag from /home/airflow/.local/lib/python3.12/site-packages/airflow/example_dags/example_bash_operator.py
[2024-06-17T23:32:37.077+0000] {processor.py:840} INFO - DAG(s) 'example_bash_operator' retrieved from /home/airflow/.local/lib/python3.12/site-packages/airflow/example_dags/example_bash_operator.py
[2024-06-17T23:32:37.185+0000] {logging_mixin.py:188} INFO - [2024-06-17T23:32:37.184+0000] {dag.py:3096} INFO - Sync 1 DAGs
[2024-06-17T23:32:37.250+0000] {logging_mixin.py:188} INFO - [2024-06-17T23:32:37.248+0000] {dag.py:3954} INFO - Setting next_dagrun for example_bash_operator to 2024-06-16 00:00:00+00:00, run_after=2024-06-17 00:00:00+00:00
[2024-06-17T23:32:37.318+0000] {processor.py:183} INFO - Processing /home/airflow/.local/lib/python3.12/site-packages/airflow/example_dags/example_bash_operator.py took 0.294 seconds
[2024-06-17T23:33:07.441+0000] {processor.py:161} INFO - Started process (PID=761) to work on /home/airflow/.local/lib/python3.12/site-packages/airflow/example_dags/example_bash_operator.py
[2024-06-17T23:33:07.443+0000] {processor.py:830} INFO - Processing file /home/airflow/.local/lib/python3.12/site-packages/airflow/example_dags/example_bash_operator.py for tasks to queue
[2024-06-17T23:33:07.446+0000] {logging_mixin.py:188} INFO - [2024-06-17T23:33:07.445+0000] {dagbag.py:545} INFO - Filling up the DagBag from /home/airflow/.local/lib/python3.12/site-packages/airflow/example_dags/example_bash_operator.py
[2024-06-17T23:33:07.465+0000] {processor.py:840} INFO - DAG(s) 'example_bash_operator' retrieved from /home/airflow/.local/lib/python3.12/site-packages/airflow/example_dags/example_bash_operator.py
[2024-06-17T23:33:07.501+0000] {logging_mixin.py:188} INFO - [2024-06-17T23:33:07.501+0000] {dag.py:3096} INFO - Sync 1 DAGs
[2024-06-17T23:33:07.527+0000] {logging_mixin.py:188} INFO - [2024-06-17T23:33:07.526+0000] {dag.py:3954} INFO - Setting next_dagrun for example_bash_operator to 2024-06-16 00:00:00+00:00, run_after=2024-06-17 00:00:00+00:00
[2024-06-17T23:33:07.549+0000] {processor.py:183} INFO - Processing /home/airflow/.local/lib/python3.12/site-packages/airflow/example_dags/example_bash_operator.py took 0.116 seconds
[2024-06-17T23:33:37.713+0000] {processor.py:161} INFO - Started process (PID=821) to work on /home/airflow/.local/lib/python3.12/site-packages/airflow/example_dags/example_bash_operator.py
[2024-06-17T23:33:37.715+0000] {processor.py:830} INFO - Processing file /home/airflow/.local/lib/python3.12/site-packages/airflow/example_dags/example_bash_operator.py for tasks to queue
[2024-06-17T23:33:37.719+0000] {logging_mixin.py:188} INFO - [2024-06-17T23:33:37.718+0000] {dagbag.py:545} INFO - Filling up the DagBag from /home/airflow/.local/lib/python3.12/site-packages/airflow/example_dags/example_bash_operator.py
[2024-06-17T23:33:37.743+0000] {processor.py:840} INFO - DAG(s) 'example_bash_operator' retrieved from /home/airflow/.local/lib/python3.12/site-packages/airflow/example_dags/example_bash_operator.py
[2024-06-17T23:33:37.796+0000] {logging_mixin.py:188} INFO - [2024-06-17T23:33:37.796+0000] {dag.py:3096} INFO - Sync 1 DAGs
[2024-06-17T23:33:37.838+0000] {logging_mixin.py:188} INFO - [2024-06-17T23:33:37.838+0000] {dag.py:3954} INFO - Setting next_dagrun for example_bash_operator to 2024-06-16 00:00:00+00:00, run_after=2024-06-17 00:00:00+00:00
[2024-06-17T23:33:37.875+0000] {processor.py:183} INFO - Processing /home/airflow/.local/lib/python3.12/site-packages/airflow/example_dags/example_bash_operator.py took 0.172 seconds
[2024-06-17T23:34:08.052+0000] {processor.py:161} INFO - Started process (PID=882) to work on /home/airflow/.local/lib/python3.12/site-packages/airflow/example_dags/example_bash_operator.py
[2024-06-17T23:34:08.054+0000] {processor.py:830} INFO - Processing file /home/airflow/.local/lib/python3.12/site-packages/airflow/example_dags/example_bash_operator.py for tasks to queue
[2024-06-17T23:34:08.058+0000] {logging_mixin.py:188} INFO - [2024-06-17T23:34:08.057+0000] {dagbag.py:545} INFO - Filling up the DagBag from /home/airflow/.local/lib/python3.12/site-packages/airflow/example_dags/example_bash_operator.py
[2024-06-17T23:34:08.076+0000] {processor.py:840} INFO - DAG(s) 'example_bash_operator' retrieved from /home/airflow/.local/lib/python3.12/site-packages/airflow/example_dags/example_bash_operator.py
[2024-06-17T23:34:08.124+0000] {logging_mixin.py:188} INFO - [2024-06-17T23:34:08.123+0000] {dag.py:3096} INFO - Sync 1 DAGs
[2024-06-17T23:34:08.161+0000] {logging_mixin.py:188} INFO - [2024-06-17T23:34:08.161+0000] {dag.py:3954} INFO - Setting next_dagrun for example_bash_operator to 2024-06-16 00:00:00+00:00, run_after=2024-06-17 00:00:00+00:00
[2024-06-17T23:34:08.199+0000] {processor.py:183} INFO - Processing /home/airflow/.local/lib/python3.12/site-packages/airflow/example_dags/example_bash_operator.py took 0.156 seconds
[2024-06-17T23:34:38.357+0000] {processor.py:161} INFO - Started process (PID=940) to work on /home/airflow/.local/lib/python3.12/site-packages/airflow/example_dags/example_bash_operator.py
[2024-06-17T23:34:38.359+0000] {processor.py:830} INFO - Processing file /home/airflow/.local/lib/python3.12/site-packages/airflow/example_dags/example_bash_operator.py for tasks to queue
[2024-06-17T23:34:38.363+0000] {logging_mixin.py:188} INFO - [2024-06-17T23:34:38.362+0000] {dagbag.py:545} INFO - Filling up the DagBag from /home/airflow/.local/lib/python3.12/site-packages/airflow/example_dags/example_bash_operator.py
[2024-06-17T23:34:38.383+0000] {processor.py:840} INFO - DAG(s) 'example_bash_operator' retrieved from /home/airflow/.local/lib/python3.12/site-packages/airflow/example_dags/example_bash_operator.py
[2024-06-17T23:34:38.423+0000] {logging_mixin.py:188} INFO - [2024-06-17T23:34:38.423+0000] {dag.py:3096} INFO - Sync 1 DAGs
[2024-06-17T23:34:38.461+0000] {logging_mixin.py:188} INFO - [2024-06-17T23:34:38.460+0000] {dag.py:3954} INFO - Setting next_dagrun for example_bash_operator to 2024-06-16 00:00:00+00:00, run_after=2024-06-17 00:00:00+00:00
[2024-06-17T23:34:38.494+0000] {processor.py:183} INFO - Processing /home/airflow/.local/lib/python3.12/site-packages/airflow/example_dags/example_bash_operator.py took 0.149 seconds
[2024-06-17T23:35:08.889+0000] {processor.py:161} INFO - Started process (PID=1000) to work on /home/airflow/.local/lib/python3.12/site-packages/airflow/example_dags/example_bash_operator.py
[2024-06-17T23:35:08.891+0000] {processor.py:830} INFO - Processing file /home/airflow/.local/lib/python3.12/site-packages/airflow/example_dags/example_bash_operator.py for tasks to queue
[2024-06-17T23:35:08.896+0000] {logging_mixin.py:188} INFO - [2024-06-17T23:35:08.895+0000] {dagbag.py:545} INFO - Filling up the DagBag from /home/airflow/.local/lib/python3.12/site-packages/airflow/example_dags/example_bash_operator.py
[2024-06-17T23:35:08.926+0000] {processor.py:840} INFO - DAG(s) 'example_bash_operator' retrieved from /home/airflow/.local/lib/python3.12/site-packages/airflow/example_dags/example_bash_operator.py
[2024-06-17T23:35:08.978+0000] {logging_mixin.py:188} INFO - [2024-06-17T23:35:08.977+0000] {dag.py:3096} INFO - Sync 1 DAGs
[2024-06-17T23:35:09.018+0000] {logging_mixin.py:188} INFO - [2024-06-17T23:35:09.018+0000] {dag.py:3954} INFO - Setting next_dagrun for example_bash_operator to 2024-06-16 00:00:00+00:00, run_after=2024-06-17 00:00:00+00:00
[2024-06-17T23:35:09.052+0000] {processor.py:183} INFO - Processing /home/airflow/.local/lib/python3.12/site-packages/airflow/example_dags/example_bash_operator.py took 0.174 seconds
[2024-06-17T23:35:39.421+0000] {processor.py:161} INFO - Started process (PID=1060) to work on /home/airflow/.local/lib/python3.12/site-packages/airflow/example_dags/example_bash_operator.py
[2024-06-17T23:35:39.423+0000] {processor.py:830} INFO - Processing file /home/airflow/.local/lib/python3.12/site-packages/airflow/example_dags/example_bash_operator.py for tasks to queue
[2024-06-17T23:35:39.428+0000] {logging_mixin.py:188} INFO - [2024-06-17T23:35:39.427+0000] {dagbag.py:545} INFO - Filling up the DagBag from /home/airflow/.local/lib/python3.12/site-packages/airflow/example_dags/example_bash_operator.py
[2024-06-17T23:35:39.461+0000] {processor.py:840} INFO - DAG(s) 'example_bash_operator' retrieved from /home/airflow/.local/lib/python3.12/site-packages/airflow/example_dags/example_bash_operator.py
[2024-06-17T23:35:39.527+0000] {logging_mixin.py:188} INFO - [2024-06-17T23:35:39.526+0000] {dag.py:3096} INFO - Sync 1 DAGs
[2024-06-17T23:35:39.592+0000] {logging_mixin.py:188} INFO - [2024-06-17T23:35:39.591+0000] {dag.py:3954} INFO - Setting next_dagrun for example_bash_operator to 2024-06-16 00:00:00+00:00, run_after=2024-06-17 00:00:00+00:00
[2024-06-17T23:35:39.638+0000] {processor.py:183} INFO - Processing /home/airflow/.local/lib/python3.12/site-packages/airflow/example_dags/example_bash_operator.py took 0.227 seconds
[2024-06-17T23:36:09.930+0000] {processor.py:161} INFO - Started process (PID=1124) to work on /home/airflow/.local/lib/python3.12/site-packages/airflow/example_dags/example_bash_operator.py
[2024-06-17T23:36:09.931+0000] {processor.py:830} INFO - Processing file /home/airflow/.local/lib/python3.12/site-packages/airflow/example_dags/example_bash_operator.py for tasks to queue
[2024-06-17T23:36:09.934+0000] {logging_mixin.py:188} INFO - [2024-06-17T23:36:09.933+0000] {dagbag.py:545} INFO - Filling up the DagBag from /home/airflow/.local/lib/python3.12/site-packages/airflow/example_dags/example_bash_operator.py
[2024-06-17T23:36:09.952+0000] {processor.py:840} INFO - DAG(s) 'example_bash_operator' retrieved from /home/airflow/.local/lib/python3.12/site-packages/airflow/example_dags/example_bash_operator.py
[2024-06-17T23:36:09.999+0000] {logging_mixin.py:188} INFO - [2024-06-17T23:36:09.999+0000] {dag.py:3096} INFO - Sync 1 DAGs
[2024-06-17T23:36:10.040+0000] {logging_mixin.py:188} INFO - [2024-06-17T23:36:10.039+0000] {dag.py:3954} INFO - Setting next_dagrun for example_bash_operator to 2024-06-16 00:00:00+00:00, run_after=2024-06-17 00:00:00+00:00
[2024-06-17T23:36:10.071+0000] {processor.py:183} INFO - Processing /home/airflow/.local/lib/python3.12/site-packages/airflow/example_dags/example_bash_operator.py took 0.150 seconds
[2024-06-17T23:38:58.407+0000] {processor.py:161} INFO - Started process (PID=41) to work on /home/airflow/.local/lib/python3.12/site-packages/airflow/example_dags/example_bash_operator.py
[2024-06-17T23:38:58.408+0000] {processor.py:830} INFO - Processing file /home/airflow/.local/lib/python3.12/site-packages/airflow/example_dags/example_bash_operator.py for tasks to queue
[2024-06-17T23:38:58.411+0000] {logging_mixin.py:188} INFO - [2024-06-17T23:38:58.410+0000] {dagbag.py:545} INFO - Filling up the DagBag from /home/airflow/.local/lib/python3.12/site-packages/airflow/example_dags/example_bash_operator.py
[2024-06-17T23:38:58.428+0000] {processor.py:840} INFO - DAG(s) 'example_bash_operator' retrieved from /home/airflow/.local/lib/python3.12/site-packages/airflow/example_dags/example_bash_operator.py
[2024-06-17T23:38:58.443+0000] {logging_mixin.py:188} INFO - [2024-06-17T23:38:58.442+0000] {dag.py:3096} INFO - Sync 1 DAGs
[2024-06-17T23:38:58.471+0000] {logging_mixin.py:188} INFO - [2024-06-17T23:38:58.471+0000] {dag.py:3954} INFO - Setting next_dagrun for example_bash_operator to 2024-06-16 00:00:00+00:00, run_after=2024-06-17 00:00:00+00:00
[2024-06-17T23:38:58.493+0000] {processor.py:183} INFO - Processing /home/airflow/.local/lib/python3.12/site-packages/airflow/example_dags/example_bash_operator.py took 0.094 seconds
[2024-06-17T23:39:28.863+0000] {processor.py:161} INFO - Started process (PID=99) to work on /home/airflow/.local/lib/python3.12/site-packages/airflow/example_dags/example_bash_operator.py
[2024-06-17T23:39:28.864+0000] {processor.py:830} INFO - Processing file /home/airflow/.local/lib/python3.12/site-packages/airflow/example_dags/example_bash_operator.py for tasks to queue
[2024-06-17T23:39:28.868+0000] {logging_mixin.py:188} INFO - [2024-06-17T23:39:28.868+0000] {dagbag.py:545} INFO - Filling up the DagBag from /home/airflow/.local/lib/python3.12/site-packages/airflow/example_dags/example_bash_operator.py
[2024-06-17T23:39:28.890+0000] {processor.py:840} INFO - DAG(s) 'example_bash_operator' retrieved from /home/airflow/.local/lib/python3.12/site-packages/airflow/example_dags/example_bash_operator.py
[2024-06-17T23:39:29.042+0000] {logging_mixin.py:188} INFO - [2024-06-17T23:39:29.042+0000] {dag.py:3096} INFO - Sync 1 DAGs
[2024-06-17T23:39:29.075+0000] {logging_mixin.py:188} INFO - [2024-06-17T23:39:29.075+0000] {dag.py:3954} INFO - Setting next_dagrun for example_bash_operator to 2024-06-16 00:00:00+00:00, run_after=2024-06-17 00:00:00+00:00
[2024-06-17T23:39:29.104+0000] {processor.py:183} INFO - Processing /home/airflow/.local/lib/python3.12/site-packages/airflow/example_dags/example_bash_operator.py took 0.251 seconds
[2024-06-17T23:39:59.293+0000] {processor.py:161} INFO - Started process (PID=159) to work on /home/airflow/.local/lib/python3.12/site-packages/airflow/example_dags/example_bash_operator.py
[2024-06-17T23:39:59.294+0000] {processor.py:830} INFO - Processing file /home/airflow/.local/lib/python3.12/site-packages/airflow/example_dags/example_bash_operator.py for tasks to queue
[2024-06-17T23:39:59.297+0000] {logging_mixin.py:188} INFO - [2024-06-17T23:39:59.296+0000] {dagbag.py:545} INFO - Filling up the DagBag from /home/airflow/.local/lib/python3.12/site-packages/airflow/example_dags/example_bash_operator.py
[2024-06-17T23:39:59.310+0000] {processor.py:840} INFO - DAG(s) 'example_bash_operator' retrieved from /home/airflow/.local/lib/python3.12/site-packages/airflow/example_dags/example_bash_operator.py
[2024-06-17T23:39:59.340+0000] {logging_mixin.py:188} INFO - [2024-06-17T23:39:59.339+0000] {dag.py:3096} INFO - Sync 1 DAGs
[2024-06-17T23:39:59.365+0000] {logging_mixin.py:188} INFO - [2024-06-17T23:39:59.365+0000] {dag.py:3954} INFO - Setting next_dagrun for example_bash_operator to 2024-06-16 00:00:00+00:00, run_after=2024-06-17 00:00:00+00:00
[2024-06-17T23:39:59.384+0000] {processor.py:183} INFO - Processing /home/airflow/.local/lib/python3.12/site-packages/airflow/example_dags/example_bash_operator.py took 0.098 seconds
[2024-06-17T23:40:29.669+0000] {processor.py:161} INFO - Started process (PID=219) to work on /home/airflow/.local/lib/python3.12/site-packages/airflow/example_dags/example_bash_operator.py
[2024-06-17T23:40:29.670+0000] {processor.py:830} INFO - Processing file /home/airflow/.local/lib/python3.12/site-packages/airflow/example_dags/example_bash_operator.py for tasks to queue
[2024-06-17T23:40:29.673+0000] {logging_mixin.py:188} INFO - [2024-06-17T23:40:29.672+0000] {dagbag.py:545} INFO - Filling up the DagBag from /home/airflow/.local/lib/python3.12/site-packages/airflow/example_dags/example_bash_operator.py
[2024-06-17T23:40:29.684+0000] {processor.py:840} INFO - DAG(s) 'example_bash_operator' retrieved from /home/airflow/.local/lib/python3.12/site-packages/airflow/example_dags/example_bash_operator.py
[2024-06-17T23:40:29.725+0000] {logging_mixin.py:188} INFO - [2024-06-17T23:40:29.724+0000] {dag.py:3096} INFO - Sync 1 DAGs
[2024-06-17T23:40:29.756+0000] {logging_mixin.py:188} INFO - [2024-06-17T23:40:29.755+0000] {dag.py:3954} INFO - Setting next_dagrun for example_bash_operator to 2024-06-16 00:00:00+00:00, run_after=2024-06-17 00:00:00+00:00
[2024-06-17T23:40:29.777+0000] {processor.py:183} INFO - Processing /home/airflow/.local/lib/python3.12/site-packages/airflow/example_dags/example_bash_operator.py took 0.114 seconds
[2024-06-17T23:41:00.256+0000] {processor.py:161} INFO - Started process (PID=279) to work on /home/airflow/.local/lib/python3.12/site-packages/airflow/example_dags/example_bash_operator.py
[2024-06-17T23:41:00.258+0000] {processor.py:830} INFO - Processing file /home/airflow/.local/lib/python3.12/site-packages/airflow/example_dags/example_bash_operator.py for tasks to queue
[2024-06-17T23:41:00.260+0000] {logging_mixin.py:188} INFO - [2024-06-17T23:41:00.259+0000] {dagbag.py:545} INFO - Filling up the DagBag from /home/airflow/.local/lib/python3.12/site-packages/airflow/example_dags/example_bash_operator.py
[2024-06-17T23:41:00.272+0000] {processor.py:840} INFO - DAG(s) 'example_bash_operator' retrieved from /home/airflow/.local/lib/python3.12/site-packages/airflow/example_dags/example_bash_operator.py
[2024-06-17T23:41:00.307+0000] {logging_mixin.py:188} INFO - [2024-06-17T23:41:00.307+0000] {dag.py:3096} INFO - Sync 1 DAGs
[2024-06-17T23:41:00.350+0000] {logging_mixin.py:188} INFO - [2024-06-17T23:41:00.345+0000] {dag.py:3954} INFO - Setting next_dagrun for example_bash_operator to 2024-06-16 00:00:00+00:00, run_after=2024-06-17 00:00:00+00:00
[2024-06-17T23:41:00.381+0000] {processor.py:183} INFO - Processing /home/airflow/.local/lib/python3.12/site-packages/airflow/example_dags/example_bash_operator.py took 0.132 seconds
[2024-06-17T23:41:30.544+0000] {processor.py:161} INFO - Started process (PID=339) to work on /home/airflow/.local/lib/python3.12/site-packages/airflow/example_dags/example_bash_operator.py
[2024-06-17T23:41:30.545+0000] {processor.py:830} INFO - Processing file /home/airflow/.local/lib/python3.12/site-packages/airflow/example_dags/example_bash_operator.py for tasks to queue
[2024-06-17T23:41:30.547+0000] {logging_mixin.py:188} INFO - [2024-06-17T23:41:30.547+0000] {dagbag.py:545} INFO - Filling up the DagBag from /home/airflow/.local/lib/python3.12/site-packages/airflow/example_dags/example_bash_operator.py
[2024-06-17T23:41:30.561+0000] {processor.py:840} INFO - DAG(s) 'example_bash_operator' retrieved from /home/airflow/.local/lib/python3.12/site-packages/airflow/example_dags/example_bash_operator.py
[2024-06-17T23:41:30.597+0000] {logging_mixin.py:188} INFO - [2024-06-17T23:41:30.596+0000] {dag.py:3096} INFO - Sync 1 DAGs
[2024-06-17T23:41:30.630+0000] {logging_mixin.py:188} INFO - [2024-06-17T23:41:30.630+0000] {dag.py:3954} INFO - Setting next_dagrun for example_bash_operator to 2024-06-16 00:00:00+00:00, run_after=2024-06-17 00:00:00+00:00
[2024-06-17T23:41:30.663+0000] {processor.py:183} INFO - Processing /home/airflow/.local/lib/python3.12/site-packages/airflow/example_dags/example_bash_operator.py took 0.127 seconds
[2024-06-17T23:42:00.803+0000] {processor.py:161} INFO - Started process (PID=399) to work on /home/airflow/.local/lib/python3.12/site-packages/airflow/example_dags/example_bash_operator.py
[2024-06-17T23:42:00.804+0000] {processor.py:830} INFO - Processing file /home/airflow/.local/lib/python3.12/site-packages/airflow/example_dags/example_bash_operator.py for tasks to queue
[2024-06-17T23:42:00.807+0000] {logging_mixin.py:188} INFO - [2024-06-17T23:42:00.806+0000] {dagbag.py:545} INFO - Filling up the DagBag from /home/airflow/.local/lib/python3.12/site-packages/airflow/example_dags/example_bash_operator.py
[2024-06-17T23:42:00.821+0000] {processor.py:840} INFO - DAG(s) 'example_bash_operator' retrieved from /home/airflow/.local/lib/python3.12/site-packages/airflow/example_dags/example_bash_operator.py
[2024-06-17T23:42:00.854+0000] {logging_mixin.py:188} INFO - [2024-06-17T23:42:00.853+0000] {dag.py:3096} INFO - Sync 1 DAGs
[2024-06-17T23:42:00.885+0000] {logging_mixin.py:188} INFO - [2024-06-17T23:42:00.884+0000] {dag.py:3954} INFO - Setting next_dagrun for example_bash_operator to 2024-06-16 00:00:00+00:00, run_after=2024-06-17 00:00:00+00:00
[2024-06-17T23:42:00.909+0000] {processor.py:183} INFO - Processing /home/airflow/.local/lib/python3.12/site-packages/airflow/example_dags/example_bash_operator.py took 0.114 seconds
[2024-06-17T23:42:31.358+0000] {processor.py:161} INFO - Started process (PID=459) to work on /home/airflow/.local/lib/python3.12/site-packages/airflow/example_dags/example_bash_operator.py
[2024-06-17T23:42:31.359+0000] {processor.py:830} INFO - Processing file /home/airflow/.local/lib/python3.12/site-packages/airflow/example_dags/example_bash_operator.py for tasks to queue
[2024-06-17T23:42:31.361+0000] {logging_mixin.py:188} INFO - [2024-06-17T23:42:31.361+0000] {dagbag.py:545} INFO - Filling up the DagBag from /home/airflow/.local/lib/python3.12/site-packages/airflow/example_dags/example_bash_operator.py
[2024-06-17T23:42:31.373+0000] {processor.py:840} INFO - DAG(s) 'example_bash_operator' retrieved from /home/airflow/.local/lib/python3.12/site-packages/airflow/example_dags/example_bash_operator.py
[2024-06-17T23:42:31.401+0000] {logging_mixin.py:188} INFO - [2024-06-17T23:42:31.401+0000] {dag.py:3096} INFO - Sync 1 DAGs
[2024-06-17T23:42:31.428+0000] {logging_mixin.py:188} INFO - [2024-06-17T23:42:31.428+0000] {dag.py:3954} INFO - Setting next_dagrun for example_bash_operator to 2024-06-16 00:00:00+00:00, run_after=2024-06-17 00:00:00+00:00
[2024-06-17T23:42:31.451+0000] {processor.py:183} INFO - Processing /home/airflow/.local/lib/python3.12/site-packages/airflow/example_dags/example_bash_operator.py took 0.100 seconds
[2024-06-17T23:43:01.613+0000] {processor.py:161} INFO - Started process (PID=519) to work on /home/airflow/.local/lib/python3.12/site-packages/airflow/example_dags/example_bash_operator.py
[2024-06-17T23:43:01.614+0000] {processor.py:830} INFO - Processing file /home/airflow/.local/lib/python3.12/site-packages/airflow/example_dags/example_bash_operator.py for tasks to queue
[2024-06-17T23:43:01.617+0000] {logging_mixin.py:188} INFO - [2024-06-17T23:43:01.617+0000] {dagbag.py:545} INFO - Filling up the DagBag from /home/airflow/.local/lib/python3.12/site-packages/airflow/example_dags/example_bash_operator.py
[2024-06-17T23:43:01.632+0000] {processor.py:840} INFO - DAG(s) 'example_bash_operator' retrieved from /home/airflow/.local/lib/python3.12/site-packages/airflow/example_dags/example_bash_operator.py
[2024-06-17T23:43:01.663+0000] {logging_mixin.py:188} INFO - [2024-06-17T23:43:01.663+0000] {dag.py:3096} INFO - Sync 1 DAGs
[2024-06-17T23:43:01.688+0000] {logging_mixin.py:188} INFO - [2024-06-17T23:43:01.687+0000] {dag.py:3954} INFO - Setting next_dagrun for example_bash_operator to 2024-06-16 00:00:00+00:00, run_after=2024-06-17 00:00:00+00:00
[2024-06-17T23:43:01.707+0000] {processor.py:183} INFO - Processing /home/airflow/.local/lib/python3.12/site-packages/airflow/example_dags/example_bash_operator.py took 0.103 seconds
[2024-06-17T23:43:31.963+0000] {processor.py:161} INFO - Started process (PID=579) to work on /home/airflow/.local/lib/python3.12/site-packages/airflow/example_dags/example_bash_operator.py
[2024-06-17T23:43:31.968+0000] {processor.py:830} INFO - Processing file /home/airflow/.local/lib/python3.12/site-packages/airflow/example_dags/example_bash_operator.py for tasks to queue
[2024-06-17T23:43:31.976+0000] {logging_mixin.py:188} INFO - [2024-06-17T23:43:31.975+0000] {dagbag.py:545} INFO - Filling up the DagBag from /home/airflow/.local/lib/python3.12/site-packages/airflow/example_dags/example_bash_operator.py
[2024-06-17T23:43:31.997+0000] {processor.py:840} INFO - DAG(s) 'example_bash_operator' retrieved from /home/airflow/.local/lib/python3.12/site-packages/airflow/example_dags/example_bash_operator.py
[2024-06-17T23:43:32.047+0000] {logging_mixin.py:188} INFO - [2024-06-17T23:43:32.047+0000] {dag.py:3096} INFO - Sync 1 DAGs
[2024-06-17T23:43:32.092+0000] {logging_mixin.py:188} INFO - [2024-06-17T23:43:32.091+0000] {dag.py:3954} INFO - Setting next_dagrun for example_bash_operator to 2024-06-16 00:00:00+00:00, run_after=2024-06-17 00:00:00+00:00
[2024-06-17T23:43:32.135+0000] {processor.py:183} INFO - Processing /home/airflow/.local/lib/python3.12/site-packages/airflow/example_dags/example_bash_operator.py took 0.184 seconds
[2024-06-17T23:44:02.339+0000] {processor.py:161} INFO - Started process (PID=639) to work on /home/airflow/.local/lib/python3.12/site-packages/airflow/example_dags/example_bash_operator.py
[2024-06-17T23:44:02.340+0000] {processor.py:830} INFO - Processing file /home/airflow/.local/lib/python3.12/site-packages/airflow/example_dags/example_bash_operator.py for tasks to queue
[2024-06-17T23:44:02.342+0000] {logging_mixin.py:188} INFO - [2024-06-17T23:44:02.342+0000] {dagbag.py:545} INFO - Filling up the DagBag from /home/airflow/.local/lib/python3.12/site-packages/airflow/example_dags/example_bash_operator.py
[2024-06-17T23:44:02.356+0000] {processor.py:840} INFO - DAG(s) 'example_bash_operator' retrieved from /home/airflow/.local/lib/python3.12/site-packages/airflow/example_dags/example_bash_operator.py
[2024-06-17T23:44:02.393+0000] {logging_mixin.py:188} INFO - [2024-06-17T23:44:02.393+0000] {dag.py:3096} INFO - Sync 1 DAGs
[2024-06-17T23:44:02.421+0000] {logging_mixin.py:188} INFO - [2024-06-17T23:44:02.420+0000] {dag.py:3954} INFO - Setting next_dagrun for example_bash_operator to 2024-06-16 00:00:00+00:00, run_after=2024-06-17 00:00:00+00:00
[2024-06-17T23:44:02.442+0000] {processor.py:183} INFO - Processing /home/airflow/.local/lib/python3.12/site-packages/airflow/example_dags/example_bash_operator.py took 0.111 seconds
[2024-06-17T23:44:32.587+0000] {processor.py:161} INFO - Started process (PID=699) to work on /home/airflow/.local/lib/python3.12/site-packages/airflow/example_dags/example_bash_operator.py
[2024-06-17T23:44:32.588+0000] {processor.py:830} INFO - Processing file /home/airflow/.local/lib/python3.12/site-packages/airflow/example_dags/example_bash_operator.py for tasks to queue
[2024-06-17T23:44:32.591+0000] {logging_mixin.py:188} INFO - [2024-06-17T23:44:32.590+0000] {dagbag.py:545} INFO - Filling up the DagBag from /home/airflow/.local/lib/python3.12/site-packages/airflow/example_dags/example_bash_operator.py
[2024-06-17T23:44:32.604+0000] {processor.py:840} INFO - DAG(s) 'example_bash_operator' retrieved from /home/airflow/.local/lib/python3.12/site-packages/airflow/example_dags/example_bash_operator.py
[2024-06-17T23:44:32.638+0000] {logging_mixin.py:188} INFO - [2024-06-17T23:44:32.637+0000] {dag.py:3096} INFO - Sync 1 DAGs
[2024-06-17T23:44:32.670+0000] {logging_mixin.py:188} INFO - [2024-06-17T23:44:32.669+0000] {dag.py:3954} INFO - Setting next_dagrun for example_bash_operator to 2024-06-16 00:00:00+00:00, run_after=2024-06-17 00:00:00+00:00
[2024-06-17T23:44:32.692+0000] {processor.py:183} INFO - Processing /home/airflow/.local/lib/python3.12/site-packages/airflow/example_dags/example_bash_operator.py took 0.112 seconds
[2024-06-17T23:45:03.005+0000] {processor.py:161} INFO - Started process (PID=759) to work on /home/airflow/.local/lib/python3.12/site-packages/airflow/example_dags/example_bash_operator.py
[2024-06-17T23:45:03.006+0000] {processor.py:830} INFO - Processing file /home/airflow/.local/lib/python3.12/site-packages/airflow/example_dags/example_bash_operator.py for tasks to queue
[2024-06-17T23:45:03.010+0000] {logging_mixin.py:188} INFO - [2024-06-17T23:45:03.009+0000] {dagbag.py:545} INFO - Filling up the DagBag from /home/airflow/.local/lib/python3.12/site-packages/airflow/example_dags/example_bash_operator.py
[2024-06-17T23:45:03.029+0000] {processor.py:840} INFO - DAG(s) 'example_bash_operator' retrieved from /home/airflow/.local/lib/python3.12/site-packages/airflow/example_dags/example_bash_operator.py
[2024-06-17T23:45:03.064+0000] {logging_mixin.py:188} INFO - [2024-06-17T23:45:03.064+0000] {dag.py:3096} INFO - Sync 1 DAGs
[2024-06-17T23:45:03.097+0000] {logging_mixin.py:188} INFO - [2024-06-17T23:45:03.096+0000] {dag.py:3954} INFO - Setting next_dagrun for example_bash_operator to 2024-06-16 00:00:00+00:00, run_after=2024-06-17 00:00:00+00:00
[2024-06-17T23:45:03.130+0000] {processor.py:183} INFO - Processing /home/airflow/.local/lib/python3.12/site-packages/airflow/example_dags/example_bash_operator.py took 0.133 seconds
[2024-06-17T23:45:33.199+0000] {processor.py:161} INFO - Started process (PID=819) to work on /home/airflow/.local/lib/python3.12/site-packages/airflow/example_dags/example_bash_operator.py
[2024-06-17T23:45:33.201+0000] {processor.py:830} INFO - Processing file /home/airflow/.local/lib/python3.12/site-packages/airflow/example_dags/example_bash_operator.py for tasks to queue
[2024-06-17T23:45:33.206+0000] {logging_mixin.py:188} INFO - [2024-06-17T23:45:33.205+0000] {dagbag.py:545} INFO - Filling up the DagBag from /home/airflow/.local/lib/python3.12/site-packages/airflow/example_dags/example_bash_operator.py
[2024-06-17T23:45:33.232+0000] {processor.py:840} INFO - DAG(s) 'example_bash_operator' retrieved from /home/airflow/.local/lib/python3.12/site-packages/airflow/example_dags/example_bash_operator.py
[2024-06-17T23:45:33.292+0000] {logging_mixin.py:188} INFO - [2024-06-17T23:45:33.292+0000] {dag.py:3096} INFO - Sync 1 DAGs
[2024-06-17T23:45:33.332+0000] {logging_mixin.py:188} INFO - [2024-06-17T23:45:33.332+0000] {dag.py:3954} INFO - Setting next_dagrun for example_bash_operator to 2024-06-16 00:00:00+00:00, run_after=2024-06-17 00:00:00+00:00
[2024-06-17T23:45:33.363+0000] {processor.py:183} INFO - Processing /home/airflow/.local/lib/python3.12/site-packages/airflow/example_dags/example_bash_operator.py took 0.177 seconds
[2024-06-17T23:46:03.400+0000] {processor.py:161} INFO - Started process (PID=879) to work on /home/airflow/.local/lib/python3.12/site-packages/airflow/example_dags/example_bash_operator.py
[2024-06-17T23:46:03.402+0000] {processor.py:830} INFO - Processing file /home/airflow/.local/lib/python3.12/site-packages/airflow/example_dags/example_bash_operator.py for tasks to queue
[2024-06-17T23:46:03.404+0000] {logging_mixin.py:188} INFO - [2024-06-17T23:46:03.404+0000] {dagbag.py:545} INFO - Filling up the DagBag from /home/airflow/.local/lib/python3.12/site-packages/airflow/example_dags/example_bash_operator.py
[2024-06-17T23:46:03.417+0000] {processor.py:840} INFO - DAG(s) 'example_bash_operator' retrieved from /home/airflow/.local/lib/python3.12/site-packages/airflow/example_dags/example_bash_operator.py
[2024-06-17T23:46:03.452+0000] {logging_mixin.py:188} INFO - [2024-06-17T23:46:03.452+0000] {dag.py:3096} INFO - Sync 1 DAGs
[2024-06-17T23:46:03.486+0000] {logging_mixin.py:188} INFO - [2024-06-17T23:46:03.486+0000] {dag.py:3954} INFO - Setting next_dagrun for example_bash_operator to 2024-06-16 00:00:00+00:00, run_after=2024-06-17 00:00:00+00:00
[2024-06-17T23:46:03.509+0000] {processor.py:183} INFO - Processing /home/airflow/.local/lib/python3.12/site-packages/airflow/example_dags/example_bash_operator.py took 0.115 seconds
[2024-06-17T23:46:33.924+0000] {processor.py:161} INFO - Started process (PID=939) to work on /home/airflow/.local/lib/python3.12/site-packages/airflow/example_dags/example_bash_operator.py
[2024-06-17T23:46:33.925+0000] {processor.py:830} INFO - Processing file /home/airflow/.local/lib/python3.12/site-packages/airflow/example_dags/example_bash_operator.py for tasks to queue
[2024-06-17T23:46:33.927+0000] {logging_mixin.py:188} INFO - [2024-06-17T23:46:33.927+0000] {dagbag.py:545} INFO - Filling up the DagBag from /home/airflow/.local/lib/python3.12/site-packages/airflow/example_dags/example_bash_operator.py
[2024-06-17T23:46:33.941+0000] {processor.py:840} INFO - DAG(s) 'example_bash_operator' retrieved from /home/airflow/.local/lib/python3.12/site-packages/airflow/example_dags/example_bash_operator.py
[2024-06-17T23:46:33.971+0000] {logging_mixin.py:188} INFO - [2024-06-17T23:46:33.971+0000] {dag.py:3096} INFO - Sync 1 DAGs
[2024-06-17T23:46:33.999+0000] {logging_mixin.py:188} INFO - [2024-06-17T23:46:33.999+0000] {dag.py:3954} INFO - Setting next_dagrun for example_bash_operator to 2024-06-16 00:00:00+00:00, run_after=2024-06-17 00:00:00+00:00
[2024-06-17T23:46:34.020+0000] {processor.py:183} INFO - Processing /home/airflow/.local/lib/python3.12/site-packages/airflow/example_dags/example_bash_operator.py took 0.104 seconds
[2024-06-17T23:47:04.333+0000] {processor.py:161} INFO - Started process (PID=999) to work on /home/airflow/.local/lib/python3.12/site-packages/airflow/example_dags/example_bash_operator.py
[2024-06-17T23:47:04.334+0000] {processor.py:830} INFO - Processing file /home/airflow/.local/lib/python3.12/site-packages/airflow/example_dags/example_bash_operator.py for tasks to queue
[2024-06-17T23:47:04.337+0000] {logging_mixin.py:188} INFO - [2024-06-17T23:47:04.336+0000] {dagbag.py:545} INFO - Filling up the DagBag from /home/airflow/.local/lib/python3.12/site-packages/airflow/example_dags/example_bash_operator.py
[2024-06-17T23:47:04.349+0000] {processor.py:840} INFO - DAG(s) 'example_bash_operator' retrieved from /home/airflow/.local/lib/python3.12/site-packages/airflow/example_dags/example_bash_operator.py
[2024-06-17T23:47:04.379+0000] {logging_mixin.py:188} INFO - [2024-06-17T23:47:04.379+0000] {dag.py:3096} INFO - Sync 1 DAGs
[2024-06-17T23:47:04.407+0000] {logging_mixin.py:188} INFO - [2024-06-17T23:47:04.406+0000] {dag.py:3954} INFO - Setting next_dagrun for example_bash_operator to 2024-06-16 00:00:00+00:00, run_after=2024-06-17 00:00:00+00:00
[2024-06-17T23:47:04.428+0000] {processor.py:183} INFO - Processing /home/airflow/.local/lib/python3.12/site-packages/airflow/example_dags/example_bash_operator.py took 0.102 seconds
[2024-06-17T23:47:34.936+0000] {processor.py:161} INFO - Started process (PID=1059) to work on /home/airflow/.local/lib/python3.12/site-packages/airflow/example_dags/example_bash_operator.py
[2024-06-17T23:47:34.938+0000] {processor.py:830} INFO - Processing file /home/airflow/.local/lib/python3.12/site-packages/airflow/example_dags/example_bash_operator.py for tasks to queue
[2024-06-17T23:47:34.942+0000] {logging_mixin.py:188} INFO - [2024-06-17T23:47:34.941+0000] {dagbag.py:545} INFO - Filling up the DagBag from /home/airflow/.local/lib/python3.12/site-packages/airflow/example_dags/example_bash_operator.py
[2024-06-17T23:47:34.961+0000] {processor.py:840} INFO - DAG(s) 'example_bash_operator' retrieved from /home/airflow/.local/lib/python3.12/site-packages/airflow/example_dags/example_bash_operator.py
[2024-06-17T23:47:35.007+0000] {logging_mixin.py:188} INFO - [2024-06-17T23:47:35.006+0000] {dag.py:3096} INFO - Sync 1 DAGs
[2024-06-17T23:47:35.055+0000] {logging_mixin.py:188} INFO - [2024-06-17T23:47:35.054+0000] {dag.py:3954} INFO - Setting next_dagrun for example_bash_operator to 2024-06-16 00:00:00+00:00, run_after=2024-06-17 00:00:00+00:00
[2024-06-17T23:47:35.104+0000] {processor.py:183} INFO - Processing /home/airflow/.local/lib/python3.12/site-packages/airflow/example_dags/example_bash_operator.py took 0.179 seconds
[2024-06-17T23:48:05.156+0000] {processor.py:161} INFO - Started process (PID=1119) to work on /home/airflow/.local/lib/python3.12/site-packages/airflow/example_dags/example_bash_operator.py
[2024-06-17T23:48:05.157+0000] {processor.py:830} INFO - Processing file /home/airflow/.local/lib/python3.12/site-packages/airflow/example_dags/example_bash_operator.py for tasks to queue
[2024-06-17T23:48:05.159+0000] {logging_mixin.py:188} INFO - [2024-06-17T23:48:05.159+0000] {dagbag.py:545} INFO - Filling up the DagBag from /home/airflow/.local/lib/python3.12/site-packages/airflow/example_dags/example_bash_operator.py
[2024-06-17T23:48:05.172+0000] {processor.py:840} INFO - DAG(s) 'example_bash_operator' retrieved from /home/airflow/.local/lib/python3.12/site-packages/airflow/example_dags/example_bash_operator.py
[2024-06-17T23:48:05.202+0000] {logging_mixin.py:188} INFO - [2024-06-17T23:48:05.201+0000] {dag.py:3096} INFO - Sync 1 DAGs
[2024-06-17T23:48:05.230+0000] {logging_mixin.py:188} INFO - [2024-06-17T23:48:05.230+0000] {dag.py:3954} INFO - Setting next_dagrun for example_bash_operator to 2024-06-16 00:00:00+00:00, run_after=2024-06-17 00:00:00+00:00
[2024-06-17T23:48:05.256+0000] {processor.py:183} INFO - Processing /home/airflow/.local/lib/python3.12/site-packages/airflow/example_dags/example_bash_operator.py took 0.107 seconds
[2024-06-17T23:48:35.320+0000] {processor.py:161} INFO - Started process (PID=1179) to work on /home/airflow/.local/lib/python3.12/site-packages/airflow/example_dags/example_bash_operator.py
[2024-06-17T23:48:35.321+0000] {processor.py:830} INFO - Processing file /home/airflow/.local/lib/python3.12/site-packages/airflow/example_dags/example_bash_operator.py for tasks to queue
[2024-06-17T23:48:35.324+0000] {logging_mixin.py:188} INFO - [2024-06-17T23:48:35.323+0000] {dagbag.py:545} INFO - Filling up the DagBag from /home/airflow/.local/lib/python3.12/site-packages/airflow/example_dags/example_bash_operator.py
[2024-06-17T23:48:35.336+0000] {processor.py:840} INFO - DAG(s) 'example_bash_operator' retrieved from /home/airflow/.local/lib/python3.12/site-packages/airflow/example_dags/example_bash_operator.py
[2024-06-17T23:48:35.377+0000] {logging_mixin.py:188} INFO - [2024-06-17T23:48:35.376+0000] {dag.py:3096} INFO - Sync 1 DAGs
[2024-06-17T23:48:35.406+0000] {logging_mixin.py:188} INFO - [2024-06-17T23:48:35.406+0000] {dag.py:3954} INFO - Setting next_dagrun for example_bash_operator to 2024-06-16 00:00:00+00:00, run_after=2024-06-17 00:00:00+00:00
[2024-06-17T23:48:35.430+0000] {processor.py:183} INFO - Processing /home/airflow/.local/lib/python3.12/site-packages/airflow/example_dags/example_bash_operator.py took 0.117 seconds
[2024-06-17T23:49:05.848+0000] {processor.py:161} INFO - Started process (PID=1239) to work on /home/airflow/.local/lib/python3.12/site-packages/airflow/example_dags/example_bash_operator.py
[2024-06-17T23:49:05.849+0000] {processor.py:830} INFO - Processing file /home/airflow/.local/lib/python3.12/site-packages/airflow/example_dags/example_bash_operator.py for tasks to queue
[2024-06-17T23:49:05.851+0000] {logging_mixin.py:188} INFO - [2024-06-17T23:49:05.851+0000] {dagbag.py:545} INFO - Filling up the DagBag from /home/airflow/.local/lib/python3.12/site-packages/airflow/example_dags/example_bash_operator.py
[2024-06-17T23:49:05.864+0000] {processor.py:840} INFO - DAG(s) 'example_bash_operator' retrieved from /home/airflow/.local/lib/python3.12/site-packages/airflow/example_dags/example_bash_operator.py
[2024-06-17T23:49:05.899+0000] {logging_mixin.py:188} INFO - [2024-06-17T23:49:05.898+0000] {dag.py:3096} INFO - Sync 1 DAGs
[2024-06-17T23:49:05.926+0000] {logging_mixin.py:188} INFO - [2024-06-17T23:49:05.926+0000] {dag.py:3954} INFO - Setting next_dagrun for example_bash_operator to 2024-06-16 00:00:00+00:00, run_after=2024-06-17 00:00:00+00:00
[2024-06-17T23:49:05.949+0000] {processor.py:183} INFO - Processing /home/airflow/.local/lib/python3.12/site-packages/airflow/example_dags/example_bash_operator.py took 0.108 seconds
[2024-06-17T23:49:36.308+0000] {processor.py:161} INFO - Started process (PID=1299) to work on /home/airflow/.local/lib/python3.12/site-packages/airflow/example_dags/example_bash_operator.py
[2024-06-17T23:49:36.309+0000] {processor.py:830} INFO - Processing file /home/airflow/.local/lib/python3.12/site-packages/airflow/example_dags/example_bash_operator.py for tasks to queue
[2024-06-17T23:49:36.312+0000] {logging_mixin.py:188} INFO - [2024-06-17T23:49:36.311+0000] {dagbag.py:545} INFO - Filling up the DagBag from /home/airflow/.local/lib/python3.12/site-packages/airflow/example_dags/example_bash_operator.py
[2024-06-17T23:49:36.326+0000] {processor.py:840} INFO - DAG(s) 'example_bash_operator' retrieved from /home/airflow/.local/lib/python3.12/site-packages/airflow/example_dags/example_bash_operator.py
[2024-06-17T23:49:36.360+0000] {logging_mixin.py:188} INFO - [2024-06-17T23:49:36.359+0000] {dag.py:3096} INFO - Sync 1 DAGs
[2024-06-17T23:49:36.390+0000] {logging_mixin.py:188} INFO - [2024-06-17T23:49:36.389+0000] {dag.py:3954} INFO - Setting next_dagrun for example_bash_operator to 2024-06-16 00:00:00+00:00, run_after=2024-06-17 00:00:00+00:00
[2024-06-17T23:49:36.416+0000] {processor.py:183} INFO - Processing /home/airflow/.local/lib/python3.12/site-packages/airflow/example_dags/example_bash_operator.py took 0.115 seconds
[2024-06-17T23:50:06.592+0000] {processor.py:161} INFO - Started process (PID=1359) to work on /home/airflow/.local/lib/python3.12/site-packages/airflow/example_dags/example_bash_operator.py
[2024-06-17T23:50:06.593+0000] {processor.py:830} INFO - Processing file /home/airflow/.local/lib/python3.12/site-packages/airflow/example_dags/example_bash_operator.py for tasks to queue
[2024-06-17T23:50:06.596+0000] {logging_mixin.py:188} INFO - [2024-06-17T23:50:06.595+0000] {dagbag.py:545} INFO - Filling up the DagBag from /home/airflow/.local/lib/python3.12/site-packages/airflow/example_dags/example_bash_operator.py
[2024-06-17T23:50:06.611+0000] {processor.py:840} INFO - DAG(s) 'example_bash_operator' retrieved from /home/airflow/.local/lib/python3.12/site-packages/airflow/example_dags/example_bash_operator.py
[2024-06-17T23:50:06.645+0000] {logging_mixin.py:188} INFO - [2024-06-17T23:50:06.645+0000] {dag.py:3096} INFO - Sync 1 DAGs
[2024-06-17T23:50:06.675+0000] {logging_mixin.py:188} INFO - [2024-06-17T23:50:06.674+0000] {dag.py:3954} INFO - Setting next_dagrun for example_bash_operator to 2024-06-16 00:00:00+00:00, run_after=2024-06-17 00:00:00+00:00
[2024-06-17T23:50:06.707+0000] {processor.py:183} INFO - Processing /home/airflow/.local/lib/python3.12/site-packages/airflow/example_dags/example_bash_operator.py took 0.123 seconds
[2024-06-17T23:50:37.006+0000] {processor.py:161} INFO - Started process (PID=1419) to work on /home/airflow/.local/lib/python3.12/site-packages/airflow/example_dags/example_bash_operator.py
[2024-06-17T23:50:37.007+0000] {processor.py:830} INFO - Processing file /home/airflow/.local/lib/python3.12/site-packages/airflow/example_dags/example_bash_operator.py for tasks to queue
[2024-06-17T23:50:37.011+0000] {logging_mixin.py:188} INFO - [2024-06-17T23:50:37.010+0000] {dagbag.py:545} INFO - Filling up the DagBag from /home/airflow/.local/lib/python3.12/site-packages/airflow/example_dags/example_bash_operator.py
[2024-06-17T23:50:37.027+0000] {processor.py:840} INFO - DAG(s) 'example_bash_operator' retrieved from /home/airflow/.local/lib/python3.12/site-packages/airflow/example_dags/example_bash_operator.py
[2024-06-17T23:50:37.060+0000] {logging_mixin.py:188} INFO - [2024-06-17T23:50:37.060+0000] {dag.py:3096} INFO - Sync 1 DAGs
[2024-06-17T23:50:37.087+0000] {logging_mixin.py:188} INFO - [2024-06-17T23:50:37.087+0000] {dag.py:3954} INFO - Setting next_dagrun for example_bash_operator to 2024-06-16 00:00:00+00:00, run_after=2024-06-17 00:00:00+00:00
[2024-06-17T23:50:37.113+0000] {processor.py:183} INFO - Processing /home/airflow/.local/lib/python3.12/site-packages/airflow/example_dags/example_bash_operator.py took 0.116 seconds
[2024-06-17T23:51:07.549+0000] {processor.py:161} INFO - Started process (PID=1479) to work on /home/airflow/.local/lib/python3.12/site-packages/airflow/example_dags/example_bash_operator.py
[2024-06-17T23:51:07.550+0000] {processor.py:830} INFO - Processing file /home/airflow/.local/lib/python3.12/site-packages/airflow/example_dags/example_bash_operator.py for tasks to queue
[2024-06-17T23:51:07.554+0000] {logging_mixin.py:188} INFO - [2024-06-17T23:51:07.554+0000] {dagbag.py:545} INFO - Filling up the DagBag from /home/airflow/.local/lib/python3.12/site-packages/airflow/example_dags/example_bash_operator.py
[2024-06-17T23:51:07.574+0000] {processor.py:840} INFO - DAG(s) 'example_bash_operator' retrieved from /home/airflow/.local/lib/python3.12/site-packages/airflow/example_dags/example_bash_operator.py
[2024-06-17T23:51:07.621+0000] {logging_mixin.py:188} INFO - [2024-06-17T23:51:07.621+0000] {dag.py:3096} INFO - Sync 1 DAGs
[2024-06-17T23:51:07.653+0000] {logging_mixin.py:188} INFO - [2024-06-17T23:51:07.652+0000] {dag.py:3954} INFO - Setting next_dagrun for example_bash_operator to 2024-06-16 00:00:00+00:00, run_after=2024-06-17 00:00:00+00:00
[2024-06-17T23:51:07.675+0000] {processor.py:183} INFO - Processing /home/airflow/.local/lib/python3.12/site-packages/airflow/example_dags/example_bash_operator.py took 0.134 seconds
[2024-06-17T23:51:38.227+0000] {processor.py:161} INFO - Started process (PID=1539) to work on /home/airflow/.local/lib/python3.12/site-packages/airflow/example_dags/example_bash_operator.py
[2024-06-17T23:51:38.228+0000] {processor.py:830} INFO - Processing file /home/airflow/.local/lib/python3.12/site-packages/airflow/example_dags/example_bash_operator.py for tasks to queue
[2024-06-17T23:51:38.230+0000] {logging_mixin.py:188} INFO - [2024-06-17T23:51:38.230+0000] {dagbag.py:545} INFO - Filling up the DagBag from /home/airflow/.local/lib/python3.12/site-packages/airflow/example_dags/example_bash_operator.py
[2024-06-17T23:51:38.242+0000] {processor.py:840} INFO - DAG(s) 'example_bash_operator' retrieved from /home/airflow/.local/lib/python3.12/site-packages/airflow/example_dags/example_bash_operator.py
[2024-06-17T23:51:38.271+0000] {logging_mixin.py:188} INFO - [2024-06-17T23:51:38.270+0000] {dag.py:3096} INFO - Sync 1 DAGs
[2024-06-17T23:51:38.297+0000] {logging_mixin.py:188} INFO - [2024-06-17T23:51:38.297+0000] {dag.py:3954} INFO - Setting next_dagrun for example_bash_operator to 2024-06-16 00:00:00+00:00, run_after=2024-06-17 00:00:00+00:00
[2024-06-17T23:51:38.322+0000] {processor.py:183} INFO - Processing /home/airflow/.local/lib/python3.12/site-packages/airflow/example_dags/example_bash_operator.py took 0.102 seconds
[2024-06-17T23:52:08.494+0000] {processor.py:161} INFO - Started process (PID=1599) to work on /home/airflow/.local/lib/python3.12/site-packages/airflow/example_dags/example_bash_operator.py
[2024-06-17T23:52:08.496+0000] {processor.py:830} INFO - Processing file /home/airflow/.local/lib/python3.12/site-packages/airflow/example_dags/example_bash_operator.py for tasks to queue
[2024-06-17T23:52:08.499+0000] {logging_mixin.py:188} INFO - [2024-06-17T23:52:08.498+0000] {dagbag.py:545} INFO - Filling up the DagBag from /home/airflow/.local/lib/python3.12/site-packages/airflow/example_dags/example_bash_operator.py
[2024-06-17T23:52:08.516+0000] {processor.py:840} INFO - DAG(s) 'example_bash_operator' retrieved from /home/airflow/.local/lib/python3.12/site-packages/airflow/example_dags/example_bash_operator.py
[2024-06-17T23:52:08.556+0000] {logging_mixin.py:188} INFO - [2024-06-17T23:52:08.556+0000] {dag.py:3096} INFO - Sync 1 DAGs
[2024-06-17T23:52:08.598+0000] {logging_mixin.py:188} INFO - [2024-06-17T23:52:08.598+0000] {dag.py:3954} INFO - Setting next_dagrun for example_bash_operator to 2024-06-16 00:00:00+00:00, run_after=2024-06-17 00:00:00+00:00
[2024-06-17T23:52:08.633+0000] {processor.py:183} INFO - Processing /home/airflow/.local/lib/python3.12/site-packages/airflow/example_dags/example_bash_operator.py took 0.148 seconds
[2024-06-17T23:52:39.042+0000] {processor.py:161} INFO - Started process (PID=1659) to work on /home/airflow/.local/lib/python3.12/site-packages/airflow/example_dags/example_bash_operator.py
[2024-06-17T23:52:39.043+0000] {processor.py:830} INFO - Processing file /home/airflow/.local/lib/python3.12/site-packages/airflow/example_dags/example_bash_operator.py for tasks to queue
[2024-06-17T23:52:39.046+0000] {logging_mixin.py:188} INFO - [2024-06-17T23:52:39.045+0000] {dagbag.py:545} INFO - Filling up the DagBag from /home/airflow/.local/lib/python3.12/site-packages/airflow/example_dags/example_bash_operator.py
[2024-06-17T23:52:39.058+0000] {processor.py:840} INFO - DAG(s) 'example_bash_operator' retrieved from /home/airflow/.local/lib/python3.12/site-packages/airflow/example_dags/example_bash_operator.py
[2024-06-17T23:52:39.229+0000] {logging_mixin.py:188} INFO - [2024-06-17T23:52:39.229+0000] {dag.py:3096} INFO - Sync 1 DAGs
[2024-06-17T23:52:39.253+0000] {logging_mixin.py:188} INFO - [2024-06-17T23:52:39.252+0000] {dag.py:3954} INFO - Setting next_dagrun for example_bash_operator to 2024-06-16 00:00:00+00:00, run_after=2024-06-17 00:00:00+00:00
[2024-06-17T23:52:39.274+0000] {processor.py:183} INFO - Processing /home/airflow/.local/lib/python3.12/site-packages/airflow/example_dags/example_bash_operator.py took 0.240 seconds
[2024-06-17T23:53:09.709+0000] {processor.py:161} INFO - Started process (PID=1719) to work on /home/airflow/.local/lib/python3.12/site-packages/airflow/example_dags/example_bash_operator.py
[2024-06-17T23:53:09.710+0000] {processor.py:830} INFO - Processing file /home/airflow/.local/lib/python3.12/site-packages/airflow/example_dags/example_bash_operator.py for tasks to queue
[2024-06-17T23:53:09.713+0000] {logging_mixin.py:188} INFO - [2024-06-17T23:53:09.712+0000] {dagbag.py:545} INFO - Filling up the DagBag from /home/airflow/.local/lib/python3.12/site-packages/airflow/example_dags/example_bash_operator.py
[2024-06-17T23:53:09.729+0000] {processor.py:840} INFO - DAG(s) 'example_bash_operator' retrieved from /home/airflow/.local/lib/python3.12/site-packages/airflow/example_dags/example_bash_operator.py
[2024-06-17T23:53:09.768+0000] {logging_mixin.py:188} INFO - [2024-06-17T23:53:09.768+0000] {dag.py:3096} INFO - Sync 1 DAGs
[2024-06-17T23:53:09.935+0000] {logging_mixin.py:188} INFO - [2024-06-17T23:53:09.935+0000] {dag.py:3954} INFO - Setting next_dagrun for example_bash_operator to 2024-06-16 00:00:00+00:00, run_after=2024-06-17 00:00:00+00:00
[2024-06-17T23:53:09.960+0000] {processor.py:183} INFO - Processing /home/airflow/.local/lib/python3.12/site-packages/airflow/example_dags/example_bash_operator.py took 0.258 seconds
[2024-06-17T23:53:40.003+0000] {processor.py:161} INFO - Started process (PID=1779) to work on /home/airflow/.local/lib/python3.12/site-packages/airflow/example_dags/example_bash_operator.py
[2024-06-17T23:53:40.004+0000] {processor.py:830} INFO - Processing file /home/airflow/.local/lib/python3.12/site-packages/airflow/example_dags/example_bash_operator.py for tasks to queue
[2024-06-17T23:53:40.008+0000] {logging_mixin.py:188} INFO - [2024-06-17T23:53:40.008+0000] {dagbag.py:545} INFO - Filling up the DagBag from /home/airflow/.local/lib/python3.12/site-packages/airflow/example_dags/example_bash_operator.py
[2024-06-17T23:53:40.024+0000] {processor.py:840} INFO - DAG(s) 'example_bash_operator' retrieved from /home/airflow/.local/lib/python3.12/site-packages/airflow/example_dags/example_bash_operator.py
[2024-06-17T23:53:40.065+0000] {logging_mixin.py:188} INFO - [2024-06-17T23:53:40.065+0000] {dag.py:3096} INFO - Sync 1 DAGs
[2024-06-17T23:53:40.105+0000] {logging_mixin.py:188} INFO - [2024-06-17T23:53:40.105+0000] {dag.py:3954} INFO - Setting next_dagrun for example_bash_operator to 2024-06-16 00:00:00+00:00, run_after=2024-06-17 00:00:00+00:00
[2024-06-17T23:53:40.128+0000] {processor.py:183} INFO - Processing /home/airflow/.local/lib/python3.12/site-packages/airflow/example_dags/example_bash_operator.py took 0.133 seconds
[2024-06-17T23:54:10.422+0000] {processor.py:161} INFO - Started process (PID=1839) to work on /home/airflow/.local/lib/python3.12/site-packages/airflow/example_dags/example_bash_operator.py
[2024-06-17T23:54:10.424+0000] {processor.py:830} INFO - Processing file /home/airflow/.local/lib/python3.12/site-packages/airflow/example_dags/example_bash_operator.py for tasks to queue
[2024-06-17T23:54:10.426+0000] {logging_mixin.py:188} INFO - [2024-06-17T23:54:10.426+0000] {dagbag.py:545} INFO - Filling up the DagBag from /home/airflow/.local/lib/python3.12/site-packages/airflow/example_dags/example_bash_operator.py
[2024-06-17T23:54:10.440+0000] {processor.py:840} INFO - DAG(s) 'example_bash_operator' retrieved from /home/airflow/.local/lib/python3.12/site-packages/airflow/example_dags/example_bash_operator.py
[2024-06-17T23:54:10.476+0000] {logging_mixin.py:188} INFO - [2024-06-17T23:54:10.476+0000] {dag.py:3096} INFO - Sync 1 DAGs
[2024-06-17T23:54:10.505+0000] {logging_mixin.py:188} INFO - [2024-06-17T23:54:10.505+0000] {dag.py:3954} INFO - Setting next_dagrun for example_bash_operator to 2024-06-16 00:00:00+00:00, run_after=2024-06-17 00:00:00+00:00
[2024-06-17T23:54:10.533+0000] {processor.py:183} INFO - Processing /home/airflow/.local/lib/python3.12/site-packages/airflow/example_dags/example_bash_operator.py took 0.118 seconds
[2024-06-17T23:54:40.705+0000] {processor.py:161} INFO - Started process (PID=1898) to work on /home/airflow/.local/lib/python3.12/site-packages/airflow/example_dags/example_bash_operator.py
[2024-06-17T23:54:40.706+0000] {processor.py:830} INFO - Processing file /home/airflow/.local/lib/python3.12/site-packages/airflow/example_dags/example_bash_operator.py for tasks to queue
[2024-06-17T23:54:40.710+0000] {logging_mixin.py:188} INFO - [2024-06-17T23:54:40.709+0000] {dagbag.py:545} INFO - Filling up the DagBag from /home/airflow/.local/lib/python3.12/site-packages/airflow/example_dags/example_bash_operator.py
[2024-06-17T23:54:40.728+0000] {processor.py:840} INFO - DAG(s) 'example_bash_operator' retrieved from /home/airflow/.local/lib/python3.12/site-packages/airflow/example_dags/example_bash_operator.py
[2024-06-17T23:54:40.762+0000] {logging_mixin.py:188} INFO - [2024-06-17T23:54:40.761+0000] {dag.py:3096} INFO - Sync 1 DAGs
[2024-06-17T23:54:40.799+0000] {logging_mixin.py:188} INFO - [2024-06-17T23:54:40.799+0000] {dag.py:3954} INFO - Setting next_dagrun for example_bash_operator to 2024-06-16 00:00:00+00:00, run_after=2024-06-17 00:00:00+00:00
[2024-06-17T23:54:40.834+0000] {processor.py:183} INFO - Processing /home/airflow/.local/lib/python3.12/site-packages/airflow/example_dags/example_bash_operator.py took 0.137 seconds
[2024-06-17T23:55:11.155+0000] {processor.py:161} INFO - Started process (PID=1963) to work on /home/airflow/.local/lib/python3.12/site-packages/airflow/example_dags/example_bash_operator.py
[2024-06-17T23:55:11.156+0000] {processor.py:830} INFO - Processing file /home/airflow/.local/lib/python3.12/site-packages/airflow/example_dags/example_bash_operator.py for tasks to queue
[2024-06-17T23:55:11.158+0000] {logging_mixin.py:188} INFO - [2024-06-17T23:55:11.158+0000] {dagbag.py:545} INFO - Filling up the DagBag from /home/airflow/.local/lib/python3.12/site-packages/airflow/example_dags/example_bash_operator.py
[2024-06-17T23:55:11.171+0000] {processor.py:840} INFO - DAG(s) 'example_bash_operator' retrieved from /home/airflow/.local/lib/python3.12/site-packages/airflow/example_dags/example_bash_operator.py
[2024-06-17T23:55:11.202+0000] {logging_mixin.py:188} INFO - [2024-06-17T23:55:11.201+0000] {dag.py:3096} INFO - Sync 1 DAGs
[2024-06-17T23:55:11.231+0000] {logging_mixin.py:188} INFO - [2024-06-17T23:55:11.231+0000] {dag.py:3954} INFO - Setting next_dagrun for example_bash_operator to 2024-06-16 00:00:00+00:00, run_after=2024-06-17 00:00:00+00:00
[2024-06-17T23:55:11.262+0000] {processor.py:183} INFO - Processing /home/airflow/.local/lib/python3.12/site-packages/airflow/example_dags/example_bash_operator.py took 0.115 seconds
[2024-06-17T23:55:41.634+0000] {processor.py:161} INFO - Started process (PID=2023) to work on /home/airflow/.local/lib/python3.12/site-packages/airflow/example_dags/example_bash_operator.py
[2024-06-17T23:55:41.635+0000] {processor.py:830} INFO - Processing file /home/airflow/.local/lib/python3.12/site-packages/airflow/example_dags/example_bash_operator.py for tasks to queue
[2024-06-17T23:55:41.637+0000] {logging_mixin.py:188} INFO - [2024-06-17T23:55:41.637+0000] {dagbag.py:545} INFO - Filling up the DagBag from /home/airflow/.local/lib/python3.12/site-packages/airflow/example_dags/example_bash_operator.py
[2024-06-17T23:55:41.651+0000] {processor.py:840} INFO - DAG(s) 'example_bash_operator' retrieved from /home/airflow/.local/lib/python3.12/site-packages/airflow/example_dags/example_bash_operator.py
[2024-06-17T23:55:41.682+0000] {logging_mixin.py:188} INFO - [2024-06-17T23:55:41.682+0000] {dag.py:3096} INFO - Sync 1 DAGs
[2024-06-17T23:55:41.713+0000] {logging_mixin.py:188} INFO - [2024-06-17T23:55:41.713+0000] {dag.py:3954} INFO - Setting next_dagrun for example_bash_operator to 2024-06-16 00:00:00+00:00, run_after=2024-06-17 00:00:00+00:00
[2024-06-17T23:55:41.736+0000] {processor.py:183} INFO - Processing /home/airflow/.local/lib/python3.12/site-packages/airflow/example_dags/example_bash_operator.py took 0.110 seconds
[2024-06-17T23:56:12.090+0000] {processor.py:161} INFO - Started process (PID=2083) to work on /home/airflow/.local/lib/python3.12/site-packages/airflow/example_dags/example_bash_operator.py
[2024-06-17T23:56:12.091+0000] {processor.py:830} INFO - Processing file /home/airflow/.local/lib/python3.12/site-packages/airflow/example_dags/example_bash_operator.py for tasks to queue
[2024-06-17T23:56:12.094+0000] {logging_mixin.py:188} INFO - [2024-06-17T23:56:12.094+0000] {dagbag.py:545} INFO - Filling up the DagBag from /home/airflow/.local/lib/python3.12/site-packages/airflow/example_dags/example_bash_operator.py
[2024-06-17T23:56:12.107+0000] {processor.py:840} INFO - DAG(s) 'example_bash_operator' retrieved from /home/airflow/.local/lib/python3.12/site-packages/airflow/example_dags/example_bash_operator.py
[2024-06-17T23:56:12.138+0000] {logging_mixin.py:188} INFO - [2024-06-17T23:56:12.138+0000] {dag.py:3096} INFO - Sync 1 DAGs
[2024-06-17T23:56:12.171+0000] {logging_mixin.py:188} INFO - [2024-06-17T23:56:12.171+0000] {dag.py:3954} INFO - Setting next_dagrun for example_bash_operator to 2024-06-16 00:00:00+00:00, run_after=2024-06-17 00:00:00+00:00
[2024-06-17T23:56:12.198+0000] {processor.py:183} INFO - Processing /home/airflow/.local/lib/python3.12/site-packages/airflow/example_dags/example_bash_operator.py took 0.117 seconds
[2024-06-17T23:56:42.957+0000] {processor.py:161} INFO - Started process (PID=2143) to work on /home/airflow/.local/lib/python3.12/site-packages/airflow/example_dags/example_bash_operator.py
[2024-06-17T23:56:42.959+0000] {processor.py:830} INFO - Processing file /home/airflow/.local/lib/python3.12/site-packages/airflow/example_dags/example_bash_operator.py for tasks to queue
[2024-06-17T23:56:42.963+0000] {logging_mixin.py:188} INFO - [2024-06-17T23:56:42.962+0000] {dagbag.py:545} INFO - Filling up the DagBag from /home/airflow/.local/lib/python3.12/site-packages/airflow/example_dags/example_bash_operator.py
[2024-06-17T23:56:42.982+0000] {processor.py:840} INFO - DAG(s) 'example_bash_operator' retrieved from /home/airflow/.local/lib/python3.12/site-packages/airflow/example_dags/example_bash_operator.py
[2024-06-17T23:56:43.018+0000] {logging_mixin.py:188} INFO - [2024-06-17T23:56:43.018+0000] {dag.py:3096} INFO - Sync 1 DAGs
[2024-06-17T23:56:43.048+0000] {logging_mixin.py:188} INFO - [2024-06-17T23:56:43.048+0000] {dag.py:3954} INFO - Setting next_dagrun for example_bash_operator to 2024-06-16 00:00:00+00:00, run_after=2024-06-17 00:00:00+00:00
[2024-06-17T23:56:43.077+0000] {processor.py:183} INFO - Processing /home/airflow/.local/lib/python3.12/site-packages/airflow/example_dags/example_bash_operator.py took 0.130 seconds
[2024-06-17T23:57:13.596+0000] {processor.py:161} INFO - Started process (PID=2203) to work on /home/airflow/.local/lib/python3.12/site-packages/airflow/example_dags/example_bash_operator.py
[2024-06-17T23:57:13.597+0000] {processor.py:830} INFO - Processing file /home/airflow/.local/lib/python3.12/site-packages/airflow/example_dags/example_bash_operator.py for tasks to queue
[2024-06-17T23:57:13.599+0000] {logging_mixin.py:188} INFO - [2024-06-17T23:57:13.599+0000] {dagbag.py:545} INFO - Filling up the DagBag from /home/airflow/.local/lib/python3.12/site-packages/airflow/example_dags/example_bash_operator.py
[2024-06-17T23:57:13.612+0000] {processor.py:840} INFO - DAG(s) 'example_bash_operator' retrieved from /home/airflow/.local/lib/python3.12/site-packages/airflow/example_dags/example_bash_operator.py
[2024-06-17T23:57:13.643+0000] {logging_mixin.py:188} INFO - [2024-06-17T23:57:13.642+0000] {dag.py:3096} INFO - Sync 1 DAGs
[2024-06-17T23:57:13.670+0000] {logging_mixin.py:188} INFO - [2024-06-17T23:57:13.670+0000] {dag.py:3954} INFO - Setting next_dagrun for example_bash_operator to 2024-06-16 00:00:00+00:00, run_after=2024-06-17 00:00:00+00:00
[2024-06-17T23:57:13.692+0000] {processor.py:183} INFO - Processing /home/airflow/.local/lib/python3.12/site-packages/airflow/example_dags/example_bash_operator.py took 0.103 seconds
[2024-06-17T23:57:43.806+0000] {processor.py:161} INFO - Started process (PID=2264) to work on /home/airflow/.local/lib/python3.12/site-packages/airflow/example_dags/example_bash_operator.py
[2024-06-17T23:57:43.807+0000] {processor.py:830} INFO - Processing file /home/airflow/.local/lib/python3.12/site-packages/airflow/example_dags/example_bash_operator.py for tasks to queue
[2024-06-17T23:57:43.810+0000] {logging_mixin.py:188} INFO - [2024-06-17T23:57:43.810+0000] {dagbag.py:545} INFO - Filling up the DagBag from /home/airflow/.local/lib/python3.12/site-packages/airflow/example_dags/example_bash_operator.py
[2024-06-17T23:57:43.828+0000] {processor.py:840} INFO - DAG(s) 'example_bash_operator' retrieved from /home/airflow/.local/lib/python3.12/site-packages/airflow/example_dags/example_bash_operator.py
[2024-06-17T23:57:43.873+0000] {logging_mixin.py:188} INFO - [2024-06-17T23:57:43.872+0000] {dag.py:3096} INFO - Sync 1 DAGs
[2024-06-17T23:57:43.904+0000] {logging_mixin.py:188} INFO - [2024-06-17T23:57:43.904+0000] {dag.py:3954} INFO - Setting next_dagrun for example_bash_operator to 2024-06-16 00:00:00+00:00, run_after=2024-06-17 00:00:00+00:00
[2024-06-17T23:57:43.928+0000] {processor.py:183} INFO - Processing /home/airflow/.local/lib/python3.12/site-packages/airflow/example_dags/example_bash_operator.py took 0.133 seconds
[2024-06-17T23:58:14.066+0000] {processor.py:161} INFO - Started process (PID=2324) to work on /home/airflow/.local/lib/python3.12/site-packages/airflow/example_dags/example_bash_operator.py
[2024-06-17T23:58:14.067+0000] {processor.py:830} INFO - Processing file /home/airflow/.local/lib/python3.12/site-packages/airflow/example_dags/example_bash_operator.py for tasks to queue
[2024-06-17T23:58:14.069+0000] {logging_mixin.py:188} INFO - [2024-06-17T23:58:14.068+0000] {dagbag.py:545} INFO - Filling up the DagBag from /home/airflow/.local/lib/python3.12/site-packages/airflow/example_dags/example_bash_operator.py
[2024-06-17T23:58:14.081+0000] {processor.py:840} INFO - DAG(s) 'example_bash_operator' retrieved from /home/airflow/.local/lib/python3.12/site-packages/airflow/example_dags/example_bash_operator.py
[2024-06-17T23:58:14.112+0000] {logging_mixin.py:188} INFO - [2024-06-17T23:58:14.112+0000] {dag.py:3096} INFO - Sync 1 DAGs
[2024-06-17T23:58:14.140+0000] {logging_mixin.py:188} INFO - [2024-06-17T23:58:14.140+0000] {dag.py:3954} INFO - Setting next_dagrun for example_bash_operator to 2024-06-16 00:00:00+00:00, run_after=2024-06-17 00:00:00+00:00
[2024-06-17T23:58:14.165+0000] {processor.py:183} INFO - Processing /home/airflow/.local/lib/python3.12/site-packages/airflow/example_dags/example_bash_operator.py took 0.107 seconds
[2024-06-17T23:58:44.401+0000] {processor.py:161} INFO - Started process (PID=2384) to work on /home/airflow/.local/lib/python3.12/site-packages/airflow/example_dags/example_bash_operator.py
[2024-06-17T23:58:44.402+0000] {processor.py:830} INFO - Processing file /home/airflow/.local/lib/python3.12/site-packages/airflow/example_dags/example_bash_operator.py for tasks to queue
[2024-06-17T23:58:44.406+0000] {logging_mixin.py:188} INFO - [2024-06-17T23:58:44.405+0000] {dagbag.py:545} INFO - Filling up the DagBag from /home/airflow/.local/lib/python3.12/site-packages/airflow/example_dags/example_bash_operator.py
[2024-06-17T23:58:44.423+0000] {processor.py:840} INFO - DAG(s) 'example_bash_operator' retrieved from /home/airflow/.local/lib/python3.12/site-packages/airflow/example_dags/example_bash_operator.py
[2024-06-17T23:58:44.462+0000] {logging_mixin.py:188} INFO - [2024-06-17T23:58:44.462+0000] {dag.py:3096} INFO - Sync 1 DAGs
[2024-06-17T23:58:44.497+0000] {logging_mixin.py:188} INFO - [2024-06-17T23:58:44.497+0000] {dag.py:3954} INFO - Setting next_dagrun for example_bash_operator to 2024-06-16 00:00:00+00:00, run_after=2024-06-17 00:00:00+00:00
[2024-06-17T23:58:44.527+0000] {processor.py:183} INFO - Processing /home/airflow/.local/lib/python3.12/site-packages/airflow/example_dags/example_bash_operator.py took 0.136 seconds
[2024-06-17T23:59:14.708+0000] {processor.py:161} INFO - Started process (PID=2444) to work on /home/airflow/.local/lib/python3.12/site-packages/airflow/example_dags/example_bash_operator.py
[2024-06-17T23:59:14.709+0000] {processor.py:830} INFO - Processing file /home/airflow/.local/lib/python3.12/site-packages/airflow/example_dags/example_bash_operator.py for tasks to queue
[2024-06-17T23:59:14.711+0000] {logging_mixin.py:188} INFO - [2024-06-17T23:59:14.711+0000] {dagbag.py:545} INFO - Filling up the DagBag from /home/airflow/.local/lib/python3.12/site-packages/airflow/example_dags/example_bash_operator.py
[2024-06-17T23:59:14.723+0000] {processor.py:840} INFO - DAG(s) 'example_bash_operator' retrieved from /home/airflow/.local/lib/python3.12/site-packages/airflow/example_dags/example_bash_operator.py
[2024-06-17T23:59:14.753+0000] {logging_mixin.py:188} INFO - [2024-06-17T23:59:14.753+0000] {dag.py:3096} INFO - Sync 1 DAGs
[2024-06-17T23:59:14.779+0000] {logging_mixin.py:188} INFO - [2024-06-17T23:59:14.778+0000] {dag.py:3954} INFO - Setting next_dagrun for example_bash_operator to 2024-06-16 00:00:00+00:00, run_after=2024-06-17 00:00:00+00:00
[2024-06-17T23:59:14.797+0000] {processor.py:183} INFO - Processing /home/airflow/.local/lib/python3.12/site-packages/airflow/example_dags/example_bash_operator.py took 0.096 seconds
[2024-06-17T23:59:45.192+0000] {processor.py:161} INFO - Started process (PID=2504) to work on /home/airflow/.local/lib/python3.12/site-packages/airflow/example_dags/example_bash_operator.py
[2024-06-17T23:59:45.195+0000] {processor.py:830} INFO - Processing file /home/airflow/.local/lib/python3.12/site-packages/airflow/example_dags/example_bash_operator.py for tasks to queue
[2024-06-17T23:59:45.198+0000] {logging_mixin.py:188} INFO - [2024-06-17T23:59:45.197+0000] {dagbag.py:545} INFO - Filling up the DagBag from /home/airflow/.local/lib/python3.12/site-packages/airflow/example_dags/example_bash_operator.py
[2024-06-17T23:59:45.213+0000] {processor.py:840} INFO - DAG(s) 'example_bash_operator' retrieved from /home/airflow/.local/lib/python3.12/site-packages/airflow/example_dags/example_bash_operator.py
[2024-06-17T23:59:45.251+0000] {logging_mixin.py:188} INFO - [2024-06-17T23:59:45.250+0000] {dag.py:3096} INFO - Sync 1 DAGs
[2024-06-17T23:59:45.287+0000] {logging_mixin.py:188} INFO - [2024-06-17T23:59:45.287+0000] {dag.py:3954} INFO - Setting next_dagrun for example_bash_operator to 2024-06-16 00:00:00+00:00, run_after=2024-06-17 00:00:00+00:00
[2024-06-17T23:59:45.316+0000] {processor.py:183} INFO - Processing /home/airflow/.local/lib/python3.12/site-packages/airflow/example_dags/example_bash_operator.py took 0.134 seconds
