[2024-06-17T23:29:04.262+0000] {processor.py:161} INFO - Started process (PID=72) to work on /home/airflow/.local/lib/python3.12/site-packages/airflow/example_dags/example_branch_python_dop_operator_3.py
[2024-06-17T23:29:04.263+0000] {processor.py:830} INFO - Processing file /home/airflow/.local/lib/python3.12/site-packages/airflow/example_dags/example_branch_python_dop_operator_3.py for tasks to queue
[2024-06-17T23:29:04.268+0000] {logging_mixin.py:188} INFO - [2024-06-17T23:29:04.267+0000] {dagbag.py:545} INFO - Filling up the DagBag from /home/airflow/.local/lib/python3.12/site-packages/airflow/example_dags/example_branch_python_dop_operator_3.py
[2024-06-17T23:29:04.287+0000] {processor.py:840} INFO - DAG(s) 'example_branch_dop_operator_v3' retrieved from /home/airflow/.local/lib/python3.12/site-packages/airflow/example_dags/example_branch_python_dop_operator_3.py
[2024-06-17T23:29:04.329+0000] {logging_mixin.py:188} INFO - [2024-06-17T23:29:04.329+0000] {dag.py:3096} INFO - Sync 1 DAGs
[2024-06-17T23:29:04.369+0000] {logging_mixin.py:188} INFO - [2024-06-17T23:29:04.369+0000] {dag.py:3954} INFO - Setting next_dagrun for example_branch_dop_operator_v3 to 2024-06-17 23:28:00+00:00, run_after=2024-06-17 23:29:00+00:00
[2024-06-17T23:29:04.392+0000] {processor.py:183} INFO - Processing /home/airflow/.local/lib/python3.12/site-packages/airflow/example_dags/example_branch_python_dop_operator_3.py took 0.140 seconds
[2024-06-17T23:29:35.692+0000] {processor.py:161} INFO - Started process (PID=145) to work on /home/airflow/.local/lib/python3.12/site-packages/airflow/example_dags/example_branch_python_dop_operator_3.py
[2024-06-17T23:29:35.698+0000] {processor.py:830} INFO - Processing file /home/airflow/.local/lib/python3.12/site-packages/airflow/example_dags/example_branch_python_dop_operator_3.py for tasks to queue
[2024-06-17T23:29:35.703+0000] {logging_mixin.py:188} INFO - [2024-06-17T23:29:35.703+0000] {dagbag.py:545} INFO - Filling up the DagBag from /home/airflow/.local/lib/python3.12/site-packages/airflow/example_dags/example_branch_python_dop_operator_3.py
[2024-06-17T23:29:35.726+0000] {processor.py:840} INFO - DAG(s) 'example_branch_dop_operator_v3' retrieved from /home/airflow/.local/lib/python3.12/site-packages/airflow/example_dags/example_branch_python_dop_operator_3.py
[2024-06-17T23:29:35.805+0000] {logging_mixin.py:188} INFO - [2024-06-17T23:29:35.805+0000] {dag.py:3096} INFO - Sync 1 DAGs
[2024-06-17T23:29:35.864+0000] {logging_mixin.py:188} INFO - [2024-06-17T23:29:35.864+0000] {dag.py:3954} INFO - Setting next_dagrun for example_branch_dop_operator_v3 to 2024-06-17 23:28:00+00:00, run_after=2024-06-17 23:29:00+00:00
[2024-06-17T23:29:35.914+0000] {processor.py:183} INFO - Processing /home/airflow/.local/lib/python3.12/site-packages/airflow/example_dags/example_branch_python_dop_operator_3.py took 0.234 seconds
[2024-06-17T23:30:08.318+0000] {processor.py:161} INFO - Started process (PID=279) to work on /home/airflow/.local/lib/python3.12/site-packages/airflow/example_dags/example_branch_python_dop_operator_3.py
[2024-06-17T23:30:08.320+0000] {processor.py:830} INFO - Processing file /home/airflow/.local/lib/python3.12/site-packages/airflow/example_dags/example_branch_python_dop_operator_3.py for tasks to queue
[2024-06-17T23:30:08.325+0000] {logging_mixin.py:188} INFO - [2024-06-17T23:30:08.324+0000] {dagbag.py:545} INFO - Filling up the DagBag from /home/airflow/.local/lib/python3.12/site-packages/airflow/example_dags/example_branch_python_dop_operator_3.py
[2024-06-17T23:30:08.343+0000] {processor.py:840} INFO - DAG(s) 'example_branch_dop_operator_v3' retrieved from /home/airflow/.local/lib/python3.12/site-packages/airflow/example_dags/example_branch_python_dop_operator_3.py
[2024-06-17T23:30:08.376+0000] {logging_mixin.py:188} INFO - [2024-06-17T23:30:08.375+0000] {dag.py:3096} INFO - Sync 1 DAGs
[2024-06-17T23:30:08.419+0000] {logging_mixin.py:188} INFO - [2024-06-17T23:30:08.419+0000] {dag.py:3954} INFO - Setting next_dagrun for example_branch_dop_operator_v3 to 2024-06-17 23:29:00+00:00, run_after=2024-06-17 23:30:00+00:00
[2024-06-17T23:30:08.455+0000] {processor.py:183} INFO - Processing /home/airflow/.local/lib/python3.12/site-packages/airflow/example_dags/example_branch_python_dop_operator_3.py took 0.150 seconds
[2024-06-17T23:30:39.182+0000] {processor.py:161} INFO - Started process (PID=372) to work on /home/airflow/.local/lib/python3.12/site-packages/airflow/example_dags/example_branch_python_dop_operator_3.py
[2024-06-17T23:30:39.184+0000] {processor.py:830} INFO - Processing file /home/airflow/.local/lib/python3.12/site-packages/airflow/example_dags/example_branch_python_dop_operator_3.py for tasks to queue
[2024-06-17T23:30:39.188+0000] {logging_mixin.py:188} INFO - [2024-06-17T23:30:39.188+0000] {dagbag.py:545} INFO - Filling up the DagBag from /home/airflow/.local/lib/python3.12/site-packages/airflow/example_dags/example_branch_python_dop_operator_3.py
[2024-06-17T23:30:39.207+0000] {processor.py:840} INFO - DAG(s) 'example_branch_dop_operator_v3' retrieved from /home/airflow/.local/lib/python3.12/site-packages/airflow/example_dags/example_branch_python_dop_operator_3.py
[2024-06-17T23:30:39.261+0000] {logging_mixin.py:188} INFO - [2024-06-17T23:30:39.261+0000] {dag.py:3096} INFO - Sync 1 DAGs
[2024-06-17T23:30:39.321+0000] {logging_mixin.py:188} INFO - [2024-06-17T23:30:39.320+0000] {dag.py:3954} INFO - Setting next_dagrun for example_branch_dop_operator_v3 to 2024-06-17 23:29:00+00:00, run_after=2024-06-17 23:30:00+00:00
[2024-06-17T23:30:39.360+0000] {processor.py:183} INFO - Processing /home/airflow/.local/lib/python3.12/site-packages/airflow/example_dags/example_branch_python_dop_operator_3.py took 0.189 seconds
[2024-06-17T23:31:10.461+0000] {processor.py:161} INFO - Started process (PID=492) to work on /home/airflow/.local/lib/python3.12/site-packages/airflow/example_dags/example_branch_python_dop_operator_3.py
[2024-06-17T23:31:10.465+0000] {processor.py:830} INFO - Processing file /home/airflow/.local/lib/python3.12/site-packages/airflow/example_dags/example_branch_python_dop_operator_3.py for tasks to queue
[2024-06-17T23:31:10.468+0000] {logging_mixin.py:188} INFO - [2024-06-17T23:31:10.467+0000] {dagbag.py:545} INFO - Filling up the DagBag from /home/airflow/.local/lib/python3.12/site-packages/airflow/example_dags/example_branch_python_dop_operator_3.py
[2024-06-17T23:31:10.485+0000] {processor.py:840} INFO - DAG(s) 'example_branch_dop_operator_v3' retrieved from /home/airflow/.local/lib/python3.12/site-packages/airflow/example_dags/example_branch_python_dop_operator_3.py
[2024-06-17T23:31:10.522+0000] {logging_mixin.py:188} INFO - [2024-06-17T23:31:10.522+0000] {dag.py:3096} INFO - Sync 1 DAGs
[2024-06-17T23:31:10.579+0000] {logging_mixin.py:188} INFO - [2024-06-17T23:31:10.579+0000] {dag.py:3954} INFO - Setting next_dagrun for example_branch_dop_operator_v3 to 2024-06-17 23:30:00+00:00, run_after=2024-06-17 23:31:00+00:00
[2024-06-17T23:31:10.617+0000] {processor.py:183} INFO - Processing /home/airflow/.local/lib/python3.12/site-packages/airflow/example_dags/example_branch_python_dop_operator_3.py took 0.167 seconds
[2024-06-17T23:31:43.944+0000] {processor.py:161} INFO - Started process (PID=588) to work on /home/airflow/.local/lib/python3.12/site-packages/airflow/example_dags/example_branch_python_dop_operator_3.py
[2024-06-17T23:31:43.949+0000] {processor.py:830} INFO - Processing file /home/airflow/.local/lib/python3.12/site-packages/airflow/example_dags/example_branch_python_dop_operator_3.py for tasks to queue
[2024-06-17T23:31:43.958+0000] {logging_mixin.py:188} INFO - [2024-06-17T23:31:43.956+0000] {dagbag.py:545} INFO - Filling up the DagBag from /home/airflow/.local/lib/python3.12/site-packages/airflow/example_dags/example_branch_python_dop_operator_3.py
[2024-06-17T23:31:44.009+0000] {processor.py:840} INFO - DAG(s) 'example_branch_dop_operator_v3' retrieved from /home/airflow/.local/lib/python3.12/site-packages/airflow/example_dags/example_branch_python_dop_operator_3.py
[2024-06-17T23:31:44.064+0000] {logging_mixin.py:188} INFO - [2024-06-17T23:31:44.063+0000] {dag.py:3096} INFO - Sync 1 DAGs
[2024-06-17T23:31:44.140+0000] {logging_mixin.py:188} INFO - [2024-06-17T23:31:44.140+0000] {dag.py:3954} INFO - Setting next_dagrun for example_branch_dop_operator_v3 to 2024-06-17 23:30:00+00:00, run_after=2024-06-17 23:31:00+00:00
[2024-06-17T23:31:44.210+0000] {processor.py:183} INFO - Processing /home/airflow/.local/lib/python3.12/site-packages/airflow/example_dags/example_branch_python_dop_operator_3.py took 0.286 seconds
[2024-06-17T23:32:14.375+0000] {processor.py:161} INFO - Started process (PID=679) to work on /home/airflow/.local/lib/python3.12/site-packages/airflow/example_dags/example_branch_python_dop_operator_3.py
[2024-06-17T23:32:14.377+0000] {processor.py:830} INFO - Processing file /home/airflow/.local/lib/python3.12/site-packages/airflow/example_dags/example_branch_python_dop_operator_3.py for tasks to queue
[2024-06-17T23:32:14.382+0000] {logging_mixin.py:188} INFO - [2024-06-17T23:32:14.381+0000] {dagbag.py:545} INFO - Filling up the DagBag from /home/airflow/.local/lib/python3.12/site-packages/airflow/example_dags/example_branch_python_dop_operator_3.py
[2024-06-17T23:32:14.400+0000] {processor.py:840} INFO - DAG(s) 'example_branch_dop_operator_v3' retrieved from /home/airflow/.local/lib/python3.12/site-packages/airflow/example_dags/example_branch_python_dop_operator_3.py
[2024-06-17T23:32:14.444+0000] {logging_mixin.py:188} INFO - [2024-06-17T23:32:14.443+0000] {dag.py:3096} INFO - Sync 1 DAGs
[2024-06-17T23:32:14.495+0000] {logging_mixin.py:188} INFO - [2024-06-17T23:32:14.494+0000] {dag.py:3954} INFO - Setting next_dagrun for example_branch_dop_operator_v3 to 2024-06-17 23:31:00+00:00, run_after=2024-06-17 23:32:00+00:00
[2024-06-17T23:32:14.535+0000] {processor.py:183} INFO - Processing /home/airflow/.local/lib/python3.12/site-packages/airflow/example_dags/example_branch_python_dop_operator_3.py took 0.172 seconds
[2024-06-17T23:32:44.797+0000] {processor.py:161} INFO - Started process (PID=739) to work on /home/airflow/.local/lib/python3.12/site-packages/airflow/example_dags/example_branch_python_dop_operator_3.py
[2024-06-17T23:32:44.800+0000] {processor.py:830} INFO - Processing file /home/airflow/.local/lib/python3.12/site-packages/airflow/example_dags/example_branch_python_dop_operator_3.py for tasks to queue
[2024-06-17T23:32:44.804+0000] {logging_mixin.py:188} INFO - [2024-06-17T23:32:44.803+0000] {dagbag.py:545} INFO - Filling up the DagBag from /home/airflow/.local/lib/python3.12/site-packages/airflow/example_dags/example_branch_python_dop_operator_3.py
[2024-06-17T23:32:44.821+0000] {processor.py:840} INFO - DAG(s) 'example_branch_dop_operator_v3' retrieved from /home/airflow/.local/lib/python3.12/site-packages/airflow/example_dags/example_branch_python_dop_operator_3.py
[2024-06-17T23:32:44.864+0000] {logging_mixin.py:188} INFO - [2024-06-17T23:32:44.863+0000] {dag.py:3096} INFO - Sync 1 DAGs
[2024-06-17T23:32:44.916+0000] {logging_mixin.py:188} INFO - [2024-06-17T23:32:44.916+0000] {dag.py:3954} INFO - Setting next_dagrun for example_branch_dop_operator_v3 to 2024-06-17 23:31:00+00:00, run_after=2024-06-17 23:32:00+00:00
[2024-06-17T23:32:44.955+0000] {processor.py:183} INFO - Processing /home/airflow/.local/lib/python3.12/site-packages/airflow/example_dags/example_branch_python_dop_operator_3.py took 0.168 seconds
[2024-06-17T23:33:15.740+0000] {processor.py:161} INFO - Started process (PID=799) to work on /home/airflow/.local/lib/python3.12/site-packages/airflow/example_dags/example_branch_python_dop_operator_3.py
[2024-06-17T23:33:15.742+0000] {processor.py:830} INFO - Processing file /home/airflow/.local/lib/python3.12/site-packages/airflow/example_dags/example_branch_python_dop_operator_3.py for tasks to queue
[2024-06-17T23:33:15.747+0000] {logging_mixin.py:188} INFO - [2024-06-17T23:33:15.746+0000] {dagbag.py:545} INFO - Filling up the DagBag from /home/airflow/.local/lib/python3.12/site-packages/airflow/example_dags/example_branch_python_dop_operator_3.py
[2024-06-17T23:33:15.764+0000] {processor.py:840} INFO - DAG(s) 'example_branch_dop_operator_v3' retrieved from /home/airflow/.local/lib/python3.12/site-packages/airflow/example_dags/example_branch_python_dop_operator_3.py
[2024-06-17T23:33:15.800+0000] {logging_mixin.py:188} INFO - [2024-06-17T23:33:15.800+0000] {dag.py:3096} INFO - Sync 1 DAGs
[2024-06-17T23:33:15.850+0000] {logging_mixin.py:188} INFO - [2024-06-17T23:33:15.850+0000] {dag.py:3954} INFO - Setting next_dagrun for example_branch_dop_operator_v3 to 2024-06-17 23:32:00+00:00, run_after=2024-06-17 23:33:00+00:00
[2024-06-17T23:33:15.895+0000] {processor.py:183} INFO - Processing /home/airflow/.local/lib/python3.12/site-packages/airflow/example_dags/example_branch_python_dop_operator_3.py took 0.166 seconds
[2024-06-17T23:33:46.493+0000] {processor.py:161} INFO - Started process (PID=859) to work on /home/airflow/.local/lib/python3.12/site-packages/airflow/example_dags/example_branch_python_dop_operator_3.py
[2024-06-17T23:33:46.496+0000] {processor.py:830} INFO - Processing file /home/airflow/.local/lib/python3.12/site-packages/airflow/example_dags/example_branch_python_dop_operator_3.py for tasks to queue
[2024-06-17T23:33:46.500+0000] {logging_mixin.py:188} INFO - [2024-06-17T23:33:46.499+0000] {dagbag.py:545} INFO - Filling up the DagBag from /home/airflow/.local/lib/python3.12/site-packages/airflow/example_dags/example_branch_python_dop_operator_3.py
[2024-06-17T23:33:46.516+0000] {processor.py:840} INFO - DAG(s) 'example_branch_dop_operator_v3' retrieved from /home/airflow/.local/lib/python3.12/site-packages/airflow/example_dags/example_branch_python_dop_operator_3.py
[2024-06-17T23:33:46.552+0000] {logging_mixin.py:188} INFO - [2024-06-17T23:33:46.552+0000] {dag.py:3096} INFO - Sync 1 DAGs
[2024-06-17T23:33:46.599+0000] {logging_mixin.py:188} INFO - [2024-06-17T23:33:46.599+0000] {dag.py:3954} INFO - Setting next_dagrun for example_branch_dop_operator_v3 to 2024-06-17 23:32:00+00:00, run_after=2024-06-17 23:33:00+00:00
[2024-06-17T23:33:46.626+0000] {processor.py:183} INFO - Processing /home/airflow/.local/lib/python3.12/site-packages/airflow/example_dags/example_branch_python_dop_operator_3.py took 0.142 seconds
[2024-06-17T23:34:16.969+0000] {processor.py:161} INFO - Started process (PID=919) to work on /home/airflow/.local/lib/python3.12/site-packages/airflow/example_dags/example_branch_python_dop_operator_3.py
[2024-06-17T23:34:16.970+0000] {processor.py:830} INFO - Processing file /home/airflow/.local/lib/python3.12/site-packages/airflow/example_dags/example_branch_python_dop_operator_3.py for tasks to queue
[2024-06-17T23:34:16.972+0000] {logging_mixin.py:188} INFO - [2024-06-17T23:34:16.972+0000] {dagbag.py:545} INFO - Filling up the DagBag from /home/airflow/.local/lib/python3.12/site-packages/airflow/example_dags/example_branch_python_dop_operator_3.py
[2024-06-17T23:34:16.983+0000] {processor.py:840} INFO - DAG(s) 'example_branch_dop_operator_v3' retrieved from /home/airflow/.local/lib/python3.12/site-packages/airflow/example_dags/example_branch_python_dop_operator_3.py
[2024-06-17T23:34:17.018+0000] {logging_mixin.py:188} INFO - [2024-06-17T23:34:17.017+0000] {dag.py:3096} INFO - Sync 1 DAGs
[2024-06-17T23:34:17.056+0000] {logging_mixin.py:188} INFO - [2024-06-17T23:34:17.056+0000] {dag.py:3954} INFO - Setting next_dagrun for example_branch_dop_operator_v3 to 2024-06-17 23:33:00+00:00, run_after=2024-06-17 23:34:00+00:00
[2024-06-17T23:34:17.111+0000] {processor.py:183} INFO - Processing /home/airflow/.local/lib/python3.12/site-packages/airflow/example_dags/example_branch_python_dop_operator_3.py took 0.149 seconds
[2024-06-17T23:34:47.620+0000] {processor.py:161} INFO - Started process (PID=979) to work on /home/airflow/.local/lib/python3.12/site-packages/airflow/example_dags/example_branch_python_dop_operator_3.py
[2024-06-17T23:34:47.622+0000] {processor.py:830} INFO - Processing file /home/airflow/.local/lib/python3.12/site-packages/airflow/example_dags/example_branch_python_dop_operator_3.py for tasks to queue
[2024-06-17T23:34:47.625+0000] {logging_mixin.py:188} INFO - [2024-06-17T23:34:47.624+0000] {dagbag.py:545} INFO - Filling up the DagBag from /home/airflow/.local/lib/python3.12/site-packages/airflow/example_dags/example_branch_python_dop_operator_3.py
[2024-06-17T23:34:47.635+0000] {processor.py:840} INFO - DAG(s) 'example_branch_dop_operator_v3' retrieved from /home/airflow/.local/lib/python3.12/site-packages/airflow/example_dags/example_branch_python_dop_operator_3.py
[2024-06-17T23:34:47.659+0000] {logging_mixin.py:188} INFO - [2024-06-17T23:34:47.658+0000] {dag.py:3096} INFO - Sync 1 DAGs
[2024-06-17T23:34:47.689+0000] {logging_mixin.py:188} INFO - [2024-06-17T23:34:47.689+0000] {dag.py:3954} INFO - Setting next_dagrun for example_branch_dop_operator_v3 to 2024-06-17 23:33:00+00:00, run_after=2024-06-17 23:34:00+00:00
[2024-06-17T23:34:47.717+0000] {processor.py:183} INFO - Processing /home/airflow/.local/lib/python3.12/site-packages/airflow/example_dags/example_branch_python_dop_operator_3.py took 0.105 seconds
[2024-06-17T23:35:17.891+0000] {processor.py:161} INFO - Started process (PID=1039) to work on /home/airflow/.local/lib/python3.12/site-packages/airflow/example_dags/example_branch_python_dop_operator_3.py
[2024-06-17T23:35:17.892+0000] {processor.py:830} INFO - Processing file /home/airflow/.local/lib/python3.12/site-packages/airflow/example_dags/example_branch_python_dop_operator_3.py for tasks to queue
[2024-06-17T23:35:17.895+0000] {logging_mixin.py:188} INFO - [2024-06-17T23:35:17.895+0000] {dagbag.py:545} INFO - Filling up the DagBag from /home/airflow/.local/lib/python3.12/site-packages/airflow/example_dags/example_branch_python_dop_operator_3.py
[2024-06-17T23:35:17.908+0000] {processor.py:840} INFO - DAG(s) 'example_branch_dop_operator_v3' retrieved from /home/airflow/.local/lib/python3.12/site-packages/airflow/example_dags/example_branch_python_dop_operator_3.py
[2024-06-17T23:35:17.937+0000] {logging_mixin.py:188} INFO - [2024-06-17T23:35:17.937+0000] {dag.py:3096} INFO - Sync 1 DAGs
[2024-06-17T23:35:17.976+0000] {logging_mixin.py:188} INFO - [2024-06-17T23:35:17.976+0000] {dag.py:3954} INFO - Setting next_dagrun for example_branch_dop_operator_v3 to 2024-06-17 23:34:00+00:00, run_after=2024-06-17 23:35:00+00:00
[2024-06-17T23:35:18.006+0000] {processor.py:183} INFO - Processing /home/airflow/.local/lib/python3.12/site-packages/airflow/example_dags/example_branch_python_dop_operator_3.py took 0.122 seconds
[2024-06-17T23:35:48.684+0000] {processor.py:161} INFO - Started process (PID=1099) to work on /home/airflow/.local/lib/python3.12/site-packages/airflow/example_dags/example_branch_python_dop_operator_3.py
[2024-06-17T23:35:48.686+0000] {processor.py:830} INFO - Processing file /home/airflow/.local/lib/python3.12/site-packages/airflow/example_dags/example_branch_python_dop_operator_3.py for tasks to queue
[2024-06-17T23:35:48.692+0000] {logging_mixin.py:188} INFO - [2024-06-17T23:35:48.691+0000] {dagbag.py:545} INFO - Filling up the DagBag from /home/airflow/.local/lib/python3.12/site-packages/airflow/example_dags/example_branch_python_dop_operator_3.py
[2024-06-17T23:35:48.710+0000] {processor.py:840} INFO - DAG(s) 'example_branch_dop_operator_v3' retrieved from /home/airflow/.local/lib/python3.12/site-packages/airflow/example_dags/example_branch_python_dop_operator_3.py
[2024-06-17T23:35:48.748+0000] {logging_mixin.py:188} INFO - [2024-06-17T23:35:48.747+0000] {dag.py:3096} INFO - Sync 1 DAGs
[2024-06-17T23:35:48.801+0000] {logging_mixin.py:188} INFO - [2024-06-17T23:35:48.800+0000] {dag.py:3954} INFO - Setting next_dagrun for example_branch_dop_operator_v3 to 2024-06-17 23:34:00+00:00, run_after=2024-06-17 23:35:00+00:00
[2024-06-17T23:35:48.841+0000] {processor.py:183} INFO - Processing /home/airflow/.local/lib/python3.12/site-packages/airflow/example_dags/example_branch_python_dop_operator_3.py took 0.172 seconds
[2024-06-17T23:36:19.611+0000] {processor.py:161} INFO - Started process (PID=1163) to work on /home/airflow/.local/lib/python3.12/site-packages/airflow/example_dags/example_branch_python_dop_operator_3.py
[2024-06-17T23:36:19.613+0000] {processor.py:830} INFO - Processing file /home/airflow/.local/lib/python3.12/site-packages/airflow/example_dags/example_branch_python_dop_operator_3.py for tasks to queue
[2024-06-17T23:36:19.618+0000] {logging_mixin.py:188} INFO - [2024-06-17T23:36:19.618+0000] {dagbag.py:545} INFO - Filling up the DagBag from /home/airflow/.local/lib/python3.12/site-packages/airflow/example_dags/example_branch_python_dop_operator_3.py
[2024-06-17T23:36:19.631+0000] {processor.py:840} INFO - DAG(s) 'example_branch_dop_operator_v3' retrieved from /home/airflow/.local/lib/python3.12/site-packages/airflow/example_dags/example_branch_python_dop_operator_3.py
[2024-06-17T23:36:19.660+0000] {logging_mixin.py:188} INFO - [2024-06-17T23:36:19.660+0000] {dag.py:3096} INFO - Sync 1 DAGs
[2024-06-17T23:36:19.694+0000] {logging_mixin.py:188} INFO - [2024-06-17T23:36:19.693+0000] {dag.py:3954} INFO - Setting next_dagrun for example_branch_dop_operator_v3 to 2024-06-17 23:35:00+00:00, run_after=2024-06-17 23:36:00+00:00
[2024-06-17T23:36:19.726+0000] {processor.py:183} INFO - Processing /home/airflow/.local/lib/python3.12/site-packages/airflow/example_dags/example_branch_python_dop_operator_3.py took 0.122 seconds
[2024-06-17T23:39:01.019+0000] {processor.py:161} INFO - Started process (PID=73) to work on /home/airflow/.local/lib/python3.12/site-packages/airflow/example_dags/example_branch_python_dop_operator_3.py
[2024-06-17T23:39:01.020+0000] {processor.py:830} INFO - Processing file /home/airflow/.local/lib/python3.12/site-packages/airflow/example_dags/example_branch_python_dop_operator_3.py for tasks to queue
[2024-06-17T23:39:01.023+0000] {logging_mixin.py:188} INFO - [2024-06-17T23:39:01.022+0000] {dagbag.py:545} INFO - Filling up the DagBag from /home/airflow/.local/lib/python3.12/site-packages/airflow/example_dags/example_branch_python_dop_operator_3.py
[2024-06-17T23:39:01.034+0000] {processor.py:840} INFO - DAG(s) 'example_branch_dop_operator_v3' retrieved from /home/airflow/.local/lib/python3.12/site-packages/airflow/example_dags/example_branch_python_dop_operator_3.py
[2024-06-17T23:39:01.049+0000] {logging_mixin.py:188} INFO - [2024-06-17T23:39:01.049+0000] {dag.py:3096} INFO - Sync 1 DAGs
[2024-06-17T23:39:01.083+0000] {logging_mixin.py:188} INFO - [2024-06-17T23:39:01.082+0000] {dag.py:3954} INFO - Setting next_dagrun for example_branch_dop_operator_v3 to 2024-06-17 23:38:00+00:00, run_after=2024-06-17 23:39:00+00:00
[2024-06-17T23:39:01.108+0000] {processor.py:183} INFO - Processing /home/airflow/.local/lib/python3.12/site-packages/airflow/example_dags/example_branch_python_dop_operator_3.py took 0.095 seconds
[2024-06-17T23:39:33.615+0000] {processor.py:161} INFO - Started process (PID=133) to work on /home/airflow/.local/lib/python3.12/site-packages/airflow/example_dags/example_branch_python_dop_operator_3.py
[2024-06-17T23:39:33.617+0000] {processor.py:830} INFO - Processing file /home/airflow/.local/lib/python3.12/site-packages/airflow/example_dags/example_branch_python_dop_operator_3.py for tasks to queue
[2024-06-17T23:39:33.619+0000] {logging_mixin.py:188} INFO - [2024-06-17T23:39:33.619+0000] {dagbag.py:545} INFO - Filling up the DagBag from /home/airflow/.local/lib/python3.12/site-packages/airflow/example_dags/example_branch_python_dop_operator_3.py
[2024-06-17T23:39:33.628+0000] {processor.py:840} INFO - DAG(s) 'example_branch_dop_operator_v3' retrieved from /home/airflow/.local/lib/python3.12/site-packages/airflow/example_dags/example_branch_python_dop_operator_3.py
[2024-06-17T23:39:33.736+0000] {logging_mixin.py:188} INFO - [2024-06-17T23:39:33.736+0000] {dag.py:3096} INFO - Sync 1 DAGs
[2024-06-17T23:39:33.762+0000] {logging_mixin.py:188} INFO - [2024-06-17T23:39:33.762+0000] {dag.py:3954} INFO - Setting next_dagrun for example_branch_dop_operator_v3 to 2024-06-17 23:38:00+00:00, run_after=2024-06-17 23:39:00+00:00
[2024-06-17T23:39:33.783+0000] {processor.py:183} INFO - Processing /home/airflow/.local/lib/python3.12/site-packages/airflow/example_dags/example_branch_python_dop_operator_3.py took 0.174 seconds
[2024-06-17T23:40:03.922+0000] {processor.py:161} INFO - Started process (PID=193) to work on /home/airflow/.local/lib/python3.12/site-packages/airflow/example_dags/example_branch_python_dop_operator_3.py
[2024-06-17T23:40:03.924+0000] {processor.py:830} INFO - Processing file /home/airflow/.local/lib/python3.12/site-packages/airflow/example_dags/example_branch_python_dop_operator_3.py for tasks to queue
[2024-06-17T23:40:03.926+0000] {logging_mixin.py:188} INFO - [2024-06-17T23:40:03.926+0000] {dagbag.py:545} INFO - Filling up the DagBag from /home/airflow/.local/lib/python3.12/site-packages/airflow/example_dags/example_branch_python_dop_operator_3.py
[2024-06-17T23:40:03.936+0000] {processor.py:840} INFO - DAG(s) 'example_branch_dop_operator_v3' retrieved from /home/airflow/.local/lib/python3.12/site-packages/airflow/example_dags/example_branch_python_dop_operator_3.py
[2024-06-17T23:40:03.961+0000] {logging_mixin.py:188} INFO - [2024-06-17T23:40:03.961+0000] {dag.py:3096} INFO - Sync 1 DAGs
[2024-06-17T23:40:03.993+0000] {logging_mixin.py:188} INFO - [2024-06-17T23:40:03.993+0000] {dag.py:3954} INFO - Setting next_dagrun for example_branch_dop_operator_v3 to 2024-06-17 23:39:00+00:00, run_after=2024-06-17 23:40:00+00:00
[2024-06-17T23:40:04.023+0000] {processor.py:183} INFO - Processing /home/airflow/.local/lib/python3.12/site-packages/airflow/example_dags/example_branch_python_dop_operator_3.py took 0.108 seconds
[2024-06-17T23:40:34.177+0000] {processor.py:161} INFO - Started process (PID=253) to work on /home/airflow/.local/lib/python3.12/site-packages/airflow/example_dags/example_branch_python_dop_operator_3.py
[2024-06-17T23:40:34.178+0000] {processor.py:830} INFO - Processing file /home/airflow/.local/lib/python3.12/site-packages/airflow/example_dags/example_branch_python_dop_operator_3.py for tasks to queue
[2024-06-17T23:40:34.180+0000] {logging_mixin.py:188} INFO - [2024-06-17T23:40:34.179+0000] {dagbag.py:545} INFO - Filling up the DagBag from /home/airflow/.local/lib/python3.12/site-packages/airflow/example_dags/example_branch_python_dop_operator_3.py
[2024-06-17T23:40:34.189+0000] {processor.py:840} INFO - DAG(s) 'example_branch_dop_operator_v3' retrieved from /home/airflow/.local/lib/python3.12/site-packages/airflow/example_dags/example_branch_python_dop_operator_3.py
[2024-06-17T23:40:34.214+0000] {logging_mixin.py:188} INFO - [2024-06-17T23:40:34.214+0000] {dag.py:3096} INFO - Sync 1 DAGs
[2024-06-17T23:40:34.238+0000] {logging_mixin.py:188} INFO - [2024-06-17T23:40:34.238+0000] {dag.py:3954} INFO - Setting next_dagrun for example_branch_dop_operator_v3 to 2024-06-17 23:39:00+00:00, run_after=2024-06-17 23:40:00+00:00
[2024-06-17T23:40:34.256+0000] {processor.py:183} INFO - Processing /home/airflow/.local/lib/python3.12/site-packages/airflow/example_dags/example_branch_python_dop_operator_3.py took 0.085 seconds
[2024-06-17T23:41:04.883+0000] {processor.py:161} INFO - Started process (PID=313) to work on /home/airflow/.local/lib/python3.12/site-packages/airflow/example_dags/example_branch_python_dop_operator_3.py
[2024-06-17T23:41:04.885+0000] {processor.py:830} INFO - Processing file /home/airflow/.local/lib/python3.12/site-packages/airflow/example_dags/example_branch_python_dop_operator_3.py for tasks to queue
[2024-06-17T23:41:04.888+0000] {logging_mixin.py:188} INFO - [2024-06-17T23:41:04.887+0000] {dagbag.py:545} INFO - Filling up the DagBag from /home/airflow/.local/lib/python3.12/site-packages/airflow/example_dags/example_branch_python_dop_operator_3.py
[2024-06-17T23:41:04.898+0000] {processor.py:840} INFO - DAG(s) 'example_branch_dop_operator_v3' retrieved from /home/airflow/.local/lib/python3.12/site-packages/airflow/example_dags/example_branch_python_dop_operator_3.py
[2024-06-17T23:41:04.927+0000] {logging_mixin.py:188} INFO - [2024-06-17T23:41:04.927+0000] {dag.py:3096} INFO - Sync 1 DAGs
[2024-06-17T23:41:04.960+0000] {logging_mixin.py:188} INFO - [2024-06-17T23:41:04.959+0000] {dag.py:3954} INFO - Setting next_dagrun for example_branch_dop_operator_v3 to 2024-06-17 23:40:00+00:00, run_after=2024-06-17 23:41:00+00:00
[2024-06-17T23:41:04.981+0000] {processor.py:183} INFO - Processing /home/airflow/.local/lib/python3.12/site-packages/airflow/example_dags/example_branch_python_dop_operator_3.py took 0.108 seconds
[2024-06-17T23:41:35.805+0000] {processor.py:161} INFO - Started process (PID=373) to work on /home/airflow/.local/lib/python3.12/site-packages/airflow/example_dags/example_branch_python_dop_operator_3.py
[2024-06-17T23:41:35.806+0000] {processor.py:830} INFO - Processing file /home/airflow/.local/lib/python3.12/site-packages/airflow/example_dags/example_branch_python_dop_operator_3.py for tasks to queue
[2024-06-17T23:41:35.808+0000] {logging_mixin.py:188} INFO - [2024-06-17T23:41:35.808+0000] {dagbag.py:545} INFO - Filling up the DagBag from /home/airflow/.local/lib/python3.12/site-packages/airflow/example_dags/example_branch_python_dop_operator_3.py
[2024-06-17T23:41:35.818+0000] {processor.py:840} INFO - DAG(s) 'example_branch_dop_operator_v3' retrieved from /home/airflow/.local/lib/python3.12/site-packages/airflow/example_dags/example_branch_python_dop_operator_3.py
[2024-06-17T23:41:35.842+0000] {logging_mixin.py:188} INFO - [2024-06-17T23:41:35.841+0000] {dag.py:3096} INFO - Sync 1 DAGs
[2024-06-17T23:41:35.870+0000] {logging_mixin.py:188} INFO - [2024-06-17T23:41:35.870+0000] {dag.py:3954} INFO - Setting next_dagrun for example_branch_dop_operator_v3 to 2024-06-17 23:40:00+00:00, run_after=2024-06-17 23:41:00+00:00
[2024-06-17T23:41:35.893+0000] {processor.py:183} INFO - Processing /home/airflow/.local/lib/python3.12/site-packages/airflow/example_dags/example_branch_python_dop_operator_3.py took 0.096 seconds
[2024-06-17T23:42:06.490+0000] {processor.py:161} INFO - Started process (PID=433) to work on /home/airflow/.local/lib/python3.12/site-packages/airflow/example_dags/example_branch_python_dop_operator_3.py
[2024-06-17T23:42:06.491+0000] {processor.py:830} INFO - Processing file /home/airflow/.local/lib/python3.12/site-packages/airflow/example_dags/example_branch_python_dop_operator_3.py for tasks to queue
[2024-06-17T23:42:06.493+0000] {logging_mixin.py:188} INFO - [2024-06-17T23:42:06.492+0000] {dagbag.py:545} INFO - Filling up the DagBag from /home/airflow/.local/lib/python3.12/site-packages/airflow/example_dags/example_branch_python_dop_operator_3.py
[2024-06-17T23:42:06.504+0000] {processor.py:840} INFO - DAG(s) 'example_branch_dop_operator_v3' retrieved from /home/airflow/.local/lib/python3.12/site-packages/airflow/example_dags/example_branch_python_dop_operator_3.py
[2024-06-17T23:42:06.528+0000] {logging_mixin.py:188} INFO - [2024-06-17T23:42:06.528+0000] {dag.py:3096} INFO - Sync 1 DAGs
[2024-06-17T23:42:06.553+0000] {logging_mixin.py:188} INFO - [2024-06-17T23:42:06.553+0000] {dag.py:3954} INFO - Setting next_dagrun for example_branch_dop_operator_v3 to 2024-06-17 23:41:00+00:00, run_after=2024-06-17 23:42:00+00:00
[2024-06-17T23:42:06.584+0000] {processor.py:183} INFO - Processing /home/airflow/.local/lib/python3.12/site-packages/airflow/example_dags/example_branch_python_dop_operator_3.py took 0.100 seconds
[2024-06-17T23:42:36.933+0000] {processor.py:161} INFO - Started process (PID=493) to work on /home/airflow/.local/lib/python3.12/site-packages/airflow/example_dags/example_branch_python_dop_operator_3.py
[2024-06-17T23:42:36.935+0000] {processor.py:830} INFO - Processing file /home/airflow/.local/lib/python3.12/site-packages/airflow/example_dags/example_branch_python_dop_operator_3.py for tasks to queue
[2024-06-17T23:42:36.937+0000] {logging_mixin.py:188} INFO - [2024-06-17T23:42:36.937+0000] {dagbag.py:545} INFO - Filling up the DagBag from /home/airflow/.local/lib/python3.12/site-packages/airflow/example_dags/example_branch_python_dop_operator_3.py
[2024-06-17T23:42:36.948+0000] {processor.py:840} INFO - DAG(s) 'example_branch_dop_operator_v3' retrieved from /home/airflow/.local/lib/python3.12/site-packages/airflow/example_dags/example_branch_python_dop_operator_3.py
[2024-06-17T23:42:36.973+0000] {logging_mixin.py:188} INFO - [2024-06-17T23:42:36.973+0000] {dag.py:3096} INFO - Sync 1 DAGs
[2024-06-17T23:42:37.005+0000] {logging_mixin.py:188} INFO - [2024-06-17T23:42:37.005+0000] {dag.py:3954} INFO - Setting next_dagrun for example_branch_dop_operator_v3 to 2024-06-17 23:41:00+00:00, run_after=2024-06-17 23:42:00+00:00
[2024-06-17T23:42:37.028+0000] {processor.py:183} INFO - Processing /home/airflow/.local/lib/python3.12/site-packages/airflow/example_dags/example_branch_python_dop_operator_3.py took 0.102 seconds
[2024-06-17T23:43:08.599+0000] {processor.py:161} INFO - Started process (PID=553) to work on /home/airflow/.local/lib/python3.12/site-packages/airflow/example_dags/example_branch_python_dop_operator_3.py
[2024-06-17T23:43:08.600+0000] {processor.py:830} INFO - Processing file /home/airflow/.local/lib/python3.12/site-packages/airflow/example_dags/example_branch_python_dop_operator_3.py for tasks to queue
[2024-06-17T23:43:08.603+0000] {logging_mixin.py:188} INFO - [2024-06-17T23:43:08.602+0000] {dagbag.py:545} INFO - Filling up the DagBag from /home/airflow/.local/lib/python3.12/site-packages/airflow/example_dags/example_branch_python_dop_operator_3.py
[2024-06-17T23:43:08.613+0000] {processor.py:840} INFO - DAG(s) 'example_branch_dop_operator_v3' retrieved from /home/airflow/.local/lib/python3.12/site-packages/airflow/example_dags/example_branch_python_dop_operator_3.py
[2024-06-17T23:43:08.637+0000] {logging_mixin.py:188} INFO - [2024-06-17T23:43:08.637+0000] {dag.py:3096} INFO - Sync 1 DAGs
[2024-06-17T23:43:08.673+0000] {logging_mixin.py:188} INFO - [2024-06-17T23:43:08.673+0000] {dag.py:3954} INFO - Setting next_dagrun for example_branch_dop_operator_v3 to 2024-06-17 23:42:00+00:00, run_after=2024-06-17 23:43:00+00:00
[2024-06-17T23:43:08.699+0000] {processor.py:183} INFO - Processing /home/airflow/.local/lib/python3.12/site-packages/airflow/example_dags/example_branch_python_dop_operator_3.py took 0.109 seconds
[2024-06-17T23:43:39.892+0000] {processor.py:161} INFO - Started process (PID=613) to work on /home/airflow/.local/lib/python3.12/site-packages/airflow/example_dags/example_branch_python_dop_operator_3.py
[2024-06-17T23:43:39.893+0000] {processor.py:830} INFO - Processing file /home/airflow/.local/lib/python3.12/site-packages/airflow/example_dags/example_branch_python_dop_operator_3.py for tasks to queue
[2024-06-17T23:43:39.896+0000] {logging_mixin.py:188} INFO - [2024-06-17T23:43:39.895+0000] {dagbag.py:545} INFO - Filling up the DagBag from /home/airflow/.local/lib/python3.12/site-packages/airflow/example_dags/example_branch_python_dop_operator_3.py
[2024-06-17T23:43:39.908+0000] {processor.py:840} INFO - DAG(s) 'example_branch_dop_operator_v3' retrieved from /home/airflow/.local/lib/python3.12/site-packages/airflow/example_dags/example_branch_python_dop_operator_3.py
[2024-06-17T23:43:39.945+0000] {logging_mixin.py:188} INFO - [2024-06-17T23:43:39.945+0000] {dag.py:3096} INFO - Sync 1 DAGs
[2024-06-17T23:43:40.018+0000] {logging_mixin.py:188} INFO - [2024-06-17T23:43:40.017+0000] {dag.py:3954} INFO - Setting next_dagrun for example_branch_dop_operator_v3 to 2024-06-17 23:42:00+00:00, run_after=2024-06-17 23:43:00+00:00
[2024-06-17T23:43:40.083+0000] {processor.py:183} INFO - Processing /home/airflow/.local/lib/python3.12/site-packages/airflow/example_dags/example_branch_python_dop_operator_3.py took 0.200 seconds
[2024-06-17T23:44:10.320+0000] {processor.py:161} INFO - Started process (PID=679) to work on /home/airflow/.local/lib/python3.12/site-packages/airflow/example_dags/example_branch_python_dop_operator_3.py
[2024-06-17T23:44:10.322+0000] {processor.py:830} INFO - Processing file /home/airflow/.local/lib/python3.12/site-packages/airflow/example_dags/example_branch_python_dop_operator_3.py for tasks to queue
[2024-06-17T23:44:10.325+0000] {logging_mixin.py:188} INFO - [2024-06-17T23:44:10.325+0000] {dagbag.py:545} INFO - Filling up the DagBag from /home/airflow/.local/lib/python3.12/site-packages/airflow/example_dags/example_branch_python_dop_operator_3.py
[2024-06-17T23:44:10.341+0000] {processor.py:840} INFO - DAG(s) 'example_branch_dop_operator_v3' retrieved from /home/airflow/.local/lib/python3.12/site-packages/airflow/example_dags/example_branch_python_dop_operator_3.py
[2024-06-17T23:44:10.368+0000] {logging_mixin.py:188} INFO - [2024-06-17T23:44:10.367+0000] {dag.py:3096} INFO - Sync 1 DAGs
[2024-06-17T23:44:10.417+0000] {logging_mixin.py:188} INFO - [2024-06-17T23:44:10.417+0000] {dag.py:3954} INFO - Setting next_dagrun for example_branch_dop_operator_v3 to 2024-06-17 23:43:00+00:00, run_after=2024-06-17 23:44:00+00:00
[2024-06-17T23:44:10.450+0000] {processor.py:183} INFO - Processing /home/airflow/.local/lib/python3.12/site-packages/airflow/example_dags/example_branch_python_dop_operator_3.py took 0.138 seconds
[2024-06-17T23:44:41.346+0000] {processor.py:161} INFO - Started process (PID=739) to work on /home/airflow/.local/lib/python3.12/site-packages/airflow/example_dags/example_branch_python_dop_operator_3.py
[2024-06-17T23:44:41.347+0000] {processor.py:830} INFO - Processing file /home/airflow/.local/lib/python3.12/site-packages/airflow/example_dags/example_branch_python_dop_operator_3.py for tasks to queue
[2024-06-17T23:44:41.349+0000] {logging_mixin.py:188} INFO - [2024-06-17T23:44:41.349+0000] {dagbag.py:545} INFO - Filling up the DagBag from /home/airflow/.local/lib/python3.12/site-packages/airflow/example_dags/example_branch_python_dop_operator_3.py
[2024-06-17T23:44:41.360+0000] {processor.py:840} INFO - DAG(s) 'example_branch_dop_operator_v3' retrieved from /home/airflow/.local/lib/python3.12/site-packages/airflow/example_dags/example_branch_python_dop_operator_3.py
[2024-06-17T23:44:41.385+0000] {logging_mixin.py:188} INFO - [2024-06-17T23:44:41.385+0000] {dag.py:3096} INFO - Sync 1 DAGs
[2024-06-17T23:44:41.419+0000] {logging_mixin.py:188} INFO - [2024-06-17T23:44:41.419+0000] {dag.py:3954} INFO - Setting next_dagrun for example_branch_dop_operator_v3 to 2024-06-17 23:43:00+00:00, run_after=2024-06-17 23:44:00+00:00
[2024-06-17T23:44:41.442+0000] {processor.py:183} INFO - Processing /home/airflow/.local/lib/python3.12/site-packages/airflow/example_dags/example_branch_python_dop_operator_3.py took 0.105 seconds
[2024-06-17T23:45:12.401+0000] {processor.py:161} INFO - Started process (PID=799) to work on /home/airflow/.local/lib/python3.12/site-packages/airflow/example_dags/example_branch_python_dop_operator_3.py
[2024-06-17T23:45:12.403+0000] {processor.py:830} INFO - Processing file /home/airflow/.local/lib/python3.12/site-packages/airflow/example_dags/example_branch_python_dop_operator_3.py for tasks to queue
[2024-06-17T23:45:12.406+0000] {logging_mixin.py:188} INFO - [2024-06-17T23:45:12.405+0000] {dagbag.py:545} INFO - Filling up the DagBag from /home/airflow/.local/lib/python3.12/site-packages/airflow/example_dags/example_branch_python_dop_operator_3.py
[2024-06-17T23:45:12.417+0000] {processor.py:840} INFO - DAG(s) 'example_branch_dop_operator_v3' retrieved from /home/airflow/.local/lib/python3.12/site-packages/airflow/example_dags/example_branch_python_dop_operator_3.py
[2024-06-17T23:45:12.443+0000] {logging_mixin.py:188} INFO - [2024-06-17T23:45:12.442+0000] {dag.py:3096} INFO - Sync 1 DAGs
[2024-06-17T23:45:12.473+0000] {logging_mixin.py:188} INFO - [2024-06-17T23:45:12.473+0000] {dag.py:3954} INFO - Setting next_dagrun for example_branch_dop_operator_v3 to 2024-06-17 23:44:00+00:00, run_after=2024-06-17 23:45:00+00:00
[2024-06-17T23:45:12.504+0000] {processor.py:183} INFO - Processing /home/airflow/.local/lib/python3.12/site-packages/airflow/example_dags/example_branch_python_dop_operator_3.py took 0.111 seconds
[2024-06-17T23:45:42.772+0000] {processor.py:161} INFO - Started process (PID=859) to work on /home/airflow/.local/lib/python3.12/site-packages/airflow/example_dags/example_branch_python_dop_operator_3.py
[2024-06-17T23:45:42.773+0000] {processor.py:830} INFO - Processing file /home/airflow/.local/lib/python3.12/site-packages/airflow/example_dags/example_branch_python_dop_operator_3.py for tasks to queue
[2024-06-17T23:45:42.776+0000] {logging_mixin.py:188} INFO - [2024-06-17T23:45:42.776+0000] {dagbag.py:545} INFO - Filling up the DagBag from /home/airflow/.local/lib/python3.12/site-packages/airflow/example_dags/example_branch_python_dop_operator_3.py
[2024-06-17T23:45:42.789+0000] {processor.py:840} INFO - DAG(s) 'example_branch_dop_operator_v3' retrieved from /home/airflow/.local/lib/python3.12/site-packages/airflow/example_dags/example_branch_python_dop_operator_3.py
[2024-06-17T23:45:42.816+0000] {logging_mixin.py:188} INFO - [2024-06-17T23:45:42.816+0000] {dag.py:3096} INFO - Sync 1 DAGs
[2024-06-17T23:45:42.849+0000] {logging_mixin.py:188} INFO - [2024-06-17T23:45:42.848+0000] {dag.py:3954} INFO - Setting next_dagrun for example_branch_dop_operator_v3 to 2024-06-17 23:44:00+00:00, run_after=2024-06-17 23:45:00+00:00
[2024-06-17T23:45:42.871+0000] {processor.py:183} INFO - Processing /home/airflow/.local/lib/python3.12/site-packages/airflow/example_dags/example_branch_python_dop_operator_3.py took 0.110 seconds
[2024-06-17T23:46:14.312+0000] {processor.py:161} INFO - Started process (PID=919) to work on /home/airflow/.local/lib/python3.12/site-packages/airflow/example_dags/example_branch_python_dop_operator_3.py
[2024-06-17T23:46:14.313+0000] {processor.py:830} INFO - Processing file /home/airflow/.local/lib/python3.12/site-packages/airflow/example_dags/example_branch_python_dop_operator_3.py for tasks to queue
[2024-06-17T23:46:14.316+0000] {logging_mixin.py:188} INFO - [2024-06-17T23:46:14.316+0000] {dagbag.py:545} INFO - Filling up the DagBag from /home/airflow/.local/lib/python3.12/site-packages/airflow/example_dags/example_branch_python_dop_operator_3.py
[2024-06-17T23:46:14.327+0000] {processor.py:840} INFO - DAG(s) 'example_branch_dop_operator_v3' retrieved from /home/airflow/.local/lib/python3.12/site-packages/airflow/example_dags/example_branch_python_dop_operator_3.py
[2024-06-17T23:46:14.354+0000] {logging_mixin.py:188} INFO - [2024-06-17T23:46:14.354+0000] {dag.py:3096} INFO - Sync 1 DAGs
[2024-06-17T23:46:14.388+0000] {logging_mixin.py:188} INFO - [2024-06-17T23:46:14.388+0000] {dag.py:3954} INFO - Setting next_dagrun for example_branch_dop_operator_v3 to 2024-06-17 23:45:00+00:00, run_after=2024-06-17 23:46:00+00:00
[2024-06-17T23:46:14.417+0000] {processor.py:183} INFO - Processing /home/airflow/.local/lib/python3.12/site-packages/airflow/example_dags/example_branch_python_dop_operator_3.py took 0.111 seconds
[2024-06-17T23:46:45.450+0000] {processor.py:161} INFO - Started process (PID=979) to work on /home/airflow/.local/lib/python3.12/site-packages/airflow/example_dags/example_branch_python_dop_operator_3.py
[2024-06-17T23:46:45.451+0000] {processor.py:830} INFO - Processing file /home/airflow/.local/lib/python3.12/site-packages/airflow/example_dags/example_branch_python_dop_operator_3.py for tasks to queue
[2024-06-17T23:46:45.455+0000] {logging_mixin.py:188} INFO - [2024-06-17T23:46:45.454+0000] {dagbag.py:545} INFO - Filling up the DagBag from /home/airflow/.local/lib/python3.12/site-packages/airflow/example_dags/example_branch_python_dop_operator_3.py
[2024-06-17T23:46:45.467+0000] {processor.py:840} INFO - DAG(s) 'example_branch_dop_operator_v3' retrieved from /home/airflow/.local/lib/python3.12/site-packages/airflow/example_dags/example_branch_python_dop_operator_3.py
[2024-06-17T23:46:45.492+0000] {logging_mixin.py:188} INFO - [2024-06-17T23:46:45.492+0000] {dag.py:3096} INFO - Sync 1 DAGs
[2024-06-17T23:46:45.532+0000] {logging_mixin.py:188} INFO - [2024-06-17T23:46:45.532+0000] {dag.py:3954} INFO - Setting next_dagrun for example_branch_dop_operator_v3 to 2024-06-17 23:45:00+00:00, run_after=2024-06-17 23:46:00+00:00
[2024-06-17T23:46:45.562+0000] {processor.py:183} INFO - Processing /home/airflow/.local/lib/python3.12/site-packages/airflow/example_dags/example_branch_python_dop_operator_3.py took 0.119 seconds
[2024-06-17T23:47:16.697+0000] {processor.py:161} INFO - Started process (PID=1039) to work on /home/airflow/.local/lib/python3.12/site-packages/airflow/example_dags/example_branch_python_dop_operator_3.py
[2024-06-17T23:47:16.698+0000] {processor.py:830} INFO - Processing file /home/airflow/.local/lib/python3.12/site-packages/airflow/example_dags/example_branch_python_dop_operator_3.py for tasks to queue
[2024-06-17T23:47:16.701+0000] {logging_mixin.py:188} INFO - [2024-06-17T23:47:16.700+0000] {dagbag.py:545} INFO - Filling up the DagBag from /home/airflow/.local/lib/python3.12/site-packages/airflow/example_dags/example_branch_python_dop_operator_3.py
[2024-06-17T23:47:16.710+0000] {processor.py:840} INFO - DAG(s) 'example_branch_dop_operator_v3' retrieved from /home/airflow/.local/lib/python3.12/site-packages/airflow/example_dags/example_branch_python_dop_operator_3.py
[2024-06-17T23:47:16.733+0000] {logging_mixin.py:188} INFO - [2024-06-17T23:47:16.733+0000] {dag.py:3096} INFO - Sync 1 DAGs
[2024-06-17T23:47:16.763+0000] {logging_mixin.py:188} INFO - [2024-06-17T23:47:16.763+0000] {dag.py:3954} INFO - Setting next_dagrun for example_branch_dop_operator_v3 to 2024-06-17 23:46:00+00:00, run_after=2024-06-17 23:47:00+00:00
[2024-06-17T23:47:16.796+0000] {processor.py:183} INFO - Processing /home/airflow/.local/lib/python3.12/site-packages/airflow/example_dags/example_branch_python_dop_operator_3.py took 0.105 seconds
[2024-06-17T23:47:47.547+0000] {processor.py:161} INFO - Started process (PID=1099) to work on /home/airflow/.local/lib/python3.12/site-packages/airflow/example_dags/example_branch_python_dop_operator_3.py
[2024-06-17T23:47:47.549+0000] {processor.py:830} INFO - Processing file /home/airflow/.local/lib/python3.12/site-packages/airflow/example_dags/example_branch_python_dop_operator_3.py for tasks to queue
[2024-06-17T23:47:47.552+0000] {logging_mixin.py:188} INFO - [2024-06-17T23:47:47.551+0000] {dagbag.py:545} INFO - Filling up the DagBag from /home/airflow/.local/lib/python3.12/site-packages/airflow/example_dags/example_branch_python_dop_operator_3.py
[2024-06-17T23:47:47.561+0000] {processor.py:840} INFO - DAG(s) 'example_branch_dop_operator_v3' retrieved from /home/airflow/.local/lib/python3.12/site-packages/airflow/example_dags/example_branch_python_dop_operator_3.py
[2024-06-17T23:47:47.586+0000] {logging_mixin.py:188} INFO - [2024-06-17T23:47:47.586+0000] {dag.py:3096} INFO - Sync 1 DAGs
[2024-06-17T23:47:47.617+0000] {logging_mixin.py:188} INFO - [2024-06-17T23:47:47.617+0000] {dag.py:3954} INFO - Setting next_dagrun for example_branch_dop_operator_v3 to 2024-06-17 23:46:00+00:00, run_after=2024-06-17 23:47:00+00:00
[2024-06-17T23:47:47.645+0000] {processor.py:183} INFO - Processing /home/airflow/.local/lib/python3.12/site-packages/airflow/example_dags/example_branch_python_dop_operator_3.py took 0.104 seconds
[2024-06-17T23:48:18.212+0000] {processor.py:161} INFO - Started process (PID=1159) to work on /home/airflow/.local/lib/python3.12/site-packages/airflow/example_dags/example_branch_python_dop_operator_3.py
[2024-06-17T23:48:18.213+0000] {processor.py:830} INFO - Processing file /home/airflow/.local/lib/python3.12/site-packages/airflow/example_dags/example_branch_python_dop_operator_3.py for tasks to queue
[2024-06-17T23:48:18.216+0000] {logging_mixin.py:188} INFO - [2024-06-17T23:48:18.216+0000] {dagbag.py:545} INFO - Filling up the DagBag from /home/airflow/.local/lib/python3.12/site-packages/airflow/example_dags/example_branch_python_dop_operator_3.py
[2024-06-17T23:48:18.227+0000] {processor.py:840} INFO - DAG(s) 'example_branch_dop_operator_v3' retrieved from /home/airflow/.local/lib/python3.12/site-packages/airflow/example_dags/example_branch_python_dop_operator_3.py
[2024-06-17T23:48:18.254+0000] {logging_mixin.py:188} INFO - [2024-06-17T23:48:18.254+0000] {dag.py:3096} INFO - Sync 1 DAGs
[2024-06-17T23:48:18.286+0000] {logging_mixin.py:188} INFO - [2024-06-17T23:48:18.286+0000] {dag.py:3954} INFO - Setting next_dagrun for example_branch_dop_operator_v3 to 2024-06-17 23:47:00+00:00, run_after=2024-06-17 23:48:00+00:00
[2024-06-17T23:48:18.308+0000] {processor.py:183} INFO - Processing /home/airflow/.local/lib/python3.12/site-packages/airflow/example_dags/example_branch_python_dop_operator_3.py took 0.103 seconds
[2024-06-17T23:48:48.666+0000] {processor.py:161} INFO - Started process (PID=1219) to work on /home/airflow/.local/lib/python3.12/site-packages/airflow/example_dags/example_branch_python_dop_operator_3.py
[2024-06-17T23:48:48.667+0000] {processor.py:830} INFO - Processing file /home/airflow/.local/lib/python3.12/site-packages/airflow/example_dags/example_branch_python_dop_operator_3.py for tasks to queue
[2024-06-17T23:48:48.670+0000] {logging_mixin.py:188} INFO - [2024-06-17T23:48:48.670+0000] {dagbag.py:545} INFO - Filling up the DagBag from /home/airflow/.local/lib/python3.12/site-packages/airflow/example_dags/example_branch_python_dop_operator_3.py
[2024-06-17T23:48:48.680+0000] {processor.py:840} INFO - DAG(s) 'example_branch_dop_operator_v3' retrieved from /home/airflow/.local/lib/python3.12/site-packages/airflow/example_dags/example_branch_python_dop_operator_3.py
[2024-06-17T23:48:48.703+0000] {logging_mixin.py:188} INFO - [2024-06-17T23:48:48.703+0000] {dag.py:3096} INFO - Sync 1 DAGs
[2024-06-17T23:48:48.732+0000] {logging_mixin.py:188} INFO - [2024-06-17T23:48:48.732+0000] {dag.py:3954} INFO - Setting next_dagrun for example_branch_dop_operator_v3 to 2024-06-17 23:47:00+00:00, run_after=2024-06-17 23:48:00+00:00
[2024-06-17T23:48:48.754+0000] {processor.py:183} INFO - Processing /home/airflow/.local/lib/python3.12/site-packages/airflow/example_dags/example_branch_python_dop_operator_3.py took 0.096 seconds
[2024-06-17T23:49:19.395+0000] {processor.py:161} INFO - Started process (PID=1279) to work on /home/airflow/.local/lib/python3.12/site-packages/airflow/example_dags/example_branch_python_dop_operator_3.py
[2024-06-17T23:49:19.396+0000] {processor.py:830} INFO - Processing file /home/airflow/.local/lib/python3.12/site-packages/airflow/example_dags/example_branch_python_dop_operator_3.py for tasks to queue
[2024-06-17T23:49:19.399+0000] {logging_mixin.py:188} INFO - [2024-06-17T23:49:19.398+0000] {dagbag.py:545} INFO - Filling up the DagBag from /home/airflow/.local/lib/python3.12/site-packages/airflow/example_dags/example_branch_python_dop_operator_3.py
[2024-06-17T23:49:19.408+0000] {processor.py:840} INFO - DAG(s) 'example_branch_dop_operator_v3' retrieved from /home/airflow/.local/lib/python3.12/site-packages/airflow/example_dags/example_branch_python_dop_operator_3.py
[2024-06-17T23:49:19.431+0000] {logging_mixin.py:188} INFO - [2024-06-17T23:49:19.430+0000] {dag.py:3096} INFO - Sync 1 DAGs
[2024-06-17T23:49:19.458+0000] {logging_mixin.py:188} INFO - [2024-06-17T23:49:19.457+0000] {dag.py:3954} INFO - Setting next_dagrun for example_branch_dop_operator_v3 to 2024-06-17 23:48:00+00:00, run_after=2024-06-17 23:49:00+00:00
[2024-06-17T23:49:19.483+0000] {processor.py:183} INFO - Processing /home/airflow/.local/lib/python3.12/site-packages/airflow/example_dags/example_branch_python_dop_operator_3.py took 0.094 seconds
[2024-06-17T23:49:49.789+0000] {processor.py:161} INFO - Started process (PID=1337) to work on /home/airflow/.local/lib/python3.12/site-packages/airflow/example_dags/example_branch_python_dop_operator_3.py
[2024-06-17T23:49:49.790+0000] {processor.py:830} INFO - Processing file /home/airflow/.local/lib/python3.12/site-packages/airflow/example_dags/example_branch_python_dop_operator_3.py for tasks to queue
[2024-06-17T23:49:49.793+0000] {logging_mixin.py:188} INFO - [2024-06-17T23:49:49.792+0000] {dagbag.py:545} INFO - Filling up the DagBag from /home/airflow/.local/lib/python3.12/site-packages/airflow/example_dags/example_branch_python_dop_operator_3.py
[2024-06-17T23:49:49.804+0000] {processor.py:840} INFO - DAG(s) 'example_branch_dop_operator_v3' retrieved from /home/airflow/.local/lib/python3.12/site-packages/airflow/example_dags/example_branch_python_dop_operator_3.py
[2024-06-17T23:49:49.827+0000] {logging_mixin.py:188} INFO - [2024-06-17T23:49:49.827+0000] {dag.py:3096} INFO - Sync 1 DAGs
[2024-06-17T23:49:49.858+0000] {logging_mixin.py:188} INFO - [2024-06-17T23:49:49.858+0000] {dag.py:3954} INFO - Setting next_dagrun for example_branch_dop_operator_v3 to 2024-06-17 23:48:00+00:00, run_after=2024-06-17 23:49:00+00:00
[2024-06-17T23:49:49.882+0000] {processor.py:183} INFO - Processing /home/airflow/.local/lib/python3.12/site-packages/airflow/example_dags/example_branch_python_dop_operator_3.py took 0.101 seconds
[2024-06-17T23:50:20.754+0000] {processor.py:161} INFO - Started process (PID=1397) to work on /home/airflow/.local/lib/python3.12/site-packages/airflow/example_dags/example_branch_python_dop_operator_3.py
[2024-06-17T23:50:20.756+0000] {processor.py:830} INFO - Processing file /home/airflow/.local/lib/python3.12/site-packages/airflow/example_dags/example_branch_python_dop_operator_3.py for tasks to queue
[2024-06-17T23:50:20.760+0000] {logging_mixin.py:188} INFO - [2024-06-17T23:50:20.760+0000] {dagbag.py:545} INFO - Filling up the DagBag from /home/airflow/.local/lib/python3.12/site-packages/airflow/example_dags/example_branch_python_dop_operator_3.py
[2024-06-17T23:50:20.772+0000] {processor.py:840} INFO - DAG(s) 'example_branch_dop_operator_v3' retrieved from /home/airflow/.local/lib/python3.12/site-packages/airflow/example_dags/example_branch_python_dop_operator_3.py
[2024-06-17T23:50:20.802+0000] {logging_mixin.py:188} INFO - [2024-06-17T23:50:20.802+0000] {dag.py:3096} INFO - Sync 1 DAGs
[2024-06-17T23:50:20.841+0000] {logging_mixin.py:188} INFO - [2024-06-17T23:50:20.840+0000] {dag.py:3954} INFO - Setting next_dagrun for example_branch_dop_operator_v3 to 2024-06-17 23:49:00+00:00, run_after=2024-06-17 23:50:00+00:00
[2024-06-17T23:50:20.876+0000] {processor.py:183} INFO - Processing /home/airflow/.local/lib/python3.12/site-packages/airflow/example_dags/example_branch_python_dop_operator_3.py took 0.131 seconds
[2024-06-17T23:50:51.320+0000] {processor.py:161} INFO - Started process (PID=1457) to work on /home/airflow/.local/lib/python3.12/site-packages/airflow/example_dags/example_branch_python_dop_operator_3.py
[2024-06-17T23:50:51.321+0000] {processor.py:830} INFO - Processing file /home/airflow/.local/lib/python3.12/site-packages/airflow/example_dags/example_branch_python_dop_operator_3.py for tasks to queue
[2024-06-17T23:50:51.324+0000] {logging_mixin.py:188} INFO - [2024-06-17T23:50:51.323+0000] {dagbag.py:545} INFO - Filling up the DagBag from /home/airflow/.local/lib/python3.12/site-packages/airflow/example_dags/example_branch_python_dop_operator_3.py
[2024-06-17T23:50:51.333+0000] {processor.py:840} INFO - DAG(s) 'example_branch_dop_operator_v3' retrieved from /home/airflow/.local/lib/python3.12/site-packages/airflow/example_dags/example_branch_python_dop_operator_3.py
[2024-06-17T23:50:51.356+0000] {logging_mixin.py:188} INFO - [2024-06-17T23:50:51.356+0000] {dag.py:3096} INFO - Sync 1 DAGs
[2024-06-17T23:50:51.384+0000] {logging_mixin.py:188} INFO - [2024-06-17T23:50:51.384+0000] {dag.py:3954} INFO - Setting next_dagrun for example_branch_dop_operator_v3 to 2024-06-17 23:49:00+00:00, run_after=2024-06-17 23:50:00+00:00
[2024-06-17T23:50:51.414+0000] {processor.py:183} INFO - Processing /home/airflow/.local/lib/python3.12/site-packages/airflow/example_dags/example_branch_python_dop_operator_3.py took 0.100 seconds
[2024-06-17T23:51:21.571+0000] {processor.py:161} INFO - Started process (PID=1517) to work on /home/airflow/.local/lib/python3.12/site-packages/airflow/example_dags/example_branch_python_dop_operator_3.py
[2024-06-17T23:51:21.572+0000] {processor.py:830} INFO - Processing file /home/airflow/.local/lib/python3.12/site-packages/airflow/example_dags/example_branch_python_dop_operator_3.py for tasks to queue
[2024-06-17T23:51:21.575+0000] {logging_mixin.py:188} INFO - [2024-06-17T23:51:21.574+0000] {dagbag.py:545} INFO - Filling up the DagBag from /home/airflow/.local/lib/python3.12/site-packages/airflow/example_dags/example_branch_python_dop_operator_3.py
[2024-06-17T23:51:21.584+0000] {processor.py:840} INFO - DAG(s) 'example_branch_dop_operator_v3' retrieved from /home/airflow/.local/lib/python3.12/site-packages/airflow/example_dags/example_branch_python_dop_operator_3.py
[2024-06-17T23:51:21.607+0000] {logging_mixin.py:188} INFO - [2024-06-17T23:51:21.607+0000] {dag.py:3096} INFO - Sync 1 DAGs
[2024-06-17T23:51:21.636+0000] {logging_mixin.py:188} INFO - [2024-06-17T23:51:21.635+0000] {dag.py:3954} INFO - Setting next_dagrun for example_branch_dop_operator_v3 to 2024-06-17 23:50:00+00:00, run_after=2024-06-17 23:51:00+00:00
[2024-06-17T23:51:21.665+0000] {processor.py:183} INFO - Processing /home/airflow/.local/lib/python3.12/site-packages/airflow/example_dags/example_branch_python_dop_operator_3.py took 0.100 seconds
[2024-06-17T23:51:51.885+0000] {processor.py:161} INFO - Started process (PID=1576) to work on /home/airflow/.local/lib/python3.12/site-packages/airflow/example_dags/example_branch_python_dop_operator_3.py
[2024-06-17T23:51:51.886+0000] {processor.py:830} INFO - Processing file /home/airflow/.local/lib/python3.12/site-packages/airflow/example_dags/example_branch_python_dop_operator_3.py for tasks to queue
[2024-06-17T23:51:51.890+0000] {logging_mixin.py:188} INFO - [2024-06-17T23:51:51.889+0000] {dagbag.py:545} INFO - Filling up the DagBag from /home/airflow/.local/lib/python3.12/site-packages/airflow/example_dags/example_branch_python_dop_operator_3.py
[2024-06-17T23:51:51.902+0000] {processor.py:840} INFO - DAG(s) 'example_branch_dop_operator_v3' retrieved from /home/airflow/.local/lib/python3.12/site-packages/airflow/example_dags/example_branch_python_dop_operator_3.py
[2024-06-17T23:51:51.928+0000] {logging_mixin.py:188} INFO - [2024-06-17T23:51:51.927+0000] {dag.py:3096} INFO - Sync 1 DAGs
[2024-06-17T23:51:52.114+0000] {logging_mixin.py:188} INFO - [2024-06-17T23:51:52.113+0000] {dag.py:3954} INFO - Setting next_dagrun for example_branch_dop_operator_v3 to 2024-06-17 23:50:00+00:00, run_after=2024-06-17 23:51:00+00:00
[2024-06-17T23:51:52.143+0000] {processor.py:183} INFO - Processing /home/airflow/.local/lib/python3.12/site-packages/airflow/example_dags/example_branch_python_dop_operator_3.py took 0.268 seconds
[2024-06-17T23:52:22.957+0000] {processor.py:161} INFO - Started process (PID=1636) to work on /home/airflow/.local/lib/python3.12/site-packages/airflow/example_dags/example_branch_python_dop_operator_3.py
[2024-06-17T23:52:22.961+0000] {processor.py:830} INFO - Processing file /home/airflow/.local/lib/python3.12/site-packages/airflow/example_dags/example_branch_python_dop_operator_3.py for tasks to queue
[2024-06-17T23:52:22.967+0000] {logging_mixin.py:188} INFO - [2024-06-17T23:52:22.966+0000] {dagbag.py:545} INFO - Filling up the DagBag from /home/airflow/.local/lib/python3.12/site-packages/airflow/example_dags/example_branch_python_dop_operator_3.py
[2024-06-17T23:52:22.984+0000] {processor.py:840} INFO - DAG(s) 'example_branch_dop_operator_v3' retrieved from /home/airflow/.local/lib/python3.12/site-packages/airflow/example_dags/example_branch_python_dop_operator_3.py
[2024-06-17T23:52:23.012+0000] {logging_mixin.py:188} INFO - [2024-06-17T23:52:23.012+0000] {dag.py:3096} INFO - Sync 1 DAGs
[2024-06-17T23:52:23.044+0000] {logging_mixin.py:188} INFO - [2024-06-17T23:52:23.044+0000] {dag.py:3954} INFO - Setting next_dagrun for example_branch_dop_operator_v3 to 2024-06-17 23:51:00+00:00, run_after=2024-06-17 23:52:00+00:00
[2024-06-17T23:52:23.076+0000] {processor.py:183} INFO - Processing /home/airflow/.local/lib/python3.12/site-packages/airflow/example_dags/example_branch_python_dop_operator_3.py took 0.132 seconds
[2024-06-17T23:52:53.184+0000] {processor.py:161} INFO - Started process (PID=1696) to work on /home/airflow/.local/lib/python3.12/site-packages/airflow/example_dags/example_branch_python_dop_operator_3.py
[2024-06-17T23:52:53.186+0000] {processor.py:830} INFO - Processing file /home/airflow/.local/lib/python3.12/site-packages/airflow/example_dags/example_branch_python_dop_operator_3.py for tasks to queue
[2024-06-17T23:52:53.189+0000] {logging_mixin.py:188} INFO - [2024-06-17T23:52:53.188+0000] {dagbag.py:545} INFO - Filling up the DagBag from /home/airflow/.local/lib/python3.12/site-packages/airflow/example_dags/example_branch_python_dop_operator_3.py
[2024-06-17T23:52:53.198+0000] {processor.py:840} INFO - DAG(s) 'example_branch_dop_operator_v3' retrieved from /home/airflow/.local/lib/python3.12/site-packages/airflow/example_dags/example_branch_python_dop_operator_3.py
[2024-06-17T23:52:53.224+0000] {logging_mixin.py:188} INFO - [2024-06-17T23:52:53.224+0000] {dag.py:3096} INFO - Sync 1 DAGs
[2024-06-17T23:52:53.256+0000] {logging_mixin.py:188} INFO - [2024-06-17T23:52:53.256+0000] {dag.py:3954} INFO - Setting next_dagrun for example_branch_dop_operator_v3 to 2024-06-17 23:51:00+00:00, run_after=2024-06-17 23:52:00+00:00
[2024-06-17T23:52:53.283+0000] {processor.py:183} INFO - Processing /home/airflow/.local/lib/python3.12/site-packages/airflow/example_dags/example_branch_python_dop_operator_3.py took 0.106 seconds
[2024-06-17T23:53:23.660+0000] {processor.py:161} INFO - Started process (PID=1756) to work on /home/airflow/.local/lib/python3.12/site-packages/airflow/example_dags/example_branch_python_dop_operator_3.py
[2024-06-17T23:53:23.662+0000] {processor.py:830} INFO - Processing file /home/airflow/.local/lib/python3.12/site-packages/airflow/example_dags/example_branch_python_dop_operator_3.py for tasks to queue
[2024-06-17T23:53:23.665+0000] {logging_mixin.py:188} INFO - [2024-06-17T23:53:23.664+0000] {dagbag.py:545} INFO - Filling up the DagBag from /home/airflow/.local/lib/python3.12/site-packages/airflow/example_dags/example_branch_python_dop_operator_3.py
[2024-06-17T23:53:23.678+0000] {processor.py:840} INFO - DAG(s) 'example_branch_dop_operator_v3' retrieved from /home/airflow/.local/lib/python3.12/site-packages/airflow/example_dags/example_branch_python_dop_operator_3.py
[2024-06-17T23:53:23.701+0000] {logging_mixin.py:188} INFO - [2024-06-17T23:53:23.701+0000] {dag.py:3096} INFO - Sync 1 DAGs
[2024-06-17T23:53:23.731+0000] {logging_mixin.py:188} INFO - [2024-06-17T23:53:23.730+0000] {dag.py:3954} INFO - Setting next_dagrun for example_branch_dop_operator_v3 to 2024-06-17 23:52:00+00:00, run_after=2024-06-17 23:53:00+00:00
[2024-06-17T23:53:23.755+0000] {processor.py:183} INFO - Processing /home/airflow/.local/lib/python3.12/site-packages/airflow/example_dags/example_branch_python_dop_operator_3.py took 0.104 seconds
[2024-06-17T23:53:54.181+0000] {processor.py:161} INFO - Started process (PID=1816) to work on /home/airflow/.local/lib/python3.12/site-packages/airflow/example_dags/example_branch_python_dop_operator_3.py
[2024-06-17T23:53:54.182+0000] {processor.py:830} INFO - Processing file /home/airflow/.local/lib/python3.12/site-packages/airflow/example_dags/example_branch_python_dop_operator_3.py for tasks to queue
[2024-06-17T23:53:54.185+0000] {logging_mixin.py:188} INFO - [2024-06-17T23:53:54.184+0000] {dagbag.py:545} INFO - Filling up the DagBag from /home/airflow/.local/lib/python3.12/site-packages/airflow/example_dags/example_branch_python_dop_operator_3.py
[2024-06-17T23:53:54.195+0000] {processor.py:840} INFO - DAG(s) 'example_branch_dop_operator_v3' retrieved from /home/airflow/.local/lib/python3.12/site-packages/airflow/example_dags/example_branch_python_dop_operator_3.py
[2024-06-17T23:53:54.224+0000] {logging_mixin.py:188} INFO - [2024-06-17T23:53:54.223+0000] {dag.py:3096} INFO - Sync 1 DAGs
[2024-06-17T23:53:54.256+0000] {logging_mixin.py:188} INFO - [2024-06-17T23:53:54.256+0000] {dag.py:3954} INFO - Setting next_dagrun for example_branch_dop_operator_v3 to 2024-06-17 23:52:00+00:00, run_after=2024-06-17 23:53:00+00:00
[2024-06-17T23:53:54.279+0000] {processor.py:183} INFO - Processing /home/airflow/.local/lib/python3.12/site-packages/airflow/example_dags/example_branch_python_dop_operator_3.py took 0.106 seconds
[2024-06-17T23:54:24.436+0000] {processor.py:161} INFO - Started process (PID=1875) to work on /home/airflow/.local/lib/python3.12/site-packages/airflow/example_dags/example_branch_python_dop_operator_3.py
[2024-06-17T23:54:24.438+0000] {processor.py:830} INFO - Processing file /home/airflow/.local/lib/python3.12/site-packages/airflow/example_dags/example_branch_python_dop_operator_3.py for tasks to queue
[2024-06-17T23:54:24.440+0000] {logging_mixin.py:188} INFO - [2024-06-17T23:54:24.440+0000] {dagbag.py:545} INFO - Filling up the DagBag from /home/airflow/.local/lib/python3.12/site-packages/airflow/example_dags/example_branch_python_dop_operator_3.py
[2024-06-17T23:54:24.450+0000] {processor.py:840} INFO - DAG(s) 'example_branch_dop_operator_v3' retrieved from /home/airflow/.local/lib/python3.12/site-packages/airflow/example_dags/example_branch_python_dop_operator_3.py
[2024-06-17T23:54:24.474+0000] {logging_mixin.py:188} INFO - [2024-06-17T23:54:24.473+0000] {dag.py:3096} INFO - Sync 1 DAGs
[2024-06-17T23:54:24.502+0000] {logging_mixin.py:188} INFO - [2024-06-17T23:54:24.502+0000] {dag.py:3954} INFO - Setting next_dagrun for example_branch_dop_operator_v3 to 2024-06-17 23:53:00+00:00, run_after=2024-06-17 23:54:00+00:00
[2024-06-17T23:54:24.522+0000] {processor.py:183} INFO - Processing /home/airflow/.local/lib/python3.12/site-packages/airflow/example_dags/example_branch_python_dop_operator_3.py took 0.093 seconds
[2024-06-17T23:54:54.734+0000] {processor.py:161} INFO - Started process (PID=1934) to work on /home/airflow/.local/lib/python3.12/site-packages/airflow/example_dags/example_branch_python_dop_operator_3.py
[2024-06-17T23:54:54.736+0000] {processor.py:830} INFO - Processing file /home/airflow/.local/lib/python3.12/site-packages/airflow/example_dags/example_branch_python_dop_operator_3.py for tasks to queue
[2024-06-17T23:54:54.740+0000] {logging_mixin.py:188} INFO - [2024-06-17T23:54:54.739+0000] {dagbag.py:545} INFO - Filling up the DagBag from /home/airflow/.local/lib/python3.12/site-packages/airflow/example_dags/example_branch_python_dop_operator_3.py
[2024-06-17T23:54:54.754+0000] {processor.py:840} INFO - DAG(s) 'example_branch_dop_operator_v3' retrieved from /home/airflow/.local/lib/python3.12/site-packages/airflow/example_dags/example_branch_python_dop_operator_3.py
[2024-06-17T23:54:54.784+0000] {logging_mixin.py:188} INFO - [2024-06-17T23:54:54.783+0000] {dag.py:3096} INFO - Sync 1 DAGs
[2024-06-17T23:54:54.829+0000] {logging_mixin.py:188} INFO - [2024-06-17T23:54:54.829+0000] {dag.py:3954} INFO - Setting next_dagrun for example_branch_dop_operator_v3 to 2024-06-17 23:53:00+00:00, run_after=2024-06-17 23:54:00+00:00
[2024-06-17T23:54:54.862+0000] {processor.py:183} INFO - Processing /home/airflow/.local/lib/python3.12/site-packages/airflow/example_dags/example_branch_python_dop_operator_3.py took 0.135 seconds
[2024-06-17T23:55:25.275+0000] {processor.py:161} INFO - Started process (PID=1994) to work on /home/airflow/.local/lib/python3.12/site-packages/airflow/example_dags/example_branch_python_dop_operator_3.py
[2024-06-17T23:55:25.276+0000] {processor.py:830} INFO - Processing file /home/airflow/.local/lib/python3.12/site-packages/airflow/example_dags/example_branch_python_dop_operator_3.py for tasks to queue
[2024-06-17T23:55:25.279+0000] {logging_mixin.py:188} INFO - [2024-06-17T23:55:25.278+0000] {dagbag.py:545} INFO - Filling up the DagBag from /home/airflow/.local/lib/python3.12/site-packages/airflow/example_dags/example_branch_python_dop_operator_3.py
[2024-06-17T23:55:25.293+0000] {processor.py:840} INFO - DAG(s) 'example_branch_dop_operator_v3' retrieved from /home/airflow/.local/lib/python3.12/site-packages/airflow/example_dags/example_branch_python_dop_operator_3.py
[2024-06-17T23:55:25.323+0000] {logging_mixin.py:188} INFO - [2024-06-17T23:55:25.323+0000] {dag.py:3096} INFO - Sync 1 DAGs
[2024-06-17T23:55:25.367+0000] {logging_mixin.py:188} INFO - [2024-06-17T23:55:25.366+0000] {dag.py:3954} INFO - Setting next_dagrun for example_branch_dop_operator_v3 to 2024-06-17 23:54:00+00:00, run_after=2024-06-17 23:55:00+00:00
[2024-06-17T23:55:25.391+0000] {processor.py:183} INFO - Processing /home/airflow/.local/lib/python3.12/site-packages/airflow/example_dags/example_branch_python_dop_operator_3.py took 0.124 seconds
[2024-06-17T23:55:55.792+0000] {processor.py:161} INFO - Started process (PID=2054) to work on /home/airflow/.local/lib/python3.12/site-packages/airflow/example_dags/example_branch_python_dop_operator_3.py
[2024-06-17T23:55:55.794+0000] {processor.py:830} INFO - Processing file /home/airflow/.local/lib/python3.12/site-packages/airflow/example_dags/example_branch_python_dop_operator_3.py for tasks to queue
[2024-06-17T23:55:55.798+0000] {logging_mixin.py:188} INFO - [2024-06-17T23:55:55.797+0000] {dagbag.py:545} INFO - Filling up the DagBag from /home/airflow/.local/lib/python3.12/site-packages/airflow/example_dags/example_branch_python_dop_operator_3.py
[2024-06-17T23:55:55.809+0000] {processor.py:840} INFO - DAG(s) 'example_branch_dop_operator_v3' retrieved from /home/airflow/.local/lib/python3.12/site-packages/airflow/example_dags/example_branch_python_dop_operator_3.py
[2024-06-17T23:55:55.833+0000] {logging_mixin.py:188} INFO - [2024-06-17T23:55:55.833+0000] {dag.py:3096} INFO - Sync 1 DAGs
[2024-06-17T23:55:55.863+0000] {logging_mixin.py:188} INFO - [2024-06-17T23:55:55.863+0000] {dag.py:3954} INFO - Setting next_dagrun for example_branch_dop_operator_v3 to 2024-06-17 23:54:00+00:00, run_after=2024-06-17 23:55:00+00:00
[2024-06-17T23:55:55.887+0000] {processor.py:183} INFO - Processing /home/airflow/.local/lib/python3.12/site-packages/airflow/example_dags/example_branch_python_dop_operator_3.py took 0.106 seconds
[2024-06-17T23:56:26.206+0000] {processor.py:161} INFO - Started process (PID=2114) to work on /home/airflow/.local/lib/python3.12/site-packages/airflow/example_dags/example_branch_python_dop_operator_3.py
[2024-06-17T23:56:26.207+0000] {processor.py:830} INFO - Processing file /home/airflow/.local/lib/python3.12/site-packages/airflow/example_dags/example_branch_python_dop_operator_3.py for tasks to queue
[2024-06-17T23:56:26.210+0000] {logging_mixin.py:188} INFO - [2024-06-17T23:56:26.210+0000] {dagbag.py:545} INFO - Filling up the DagBag from /home/airflow/.local/lib/python3.12/site-packages/airflow/example_dags/example_branch_python_dop_operator_3.py
[2024-06-17T23:56:26.220+0000] {processor.py:840} INFO - DAG(s) 'example_branch_dop_operator_v3' retrieved from /home/airflow/.local/lib/python3.12/site-packages/airflow/example_dags/example_branch_python_dop_operator_3.py
[2024-06-17T23:56:26.243+0000] {logging_mixin.py:188} INFO - [2024-06-17T23:56:26.243+0000] {dag.py:3096} INFO - Sync 1 DAGs
[2024-06-17T23:56:26.273+0000] {logging_mixin.py:188} INFO - [2024-06-17T23:56:26.272+0000] {dag.py:3954} INFO - Setting next_dagrun for example_branch_dop_operator_v3 to 2024-06-17 23:55:00+00:00, run_after=2024-06-17 23:56:00+00:00
[2024-06-17T23:56:26.299+0000] {processor.py:183} INFO - Processing /home/airflow/.local/lib/python3.12/site-packages/airflow/example_dags/example_branch_python_dop_operator_3.py took 0.101 seconds
[2024-06-17T23:56:57.110+0000] {processor.py:161} INFO - Started process (PID=2174) to work on /home/airflow/.local/lib/python3.12/site-packages/airflow/example_dags/example_branch_python_dop_operator_3.py
[2024-06-17T23:56:57.111+0000] {processor.py:830} INFO - Processing file /home/airflow/.local/lib/python3.12/site-packages/airflow/example_dags/example_branch_python_dop_operator_3.py for tasks to queue
[2024-06-17T23:56:57.114+0000] {logging_mixin.py:188} INFO - [2024-06-17T23:56:57.114+0000] {dagbag.py:545} INFO - Filling up the DagBag from /home/airflow/.local/lib/python3.12/site-packages/airflow/example_dags/example_branch_python_dop_operator_3.py
[2024-06-17T23:56:57.124+0000] {processor.py:840} INFO - DAG(s) 'example_branch_dop_operator_v3' retrieved from /home/airflow/.local/lib/python3.12/site-packages/airflow/example_dags/example_branch_python_dop_operator_3.py
[2024-06-17T23:56:57.150+0000] {logging_mixin.py:188} INFO - [2024-06-17T23:56:57.149+0000] {dag.py:3096} INFO - Sync 1 DAGs
[2024-06-17T23:56:57.178+0000] {logging_mixin.py:188} INFO - [2024-06-17T23:56:57.178+0000] {dag.py:3954} INFO - Setting next_dagrun for example_branch_dop_operator_v3 to 2024-06-17 23:55:00+00:00, run_after=2024-06-17 23:56:00+00:00
[2024-06-17T23:56:57.201+0000] {processor.py:183} INFO - Processing /home/airflow/.local/lib/python3.12/site-packages/airflow/example_dags/example_branch_python_dop_operator_3.py took 0.098 seconds
[2024-06-17T23:57:27.557+0000] {processor.py:161} INFO - Started process (PID=2234) to work on /home/airflow/.local/lib/python3.12/site-packages/airflow/example_dags/example_branch_python_dop_operator_3.py
[2024-06-17T23:57:27.559+0000] {processor.py:830} INFO - Processing file /home/airflow/.local/lib/python3.12/site-packages/airflow/example_dags/example_branch_python_dop_operator_3.py for tasks to queue
[2024-06-17T23:57:27.562+0000] {logging_mixin.py:188} INFO - [2024-06-17T23:57:27.561+0000] {dagbag.py:545} INFO - Filling up the DagBag from /home/airflow/.local/lib/python3.12/site-packages/airflow/example_dags/example_branch_python_dop_operator_3.py
[2024-06-17T23:57:27.577+0000] {processor.py:840} INFO - DAG(s) 'example_branch_dop_operator_v3' retrieved from /home/airflow/.local/lib/python3.12/site-packages/airflow/example_dags/example_branch_python_dop_operator_3.py
[2024-06-17T23:57:27.608+0000] {logging_mixin.py:188} INFO - [2024-06-17T23:57:27.607+0000] {dag.py:3096} INFO - Sync 1 DAGs
[2024-06-17T23:57:27.643+0000] {logging_mixin.py:188} INFO - [2024-06-17T23:57:27.643+0000] {dag.py:3954} INFO - Setting next_dagrun for example_branch_dop_operator_v3 to 2024-06-17 23:56:00+00:00, run_after=2024-06-17 23:57:00+00:00
[2024-06-17T23:57:27.666+0000] {processor.py:183} INFO - Processing /home/airflow/.local/lib/python3.12/site-packages/airflow/example_dags/example_branch_python_dop_operator_3.py took 0.116 seconds
[2024-06-17T23:57:57.892+0000] {processor.py:161} INFO - Started process (PID=2297) to work on /home/airflow/.local/lib/python3.12/site-packages/airflow/example_dags/example_branch_python_dop_operator_3.py
[2024-06-17T23:57:57.894+0000] {processor.py:830} INFO - Processing file /home/airflow/.local/lib/python3.12/site-packages/airflow/example_dags/example_branch_python_dop_operator_3.py for tasks to queue
[2024-06-17T23:57:57.897+0000] {logging_mixin.py:188} INFO - [2024-06-17T23:57:57.896+0000] {dagbag.py:545} INFO - Filling up the DagBag from /home/airflow/.local/lib/python3.12/site-packages/airflow/example_dags/example_branch_python_dop_operator_3.py
[2024-06-17T23:57:57.907+0000] {processor.py:840} INFO - DAG(s) 'example_branch_dop_operator_v3' retrieved from /home/airflow/.local/lib/python3.12/site-packages/airflow/example_dags/example_branch_python_dop_operator_3.py
[2024-06-17T23:57:57.933+0000] {logging_mixin.py:188} INFO - [2024-06-17T23:57:57.933+0000] {dag.py:3096} INFO - Sync 1 DAGs
[2024-06-17T23:57:57.969+0000] {logging_mixin.py:188} INFO - [2024-06-17T23:57:57.969+0000] {dag.py:3954} INFO - Setting next_dagrun for example_branch_dop_operator_v3 to 2024-06-17 23:56:00+00:00, run_after=2024-06-17 23:57:00+00:00
[2024-06-17T23:57:57.996+0000] {processor.py:183} INFO - Processing /home/airflow/.local/lib/python3.12/site-packages/airflow/example_dags/example_branch_python_dop_operator_3.py took 0.112 seconds
[2024-06-17T23:58:28.389+0000] {processor.py:161} INFO - Started process (PID=2357) to work on /home/airflow/.local/lib/python3.12/site-packages/airflow/example_dags/example_branch_python_dop_operator_3.py
[2024-06-17T23:58:28.390+0000] {processor.py:830} INFO - Processing file /home/airflow/.local/lib/python3.12/site-packages/airflow/example_dags/example_branch_python_dop_operator_3.py for tasks to queue
[2024-06-17T23:58:28.393+0000] {logging_mixin.py:188} INFO - [2024-06-17T23:58:28.393+0000] {dagbag.py:545} INFO - Filling up the DagBag from /home/airflow/.local/lib/python3.12/site-packages/airflow/example_dags/example_branch_python_dop_operator_3.py
[2024-06-17T23:58:28.406+0000] {processor.py:840} INFO - DAG(s) 'example_branch_dop_operator_v3' retrieved from /home/airflow/.local/lib/python3.12/site-packages/airflow/example_dags/example_branch_python_dop_operator_3.py
[2024-06-17T23:58:28.437+0000] {logging_mixin.py:188} INFO - [2024-06-17T23:58:28.437+0000] {dag.py:3096} INFO - Sync 1 DAGs
[2024-06-17T23:58:28.482+0000] {logging_mixin.py:188} INFO - [2024-06-17T23:58:28.482+0000] {dag.py:3954} INFO - Setting next_dagrun for example_branch_dop_operator_v3 to 2024-06-17 23:57:00+00:00, run_after=2024-06-17 23:58:00+00:00
[2024-06-17T23:58:28.522+0000] {processor.py:183} INFO - Processing /home/airflow/.local/lib/python3.12/site-packages/airflow/example_dags/example_branch_python_dop_operator_3.py took 0.140 seconds
[2024-06-17T23:58:59.551+0000] {processor.py:161} INFO - Started process (PID=2417) to work on /home/airflow/.local/lib/python3.12/site-packages/airflow/example_dags/example_branch_python_dop_operator_3.py
[2024-06-17T23:58:59.552+0000] {processor.py:830} INFO - Processing file /home/airflow/.local/lib/python3.12/site-packages/airflow/example_dags/example_branch_python_dop_operator_3.py for tasks to queue
[2024-06-17T23:58:59.554+0000] {logging_mixin.py:188} INFO - [2024-06-17T23:58:59.554+0000] {dagbag.py:545} INFO - Filling up the DagBag from /home/airflow/.local/lib/python3.12/site-packages/airflow/example_dags/example_branch_python_dop_operator_3.py
[2024-06-17T23:58:59.563+0000] {processor.py:840} INFO - DAG(s) 'example_branch_dop_operator_v3' retrieved from /home/airflow/.local/lib/python3.12/site-packages/airflow/example_dags/example_branch_python_dop_operator_3.py
[2024-06-17T23:58:59.583+0000] {logging_mixin.py:188} INFO - [2024-06-17T23:58:59.583+0000] {dag.py:3096} INFO - Sync 1 DAGs
[2024-06-17T23:58:59.612+0000] {logging_mixin.py:188} INFO - [2024-06-17T23:58:59.612+0000] {dag.py:3954} INFO - Setting next_dagrun for example_branch_dop_operator_v3 to 2024-06-17 23:57:00+00:00, run_after=2024-06-17 23:58:00+00:00
[2024-06-17T23:58:59.638+0000] {processor.py:183} INFO - Processing /home/airflow/.local/lib/python3.12/site-packages/airflow/example_dags/example_branch_python_dop_operator_3.py took 0.094 seconds
[2024-06-17T23:59:29.724+0000] {processor.py:161} INFO - Started process (PID=2476) to work on /home/airflow/.local/lib/python3.12/site-packages/airflow/example_dags/example_branch_python_dop_operator_3.py
[2024-06-17T23:59:29.726+0000] {processor.py:830} INFO - Processing file /home/airflow/.local/lib/python3.12/site-packages/airflow/example_dags/example_branch_python_dop_operator_3.py for tasks to queue
[2024-06-17T23:59:29.730+0000] {logging_mixin.py:188} INFO - [2024-06-17T23:59:29.729+0000] {dagbag.py:545} INFO - Filling up the DagBag from /home/airflow/.local/lib/python3.12/site-packages/airflow/example_dags/example_branch_python_dop_operator_3.py
[2024-06-17T23:59:29.744+0000] {processor.py:840} INFO - DAG(s) 'example_branch_dop_operator_v3' retrieved from /home/airflow/.local/lib/python3.12/site-packages/airflow/example_dags/example_branch_python_dop_operator_3.py
[2024-06-17T23:59:29.776+0000] {logging_mixin.py:188} INFO - [2024-06-17T23:59:29.776+0000] {dag.py:3096} INFO - Sync 1 DAGs
[2024-06-17T23:59:29.817+0000] {logging_mixin.py:188} INFO - [2024-06-17T23:59:29.816+0000] {dag.py:3954} INFO - Setting next_dagrun for example_branch_dop_operator_v3 to 2024-06-17 23:58:00+00:00, run_after=2024-06-17 23:59:00+00:00
[2024-06-17T23:59:29.852+0000] {processor.py:183} INFO - Processing /home/airflow/.local/lib/python3.12/site-packages/airflow/example_dags/example_branch_python_dop_operator_3.py took 0.139 seconds
