[2024-06-17T23:29:04.085+0000] {processor.py:161} INFO - Started process (PID=71) to work on /home/airflow/.local/lib/python3.12/site-packages/airflow/example_dags/example_skip_dag.py
[2024-06-17T23:29:04.088+0000] {processor.py:830} INFO - Processing file /home/airflow/.local/lib/python3.12/site-packages/airflow/example_dags/example_skip_dag.py for tasks to queue
[2024-06-17T23:29:04.092+0000] {logging_mixin.py:188} INFO - [2024-06-17T23:29:04.091+0000] {dagbag.py:545} INFO - Filling up the DagBag from /home/airflow/.local/lib/python3.12/site-packages/airflow/example_dags/example_skip_dag.py
[2024-06-17T23:29:04.108+0000] {processor.py:840} INFO - DAG(s) 'example_skip_dag' retrieved from /home/airflow/.local/lib/python3.12/site-packages/airflow/example_dags/example_skip_dag.py
[2024-06-17T23:29:04.154+0000] {logging_mixin.py:188} INFO - [2024-06-17T23:29:04.154+0000] {dag.py:3096} INFO - Sync 1 DAGs
[2024-06-17T23:29:04.195+0000] {logging_mixin.py:188} INFO - [2024-06-17T23:29:04.195+0000] {dag.py:3954} INFO - Setting next_dagrun for example_skip_dag to 2024-06-16 00:00:00+00:00, run_after=2024-06-17 00:00:00+00:00
[2024-06-17T23:29:04.227+0000] {processor.py:183} INFO - Processing /home/airflow/.local/lib/python3.12/site-packages/airflow/example_dags/example_skip_dag.py took 0.156 seconds
[2024-06-17T23:29:35.113+0000] {processor.py:161} INFO - Started process (PID=143) to work on /home/airflow/.local/lib/python3.12/site-packages/airflow/example_dags/example_skip_dag.py
[2024-06-17T23:29:35.118+0000] {processor.py:830} INFO - Processing file /home/airflow/.local/lib/python3.12/site-packages/airflow/example_dags/example_skip_dag.py for tasks to queue
[2024-06-17T23:29:35.123+0000] {logging_mixin.py:188} INFO - [2024-06-17T23:29:35.122+0000] {dagbag.py:545} INFO - Filling up the DagBag from /home/airflow/.local/lib/python3.12/site-packages/airflow/example_dags/example_skip_dag.py
[2024-06-17T23:29:35.140+0000] {processor.py:840} INFO - DAG(s) 'example_skip_dag' retrieved from /home/airflow/.local/lib/python3.12/site-packages/airflow/example_dags/example_skip_dag.py
[2024-06-17T23:29:35.193+0000] {logging_mixin.py:188} INFO - [2024-06-17T23:29:35.192+0000] {dag.py:3096} INFO - Sync 1 DAGs
[2024-06-17T23:29:35.242+0000] {logging_mixin.py:188} INFO - [2024-06-17T23:29:35.242+0000] {dag.py:3954} INFO - Setting next_dagrun for example_skip_dag to 2024-06-16 00:00:00+00:00, run_after=2024-06-17 00:00:00+00:00
[2024-06-17T23:29:35.295+0000] {processor.py:183} INFO - Processing /home/airflow/.local/lib/python3.12/site-packages/airflow/example_dags/example_skip_dag.py took 0.195 seconds
[2024-06-17T23:30:08.275+0000] {processor.py:161} INFO - Started process (PID=278) to work on /home/airflow/.local/lib/python3.12/site-packages/airflow/example_dags/example_skip_dag.py
[2024-06-17T23:30:08.276+0000] {processor.py:830} INFO - Processing file /home/airflow/.local/lib/python3.12/site-packages/airflow/example_dags/example_skip_dag.py for tasks to queue
[2024-06-17T23:30:08.281+0000] {logging_mixin.py:188} INFO - [2024-06-17T23:30:08.280+0000] {dagbag.py:545} INFO - Filling up the DagBag from /home/airflow/.local/lib/python3.12/site-packages/airflow/example_dags/example_skip_dag.py
[2024-06-17T23:30:08.295+0000] {processor.py:840} INFO - DAG(s) 'example_skip_dag' retrieved from /home/airflow/.local/lib/python3.12/site-packages/airflow/example_dags/example_skip_dag.py
[2024-06-17T23:30:08.341+0000] {logging_mixin.py:188} INFO - [2024-06-17T23:30:08.340+0000] {dag.py:3096} INFO - Sync 1 DAGs
[2024-06-17T23:30:08.388+0000] {logging_mixin.py:188} INFO - [2024-06-17T23:30:08.388+0000] {dag.py:3954} INFO - Setting next_dagrun for example_skip_dag to 2024-06-16 00:00:00+00:00, run_after=2024-06-17 00:00:00+00:00
[2024-06-17T23:30:08.423+0000] {processor.py:183} INFO - Processing /home/airflow/.local/lib/python3.12/site-packages/airflow/example_dags/example_skip_dag.py took 0.160 seconds
[2024-06-17T23:30:39.082+0000] {processor.py:161} INFO - Started process (PID=371) to work on /home/airflow/.local/lib/python3.12/site-packages/airflow/example_dags/example_skip_dag.py
[2024-06-17T23:30:39.085+0000] {processor.py:830} INFO - Processing file /home/airflow/.local/lib/python3.12/site-packages/airflow/example_dags/example_skip_dag.py for tasks to queue
[2024-06-17T23:30:39.096+0000] {logging_mixin.py:188} INFO - [2024-06-17T23:30:39.093+0000] {dagbag.py:545} INFO - Filling up the DagBag from /home/airflow/.local/lib/python3.12/site-packages/airflow/example_dags/example_skip_dag.py
[2024-06-17T23:30:39.117+0000] {processor.py:840} INFO - DAG(s) 'example_skip_dag' retrieved from /home/airflow/.local/lib/python3.12/site-packages/airflow/example_dags/example_skip_dag.py
[2024-06-17T23:30:39.181+0000] {logging_mixin.py:188} INFO - [2024-06-17T23:30:39.180+0000] {dag.py:3096} INFO - Sync 1 DAGs
[2024-06-17T23:30:39.247+0000] {logging_mixin.py:188} INFO - [2024-06-17T23:30:39.247+0000] {dag.py:3954} INFO - Setting next_dagrun for example_skip_dag to 2024-06-16 00:00:00+00:00, run_after=2024-06-17 00:00:00+00:00
[2024-06-17T23:30:39.302+0000] {processor.py:183} INFO - Processing /home/airflow/.local/lib/python3.12/site-packages/airflow/example_dags/example_skip_dag.py took 0.242 seconds
[2024-06-17T23:31:10.304+0000] {processor.py:161} INFO - Started process (PID=491) to work on /home/airflow/.local/lib/python3.12/site-packages/airflow/example_dags/example_skip_dag.py
[2024-06-17T23:31:10.306+0000] {processor.py:830} INFO - Processing file /home/airflow/.local/lib/python3.12/site-packages/airflow/example_dags/example_skip_dag.py for tasks to queue
[2024-06-17T23:31:10.309+0000] {logging_mixin.py:188} INFO - [2024-06-17T23:31:10.309+0000] {dagbag.py:545} INFO - Filling up the DagBag from /home/airflow/.local/lib/python3.12/site-packages/airflow/example_dags/example_skip_dag.py
[2024-06-17T23:31:10.327+0000] {processor.py:840} INFO - DAG(s) 'example_skip_dag' retrieved from /home/airflow/.local/lib/python3.12/site-packages/airflow/example_dags/example_skip_dag.py
[2024-06-17T23:31:10.367+0000] {logging_mixin.py:188} INFO - [2024-06-17T23:31:10.367+0000] {dag.py:3096} INFO - Sync 1 DAGs
[2024-06-17T23:31:10.413+0000] {logging_mixin.py:188} INFO - [2024-06-17T23:31:10.412+0000] {dag.py:3954} INFO - Setting next_dagrun for example_skip_dag to 2024-06-16 00:00:00+00:00, run_after=2024-06-17 00:00:00+00:00
[2024-06-17T23:31:10.449+0000] {processor.py:183} INFO - Processing /home/airflow/.local/lib/python3.12/site-packages/airflow/example_dags/example_skip_dag.py took 0.156 seconds
[2024-06-17T23:31:43.777+0000] {processor.py:161} INFO - Started process (PID=587) to work on /home/airflow/.local/lib/python3.12/site-packages/airflow/example_dags/example_skip_dag.py
[2024-06-17T23:31:43.782+0000] {processor.py:830} INFO - Processing file /home/airflow/.local/lib/python3.12/site-packages/airflow/example_dags/example_skip_dag.py for tasks to queue
[2024-06-17T23:31:43.788+0000] {logging_mixin.py:188} INFO - [2024-06-17T23:31:43.787+0000] {dagbag.py:545} INFO - Filling up the DagBag from /home/airflow/.local/lib/python3.12/site-packages/airflow/example_dags/example_skip_dag.py
[2024-06-17T23:31:43.812+0000] {processor.py:840} INFO - DAG(s) 'example_skip_dag' retrieved from /home/airflow/.local/lib/python3.12/site-packages/airflow/example_dags/example_skip_dag.py
[2024-06-17T23:31:43.894+0000] {logging_mixin.py:188} INFO - [2024-06-17T23:31:43.893+0000] {dag.py:3096} INFO - Sync 1 DAGs
[2024-06-17T23:31:43.957+0000] {logging_mixin.py:188} INFO - [2024-06-17T23:31:43.956+0000] {dag.py:3954} INFO - Setting next_dagrun for example_skip_dag to 2024-06-16 00:00:00+00:00, run_after=2024-06-17 00:00:00+00:00
[2024-06-17T23:31:44.038+0000] {processor.py:183} INFO - Processing /home/airflow/.local/lib/python3.12/site-packages/airflow/example_dags/example_skip_dag.py took 0.279 seconds
[2024-06-17T23:32:14.281+0000] {processor.py:161} INFO - Started process (PID=678) to work on /home/airflow/.local/lib/python3.12/site-packages/airflow/example_dags/example_skip_dag.py
[2024-06-17T23:32:14.283+0000] {processor.py:830} INFO - Processing file /home/airflow/.local/lib/python3.12/site-packages/airflow/example_dags/example_skip_dag.py for tasks to queue
[2024-06-17T23:32:14.288+0000] {logging_mixin.py:188} INFO - [2024-06-17T23:32:14.288+0000] {dagbag.py:545} INFO - Filling up the DagBag from /home/airflow/.local/lib/python3.12/site-packages/airflow/example_dags/example_skip_dag.py
[2024-06-17T23:32:14.303+0000] {processor.py:840} INFO - DAG(s) 'example_skip_dag' retrieved from /home/airflow/.local/lib/python3.12/site-packages/airflow/example_dags/example_skip_dag.py
[2024-06-17T23:32:14.361+0000] {logging_mixin.py:188} INFO - [2024-06-17T23:32:14.360+0000] {dag.py:3096} INFO - Sync 1 DAGs
[2024-06-17T23:32:14.409+0000] {logging_mixin.py:188} INFO - [2024-06-17T23:32:14.408+0000] {dag.py:3954} INFO - Setting next_dagrun for example_skip_dag to 2024-06-16 00:00:00+00:00, run_after=2024-06-17 00:00:00+00:00
[2024-06-17T23:32:14.451+0000] {processor.py:183} INFO - Processing /home/airflow/.local/lib/python3.12/site-packages/airflow/example_dags/example_skip_dag.py took 0.183 seconds
[2024-06-17T23:32:44.639+0000] {processor.py:161} INFO - Started process (PID=738) to work on /home/airflow/.local/lib/python3.12/site-packages/airflow/example_dags/example_skip_dag.py
[2024-06-17T23:32:44.641+0000] {processor.py:830} INFO - Processing file /home/airflow/.local/lib/python3.12/site-packages/airflow/example_dags/example_skip_dag.py for tasks to queue
[2024-06-17T23:32:44.646+0000] {logging_mixin.py:188} INFO - [2024-06-17T23:32:44.644+0000] {dagbag.py:545} INFO - Filling up the DagBag from /home/airflow/.local/lib/python3.12/site-packages/airflow/example_dags/example_skip_dag.py
[2024-06-17T23:32:44.659+0000] {processor.py:840} INFO - DAG(s) 'example_skip_dag' retrieved from /home/airflow/.local/lib/python3.12/site-packages/airflow/example_dags/example_skip_dag.py
[2024-06-17T23:32:44.708+0000] {logging_mixin.py:188} INFO - [2024-06-17T23:32:44.708+0000] {dag.py:3096} INFO - Sync 1 DAGs
[2024-06-17T23:32:44.751+0000] {logging_mixin.py:188} INFO - [2024-06-17T23:32:44.751+0000] {dag.py:3954} INFO - Setting next_dagrun for example_skip_dag to 2024-06-16 00:00:00+00:00, run_after=2024-06-17 00:00:00+00:00
[2024-06-17T23:32:44.792+0000] {processor.py:183} INFO - Processing /home/airflow/.local/lib/python3.12/site-packages/airflow/example_dags/example_skip_dag.py took 0.165 seconds
[2024-06-17T23:33:15.636+0000] {processor.py:161} INFO - Started process (PID=798) to work on /home/airflow/.local/lib/python3.12/site-packages/airflow/example_dags/example_skip_dag.py
[2024-06-17T23:33:15.637+0000] {processor.py:830} INFO - Processing file /home/airflow/.local/lib/python3.12/site-packages/airflow/example_dags/example_skip_dag.py for tasks to queue
[2024-06-17T23:33:15.642+0000] {logging_mixin.py:188} INFO - [2024-06-17T23:33:15.641+0000] {dagbag.py:545} INFO - Filling up the DagBag from /home/airflow/.local/lib/python3.12/site-packages/airflow/example_dags/example_skip_dag.py
[2024-06-17T23:33:15.656+0000] {processor.py:840} INFO - DAG(s) 'example_skip_dag' retrieved from /home/airflow/.local/lib/python3.12/site-packages/airflow/example_dags/example_skip_dag.py
[2024-06-17T23:33:15.696+0000] {logging_mixin.py:188} INFO - [2024-06-17T23:33:15.696+0000] {dag.py:3096} INFO - Sync 1 DAGs
[2024-06-17T23:33:15.740+0000] {logging_mixin.py:188} INFO - [2024-06-17T23:33:15.739+0000] {dag.py:3954} INFO - Setting next_dagrun for example_skip_dag to 2024-06-16 00:00:00+00:00, run_after=2024-06-17 00:00:00+00:00
[2024-06-17T23:33:15.786+0000] {processor.py:183} INFO - Processing /home/airflow/.local/lib/python3.12/site-packages/airflow/example_dags/example_skip_dag.py took 0.160 seconds
[2024-06-17T23:33:46.335+0000] {processor.py:161} INFO - Started process (PID=858) to work on /home/airflow/.local/lib/python3.12/site-packages/airflow/example_dags/example_skip_dag.py
[2024-06-17T23:33:46.337+0000] {processor.py:830} INFO - Processing file /home/airflow/.local/lib/python3.12/site-packages/airflow/example_dags/example_skip_dag.py for tasks to queue
[2024-06-17T23:33:46.340+0000] {logging_mixin.py:188} INFO - [2024-06-17T23:33:46.340+0000] {dagbag.py:545} INFO - Filling up the DagBag from /home/airflow/.local/lib/python3.12/site-packages/airflow/example_dags/example_skip_dag.py
[2024-06-17T23:33:46.351+0000] {processor.py:840} INFO - DAG(s) 'example_skip_dag' retrieved from /home/airflow/.local/lib/python3.12/site-packages/airflow/example_dags/example_skip_dag.py
[2024-06-17T23:33:46.387+0000] {logging_mixin.py:188} INFO - [2024-06-17T23:33:46.386+0000] {dag.py:3096} INFO - Sync 1 DAGs
[2024-06-17T23:33:46.423+0000] {logging_mixin.py:188} INFO - [2024-06-17T23:33:46.422+0000] {dag.py:3954} INFO - Setting next_dagrun for example_skip_dag to 2024-06-16 00:00:00+00:00, run_after=2024-06-17 00:00:00+00:00
[2024-06-17T23:33:46.459+0000] {processor.py:183} INFO - Processing /home/airflow/.local/lib/python3.12/site-packages/airflow/example_dags/example_skip_dag.py took 0.133 seconds
[2024-06-17T23:34:16.848+0000] {processor.py:161} INFO - Started process (PID=918) to work on /home/airflow/.local/lib/python3.12/site-packages/airflow/example_dags/example_skip_dag.py
[2024-06-17T23:34:16.851+0000] {processor.py:830} INFO - Processing file /home/airflow/.local/lib/python3.12/site-packages/airflow/example_dags/example_skip_dag.py for tasks to queue
[2024-06-17T23:34:16.856+0000] {logging_mixin.py:188} INFO - [2024-06-17T23:34:16.855+0000] {dagbag.py:545} INFO - Filling up the DagBag from /home/airflow/.local/lib/python3.12/site-packages/airflow/example_dags/example_skip_dag.py
[2024-06-17T23:34:16.869+0000] {processor.py:840} INFO - DAG(s) 'example_skip_dag' retrieved from /home/airflow/.local/lib/python3.12/site-packages/airflow/example_dags/example_skip_dag.py
[2024-06-17T23:34:16.899+0000] {logging_mixin.py:188} INFO - [2024-06-17T23:34:16.898+0000] {dag.py:3096} INFO - Sync 1 DAGs
[2024-06-17T23:34:16.925+0000] {logging_mixin.py:188} INFO - [2024-06-17T23:34:16.924+0000] {dag.py:3954} INFO - Setting next_dagrun for example_skip_dag to 2024-06-16 00:00:00+00:00, run_after=2024-06-17 00:00:00+00:00
[2024-06-17T23:34:16.957+0000] {processor.py:183} INFO - Processing /home/airflow/.local/lib/python3.12/site-packages/airflow/example_dags/example_skip_dag.py took 0.121 seconds
[2024-06-17T23:34:47.419+0000] {processor.py:161} INFO - Started process (PID=978) to work on /home/airflow/.local/lib/python3.12/site-packages/airflow/example_dags/example_skip_dag.py
[2024-06-17T23:34:47.422+0000] {processor.py:830} INFO - Processing file /home/airflow/.local/lib/python3.12/site-packages/airflow/example_dags/example_skip_dag.py for tasks to queue
[2024-06-17T23:34:47.428+0000] {logging_mixin.py:188} INFO - [2024-06-17T23:34:47.427+0000] {dagbag.py:545} INFO - Filling up the DagBag from /home/airflow/.local/lib/python3.12/site-packages/airflow/example_dags/example_skip_dag.py
[2024-06-17T23:34:47.447+0000] {processor.py:840} INFO - DAG(s) 'example_skip_dag' retrieved from /home/airflow/.local/lib/python3.12/site-packages/airflow/example_dags/example_skip_dag.py
[2024-06-17T23:34:47.492+0000] {logging_mixin.py:188} INFO - [2024-06-17T23:34:47.491+0000] {dag.py:3096} INFO - Sync 1 DAGs
[2024-06-17T23:34:47.543+0000] {logging_mixin.py:188} INFO - [2024-06-17T23:34:47.543+0000] {dag.py:3954} INFO - Setting next_dagrun for example_skip_dag to 2024-06-16 00:00:00+00:00, run_after=2024-06-17 00:00:00+00:00
[2024-06-17T23:34:47.581+0000] {processor.py:183} INFO - Processing /home/airflow/.local/lib/python3.12/site-packages/airflow/example_dags/example_skip_dag.py took 0.180 seconds
[2024-06-17T23:35:17.763+0000] {processor.py:161} INFO - Started process (PID=1038) to work on /home/airflow/.local/lib/python3.12/site-packages/airflow/example_dags/example_skip_dag.py
[2024-06-17T23:35:17.764+0000] {processor.py:830} INFO - Processing file /home/airflow/.local/lib/python3.12/site-packages/airflow/example_dags/example_skip_dag.py for tasks to queue
[2024-06-17T23:35:17.766+0000] {logging_mixin.py:188} INFO - [2024-06-17T23:35:17.766+0000] {dagbag.py:545} INFO - Filling up the DagBag from /home/airflow/.local/lib/python3.12/site-packages/airflow/example_dags/example_skip_dag.py
[2024-06-17T23:35:17.776+0000] {processor.py:840} INFO - DAG(s) 'example_skip_dag' retrieved from /home/airflow/.local/lib/python3.12/site-packages/airflow/example_dags/example_skip_dag.py
[2024-06-17T23:35:17.801+0000] {logging_mixin.py:188} INFO - [2024-06-17T23:35:17.801+0000] {dag.py:3096} INFO - Sync 1 DAGs
[2024-06-17T23:35:17.830+0000] {logging_mixin.py:188} INFO - [2024-06-17T23:35:17.830+0000] {dag.py:3954} INFO - Setting next_dagrun for example_skip_dag to 2024-06-16 00:00:00+00:00, run_after=2024-06-17 00:00:00+00:00
[2024-06-17T23:35:17.863+0000] {processor.py:183} INFO - Processing /home/airflow/.local/lib/python3.12/site-packages/airflow/example_dags/example_skip_dag.py took 0.109 seconds
[2024-06-17T23:35:48.394+0000] {processor.py:161} INFO - Started process (PID=1097) to work on /home/airflow/.local/lib/python3.12/site-packages/airflow/example_dags/example_skip_dag.py
[2024-06-17T23:35:48.396+0000] {processor.py:830} INFO - Processing file /home/airflow/.local/lib/python3.12/site-packages/airflow/example_dags/example_skip_dag.py for tasks to queue
[2024-06-17T23:35:48.401+0000] {logging_mixin.py:188} INFO - [2024-06-17T23:35:48.400+0000] {dagbag.py:545} INFO - Filling up the DagBag from /home/airflow/.local/lib/python3.12/site-packages/airflow/example_dags/example_skip_dag.py
[2024-06-17T23:35:48.414+0000] {processor.py:840} INFO - DAG(s) 'example_skip_dag' retrieved from /home/airflow/.local/lib/python3.12/site-packages/airflow/example_dags/example_skip_dag.py
[2024-06-17T23:35:48.456+0000] {logging_mixin.py:188} INFO - [2024-06-17T23:35:48.456+0000] {dag.py:3096} INFO - Sync 1 DAGs
[2024-06-17T23:35:48.500+0000] {logging_mixin.py:188} INFO - [2024-06-17T23:35:48.500+0000] {dag.py:3954} INFO - Setting next_dagrun for example_skip_dag to 2024-06-16 00:00:00+00:00, run_after=2024-06-17 00:00:00+00:00
[2024-06-17T23:35:48.547+0000] {processor.py:183} INFO - Processing /home/airflow/.local/lib/python3.12/site-packages/airflow/example_dags/example_skip_dag.py took 0.165 seconds
[2024-06-17T23:36:19.507+0000] {processor.py:161} INFO - Started process (PID=1162) to work on /home/airflow/.local/lib/python3.12/site-packages/airflow/example_dags/example_skip_dag.py
[2024-06-17T23:36:19.508+0000] {processor.py:830} INFO - Processing file /home/airflow/.local/lib/python3.12/site-packages/airflow/example_dags/example_skip_dag.py for tasks to queue
[2024-06-17T23:36:19.511+0000] {logging_mixin.py:188} INFO - [2024-06-17T23:36:19.511+0000] {dagbag.py:545} INFO - Filling up the DagBag from /home/airflow/.local/lib/python3.12/site-packages/airflow/example_dags/example_skip_dag.py
[2024-06-17T23:36:19.519+0000] {processor.py:840} INFO - DAG(s) 'example_skip_dag' retrieved from /home/airflow/.local/lib/python3.12/site-packages/airflow/example_dags/example_skip_dag.py
[2024-06-17T23:36:19.547+0000] {logging_mixin.py:188} INFO - [2024-06-17T23:36:19.547+0000] {dag.py:3096} INFO - Sync 1 DAGs
[2024-06-17T23:36:19.577+0000] {logging_mixin.py:188} INFO - [2024-06-17T23:36:19.576+0000] {dag.py:3954} INFO - Setting next_dagrun for example_skip_dag to 2024-06-16 00:00:00+00:00, run_after=2024-06-17 00:00:00+00:00
[2024-06-17T23:36:19.604+0000] {processor.py:183} INFO - Processing /home/airflow/.local/lib/python3.12/site-packages/airflow/example_dags/example_skip_dag.py took 0.105 seconds
[2024-06-17T23:39:00.968+0000] {processor.py:161} INFO - Started process (PID=72) to work on /home/airflow/.local/lib/python3.12/site-packages/airflow/example_dags/example_skip_dag.py
[2024-06-17T23:39:00.969+0000] {processor.py:830} INFO - Processing file /home/airflow/.local/lib/python3.12/site-packages/airflow/example_dags/example_skip_dag.py for tasks to queue
[2024-06-17T23:39:00.973+0000] {logging_mixin.py:188} INFO - [2024-06-17T23:39:00.972+0000] {dagbag.py:545} INFO - Filling up the DagBag from /home/airflow/.local/lib/python3.12/site-packages/airflow/example_dags/example_skip_dag.py
[2024-06-17T23:39:00.986+0000] {processor.py:840} INFO - DAG(s) 'example_skip_dag' retrieved from /home/airflow/.local/lib/python3.12/site-packages/airflow/example_dags/example_skip_dag.py
[2024-06-17T23:39:01.003+0000] {logging_mixin.py:188} INFO - [2024-06-17T23:39:01.003+0000] {dag.py:3096} INFO - Sync 1 DAGs
[2024-06-17T23:39:01.049+0000] {logging_mixin.py:188} INFO - [2024-06-17T23:39:01.048+0000] {dag.py:3954} INFO - Setting next_dagrun for example_skip_dag to 2024-06-16 00:00:00+00:00, run_after=2024-06-17 00:00:00+00:00
[2024-06-17T23:39:01.076+0000] {processor.py:183} INFO - Processing /home/airflow/.local/lib/python3.12/site-packages/airflow/example_dags/example_skip_dag.py took 0.119 seconds
[2024-06-17T23:39:33.535+0000] {processor.py:161} INFO - Started process (PID=132) to work on /home/airflow/.local/lib/python3.12/site-packages/airflow/example_dags/example_skip_dag.py
[2024-06-17T23:39:33.536+0000] {processor.py:830} INFO - Processing file /home/airflow/.local/lib/python3.12/site-packages/airflow/example_dags/example_skip_dag.py for tasks to queue
[2024-06-17T23:39:33.538+0000] {logging_mixin.py:188} INFO - [2024-06-17T23:39:33.538+0000] {dagbag.py:545} INFO - Filling up the DagBag from /home/airflow/.local/lib/python3.12/site-packages/airflow/example_dags/example_skip_dag.py
[2024-06-17T23:39:33.546+0000] {processor.py:840} INFO - DAG(s) 'example_skip_dag' retrieved from /home/airflow/.local/lib/python3.12/site-packages/airflow/example_dags/example_skip_dag.py
[2024-06-17T23:39:33.660+0000] {logging_mixin.py:188} INFO - [2024-06-17T23:39:33.660+0000] {dag.py:3096} INFO - Sync 1 DAGs
[2024-06-17T23:39:33.682+0000] {logging_mixin.py:188} INFO - [2024-06-17T23:39:33.682+0000] {dag.py:3954} INFO - Setting next_dagrun for example_skip_dag to 2024-06-16 00:00:00+00:00, run_after=2024-06-17 00:00:00+00:00
[2024-06-17T23:39:33.703+0000] {processor.py:183} INFO - Processing /home/airflow/.local/lib/python3.12/site-packages/airflow/example_dags/example_skip_dag.py took 0.175 seconds
[2024-06-17T23:40:03.857+0000] {processor.py:161} INFO - Started process (PID=192) to work on /home/airflow/.local/lib/python3.12/site-packages/airflow/example_dags/example_skip_dag.py
[2024-06-17T23:40:03.858+0000] {processor.py:830} INFO - Processing file /home/airflow/.local/lib/python3.12/site-packages/airflow/example_dags/example_skip_dag.py for tasks to queue
[2024-06-17T23:40:03.861+0000] {logging_mixin.py:188} INFO - [2024-06-17T23:40:03.860+0000] {dagbag.py:545} INFO - Filling up the DagBag from /home/airflow/.local/lib/python3.12/site-packages/airflow/example_dags/example_skip_dag.py
[2024-06-17T23:40:03.871+0000] {processor.py:840} INFO - DAG(s) 'example_skip_dag' retrieved from /home/airflow/.local/lib/python3.12/site-packages/airflow/example_dags/example_skip_dag.py
[2024-06-17T23:40:03.898+0000] {logging_mixin.py:188} INFO - [2024-06-17T23:40:03.898+0000] {dag.py:3096} INFO - Sync 1 DAGs
[2024-06-17T23:40:03.924+0000] {logging_mixin.py:188} INFO - [2024-06-17T23:40:03.924+0000] {dag.py:3954} INFO - Setting next_dagrun for example_skip_dag to 2024-06-16 00:00:00+00:00, run_after=2024-06-17 00:00:00+00:00
[2024-06-17T23:40:03.947+0000] {processor.py:183} INFO - Processing /home/airflow/.local/lib/python3.12/site-packages/airflow/example_dags/example_skip_dag.py took 0.097 seconds
[2024-06-17T23:40:34.062+0000] {processor.py:161} INFO - Started process (PID=252) to work on /home/airflow/.local/lib/python3.12/site-packages/airflow/example_dags/example_skip_dag.py
[2024-06-17T23:40:34.064+0000] {processor.py:830} INFO - Processing file /home/airflow/.local/lib/python3.12/site-packages/airflow/example_dags/example_skip_dag.py for tasks to queue
[2024-06-17T23:40:34.066+0000] {logging_mixin.py:188} INFO - [2024-06-17T23:40:34.066+0000] {dagbag.py:545} INFO - Filling up the DagBag from /home/airflow/.local/lib/python3.12/site-packages/airflow/example_dags/example_skip_dag.py
[2024-06-17T23:40:34.074+0000] {processor.py:840} INFO - DAG(s) 'example_skip_dag' retrieved from /home/airflow/.local/lib/python3.12/site-packages/airflow/example_dags/example_skip_dag.py
[2024-06-17T23:40:34.098+0000] {logging_mixin.py:188} INFO - [2024-06-17T23:40:34.098+0000] {dag.py:3096} INFO - Sync 1 DAGs
[2024-06-17T23:40:34.124+0000] {logging_mixin.py:188} INFO - [2024-06-17T23:40:34.124+0000] {dag.py:3954} INFO - Setting next_dagrun for example_skip_dag to 2024-06-16 00:00:00+00:00, run_after=2024-06-17 00:00:00+00:00
[2024-06-17T23:40:34.152+0000] {processor.py:183} INFO - Processing /home/airflow/.local/lib/python3.12/site-packages/airflow/example_dags/example_skip_dag.py took 0.096 seconds
[2024-06-17T23:41:04.793+0000] {processor.py:161} INFO - Started process (PID=312) to work on /home/airflow/.local/lib/python3.12/site-packages/airflow/example_dags/example_skip_dag.py
[2024-06-17T23:41:04.795+0000] {processor.py:830} INFO - Processing file /home/airflow/.local/lib/python3.12/site-packages/airflow/example_dags/example_skip_dag.py for tasks to queue
[2024-06-17T23:41:04.798+0000] {logging_mixin.py:188} INFO - [2024-06-17T23:41:04.798+0000] {dagbag.py:545} INFO - Filling up the DagBag from /home/airflow/.local/lib/python3.12/site-packages/airflow/example_dags/example_skip_dag.py
[2024-06-17T23:41:04.807+0000] {processor.py:840} INFO - DAG(s) 'example_skip_dag' retrieved from /home/airflow/.local/lib/python3.12/site-packages/airflow/example_dags/example_skip_dag.py
[2024-06-17T23:41:04.845+0000] {logging_mixin.py:188} INFO - [2024-06-17T23:41:04.845+0000] {dag.py:3096} INFO - Sync 1 DAGs
[2024-06-17T23:41:04.883+0000] {logging_mixin.py:188} INFO - [2024-06-17T23:41:04.883+0000] {dag.py:3954} INFO - Setting next_dagrun for example_skip_dag to 2024-06-16 00:00:00+00:00, run_after=2024-06-17 00:00:00+00:00
[2024-06-17T23:41:04.908+0000] {processor.py:183} INFO - Processing /home/airflow/.local/lib/python3.12/site-packages/airflow/example_dags/example_skip_dag.py took 0.126 seconds
[2024-06-17T23:41:35.690+0000] {processor.py:161} INFO - Started process (PID=372) to work on /home/airflow/.local/lib/python3.12/site-packages/airflow/example_dags/example_skip_dag.py
[2024-06-17T23:41:35.691+0000] {processor.py:830} INFO - Processing file /home/airflow/.local/lib/python3.12/site-packages/airflow/example_dags/example_skip_dag.py for tasks to queue
[2024-06-17T23:41:35.693+0000] {logging_mixin.py:188} INFO - [2024-06-17T23:41:35.693+0000] {dagbag.py:545} INFO - Filling up the DagBag from /home/airflow/.local/lib/python3.12/site-packages/airflow/example_dags/example_skip_dag.py
[2024-06-17T23:41:35.701+0000] {processor.py:840} INFO - DAG(s) 'example_skip_dag' retrieved from /home/airflow/.local/lib/python3.12/site-packages/airflow/example_dags/example_skip_dag.py
[2024-06-17T23:41:35.727+0000] {logging_mixin.py:188} INFO - [2024-06-17T23:41:35.727+0000] {dag.py:3096} INFO - Sync 1 DAGs
[2024-06-17T23:41:35.754+0000] {logging_mixin.py:188} INFO - [2024-06-17T23:41:35.754+0000] {dag.py:3954} INFO - Setting next_dagrun for example_skip_dag to 2024-06-16 00:00:00+00:00, run_after=2024-06-17 00:00:00+00:00
[2024-06-17T23:41:35.778+0000] {processor.py:183} INFO - Processing /home/airflow/.local/lib/python3.12/site-packages/airflow/example_dags/example_skip_dag.py took 0.095 seconds
[2024-06-17T23:42:06.385+0000] {processor.py:161} INFO - Started process (PID=432) to work on /home/airflow/.local/lib/python3.12/site-packages/airflow/example_dags/example_skip_dag.py
[2024-06-17T23:42:06.386+0000] {processor.py:830} INFO - Processing file /home/airflow/.local/lib/python3.12/site-packages/airflow/example_dags/example_skip_dag.py for tasks to queue
[2024-06-17T23:42:06.388+0000] {logging_mixin.py:188} INFO - [2024-06-17T23:42:06.388+0000] {dagbag.py:545} INFO - Filling up the DagBag from /home/airflow/.local/lib/python3.12/site-packages/airflow/example_dags/example_skip_dag.py
[2024-06-17T23:42:06.395+0000] {processor.py:840} INFO - DAG(s) 'example_skip_dag' retrieved from /home/airflow/.local/lib/python3.12/site-packages/airflow/example_dags/example_skip_dag.py
[2024-06-17T23:42:06.420+0000] {logging_mixin.py:188} INFO - [2024-06-17T23:42:06.420+0000] {dag.py:3096} INFO - Sync 1 DAGs
[2024-06-17T23:42:06.444+0000] {logging_mixin.py:188} INFO - [2024-06-17T23:42:06.444+0000] {dag.py:3954} INFO - Setting next_dagrun for example_skip_dag to 2024-06-16 00:00:00+00:00, run_after=2024-06-17 00:00:00+00:00
[2024-06-17T23:42:06.466+0000] {processor.py:183} INFO - Processing /home/airflow/.local/lib/python3.12/site-packages/airflow/example_dags/example_skip_dag.py took 0.089 seconds
[2024-06-17T23:42:36.852+0000] {processor.py:161} INFO - Started process (PID=492) to work on /home/airflow/.local/lib/python3.12/site-packages/airflow/example_dags/example_skip_dag.py
[2024-06-17T23:42:36.854+0000] {processor.py:830} INFO - Processing file /home/airflow/.local/lib/python3.12/site-packages/airflow/example_dags/example_skip_dag.py for tasks to queue
[2024-06-17T23:42:36.856+0000] {logging_mixin.py:188} INFO - [2024-06-17T23:42:36.855+0000] {dagbag.py:545} INFO - Filling up the DagBag from /home/airflow/.local/lib/python3.12/site-packages/airflow/example_dags/example_skip_dag.py
[2024-06-17T23:42:36.863+0000] {processor.py:840} INFO - DAG(s) 'example_skip_dag' retrieved from /home/airflow/.local/lib/python3.12/site-packages/airflow/example_dags/example_skip_dag.py
[2024-06-17T23:42:36.893+0000] {logging_mixin.py:188} INFO - [2024-06-17T23:42:36.892+0000] {dag.py:3096} INFO - Sync 1 DAGs
[2024-06-17T23:42:36.923+0000] {logging_mixin.py:188} INFO - [2024-06-17T23:42:36.922+0000] {dag.py:3954} INFO - Setting next_dagrun for example_skip_dag to 2024-06-16 00:00:00+00:00, run_after=2024-06-17 00:00:00+00:00
[2024-06-17T23:42:36.948+0000] {processor.py:183} INFO - Processing /home/airflow/.local/lib/python3.12/site-packages/airflow/example_dags/example_skip_dag.py took 0.101 seconds
[2024-06-17T23:43:08.473+0000] {processor.py:161} INFO - Started process (PID=552) to work on /home/airflow/.local/lib/python3.12/site-packages/airflow/example_dags/example_skip_dag.py
[2024-06-17T23:43:08.474+0000] {processor.py:830} INFO - Processing file /home/airflow/.local/lib/python3.12/site-packages/airflow/example_dags/example_skip_dag.py for tasks to queue
[2024-06-17T23:43:08.477+0000] {logging_mixin.py:188} INFO - [2024-06-17T23:43:08.476+0000] {dagbag.py:545} INFO - Filling up the DagBag from /home/airflow/.local/lib/python3.12/site-packages/airflow/example_dags/example_skip_dag.py
[2024-06-17T23:43:08.484+0000] {processor.py:840} INFO - DAG(s) 'example_skip_dag' retrieved from /home/airflow/.local/lib/python3.12/site-packages/airflow/example_dags/example_skip_dag.py
[2024-06-17T23:43:08.510+0000] {logging_mixin.py:188} INFO - [2024-06-17T23:43:08.510+0000] {dag.py:3096} INFO - Sync 1 DAGs
[2024-06-17T23:43:08.540+0000] {logging_mixin.py:188} INFO - [2024-06-17T23:43:08.539+0000] {dag.py:3954} INFO - Setting next_dagrun for example_skip_dag to 2024-06-16 00:00:00+00:00, run_after=2024-06-17 00:00:00+00:00
[2024-06-17T23:43:08.570+0000] {processor.py:183} INFO - Processing /home/airflow/.local/lib/python3.12/site-packages/airflow/example_dags/example_skip_dag.py took 0.104 seconds
[2024-06-17T23:43:39.797+0000] {processor.py:161} INFO - Started process (PID=612) to work on /home/airflow/.local/lib/python3.12/site-packages/airflow/example_dags/example_skip_dag.py
[2024-06-17T23:43:39.798+0000] {processor.py:830} INFO - Processing file /home/airflow/.local/lib/python3.12/site-packages/airflow/example_dags/example_skip_dag.py for tasks to queue
[2024-06-17T23:43:39.800+0000] {logging_mixin.py:188} INFO - [2024-06-17T23:43:39.800+0000] {dagbag.py:545} INFO - Filling up the DagBag from /home/airflow/.local/lib/python3.12/site-packages/airflow/example_dags/example_skip_dag.py
[2024-06-17T23:43:39.808+0000] {processor.py:840} INFO - DAG(s) 'example_skip_dag' retrieved from /home/airflow/.local/lib/python3.12/site-packages/airflow/example_dags/example_skip_dag.py
[2024-06-17T23:43:39.834+0000] {logging_mixin.py:188} INFO - [2024-06-17T23:43:39.834+0000] {dag.py:3096} INFO - Sync 1 DAGs
[2024-06-17T23:43:39.869+0000] {logging_mixin.py:188} INFO - [2024-06-17T23:43:39.868+0000] {dag.py:3954} INFO - Setting next_dagrun for example_skip_dag to 2024-06-16 00:00:00+00:00, run_after=2024-06-17 00:00:00+00:00
[2024-06-17T23:43:39.900+0000] {processor.py:183} INFO - Processing /home/airflow/.local/lib/python3.12/site-packages/airflow/example_dags/example_skip_dag.py took 0.110 seconds
[2024-06-17T23:44:10.247+0000] {processor.py:161} INFO - Started process (PID=678) to work on /home/airflow/.local/lib/python3.12/site-packages/airflow/example_dags/example_skip_dag.py
[2024-06-17T23:44:10.249+0000] {processor.py:830} INFO - Processing file /home/airflow/.local/lib/python3.12/site-packages/airflow/example_dags/example_skip_dag.py for tasks to queue
[2024-06-17T23:44:10.254+0000] {logging_mixin.py:188} INFO - [2024-06-17T23:44:10.254+0000] {dagbag.py:545} INFO - Filling up the DagBag from /home/airflow/.local/lib/python3.12/site-packages/airflow/example_dags/example_skip_dag.py
[2024-06-17T23:44:10.267+0000] {processor.py:840} INFO - DAG(s) 'example_skip_dag' retrieved from /home/airflow/.local/lib/python3.12/site-packages/airflow/example_dags/example_skip_dag.py
[2024-06-17T23:44:10.305+0000] {logging_mixin.py:188} INFO - [2024-06-17T23:44:10.304+0000] {dag.py:3096} INFO - Sync 1 DAGs
[2024-06-17T23:44:10.344+0000] {logging_mixin.py:188} INFO - [2024-06-17T23:44:10.344+0000] {dag.py:3954} INFO - Setting next_dagrun for example_skip_dag to 2024-06-16 00:00:00+00:00, run_after=2024-06-17 00:00:00+00:00
[2024-06-17T23:44:10.376+0000] {processor.py:183} INFO - Processing /home/airflow/.local/lib/python3.12/site-packages/airflow/example_dags/example_skip_dag.py took 0.138 seconds
[2024-06-17T23:44:41.257+0000] {processor.py:161} INFO - Started process (PID=738) to work on /home/airflow/.local/lib/python3.12/site-packages/airflow/example_dags/example_skip_dag.py
[2024-06-17T23:44:41.258+0000] {processor.py:830} INFO - Processing file /home/airflow/.local/lib/python3.12/site-packages/airflow/example_dags/example_skip_dag.py for tasks to queue
[2024-06-17T23:44:41.261+0000] {logging_mixin.py:188} INFO - [2024-06-17T23:44:41.260+0000] {dagbag.py:545} INFO - Filling up the DagBag from /home/airflow/.local/lib/python3.12/site-packages/airflow/example_dags/example_skip_dag.py
[2024-06-17T23:44:41.270+0000] {processor.py:840} INFO - DAG(s) 'example_skip_dag' retrieved from /home/airflow/.local/lib/python3.12/site-packages/airflow/example_dags/example_skip_dag.py
[2024-06-17T23:44:41.294+0000] {logging_mixin.py:188} INFO - [2024-06-17T23:44:41.294+0000] {dag.py:3096} INFO - Sync 1 DAGs
[2024-06-17T23:44:41.323+0000] {logging_mixin.py:188} INFO - [2024-06-17T23:44:41.323+0000] {dag.py:3954} INFO - Setting next_dagrun for example_skip_dag to 2024-06-16 00:00:00+00:00, run_after=2024-06-17 00:00:00+00:00
[2024-06-17T23:44:41.355+0000] {processor.py:183} INFO - Processing /home/airflow/.local/lib/python3.12/site-packages/airflow/example_dags/example_skip_dag.py took 0.106 seconds
[2024-06-17T23:45:12.288+0000] {processor.py:161} INFO - Started process (PID=798) to work on /home/airflow/.local/lib/python3.12/site-packages/airflow/example_dags/example_skip_dag.py
[2024-06-17T23:45:12.290+0000] {processor.py:830} INFO - Processing file /home/airflow/.local/lib/python3.12/site-packages/airflow/example_dags/example_skip_dag.py for tasks to queue
[2024-06-17T23:45:12.292+0000] {logging_mixin.py:188} INFO - [2024-06-17T23:45:12.292+0000] {dagbag.py:545} INFO - Filling up the DagBag from /home/airflow/.local/lib/python3.12/site-packages/airflow/example_dags/example_skip_dag.py
[2024-06-17T23:45:12.300+0000] {processor.py:840} INFO - DAG(s) 'example_skip_dag' retrieved from /home/airflow/.local/lib/python3.12/site-packages/airflow/example_dags/example_skip_dag.py
[2024-06-17T23:45:12.328+0000] {logging_mixin.py:188} INFO - [2024-06-17T23:45:12.328+0000] {dag.py:3096} INFO - Sync 1 DAGs
[2024-06-17T23:45:12.364+0000] {logging_mixin.py:188} INFO - [2024-06-17T23:45:12.364+0000] {dag.py:3954} INFO - Setting next_dagrun for example_skip_dag to 2024-06-16 00:00:00+00:00, run_after=2024-06-17 00:00:00+00:00
[2024-06-17T23:45:12.391+0000] {processor.py:183} INFO - Processing /home/airflow/.local/lib/python3.12/site-packages/airflow/example_dags/example_skip_dag.py took 0.109 seconds
[2024-06-17T23:45:42.692+0000] {processor.py:161} INFO - Started process (PID=858) to work on /home/airflow/.local/lib/python3.12/site-packages/airflow/example_dags/example_skip_dag.py
[2024-06-17T23:45:42.693+0000] {processor.py:830} INFO - Processing file /home/airflow/.local/lib/python3.12/site-packages/airflow/example_dags/example_skip_dag.py for tasks to queue
[2024-06-17T23:45:42.697+0000] {logging_mixin.py:188} INFO - [2024-06-17T23:45:42.696+0000] {dagbag.py:545} INFO - Filling up the DagBag from /home/airflow/.local/lib/python3.12/site-packages/airflow/example_dags/example_skip_dag.py
[2024-06-17T23:45:42.705+0000] {processor.py:840} INFO - DAG(s) 'example_skip_dag' retrieved from /home/airflow/.local/lib/python3.12/site-packages/airflow/example_dags/example_skip_dag.py
[2024-06-17T23:45:42.731+0000] {logging_mixin.py:188} INFO - [2024-06-17T23:45:42.730+0000] {dag.py:3096} INFO - Sync 1 DAGs
[2024-06-17T23:45:42.764+0000] {logging_mixin.py:188} INFO - [2024-06-17T23:45:42.763+0000] {dag.py:3954} INFO - Setting next_dagrun for example_skip_dag to 2024-06-16 00:00:00+00:00, run_after=2024-06-17 00:00:00+00:00
[2024-06-17T23:45:42.794+0000] {processor.py:183} INFO - Processing /home/airflow/.local/lib/python3.12/site-packages/airflow/example_dags/example_skip_dag.py took 0.108 seconds
[2024-06-17T23:46:14.190+0000] {processor.py:161} INFO - Started process (PID=918) to work on /home/airflow/.local/lib/python3.12/site-packages/airflow/example_dags/example_skip_dag.py
[2024-06-17T23:46:14.191+0000] {processor.py:830} INFO - Processing file /home/airflow/.local/lib/python3.12/site-packages/airflow/example_dags/example_skip_dag.py for tasks to queue
[2024-06-17T23:46:14.194+0000] {logging_mixin.py:188} INFO - [2024-06-17T23:46:14.193+0000] {dagbag.py:545} INFO - Filling up the DagBag from /home/airflow/.local/lib/python3.12/site-packages/airflow/example_dags/example_skip_dag.py
[2024-06-17T23:46:14.202+0000] {processor.py:840} INFO - DAG(s) 'example_skip_dag' retrieved from /home/airflow/.local/lib/python3.12/site-packages/airflow/example_dags/example_skip_dag.py
[2024-06-17T23:46:14.228+0000] {logging_mixin.py:188} INFO - [2024-06-17T23:46:14.227+0000] {dag.py:3096} INFO - Sync 1 DAGs
[2024-06-17T23:46:14.256+0000] {logging_mixin.py:188} INFO - [2024-06-17T23:46:14.256+0000] {dag.py:3954} INFO - Setting next_dagrun for example_skip_dag to 2024-06-16 00:00:00+00:00, run_after=2024-06-17 00:00:00+00:00
[2024-06-17T23:46:14.284+0000] {processor.py:183} INFO - Processing /home/airflow/.local/lib/python3.12/site-packages/airflow/example_dags/example_skip_dag.py took 0.102 seconds
[2024-06-17T23:46:45.424+0000] {processor.py:161} INFO - Started process (PID=978) to work on /home/airflow/.local/lib/python3.12/site-packages/airflow/example_dags/example_skip_dag.py
[2024-06-17T23:46:45.425+0000] {processor.py:830} INFO - Processing file /home/airflow/.local/lib/python3.12/site-packages/airflow/example_dags/example_skip_dag.py for tasks to queue
[2024-06-17T23:46:45.428+0000] {logging_mixin.py:188} INFO - [2024-06-17T23:46:45.427+0000] {dagbag.py:545} INFO - Filling up the DagBag from /home/airflow/.local/lib/python3.12/site-packages/airflow/example_dags/example_skip_dag.py
[2024-06-17T23:46:45.435+0000] {processor.py:840} INFO - DAG(s) 'example_skip_dag' retrieved from /home/airflow/.local/lib/python3.12/site-packages/airflow/example_dags/example_skip_dag.py
[2024-06-17T23:46:45.464+0000] {logging_mixin.py:188} INFO - [2024-06-17T23:46:45.464+0000] {dag.py:3096} INFO - Sync 1 DAGs
[2024-06-17T23:46:45.493+0000] {logging_mixin.py:188} INFO - [2024-06-17T23:46:45.493+0000] {dag.py:3954} INFO - Setting next_dagrun for example_skip_dag to 2024-06-16 00:00:00+00:00, run_after=2024-06-17 00:00:00+00:00
[2024-06-17T23:46:45.520+0000] {processor.py:183} INFO - Processing /home/airflow/.local/lib/python3.12/site-packages/airflow/example_dags/example_skip_dag.py took 0.103 seconds
[2024-06-17T23:47:16.579+0000] {processor.py:161} INFO - Started process (PID=1038) to work on /home/airflow/.local/lib/python3.12/site-packages/airflow/example_dags/example_skip_dag.py
[2024-06-17T23:47:16.580+0000] {processor.py:830} INFO - Processing file /home/airflow/.local/lib/python3.12/site-packages/airflow/example_dags/example_skip_dag.py for tasks to queue
[2024-06-17T23:47:16.583+0000] {logging_mixin.py:188} INFO - [2024-06-17T23:47:16.583+0000] {dagbag.py:545} INFO - Filling up the DagBag from /home/airflow/.local/lib/python3.12/site-packages/airflow/example_dags/example_skip_dag.py
[2024-06-17T23:47:16.591+0000] {processor.py:840} INFO - DAG(s) 'example_skip_dag' retrieved from /home/airflow/.local/lib/python3.12/site-packages/airflow/example_dags/example_skip_dag.py
[2024-06-17T23:47:16.614+0000] {logging_mixin.py:188} INFO - [2024-06-17T23:47:16.614+0000] {dag.py:3096} INFO - Sync 1 DAGs
[2024-06-17T23:47:16.645+0000] {logging_mixin.py:188} INFO - [2024-06-17T23:47:16.645+0000] {dag.py:3954} INFO - Setting next_dagrun for example_skip_dag to 2024-06-16 00:00:00+00:00, run_after=2024-06-17 00:00:00+00:00
[2024-06-17T23:47:16.673+0000] {processor.py:183} INFO - Processing /home/airflow/.local/lib/python3.12/site-packages/airflow/example_dags/example_skip_dag.py took 0.101 seconds
[2024-06-17T23:47:47.515+0000] {processor.py:161} INFO - Started process (PID=1098) to work on /home/airflow/.local/lib/python3.12/site-packages/airflow/example_dags/example_skip_dag.py
[2024-06-17T23:47:47.516+0000] {processor.py:830} INFO - Processing file /home/airflow/.local/lib/python3.12/site-packages/airflow/example_dags/example_skip_dag.py for tasks to queue
[2024-06-17T23:47:47.519+0000] {logging_mixin.py:188} INFO - [2024-06-17T23:47:47.519+0000] {dagbag.py:545} INFO - Filling up the DagBag from /home/airflow/.local/lib/python3.12/site-packages/airflow/example_dags/example_skip_dag.py
[2024-06-17T23:47:47.528+0000] {processor.py:840} INFO - DAG(s) 'example_skip_dag' retrieved from /home/airflow/.local/lib/python3.12/site-packages/airflow/example_dags/example_skip_dag.py
[2024-06-17T23:47:47.552+0000] {logging_mixin.py:188} INFO - [2024-06-17T23:47:47.552+0000] {dag.py:3096} INFO - Sync 1 DAGs
[2024-06-17T23:47:47.579+0000] {logging_mixin.py:188} INFO - [2024-06-17T23:47:47.579+0000] {dag.py:3954} INFO - Setting next_dagrun for example_skip_dag to 2024-06-16 00:00:00+00:00, run_after=2024-06-17 00:00:00+00:00
[2024-06-17T23:47:47.601+0000] {processor.py:183} INFO - Processing /home/airflow/.local/lib/python3.12/site-packages/airflow/example_dags/example_skip_dag.py took 0.092 seconds
[2024-06-17T23:48:18.131+0000] {processor.py:161} INFO - Started process (PID=1158) to work on /home/airflow/.local/lib/python3.12/site-packages/airflow/example_dags/example_skip_dag.py
[2024-06-17T23:48:18.133+0000] {processor.py:830} INFO - Processing file /home/airflow/.local/lib/python3.12/site-packages/airflow/example_dags/example_skip_dag.py for tasks to queue
[2024-06-17T23:48:18.136+0000] {logging_mixin.py:188} INFO - [2024-06-17T23:48:18.135+0000] {dagbag.py:545} INFO - Filling up the DagBag from /home/airflow/.local/lib/python3.12/site-packages/airflow/example_dags/example_skip_dag.py
[2024-06-17T23:48:18.145+0000] {processor.py:840} INFO - DAG(s) 'example_skip_dag' retrieved from /home/airflow/.local/lib/python3.12/site-packages/airflow/example_dags/example_skip_dag.py
[2024-06-17T23:48:18.171+0000] {logging_mixin.py:188} INFO - [2024-06-17T23:48:18.170+0000] {dag.py:3096} INFO - Sync 1 DAGs
[2024-06-17T23:48:18.198+0000] {logging_mixin.py:188} INFO - [2024-06-17T23:48:18.198+0000] {dag.py:3954} INFO - Setting next_dagrun for example_skip_dag to 2024-06-16 00:00:00+00:00, run_after=2024-06-17 00:00:00+00:00
[2024-06-17T23:48:18.222+0000] {processor.py:183} INFO - Processing /home/airflow/.local/lib/python3.12/site-packages/airflow/example_dags/example_skip_dag.py took 0.101 seconds
[2024-06-17T23:48:48.545+0000] {processor.py:161} INFO - Started process (PID=1218) to work on /home/airflow/.local/lib/python3.12/site-packages/airflow/example_dags/example_skip_dag.py
[2024-06-17T23:48:48.546+0000] {processor.py:830} INFO - Processing file /home/airflow/.local/lib/python3.12/site-packages/airflow/example_dags/example_skip_dag.py for tasks to queue
[2024-06-17T23:48:48.549+0000] {logging_mixin.py:188} INFO - [2024-06-17T23:48:48.548+0000] {dagbag.py:545} INFO - Filling up the DagBag from /home/airflow/.local/lib/python3.12/site-packages/airflow/example_dags/example_skip_dag.py
[2024-06-17T23:48:48.556+0000] {processor.py:840} INFO - DAG(s) 'example_skip_dag' retrieved from /home/airflow/.local/lib/python3.12/site-packages/airflow/example_dags/example_skip_dag.py
[2024-06-17T23:48:48.589+0000] {logging_mixin.py:188} INFO - [2024-06-17T23:48:48.589+0000] {dag.py:3096} INFO - Sync 1 DAGs
[2024-06-17T23:48:48.614+0000] {logging_mixin.py:188} INFO - [2024-06-17T23:48:48.614+0000] {dag.py:3954} INFO - Setting next_dagrun for example_skip_dag to 2024-06-16 00:00:00+00:00, run_after=2024-06-17 00:00:00+00:00
[2024-06-17T23:48:48.636+0000] {processor.py:183} INFO - Processing /home/airflow/.local/lib/python3.12/site-packages/airflow/example_dags/example_skip_dag.py took 0.098 seconds
[2024-06-17T23:49:19.285+0000] {processor.py:161} INFO - Started process (PID=1278) to work on /home/airflow/.local/lib/python3.12/site-packages/airflow/example_dags/example_skip_dag.py
[2024-06-17T23:49:19.286+0000] {processor.py:830} INFO - Processing file /home/airflow/.local/lib/python3.12/site-packages/airflow/example_dags/example_skip_dag.py for tasks to queue
[2024-06-17T23:49:19.290+0000] {logging_mixin.py:188} INFO - [2024-06-17T23:49:19.289+0000] {dagbag.py:545} INFO - Filling up the DagBag from /home/airflow/.local/lib/python3.12/site-packages/airflow/example_dags/example_skip_dag.py
[2024-06-17T23:49:19.300+0000] {processor.py:840} INFO - DAG(s) 'example_skip_dag' retrieved from /home/airflow/.local/lib/python3.12/site-packages/airflow/example_dags/example_skip_dag.py
[2024-06-17T23:49:19.326+0000] {logging_mixin.py:188} INFO - [2024-06-17T23:49:19.325+0000] {dag.py:3096} INFO - Sync 1 DAGs
[2024-06-17T23:49:19.351+0000] {logging_mixin.py:188} INFO - [2024-06-17T23:49:19.351+0000] {dag.py:3954} INFO - Setting next_dagrun for example_skip_dag to 2024-06-16 00:00:00+00:00, run_after=2024-06-17 00:00:00+00:00
[2024-06-17T23:49:19.371+0000] {processor.py:183} INFO - Processing /home/airflow/.local/lib/python3.12/site-packages/airflow/example_dags/example_skip_dag.py took 0.095 seconds
[2024-06-17T23:49:49.664+0000] {processor.py:161} INFO - Started process (PID=1336) to work on /home/airflow/.local/lib/python3.12/site-packages/airflow/example_dags/example_skip_dag.py
[2024-06-17T23:49:49.666+0000] {processor.py:830} INFO - Processing file /home/airflow/.local/lib/python3.12/site-packages/airflow/example_dags/example_skip_dag.py for tasks to queue
[2024-06-17T23:49:49.668+0000] {logging_mixin.py:188} INFO - [2024-06-17T23:49:49.668+0000] {dagbag.py:545} INFO - Filling up the DagBag from /home/airflow/.local/lib/python3.12/site-packages/airflow/example_dags/example_skip_dag.py
[2024-06-17T23:49:49.676+0000] {processor.py:840} INFO - DAG(s) 'example_skip_dag' retrieved from /home/airflow/.local/lib/python3.12/site-packages/airflow/example_dags/example_skip_dag.py
[2024-06-17T23:49:49.705+0000] {logging_mixin.py:188} INFO - [2024-06-17T23:49:49.704+0000] {dag.py:3096} INFO - Sync 1 DAGs
[2024-06-17T23:49:49.732+0000] {logging_mixin.py:188} INFO - [2024-06-17T23:49:49.732+0000] {dag.py:3954} INFO - Setting next_dagrun for example_skip_dag to 2024-06-16 00:00:00+00:00, run_after=2024-06-17 00:00:00+00:00
[2024-06-17T23:49:49.761+0000] {processor.py:183} INFO - Processing /home/airflow/.local/lib/python3.12/site-packages/airflow/example_dags/example_skip_dag.py took 0.104 seconds
[2024-06-17T23:50:20.594+0000] {processor.py:161} INFO - Started process (PID=1396) to work on /home/airflow/.local/lib/python3.12/site-packages/airflow/example_dags/example_skip_dag.py
[2024-06-17T23:50:20.596+0000] {processor.py:830} INFO - Processing file /home/airflow/.local/lib/python3.12/site-packages/airflow/example_dags/example_skip_dag.py for tasks to queue
[2024-06-17T23:50:20.600+0000] {logging_mixin.py:188} INFO - [2024-06-17T23:50:20.599+0000] {dagbag.py:545} INFO - Filling up the DagBag from /home/airflow/.local/lib/python3.12/site-packages/airflow/example_dags/example_skip_dag.py
[2024-06-17T23:50:20.615+0000] {processor.py:840} INFO - DAG(s) 'example_skip_dag' retrieved from /home/airflow/.local/lib/python3.12/site-packages/airflow/example_dags/example_skip_dag.py
[2024-06-17T23:50:20.648+0000] {logging_mixin.py:188} INFO - [2024-06-17T23:50:20.648+0000] {dag.py:3096} INFO - Sync 1 DAGs
[2024-06-17T23:50:20.683+0000] {logging_mixin.py:188} INFO - [2024-06-17T23:50:20.682+0000] {dag.py:3954} INFO - Setting next_dagrun for example_skip_dag to 2024-06-16 00:00:00+00:00, run_after=2024-06-17 00:00:00+00:00
[2024-06-17T23:50:20.714+0000] {processor.py:183} INFO - Processing /home/airflow/.local/lib/python3.12/site-packages/airflow/example_dags/example_skip_dag.py took 0.129 seconds
[2024-06-17T23:50:51.210+0000] {processor.py:161} INFO - Started process (PID=1456) to work on /home/airflow/.local/lib/python3.12/site-packages/airflow/example_dags/example_skip_dag.py
[2024-06-17T23:50:51.211+0000] {processor.py:830} INFO - Processing file /home/airflow/.local/lib/python3.12/site-packages/airflow/example_dags/example_skip_dag.py for tasks to queue
[2024-06-17T23:50:51.215+0000] {logging_mixin.py:188} INFO - [2024-06-17T23:50:51.214+0000] {dagbag.py:545} INFO - Filling up the DagBag from /home/airflow/.local/lib/python3.12/site-packages/airflow/example_dags/example_skip_dag.py
[2024-06-17T23:50:51.222+0000] {processor.py:840} INFO - DAG(s) 'example_skip_dag' retrieved from /home/airflow/.local/lib/python3.12/site-packages/airflow/example_dags/example_skip_dag.py
[2024-06-17T23:50:51.246+0000] {logging_mixin.py:188} INFO - [2024-06-17T23:50:51.246+0000] {dag.py:3096} INFO - Sync 1 DAGs
[2024-06-17T23:50:51.271+0000] {logging_mixin.py:188} INFO - [2024-06-17T23:50:51.271+0000] {dag.py:3954} INFO - Setting next_dagrun for example_skip_dag to 2024-06-16 00:00:00+00:00, run_after=2024-06-17 00:00:00+00:00
[2024-06-17T23:50:51.296+0000] {processor.py:183} INFO - Processing /home/airflow/.local/lib/python3.12/site-packages/airflow/example_dags/example_skip_dag.py took 0.092 seconds
[2024-06-17T23:51:21.439+0000] {processor.py:161} INFO - Started process (PID=1515) to work on /home/airflow/.local/lib/python3.12/site-packages/airflow/example_dags/example_skip_dag.py
[2024-06-17T23:51:21.440+0000] {processor.py:830} INFO - Processing file /home/airflow/.local/lib/python3.12/site-packages/airflow/example_dags/example_skip_dag.py for tasks to queue
[2024-06-17T23:51:21.442+0000] {logging_mixin.py:188} INFO - [2024-06-17T23:51:21.442+0000] {dagbag.py:545} INFO - Filling up the DagBag from /home/airflow/.local/lib/python3.12/site-packages/airflow/example_dags/example_skip_dag.py
[2024-06-17T23:51:21.449+0000] {processor.py:840} INFO - DAG(s) 'example_skip_dag' retrieved from /home/airflow/.local/lib/python3.12/site-packages/airflow/example_dags/example_skip_dag.py
[2024-06-17T23:51:21.474+0000] {logging_mixin.py:188} INFO - [2024-06-17T23:51:21.474+0000] {dag.py:3096} INFO - Sync 1 DAGs
[2024-06-17T23:51:21.499+0000] {logging_mixin.py:188} INFO - [2024-06-17T23:51:21.498+0000] {dag.py:3954} INFO - Setting next_dagrun for example_skip_dag to 2024-06-16 00:00:00+00:00, run_after=2024-06-17 00:00:00+00:00
[2024-06-17T23:51:21.527+0000] {processor.py:183} INFO - Processing /home/airflow/.local/lib/python3.12/site-packages/airflow/example_dags/example_skip_dag.py took 0.095 seconds
[2024-06-17T23:51:51.611+0000] {processor.py:161} INFO - Started process (PID=1575) to work on /home/airflow/.local/lib/python3.12/site-packages/airflow/example_dags/example_skip_dag.py
[2024-06-17T23:51:51.612+0000] {processor.py:830} INFO - Processing file /home/airflow/.local/lib/python3.12/site-packages/airflow/example_dags/example_skip_dag.py for tasks to queue
[2024-06-17T23:51:51.614+0000] {logging_mixin.py:188} INFO - [2024-06-17T23:51:51.614+0000] {dagbag.py:545} INFO - Filling up the DagBag from /home/airflow/.local/lib/python3.12/site-packages/airflow/example_dags/example_skip_dag.py
[2024-06-17T23:51:51.621+0000] {processor.py:840} INFO - DAG(s) 'example_skip_dag' retrieved from /home/airflow/.local/lib/python3.12/site-packages/airflow/example_dags/example_skip_dag.py
[2024-06-17T23:51:51.649+0000] {logging_mixin.py:188} INFO - [2024-06-17T23:51:51.649+0000] {dag.py:3096} INFO - Sync 1 DAGs
[2024-06-17T23:51:51.827+0000] {logging_mixin.py:188} INFO - [2024-06-17T23:51:51.827+0000] {dag.py:3954} INFO - Setting next_dagrun for example_skip_dag to 2024-06-16 00:00:00+00:00, run_after=2024-06-17 00:00:00+00:00
[2024-06-17T23:51:51.855+0000] {processor.py:183} INFO - Processing /home/airflow/.local/lib/python3.12/site-packages/airflow/example_dags/example_skip_dag.py took 0.251 seconds
[2024-06-17T23:52:22.699+0000] {processor.py:161} INFO - Started process (PID=1635) to work on /home/airflow/.local/lib/python3.12/site-packages/airflow/example_dags/example_skip_dag.py
[2024-06-17T23:52:22.700+0000] {processor.py:830} INFO - Processing file /home/airflow/.local/lib/python3.12/site-packages/airflow/example_dags/example_skip_dag.py for tasks to queue
[2024-06-17T23:52:22.703+0000] {logging_mixin.py:188} INFO - [2024-06-17T23:52:22.702+0000] {dagbag.py:545} INFO - Filling up the DagBag from /home/airflow/.local/lib/python3.12/site-packages/airflow/example_dags/example_skip_dag.py
[2024-06-17T23:52:22.711+0000] {processor.py:840} INFO - DAG(s) 'example_skip_dag' retrieved from /home/airflow/.local/lib/python3.12/site-packages/airflow/example_dags/example_skip_dag.py
[2024-06-17T23:52:22.739+0000] {logging_mixin.py:188} INFO - [2024-06-17T23:52:22.738+0000] {dag.py:3096} INFO - Sync 1 DAGs
[2024-06-17T23:52:22.768+0000] {logging_mixin.py:188} INFO - [2024-06-17T23:52:22.768+0000] {dag.py:3954} INFO - Setting next_dagrun for example_skip_dag to 2024-06-16 00:00:00+00:00, run_after=2024-06-17 00:00:00+00:00
[2024-06-17T23:52:23.021+0000] {processor.py:183} INFO - Processing /home/airflow/.local/lib/python3.12/site-packages/airflow/example_dags/example_skip_dag.py took 0.329 seconds
[2024-06-17T23:52:53.047+0000] {processor.py:161} INFO - Started process (PID=1695) to work on /home/airflow/.local/lib/python3.12/site-packages/airflow/example_dags/example_skip_dag.py
[2024-06-17T23:52:53.048+0000] {processor.py:830} INFO - Processing file /home/airflow/.local/lib/python3.12/site-packages/airflow/example_dags/example_skip_dag.py for tasks to queue
[2024-06-17T23:52:53.050+0000] {logging_mixin.py:188} INFO - [2024-06-17T23:52:53.050+0000] {dagbag.py:545} INFO - Filling up the DagBag from /home/airflow/.local/lib/python3.12/site-packages/airflow/example_dags/example_skip_dag.py
[2024-06-17T23:52:53.058+0000] {processor.py:840} INFO - DAG(s) 'example_skip_dag' retrieved from /home/airflow/.local/lib/python3.12/site-packages/airflow/example_dags/example_skip_dag.py
[2024-06-17T23:52:53.089+0000] {logging_mixin.py:188} INFO - [2024-06-17T23:52:53.089+0000] {dag.py:3096} INFO - Sync 1 DAGs
[2024-06-17T23:52:53.120+0000] {logging_mixin.py:188} INFO - [2024-06-17T23:52:53.119+0000] {dag.py:3954} INFO - Setting next_dagrun for example_skip_dag to 2024-06-16 00:00:00+00:00, run_after=2024-06-17 00:00:00+00:00
[2024-06-17T23:52:53.158+0000] {processor.py:183} INFO - Processing /home/airflow/.local/lib/python3.12/site-packages/airflow/example_dags/example_skip_dag.py took 0.118 seconds
[2024-06-17T23:53:23.622+0000] {processor.py:161} INFO - Started process (PID=1755) to work on /home/airflow/.local/lib/python3.12/site-packages/airflow/example_dags/example_skip_dag.py
[2024-06-17T23:53:23.623+0000] {processor.py:830} INFO - Processing file /home/airflow/.local/lib/python3.12/site-packages/airflow/example_dags/example_skip_dag.py for tasks to queue
[2024-06-17T23:53:23.625+0000] {logging_mixin.py:188} INFO - [2024-06-17T23:53:23.625+0000] {dagbag.py:545} INFO - Filling up the DagBag from /home/airflow/.local/lib/python3.12/site-packages/airflow/example_dags/example_skip_dag.py
[2024-06-17T23:53:23.633+0000] {processor.py:840} INFO - DAG(s) 'example_skip_dag' retrieved from /home/airflow/.local/lib/python3.12/site-packages/airflow/example_dags/example_skip_dag.py
[2024-06-17T23:53:23.663+0000] {logging_mixin.py:188} INFO - [2024-06-17T23:53:23.663+0000] {dag.py:3096} INFO - Sync 1 DAGs
[2024-06-17T23:53:23.694+0000] {logging_mixin.py:188} INFO - [2024-06-17T23:53:23.694+0000] {dag.py:3954} INFO - Setting next_dagrun for example_skip_dag to 2024-06-16 00:00:00+00:00, run_after=2024-06-17 00:00:00+00:00
[2024-06-17T23:53:23.716+0000] {processor.py:183} INFO - Processing /home/airflow/.local/lib/python3.12/site-packages/airflow/example_dags/example_skip_dag.py took 0.102 seconds
[2024-06-17T23:53:54.138+0000] {processor.py:161} INFO - Started process (PID=1815) to work on /home/airflow/.local/lib/python3.12/site-packages/airflow/example_dags/example_skip_dag.py
[2024-06-17T23:53:54.139+0000] {processor.py:830} INFO - Processing file /home/airflow/.local/lib/python3.12/site-packages/airflow/example_dags/example_skip_dag.py for tasks to queue
[2024-06-17T23:53:54.142+0000] {logging_mixin.py:188} INFO - [2024-06-17T23:53:54.141+0000] {dagbag.py:545} INFO - Filling up the DagBag from /home/airflow/.local/lib/python3.12/site-packages/airflow/example_dags/example_skip_dag.py
[2024-06-17T23:53:54.150+0000] {processor.py:840} INFO - DAG(s) 'example_skip_dag' retrieved from /home/airflow/.local/lib/python3.12/site-packages/airflow/example_dags/example_skip_dag.py
[2024-06-17T23:53:54.176+0000] {logging_mixin.py:188} INFO - [2024-06-17T23:53:54.176+0000] {dag.py:3096} INFO - Sync 1 DAGs
[2024-06-17T23:53:54.204+0000] {logging_mixin.py:188} INFO - [2024-06-17T23:53:54.204+0000] {dag.py:3954} INFO - Setting next_dagrun for example_skip_dag to 2024-06-16 00:00:00+00:00, run_after=2024-06-17 00:00:00+00:00
[2024-06-17T23:53:54.231+0000] {processor.py:183} INFO - Processing /home/airflow/.local/lib/python3.12/site-packages/airflow/example_dags/example_skip_dag.py took 0.100 seconds
[2024-06-17T23:54:24.432+0000] {processor.py:161} INFO - Started process (PID=1874) to work on /home/airflow/.local/lib/python3.12/site-packages/airflow/example_dags/example_skip_dag.py
[2024-06-17T23:54:24.433+0000] {processor.py:830} INFO - Processing file /home/airflow/.local/lib/python3.12/site-packages/airflow/example_dags/example_skip_dag.py for tasks to queue
[2024-06-17T23:54:24.436+0000] {logging_mixin.py:188} INFO - [2024-06-17T23:54:24.436+0000] {dagbag.py:545} INFO - Filling up the DagBag from /home/airflow/.local/lib/python3.12/site-packages/airflow/example_dags/example_skip_dag.py
[2024-06-17T23:54:24.444+0000] {processor.py:840} INFO - DAG(s) 'example_skip_dag' retrieved from /home/airflow/.local/lib/python3.12/site-packages/airflow/example_dags/example_skip_dag.py
[2024-06-17T23:54:24.469+0000] {logging_mixin.py:188} INFO - [2024-06-17T23:54:24.469+0000] {dag.py:3096} INFO - Sync 1 DAGs
[2024-06-17T23:54:24.496+0000] {logging_mixin.py:188} INFO - [2024-06-17T23:54:24.496+0000] {dag.py:3954} INFO - Setting next_dagrun for example_skip_dag to 2024-06-16 00:00:00+00:00, run_after=2024-06-17 00:00:00+00:00
[2024-06-17T23:54:24.523+0000] {processor.py:183} INFO - Processing /home/airflow/.local/lib/python3.12/site-packages/airflow/example_dags/example_skip_dag.py took 0.098 seconds
[2024-06-17T23:54:54.615+0000] {processor.py:161} INFO - Started process (PID=1933) to work on /home/airflow/.local/lib/python3.12/site-packages/airflow/example_dags/example_skip_dag.py
[2024-06-17T23:54:54.616+0000] {processor.py:830} INFO - Processing file /home/airflow/.local/lib/python3.12/site-packages/airflow/example_dags/example_skip_dag.py for tasks to queue
[2024-06-17T23:54:54.619+0000] {logging_mixin.py:188} INFO - [2024-06-17T23:54:54.619+0000] {dagbag.py:545} INFO - Filling up the DagBag from /home/airflow/.local/lib/python3.12/site-packages/airflow/example_dags/example_skip_dag.py
[2024-06-17T23:54:54.626+0000] {processor.py:840} INFO - DAG(s) 'example_skip_dag' retrieved from /home/airflow/.local/lib/python3.12/site-packages/airflow/example_dags/example_skip_dag.py
[2024-06-17T23:54:54.651+0000] {logging_mixin.py:188} INFO - [2024-06-17T23:54:54.650+0000] {dag.py:3096} INFO - Sync 1 DAGs
[2024-06-17T23:54:54.675+0000] {logging_mixin.py:188} INFO - [2024-06-17T23:54:54.675+0000] {dag.py:3954} INFO - Setting next_dagrun for example_skip_dag to 2024-06-16 00:00:00+00:00, run_after=2024-06-17 00:00:00+00:00
[2024-06-17T23:54:54.704+0000] {processor.py:183} INFO - Processing /home/airflow/.local/lib/python3.12/site-packages/airflow/example_dags/example_skip_dag.py took 0.096 seconds
[2024-06-17T23:55:25.140+0000] {processor.py:161} INFO - Started process (PID=1993) to work on /home/airflow/.local/lib/python3.12/site-packages/airflow/example_dags/example_skip_dag.py
[2024-06-17T23:55:25.141+0000] {processor.py:830} INFO - Processing file /home/airflow/.local/lib/python3.12/site-packages/airflow/example_dags/example_skip_dag.py for tasks to queue
[2024-06-17T23:55:25.143+0000] {logging_mixin.py:188} INFO - [2024-06-17T23:55:25.143+0000] {dagbag.py:545} INFO - Filling up the DagBag from /home/airflow/.local/lib/python3.12/site-packages/airflow/example_dags/example_skip_dag.py
[2024-06-17T23:55:25.152+0000] {processor.py:840} INFO - DAG(s) 'example_skip_dag' retrieved from /home/airflow/.local/lib/python3.12/site-packages/airflow/example_dags/example_skip_dag.py
[2024-06-17T23:55:25.179+0000] {logging_mixin.py:188} INFO - [2024-06-17T23:55:25.179+0000] {dag.py:3096} INFO - Sync 1 DAGs
[2024-06-17T23:55:25.209+0000] {logging_mixin.py:188} INFO - [2024-06-17T23:55:25.208+0000] {dag.py:3954} INFO - Setting next_dagrun for example_skip_dag to 2024-06-16 00:00:00+00:00, run_after=2024-06-17 00:00:00+00:00
[2024-06-17T23:55:25.241+0000] {processor.py:183} INFO - Processing /home/airflow/.local/lib/python3.12/site-packages/airflow/example_dags/example_skip_dag.py took 0.111 seconds
[2024-06-17T23:55:55.646+0000] {processor.py:161} INFO - Started process (PID=2053) to work on /home/airflow/.local/lib/python3.12/site-packages/airflow/example_dags/example_skip_dag.py
[2024-06-17T23:55:55.650+0000] {processor.py:830} INFO - Processing file /home/airflow/.local/lib/python3.12/site-packages/airflow/example_dags/example_skip_dag.py for tasks to queue
[2024-06-17T23:55:55.652+0000] {logging_mixin.py:188} INFO - [2024-06-17T23:55:55.651+0000] {dagbag.py:545} INFO - Filling up the DagBag from /home/airflow/.local/lib/python3.12/site-packages/airflow/example_dags/example_skip_dag.py
[2024-06-17T23:55:55.660+0000] {processor.py:840} INFO - DAG(s) 'example_skip_dag' retrieved from /home/airflow/.local/lib/python3.12/site-packages/airflow/example_dags/example_skip_dag.py
[2024-06-17T23:55:55.689+0000] {logging_mixin.py:188} INFO - [2024-06-17T23:55:55.689+0000] {dag.py:3096} INFO - Sync 1 DAGs
[2024-06-17T23:55:55.721+0000] {logging_mixin.py:188} INFO - [2024-06-17T23:55:55.721+0000] {dag.py:3954} INFO - Setting next_dagrun for example_skip_dag to 2024-06-16 00:00:00+00:00, run_after=2024-06-17 00:00:00+00:00
[2024-06-17T23:55:55.756+0000] {processor.py:183} INFO - Processing /home/airflow/.local/lib/python3.12/site-packages/airflow/example_dags/example_skip_dag.py took 0.118 seconds
[2024-06-17T23:56:26.080+0000] {processor.py:161} INFO - Started process (PID=2112) to work on /home/airflow/.local/lib/python3.12/site-packages/airflow/example_dags/example_skip_dag.py
[2024-06-17T23:56:26.081+0000] {processor.py:830} INFO - Processing file /home/airflow/.local/lib/python3.12/site-packages/airflow/example_dags/example_skip_dag.py for tasks to queue
[2024-06-17T23:56:26.083+0000] {logging_mixin.py:188} INFO - [2024-06-17T23:56:26.083+0000] {dagbag.py:545} INFO - Filling up the DagBag from /home/airflow/.local/lib/python3.12/site-packages/airflow/example_dags/example_skip_dag.py
[2024-06-17T23:56:26.091+0000] {processor.py:840} INFO - DAG(s) 'example_skip_dag' retrieved from /home/airflow/.local/lib/python3.12/site-packages/airflow/example_dags/example_skip_dag.py
[2024-06-17T23:56:26.117+0000] {logging_mixin.py:188} INFO - [2024-06-17T23:56:26.116+0000] {dag.py:3096} INFO - Sync 1 DAGs
[2024-06-17T23:56:26.143+0000] {logging_mixin.py:188} INFO - [2024-06-17T23:56:26.143+0000] {dag.py:3954} INFO - Setting next_dagrun for example_skip_dag to 2024-06-16 00:00:00+00:00, run_after=2024-06-17 00:00:00+00:00
[2024-06-17T23:56:26.173+0000] {processor.py:183} INFO - Processing /home/airflow/.local/lib/python3.12/site-packages/airflow/example_dags/example_skip_dag.py took 0.100 seconds
[2024-06-17T23:56:56.995+0000] {processor.py:161} INFO - Started process (PID=2173) to work on /home/airflow/.local/lib/python3.12/site-packages/airflow/example_dags/example_skip_dag.py
[2024-06-17T23:56:56.997+0000] {processor.py:830} INFO - Processing file /home/airflow/.local/lib/python3.12/site-packages/airflow/example_dags/example_skip_dag.py for tasks to queue
[2024-06-17T23:56:56.999+0000] {logging_mixin.py:188} INFO - [2024-06-17T23:56:56.998+0000] {dagbag.py:545} INFO - Filling up the DagBag from /home/airflow/.local/lib/python3.12/site-packages/airflow/example_dags/example_skip_dag.py
[2024-06-17T23:56:57.007+0000] {processor.py:840} INFO - DAG(s) 'example_skip_dag' retrieved from /home/airflow/.local/lib/python3.12/site-packages/airflow/example_dags/example_skip_dag.py
[2024-06-17T23:56:57.029+0000] {logging_mixin.py:188} INFO - [2024-06-17T23:56:57.029+0000] {dag.py:3096} INFO - Sync 1 DAGs
[2024-06-17T23:56:57.057+0000] {logging_mixin.py:188} INFO - [2024-06-17T23:56:57.056+0000] {dag.py:3954} INFO - Setting next_dagrun for example_skip_dag to 2024-06-16 00:00:00+00:00, run_after=2024-06-17 00:00:00+00:00
[2024-06-17T23:56:57.084+0000] {processor.py:183} INFO - Processing /home/airflow/.local/lib/python3.12/site-packages/airflow/example_dags/example_skip_dag.py took 0.095 seconds
[2024-06-17T23:57:27.523+0000] {processor.py:161} INFO - Started process (PID=2233) to work on /home/airflow/.local/lib/python3.12/site-packages/airflow/example_dags/example_skip_dag.py
[2024-06-17T23:57:27.524+0000] {processor.py:830} INFO - Processing file /home/airflow/.local/lib/python3.12/site-packages/airflow/example_dags/example_skip_dag.py for tasks to queue
[2024-06-17T23:57:27.527+0000] {logging_mixin.py:188} INFO - [2024-06-17T23:57:27.526+0000] {dagbag.py:545} INFO - Filling up the DagBag from /home/airflow/.local/lib/python3.12/site-packages/airflow/example_dags/example_skip_dag.py
[2024-06-17T23:57:27.534+0000] {processor.py:840} INFO - DAG(s) 'example_skip_dag' retrieved from /home/airflow/.local/lib/python3.12/site-packages/airflow/example_dags/example_skip_dag.py
[2024-06-17T23:57:27.560+0000] {logging_mixin.py:188} INFO - [2024-06-17T23:57:27.559+0000] {dag.py:3096} INFO - Sync 1 DAGs
[2024-06-17T23:57:27.599+0000] {logging_mixin.py:188} INFO - [2024-06-17T23:57:27.598+0000] {dag.py:3954} INFO - Setting next_dagrun for example_skip_dag to 2024-06-16 00:00:00+00:00, run_after=2024-06-17 00:00:00+00:00
[2024-06-17T23:57:27.629+0000] {processor.py:183} INFO - Processing /home/airflow/.local/lib/python3.12/site-packages/airflow/example_dags/example_skip_dag.py took 0.113 seconds
[2024-06-17T23:57:57.846+0000] {processor.py:161} INFO - Started process (PID=2296) to work on /home/airflow/.local/lib/python3.12/site-packages/airflow/example_dags/example_skip_dag.py
[2024-06-17T23:57:57.847+0000] {processor.py:830} INFO - Processing file /home/airflow/.local/lib/python3.12/site-packages/airflow/example_dags/example_skip_dag.py for tasks to queue
[2024-06-17T23:57:57.850+0000] {logging_mixin.py:188} INFO - [2024-06-17T23:57:57.850+0000] {dagbag.py:545} INFO - Filling up the DagBag from /home/airflow/.local/lib/python3.12/site-packages/airflow/example_dags/example_skip_dag.py
[2024-06-17T23:57:57.860+0000] {processor.py:840} INFO - DAG(s) 'example_skip_dag' retrieved from /home/airflow/.local/lib/python3.12/site-packages/airflow/example_dags/example_skip_dag.py
[2024-06-17T23:57:57.887+0000] {logging_mixin.py:188} INFO - [2024-06-17T23:57:57.886+0000] {dag.py:3096} INFO - Sync 1 DAGs
[2024-06-17T23:57:57.916+0000] {logging_mixin.py:188} INFO - [2024-06-17T23:57:57.916+0000] {dag.py:3954} INFO - Setting next_dagrun for example_skip_dag to 2024-06-16 00:00:00+00:00, run_after=2024-06-17 00:00:00+00:00
[2024-06-17T23:57:57.944+0000] {processor.py:183} INFO - Processing /home/airflow/.local/lib/python3.12/site-packages/airflow/example_dags/example_skip_dag.py took 0.107 seconds
[2024-06-17T23:58:28.370+0000] {processor.py:161} INFO - Started process (PID=2356) to work on /home/airflow/.local/lib/python3.12/site-packages/airflow/example_dags/example_skip_dag.py
[2024-06-17T23:58:28.371+0000] {processor.py:830} INFO - Processing file /home/airflow/.local/lib/python3.12/site-packages/airflow/example_dags/example_skip_dag.py for tasks to queue
[2024-06-17T23:58:28.374+0000] {logging_mixin.py:188} INFO - [2024-06-17T23:58:28.374+0000] {dagbag.py:545} INFO - Filling up the DagBag from /home/airflow/.local/lib/python3.12/site-packages/airflow/example_dags/example_skip_dag.py
[2024-06-17T23:58:28.383+0000] {processor.py:840} INFO - DAG(s) 'example_skip_dag' retrieved from /home/airflow/.local/lib/python3.12/site-packages/airflow/example_dags/example_skip_dag.py
[2024-06-17T23:58:28.417+0000] {logging_mixin.py:188} INFO - [2024-06-17T23:58:28.417+0000] {dag.py:3096} INFO - Sync 1 DAGs
[2024-06-17T23:58:28.455+0000] {logging_mixin.py:188} INFO - [2024-06-17T23:58:28.455+0000] {dag.py:3954} INFO - Setting next_dagrun for example_skip_dag to 2024-06-16 00:00:00+00:00, run_after=2024-06-17 00:00:00+00:00
[2024-06-17T23:58:28.489+0000] {processor.py:183} INFO - Processing /home/airflow/.local/lib/python3.12/site-packages/airflow/example_dags/example_skip_dag.py took 0.127 seconds
[2024-06-17T23:58:59.445+0000] {processor.py:161} INFO - Started process (PID=2416) to work on /home/airflow/.local/lib/python3.12/site-packages/airflow/example_dags/example_skip_dag.py
[2024-06-17T23:58:59.447+0000] {processor.py:830} INFO - Processing file /home/airflow/.local/lib/python3.12/site-packages/airflow/example_dags/example_skip_dag.py for tasks to queue
[2024-06-17T23:58:59.450+0000] {logging_mixin.py:188} INFO - [2024-06-17T23:58:59.449+0000] {dagbag.py:545} INFO - Filling up the DagBag from /home/airflow/.local/lib/python3.12/site-packages/airflow/example_dags/example_skip_dag.py
[2024-06-17T23:58:59.457+0000] {processor.py:840} INFO - DAG(s) 'example_skip_dag' retrieved from /home/airflow/.local/lib/python3.12/site-packages/airflow/example_dags/example_skip_dag.py
[2024-06-17T23:58:59.481+0000] {logging_mixin.py:188} INFO - [2024-06-17T23:58:59.481+0000] {dag.py:3096} INFO - Sync 1 DAGs
[2024-06-17T23:58:59.505+0000] {logging_mixin.py:188} INFO - [2024-06-17T23:58:59.504+0000] {dag.py:3954} INFO - Setting next_dagrun for example_skip_dag to 2024-06-16 00:00:00+00:00, run_after=2024-06-17 00:00:00+00:00
[2024-06-17T23:58:59.527+0000] {processor.py:183} INFO - Processing /home/airflow/.local/lib/python3.12/site-packages/airflow/example_dags/example_skip_dag.py took 0.088 seconds
[2024-06-17T23:59:29.557+0000] {processor.py:161} INFO - Started process (PID=2474) to work on /home/airflow/.local/lib/python3.12/site-packages/airflow/example_dags/example_skip_dag.py
[2024-06-17T23:59:29.558+0000] {processor.py:830} INFO - Processing file /home/airflow/.local/lib/python3.12/site-packages/airflow/example_dags/example_skip_dag.py for tasks to queue
[2024-06-17T23:59:29.561+0000] {logging_mixin.py:188} INFO - [2024-06-17T23:59:29.560+0000] {dagbag.py:545} INFO - Filling up the DagBag from /home/airflow/.local/lib/python3.12/site-packages/airflow/example_dags/example_skip_dag.py
[2024-06-17T23:59:29.568+0000] {processor.py:840} INFO - DAG(s) 'example_skip_dag' retrieved from /home/airflow/.local/lib/python3.12/site-packages/airflow/example_dags/example_skip_dag.py
[2024-06-17T23:59:29.594+0000] {logging_mixin.py:188} INFO - [2024-06-17T23:59:29.594+0000] {dag.py:3096} INFO - Sync 1 DAGs
[2024-06-17T23:59:29.622+0000] {logging_mixin.py:188} INFO - [2024-06-17T23:59:29.621+0000] {dag.py:3954} INFO - Setting next_dagrun for example_skip_dag to 2024-06-16 00:00:00+00:00, run_after=2024-06-17 00:00:00+00:00
[2024-06-17T23:59:29.660+0000] {processor.py:183} INFO - Processing /home/airflow/.local/lib/python3.12/site-packages/airflow/example_dags/example_skip_dag.py took 0.110 seconds
