[2024-06-17T23:29:02.899+0000] {processor.py:161} INFO - Started process (PID=59) to work on /home/airflow/.local/lib/python3.12/site-packages/airflow/example_dags/example_setup_teardown.py
[2024-06-17T23:29:02.902+0000] {processor.py:830} INFO - Processing file /home/airflow/.local/lib/python3.12/site-packages/airflow/example_dags/example_setup_teardown.py for tasks to queue
[2024-06-17T23:29:02.908+0000] {logging_mixin.py:188} INFO - [2024-06-17T23:29:02.907+0000] {dagbag.py:545} INFO - Filling up the DagBag from /home/airflow/.local/lib/python3.12/site-packages/airflow/example_dags/example_setup_teardown.py
[2024-06-17T23:29:02.933+0000] {processor.py:840} INFO - DAG(s) 'example_setup_teardown' retrieved from /home/airflow/.local/lib/python3.12/site-packages/airflow/example_dags/example_setup_teardown.py
[2024-06-17T23:29:02.972+0000] {logging_mixin.py:188} INFO - [2024-06-17T23:29:02.972+0000] {dag.py:3096} INFO - Sync 1 DAGs
[2024-06-17T23:29:03.015+0000] {logging_mixin.py:188} INFO - [2024-06-17T23:29:03.014+0000] {dag.py:3954} INFO - Setting next_dagrun for example_setup_teardown to 2024-06-16 00:00:00+00:00, run_after=2024-06-17 00:00:00+00:00
[2024-06-17T23:29:03.052+0000] {processor.py:183} INFO - Processing /home/airflow/.local/lib/python3.12/site-packages/airflow/example_dags/example_setup_teardown.py took 0.170 seconds
[2024-06-17T23:29:33.736+0000] {processor.py:161} INFO - Started process (PID=132) to work on /home/airflow/.local/lib/python3.12/site-packages/airflow/example_dags/example_setup_teardown.py
[2024-06-17T23:29:33.738+0000] {processor.py:830} INFO - Processing file /home/airflow/.local/lib/python3.12/site-packages/airflow/example_dags/example_setup_teardown.py for tasks to queue
[2024-06-17T23:29:33.742+0000] {logging_mixin.py:188} INFO - [2024-06-17T23:29:33.741+0000] {dagbag.py:545} INFO - Filling up the DagBag from /home/airflow/.local/lib/python3.12/site-packages/airflow/example_dags/example_setup_teardown.py
[2024-06-17T23:29:33.755+0000] {processor.py:840} INFO - DAG(s) 'example_setup_teardown' retrieved from /home/airflow/.local/lib/python3.12/site-packages/airflow/example_dags/example_setup_teardown.py
[2024-06-17T23:29:33.788+0000] {logging_mixin.py:188} INFO - [2024-06-17T23:29:33.788+0000] {dag.py:3096} INFO - Sync 1 DAGs
[2024-06-17T23:29:33.820+0000] {logging_mixin.py:188} INFO - [2024-06-17T23:29:33.820+0000] {dag.py:3954} INFO - Setting next_dagrun for example_setup_teardown to 2024-06-16 00:00:00+00:00, run_after=2024-06-17 00:00:00+00:00
[2024-06-17T23:29:33.846+0000] {processor.py:183} INFO - Processing /home/airflow/.local/lib/python3.12/site-packages/airflow/example_dags/example_setup_teardown.py took 0.118 seconds
[2024-06-17T23:30:06.485+0000] {processor.py:161} INFO - Started process (PID=262) to work on /home/airflow/.local/lib/python3.12/site-packages/airflow/example_dags/example_setup_teardown.py
[2024-06-17T23:30:06.489+0000] {processor.py:830} INFO - Processing file /home/airflow/.local/lib/python3.12/site-packages/airflow/example_dags/example_setup_teardown.py for tasks to queue
[2024-06-17T23:30:06.494+0000] {logging_mixin.py:188} INFO - [2024-06-17T23:30:06.493+0000] {dagbag.py:545} INFO - Filling up the DagBag from /home/airflow/.local/lib/python3.12/site-packages/airflow/example_dags/example_setup_teardown.py
[2024-06-17T23:30:06.509+0000] {processor.py:840} INFO - DAG(s) 'example_setup_teardown' retrieved from /home/airflow/.local/lib/python3.12/site-packages/airflow/example_dags/example_setup_teardown.py
[2024-06-17T23:30:06.547+0000] {logging_mixin.py:188} INFO - [2024-06-17T23:30:06.546+0000] {dag.py:3096} INFO - Sync 1 DAGs
[2024-06-17T23:30:06.598+0000] {logging_mixin.py:188} INFO - [2024-06-17T23:30:06.597+0000] {dag.py:3954} INFO - Setting next_dagrun for example_setup_teardown to 2024-06-16 00:00:00+00:00, run_after=2024-06-17 00:00:00+00:00
[2024-06-17T23:30:06.644+0000] {processor.py:183} INFO - Processing /home/airflow/.local/lib/python3.12/site-packages/airflow/example_dags/example_setup_teardown.py took 0.170 seconds
[2024-06-17T23:30:37.411+0000] {processor.py:161} INFO - Started process (PID=359) to work on /home/airflow/.local/lib/python3.12/site-packages/airflow/example_dags/example_setup_teardown.py
[2024-06-17T23:30:37.413+0000] {processor.py:830} INFO - Processing file /home/airflow/.local/lib/python3.12/site-packages/airflow/example_dags/example_setup_teardown.py for tasks to queue
[2024-06-17T23:30:37.417+0000] {logging_mixin.py:188} INFO - [2024-06-17T23:30:37.416+0000] {dagbag.py:545} INFO - Filling up the DagBag from /home/airflow/.local/lib/python3.12/site-packages/airflow/example_dags/example_setup_teardown.py
[2024-06-17T23:30:37.430+0000] {processor.py:840} INFO - DAG(s) 'example_setup_teardown' retrieved from /home/airflow/.local/lib/python3.12/site-packages/airflow/example_dags/example_setup_teardown.py
[2024-06-17T23:30:37.470+0000] {logging_mixin.py:188} INFO - [2024-06-17T23:30:37.469+0000] {dag.py:3096} INFO - Sync 1 DAGs
[2024-06-17T23:30:37.517+0000] {logging_mixin.py:188} INFO - [2024-06-17T23:30:37.516+0000] {dag.py:3954} INFO - Setting next_dagrun for example_setup_teardown to 2024-06-16 00:00:00+00:00, run_after=2024-06-17 00:00:00+00:00
[2024-06-17T23:30:37.558+0000] {processor.py:183} INFO - Processing /home/airflow/.local/lib/python3.12/site-packages/airflow/example_dags/example_setup_teardown.py took 0.156 seconds
[2024-06-17T23:31:08.526+0000] {processor.py:161} INFO - Started process (PID=475) to work on /home/airflow/.local/lib/python3.12/site-packages/airflow/example_dags/example_setup_teardown.py
[2024-06-17T23:31:08.528+0000] {processor.py:830} INFO - Processing file /home/airflow/.local/lib/python3.12/site-packages/airflow/example_dags/example_setup_teardown.py for tasks to queue
[2024-06-17T23:31:08.534+0000] {logging_mixin.py:188} INFO - [2024-06-17T23:31:08.533+0000] {dagbag.py:545} INFO - Filling up the DagBag from /home/airflow/.local/lib/python3.12/site-packages/airflow/example_dags/example_setup_teardown.py
[2024-06-17T23:31:08.550+0000] {processor.py:840} INFO - DAG(s) 'example_setup_teardown' retrieved from /home/airflow/.local/lib/python3.12/site-packages/airflow/example_dags/example_setup_teardown.py
[2024-06-17T23:31:08.605+0000] {logging_mixin.py:188} INFO - [2024-06-17T23:31:08.605+0000] {dag.py:3096} INFO - Sync 1 DAGs
[2024-06-17T23:31:08.666+0000] {logging_mixin.py:188} INFO - [2024-06-17T23:31:08.665+0000] {dag.py:3954} INFO - Setting next_dagrun for example_setup_teardown to 2024-06-16 00:00:00+00:00, run_after=2024-06-17 00:00:00+00:00
[2024-06-17T23:31:08.704+0000] {processor.py:183} INFO - Processing /home/airflow/.local/lib/python3.12/site-packages/airflow/example_dags/example_setup_teardown.py took 0.193 seconds
[2024-06-17T23:31:40.650+0000] {processor.py:161} INFO - Started process (PID=562) to work on /home/airflow/.local/lib/python3.12/site-packages/airflow/example_dags/example_setup_teardown.py
[2024-06-17T23:31:40.661+0000] {processor.py:830} INFO - Processing file /home/airflow/.local/lib/python3.12/site-packages/airflow/example_dags/example_setup_teardown.py for tasks to queue
[2024-06-17T23:31:40.669+0000] {logging_mixin.py:188} INFO - [2024-06-17T23:31:40.668+0000] {dagbag.py:545} INFO - Filling up the DagBag from /home/airflow/.local/lib/python3.12/site-packages/airflow/example_dags/example_setup_teardown.py
[2024-06-17T23:31:40.695+0000] {processor.py:840} INFO - DAG(s) 'example_setup_teardown' retrieved from /home/airflow/.local/lib/python3.12/site-packages/airflow/example_dags/example_setup_teardown.py
[2024-06-17T23:31:40.751+0000] {logging_mixin.py:188} INFO - [2024-06-17T23:31:40.750+0000] {dag.py:3096} INFO - Sync 1 DAGs
[2024-06-17T23:31:40.835+0000] {logging_mixin.py:188} INFO - [2024-06-17T23:31:40.834+0000] {dag.py:3954} INFO - Setting next_dagrun for example_setup_teardown to 2024-06-16 00:00:00+00:00, run_after=2024-06-17 00:00:00+00:00
[2024-06-17T23:31:40.910+0000] {processor.py:183} INFO - Processing /home/airflow/.local/lib/python3.12/site-packages/airflow/example_dags/example_setup_teardown.py took 0.287 seconds
[2024-06-17T23:32:11.058+0000] {processor.py:161} INFO - Started process (PID=660) to work on /home/airflow/.local/lib/python3.12/site-packages/airflow/example_dags/example_setup_teardown.py
[2024-06-17T23:32:11.060+0000] {processor.py:830} INFO - Processing file /home/airflow/.local/lib/python3.12/site-packages/airflow/example_dags/example_setup_teardown.py for tasks to queue
[2024-06-17T23:32:11.070+0000] {logging_mixin.py:188} INFO - [2024-06-17T23:32:11.069+0000] {dagbag.py:545} INFO - Filling up the DagBag from /home/airflow/.local/lib/python3.12/site-packages/airflow/example_dags/example_setup_teardown.py
[2024-06-17T23:32:11.087+0000] {processor.py:840} INFO - DAG(s) 'example_setup_teardown' retrieved from /home/airflow/.local/lib/python3.12/site-packages/airflow/example_dags/example_setup_teardown.py
[2024-06-17T23:32:11.144+0000] {logging_mixin.py:188} INFO - [2024-06-17T23:32:11.143+0000] {dag.py:3096} INFO - Sync 1 DAGs
[2024-06-17T23:32:11.199+0000] {logging_mixin.py:188} INFO - [2024-06-17T23:32:11.199+0000] {dag.py:3954} INFO - Setting next_dagrun for example_setup_teardown to 2024-06-16 00:00:00+00:00, run_after=2024-06-17 00:00:00+00:00
[2024-06-17T23:32:11.249+0000] {processor.py:183} INFO - Processing /home/airflow/.local/lib/python3.12/site-packages/airflow/example_dags/example_setup_teardown.py took 0.203 seconds
[2024-06-17T23:32:41.364+0000] {processor.py:161} INFO - Started process (PID=720) to work on /home/airflow/.local/lib/python3.12/site-packages/airflow/example_dags/example_setup_teardown.py
[2024-06-17T23:32:41.365+0000] {processor.py:830} INFO - Processing file /home/airflow/.local/lib/python3.12/site-packages/airflow/example_dags/example_setup_teardown.py for tasks to queue
[2024-06-17T23:32:41.367+0000] {logging_mixin.py:188} INFO - [2024-06-17T23:32:41.367+0000] {dagbag.py:545} INFO - Filling up the DagBag from /home/airflow/.local/lib/python3.12/site-packages/airflow/example_dags/example_setup_teardown.py
[2024-06-17T23:32:41.375+0000] {processor.py:840} INFO - DAG(s) 'example_setup_teardown' retrieved from /home/airflow/.local/lib/python3.12/site-packages/airflow/example_dags/example_setup_teardown.py
[2024-06-17T23:32:41.398+0000] {logging_mixin.py:188} INFO - [2024-06-17T23:32:41.398+0000] {dag.py:3096} INFO - Sync 1 DAGs
[2024-06-17T23:32:41.429+0000] {logging_mixin.py:188} INFO - [2024-06-17T23:32:41.428+0000] {dag.py:3954} INFO - Setting next_dagrun for example_setup_teardown to 2024-06-16 00:00:00+00:00, run_after=2024-06-17 00:00:00+00:00
[2024-06-17T23:32:41.468+0000] {processor.py:183} INFO - Processing /home/airflow/.local/lib/python3.12/site-packages/airflow/example_dags/example_setup_teardown.py took 0.110 seconds
[2024-06-17T23:33:12.409+0000] {processor.py:161} INFO - Started process (PID=780) to work on /home/airflow/.local/lib/python3.12/site-packages/airflow/example_dags/example_setup_teardown.py
[2024-06-17T23:33:12.411+0000] {processor.py:830} INFO - Processing file /home/airflow/.local/lib/python3.12/site-packages/airflow/example_dags/example_setup_teardown.py for tasks to queue
[2024-06-17T23:33:12.413+0000] {logging_mixin.py:188} INFO - [2024-06-17T23:33:12.413+0000] {dagbag.py:545} INFO - Filling up the DagBag from /home/airflow/.local/lib/python3.12/site-packages/airflow/example_dags/example_setup_teardown.py
[2024-06-17T23:33:12.423+0000] {processor.py:840} INFO - DAG(s) 'example_setup_teardown' retrieved from /home/airflow/.local/lib/python3.12/site-packages/airflow/example_dags/example_setup_teardown.py
[2024-06-17T23:33:12.448+0000] {logging_mixin.py:188} INFO - [2024-06-17T23:33:12.447+0000] {dag.py:3096} INFO - Sync 1 DAGs
[2024-06-17T23:33:12.474+0000] {logging_mixin.py:188} INFO - [2024-06-17T23:33:12.474+0000] {dag.py:3954} INFO - Setting next_dagrun for example_setup_teardown to 2024-06-16 00:00:00+00:00, run_after=2024-06-17 00:00:00+00:00
[2024-06-17T23:33:12.496+0000] {processor.py:183} INFO - Processing /home/airflow/.local/lib/python3.12/site-packages/airflow/example_dags/example_setup_teardown.py took 0.092 seconds
[2024-06-17T23:33:43.483+0000] {processor.py:161} INFO - Started process (PID=846) to work on /home/airflow/.local/lib/python3.12/site-packages/airflow/example_dags/example_setup_teardown.py
[2024-06-17T23:33:43.485+0000] {processor.py:830} INFO - Processing file /home/airflow/.local/lib/python3.12/site-packages/airflow/example_dags/example_setup_teardown.py for tasks to queue
[2024-06-17T23:33:43.488+0000] {logging_mixin.py:188} INFO - [2024-06-17T23:33:43.488+0000] {dagbag.py:545} INFO - Filling up the DagBag from /home/airflow/.local/lib/python3.12/site-packages/airflow/example_dags/example_setup_teardown.py
[2024-06-17T23:33:43.498+0000] {processor.py:840} INFO - DAG(s) 'example_setup_teardown' retrieved from /home/airflow/.local/lib/python3.12/site-packages/airflow/example_dags/example_setup_teardown.py
[2024-06-17T23:33:43.522+0000] {logging_mixin.py:188} INFO - [2024-06-17T23:33:43.522+0000] {dag.py:3096} INFO - Sync 1 DAGs
[2024-06-17T23:33:43.547+0000] {logging_mixin.py:188} INFO - [2024-06-17T23:33:43.547+0000] {dag.py:3954} INFO - Setting next_dagrun for example_setup_teardown to 2024-06-16 00:00:00+00:00, run_after=2024-06-17 00:00:00+00:00
[2024-06-17T23:33:43.567+0000] {processor.py:183} INFO - Processing /home/airflow/.local/lib/python3.12/site-packages/airflow/example_dags/example_setup_teardown.py took 0.095 seconds
[2024-06-17T23:34:13.595+0000] {processor.py:161} INFO - Started process (PID=906) to work on /home/airflow/.local/lib/python3.12/site-packages/airflow/example_dags/example_setup_teardown.py
[2024-06-17T23:34:13.596+0000] {processor.py:830} INFO - Processing file /home/airflow/.local/lib/python3.12/site-packages/airflow/example_dags/example_setup_teardown.py for tasks to queue
[2024-06-17T23:34:13.598+0000] {logging_mixin.py:188} INFO - [2024-06-17T23:34:13.598+0000] {dagbag.py:545} INFO - Filling up the DagBag from /home/airflow/.local/lib/python3.12/site-packages/airflow/example_dags/example_setup_teardown.py
[2024-06-17T23:34:13.610+0000] {processor.py:840} INFO - DAG(s) 'example_setup_teardown' retrieved from /home/airflow/.local/lib/python3.12/site-packages/airflow/example_dags/example_setup_teardown.py
[2024-06-17T23:34:13.632+0000] {logging_mixin.py:188} INFO - [2024-06-17T23:34:13.632+0000] {dag.py:3096} INFO - Sync 1 DAGs
[2024-06-17T23:34:13.657+0000] {logging_mixin.py:188} INFO - [2024-06-17T23:34:13.656+0000] {dag.py:3954} INFO - Setting next_dagrun for example_setup_teardown to 2024-06-16 00:00:00+00:00, run_after=2024-06-17 00:00:00+00:00
[2024-06-17T23:34:13.690+0000] {processor.py:183} INFO - Processing /home/airflow/.local/lib/python3.12/site-packages/airflow/example_dags/example_setup_teardown.py took 0.101 seconds
[2024-06-17T23:34:44.155+0000] {processor.py:161} INFO - Started process (PID=966) to work on /home/airflow/.local/lib/python3.12/site-packages/airflow/example_dags/example_setup_teardown.py
[2024-06-17T23:34:44.157+0000] {processor.py:830} INFO - Processing file /home/airflow/.local/lib/python3.12/site-packages/airflow/example_dags/example_setup_teardown.py for tasks to queue
[2024-06-17T23:34:44.161+0000] {logging_mixin.py:188} INFO - [2024-06-17T23:34:44.160+0000] {dagbag.py:545} INFO - Filling up the DagBag from /home/airflow/.local/lib/python3.12/site-packages/airflow/example_dags/example_setup_teardown.py
[2024-06-17T23:34:44.173+0000] {processor.py:840} INFO - DAG(s) 'example_setup_teardown' retrieved from /home/airflow/.local/lib/python3.12/site-packages/airflow/example_dags/example_setup_teardown.py
[2024-06-17T23:34:44.207+0000] {logging_mixin.py:188} INFO - [2024-06-17T23:34:44.206+0000] {dag.py:3096} INFO - Sync 1 DAGs
[2024-06-17T23:34:44.243+0000] {logging_mixin.py:188} INFO - [2024-06-17T23:34:44.243+0000] {dag.py:3954} INFO - Setting next_dagrun for example_setup_teardown to 2024-06-16 00:00:00+00:00, run_after=2024-06-17 00:00:00+00:00
[2024-06-17T23:34:44.282+0000] {processor.py:183} INFO - Processing /home/airflow/.local/lib/python3.12/site-packages/airflow/example_dags/example_setup_teardown.py took 0.138 seconds
[2024-06-17T23:35:14.762+0000] {processor.py:161} INFO - Started process (PID=1026) to work on /home/airflow/.local/lib/python3.12/site-packages/airflow/example_dags/example_setup_teardown.py
[2024-06-17T23:35:14.764+0000] {processor.py:830} INFO - Processing file /home/airflow/.local/lib/python3.12/site-packages/airflow/example_dags/example_setup_teardown.py for tasks to queue
[2024-06-17T23:35:14.768+0000] {logging_mixin.py:188} INFO - [2024-06-17T23:35:14.767+0000] {dagbag.py:545} INFO - Filling up the DagBag from /home/airflow/.local/lib/python3.12/site-packages/airflow/example_dags/example_setup_teardown.py
[2024-06-17T23:35:14.784+0000] {processor.py:840} INFO - DAG(s) 'example_setup_teardown' retrieved from /home/airflow/.local/lib/python3.12/site-packages/airflow/example_dags/example_setup_teardown.py
[2024-06-17T23:35:14.817+0000] {logging_mixin.py:188} INFO - [2024-06-17T23:35:14.817+0000] {dag.py:3096} INFO - Sync 1 DAGs
[2024-06-17T23:35:14.854+0000] {logging_mixin.py:188} INFO - [2024-06-17T23:35:14.854+0000] {dag.py:3954} INFO - Setting next_dagrun for example_setup_teardown to 2024-06-16 00:00:00+00:00, run_after=2024-06-17 00:00:00+00:00
[2024-06-17T23:35:14.882+0000] {processor.py:183} INFO - Processing /home/airflow/.local/lib/python3.12/site-packages/airflow/example_dags/example_setup_teardown.py took 0.130 seconds
[2024-06-17T23:35:45.094+0000] {processor.py:161} INFO - Started process (PID=1086) to work on /home/airflow/.local/lib/python3.12/site-packages/airflow/example_dags/example_setup_teardown.py
[2024-06-17T23:35:45.095+0000] {processor.py:830} INFO - Processing file /home/airflow/.local/lib/python3.12/site-packages/airflow/example_dags/example_setup_teardown.py for tasks to queue
[2024-06-17T23:35:45.100+0000] {logging_mixin.py:188} INFO - [2024-06-17T23:35:45.099+0000] {dagbag.py:545} INFO - Filling up the DagBag from /home/airflow/.local/lib/python3.12/site-packages/airflow/example_dags/example_setup_teardown.py
[2024-06-17T23:35:45.112+0000] {processor.py:840} INFO - DAG(s) 'example_setup_teardown' retrieved from /home/airflow/.local/lib/python3.12/site-packages/airflow/example_dags/example_setup_teardown.py
[2024-06-17T23:35:45.149+0000] {logging_mixin.py:188} INFO - [2024-06-17T23:35:45.148+0000] {dag.py:3096} INFO - Sync 1 DAGs
[2024-06-17T23:35:45.186+0000] {logging_mixin.py:188} INFO - [2024-06-17T23:35:45.185+0000] {dag.py:3954} INFO - Setting next_dagrun for example_setup_teardown to 2024-06-16 00:00:00+00:00, run_after=2024-06-17 00:00:00+00:00
[2024-06-17T23:35:45.226+0000] {processor.py:183} INFO - Processing /home/airflow/.local/lib/python3.12/site-packages/airflow/example_dags/example_setup_teardown.py took 0.142 seconds
[2024-06-17T23:36:15.447+0000] {processor.py:161} INFO - Started process (PID=1148) to work on /home/airflow/.local/lib/python3.12/site-packages/airflow/example_dags/example_setup_teardown.py
[2024-06-17T23:36:15.450+0000] {processor.py:830} INFO - Processing file /home/airflow/.local/lib/python3.12/site-packages/airflow/example_dags/example_setup_teardown.py for tasks to queue
[2024-06-17T23:36:15.455+0000] {logging_mixin.py:188} INFO - [2024-06-17T23:36:15.454+0000] {dagbag.py:545} INFO - Filling up the DagBag from /home/airflow/.local/lib/python3.12/site-packages/airflow/example_dags/example_setup_teardown.py
[2024-06-17T23:36:15.469+0000] {processor.py:840} INFO - DAG(s) 'example_setup_teardown' retrieved from /home/airflow/.local/lib/python3.12/site-packages/airflow/example_dags/example_setup_teardown.py
[2024-06-17T23:36:15.499+0000] {logging_mixin.py:188} INFO - [2024-06-17T23:36:15.498+0000] {dag.py:3096} INFO - Sync 1 DAGs
[2024-06-17T23:36:15.529+0000] {logging_mixin.py:188} INFO - [2024-06-17T23:36:15.528+0000] {dag.py:3954} INFO - Setting next_dagrun for example_setup_teardown to 2024-06-16 00:00:00+00:00, run_after=2024-06-17 00:00:00+00:00
[2024-06-17T23:36:15.560+0000] {processor.py:183} INFO - Processing /home/airflow/.local/lib/python3.12/site-packages/airflow/example_dags/example_setup_teardown.py took 0.125 seconds
[2024-06-17T23:39:00.048+0000] {processor.py:161} INFO - Started process (PID=60) to work on /home/airflow/.local/lib/python3.12/site-packages/airflow/example_dags/example_setup_teardown.py
[2024-06-17T23:39:00.049+0000] {processor.py:830} INFO - Processing file /home/airflow/.local/lib/python3.12/site-packages/airflow/example_dags/example_setup_teardown.py for tasks to queue
[2024-06-17T23:39:00.052+0000] {logging_mixin.py:188} INFO - [2024-06-17T23:39:00.052+0000] {dagbag.py:545} INFO - Filling up the DagBag from /home/airflow/.local/lib/python3.12/site-packages/airflow/example_dags/example_setup_teardown.py
[2024-06-17T23:39:00.069+0000] {processor.py:840} INFO - DAG(s) 'example_setup_teardown' retrieved from /home/airflow/.local/lib/python3.12/site-packages/airflow/example_dags/example_setup_teardown.py
[2024-06-17T23:39:00.086+0000] {logging_mixin.py:188} INFO - [2024-06-17T23:39:00.085+0000] {dag.py:3096} INFO - Sync 1 DAGs
[2024-06-17T23:39:00.115+0000] {logging_mixin.py:188} INFO - [2024-06-17T23:39:00.115+0000] {dag.py:3954} INFO - Setting next_dagrun for example_setup_teardown to 2024-06-16 00:00:00+00:00, run_after=2024-06-17 00:00:00+00:00
[2024-06-17T23:39:00.146+0000] {processor.py:183} INFO - Processing /home/airflow/.local/lib/python3.12/site-packages/airflow/example_dags/example_setup_teardown.py took 0.104 seconds
[2024-06-17T23:39:31.960+0000] {processor.py:161} INFO - Started process (PID=120) to work on /home/airflow/.local/lib/python3.12/site-packages/airflow/example_dags/example_setup_teardown.py
[2024-06-17T23:39:31.961+0000] {processor.py:830} INFO - Processing file /home/airflow/.local/lib/python3.12/site-packages/airflow/example_dags/example_setup_teardown.py for tasks to queue
[2024-06-17T23:39:31.963+0000] {logging_mixin.py:188} INFO - [2024-06-17T23:39:31.963+0000] {dagbag.py:545} INFO - Filling up the DagBag from /home/airflow/.local/lib/python3.12/site-packages/airflow/example_dags/example_setup_teardown.py
[2024-06-17T23:39:31.971+0000] {processor.py:840} INFO - DAG(s) 'example_setup_teardown' retrieved from /home/airflow/.local/lib/python3.12/site-packages/airflow/example_dags/example_setup_teardown.py
[2024-06-17T23:39:32.090+0000] {logging_mixin.py:188} INFO - [2024-06-17T23:39:32.090+0000] {dag.py:3096} INFO - Sync 1 DAGs
[2024-06-17T23:39:32.113+0000] {logging_mixin.py:188} INFO - [2024-06-17T23:39:32.113+0000] {dag.py:3954} INFO - Setting next_dagrun for example_setup_teardown to 2024-06-16 00:00:00+00:00, run_after=2024-06-17 00:00:00+00:00
[2024-06-17T23:39:32.136+0000] {processor.py:183} INFO - Processing /home/airflow/.local/lib/python3.12/site-packages/airflow/example_dags/example_setup_teardown.py took 0.182 seconds
[2024-06-17T23:40:03.021+0000] {processor.py:161} INFO - Started process (PID=180) to work on /home/airflow/.local/lib/python3.12/site-packages/airflow/example_dags/example_setup_teardown.py
[2024-06-17T23:40:03.022+0000] {processor.py:830} INFO - Processing file /home/airflow/.local/lib/python3.12/site-packages/airflow/example_dags/example_setup_teardown.py for tasks to queue
[2024-06-17T23:40:03.025+0000] {logging_mixin.py:188} INFO - [2024-06-17T23:40:03.024+0000] {dagbag.py:545} INFO - Filling up the DagBag from /home/airflow/.local/lib/python3.12/site-packages/airflow/example_dags/example_setup_teardown.py
[2024-06-17T23:40:03.032+0000] {processor.py:840} INFO - DAG(s) 'example_setup_teardown' retrieved from /home/airflow/.local/lib/python3.12/site-packages/airflow/example_dags/example_setup_teardown.py
[2024-06-17T23:40:03.055+0000] {logging_mixin.py:188} INFO - [2024-06-17T23:40:03.054+0000] {dag.py:3096} INFO - Sync 1 DAGs
[2024-06-17T23:40:03.078+0000] {logging_mixin.py:188} INFO - [2024-06-17T23:40:03.077+0000] {dag.py:3954} INFO - Setting next_dagrun for example_setup_teardown to 2024-06-16 00:00:00+00:00, run_after=2024-06-17 00:00:00+00:00
[2024-06-17T23:40:03.103+0000] {processor.py:183} INFO - Processing /home/airflow/.local/lib/python3.12/site-packages/airflow/example_dags/example_setup_teardown.py took 0.087 seconds
[2024-06-17T23:40:33.170+0000] {processor.py:161} INFO - Started process (PID=240) to work on /home/airflow/.local/lib/python3.12/site-packages/airflow/example_dags/example_setup_teardown.py
[2024-06-17T23:40:33.171+0000] {processor.py:830} INFO - Processing file /home/airflow/.local/lib/python3.12/site-packages/airflow/example_dags/example_setup_teardown.py for tasks to queue
[2024-06-17T23:40:33.173+0000] {logging_mixin.py:188} INFO - [2024-06-17T23:40:33.173+0000] {dagbag.py:545} INFO - Filling up the DagBag from /home/airflow/.local/lib/python3.12/site-packages/airflow/example_dags/example_setup_teardown.py
[2024-06-17T23:40:33.181+0000] {processor.py:840} INFO - DAG(s) 'example_setup_teardown' retrieved from /home/airflow/.local/lib/python3.12/site-packages/airflow/example_dags/example_setup_teardown.py
[2024-06-17T23:40:33.202+0000] {logging_mixin.py:188} INFO - [2024-06-17T23:40:33.202+0000] {dag.py:3096} INFO - Sync 1 DAGs
[2024-06-17T23:40:33.223+0000] {logging_mixin.py:188} INFO - [2024-06-17T23:40:33.223+0000] {dag.py:3954} INFO - Setting next_dagrun for example_setup_teardown to 2024-06-16 00:00:00+00:00, run_after=2024-06-17 00:00:00+00:00
[2024-06-17T23:40:33.241+0000] {processor.py:183} INFO - Processing /home/airflow/.local/lib/python3.12/site-packages/airflow/example_dags/example_setup_teardown.py took 0.078 seconds
[2024-06-17T23:41:03.841+0000] {processor.py:161} INFO - Started process (PID=300) to work on /home/airflow/.local/lib/python3.12/site-packages/airflow/example_dags/example_setup_teardown.py
[2024-06-17T23:41:03.843+0000] {processor.py:830} INFO - Processing file /home/airflow/.local/lib/python3.12/site-packages/airflow/example_dags/example_setup_teardown.py for tasks to queue
[2024-06-17T23:41:03.845+0000] {logging_mixin.py:188} INFO - [2024-06-17T23:41:03.845+0000] {dagbag.py:545} INFO - Filling up the DagBag from /home/airflow/.local/lib/python3.12/site-packages/airflow/example_dags/example_setup_teardown.py
[2024-06-17T23:41:03.853+0000] {processor.py:840} INFO - DAG(s) 'example_setup_teardown' retrieved from /home/airflow/.local/lib/python3.12/site-packages/airflow/example_dags/example_setup_teardown.py
[2024-06-17T23:41:03.880+0000] {logging_mixin.py:188} INFO - [2024-06-17T23:41:03.880+0000] {dag.py:3096} INFO - Sync 1 DAGs
[2024-06-17T23:41:03.906+0000] {logging_mixin.py:188} INFO - [2024-06-17T23:41:03.906+0000] {dag.py:3954} INFO - Setting next_dagrun for example_setup_teardown to 2024-06-16 00:00:00+00:00, run_after=2024-06-17 00:00:00+00:00
[2024-06-17T23:41:03.929+0000] {processor.py:183} INFO - Processing /home/airflow/.local/lib/python3.12/site-packages/airflow/example_dags/example_setup_teardown.py took 0.094 seconds
[2024-06-17T23:41:34.950+0000] {processor.py:161} INFO - Started process (PID=360) to work on /home/airflow/.local/lib/python3.12/site-packages/airflow/example_dags/example_setup_teardown.py
[2024-06-17T23:41:34.951+0000] {processor.py:830} INFO - Processing file /home/airflow/.local/lib/python3.12/site-packages/airflow/example_dags/example_setup_teardown.py for tasks to queue
[2024-06-17T23:41:34.953+0000] {logging_mixin.py:188} INFO - [2024-06-17T23:41:34.953+0000] {dagbag.py:545} INFO - Filling up the DagBag from /home/airflow/.local/lib/python3.12/site-packages/airflow/example_dags/example_setup_teardown.py
[2024-06-17T23:41:34.961+0000] {processor.py:840} INFO - DAG(s) 'example_setup_teardown' retrieved from /home/airflow/.local/lib/python3.12/site-packages/airflow/example_dags/example_setup_teardown.py
[2024-06-17T23:41:34.986+0000] {logging_mixin.py:188} INFO - [2024-06-17T23:41:34.986+0000] {dag.py:3096} INFO - Sync 1 DAGs
[2024-06-17T23:41:35.012+0000] {logging_mixin.py:188} INFO - [2024-06-17T23:41:35.012+0000] {dag.py:3954} INFO - Setting next_dagrun for example_setup_teardown to 2024-06-16 00:00:00+00:00, run_after=2024-06-17 00:00:00+00:00
[2024-06-17T23:41:35.033+0000] {processor.py:183} INFO - Processing /home/airflow/.local/lib/python3.12/site-packages/airflow/example_dags/example_setup_teardown.py took 0.090 seconds
[2024-06-17T23:42:05.482+0000] {processor.py:161} INFO - Started process (PID=420) to work on /home/airflow/.local/lib/python3.12/site-packages/airflow/example_dags/example_setup_teardown.py
[2024-06-17T23:42:05.483+0000] {processor.py:830} INFO - Processing file /home/airflow/.local/lib/python3.12/site-packages/airflow/example_dags/example_setup_teardown.py for tasks to queue
[2024-06-17T23:42:05.485+0000] {logging_mixin.py:188} INFO - [2024-06-17T23:42:05.485+0000] {dagbag.py:545} INFO - Filling up the DagBag from /home/airflow/.local/lib/python3.12/site-packages/airflow/example_dags/example_setup_teardown.py
[2024-06-17T23:42:05.493+0000] {processor.py:840} INFO - DAG(s) 'example_setup_teardown' retrieved from /home/airflow/.local/lib/python3.12/site-packages/airflow/example_dags/example_setup_teardown.py
[2024-06-17T23:42:05.516+0000] {logging_mixin.py:188} INFO - [2024-06-17T23:42:05.516+0000] {dag.py:3096} INFO - Sync 1 DAGs
[2024-06-17T23:42:05.542+0000] {logging_mixin.py:188} INFO - [2024-06-17T23:42:05.542+0000] {dag.py:3954} INFO - Setting next_dagrun for example_setup_teardown to 2024-06-16 00:00:00+00:00, run_after=2024-06-17 00:00:00+00:00
[2024-06-17T23:42:05.577+0000] {processor.py:183} INFO - Processing /home/airflow/.local/lib/python3.12/site-packages/airflow/example_dags/example_setup_teardown.py took 0.102 seconds
[2024-06-17T23:42:35.970+0000] {processor.py:161} INFO - Started process (PID=480) to work on /home/airflow/.local/lib/python3.12/site-packages/airflow/example_dags/example_setup_teardown.py
[2024-06-17T23:42:35.971+0000] {processor.py:830} INFO - Processing file /home/airflow/.local/lib/python3.12/site-packages/airflow/example_dags/example_setup_teardown.py for tasks to queue
[2024-06-17T23:42:35.973+0000] {logging_mixin.py:188} INFO - [2024-06-17T23:42:35.972+0000] {dagbag.py:545} INFO - Filling up the DagBag from /home/airflow/.local/lib/python3.12/site-packages/airflow/example_dags/example_setup_teardown.py
[2024-06-17T23:42:35.980+0000] {processor.py:840} INFO - DAG(s) 'example_setup_teardown' retrieved from /home/airflow/.local/lib/python3.12/site-packages/airflow/example_dags/example_setup_teardown.py
[2024-06-17T23:42:36.003+0000] {logging_mixin.py:188} INFO - [2024-06-17T23:42:36.003+0000] {dag.py:3096} INFO - Sync 1 DAGs
[2024-06-17T23:42:36.028+0000] {logging_mixin.py:188} INFO - [2024-06-17T23:42:36.027+0000] {dag.py:3954} INFO - Setting next_dagrun for example_setup_teardown to 2024-06-16 00:00:00+00:00, run_after=2024-06-17 00:00:00+00:00
[2024-06-17T23:42:36.052+0000] {processor.py:183} INFO - Processing /home/airflow/.local/lib/python3.12/site-packages/airflow/example_dags/example_setup_teardown.py took 0.089 seconds
[2024-06-17T23:43:07.359+0000] {processor.py:161} INFO - Started process (PID=540) to work on /home/airflow/.local/lib/python3.12/site-packages/airflow/example_dags/example_setup_teardown.py
[2024-06-17T23:43:07.360+0000] {processor.py:830} INFO - Processing file /home/airflow/.local/lib/python3.12/site-packages/airflow/example_dags/example_setup_teardown.py for tasks to queue
[2024-06-17T23:43:07.363+0000] {logging_mixin.py:188} INFO - [2024-06-17T23:43:07.362+0000] {dagbag.py:545} INFO - Filling up the DagBag from /home/airflow/.local/lib/python3.12/site-packages/airflow/example_dags/example_setup_teardown.py
[2024-06-17T23:43:07.372+0000] {processor.py:840} INFO - DAG(s) 'example_setup_teardown' retrieved from /home/airflow/.local/lib/python3.12/site-packages/airflow/example_dags/example_setup_teardown.py
[2024-06-17T23:43:07.399+0000] {logging_mixin.py:188} INFO - [2024-06-17T23:43:07.399+0000] {dag.py:3096} INFO - Sync 1 DAGs
[2024-06-17T23:43:07.427+0000] {logging_mixin.py:188} INFO - [2024-06-17T23:43:07.427+0000] {dag.py:3954} INFO - Setting next_dagrun for example_setup_teardown to 2024-06-16 00:00:00+00:00, run_after=2024-06-17 00:00:00+00:00
[2024-06-17T23:43:07.456+0000] {processor.py:183} INFO - Processing /home/airflow/.local/lib/python3.12/site-packages/airflow/example_dags/example_setup_teardown.py took 0.105 seconds
[2024-06-17T23:43:38.549+0000] {processor.py:161} INFO - Started process (PID=600) to work on /home/airflow/.local/lib/python3.12/site-packages/airflow/example_dags/example_setup_teardown.py
[2024-06-17T23:43:38.551+0000] {processor.py:830} INFO - Processing file /home/airflow/.local/lib/python3.12/site-packages/airflow/example_dags/example_setup_teardown.py for tasks to queue
[2024-06-17T23:43:38.554+0000] {logging_mixin.py:188} INFO - [2024-06-17T23:43:38.553+0000] {dagbag.py:545} INFO - Filling up the DagBag from /home/airflow/.local/lib/python3.12/site-packages/airflow/example_dags/example_setup_teardown.py
[2024-06-17T23:43:38.563+0000] {processor.py:840} INFO - DAG(s) 'example_setup_teardown' retrieved from /home/airflow/.local/lib/python3.12/site-packages/airflow/example_dags/example_setup_teardown.py
[2024-06-17T23:43:38.591+0000] {logging_mixin.py:188} INFO - [2024-06-17T23:43:38.590+0000] {dag.py:3096} INFO - Sync 1 DAGs
[2024-06-17T23:43:38.649+0000] {logging_mixin.py:188} INFO - [2024-06-17T23:43:38.649+0000] {dag.py:3954} INFO - Setting next_dagrun for example_setup_teardown to 2024-06-16 00:00:00+00:00, run_after=2024-06-17 00:00:00+00:00
[2024-06-17T23:43:38.689+0000] {processor.py:183} INFO - Processing /home/airflow/.local/lib/python3.12/site-packages/airflow/example_dags/example_setup_teardown.py took 0.147 seconds
[2024-06-17T23:44:08.853+0000] {processor.py:161} INFO - Started process (PID=659) to work on /home/airflow/.local/lib/python3.12/site-packages/airflow/example_dags/example_setup_teardown.py
[2024-06-17T23:44:08.854+0000] {processor.py:830} INFO - Processing file /home/airflow/.local/lib/python3.12/site-packages/airflow/example_dags/example_setup_teardown.py for tasks to queue
[2024-06-17T23:44:08.856+0000] {logging_mixin.py:188} INFO - [2024-06-17T23:44:08.856+0000] {dagbag.py:545} INFO - Filling up the DagBag from /home/airflow/.local/lib/python3.12/site-packages/airflow/example_dags/example_setup_teardown.py
[2024-06-17T23:44:08.866+0000] {processor.py:840} INFO - DAG(s) 'example_setup_teardown' retrieved from /home/airflow/.local/lib/python3.12/site-packages/airflow/example_dags/example_setup_teardown.py
[2024-06-17T23:44:08.907+0000] {logging_mixin.py:188} INFO - [2024-06-17T23:44:08.906+0000] {dag.py:3096} INFO - Sync 1 DAGs
[2024-06-17T23:44:08.955+0000] {logging_mixin.py:188} INFO - [2024-06-17T23:44:08.955+0000] {dag.py:3954} INFO - Setting next_dagrun for example_setup_teardown to 2024-06-16 00:00:00+00:00, run_after=2024-06-17 00:00:00+00:00
[2024-06-17T23:44:08.997+0000] {processor.py:183} INFO - Processing /home/airflow/.local/lib/python3.12/site-packages/airflow/example_dags/example_setup_teardown.py took 0.155 seconds
[2024-06-17T23:44:39.963+0000] {processor.py:161} INFO - Started process (PID=719) to work on /home/airflow/.local/lib/python3.12/site-packages/airflow/example_dags/example_setup_teardown.py
[2024-06-17T23:44:39.964+0000] {processor.py:830} INFO - Processing file /home/airflow/.local/lib/python3.12/site-packages/airflow/example_dags/example_setup_teardown.py for tasks to queue
[2024-06-17T23:44:39.967+0000] {logging_mixin.py:188} INFO - [2024-06-17T23:44:39.967+0000] {dagbag.py:545} INFO - Filling up the DagBag from /home/airflow/.local/lib/python3.12/site-packages/airflow/example_dags/example_setup_teardown.py
[2024-06-17T23:44:39.976+0000] {processor.py:840} INFO - DAG(s) 'example_setup_teardown' retrieved from /home/airflow/.local/lib/python3.12/site-packages/airflow/example_dags/example_setup_teardown.py
[2024-06-17T23:44:40.019+0000] {logging_mixin.py:188} INFO - [2024-06-17T23:44:40.018+0000] {dag.py:3096} INFO - Sync 1 DAGs
[2024-06-17T23:44:40.069+0000] {logging_mixin.py:188} INFO - [2024-06-17T23:44:40.069+0000] {dag.py:3954} INFO - Setting next_dagrun for example_setup_teardown to 2024-06-16 00:00:00+00:00, run_after=2024-06-17 00:00:00+00:00
[2024-06-17T23:44:40.112+0000] {processor.py:183} INFO - Processing /home/airflow/.local/lib/python3.12/site-packages/airflow/example_dags/example_setup_teardown.py took 0.162 seconds
[2024-06-17T23:45:10.157+0000] {processor.py:161} INFO - Started process (PID=784) to work on /home/airflow/.local/lib/python3.12/site-packages/airflow/example_dags/example_setup_teardown.py
[2024-06-17T23:45:10.159+0000] {processor.py:830} INFO - Processing file /home/airflow/.local/lib/python3.12/site-packages/airflow/example_dags/example_setup_teardown.py for tasks to queue
[2024-06-17T23:45:10.162+0000] {logging_mixin.py:188} INFO - [2024-06-17T23:45:10.161+0000] {dagbag.py:545} INFO - Filling up the DagBag from /home/airflow/.local/lib/python3.12/site-packages/airflow/example_dags/example_setup_teardown.py
[2024-06-17T23:45:10.169+0000] {processor.py:840} INFO - DAG(s) 'example_setup_teardown' retrieved from /home/airflow/.local/lib/python3.12/site-packages/airflow/example_dags/example_setup_teardown.py
[2024-06-17T23:45:10.197+0000] {logging_mixin.py:188} INFO - [2024-06-17T23:45:10.196+0000] {dag.py:3096} INFO - Sync 1 DAGs
[2024-06-17T23:45:10.228+0000] {logging_mixin.py:188} INFO - [2024-06-17T23:45:10.228+0000] {dag.py:3954} INFO - Setting next_dagrun for example_setup_teardown to 2024-06-16 00:00:00+00:00, run_after=2024-06-17 00:00:00+00:00
[2024-06-17T23:45:10.252+0000] {processor.py:183} INFO - Processing /home/airflow/.local/lib/python3.12/site-packages/airflow/example_dags/example_setup_teardown.py took 0.102 seconds
[2024-06-17T23:45:40.387+0000] {processor.py:161} INFO - Started process (PID=844) to work on /home/airflow/.local/lib/python3.12/site-packages/airflow/example_dags/example_setup_teardown.py
[2024-06-17T23:45:40.388+0000] {processor.py:830} INFO - Processing file /home/airflow/.local/lib/python3.12/site-packages/airflow/example_dags/example_setup_teardown.py for tasks to queue
[2024-06-17T23:45:40.391+0000] {logging_mixin.py:188} INFO - [2024-06-17T23:45:40.390+0000] {dagbag.py:545} INFO - Filling up the DagBag from /home/airflow/.local/lib/python3.12/site-packages/airflow/example_dags/example_setup_teardown.py
[2024-06-17T23:45:40.399+0000] {processor.py:840} INFO - DAG(s) 'example_setup_teardown' retrieved from /home/airflow/.local/lib/python3.12/site-packages/airflow/example_dags/example_setup_teardown.py
[2024-06-17T23:45:40.423+0000] {logging_mixin.py:188} INFO - [2024-06-17T23:45:40.422+0000] {dag.py:3096} INFO - Sync 1 DAGs
[2024-06-17T23:45:40.447+0000] {logging_mixin.py:188} INFO - [2024-06-17T23:45:40.446+0000] {dag.py:3954} INFO - Setting next_dagrun for example_setup_teardown to 2024-06-16 00:00:00+00:00, run_after=2024-06-17 00:00:00+00:00
[2024-06-17T23:45:40.474+0000] {processor.py:183} INFO - Processing /home/airflow/.local/lib/python3.12/site-packages/airflow/example_dags/example_setup_teardown.py took 0.093 seconds
[2024-06-17T23:46:10.699+0000] {processor.py:161} INFO - Started process (PID=904) to work on /home/airflow/.local/lib/python3.12/site-packages/airflow/example_dags/example_setup_teardown.py
[2024-06-17T23:46:10.700+0000] {processor.py:830} INFO - Processing file /home/airflow/.local/lib/python3.12/site-packages/airflow/example_dags/example_setup_teardown.py for tasks to queue
[2024-06-17T23:46:10.703+0000] {logging_mixin.py:188} INFO - [2024-06-17T23:46:10.703+0000] {dagbag.py:545} INFO - Filling up the DagBag from /home/airflow/.local/lib/python3.12/site-packages/airflow/example_dags/example_setup_teardown.py
[2024-06-17T23:46:10.713+0000] {processor.py:840} INFO - DAG(s) 'example_setup_teardown' retrieved from /home/airflow/.local/lib/python3.12/site-packages/airflow/example_dags/example_setup_teardown.py
[2024-06-17T23:46:10.739+0000] {logging_mixin.py:188} INFO - [2024-06-17T23:46:10.739+0000] {dag.py:3096} INFO - Sync 1 DAGs
[2024-06-17T23:46:10.773+0000] {logging_mixin.py:188} INFO - [2024-06-17T23:46:10.772+0000] {dag.py:3954} INFO - Setting next_dagrun for example_setup_teardown to 2024-06-16 00:00:00+00:00, run_after=2024-06-17 00:00:00+00:00
[2024-06-17T23:46:10.803+0000] {processor.py:183} INFO - Processing /home/airflow/.local/lib/python3.12/site-packages/airflow/example_dags/example_setup_teardown.py took 0.111 seconds
[2024-06-17T23:46:40.980+0000] {processor.py:161} INFO - Started process (PID=964) to work on /home/airflow/.local/lib/python3.12/site-packages/airflow/example_dags/example_setup_teardown.py
[2024-06-17T23:46:40.981+0000] {processor.py:830} INFO - Processing file /home/airflow/.local/lib/python3.12/site-packages/airflow/example_dags/example_setup_teardown.py for tasks to queue
[2024-06-17T23:46:40.984+0000] {logging_mixin.py:188} INFO - [2024-06-17T23:46:40.984+0000] {dagbag.py:545} INFO - Filling up the DagBag from /home/airflow/.local/lib/python3.12/site-packages/airflow/example_dags/example_setup_teardown.py
[2024-06-17T23:46:40.993+0000] {processor.py:840} INFO - DAG(s) 'example_setup_teardown' retrieved from /home/airflow/.local/lib/python3.12/site-packages/airflow/example_dags/example_setup_teardown.py
[2024-06-17T23:46:41.018+0000] {logging_mixin.py:188} INFO - [2024-06-17T23:46:41.018+0000] {dag.py:3096} INFO - Sync 1 DAGs
[2024-06-17T23:46:41.049+0000] {logging_mixin.py:188} INFO - [2024-06-17T23:46:41.049+0000] {dag.py:3954} INFO - Setting next_dagrun for example_setup_teardown to 2024-06-16 00:00:00+00:00, run_after=2024-06-17 00:00:00+00:00
[2024-06-17T23:46:41.078+0000] {processor.py:183} INFO - Processing /home/airflow/.local/lib/python3.12/site-packages/airflow/example_dags/example_setup_teardown.py took 0.104 seconds
[2024-06-17T23:47:11.367+0000] {processor.py:161} INFO - Started process (PID=1024) to work on /home/airflow/.local/lib/python3.12/site-packages/airflow/example_dags/example_setup_teardown.py
[2024-06-17T23:47:11.368+0000] {processor.py:830} INFO - Processing file /home/airflow/.local/lib/python3.12/site-packages/airflow/example_dags/example_setup_teardown.py for tasks to queue
[2024-06-17T23:47:11.372+0000] {logging_mixin.py:188} INFO - [2024-06-17T23:47:11.371+0000] {dagbag.py:545} INFO - Filling up the DagBag from /home/airflow/.local/lib/python3.12/site-packages/airflow/example_dags/example_setup_teardown.py
[2024-06-17T23:47:11.380+0000] {processor.py:840} INFO - DAG(s) 'example_setup_teardown' retrieved from /home/airflow/.local/lib/python3.12/site-packages/airflow/example_dags/example_setup_teardown.py
[2024-06-17T23:47:11.410+0000] {logging_mixin.py:188} INFO - [2024-06-17T23:47:11.409+0000] {dag.py:3096} INFO - Sync 1 DAGs
[2024-06-17T23:47:11.439+0000] {logging_mixin.py:188} INFO - [2024-06-17T23:47:11.439+0000] {dag.py:3954} INFO - Setting next_dagrun for example_setup_teardown to 2024-06-16 00:00:00+00:00, run_after=2024-06-17 00:00:00+00:00
[2024-06-17T23:47:11.467+0000] {processor.py:183} INFO - Processing /home/airflow/.local/lib/python3.12/site-packages/airflow/example_dags/example_setup_teardown.py took 0.107 seconds
[2024-06-17T23:47:42.192+0000] {processor.py:161} INFO - Started process (PID=1084) to work on /home/airflow/.local/lib/python3.12/site-packages/airflow/example_dags/example_setup_teardown.py
[2024-06-17T23:47:42.194+0000] {processor.py:830} INFO - Processing file /home/airflow/.local/lib/python3.12/site-packages/airflow/example_dags/example_setup_teardown.py for tasks to queue
[2024-06-17T23:47:42.197+0000] {logging_mixin.py:188} INFO - [2024-06-17T23:47:42.196+0000] {dagbag.py:545} INFO - Filling up the DagBag from /home/airflow/.local/lib/python3.12/site-packages/airflow/example_dags/example_setup_teardown.py
[2024-06-17T23:47:42.204+0000] {processor.py:840} INFO - DAG(s) 'example_setup_teardown' retrieved from /home/airflow/.local/lib/python3.12/site-packages/airflow/example_dags/example_setup_teardown.py
[2024-06-17T23:47:42.226+0000] {logging_mixin.py:188} INFO - [2024-06-17T23:47:42.226+0000] {dag.py:3096} INFO - Sync 1 DAGs
[2024-06-17T23:47:42.255+0000] {logging_mixin.py:188} INFO - [2024-06-17T23:47:42.254+0000] {dag.py:3954} INFO - Setting next_dagrun for example_setup_teardown to 2024-06-16 00:00:00+00:00, run_after=2024-06-17 00:00:00+00:00
[2024-06-17T23:47:42.284+0000] {processor.py:183} INFO - Processing /home/airflow/.local/lib/python3.12/site-packages/airflow/example_dags/example_setup_teardown.py took 0.098 seconds
[2024-06-17T23:48:12.575+0000] {processor.py:161} INFO - Started process (PID=1144) to work on /home/airflow/.local/lib/python3.12/site-packages/airflow/example_dags/example_setup_teardown.py
[2024-06-17T23:48:12.577+0000] {processor.py:830} INFO - Processing file /home/airflow/.local/lib/python3.12/site-packages/airflow/example_dags/example_setup_teardown.py for tasks to queue
[2024-06-17T23:48:12.580+0000] {logging_mixin.py:188} INFO - [2024-06-17T23:48:12.580+0000] {dagbag.py:545} INFO - Filling up the DagBag from /home/airflow/.local/lib/python3.12/site-packages/airflow/example_dags/example_setup_teardown.py
[2024-06-17T23:48:12.591+0000] {processor.py:840} INFO - DAG(s) 'example_setup_teardown' retrieved from /home/airflow/.local/lib/python3.12/site-packages/airflow/example_dags/example_setup_teardown.py
[2024-06-17T23:48:12.624+0000] {logging_mixin.py:188} INFO - [2024-06-17T23:48:12.624+0000] {dag.py:3096} INFO - Sync 1 DAGs
[2024-06-17T23:48:12.660+0000] {logging_mixin.py:188} INFO - [2024-06-17T23:48:12.660+0000] {dag.py:3954} INFO - Setting next_dagrun for example_setup_teardown to 2024-06-16 00:00:00+00:00, run_after=2024-06-17 00:00:00+00:00
[2024-06-17T23:48:12.695+0000] {processor.py:183} INFO - Processing /home/airflow/.local/lib/python3.12/site-packages/airflow/example_dags/example_setup_teardown.py took 0.128 seconds
[2024-06-17T23:48:43.495+0000] {processor.py:161} INFO - Started process (PID=1204) to work on /home/airflow/.local/lib/python3.12/site-packages/airflow/example_dags/example_setup_teardown.py
[2024-06-17T23:48:43.496+0000] {processor.py:830} INFO - Processing file /home/airflow/.local/lib/python3.12/site-packages/airflow/example_dags/example_setup_teardown.py for tasks to queue
[2024-06-17T23:48:43.498+0000] {logging_mixin.py:188} INFO - [2024-06-17T23:48:43.498+0000] {dagbag.py:545} INFO - Filling up the DagBag from /home/airflow/.local/lib/python3.12/site-packages/airflow/example_dags/example_setup_teardown.py
[2024-06-17T23:48:43.506+0000] {processor.py:840} INFO - DAG(s) 'example_setup_teardown' retrieved from /home/airflow/.local/lib/python3.12/site-packages/airflow/example_dags/example_setup_teardown.py
[2024-06-17T23:48:43.526+0000] {logging_mixin.py:188} INFO - [2024-06-17T23:48:43.526+0000] {dag.py:3096} INFO - Sync 1 DAGs
[2024-06-17T23:48:43.547+0000] {logging_mixin.py:188} INFO - [2024-06-17T23:48:43.547+0000] {dag.py:3954} INFO - Setting next_dagrun for example_setup_teardown to 2024-06-16 00:00:00+00:00, run_after=2024-06-17 00:00:00+00:00
[2024-06-17T23:48:43.574+0000] {processor.py:183} INFO - Processing /home/airflow/.local/lib/python3.12/site-packages/airflow/example_dags/example_setup_teardown.py took 0.085 seconds
[2024-06-17T23:49:14.076+0000] {processor.py:161} INFO - Started process (PID=1264) to work on /home/airflow/.local/lib/python3.12/site-packages/airflow/example_dags/example_setup_teardown.py
[2024-06-17T23:49:14.077+0000] {processor.py:830} INFO - Processing file /home/airflow/.local/lib/python3.12/site-packages/airflow/example_dags/example_setup_teardown.py for tasks to queue
[2024-06-17T23:49:14.080+0000] {logging_mixin.py:188} INFO - [2024-06-17T23:49:14.079+0000] {dagbag.py:545} INFO - Filling up the DagBag from /home/airflow/.local/lib/python3.12/site-packages/airflow/example_dags/example_setup_teardown.py
[2024-06-17T23:49:14.088+0000] {processor.py:840} INFO - DAG(s) 'example_setup_teardown' retrieved from /home/airflow/.local/lib/python3.12/site-packages/airflow/example_dags/example_setup_teardown.py
[2024-06-17T23:49:14.112+0000] {logging_mixin.py:188} INFO - [2024-06-17T23:49:14.111+0000] {dag.py:3096} INFO - Sync 1 DAGs
[2024-06-17T23:49:14.137+0000] {logging_mixin.py:188} INFO - [2024-06-17T23:49:14.137+0000] {dag.py:3954} INFO - Setting next_dagrun for example_setup_teardown to 2024-06-16 00:00:00+00:00, run_after=2024-06-17 00:00:00+00:00
[2024-06-17T23:49:14.163+0000] {processor.py:183} INFO - Processing /home/airflow/.local/lib/python3.12/site-packages/airflow/example_dags/example_setup_teardown.py took 0.094 seconds
[2024-06-17T23:49:44.508+0000] {processor.py:161} INFO - Started process (PID=1324) to work on /home/airflow/.local/lib/python3.12/site-packages/airflow/example_dags/example_setup_teardown.py
[2024-06-17T23:49:44.510+0000] {processor.py:830} INFO - Processing file /home/airflow/.local/lib/python3.12/site-packages/airflow/example_dags/example_setup_teardown.py for tasks to queue
[2024-06-17T23:49:44.512+0000] {logging_mixin.py:188} INFO - [2024-06-17T23:49:44.512+0000] {dagbag.py:545} INFO - Filling up the DagBag from /home/airflow/.local/lib/python3.12/site-packages/airflow/example_dags/example_setup_teardown.py
[2024-06-17T23:49:44.520+0000] {processor.py:840} INFO - DAG(s) 'example_setup_teardown' retrieved from /home/airflow/.local/lib/python3.12/site-packages/airflow/example_dags/example_setup_teardown.py
[2024-06-17T23:49:44.541+0000] {logging_mixin.py:188} INFO - [2024-06-17T23:49:44.541+0000] {dag.py:3096} INFO - Sync 1 DAGs
[2024-06-17T23:49:44.564+0000] {logging_mixin.py:188} INFO - [2024-06-17T23:49:44.564+0000] {dag.py:3954} INFO - Setting next_dagrun for example_setup_teardown to 2024-06-16 00:00:00+00:00, run_after=2024-06-17 00:00:00+00:00
[2024-06-17T23:49:44.589+0000] {processor.py:183} INFO - Processing /home/airflow/.local/lib/python3.12/site-packages/airflow/example_dags/example_setup_teardown.py took 0.087 seconds
[2024-06-17T23:50:14.739+0000] {processor.py:161} INFO - Started process (PID=1384) to work on /home/airflow/.local/lib/python3.12/site-packages/airflow/example_dags/example_setup_teardown.py
[2024-06-17T23:50:14.741+0000] {processor.py:830} INFO - Processing file /home/airflow/.local/lib/python3.12/site-packages/airflow/example_dags/example_setup_teardown.py for tasks to queue
[2024-06-17T23:50:14.747+0000] {logging_mixin.py:188} INFO - [2024-06-17T23:50:14.746+0000] {dagbag.py:545} INFO - Filling up the DagBag from /home/airflow/.local/lib/python3.12/site-packages/airflow/example_dags/example_setup_teardown.py
[2024-06-17T23:50:14.761+0000] {processor.py:840} INFO - DAG(s) 'example_setup_teardown' retrieved from /home/airflow/.local/lib/python3.12/site-packages/airflow/example_dags/example_setup_teardown.py
[2024-06-17T23:50:14.797+0000] {logging_mixin.py:188} INFO - [2024-06-17T23:50:14.796+0000] {dag.py:3096} INFO - Sync 1 DAGs
[2024-06-17T23:50:14.836+0000] {logging_mixin.py:188} INFO - [2024-06-17T23:50:14.836+0000] {dag.py:3954} INFO - Setting next_dagrun for example_setup_teardown to 2024-06-16 00:00:00+00:00, run_after=2024-06-17 00:00:00+00:00
[2024-06-17T23:50:14.878+0000] {processor.py:183} INFO - Processing /home/airflow/.local/lib/python3.12/site-packages/airflow/example_dags/example_setup_teardown.py took 0.153 seconds
[2024-06-17T23:50:45.483+0000] {processor.py:161} INFO - Started process (PID=1444) to work on /home/airflow/.local/lib/python3.12/site-packages/airflow/example_dags/example_setup_teardown.py
[2024-06-17T23:50:45.484+0000] {processor.py:830} INFO - Processing file /home/airflow/.local/lib/python3.12/site-packages/airflow/example_dags/example_setup_teardown.py for tasks to queue
[2024-06-17T23:50:45.487+0000] {logging_mixin.py:188} INFO - [2024-06-17T23:50:45.486+0000] {dagbag.py:545} INFO - Filling up the DagBag from /home/airflow/.local/lib/python3.12/site-packages/airflow/example_dags/example_setup_teardown.py
[2024-06-17T23:50:45.494+0000] {processor.py:840} INFO - DAG(s) 'example_setup_teardown' retrieved from /home/airflow/.local/lib/python3.12/site-packages/airflow/example_dags/example_setup_teardown.py
[2024-06-17T23:50:45.517+0000] {logging_mixin.py:188} INFO - [2024-06-17T23:50:45.516+0000] {dag.py:3096} INFO - Sync 1 DAGs
[2024-06-17T23:50:45.540+0000] {logging_mixin.py:188} INFO - [2024-06-17T23:50:45.540+0000] {dag.py:3954} INFO - Setting next_dagrun for example_setup_teardown to 2024-06-16 00:00:00+00:00, run_after=2024-06-17 00:00:00+00:00
[2024-06-17T23:50:45.700+0000] {processor.py:183} INFO - Processing /home/airflow/.local/lib/python3.12/site-packages/airflow/example_dags/example_setup_teardown.py took 0.225 seconds
[2024-06-17T23:51:15.785+0000] {processor.py:161} INFO - Started process (PID=1504) to work on /home/airflow/.local/lib/python3.12/site-packages/airflow/example_dags/example_setup_teardown.py
[2024-06-17T23:51:15.787+0000] {processor.py:830} INFO - Processing file /home/airflow/.local/lib/python3.12/site-packages/airflow/example_dags/example_setup_teardown.py for tasks to queue
[2024-06-17T23:51:15.790+0000] {logging_mixin.py:188} INFO - [2024-06-17T23:51:15.789+0000] {dagbag.py:545} INFO - Filling up the DagBag from /home/airflow/.local/lib/python3.12/site-packages/airflow/example_dags/example_setup_teardown.py
[2024-06-17T23:51:15.797+0000] {processor.py:840} INFO - DAG(s) 'example_setup_teardown' retrieved from /home/airflow/.local/lib/python3.12/site-packages/airflow/example_dags/example_setup_teardown.py
[2024-06-17T23:51:15.819+0000] {logging_mixin.py:188} INFO - [2024-06-17T23:51:15.819+0000] {dag.py:3096} INFO - Sync 1 DAGs
[2024-06-17T23:51:15.841+0000] {logging_mixin.py:188} INFO - [2024-06-17T23:51:15.841+0000] {dag.py:3954} INFO - Setting next_dagrun for example_setup_teardown to 2024-06-16 00:00:00+00:00, run_after=2024-06-17 00:00:00+00:00
[2024-06-17T23:51:15.866+0000] {processor.py:183} INFO - Processing /home/airflow/.local/lib/python3.12/site-packages/airflow/example_dags/example_setup_teardown.py took 0.087 seconds
[2024-06-17T23:51:46.562+0000] {processor.py:161} INFO - Started process (PID=1564) to work on /home/airflow/.local/lib/python3.12/site-packages/airflow/example_dags/example_setup_teardown.py
[2024-06-17T23:51:46.564+0000] {processor.py:830} INFO - Processing file /home/airflow/.local/lib/python3.12/site-packages/airflow/example_dags/example_setup_teardown.py for tasks to queue
[2024-06-17T23:51:46.568+0000] {logging_mixin.py:188} INFO - [2024-06-17T23:51:46.567+0000] {dagbag.py:545} INFO - Filling up the DagBag from /home/airflow/.local/lib/python3.12/site-packages/airflow/example_dags/example_setup_teardown.py
[2024-06-17T23:51:46.579+0000] {processor.py:840} INFO - DAG(s) 'example_setup_teardown' retrieved from /home/airflow/.local/lib/python3.12/site-packages/airflow/example_dags/example_setup_teardown.py
[2024-06-17T23:51:46.611+0000] {logging_mixin.py:188} INFO - [2024-06-17T23:51:46.611+0000] {dag.py:3096} INFO - Sync 1 DAGs
[2024-06-17T23:51:46.652+0000] {logging_mixin.py:188} INFO - [2024-06-17T23:51:46.651+0000] {dag.py:3954} INFO - Setting next_dagrun for example_setup_teardown to 2024-06-16 00:00:00+00:00, run_after=2024-06-17 00:00:00+00:00
[2024-06-17T23:51:46.694+0000] {processor.py:183} INFO - Processing /home/airflow/.local/lib/python3.12/site-packages/airflow/example_dags/example_setup_teardown.py took 0.141 seconds
[2024-06-17T23:52:16.781+0000] {processor.py:161} INFO - Started process (PID=1624) to work on /home/airflow/.local/lib/python3.12/site-packages/airflow/example_dags/example_setup_teardown.py
[2024-06-17T23:52:16.783+0000] {processor.py:830} INFO - Processing file /home/airflow/.local/lib/python3.12/site-packages/airflow/example_dags/example_setup_teardown.py for tasks to queue
[2024-06-17T23:52:16.786+0000] {logging_mixin.py:188} INFO - [2024-06-17T23:52:16.786+0000] {dagbag.py:545} INFO - Filling up the DagBag from /home/airflow/.local/lib/python3.12/site-packages/airflow/example_dags/example_setup_teardown.py
[2024-06-17T23:52:16.797+0000] {processor.py:840} INFO - DAG(s) 'example_setup_teardown' retrieved from /home/airflow/.local/lib/python3.12/site-packages/airflow/example_dags/example_setup_teardown.py
[2024-06-17T23:52:16.829+0000] {logging_mixin.py:188} INFO - [2024-06-17T23:52:16.829+0000] {dag.py:3096} INFO - Sync 1 DAGs
[2024-06-17T23:52:16.861+0000] {logging_mixin.py:188} INFO - [2024-06-17T23:52:16.860+0000] {dag.py:3954} INFO - Setting next_dagrun for example_setup_teardown to 2024-06-16 00:00:00+00:00, run_after=2024-06-17 00:00:00+00:00
[2024-06-17T23:52:16.890+0000] {processor.py:183} INFO - Processing /home/airflow/.local/lib/python3.12/site-packages/airflow/example_dags/example_setup_teardown.py took 0.118 seconds
[2024-06-17T23:52:47.398+0000] {processor.py:161} INFO - Started process (PID=1684) to work on /home/airflow/.local/lib/python3.12/site-packages/airflow/example_dags/example_setup_teardown.py
[2024-06-17T23:52:47.400+0000] {processor.py:830} INFO - Processing file /home/airflow/.local/lib/python3.12/site-packages/airflow/example_dags/example_setup_teardown.py for tasks to queue
[2024-06-17T23:52:47.402+0000] {logging_mixin.py:188} INFO - [2024-06-17T23:52:47.402+0000] {dagbag.py:545} INFO - Filling up the DagBag from /home/airflow/.local/lib/python3.12/site-packages/airflow/example_dags/example_setup_teardown.py
[2024-06-17T23:52:47.410+0000] {processor.py:840} INFO - DAG(s) 'example_setup_teardown' retrieved from /home/airflow/.local/lib/python3.12/site-packages/airflow/example_dags/example_setup_teardown.py
[2024-06-17T23:52:47.433+0000] {logging_mixin.py:188} INFO - [2024-06-17T23:52:47.432+0000] {dag.py:3096} INFO - Sync 1 DAGs
[2024-06-17T23:52:47.456+0000] {logging_mixin.py:188} INFO - [2024-06-17T23:52:47.456+0000] {dag.py:3954} INFO - Setting next_dagrun for example_setup_teardown to 2024-06-16 00:00:00+00:00, run_after=2024-06-17 00:00:00+00:00
[2024-06-17T23:52:47.494+0000] {processor.py:183} INFO - Processing /home/airflow/.local/lib/python3.12/site-packages/airflow/example_dags/example_setup_teardown.py took 0.100 seconds
[2024-06-17T23:53:17.528+0000] {processor.py:161} INFO - Started process (PID=1744) to work on /home/airflow/.local/lib/python3.12/site-packages/airflow/example_dags/example_setup_teardown.py
[2024-06-17T23:53:17.529+0000] {processor.py:830} INFO - Processing file /home/airflow/.local/lib/python3.12/site-packages/airflow/example_dags/example_setup_teardown.py for tasks to queue
[2024-06-17T23:53:17.531+0000] {logging_mixin.py:188} INFO - [2024-06-17T23:53:17.531+0000] {dagbag.py:545} INFO - Filling up the DagBag from /home/airflow/.local/lib/python3.12/site-packages/airflow/example_dags/example_setup_teardown.py
[2024-06-17T23:53:17.687+0000] {processor.py:840} INFO - DAG(s) 'example_setup_teardown' retrieved from /home/airflow/.local/lib/python3.12/site-packages/airflow/example_dags/example_setup_teardown.py
[2024-06-17T23:53:17.708+0000] {logging_mixin.py:188} INFO - [2024-06-17T23:53:17.708+0000] {dag.py:3096} INFO - Sync 1 DAGs
[2024-06-17T23:53:17.731+0000] {logging_mixin.py:188} INFO - [2024-06-17T23:53:17.730+0000] {dag.py:3954} INFO - Setting next_dagrun for example_setup_teardown to 2024-06-16 00:00:00+00:00, run_after=2024-06-17 00:00:00+00:00
[2024-06-17T23:53:17.759+0000] {processor.py:183} INFO - Processing /home/airflow/.local/lib/python3.12/site-packages/airflow/example_dags/example_setup_teardown.py took 0.238 seconds
[2024-06-17T23:53:48.527+0000] {processor.py:161} INFO - Started process (PID=1804) to work on /home/airflow/.local/lib/python3.12/site-packages/airflow/example_dags/example_setup_teardown.py
[2024-06-17T23:53:48.528+0000] {processor.py:830} INFO - Processing file /home/airflow/.local/lib/python3.12/site-packages/airflow/example_dags/example_setup_teardown.py for tasks to queue
[2024-06-17T23:53:48.531+0000] {logging_mixin.py:188} INFO - [2024-06-17T23:53:48.530+0000] {dagbag.py:545} INFO - Filling up the DagBag from /home/airflow/.local/lib/python3.12/site-packages/airflow/example_dags/example_setup_teardown.py
[2024-06-17T23:53:48.542+0000] {processor.py:840} INFO - DAG(s) 'example_setup_teardown' retrieved from /home/airflow/.local/lib/python3.12/site-packages/airflow/example_dags/example_setup_teardown.py
[2024-06-17T23:53:48.581+0000] {logging_mixin.py:188} INFO - [2024-06-17T23:53:48.581+0000] {dag.py:3096} INFO - Sync 1 DAGs
[2024-06-17T23:53:48.613+0000] {logging_mixin.py:188} INFO - [2024-06-17T23:53:48.613+0000] {dag.py:3954} INFO - Setting next_dagrun for example_setup_teardown to 2024-06-16 00:00:00+00:00, run_after=2024-06-17 00:00:00+00:00
[2024-06-17T23:53:48.636+0000] {processor.py:183} INFO - Processing /home/airflow/.local/lib/python3.12/site-packages/airflow/example_dags/example_setup_teardown.py took 0.116 seconds
[2024-06-17T23:54:18.680+0000] {processor.py:161} INFO - Started process (PID=1863) to work on /home/airflow/.local/lib/python3.12/site-packages/airflow/example_dags/example_setup_teardown.py
[2024-06-17T23:54:18.681+0000] {processor.py:830} INFO - Processing file /home/airflow/.local/lib/python3.12/site-packages/airflow/example_dags/example_setup_teardown.py for tasks to queue
[2024-06-17T23:54:18.683+0000] {logging_mixin.py:188} INFO - [2024-06-17T23:54:18.683+0000] {dagbag.py:545} INFO - Filling up the DagBag from /home/airflow/.local/lib/python3.12/site-packages/airflow/example_dags/example_setup_teardown.py
[2024-06-17T23:54:18.691+0000] {processor.py:840} INFO - DAG(s) 'example_setup_teardown' retrieved from /home/airflow/.local/lib/python3.12/site-packages/airflow/example_dags/example_setup_teardown.py
[2024-06-17T23:54:18.718+0000] {logging_mixin.py:188} INFO - [2024-06-17T23:54:18.717+0000] {dag.py:3096} INFO - Sync 1 DAGs
[2024-06-17T23:54:18.743+0000] {logging_mixin.py:188} INFO - [2024-06-17T23:54:18.742+0000] {dag.py:3954} INFO - Setting next_dagrun for example_setup_teardown to 2024-06-16 00:00:00+00:00, run_after=2024-06-17 00:00:00+00:00
[2024-06-17T23:54:18.765+0000] {processor.py:183} INFO - Processing /home/airflow/.local/lib/python3.12/site-packages/airflow/example_dags/example_setup_teardown.py took 0.091 seconds
[2024-06-17T23:54:49.001+0000] {processor.py:161} INFO - Started process (PID=1922) to work on /home/airflow/.local/lib/python3.12/site-packages/airflow/example_dags/example_setup_teardown.py
[2024-06-17T23:54:49.002+0000] {processor.py:830} INFO - Processing file /home/airflow/.local/lib/python3.12/site-packages/airflow/example_dags/example_setup_teardown.py for tasks to queue
[2024-06-17T23:54:49.005+0000] {logging_mixin.py:188} INFO - [2024-06-17T23:54:49.004+0000] {dagbag.py:545} INFO - Filling up the DagBag from /home/airflow/.local/lib/python3.12/site-packages/airflow/example_dags/example_setup_teardown.py
[2024-06-17T23:54:49.012+0000] {processor.py:840} INFO - DAG(s) 'example_setup_teardown' retrieved from /home/airflow/.local/lib/python3.12/site-packages/airflow/example_dags/example_setup_teardown.py
[2024-06-17T23:54:49.037+0000] {logging_mixin.py:188} INFO - [2024-06-17T23:54:49.037+0000] {dag.py:3096} INFO - Sync 1 DAGs
[2024-06-17T23:54:49.062+0000] {logging_mixin.py:188} INFO - [2024-06-17T23:54:49.062+0000] {dag.py:3954} INFO - Setting next_dagrun for example_setup_teardown to 2024-06-16 00:00:00+00:00, run_after=2024-06-17 00:00:00+00:00
[2024-06-17T23:54:49.095+0000] {processor.py:183} INFO - Processing /home/airflow/.local/lib/python3.12/site-packages/airflow/example_dags/example_setup_teardown.py took 0.100 seconds
[2024-06-17T23:55:19.335+0000] {processor.py:161} INFO - Started process (PID=1982) to work on /home/airflow/.local/lib/python3.12/site-packages/airflow/example_dags/example_setup_teardown.py
[2024-06-17T23:55:19.336+0000] {processor.py:830} INFO - Processing file /home/airflow/.local/lib/python3.12/site-packages/airflow/example_dags/example_setup_teardown.py for tasks to queue
[2024-06-17T23:55:19.339+0000] {logging_mixin.py:188} INFO - [2024-06-17T23:55:19.338+0000] {dagbag.py:545} INFO - Filling up the DagBag from /home/airflow/.local/lib/python3.12/site-packages/airflow/example_dags/example_setup_teardown.py
[2024-06-17T23:55:19.350+0000] {processor.py:840} INFO - DAG(s) 'example_setup_teardown' retrieved from /home/airflow/.local/lib/python3.12/site-packages/airflow/example_dags/example_setup_teardown.py
[2024-06-17T23:55:19.378+0000] {logging_mixin.py:188} INFO - [2024-06-17T23:55:19.378+0000] {dag.py:3096} INFO - Sync 1 DAGs
[2024-06-17T23:55:19.414+0000] {logging_mixin.py:188} INFO - [2024-06-17T23:55:19.413+0000] {dag.py:3954} INFO - Setting next_dagrun for example_setup_teardown to 2024-06-16 00:00:00+00:00, run_after=2024-06-17 00:00:00+00:00
[2024-06-17T23:55:19.455+0000] {processor.py:183} INFO - Processing /home/airflow/.local/lib/python3.12/site-packages/airflow/example_dags/example_setup_teardown.py took 0.128 seconds
[2024-06-17T23:55:49.970+0000] {processor.py:161} INFO - Started process (PID=2042) to work on /home/airflow/.local/lib/python3.12/site-packages/airflow/example_dags/example_setup_teardown.py
[2024-06-17T23:55:49.971+0000] {processor.py:830} INFO - Processing file /home/airflow/.local/lib/python3.12/site-packages/airflow/example_dags/example_setup_teardown.py for tasks to queue
[2024-06-17T23:55:49.973+0000] {logging_mixin.py:188} INFO - [2024-06-17T23:55:49.973+0000] {dagbag.py:545} INFO - Filling up the DagBag from /home/airflow/.local/lib/python3.12/site-packages/airflow/example_dags/example_setup_teardown.py
[2024-06-17T23:55:49.982+0000] {processor.py:840} INFO - DAG(s) 'example_setup_teardown' retrieved from /home/airflow/.local/lib/python3.12/site-packages/airflow/example_dags/example_setup_teardown.py
[2024-06-17T23:55:50.007+0000] {logging_mixin.py:188} INFO - [2024-06-17T23:55:50.007+0000] {dag.py:3096} INFO - Sync 1 DAGs
[2024-06-17T23:55:50.037+0000] {logging_mixin.py:188} INFO - [2024-06-17T23:55:50.037+0000] {dag.py:3954} INFO - Setting next_dagrun for example_setup_teardown to 2024-06-16 00:00:00+00:00, run_after=2024-06-17 00:00:00+00:00
[2024-06-17T23:55:50.064+0000] {processor.py:183} INFO - Processing /home/airflow/.local/lib/python3.12/site-packages/airflow/example_dags/example_setup_teardown.py took 0.101 seconds
[2024-06-17T23:56:20.385+0000] {processor.py:161} INFO - Started process (PID=2102) to work on /home/airflow/.local/lib/python3.12/site-packages/airflow/example_dags/example_setup_teardown.py
[2024-06-17T23:56:20.387+0000] {processor.py:830} INFO - Processing file /home/airflow/.local/lib/python3.12/site-packages/airflow/example_dags/example_setup_teardown.py for tasks to queue
[2024-06-17T23:56:20.390+0000] {logging_mixin.py:188} INFO - [2024-06-17T23:56:20.389+0000] {dagbag.py:545} INFO - Filling up the DagBag from /home/airflow/.local/lib/python3.12/site-packages/airflow/example_dags/example_setup_teardown.py
[2024-06-17T23:56:20.401+0000] {processor.py:840} INFO - DAG(s) 'example_setup_teardown' retrieved from /home/airflow/.local/lib/python3.12/site-packages/airflow/example_dags/example_setup_teardown.py
[2024-06-17T23:56:20.430+0000] {logging_mixin.py:188} INFO - [2024-06-17T23:56:20.429+0000] {dag.py:3096} INFO - Sync 1 DAGs
[2024-06-17T23:56:20.460+0000] {logging_mixin.py:188} INFO - [2024-06-17T23:56:20.460+0000] {dag.py:3954} INFO - Setting next_dagrun for example_setup_teardown to 2024-06-16 00:00:00+00:00, run_after=2024-06-17 00:00:00+00:00
[2024-06-17T23:56:20.489+0000] {processor.py:183} INFO - Processing /home/airflow/.local/lib/python3.12/site-packages/airflow/example_dags/example_setup_teardown.py took 0.112 seconds
[2024-06-17T23:56:51.264+0000] {processor.py:161} INFO - Started process (PID=2162) to work on /home/airflow/.local/lib/python3.12/site-packages/airflow/example_dags/example_setup_teardown.py
[2024-06-17T23:56:51.265+0000] {processor.py:830} INFO - Processing file /home/airflow/.local/lib/python3.12/site-packages/airflow/example_dags/example_setup_teardown.py for tasks to queue
[2024-06-17T23:56:51.268+0000] {logging_mixin.py:188} INFO - [2024-06-17T23:56:51.267+0000] {dagbag.py:545} INFO - Filling up the DagBag from /home/airflow/.local/lib/python3.12/site-packages/airflow/example_dags/example_setup_teardown.py
[2024-06-17T23:56:51.279+0000] {processor.py:840} INFO - DAG(s) 'example_setup_teardown' retrieved from /home/airflow/.local/lib/python3.12/site-packages/airflow/example_dags/example_setup_teardown.py
[2024-06-17T23:56:51.303+0000] {logging_mixin.py:188} INFO - [2024-06-17T23:56:51.302+0000] {dag.py:3096} INFO - Sync 1 DAGs
[2024-06-17T23:56:51.326+0000] {logging_mixin.py:188} INFO - [2024-06-17T23:56:51.325+0000] {dag.py:3954} INFO - Setting next_dagrun for example_setup_teardown to 2024-06-16 00:00:00+00:00, run_after=2024-06-17 00:00:00+00:00
[2024-06-17T23:56:51.346+0000] {processor.py:183} INFO - Processing /home/airflow/.local/lib/python3.12/site-packages/airflow/example_dags/example_setup_teardown.py took 0.089 seconds
[2024-06-17T23:57:21.805+0000] {processor.py:161} INFO - Started process (PID=2222) to work on /home/airflow/.local/lib/python3.12/site-packages/airflow/example_dags/example_setup_teardown.py
[2024-06-17T23:57:21.806+0000] {processor.py:830} INFO - Processing file /home/airflow/.local/lib/python3.12/site-packages/airflow/example_dags/example_setup_teardown.py for tasks to queue
[2024-06-17T23:57:21.809+0000] {logging_mixin.py:188} INFO - [2024-06-17T23:57:21.808+0000] {dagbag.py:545} INFO - Filling up the DagBag from /home/airflow/.local/lib/python3.12/site-packages/airflow/example_dags/example_setup_teardown.py
[2024-06-17T23:57:21.819+0000] {processor.py:840} INFO - DAG(s) 'example_setup_teardown' retrieved from /home/airflow/.local/lib/python3.12/site-packages/airflow/example_dags/example_setup_teardown.py
[2024-06-17T23:57:21.846+0000] {logging_mixin.py:188} INFO - [2024-06-17T23:57:21.846+0000] {dag.py:3096} INFO - Sync 1 DAGs
[2024-06-17T23:57:21.880+0000] {logging_mixin.py:188} INFO - [2024-06-17T23:57:21.879+0000] {dag.py:3954} INFO - Setting next_dagrun for example_setup_teardown to 2024-06-16 00:00:00+00:00, run_after=2024-06-17 00:00:00+00:00
[2024-06-17T23:57:21.912+0000] {processor.py:183} INFO - Processing /home/airflow/.local/lib/python3.12/site-packages/airflow/example_dags/example_setup_teardown.py took 0.114 seconds
[2024-06-17T23:57:52.054+0000] {processor.py:161} INFO - Started process (PID=2283) to work on /home/airflow/.local/lib/python3.12/site-packages/airflow/example_dags/example_setup_teardown.py
[2024-06-17T23:57:52.055+0000] {processor.py:830} INFO - Processing file /home/airflow/.local/lib/python3.12/site-packages/airflow/example_dags/example_setup_teardown.py for tasks to queue
[2024-06-17T23:57:52.057+0000] {logging_mixin.py:188} INFO - [2024-06-17T23:57:52.057+0000] {dagbag.py:545} INFO - Filling up the DagBag from /home/airflow/.local/lib/python3.12/site-packages/airflow/example_dags/example_setup_teardown.py
[2024-06-17T23:57:52.064+0000] {processor.py:840} INFO - DAG(s) 'example_setup_teardown' retrieved from /home/airflow/.local/lib/python3.12/site-packages/airflow/example_dags/example_setup_teardown.py
[2024-06-17T23:57:52.085+0000] {logging_mixin.py:188} INFO - [2024-06-17T23:57:52.085+0000] {dag.py:3096} INFO - Sync 1 DAGs
[2024-06-17T23:57:52.119+0000] {logging_mixin.py:188} INFO - [2024-06-17T23:57:52.119+0000] {dag.py:3954} INFO - Setting next_dagrun for example_setup_teardown to 2024-06-16 00:00:00+00:00, run_after=2024-06-17 00:00:00+00:00
[2024-06-17T23:57:52.138+0000] {processor.py:183} INFO - Processing /home/airflow/.local/lib/python3.12/site-packages/airflow/example_dags/example_setup_teardown.py took 0.091 seconds
[2024-06-17T23:58:22.415+0000] {processor.py:161} INFO - Started process (PID=2343) to work on /home/airflow/.local/lib/python3.12/site-packages/airflow/example_dags/example_setup_teardown.py
[2024-06-17T23:58:22.416+0000] {processor.py:830} INFO - Processing file /home/airflow/.local/lib/python3.12/site-packages/airflow/example_dags/example_setup_teardown.py for tasks to queue
[2024-06-17T23:58:22.419+0000] {logging_mixin.py:188} INFO - [2024-06-17T23:58:22.419+0000] {dagbag.py:545} INFO - Filling up the DagBag from /home/airflow/.local/lib/python3.12/site-packages/airflow/example_dags/example_setup_teardown.py
[2024-06-17T23:58:22.428+0000] {processor.py:840} INFO - DAG(s) 'example_setup_teardown' retrieved from /home/airflow/.local/lib/python3.12/site-packages/airflow/example_dags/example_setup_teardown.py
[2024-06-17T23:58:22.451+0000] {logging_mixin.py:188} INFO - [2024-06-17T23:58:22.450+0000] {dag.py:3096} INFO - Sync 1 DAGs
[2024-06-17T23:58:22.474+0000] {logging_mixin.py:188} INFO - [2024-06-17T23:58:22.474+0000] {dag.py:3954} INFO - Setting next_dagrun for example_setup_teardown to 2024-06-16 00:00:00+00:00, run_after=2024-06-17 00:00:00+00:00
[2024-06-17T23:58:22.498+0000] {processor.py:183} INFO - Processing /home/airflow/.local/lib/python3.12/site-packages/airflow/example_dags/example_setup_teardown.py took 0.091 seconds
[2024-06-17T23:58:52.616+0000] {processor.py:161} INFO - Started process (PID=2403) to work on /home/airflow/.local/lib/python3.12/site-packages/airflow/example_dags/example_setup_teardown.py
[2024-06-17T23:58:52.618+0000] {processor.py:830} INFO - Processing file /home/airflow/.local/lib/python3.12/site-packages/airflow/example_dags/example_setup_teardown.py for tasks to queue
[2024-06-17T23:58:52.623+0000] {logging_mixin.py:188} INFO - [2024-06-17T23:58:52.621+0000] {dagbag.py:545} INFO - Filling up the DagBag from /home/airflow/.local/lib/python3.12/site-packages/airflow/example_dags/example_setup_teardown.py
[2024-06-17T23:58:52.639+0000] {processor.py:840} INFO - DAG(s) 'example_setup_teardown' retrieved from /home/airflow/.local/lib/python3.12/site-packages/airflow/example_dags/example_setup_teardown.py
[2024-06-17T23:58:52.680+0000] {logging_mixin.py:188} INFO - [2024-06-17T23:58:52.679+0000] {dag.py:3096} INFO - Sync 1 DAGs
[2024-06-17T23:58:52.714+0000] {logging_mixin.py:188} INFO - [2024-06-17T23:58:52.714+0000] {dag.py:3954} INFO - Setting next_dagrun for example_setup_teardown to 2024-06-16 00:00:00+00:00, run_after=2024-06-17 00:00:00+00:00
[2024-06-17T23:58:52.750+0000] {processor.py:183} INFO - Processing /home/airflow/.local/lib/python3.12/site-packages/airflow/example_dags/example_setup_teardown.py took 0.142 seconds
[2024-06-17T23:59:23.023+0000] {processor.py:161} INFO - Started process (PID=2463) to work on /home/airflow/.local/lib/python3.12/site-packages/airflow/example_dags/example_setup_teardown.py
[2024-06-17T23:59:23.024+0000] {processor.py:830} INFO - Processing file /home/airflow/.local/lib/python3.12/site-packages/airflow/example_dags/example_setup_teardown.py for tasks to queue
[2024-06-17T23:59:23.026+0000] {logging_mixin.py:188} INFO - [2024-06-17T23:59:23.026+0000] {dagbag.py:545} INFO - Filling up the DagBag from /home/airflow/.local/lib/python3.12/site-packages/airflow/example_dags/example_setup_teardown.py
[2024-06-17T23:59:23.034+0000] {processor.py:840} INFO - DAG(s) 'example_setup_teardown' retrieved from /home/airflow/.local/lib/python3.12/site-packages/airflow/example_dags/example_setup_teardown.py
[2024-06-17T23:59:23.059+0000] {logging_mixin.py:188} INFO - [2024-06-17T23:59:23.059+0000] {dag.py:3096} INFO - Sync 1 DAGs
[2024-06-17T23:59:23.087+0000] {logging_mixin.py:188} INFO - [2024-06-17T23:59:23.087+0000] {dag.py:3954} INFO - Setting next_dagrun for example_setup_teardown to 2024-06-16 00:00:00+00:00, run_after=2024-06-17 00:00:00+00:00
[2024-06-17T23:59:23.121+0000] {processor.py:183} INFO - Processing /home/airflow/.local/lib/python3.12/site-packages/airflow/example_dags/example_setup_teardown.py took 0.104 seconds
[2024-06-17T23:59:53.593+0000] {processor.py:161} INFO - Started process (PID=2523) to work on /home/airflow/.local/lib/python3.12/site-packages/airflow/example_dags/example_setup_teardown.py
[2024-06-17T23:59:53.594+0000] {processor.py:830} INFO - Processing file /home/airflow/.local/lib/python3.12/site-packages/airflow/example_dags/example_setup_teardown.py for tasks to queue
[2024-06-17T23:59:53.597+0000] {logging_mixin.py:188} INFO - [2024-06-17T23:59:53.597+0000] {dagbag.py:545} INFO - Filling up the DagBag from /home/airflow/.local/lib/python3.12/site-packages/airflow/example_dags/example_setup_teardown.py
[2024-06-17T23:59:53.607+0000] {processor.py:840} INFO - DAG(s) 'example_setup_teardown' retrieved from /home/airflow/.local/lib/python3.12/site-packages/airflow/example_dags/example_setup_teardown.py
[2024-06-17T23:59:53.635+0000] {logging_mixin.py:188} INFO - [2024-06-17T23:59:53.634+0000] {dag.py:3096} INFO - Sync 1 DAGs
[2024-06-17T23:59:53.664+0000] {logging_mixin.py:188} INFO - [2024-06-17T23:59:53.664+0000] {dag.py:3954} INFO - Setting next_dagrun for example_setup_teardown to 2024-06-16 00:00:00+00:00, run_after=2024-06-17 00:00:00+00:00
[2024-06-17T23:59:53.697+0000] {processor.py:183} INFO - Processing /home/airflow/.local/lib/python3.12/site-packages/airflow/example_dags/example_setup_teardown.py took 0.112 seconds
