[2024-06-17T23:29:03.915+0000] {processor.py:161} INFO - Started process (PID=69) to work on /home/airflow/.local/lib/python3.12/site-packages/airflow/example_dags/example_task_group.py
[2024-06-17T23:29:03.918+0000] {processor.py:830} INFO - Processing file /home/airflow/.local/lib/python3.12/site-packages/airflow/example_dags/example_task_group.py for tasks to queue
[2024-06-17T23:29:03.922+0000] {logging_mixin.py:188} INFO - [2024-06-17T23:29:03.921+0000] {dagbag.py:545} INFO - Filling up the DagBag from /home/airflow/.local/lib/python3.12/site-packages/airflow/example_dags/example_task_group.py
[2024-06-17T23:29:03.935+0000] {processor.py:840} INFO - DAG(s) 'example_task_group' retrieved from /home/airflow/.local/lib/python3.12/site-packages/airflow/example_dags/example_task_group.py
[2024-06-17T23:29:03.974+0000] {logging_mixin.py:188} INFO - [2024-06-17T23:29:03.974+0000] {dag.py:3096} INFO - Sync 1 DAGs
[2024-06-17T23:29:04.012+0000] {logging_mixin.py:188} INFO - [2024-06-17T23:29:04.011+0000] {dag.py:3954} INFO - Setting next_dagrun for example_task_group to 2024-06-16 00:00:00+00:00, run_after=2024-06-17 00:00:00+00:00
[2024-06-17T23:29:04.044+0000] {processor.py:183} INFO - Processing /home/airflow/.local/lib/python3.12/site-packages/airflow/example_dags/example_task_group.py took 0.139 seconds
[2024-06-17T23:29:35.101+0000] {processor.py:161} INFO - Started process (PID=142) to work on /home/airflow/.local/lib/python3.12/site-packages/airflow/example_dags/example_task_group.py
[2024-06-17T23:29:35.106+0000] {processor.py:830} INFO - Processing file /home/airflow/.local/lib/python3.12/site-packages/airflow/example_dags/example_task_group.py for tasks to queue
[2024-06-17T23:29:35.109+0000] {logging_mixin.py:188} INFO - [2024-06-17T23:29:35.109+0000] {dagbag.py:545} INFO - Filling up the DagBag from /home/airflow/.local/lib/python3.12/site-packages/airflow/example_dags/example_task_group.py
[2024-06-17T23:29:35.132+0000] {processor.py:840} INFO - DAG(s) 'example_task_group' retrieved from /home/airflow/.local/lib/python3.12/site-packages/airflow/example_dags/example_task_group.py
[2024-06-17T23:29:35.188+0000] {logging_mixin.py:188} INFO - [2024-06-17T23:29:35.187+0000] {dag.py:3096} INFO - Sync 1 DAGs
[2024-06-17T23:29:35.241+0000] {logging_mixin.py:188} INFO - [2024-06-17T23:29:35.241+0000] {dag.py:3954} INFO - Setting next_dagrun for example_task_group to 2024-06-16 00:00:00+00:00, run_after=2024-06-17 00:00:00+00:00
[2024-06-17T23:29:35.303+0000] {processor.py:183} INFO - Processing /home/airflow/.local/lib/python3.12/site-packages/airflow/example_dags/example_task_group.py took 0.211 seconds
[2024-06-17T23:30:08.031+0000] {processor.py:161} INFO - Started process (PID=276) to work on /home/airflow/.local/lib/python3.12/site-packages/airflow/example_dags/example_task_group.py
[2024-06-17T23:30:08.036+0000] {processor.py:830} INFO - Processing file /home/airflow/.local/lib/python3.12/site-packages/airflow/example_dags/example_task_group.py for tasks to queue
[2024-06-17T23:30:08.042+0000] {logging_mixin.py:188} INFO - [2024-06-17T23:30:08.041+0000] {dagbag.py:545} INFO - Filling up the DagBag from /home/airflow/.local/lib/python3.12/site-packages/airflow/example_dags/example_task_group.py
[2024-06-17T23:30:08.063+0000] {processor.py:840} INFO - DAG(s) 'example_task_group' retrieved from /home/airflow/.local/lib/python3.12/site-packages/airflow/example_dags/example_task_group.py
[2024-06-17T23:30:08.127+0000] {logging_mixin.py:188} INFO - [2024-06-17T23:30:08.127+0000] {dag.py:3096} INFO - Sync 1 DAGs
[2024-06-17T23:30:08.186+0000] {logging_mixin.py:188} INFO - [2024-06-17T23:30:08.185+0000] {dag.py:3954} INFO - Setting next_dagrun for example_task_group to 2024-06-16 00:00:00+00:00, run_after=2024-06-17 00:00:00+00:00
[2024-06-17T23:30:08.229+0000] {processor.py:183} INFO - Processing /home/airflow/.local/lib/python3.12/site-packages/airflow/example_dags/example_task_group.py took 0.211 seconds
[2024-06-17T23:30:38.800+0000] {processor.py:161} INFO - Started process (PID=369) to work on /home/airflow/.local/lib/python3.12/site-packages/airflow/example_dags/example_task_group.py
[2024-06-17T23:30:38.803+0000] {processor.py:830} INFO - Processing file /home/airflow/.local/lib/python3.12/site-packages/airflow/example_dags/example_task_group.py for tasks to queue
[2024-06-17T23:30:38.807+0000] {logging_mixin.py:188} INFO - [2024-06-17T23:30:38.807+0000] {dagbag.py:545} INFO - Filling up the DagBag from /home/airflow/.local/lib/python3.12/site-packages/airflow/example_dags/example_task_group.py
[2024-06-17T23:30:38.822+0000] {processor.py:840} INFO - DAG(s) 'example_task_group' retrieved from /home/airflow/.local/lib/python3.12/site-packages/airflow/example_dags/example_task_group.py
[2024-06-17T23:30:38.892+0000] {logging_mixin.py:188} INFO - [2024-06-17T23:30:38.892+0000] {dag.py:3096} INFO - Sync 1 DAGs
[2024-06-17T23:30:38.957+0000] {logging_mixin.py:188} INFO - [2024-06-17T23:30:38.956+0000] {dag.py:3954} INFO - Setting next_dagrun for example_task_group to 2024-06-16 00:00:00+00:00, run_after=2024-06-17 00:00:00+00:00
[2024-06-17T23:30:39.003+0000] {processor.py:183} INFO - Processing /home/airflow/.local/lib/python3.12/site-packages/airflow/example_dags/example_task_group.py took 0.206 seconds
[2024-06-17T23:31:10.117+0000] {processor.py:161} INFO - Started process (PID=489) to work on /home/airflow/.local/lib/python3.12/site-packages/airflow/example_dags/example_task_group.py
[2024-06-17T23:31:10.118+0000] {processor.py:830} INFO - Processing file /home/airflow/.local/lib/python3.12/site-packages/airflow/example_dags/example_task_group.py for tasks to queue
[2024-06-17T23:31:10.122+0000] {logging_mixin.py:188} INFO - [2024-06-17T23:31:10.121+0000] {dagbag.py:545} INFO - Filling up the DagBag from /home/airflow/.local/lib/python3.12/site-packages/airflow/example_dags/example_task_group.py
[2024-06-17T23:31:10.137+0000] {processor.py:840} INFO - DAG(s) 'example_task_group' retrieved from /home/airflow/.local/lib/python3.12/site-packages/airflow/example_dags/example_task_group.py
[2024-06-17T23:31:10.178+0000] {logging_mixin.py:188} INFO - [2024-06-17T23:31:10.177+0000] {dag.py:3096} INFO - Sync 1 DAGs
[2024-06-17T23:31:10.225+0000] {logging_mixin.py:188} INFO - [2024-06-17T23:31:10.224+0000] {dag.py:3954} INFO - Setting next_dagrun for example_task_group to 2024-06-16 00:00:00+00:00, run_after=2024-06-17 00:00:00+00:00
[2024-06-17T23:31:10.260+0000] {processor.py:183} INFO - Processing /home/airflow/.local/lib/python3.12/site-packages/airflow/example_dags/example_task_group.py took 0.156 seconds
[2024-06-17T23:31:43.378+0000] {processor.py:161} INFO - Started process (PID=585) to work on /home/airflow/.local/lib/python3.12/site-packages/airflow/example_dags/example_task_group.py
[2024-06-17T23:31:43.383+0000] {processor.py:830} INFO - Processing file /home/airflow/.local/lib/python3.12/site-packages/airflow/example_dags/example_task_group.py for tasks to queue
[2024-06-17T23:31:43.401+0000] {logging_mixin.py:188} INFO - [2024-06-17T23:31:43.390+0000] {dagbag.py:545} INFO - Filling up the DagBag from /home/airflow/.local/lib/python3.12/site-packages/airflow/example_dags/example_task_group.py
[2024-06-17T23:31:43.446+0000] {processor.py:840} INFO - DAG(s) 'example_task_group' retrieved from /home/airflow/.local/lib/python3.12/site-packages/airflow/example_dags/example_task_group.py
[2024-06-17T23:31:43.541+0000] {logging_mixin.py:188} INFO - [2024-06-17T23:31:43.540+0000] {dag.py:3096} INFO - Sync 1 DAGs
[2024-06-17T23:31:43.618+0000] {logging_mixin.py:188} INFO - [2024-06-17T23:31:43.617+0000] {dag.py:3954} INFO - Setting next_dagrun for example_task_group to 2024-06-16 00:00:00+00:00, run_after=2024-06-17 00:00:00+00:00
[2024-06-17T23:31:43.707+0000] {processor.py:183} INFO - Processing /home/airflow/.local/lib/python3.12/site-packages/airflow/example_dags/example_task_group.py took 0.354 seconds
[2024-06-17T23:32:14.085+0000] {processor.py:161} INFO - Started process (PID=676) to work on /home/airflow/.local/lib/python3.12/site-packages/airflow/example_dags/example_task_group.py
[2024-06-17T23:32:14.087+0000] {processor.py:830} INFO - Processing file /home/airflow/.local/lib/python3.12/site-packages/airflow/example_dags/example_task_group.py for tasks to queue
[2024-06-17T23:32:14.092+0000] {logging_mixin.py:188} INFO - [2024-06-17T23:32:14.091+0000] {dagbag.py:545} INFO - Filling up the DagBag from /home/airflow/.local/lib/python3.12/site-packages/airflow/example_dags/example_task_group.py
[2024-06-17T23:32:14.108+0000] {processor.py:840} INFO - DAG(s) 'example_task_group' retrieved from /home/airflow/.local/lib/python3.12/site-packages/airflow/example_dags/example_task_group.py
[2024-06-17T23:32:14.146+0000] {logging_mixin.py:188} INFO - [2024-06-17T23:32:14.145+0000] {dag.py:3096} INFO - Sync 1 DAGs
[2024-06-17T23:32:14.186+0000] {logging_mixin.py:188} INFO - [2024-06-17T23:32:14.186+0000] {dag.py:3954} INFO - Setting next_dagrun for example_task_group to 2024-06-16 00:00:00+00:00, run_after=2024-06-17 00:00:00+00:00
[2024-06-17T23:32:14.226+0000] {processor.py:183} INFO - Processing /home/airflow/.local/lib/python3.12/site-packages/airflow/example_dags/example_task_group.py took 0.152 seconds
[2024-06-17T23:32:44.356+0000] {processor.py:161} INFO - Started process (PID=736) to work on /home/airflow/.local/lib/python3.12/site-packages/airflow/example_dags/example_task_group.py
[2024-06-17T23:32:44.358+0000] {processor.py:830} INFO - Processing file /home/airflow/.local/lib/python3.12/site-packages/airflow/example_dags/example_task_group.py for tasks to queue
[2024-06-17T23:32:44.362+0000] {logging_mixin.py:188} INFO - [2024-06-17T23:32:44.361+0000] {dagbag.py:545} INFO - Filling up the DagBag from /home/airflow/.local/lib/python3.12/site-packages/airflow/example_dags/example_task_group.py
[2024-06-17T23:32:44.376+0000] {processor.py:840} INFO - DAG(s) 'example_task_group' retrieved from /home/airflow/.local/lib/python3.12/site-packages/airflow/example_dags/example_task_group.py
[2024-06-17T23:32:44.415+0000] {logging_mixin.py:188} INFO - [2024-06-17T23:32:44.415+0000] {dag.py:3096} INFO - Sync 1 DAGs
[2024-06-17T23:32:44.465+0000] {logging_mixin.py:188} INFO - [2024-06-17T23:32:44.464+0000] {dag.py:3954} INFO - Setting next_dagrun for example_task_group to 2024-06-16 00:00:00+00:00, run_after=2024-06-17 00:00:00+00:00
[2024-06-17T23:32:44.519+0000] {processor.py:183} INFO - Processing /home/airflow/.local/lib/python3.12/site-packages/airflow/example_dags/example_task_group.py took 0.172 seconds
[2024-06-17T23:33:15.441+0000] {processor.py:161} INFO - Started process (PID=796) to work on /home/airflow/.local/lib/python3.12/site-packages/airflow/example_dags/example_task_group.py
[2024-06-17T23:33:15.444+0000] {processor.py:830} INFO - Processing file /home/airflow/.local/lib/python3.12/site-packages/airflow/example_dags/example_task_group.py for tasks to queue
[2024-06-17T23:33:15.448+0000] {logging_mixin.py:188} INFO - [2024-06-17T23:33:15.447+0000] {dagbag.py:545} INFO - Filling up the DagBag from /home/airflow/.local/lib/python3.12/site-packages/airflow/example_dags/example_task_group.py
[2024-06-17T23:33:15.468+0000] {processor.py:840} INFO - DAG(s) 'example_task_group' retrieved from /home/airflow/.local/lib/python3.12/site-packages/airflow/example_dags/example_task_group.py
[2024-06-17T23:33:15.522+0000] {logging_mixin.py:188} INFO - [2024-06-17T23:33:15.521+0000] {dag.py:3096} INFO - Sync 1 DAGs
[2024-06-17T23:33:15.561+0000] {logging_mixin.py:188} INFO - [2024-06-17T23:33:15.561+0000] {dag.py:3954} INFO - Setting next_dagrun for example_task_group to 2024-06-16 00:00:00+00:00, run_after=2024-06-17 00:00:00+00:00
[2024-06-17T23:33:15.594+0000] {processor.py:183} INFO - Processing /home/airflow/.local/lib/python3.12/site-packages/airflow/example_dags/example_task_group.py took 0.166 seconds
[2024-06-17T23:33:45.942+0000] {processor.py:161} INFO - Started process (PID=856) to work on /home/airflow/.local/lib/python3.12/site-packages/airflow/example_dags/example_task_group.py
[2024-06-17T23:33:45.943+0000] {processor.py:830} INFO - Processing file /home/airflow/.local/lib/python3.12/site-packages/airflow/example_dags/example_task_group.py for tasks to queue
[2024-06-17T23:33:45.949+0000] {logging_mixin.py:188} INFO - [2024-06-17T23:33:45.948+0000] {dagbag.py:545} INFO - Filling up the DagBag from /home/airflow/.local/lib/python3.12/site-packages/airflow/example_dags/example_task_group.py
[2024-06-17T23:33:45.961+0000] {processor.py:840} INFO - DAG(s) 'example_task_group' retrieved from /home/airflow/.local/lib/python3.12/site-packages/airflow/example_dags/example_task_group.py
[2024-06-17T23:33:45.993+0000] {logging_mixin.py:188} INFO - [2024-06-17T23:33:45.993+0000] {dag.py:3096} INFO - Sync 1 DAGs
[2024-06-17T23:33:46.026+0000] {logging_mixin.py:188} INFO - [2024-06-17T23:33:46.026+0000] {dag.py:3954} INFO - Setting next_dagrun for example_task_group to 2024-06-16 00:00:00+00:00, run_after=2024-06-17 00:00:00+00:00
[2024-06-17T23:33:46.073+0000] {processor.py:183} INFO - Processing /home/airflow/.local/lib/python3.12/site-packages/airflow/example_dags/example_task_group.py took 0.147 seconds
[2024-06-17T23:34:16.643+0000] {processor.py:161} INFO - Started process (PID=916) to work on /home/airflow/.local/lib/python3.12/site-packages/airflow/example_dags/example_task_group.py
[2024-06-17T23:34:16.645+0000] {processor.py:830} INFO - Processing file /home/airflow/.local/lib/python3.12/site-packages/airflow/example_dags/example_task_group.py for tasks to queue
[2024-06-17T23:34:16.650+0000] {logging_mixin.py:188} INFO - [2024-06-17T23:34:16.648+0000] {dagbag.py:545} INFO - Filling up the DagBag from /home/airflow/.local/lib/python3.12/site-packages/airflow/example_dags/example_task_group.py
[2024-06-17T23:34:16.667+0000] {processor.py:840} INFO - DAG(s) 'example_task_group' retrieved from /home/airflow/.local/lib/python3.12/site-packages/airflow/example_dags/example_task_group.py
[2024-06-17T23:34:16.707+0000] {logging_mixin.py:188} INFO - [2024-06-17T23:34:16.707+0000] {dag.py:3096} INFO - Sync 1 DAGs
[2024-06-17T23:34:16.748+0000] {logging_mixin.py:188} INFO - [2024-06-17T23:34:16.747+0000] {dag.py:3954} INFO - Setting next_dagrun for example_task_group to 2024-06-16 00:00:00+00:00, run_after=2024-06-17 00:00:00+00:00
[2024-06-17T23:34:16.798+0000] {processor.py:183} INFO - Processing /home/airflow/.local/lib/python3.12/site-packages/airflow/example_dags/example_task_group.py took 0.164 seconds
[2024-06-17T23:34:46.970+0000] {processor.py:161} INFO - Started process (PID=976) to work on /home/airflow/.local/lib/python3.12/site-packages/airflow/example_dags/example_task_group.py
[2024-06-17T23:34:46.971+0000] {processor.py:830} INFO - Processing file /home/airflow/.local/lib/python3.12/site-packages/airflow/example_dags/example_task_group.py for tasks to queue
[2024-06-17T23:34:46.974+0000] {logging_mixin.py:188} INFO - [2024-06-17T23:34:46.973+0000] {dagbag.py:545} INFO - Filling up the DagBag from /home/airflow/.local/lib/python3.12/site-packages/airflow/example_dags/example_task_group.py
[2024-06-17T23:34:46.984+0000] {processor.py:840} INFO - DAG(s) 'example_task_group' retrieved from /home/airflow/.local/lib/python3.12/site-packages/airflow/example_dags/example_task_group.py
[2024-06-17T23:34:47.021+0000] {logging_mixin.py:188} INFO - [2024-06-17T23:34:47.020+0000] {dag.py:3096} INFO - Sync 1 DAGs
[2024-06-17T23:34:47.069+0000] {logging_mixin.py:188} INFO - [2024-06-17T23:34:47.068+0000] {dag.py:3954} INFO - Setting next_dagrun for example_task_group to 2024-06-16 00:00:00+00:00, run_after=2024-06-17 00:00:00+00:00
[2024-06-17T23:34:47.119+0000] {processor.py:183} INFO - Processing /home/airflow/.local/lib/python3.12/site-packages/airflow/example_dags/example_task_group.py took 0.158 seconds
[2024-06-17T23:35:17.483+0000] {processor.py:161} INFO - Started process (PID=1035) to work on /home/airflow/.local/lib/python3.12/site-packages/airflow/example_dags/example_task_group.py
[2024-06-17T23:35:17.484+0000] {processor.py:830} INFO - Processing file /home/airflow/.local/lib/python3.12/site-packages/airflow/example_dags/example_task_group.py for tasks to queue
[2024-06-17T23:35:17.487+0000] {logging_mixin.py:188} INFO - [2024-06-17T23:35:17.486+0000] {dagbag.py:545} INFO - Filling up the DagBag from /home/airflow/.local/lib/python3.12/site-packages/airflow/example_dags/example_task_group.py
[2024-06-17T23:35:17.497+0000] {processor.py:840} INFO - DAG(s) 'example_task_group' retrieved from /home/airflow/.local/lib/python3.12/site-packages/airflow/example_dags/example_task_group.py
[2024-06-17T23:35:17.523+0000] {logging_mixin.py:188} INFO - [2024-06-17T23:35:17.522+0000] {dag.py:3096} INFO - Sync 1 DAGs
[2024-06-17T23:35:17.549+0000] {logging_mixin.py:188} INFO - [2024-06-17T23:35:17.548+0000] {dag.py:3954} INFO - Setting next_dagrun for example_task_group to 2024-06-16 00:00:00+00:00, run_after=2024-06-17 00:00:00+00:00
[2024-06-17T23:35:17.580+0000] {processor.py:183} INFO - Processing /home/airflow/.local/lib/python3.12/site-packages/airflow/example_dags/example_task_group.py took 0.104 seconds
[2024-06-17T23:35:48.174+0000] {processor.py:161} INFO - Started process (PID=1095) to work on /home/airflow/.local/lib/python3.12/site-packages/airflow/example_dags/example_task_group.py
[2024-06-17T23:35:48.177+0000] {processor.py:830} INFO - Processing file /home/airflow/.local/lib/python3.12/site-packages/airflow/example_dags/example_task_group.py for tasks to queue
[2024-06-17T23:35:48.182+0000] {logging_mixin.py:188} INFO - [2024-06-17T23:35:48.181+0000] {dagbag.py:545} INFO - Filling up the DagBag from /home/airflow/.local/lib/python3.12/site-packages/airflow/example_dags/example_task_group.py
[2024-06-17T23:35:48.198+0000] {processor.py:840} INFO - DAG(s) 'example_task_group' retrieved from /home/airflow/.local/lib/python3.12/site-packages/airflow/example_dags/example_task_group.py
[2024-06-17T23:35:48.254+0000] {logging_mixin.py:188} INFO - [2024-06-17T23:35:48.253+0000] {dag.py:3096} INFO - Sync 1 DAGs
[2024-06-17T23:35:48.301+0000] {logging_mixin.py:188} INFO - [2024-06-17T23:35:48.301+0000] {dag.py:3954} INFO - Setting next_dagrun for example_task_group to 2024-06-16 00:00:00+00:00, run_after=2024-06-17 00:00:00+00:00
[2024-06-17T23:35:48.347+0000] {processor.py:183} INFO - Processing /home/airflow/.local/lib/python3.12/site-packages/airflow/example_dags/example_task_group.py took 0.187 seconds
[2024-06-17T23:36:19.377+0000] {processor.py:161} INFO - Started process (PID=1160) to work on /home/airflow/.local/lib/python3.12/site-packages/airflow/example_dags/example_task_group.py
[2024-06-17T23:36:19.379+0000] {processor.py:830} INFO - Processing file /home/airflow/.local/lib/python3.12/site-packages/airflow/example_dags/example_task_group.py for tasks to queue
[2024-06-17T23:36:19.382+0000] {logging_mixin.py:188} INFO - [2024-06-17T23:36:19.381+0000] {dagbag.py:545} INFO - Filling up the DagBag from /home/airflow/.local/lib/python3.12/site-packages/airflow/example_dags/example_task_group.py
[2024-06-17T23:36:19.393+0000] {processor.py:840} INFO - DAG(s) 'example_task_group' retrieved from /home/airflow/.local/lib/python3.12/site-packages/airflow/example_dags/example_task_group.py
[2024-06-17T23:36:19.423+0000] {logging_mixin.py:188} INFO - [2024-06-17T23:36:19.422+0000] {dag.py:3096} INFO - Sync 1 DAGs
[2024-06-17T23:36:19.453+0000] {logging_mixin.py:188} INFO - [2024-06-17T23:36:19.453+0000] {dag.py:3954} INFO - Setting next_dagrun for example_task_group to 2024-06-16 00:00:00+00:00, run_after=2024-06-17 00:00:00+00:00
[2024-06-17T23:36:19.479+0000] {processor.py:183} INFO - Processing /home/airflow/.local/lib/python3.12/site-packages/airflow/example_dags/example_task_group.py took 0.108 seconds
[2024-06-17T23:39:00.832+0000] {processor.py:161} INFO - Started process (PID=70) to work on /home/airflow/.local/lib/python3.12/site-packages/airflow/example_dags/example_task_group.py
[2024-06-17T23:39:00.834+0000] {processor.py:830} INFO - Processing file /home/airflow/.local/lib/python3.12/site-packages/airflow/example_dags/example_task_group.py for tasks to queue
[2024-06-17T23:39:00.837+0000] {logging_mixin.py:188} INFO - [2024-06-17T23:39:00.836+0000] {dagbag.py:545} INFO - Filling up the DagBag from /home/airflow/.local/lib/python3.12/site-packages/airflow/example_dags/example_task_group.py
[2024-06-17T23:39:00.852+0000] {processor.py:840} INFO - DAG(s) 'example_task_group' retrieved from /home/airflow/.local/lib/python3.12/site-packages/airflow/example_dags/example_task_group.py
[2024-06-17T23:39:00.872+0000] {logging_mixin.py:188} INFO - [2024-06-17T23:39:00.872+0000] {dag.py:3096} INFO - Sync 1 DAGs
[2024-06-17T23:39:00.901+0000] {logging_mixin.py:188} INFO - [2024-06-17T23:39:00.901+0000] {dag.py:3954} INFO - Setting next_dagrun for example_task_group to 2024-06-16 00:00:00+00:00, run_after=2024-06-17 00:00:00+00:00
[2024-06-17T23:39:00.927+0000] {processor.py:183} INFO - Processing /home/airflow/.local/lib/python3.12/site-packages/airflow/example_dags/example_task_group.py took 0.105 seconds
[2024-06-17T23:39:33.263+0000] {processor.py:161} INFO - Started process (PID=130) to work on /home/airflow/.local/lib/python3.12/site-packages/airflow/example_dags/example_task_group.py
[2024-06-17T23:39:33.264+0000] {processor.py:830} INFO - Processing file /home/airflow/.local/lib/python3.12/site-packages/airflow/example_dags/example_task_group.py for tasks to queue
[2024-06-17T23:39:33.268+0000] {logging_mixin.py:188} INFO - [2024-06-17T23:39:33.267+0000] {dagbag.py:545} INFO - Filling up the DagBag from /home/airflow/.local/lib/python3.12/site-packages/airflow/example_dags/example_task_group.py
[2024-06-17T23:39:33.279+0000] {processor.py:840} INFO - DAG(s) 'example_task_group' retrieved from /home/airflow/.local/lib/python3.12/site-packages/airflow/example_dags/example_task_group.py
[2024-06-17T23:39:33.445+0000] {logging_mixin.py:188} INFO - [2024-06-17T23:39:33.444+0000] {dag.py:3096} INFO - Sync 1 DAGs
[2024-06-17T23:39:33.472+0000] {logging_mixin.py:188} INFO - [2024-06-17T23:39:33.472+0000] {dag.py:3954} INFO - Setting next_dagrun for example_task_group to 2024-06-16 00:00:00+00:00, run_after=2024-06-17 00:00:00+00:00
[2024-06-17T23:39:33.505+0000] {processor.py:183} INFO - Processing /home/airflow/.local/lib/python3.12/site-packages/airflow/example_dags/example_task_group.py took 0.251 seconds
[2024-06-17T23:40:03.735+0000] {processor.py:161} INFO - Started process (PID=190) to work on /home/airflow/.local/lib/python3.12/site-packages/airflow/example_dags/example_task_group.py
[2024-06-17T23:40:03.736+0000] {processor.py:830} INFO - Processing file /home/airflow/.local/lib/python3.12/site-packages/airflow/example_dags/example_task_group.py for tasks to queue
[2024-06-17T23:40:03.739+0000] {logging_mixin.py:188} INFO - [2024-06-17T23:40:03.738+0000] {dagbag.py:545} INFO - Filling up the DagBag from /home/airflow/.local/lib/python3.12/site-packages/airflow/example_dags/example_task_group.py
[2024-06-17T23:40:03.748+0000] {processor.py:840} INFO - DAG(s) 'example_task_group' retrieved from /home/airflow/.local/lib/python3.12/site-packages/airflow/example_dags/example_task_group.py
[2024-06-17T23:40:03.775+0000] {logging_mixin.py:188} INFO - [2024-06-17T23:40:03.774+0000] {dag.py:3096} INFO - Sync 1 DAGs
[2024-06-17T23:40:03.804+0000] {logging_mixin.py:188} INFO - [2024-06-17T23:40:03.804+0000] {dag.py:3954} INFO - Setting next_dagrun for example_task_group to 2024-06-16 00:00:00+00:00, run_after=2024-06-17 00:00:00+00:00
[2024-06-17T23:40:03.827+0000] {processor.py:183} INFO - Processing /home/airflow/.local/lib/python3.12/site-packages/airflow/example_dags/example_task_group.py took 0.100 seconds
[2024-06-17T23:40:33.950+0000] {processor.py:161} INFO - Started process (PID=250) to work on /home/airflow/.local/lib/python3.12/site-packages/airflow/example_dags/example_task_group.py
[2024-06-17T23:40:33.951+0000] {processor.py:830} INFO - Processing file /home/airflow/.local/lib/python3.12/site-packages/airflow/example_dags/example_task_group.py for tasks to queue
[2024-06-17T23:40:33.954+0000] {logging_mixin.py:188} INFO - [2024-06-17T23:40:33.953+0000] {dagbag.py:545} INFO - Filling up the DagBag from /home/airflow/.local/lib/python3.12/site-packages/airflow/example_dags/example_task_group.py
[2024-06-17T23:40:33.962+0000] {processor.py:840} INFO - DAG(s) 'example_task_group' retrieved from /home/airflow/.local/lib/python3.12/site-packages/airflow/example_dags/example_task_group.py
[2024-06-17T23:40:33.987+0000] {logging_mixin.py:188} INFO - [2024-06-17T23:40:33.987+0000] {dag.py:3096} INFO - Sync 1 DAGs
[2024-06-17T23:40:34.013+0000] {logging_mixin.py:188} INFO - [2024-06-17T23:40:34.013+0000] {dag.py:3954} INFO - Setting next_dagrun for example_task_group to 2024-06-16 00:00:00+00:00, run_after=2024-06-17 00:00:00+00:00
[2024-06-17T23:40:34.036+0000] {processor.py:183} INFO - Processing /home/airflow/.local/lib/python3.12/site-packages/airflow/example_dags/example_task_group.py took 0.093 seconds
[2024-06-17T23:41:04.612+0000] {processor.py:161} INFO - Started process (PID=310) to work on /home/airflow/.local/lib/python3.12/site-packages/airflow/example_dags/example_task_group.py
[2024-06-17T23:41:04.614+0000] {processor.py:830} INFO - Processing file /home/airflow/.local/lib/python3.12/site-packages/airflow/example_dags/example_task_group.py for tasks to queue
[2024-06-17T23:41:04.617+0000] {logging_mixin.py:188} INFO - [2024-06-17T23:41:04.617+0000] {dagbag.py:545} INFO - Filling up the DagBag from /home/airflow/.local/lib/python3.12/site-packages/airflow/example_dags/example_task_group.py
[2024-06-17T23:41:04.630+0000] {processor.py:840} INFO - DAG(s) 'example_task_group' retrieved from /home/airflow/.local/lib/python3.12/site-packages/airflow/example_dags/example_task_group.py
[2024-06-17T23:41:04.672+0000] {logging_mixin.py:188} INFO - [2024-06-17T23:41:04.671+0000] {dag.py:3096} INFO - Sync 1 DAGs
[2024-06-17T23:41:04.727+0000] {logging_mixin.py:188} INFO - [2024-06-17T23:41:04.727+0000] {dag.py:3954} INFO - Setting next_dagrun for example_task_group to 2024-06-16 00:00:00+00:00, run_after=2024-06-17 00:00:00+00:00
[2024-06-17T23:41:04.758+0000] {processor.py:183} INFO - Processing /home/airflow/.local/lib/python3.12/site-packages/airflow/example_dags/example_task_group.py took 0.160 seconds
[2024-06-17T23:41:35.577+0000] {processor.py:161} INFO - Started process (PID=370) to work on /home/airflow/.local/lib/python3.12/site-packages/airflow/example_dags/example_task_group.py
[2024-06-17T23:41:35.578+0000] {processor.py:830} INFO - Processing file /home/airflow/.local/lib/python3.12/site-packages/airflow/example_dags/example_task_group.py for tasks to queue
[2024-06-17T23:41:35.581+0000] {logging_mixin.py:188} INFO - [2024-06-17T23:41:35.580+0000] {dagbag.py:545} INFO - Filling up the DagBag from /home/airflow/.local/lib/python3.12/site-packages/airflow/example_dags/example_task_group.py
[2024-06-17T23:41:35.590+0000] {processor.py:840} INFO - DAG(s) 'example_task_group' retrieved from /home/airflow/.local/lib/python3.12/site-packages/airflow/example_dags/example_task_group.py
[2024-06-17T23:41:35.615+0000] {logging_mixin.py:188} INFO - [2024-06-17T23:41:35.614+0000] {dag.py:3096} INFO - Sync 1 DAGs
[2024-06-17T23:41:35.640+0000] {logging_mixin.py:188} INFO - [2024-06-17T23:41:35.640+0000] {dag.py:3954} INFO - Setting next_dagrun for example_task_group to 2024-06-16 00:00:00+00:00, run_after=2024-06-17 00:00:00+00:00
[2024-06-17T23:41:35.662+0000] {processor.py:183} INFO - Processing /home/airflow/.local/lib/python3.12/site-packages/airflow/example_dags/example_task_group.py took 0.093 seconds
[2024-06-17T23:42:06.263+0000] {processor.py:161} INFO - Started process (PID=430) to work on /home/airflow/.local/lib/python3.12/site-packages/airflow/example_dags/example_task_group.py
[2024-06-17T23:42:06.264+0000] {processor.py:830} INFO - Processing file /home/airflow/.local/lib/python3.12/site-packages/airflow/example_dags/example_task_group.py for tasks to queue
[2024-06-17T23:42:06.266+0000] {logging_mixin.py:188} INFO - [2024-06-17T23:42:06.266+0000] {dagbag.py:545} INFO - Filling up the DagBag from /home/airflow/.local/lib/python3.12/site-packages/airflow/example_dags/example_task_group.py
[2024-06-17T23:42:06.275+0000] {processor.py:840} INFO - DAG(s) 'example_task_group' retrieved from /home/airflow/.local/lib/python3.12/site-packages/airflow/example_dags/example_task_group.py
[2024-06-17T23:42:06.301+0000] {logging_mixin.py:188} INFO - [2024-06-17T23:42:06.301+0000] {dag.py:3096} INFO - Sync 1 DAGs
[2024-06-17T23:42:06.330+0000] {logging_mixin.py:188} INFO - [2024-06-17T23:42:06.329+0000] {dag.py:3954} INFO - Setting next_dagrun for example_task_group to 2024-06-16 00:00:00+00:00, run_after=2024-06-17 00:00:00+00:00
[2024-06-17T23:42:06.358+0000] {processor.py:183} INFO - Processing /home/airflow/.local/lib/python3.12/site-packages/airflow/example_dags/example_task_group.py took 0.104 seconds
[2024-06-17T23:42:36.744+0000] {processor.py:161} INFO - Started process (PID=490) to work on /home/airflow/.local/lib/python3.12/site-packages/airflow/example_dags/example_task_group.py
[2024-06-17T23:42:36.745+0000] {processor.py:830} INFO - Processing file /home/airflow/.local/lib/python3.12/site-packages/airflow/example_dags/example_task_group.py for tasks to queue
[2024-06-17T23:42:36.748+0000] {logging_mixin.py:188} INFO - [2024-06-17T23:42:36.748+0000] {dagbag.py:545} INFO - Filling up the DagBag from /home/airflow/.local/lib/python3.12/site-packages/airflow/example_dags/example_task_group.py
[2024-06-17T23:42:36.756+0000] {processor.py:840} INFO - DAG(s) 'example_task_group' retrieved from /home/airflow/.local/lib/python3.12/site-packages/airflow/example_dags/example_task_group.py
[2024-06-17T23:42:36.781+0000] {logging_mixin.py:188} INFO - [2024-06-17T23:42:36.781+0000] {dag.py:3096} INFO - Sync 1 DAGs
[2024-06-17T23:42:36.807+0000] {logging_mixin.py:188} INFO - [2024-06-17T23:42:36.807+0000] {dag.py:3954} INFO - Setting next_dagrun for example_task_group to 2024-06-16 00:00:00+00:00, run_after=2024-06-17 00:00:00+00:00
[2024-06-17T23:42:36.828+0000] {processor.py:183} INFO - Processing /home/airflow/.local/lib/python3.12/site-packages/airflow/example_dags/example_task_group.py took 0.092 seconds
[2024-06-17T23:43:08.361+0000] {processor.py:161} INFO - Started process (PID=550) to work on /home/airflow/.local/lib/python3.12/site-packages/airflow/example_dags/example_task_group.py
[2024-06-17T23:43:08.362+0000] {processor.py:830} INFO - Processing file /home/airflow/.local/lib/python3.12/site-packages/airflow/example_dags/example_task_group.py for tasks to queue
[2024-06-17T23:43:08.364+0000] {logging_mixin.py:188} INFO - [2024-06-17T23:43:08.364+0000] {dagbag.py:545} INFO - Filling up the DagBag from /home/airflow/.local/lib/python3.12/site-packages/airflow/example_dags/example_task_group.py
[2024-06-17T23:43:08.372+0000] {processor.py:840} INFO - DAG(s) 'example_task_group' retrieved from /home/airflow/.local/lib/python3.12/site-packages/airflow/example_dags/example_task_group.py
[2024-06-17T23:43:08.395+0000] {logging_mixin.py:188} INFO - [2024-06-17T23:43:08.395+0000] {dag.py:3096} INFO - Sync 1 DAGs
[2024-06-17T23:43:08.419+0000] {logging_mixin.py:188} INFO - [2024-06-17T23:43:08.418+0000] {dag.py:3954} INFO - Setting next_dagrun for example_task_group to 2024-06-16 00:00:00+00:00, run_after=2024-06-17 00:00:00+00:00
[2024-06-17T23:43:08.442+0000] {processor.py:183} INFO - Processing /home/airflow/.local/lib/python3.12/site-packages/airflow/example_dags/example_task_group.py took 0.087 seconds
[2024-06-17T23:43:39.664+0000] {processor.py:161} INFO - Started process (PID=610) to work on /home/airflow/.local/lib/python3.12/site-packages/airflow/example_dags/example_task_group.py
[2024-06-17T23:43:39.665+0000] {processor.py:830} INFO - Processing file /home/airflow/.local/lib/python3.12/site-packages/airflow/example_dags/example_task_group.py for tasks to queue
[2024-06-17T23:43:39.668+0000] {logging_mixin.py:188} INFO - [2024-06-17T23:43:39.668+0000] {dagbag.py:545} INFO - Filling up the DagBag from /home/airflow/.local/lib/python3.12/site-packages/airflow/example_dags/example_task_group.py
[2024-06-17T23:43:39.680+0000] {processor.py:840} INFO - DAG(s) 'example_task_group' retrieved from /home/airflow/.local/lib/python3.12/site-packages/airflow/example_dags/example_task_group.py
[2024-06-17T23:43:39.710+0000] {logging_mixin.py:188} INFO - [2024-06-17T23:43:39.710+0000] {dag.py:3096} INFO - Sync 1 DAGs
[2024-06-17T23:43:39.745+0000] {logging_mixin.py:188} INFO - [2024-06-17T23:43:39.744+0000] {dag.py:3954} INFO - Setting next_dagrun for example_task_group to 2024-06-16 00:00:00+00:00, run_after=2024-06-17 00:00:00+00:00
[2024-06-17T23:43:39.770+0000] {processor.py:183} INFO - Processing /home/airflow/.local/lib/python3.12/site-packages/airflow/example_dags/example_task_group.py took 0.115 seconds
[2024-06-17T23:44:10.074+0000] {processor.py:161} INFO - Started process (PID=676) to work on /home/airflow/.local/lib/python3.12/site-packages/airflow/example_dags/example_task_group.py
[2024-06-17T23:44:10.076+0000] {processor.py:830} INFO - Processing file /home/airflow/.local/lib/python3.12/site-packages/airflow/example_dags/example_task_group.py for tasks to queue
[2024-06-17T23:44:10.080+0000] {logging_mixin.py:188} INFO - [2024-06-17T23:44:10.079+0000] {dagbag.py:545} INFO - Filling up the DagBag from /home/airflow/.local/lib/python3.12/site-packages/airflow/example_dags/example_task_group.py
[2024-06-17T23:44:10.095+0000] {processor.py:840} INFO - DAG(s) 'example_task_group' retrieved from /home/airflow/.local/lib/python3.12/site-packages/airflow/example_dags/example_task_group.py
[2024-06-17T23:44:10.134+0000] {logging_mixin.py:188} INFO - [2024-06-17T23:44:10.134+0000] {dag.py:3096} INFO - Sync 1 DAGs
[2024-06-17T23:44:10.176+0000] {logging_mixin.py:188} INFO - [2024-06-17T23:44:10.175+0000] {dag.py:3954} INFO - Setting next_dagrun for example_task_group to 2024-06-16 00:00:00+00:00, run_after=2024-06-17 00:00:00+00:00
[2024-06-17T23:44:10.209+0000] {processor.py:183} INFO - Processing /home/airflow/.local/lib/python3.12/site-packages/airflow/example_dags/example_task_group.py took 0.146 seconds
[2024-06-17T23:44:41.127+0000] {processor.py:161} INFO - Started process (PID=736) to work on /home/airflow/.local/lib/python3.12/site-packages/airflow/example_dags/example_task_group.py
[2024-06-17T23:44:41.129+0000] {processor.py:830} INFO - Processing file /home/airflow/.local/lib/python3.12/site-packages/airflow/example_dags/example_task_group.py for tasks to queue
[2024-06-17T23:44:41.131+0000] {logging_mixin.py:188} INFO - [2024-06-17T23:44:41.131+0000] {dagbag.py:545} INFO - Filling up the DagBag from /home/airflow/.local/lib/python3.12/site-packages/airflow/example_dags/example_task_group.py
[2024-06-17T23:44:41.140+0000] {processor.py:840} INFO - DAG(s) 'example_task_group' retrieved from /home/airflow/.local/lib/python3.12/site-packages/airflow/example_dags/example_task_group.py
[2024-06-17T23:44:41.168+0000] {logging_mixin.py:188} INFO - [2024-06-17T23:44:41.167+0000] {dag.py:3096} INFO - Sync 1 DAGs
[2024-06-17T23:44:41.202+0000] {logging_mixin.py:188} INFO - [2024-06-17T23:44:41.201+0000] {dag.py:3954} INFO - Setting next_dagrun for example_task_group to 2024-06-16 00:00:00+00:00, run_after=2024-06-17 00:00:00+00:00
[2024-06-17T23:44:41.228+0000] {processor.py:183} INFO - Processing /home/airflow/.local/lib/python3.12/site-packages/airflow/example_dags/example_task_group.py took 0.107 seconds
[2024-06-17T23:45:12.148+0000] {processor.py:161} INFO - Started process (PID=796) to work on /home/airflow/.local/lib/python3.12/site-packages/airflow/example_dags/example_task_group.py
[2024-06-17T23:45:12.149+0000] {processor.py:830} INFO - Processing file /home/airflow/.local/lib/python3.12/site-packages/airflow/example_dags/example_task_group.py for tasks to queue
[2024-06-17T23:45:12.152+0000] {logging_mixin.py:188} INFO - [2024-06-17T23:45:12.151+0000] {dagbag.py:545} INFO - Filling up the DagBag from /home/airflow/.local/lib/python3.12/site-packages/airflow/example_dags/example_task_group.py
[2024-06-17T23:45:12.161+0000] {processor.py:840} INFO - DAG(s) 'example_task_group' retrieved from /home/airflow/.local/lib/python3.12/site-packages/airflow/example_dags/example_task_group.py
[2024-06-17T23:45:12.190+0000] {logging_mixin.py:188} INFO - [2024-06-17T23:45:12.189+0000] {dag.py:3096} INFO - Sync 1 DAGs
[2024-06-17T23:45:12.227+0000] {logging_mixin.py:188} INFO - [2024-06-17T23:45:12.227+0000] {dag.py:3954} INFO - Setting next_dagrun for example_task_group to 2024-06-16 00:00:00+00:00, run_after=2024-06-17 00:00:00+00:00
[2024-06-17T23:45:12.261+0000] {processor.py:183} INFO - Processing /home/airflow/.local/lib/python3.12/site-packages/airflow/example_dags/example_task_group.py took 0.120 seconds
[2024-06-17T23:45:42.561+0000] {processor.py:161} INFO - Started process (PID=856) to work on /home/airflow/.local/lib/python3.12/site-packages/airflow/example_dags/example_task_group.py
[2024-06-17T23:45:42.563+0000] {processor.py:830} INFO - Processing file /home/airflow/.local/lib/python3.12/site-packages/airflow/example_dags/example_task_group.py for tasks to queue
[2024-06-17T23:45:42.566+0000] {logging_mixin.py:188} INFO - [2024-06-17T23:45:42.565+0000] {dagbag.py:545} INFO - Filling up the DagBag from /home/airflow/.local/lib/python3.12/site-packages/airflow/example_dags/example_task_group.py
[2024-06-17T23:45:42.575+0000] {processor.py:840} INFO - DAG(s) 'example_task_group' retrieved from /home/airflow/.local/lib/python3.12/site-packages/airflow/example_dags/example_task_group.py
[2024-06-17T23:45:42.603+0000] {logging_mixin.py:188} INFO - [2024-06-17T23:45:42.603+0000] {dag.py:3096} INFO - Sync 1 DAGs
[2024-06-17T23:45:42.635+0000] {logging_mixin.py:188} INFO - [2024-06-17T23:45:42.635+0000] {dag.py:3954} INFO - Setting next_dagrun for example_task_group to 2024-06-16 00:00:00+00:00, run_after=2024-06-17 00:00:00+00:00
[2024-06-17T23:45:42.664+0000] {processor.py:183} INFO - Processing /home/airflow/.local/lib/python3.12/site-packages/airflow/example_dags/example_task_group.py took 0.112 seconds
[2024-06-17T23:46:14.063+0000] {processor.py:161} INFO - Started process (PID=916) to work on /home/airflow/.local/lib/python3.12/site-packages/airflow/example_dags/example_task_group.py
[2024-06-17T23:46:14.064+0000] {processor.py:830} INFO - Processing file /home/airflow/.local/lib/python3.12/site-packages/airflow/example_dags/example_task_group.py for tasks to queue
[2024-06-17T23:46:14.067+0000] {logging_mixin.py:188} INFO - [2024-06-17T23:46:14.066+0000] {dagbag.py:545} INFO - Filling up the DagBag from /home/airflow/.local/lib/python3.12/site-packages/airflow/example_dags/example_task_group.py
[2024-06-17T23:46:14.076+0000] {processor.py:840} INFO - DAG(s) 'example_task_group' retrieved from /home/airflow/.local/lib/python3.12/site-packages/airflow/example_dags/example_task_group.py
[2024-06-17T23:46:14.106+0000] {logging_mixin.py:188} INFO - [2024-06-17T23:46:14.105+0000] {dag.py:3096} INFO - Sync 1 DAGs
[2024-06-17T23:46:14.134+0000] {logging_mixin.py:188} INFO - [2024-06-17T23:46:14.134+0000] {dag.py:3954} INFO - Setting next_dagrun for example_task_group to 2024-06-16 00:00:00+00:00, run_after=2024-06-17 00:00:00+00:00
[2024-06-17T23:46:14.159+0000] {processor.py:183} INFO - Processing /home/airflow/.local/lib/python3.12/site-packages/airflow/example_dags/example_task_group.py took 0.104 seconds
[2024-06-17T23:46:45.298+0000] {processor.py:161} INFO - Started process (PID=976) to work on /home/airflow/.local/lib/python3.12/site-packages/airflow/example_dags/example_task_group.py
[2024-06-17T23:46:45.300+0000] {processor.py:830} INFO - Processing file /home/airflow/.local/lib/python3.12/site-packages/airflow/example_dags/example_task_group.py for tasks to queue
[2024-06-17T23:46:45.302+0000] {logging_mixin.py:188} INFO - [2024-06-17T23:46:45.302+0000] {dagbag.py:545} INFO - Filling up the DagBag from /home/airflow/.local/lib/python3.12/site-packages/airflow/example_dags/example_task_group.py
[2024-06-17T23:46:45.312+0000] {processor.py:840} INFO - DAG(s) 'example_task_group' retrieved from /home/airflow/.local/lib/python3.12/site-packages/airflow/example_dags/example_task_group.py
[2024-06-17T23:46:45.339+0000] {logging_mixin.py:188} INFO - [2024-06-17T23:46:45.338+0000] {dag.py:3096} INFO - Sync 1 DAGs
[2024-06-17T23:46:45.366+0000] {logging_mixin.py:188} INFO - [2024-06-17T23:46:45.366+0000] {dag.py:3954} INFO - Setting next_dagrun for example_task_group to 2024-06-16 00:00:00+00:00, run_after=2024-06-17 00:00:00+00:00
[2024-06-17T23:46:45.394+0000] {processor.py:183} INFO - Processing /home/airflow/.local/lib/python3.12/site-packages/airflow/example_dags/example_task_group.py took 0.103 seconds
[2024-06-17T23:47:16.469+0000] {processor.py:161} INFO - Started process (PID=1036) to work on /home/airflow/.local/lib/python3.12/site-packages/airflow/example_dags/example_task_group.py
[2024-06-17T23:47:16.470+0000] {processor.py:830} INFO - Processing file /home/airflow/.local/lib/python3.12/site-packages/airflow/example_dags/example_task_group.py for tasks to queue
[2024-06-17T23:47:16.473+0000] {logging_mixin.py:188} INFO - [2024-06-17T23:47:16.473+0000] {dagbag.py:545} INFO - Filling up the DagBag from /home/airflow/.local/lib/python3.12/site-packages/airflow/example_dags/example_task_group.py
[2024-06-17T23:47:16.483+0000] {processor.py:840} INFO - DAG(s) 'example_task_group' retrieved from /home/airflow/.local/lib/python3.12/site-packages/airflow/example_dags/example_task_group.py
[2024-06-17T23:47:16.507+0000] {logging_mixin.py:188} INFO - [2024-06-17T23:47:16.506+0000] {dag.py:3096} INFO - Sync 1 DAGs
[2024-06-17T23:47:16.531+0000] {logging_mixin.py:188} INFO - [2024-06-17T23:47:16.531+0000] {dag.py:3954} INFO - Setting next_dagrun for example_task_group to 2024-06-16 00:00:00+00:00, run_after=2024-06-17 00:00:00+00:00
[2024-06-17T23:47:16.553+0000] {processor.py:183} INFO - Processing /home/airflow/.local/lib/python3.12/site-packages/airflow/example_dags/example_task_group.py took 0.091 seconds
[2024-06-17T23:47:47.386+0000] {processor.py:161} INFO - Started process (PID=1096) to work on /home/airflow/.local/lib/python3.12/site-packages/airflow/example_dags/example_task_group.py
[2024-06-17T23:47:47.387+0000] {processor.py:830} INFO - Processing file /home/airflow/.local/lib/python3.12/site-packages/airflow/example_dags/example_task_group.py for tasks to queue
[2024-06-17T23:47:47.390+0000] {logging_mixin.py:188} INFO - [2024-06-17T23:47:47.389+0000] {dagbag.py:545} INFO - Filling up the DagBag from /home/airflow/.local/lib/python3.12/site-packages/airflow/example_dags/example_task_group.py
[2024-06-17T23:47:47.398+0000] {processor.py:840} INFO - DAG(s) 'example_task_group' retrieved from /home/airflow/.local/lib/python3.12/site-packages/airflow/example_dags/example_task_group.py
[2024-06-17T23:47:47.423+0000] {logging_mixin.py:188} INFO - [2024-06-17T23:47:47.423+0000] {dag.py:3096} INFO - Sync 1 DAGs
[2024-06-17T23:47:47.457+0000] {logging_mixin.py:188} INFO - [2024-06-17T23:47:47.456+0000] {dag.py:3954} INFO - Setting next_dagrun for example_task_group to 2024-06-16 00:00:00+00:00, run_after=2024-06-17 00:00:00+00:00
[2024-06-17T23:47:47.489+0000] {processor.py:183} INFO - Processing /home/airflow/.local/lib/python3.12/site-packages/airflow/example_dags/example_task_group.py took 0.109 seconds
[2024-06-17T23:48:17.831+0000] {processor.py:161} INFO - Started process (PID=1156) to work on /home/airflow/.local/lib/python3.12/site-packages/airflow/example_dags/example_task_group.py
[2024-06-17T23:48:17.832+0000] {processor.py:830} INFO - Processing file /home/airflow/.local/lib/python3.12/site-packages/airflow/example_dags/example_task_group.py for tasks to queue
[2024-06-17T23:48:17.835+0000] {logging_mixin.py:188} INFO - [2024-06-17T23:48:17.834+0000] {dagbag.py:545} INFO - Filling up the DagBag from /home/airflow/.local/lib/python3.12/site-packages/airflow/example_dags/example_task_group.py
[2024-06-17T23:48:17.844+0000] {processor.py:840} INFO - DAG(s) 'example_task_group' retrieved from /home/airflow/.local/lib/python3.12/site-packages/airflow/example_dags/example_task_group.py
[2024-06-17T23:48:17.871+0000] {logging_mixin.py:188} INFO - [2024-06-17T23:48:17.870+0000] {dag.py:3096} INFO - Sync 1 DAGs
[2024-06-17T23:48:17.900+0000] {logging_mixin.py:188} INFO - [2024-06-17T23:48:17.900+0000] {dag.py:3954} INFO - Setting next_dagrun for example_task_group to 2024-06-16 00:00:00+00:00, run_after=2024-06-17 00:00:00+00:00
[2024-06-17T23:48:17.929+0000] {processor.py:183} INFO - Processing /home/airflow/.local/lib/python3.12/site-packages/airflow/example_dags/example_task_group.py took 0.105 seconds
[2024-06-17T23:48:48.224+0000] {processor.py:161} INFO - Started process (PID=1214) to work on /home/airflow/.local/lib/python3.12/site-packages/airflow/example_dags/example_task_group.py
[2024-06-17T23:48:48.225+0000] {processor.py:830} INFO - Processing file /home/airflow/.local/lib/python3.12/site-packages/airflow/example_dags/example_task_group.py for tasks to queue
[2024-06-17T23:48:48.228+0000] {logging_mixin.py:188} INFO - [2024-06-17T23:48:48.227+0000] {dagbag.py:545} INFO - Filling up the DagBag from /home/airflow/.local/lib/python3.12/site-packages/airflow/example_dags/example_task_group.py
[2024-06-17T23:48:48.236+0000] {processor.py:840} INFO - DAG(s) 'example_task_group' retrieved from /home/airflow/.local/lib/python3.12/site-packages/airflow/example_dags/example_task_group.py
[2024-06-17T23:48:48.259+0000] {logging_mixin.py:188} INFO - [2024-06-17T23:48:48.259+0000] {dag.py:3096} INFO - Sync 1 DAGs
[2024-06-17T23:48:48.284+0000] {logging_mixin.py:188} INFO - [2024-06-17T23:48:48.283+0000] {dag.py:3954} INFO - Setting next_dagrun for example_task_group to 2024-06-16 00:00:00+00:00, run_after=2024-06-17 00:00:00+00:00
[2024-06-17T23:48:48.310+0000] {processor.py:183} INFO - Processing /home/airflow/.local/lib/python3.12/site-packages/airflow/example_dags/example_task_group.py took 0.092 seconds
[2024-06-17T23:49:18.934+0000] {processor.py:161} INFO - Started process (PID=1274) to work on /home/airflow/.local/lib/python3.12/site-packages/airflow/example_dags/example_task_group.py
[2024-06-17T23:49:18.935+0000] {processor.py:830} INFO - Processing file /home/airflow/.local/lib/python3.12/site-packages/airflow/example_dags/example_task_group.py for tasks to queue
[2024-06-17T23:49:18.939+0000] {logging_mixin.py:188} INFO - [2024-06-17T23:49:18.938+0000] {dagbag.py:545} INFO - Filling up the DagBag from /home/airflow/.local/lib/python3.12/site-packages/airflow/example_dags/example_task_group.py
[2024-06-17T23:49:18.952+0000] {processor.py:840} INFO - DAG(s) 'example_task_group' retrieved from /home/airflow/.local/lib/python3.12/site-packages/airflow/example_dags/example_task_group.py
[2024-06-17T23:49:18.989+0000] {logging_mixin.py:188} INFO - [2024-06-17T23:49:18.988+0000] {dag.py:3096} INFO - Sync 1 DAGs
[2024-06-17T23:49:19.024+0000] {logging_mixin.py:188} INFO - [2024-06-17T23:49:19.023+0000] {dag.py:3954} INFO - Setting next_dagrun for example_task_group to 2024-06-16 00:00:00+00:00, run_after=2024-06-17 00:00:00+00:00
[2024-06-17T23:49:19.053+0000] {processor.py:183} INFO - Processing /home/airflow/.local/lib/python3.12/site-packages/airflow/example_dags/example_task_group.py took 0.129 seconds
[2024-06-17T23:49:49.131+0000] {processor.py:161} INFO - Started process (PID=1333) to work on /home/airflow/.local/lib/python3.12/site-packages/airflow/example_dags/example_task_group.py
[2024-06-17T23:49:49.132+0000] {processor.py:830} INFO - Processing file /home/airflow/.local/lib/python3.12/site-packages/airflow/example_dags/example_task_group.py for tasks to queue
[2024-06-17T23:49:49.135+0000] {logging_mixin.py:188} INFO - [2024-06-17T23:49:49.135+0000] {dagbag.py:545} INFO - Filling up the DagBag from /home/airflow/.local/lib/python3.12/site-packages/airflow/example_dags/example_task_group.py
[2024-06-17T23:49:49.146+0000] {processor.py:840} INFO - DAG(s) 'example_task_group' retrieved from /home/airflow/.local/lib/python3.12/site-packages/airflow/example_dags/example_task_group.py
[2024-06-17T23:49:49.171+0000] {logging_mixin.py:188} INFO - [2024-06-17T23:49:49.171+0000] {dag.py:3096} INFO - Sync 1 DAGs
[2024-06-17T23:49:49.196+0000] {logging_mixin.py:188} INFO - [2024-06-17T23:49:49.196+0000] {dag.py:3954} INFO - Setting next_dagrun for example_task_group to 2024-06-16 00:00:00+00:00, run_after=2024-06-17 00:00:00+00:00
[2024-06-17T23:49:49.217+0000] {processor.py:183} INFO - Processing /home/airflow/.local/lib/python3.12/site-packages/airflow/example_dags/example_task_group.py took 0.092 seconds
[2024-06-17T23:50:19.390+0000] {processor.py:161} INFO - Started process (PID=1393) to work on /home/airflow/.local/lib/python3.12/site-packages/airflow/example_dags/example_task_group.py
[2024-06-17T23:50:19.391+0000] {processor.py:830} INFO - Processing file /home/airflow/.local/lib/python3.12/site-packages/airflow/example_dags/example_task_group.py for tasks to queue
[2024-06-17T23:50:19.393+0000] {logging_mixin.py:188} INFO - [2024-06-17T23:50:19.393+0000] {dagbag.py:545} INFO - Filling up the DagBag from /home/airflow/.local/lib/python3.12/site-packages/airflow/example_dags/example_task_group.py
[2024-06-17T23:50:19.401+0000] {processor.py:840} INFO - DAG(s) 'example_task_group' retrieved from /home/airflow/.local/lib/python3.12/site-packages/airflow/example_dags/example_task_group.py
[2024-06-17T23:50:19.424+0000] {logging_mixin.py:188} INFO - [2024-06-17T23:50:19.424+0000] {dag.py:3096} INFO - Sync 1 DAGs
[2024-06-17T23:50:19.447+0000] {logging_mixin.py:188} INFO - [2024-06-17T23:50:19.447+0000] {dag.py:3954} INFO - Setting next_dagrun for example_task_group to 2024-06-16 00:00:00+00:00, run_after=2024-06-17 00:00:00+00:00
[2024-06-17T23:50:19.468+0000] {processor.py:183} INFO - Processing /home/airflow/.local/lib/python3.12/site-packages/airflow/example_dags/example_task_group.py took 0.085 seconds
[2024-06-17T23:50:50.050+0000] {processor.py:161} INFO - Started process (PID=1453) to work on /home/airflow/.local/lib/python3.12/site-packages/airflow/example_dags/example_task_group.py
[2024-06-17T23:50:50.051+0000] {processor.py:830} INFO - Processing file /home/airflow/.local/lib/python3.12/site-packages/airflow/example_dags/example_task_group.py for tasks to queue
[2024-06-17T23:50:50.053+0000] {logging_mixin.py:188} INFO - [2024-06-17T23:50:50.053+0000] {dagbag.py:545} INFO - Filling up the DagBag from /home/airflow/.local/lib/python3.12/site-packages/airflow/example_dags/example_task_group.py
[2024-06-17T23:50:50.062+0000] {processor.py:840} INFO - DAG(s) 'example_task_group' retrieved from /home/airflow/.local/lib/python3.12/site-packages/airflow/example_dags/example_task_group.py
[2024-06-17T23:50:50.086+0000] {logging_mixin.py:188} INFO - [2024-06-17T23:50:50.085+0000] {dag.py:3096} INFO - Sync 1 DAGs
[2024-06-17T23:50:50.111+0000] {logging_mixin.py:188} INFO - [2024-06-17T23:50:50.111+0000] {dag.py:3954} INFO - Setting next_dagrun for example_task_group to 2024-06-16 00:00:00+00:00, run_after=2024-06-17 00:00:00+00:00
[2024-06-17T23:50:50.138+0000] {processor.py:183} INFO - Processing /home/airflow/.local/lib/python3.12/site-packages/airflow/example_dags/example_task_group.py took 0.094 seconds
[2024-06-17T23:51:20.421+0000] {processor.py:161} INFO - Started process (PID=1513) to work on /home/airflow/.local/lib/python3.12/site-packages/airflow/example_dags/example_task_group.py
[2024-06-17T23:51:20.422+0000] {processor.py:830} INFO - Processing file /home/airflow/.local/lib/python3.12/site-packages/airflow/example_dags/example_task_group.py for tasks to queue
[2024-06-17T23:51:20.424+0000] {logging_mixin.py:188} INFO - [2024-06-17T23:51:20.424+0000] {dagbag.py:545} INFO - Filling up the DagBag from /home/airflow/.local/lib/python3.12/site-packages/airflow/example_dags/example_task_group.py
[2024-06-17T23:51:20.432+0000] {processor.py:840} INFO - DAG(s) 'example_task_group' retrieved from /home/airflow/.local/lib/python3.12/site-packages/airflow/example_dags/example_task_group.py
[2024-06-17T23:51:20.454+0000] {logging_mixin.py:188} INFO - [2024-06-17T23:51:20.453+0000] {dag.py:3096} INFO - Sync 1 DAGs
[2024-06-17T23:51:20.475+0000] {logging_mixin.py:188} INFO - [2024-06-17T23:51:20.475+0000] {dag.py:3954} INFO - Setting next_dagrun for example_task_group to 2024-06-16 00:00:00+00:00, run_after=2024-06-17 00:00:00+00:00
[2024-06-17T23:51:20.494+0000] {processor.py:183} INFO - Processing /home/airflow/.local/lib/python3.12/site-packages/airflow/example_dags/example_task_group.py took 0.079 seconds
[2024-06-17T23:51:51.373+0000] {processor.py:161} INFO - Started process (PID=1573) to work on /home/airflow/.local/lib/python3.12/site-packages/airflow/example_dags/example_task_group.py
[2024-06-17T23:51:51.374+0000] {processor.py:830} INFO - Processing file /home/airflow/.local/lib/python3.12/site-packages/airflow/example_dags/example_task_group.py for tasks to queue
[2024-06-17T23:51:51.377+0000] {logging_mixin.py:188} INFO - [2024-06-17T23:51:51.376+0000] {dagbag.py:545} INFO - Filling up the DagBag from /home/airflow/.local/lib/python3.12/site-packages/airflow/example_dags/example_task_group.py
[2024-06-17T23:51:51.385+0000] {processor.py:840} INFO - DAG(s) 'example_task_group' retrieved from /home/airflow/.local/lib/python3.12/site-packages/airflow/example_dags/example_task_group.py
[2024-06-17T23:51:51.406+0000] {logging_mixin.py:188} INFO - [2024-06-17T23:51:51.405+0000] {dag.py:3096} INFO - Sync 1 DAGs
[2024-06-17T23:51:51.555+0000] {logging_mixin.py:188} INFO - [2024-06-17T23:51:51.554+0000] {dag.py:3954} INFO - Setting next_dagrun for example_task_group to 2024-06-16 00:00:00+00:00, run_after=2024-06-17 00:00:00+00:00
[2024-06-17T23:51:51.577+0000] {processor.py:183} INFO - Processing /home/airflow/.local/lib/python3.12/site-packages/airflow/example_dags/example_task_group.py took 0.209 seconds
[2024-06-17T23:52:22.552+0000] {processor.py:161} INFO - Started process (PID=1633) to work on /home/airflow/.local/lib/python3.12/site-packages/airflow/example_dags/example_task_group.py
[2024-06-17T23:52:22.553+0000] {processor.py:830} INFO - Processing file /home/airflow/.local/lib/python3.12/site-packages/airflow/example_dags/example_task_group.py for tasks to queue
[2024-06-17T23:52:22.556+0000] {logging_mixin.py:188} INFO - [2024-06-17T23:52:22.555+0000] {dagbag.py:545} INFO - Filling up the DagBag from /home/airflow/.local/lib/python3.12/site-packages/airflow/example_dags/example_task_group.py
[2024-06-17T23:52:22.567+0000] {processor.py:840} INFO - DAG(s) 'example_task_group' retrieved from /home/airflow/.local/lib/python3.12/site-packages/airflow/example_dags/example_task_group.py
[2024-06-17T23:52:22.603+0000] {logging_mixin.py:188} INFO - [2024-06-17T23:52:22.603+0000] {dag.py:3096} INFO - Sync 1 DAGs
[2024-06-17T23:52:22.639+0000] {logging_mixin.py:188} INFO - [2024-06-17T23:52:22.638+0000] {dag.py:3954} INFO - Setting next_dagrun for example_task_group to 2024-06-16 00:00:00+00:00, run_after=2024-06-17 00:00:00+00:00
[2024-06-17T23:52:22.673+0000] {processor.py:183} INFO - Processing /home/airflow/.local/lib/python3.12/site-packages/airflow/example_dags/example_task_group.py took 0.128 seconds
[2024-06-17T23:52:52.922+0000] {processor.py:161} INFO - Started process (PID=1693) to work on /home/airflow/.local/lib/python3.12/site-packages/airflow/example_dags/example_task_group.py
[2024-06-17T23:52:52.923+0000] {processor.py:830} INFO - Processing file /home/airflow/.local/lib/python3.12/site-packages/airflow/example_dags/example_task_group.py for tasks to queue
[2024-06-17T23:52:52.926+0000] {logging_mixin.py:188} INFO - [2024-06-17T23:52:52.925+0000] {dagbag.py:545} INFO - Filling up the DagBag from /home/airflow/.local/lib/python3.12/site-packages/airflow/example_dags/example_task_group.py
[2024-06-17T23:52:52.936+0000] {processor.py:840} INFO - DAG(s) 'example_task_group' retrieved from /home/airflow/.local/lib/python3.12/site-packages/airflow/example_dags/example_task_group.py
[2024-06-17T23:52:52.962+0000] {logging_mixin.py:188} INFO - [2024-06-17T23:52:52.962+0000] {dag.py:3096} INFO - Sync 1 DAGs
[2024-06-17T23:52:52.990+0000] {logging_mixin.py:188} INFO - [2024-06-17T23:52:52.990+0000] {dag.py:3954} INFO - Setting next_dagrun for example_task_group to 2024-06-16 00:00:00+00:00, run_after=2024-06-17 00:00:00+00:00
[2024-06-17T23:52:53.017+0000] {processor.py:183} INFO - Processing /home/airflow/.local/lib/python3.12/site-packages/airflow/example_dags/example_task_group.py took 0.102 seconds
[2024-06-17T23:53:23.506+0000] {processor.py:161} INFO - Started process (PID=1753) to work on /home/airflow/.local/lib/python3.12/site-packages/airflow/example_dags/example_task_group.py
[2024-06-17T23:53:23.507+0000] {processor.py:830} INFO - Processing file /home/airflow/.local/lib/python3.12/site-packages/airflow/example_dags/example_task_group.py for tasks to queue
[2024-06-17T23:53:23.510+0000] {logging_mixin.py:188} INFO - [2024-06-17T23:53:23.510+0000] {dagbag.py:545} INFO - Filling up the DagBag from /home/airflow/.local/lib/python3.12/site-packages/airflow/example_dags/example_task_group.py
[2024-06-17T23:53:23.519+0000] {processor.py:840} INFO - DAG(s) 'example_task_group' retrieved from /home/airflow/.local/lib/python3.12/site-packages/airflow/example_dags/example_task_group.py
[2024-06-17T23:53:23.545+0000] {logging_mixin.py:188} INFO - [2024-06-17T23:53:23.545+0000] {dag.py:3096} INFO - Sync 1 DAGs
[2024-06-17T23:53:23.570+0000] {logging_mixin.py:188} INFO - [2024-06-17T23:53:23.570+0000] {dag.py:3954} INFO - Setting next_dagrun for example_task_group to 2024-06-16 00:00:00+00:00, run_after=2024-06-17 00:00:00+00:00
[2024-06-17T23:53:23.593+0000] {processor.py:183} INFO - Processing /home/airflow/.local/lib/python3.12/site-packages/airflow/example_dags/example_task_group.py took 0.098 seconds
[2024-06-17T23:53:54.019+0000] {processor.py:161} INFO - Started process (PID=1813) to work on /home/airflow/.local/lib/python3.12/site-packages/airflow/example_dags/example_task_group.py
[2024-06-17T23:53:54.021+0000] {processor.py:830} INFO - Processing file /home/airflow/.local/lib/python3.12/site-packages/airflow/example_dags/example_task_group.py for tasks to queue
[2024-06-17T23:53:54.023+0000] {logging_mixin.py:188} INFO - [2024-06-17T23:53:54.023+0000] {dagbag.py:545} INFO - Filling up the DagBag from /home/airflow/.local/lib/python3.12/site-packages/airflow/example_dags/example_task_group.py
[2024-06-17T23:53:54.032+0000] {processor.py:840} INFO - DAG(s) 'example_task_group' retrieved from /home/airflow/.local/lib/python3.12/site-packages/airflow/example_dags/example_task_group.py
[2024-06-17T23:53:54.059+0000] {logging_mixin.py:188} INFO - [2024-06-17T23:53:54.059+0000] {dag.py:3096} INFO - Sync 1 DAGs
[2024-06-17T23:53:54.087+0000] {logging_mixin.py:188} INFO - [2024-06-17T23:53:54.087+0000] {dag.py:3954} INFO - Setting next_dagrun for example_task_group to 2024-06-16 00:00:00+00:00, run_after=2024-06-17 00:00:00+00:00
[2024-06-17T23:53:54.111+0000] {processor.py:183} INFO - Processing /home/airflow/.local/lib/python3.12/site-packages/airflow/example_dags/example_task_group.py took 0.098 seconds
[2024-06-17T23:54:24.183+0000] {processor.py:161} INFO - Started process (PID=1872) to work on /home/airflow/.local/lib/python3.12/site-packages/airflow/example_dags/example_task_group.py
[2024-06-17T23:54:24.184+0000] {processor.py:830} INFO - Processing file /home/airflow/.local/lib/python3.12/site-packages/airflow/example_dags/example_task_group.py for tasks to queue
[2024-06-17T23:54:24.186+0000] {logging_mixin.py:188} INFO - [2024-06-17T23:54:24.186+0000] {dagbag.py:545} INFO - Filling up the DagBag from /home/airflow/.local/lib/python3.12/site-packages/airflow/example_dags/example_task_group.py
[2024-06-17T23:54:24.194+0000] {processor.py:840} INFO - DAG(s) 'example_task_group' retrieved from /home/airflow/.local/lib/python3.12/site-packages/airflow/example_dags/example_task_group.py
[2024-06-17T23:54:24.223+0000] {logging_mixin.py:188} INFO - [2024-06-17T23:54:24.222+0000] {dag.py:3096} INFO - Sync 1 DAGs
[2024-06-17T23:54:24.247+0000] {logging_mixin.py:188} INFO - [2024-06-17T23:54:24.247+0000] {dag.py:3954} INFO - Setting next_dagrun for example_task_group to 2024-06-16 00:00:00+00:00, run_after=2024-06-17 00:00:00+00:00
[2024-06-17T23:54:24.271+0000] {processor.py:183} INFO - Processing /home/airflow/.local/lib/python3.12/site-packages/airflow/example_dags/example_task_group.py took 0.095 seconds
[2024-06-17T23:54:54.503+0000] {processor.py:161} INFO - Started process (PID=1931) to work on /home/airflow/.local/lib/python3.12/site-packages/airflow/example_dags/example_task_group.py
[2024-06-17T23:54:54.504+0000] {processor.py:830} INFO - Processing file /home/airflow/.local/lib/python3.12/site-packages/airflow/example_dags/example_task_group.py for tasks to queue
[2024-06-17T23:54:54.507+0000] {logging_mixin.py:188} INFO - [2024-06-17T23:54:54.507+0000] {dagbag.py:545} INFO - Filling up the DagBag from /home/airflow/.local/lib/python3.12/site-packages/airflow/example_dags/example_task_group.py
[2024-06-17T23:54:54.515+0000] {processor.py:840} INFO - DAG(s) 'example_task_group' retrieved from /home/airflow/.local/lib/python3.12/site-packages/airflow/example_dags/example_task_group.py
[2024-06-17T23:54:54.540+0000] {logging_mixin.py:188} INFO - [2024-06-17T23:54:54.540+0000] {dag.py:3096} INFO - Sync 1 DAGs
[2024-06-17T23:54:54.563+0000] {logging_mixin.py:188} INFO - [2024-06-17T23:54:54.562+0000] {dag.py:3954} INFO - Setting next_dagrun for example_task_group to 2024-06-16 00:00:00+00:00, run_after=2024-06-17 00:00:00+00:00
[2024-06-17T23:54:54.584+0000] {processor.py:183} INFO - Processing /home/airflow/.local/lib/python3.12/site-packages/airflow/example_dags/example_task_group.py took 0.086 seconds
[2024-06-17T23:55:24.994+0000] {processor.py:161} INFO - Started process (PID=1991) to work on /home/airflow/.local/lib/python3.12/site-packages/airflow/example_dags/example_task_group.py
[2024-06-17T23:55:24.996+0000] {processor.py:830} INFO - Processing file /home/airflow/.local/lib/python3.12/site-packages/airflow/example_dags/example_task_group.py for tasks to queue
[2024-06-17T23:55:24.999+0000] {logging_mixin.py:188} INFO - [2024-06-17T23:55:24.998+0000] {dagbag.py:545} INFO - Filling up the DagBag from /home/airflow/.local/lib/python3.12/site-packages/airflow/example_dags/example_task_group.py
[2024-06-17T23:55:25.010+0000] {processor.py:840} INFO - DAG(s) 'example_task_group' retrieved from /home/airflow/.local/lib/python3.12/site-packages/airflow/example_dags/example_task_group.py
[2024-06-17T23:55:25.048+0000] {logging_mixin.py:188} INFO - [2024-06-17T23:55:25.047+0000] {dag.py:3096} INFO - Sync 1 DAGs
[2024-06-17T23:55:25.075+0000] {logging_mixin.py:188} INFO - [2024-06-17T23:55:25.075+0000] {dag.py:3954} INFO - Setting next_dagrun for example_task_group to 2024-06-16 00:00:00+00:00, run_after=2024-06-17 00:00:00+00:00
[2024-06-17T23:55:25.103+0000] {processor.py:183} INFO - Processing /home/airflow/.local/lib/python3.12/site-packages/airflow/example_dags/example_task_group.py took 0.118 seconds
[2024-06-17T23:55:55.517+0000] {processor.py:161} INFO - Started process (PID=2051) to work on /home/airflow/.local/lib/python3.12/site-packages/airflow/example_dags/example_task_group.py
[2024-06-17T23:55:55.519+0000] {processor.py:830} INFO - Processing file /home/airflow/.local/lib/python3.12/site-packages/airflow/example_dags/example_task_group.py for tasks to queue
[2024-06-17T23:55:55.522+0000] {logging_mixin.py:188} INFO - [2024-06-17T23:55:55.521+0000] {dagbag.py:545} INFO - Filling up the DagBag from /home/airflow/.local/lib/python3.12/site-packages/airflow/example_dags/example_task_group.py
[2024-06-17T23:55:55.532+0000] {processor.py:840} INFO - DAG(s) 'example_task_group' retrieved from /home/airflow/.local/lib/python3.12/site-packages/airflow/example_dags/example_task_group.py
[2024-06-17T23:55:55.561+0000] {logging_mixin.py:188} INFO - [2024-06-17T23:55:55.561+0000] {dag.py:3096} INFO - Sync 1 DAGs
[2024-06-17T23:55:55.585+0000] {logging_mixin.py:188} INFO - [2024-06-17T23:55:55.585+0000] {dag.py:3954} INFO - Setting next_dagrun for example_task_group to 2024-06-16 00:00:00+00:00, run_after=2024-06-17 00:00:00+00:00
[2024-06-17T23:55:55.611+0000] {processor.py:183} INFO - Processing /home/airflow/.local/lib/python3.12/site-packages/airflow/example_dags/example_task_group.py took 0.101 seconds
[2024-06-17T23:56:25.921+0000] {processor.py:161} INFO - Started process (PID=2111) to work on /home/airflow/.local/lib/python3.12/site-packages/airflow/example_dags/example_task_group.py
[2024-06-17T23:56:25.922+0000] {processor.py:830} INFO - Processing file /home/airflow/.local/lib/python3.12/site-packages/airflow/example_dags/example_task_group.py for tasks to queue
[2024-06-17T23:56:25.925+0000] {logging_mixin.py:188} INFO - [2024-06-17T23:56:25.925+0000] {dagbag.py:545} INFO - Filling up the DagBag from /home/airflow/.local/lib/python3.12/site-packages/airflow/example_dags/example_task_group.py
[2024-06-17T23:56:25.937+0000] {processor.py:840} INFO - DAG(s) 'example_task_group' retrieved from /home/airflow/.local/lib/python3.12/site-packages/airflow/example_dags/example_task_group.py
[2024-06-17T23:56:25.976+0000] {logging_mixin.py:188} INFO - [2024-06-17T23:56:25.975+0000] {dag.py:3096} INFO - Sync 1 DAGs
[2024-06-17T23:56:26.008+0000] {logging_mixin.py:188} INFO - [2024-06-17T23:56:26.008+0000] {dag.py:3954} INFO - Setting next_dagrun for example_task_group to 2024-06-16 00:00:00+00:00, run_after=2024-06-17 00:00:00+00:00
[2024-06-17T23:56:26.054+0000] {processor.py:183} INFO - Processing /home/airflow/.local/lib/python3.12/site-packages/airflow/example_dags/example_task_group.py took 0.141 seconds
[2024-06-17T23:56:56.883+0000] {processor.py:161} INFO - Started process (PID=2171) to work on /home/airflow/.local/lib/python3.12/site-packages/airflow/example_dags/example_task_group.py
[2024-06-17T23:56:56.884+0000] {processor.py:830} INFO - Processing file /home/airflow/.local/lib/python3.12/site-packages/airflow/example_dags/example_task_group.py for tasks to queue
[2024-06-17T23:56:56.887+0000] {logging_mixin.py:188} INFO - [2024-06-17T23:56:56.886+0000] {dagbag.py:545} INFO - Filling up the DagBag from /home/airflow/.local/lib/python3.12/site-packages/airflow/example_dags/example_task_group.py
[2024-06-17T23:56:56.896+0000] {processor.py:840} INFO - DAG(s) 'example_task_group' retrieved from /home/airflow/.local/lib/python3.12/site-packages/airflow/example_dags/example_task_group.py
[2024-06-17T23:56:56.920+0000] {logging_mixin.py:188} INFO - [2024-06-17T23:56:56.920+0000] {dag.py:3096} INFO - Sync 1 DAGs
[2024-06-17T23:56:56.943+0000] {logging_mixin.py:188} INFO - [2024-06-17T23:56:56.942+0000] {dag.py:3954} INFO - Setting next_dagrun for example_task_group to 2024-06-16 00:00:00+00:00, run_after=2024-06-17 00:00:00+00:00
[2024-06-17T23:56:56.966+0000] {processor.py:183} INFO - Processing /home/airflow/.local/lib/python3.12/site-packages/airflow/example_dags/example_task_group.py took 0.091 seconds
[2024-06-17T23:57:27.382+0000] {processor.py:161} INFO - Started process (PID=2231) to work on /home/airflow/.local/lib/python3.12/site-packages/airflow/example_dags/example_task_group.py
[2024-06-17T23:57:27.383+0000] {processor.py:830} INFO - Processing file /home/airflow/.local/lib/python3.12/site-packages/airflow/example_dags/example_task_group.py for tasks to queue
[2024-06-17T23:57:27.386+0000] {logging_mixin.py:188} INFO - [2024-06-17T23:57:27.386+0000] {dagbag.py:545} INFO - Filling up the DagBag from /home/airflow/.local/lib/python3.12/site-packages/airflow/example_dags/example_task_group.py
[2024-06-17T23:57:27.397+0000] {processor.py:840} INFO - DAG(s) 'example_task_group' retrieved from /home/airflow/.local/lib/python3.12/site-packages/airflow/example_dags/example_task_group.py
[2024-06-17T23:57:27.430+0000] {logging_mixin.py:188} INFO - [2024-06-17T23:57:27.429+0000] {dag.py:3096} INFO - Sync 1 DAGs
[2024-06-17T23:57:27.462+0000] {logging_mixin.py:188} INFO - [2024-06-17T23:57:27.462+0000] {dag.py:3954} INFO - Setting next_dagrun for example_task_group to 2024-06-16 00:00:00+00:00, run_after=2024-06-17 00:00:00+00:00
[2024-06-17T23:57:27.496+0000] {processor.py:183} INFO - Processing /home/airflow/.local/lib/python3.12/site-packages/airflow/example_dags/example_task_group.py took 0.122 seconds
[2024-06-17T23:57:57.733+0000] {processor.py:161} INFO - Started process (PID=2294) to work on /home/airflow/.local/lib/python3.12/site-packages/airflow/example_dags/example_task_group.py
[2024-06-17T23:57:57.734+0000] {processor.py:830} INFO - Processing file /home/airflow/.local/lib/python3.12/site-packages/airflow/example_dags/example_task_group.py for tasks to queue
[2024-06-17T23:57:57.736+0000] {logging_mixin.py:188} INFO - [2024-06-17T23:57:57.736+0000] {dagbag.py:545} INFO - Filling up the DagBag from /home/airflow/.local/lib/python3.12/site-packages/airflow/example_dags/example_task_group.py
[2024-06-17T23:57:57.744+0000] {processor.py:840} INFO - DAG(s) 'example_task_group' retrieved from /home/airflow/.local/lib/python3.12/site-packages/airflow/example_dags/example_task_group.py
[2024-06-17T23:57:57.768+0000] {logging_mixin.py:188} INFO - [2024-06-17T23:57:57.768+0000] {dag.py:3096} INFO - Sync 1 DAGs
[2024-06-17T23:57:57.791+0000] {logging_mixin.py:188} INFO - [2024-06-17T23:57:57.791+0000] {dag.py:3954} INFO - Setting next_dagrun for example_task_group to 2024-06-16 00:00:00+00:00, run_after=2024-06-17 00:00:00+00:00
[2024-06-17T23:57:57.817+0000] {processor.py:183} INFO - Processing /home/airflow/.local/lib/python3.12/site-packages/airflow/example_dags/example_task_group.py took 0.090 seconds
[2024-06-17T23:58:28.069+0000] {processor.py:161} INFO - Started process (PID=2354) to work on /home/airflow/.local/lib/python3.12/site-packages/airflow/example_dags/example_task_group.py
[2024-06-17T23:58:28.070+0000] {processor.py:830} INFO - Processing file /home/airflow/.local/lib/python3.12/site-packages/airflow/example_dags/example_task_group.py for tasks to queue
[2024-06-17T23:58:28.073+0000] {logging_mixin.py:188} INFO - [2024-06-17T23:58:28.072+0000] {dagbag.py:545} INFO - Filling up the DagBag from /home/airflow/.local/lib/python3.12/site-packages/airflow/example_dags/example_task_group.py
[2024-06-17T23:58:28.083+0000] {processor.py:840} INFO - DAG(s) 'example_task_group' retrieved from /home/airflow/.local/lib/python3.12/site-packages/airflow/example_dags/example_task_group.py
[2024-06-17T23:58:28.123+0000] {logging_mixin.py:188} INFO - [2024-06-17T23:58:28.122+0000] {dag.py:3096} INFO - Sync 1 DAGs
[2024-06-17T23:58:28.171+0000] {logging_mixin.py:188} INFO - [2024-06-17T23:58:28.171+0000] {dag.py:3954} INFO - Setting next_dagrun for example_task_group to 2024-06-16 00:00:00+00:00, run_after=2024-06-17 00:00:00+00:00
[2024-06-17T23:58:28.195+0000] {processor.py:183} INFO - Processing /home/airflow/.local/lib/python3.12/site-packages/airflow/example_dags/example_task_group.py took 0.135 seconds
[2024-06-17T23:58:58.236+0000] {processor.py:161} INFO - Started process (PID=2412) to work on /home/airflow/.local/lib/python3.12/site-packages/airflow/example_dags/example_task_group.py
[2024-06-17T23:58:58.237+0000] {processor.py:830} INFO - Processing file /home/airflow/.local/lib/python3.12/site-packages/airflow/example_dags/example_task_group.py for tasks to queue
[2024-06-17T23:58:58.240+0000] {logging_mixin.py:188} INFO - [2024-06-17T23:58:58.239+0000] {dagbag.py:545} INFO - Filling up the DagBag from /home/airflow/.local/lib/python3.12/site-packages/airflow/example_dags/example_task_group.py
[2024-06-17T23:58:58.247+0000] {processor.py:840} INFO - DAG(s) 'example_task_group' retrieved from /home/airflow/.local/lib/python3.12/site-packages/airflow/example_dags/example_task_group.py
[2024-06-17T23:58:58.270+0000] {logging_mixin.py:188} INFO - [2024-06-17T23:58:58.270+0000] {dag.py:3096} INFO - Sync 1 DAGs
[2024-06-17T23:58:58.292+0000] {logging_mixin.py:188} INFO - [2024-06-17T23:58:58.292+0000] {dag.py:3954} INFO - Setting next_dagrun for example_task_group to 2024-06-16 00:00:00+00:00, run_after=2024-06-17 00:00:00+00:00
[2024-06-17T23:58:58.315+0000] {processor.py:183} INFO - Processing /home/airflow/.local/lib/python3.12/site-packages/airflow/example_dags/example_task_group.py took 0.085 seconds
[2024-06-17T23:59:28.528+0000] {processor.py:161} INFO - Started process (PID=2472) to work on /home/airflow/.local/lib/python3.12/site-packages/airflow/example_dags/example_task_group.py
[2024-06-17T23:59:28.529+0000] {processor.py:830} INFO - Processing file /home/airflow/.local/lib/python3.12/site-packages/airflow/example_dags/example_task_group.py for tasks to queue
[2024-06-17T23:59:28.532+0000] {logging_mixin.py:188} INFO - [2024-06-17T23:59:28.532+0000] {dagbag.py:545} INFO - Filling up the DagBag from /home/airflow/.local/lib/python3.12/site-packages/airflow/example_dags/example_task_group.py
[2024-06-17T23:59:28.541+0000] {processor.py:840} INFO - DAG(s) 'example_task_group' retrieved from /home/airflow/.local/lib/python3.12/site-packages/airflow/example_dags/example_task_group.py
[2024-06-17T23:59:28.564+0000] {logging_mixin.py:188} INFO - [2024-06-17T23:59:28.564+0000] {dag.py:3096} INFO - Sync 1 DAGs
[2024-06-17T23:59:28.589+0000] {logging_mixin.py:188} INFO - [2024-06-17T23:59:28.589+0000] {dag.py:3954} INFO - Setting next_dagrun for example_task_group to 2024-06-16 00:00:00+00:00, run_after=2024-06-17 00:00:00+00:00
[2024-06-17T23:59:28.611+0000] {processor.py:183} INFO - Processing /home/airflow/.local/lib/python3.12/site-packages/airflow/example_dags/example_task_group.py took 0.090 seconds
[2024-06-17T23:59:59.242+0000] {processor.py:161} INFO - Started process (PID=2532) to work on /home/airflow/.local/lib/python3.12/site-packages/airflow/example_dags/example_task_group.py
[2024-06-17T23:59:59.243+0000] {processor.py:830} INFO - Processing file /home/airflow/.local/lib/python3.12/site-packages/airflow/example_dags/example_task_group.py for tasks to queue
[2024-06-17T23:59:59.247+0000] {logging_mixin.py:188} INFO - [2024-06-17T23:59:59.246+0000] {dagbag.py:545} INFO - Filling up the DagBag from /home/airflow/.local/lib/python3.12/site-packages/airflow/example_dags/example_task_group.py
[2024-06-17T23:59:59.259+0000] {processor.py:840} INFO - DAG(s) 'example_task_group' retrieved from /home/airflow/.local/lib/python3.12/site-packages/airflow/example_dags/example_task_group.py
[2024-06-17T23:59:59.293+0000] {logging_mixin.py:188} INFO - [2024-06-17T23:59:59.293+0000] {dag.py:3096} INFO - Sync 1 DAGs
[2024-06-17T23:59:59.331+0000] {logging_mixin.py:188} INFO - [2024-06-17T23:59:59.330+0000] {dag.py:3954} INFO - Setting next_dagrun for example_task_group to 2024-06-16 00:00:00+00:00, run_after=2024-06-17 00:00:00+00:00
[2024-06-17T23:59:59.371+0000] {processor.py:183} INFO - Processing /home/airflow/.local/lib/python3.12/site-packages/airflow/example_dags/example_task_group.py took 0.139 seconds
