[2024-06-17T23:29:02.195+0000] {processor.py:161} INFO - Started process (PID=53) to work on /home/airflow/.local/lib/python3.12/site-packages/airflow/example_dags/example_branch_operator.py
[2024-06-17T23:29:02.197+0000] {processor.py:830} INFO - Processing file /home/airflow/.local/lib/python3.12/site-packages/airflow/example_dags/example_branch_operator.py for tasks to queue
[2024-06-17T23:29:02.202+0000] {logging_mixin.py:188} INFO - [2024-06-17T23:29:02.201+0000] {dagbag.py:545} INFO - Filling up the DagBag from /home/airflow/.local/lib/python3.12/site-packages/airflow/example_dags/example_branch_operator.py
[2024-06-17T23:29:02.242+0000] {processor.py:840} INFO - DAG(s) 'example_branch_operator' retrieved from /home/airflow/.local/lib/python3.12/site-packages/airflow/example_dags/example_branch_operator.py
[2024-06-17T23:29:02.417+0000] {logging_mixin.py:188} INFO - [2024-06-17T23:29:02.416+0000] {dag.py:3096} INFO - Sync 1 DAGs
[2024-06-17T23:29:02.453+0000] {logging_mixin.py:188} INFO - [2024-06-17T23:29:02.452+0000] {dag.py:3954} INFO - Setting next_dagrun for example_branch_operator to 2024-06-16 00:00:00+00:00, run_after=2024-06-17 00:00:00+00:00
[2024-06-17T23:29:02.486+0000] {processor.py:183} INFO - Processing /home/airflow/.local/lib/python3.12/site-packages/airflow/example_dags/example_branch_operator.py took 0.305 seconds
[2024-06-17T23:29:33.243+0000] {processor.py:161} INFO - Started process (PID=126) to work on /home/airflow/.local/lib/python3.12/site-packages/airflow/example_dags/example_branch_operator.py
[2024-06-17T23:29:33.244+0000] {processor.py:830} INFO - Processing file /home/airflow/.local/lib/python3.12/site-packages/airflow/example_dags/example_branch_operator.py for tasks to queue
[2024-06-17T23:29:33.247+0000] {logging_mixin.py:188} INFO - [2024-06-17T23:29:33.247+0000] {dagbag.py:545} INFO - Filling up the DagBag from /home/airflow/.local/lib/python3.12/site-packages/airflow/example_dags/example_branch_operator.py
[2024-06-17T23:29:33.267+0000] {processor.py:840} INFO - DAG(s) 'example_branch_operator' retrieved from /home/airflow/.local/lib/python3.12/site-packages/airflow/example_dags/example_branch_operator.py
[2024-06-17T23:29:33.298+0000] {logging_mixin.py:188} INFO - [2024-06-17T23:29:33.298+0000] {dag.py:3096} INFO - Sync 1 DAGs
[2024-06-17T23:29:33.326+0000] {logging_mixin.py:188} INFO - [2024-06-17T23:29:33.326+0000] {dag.py:3954} INFO - Setting next_dagrun for example_branch_operator to 2024-06-16 00:00:00+00:00, run_after=2024-06-17 00:00:00+00:00
[2024-06-17T23:29:33.352+0000] {processor.py:183} INFO - Processing /home/airflow/.local/lib/python3.12/site-packages/airflow/example_dags/example_branch_operator.py took 0.115 seconds
[2024-06-17T23:30:05.490+0000] {processor.py:161} INFO - Started process (PID=256) to work on /home/airflow/.local/lib/python3.12/site-packages/airflow/example_dags/example_branch_operator.py
[2024-06-17T23:30:05.495+0000] {processor.py:830} INFO - Processing file /home/airflow/.local/lib/python3.12/site-packages/airflow/example_dags/example_branch_operator.py for tasks to queue
[2024-06-17T23:30:05.505+0000] {logging_mixin.py:188} INFO - [2024-06-17T23:30:05.504+0000] {dagbag.py:545} INFO - Filling up the DagBag from /home/airflow/.local/lib/python3.12/site-packages/airflow/example_dags/example_branch_operator.py
[2024-06-17T23:30:05.554+0000] {processor.py:840} INFO - DAG(s) 'example_branch_operator' retrieved from /home/airflow/.local/lib/python3.12/site-packages/airflow/example_dags/example_branch_operator.py
[2024-06-17T23:30:05.633+0000] {logging_mixin.py:188} INFO - [2024-06-17T23:30:05.632+0000] {dag.py:3096} INFO - Sync 1 DAGs
[2024-06-17T23:30:05.693+0000] {logging_mixin.py:188} INFO - [2024-06-17T23:30:05.693+0000] {dag.py:3954} INFO - Setting next_dagrun for example_branch_operator to 2024-06-16 00:00:00+00:00, run_after=2024-06-17 00:00:00+00:00
[2024-06-17T23:30:05.785+0000] {processor.py:183} INFO - Processing /home/airflow/.local/lib/python3.12/site-packages/airflow/example_dags/example_branch_operator.py took 0.321 seconds
[2024-06-17T23:30:35.858+0000] {processor.py:161} INFO - Started process (PID=353) to work on /home/airflow/.local/lib/python3.12/site-packages/airflow/example_dags/example_branch_operator.py
[2024-06-17T23:30:35.860+0000] {processor.py:830} INFO - Processing file /home/airflow/.local/lib/python3.12/site-packages/airflow/example_dags/example_branch_operator.py for tasks to queue
[2024-06-17T23:30:35.864+0000] {logging_mixin.py:188} INFO - [2024-06-17T23:30:35.863+0000] {dagbag.py:545} INFO - Filling up the DagBag from /home/airflow/.local/lib/python3.12/site-packages/airflow/example_dags/example_branch_operator.py
[2024-06-17T23:30:35.893+0000] {processor.py:840} INFO - DAG(s) 'example_branch_operator' retrieved from /home/airflow/.local/lib/python3.12/site-packages/airflow/example_dags/example_branch_operator.py
[2024-06-17T23:30:35.945+0000] {logging_mixin.py:188} INFO - [2024-06-17T23:30:35.945+0000] {dag.py:3096} INFO - Sync 1 DAGs
[2024-06-17T23:30:35.976+0000] {logging_mixin.py:188} INFO - [2024-06-17T23:30:35.975+0000] {dag.py:3954} INFO - Setting next_dagrun for example_branch_operator to 2024-06-16 00:00:00+00:00, run_after=2024-06-17 00:00:00+00:00
[2024-06-17T23:30:35.999+0000] {processor.py:183} INFO - Processing /home/airflow/.local/lib/python3.12/site-packages/airflow/example_dags/example_branch_operator.py took 0.150 seconds
[2024-06-17T23:31:07.791+0000] {processor.py:161} INFO - Started process (PID=469) to work on /home/airflow/.local/lib/python3.12/site-packages/airflow/example_dags/example_branch_operator.py
[2024-06-17T23:31:07.794+0000] {processor.py:830} INFO - Processing file /home/airflow/.local/lib/python3.12/site-packages/airflow/example_dags/example_branch_operator.py for tasks to queue
[2024-06-17T23:31:07.800+0000] {logging_mixin.py:188} INFO - [2024-06-17T23:31:07.799+0000] {dagbag.py:545} INFO - Filling up the DagBag from /home/airflow/.local/lib/python3.12/site-packages/airflow/example_dags/example_branch_operator.py
[2024-06-17T23:31:07.849+0000] {processor.py:840} INFO - DAG(s) 'example_branch_operator' retrieved from /home/airflow/.local/lib/python3.12/site-packages/airflow/example_dags/example_branch_operator.py
[2024-06-17T23:31:07.928+0000] {logging_mixin.py:188} INFO - [2024-06-17T23:31:07.928+0000] {dag.py:3096} INFO - Sync 1 DAGs
[2024-06-17T23:31:07.988+0000] {logging_mixin.py:188} INFO - [2024-06-17T23:31:07.987+0000] {dag.py:3954} INFO - Setting next_dagrun for example_branch_operator to 2024-06-16 00:00:00+00:00, run_after=2024-06-17 00:00:00+00:00
[2024-06-17T23:31:08.040+0000] {processor.py:183} INFO - Processing /home/airflow/.local/lib/python3.12/site-packages/airflow/example_dags/example_branch_operator.py took 0.264 seconds
[2024-06-17T23:31:39.190+0000] {processor.py:161} INFO - Started process (PID=551) to work on /home/airflow/.local/lib/python3.12/site-packages/airflow/example_dags/example_branch_operator.py
[2024-06-17T23:31:39.192+0000] {processor.py:830} INFO - Processing file /home/airflow/.local/lib/python3.12/site-packages/airflow/example_dags/example_branch_operator.py for tasks to queue
[2024-06-17T23:31:39.199+0000] {logging_mixin.py:188} INFO - [2024-06-17T23:31:39.198+0000] {dagbag.py:545} INFO - Filling up the DagBag from /home/airflow/.local/lib/python3.12/site-packages/airflow/example_dags/example_branch_operator.py
[2024-06-17T23:31:39.258+0000] {processor.py:840} INFO - DAG(s) 'example_branch_operator' retrieved from /home/airflow/.local/lib/python3.12/site-packages/airflow/example_dags/example_branch_operator.py
[2024-06-17T23:31:39.429+0000] {logging_mixin.py:188} INFO - [2024-06-17T23:31:39.428+0000] {dag.py:3096} INFO - Sync 1 DAGs
[2024-06-17T23:31:39.533+0000] {logging_mixin.py:188} INFO - [2024-06-17T23:31:39.532+0000] {dag.py:3954} INFO - Setting next_dagrun for example_branch_operator to 2024-06-16 00:00:00+00:00, run_after=2024-06-17 00:00:00+00:00
[2024-06-17T23:31:39.632+0000] {processor.py:183} INFO - Processing /home/airflow/.local/lib/python3.12/site-packages/airflow/example_dags/example_branch_operator.py took 0.479 seconds
[2024-06-17T23:32:09.816+0000] {processor.py:161} INFO - Started process (PID=654) to work on /home/airflow/.local/lib/python3.12/site-packages/airflow/example_dags/example_branch_operator.py
[2024-06-17T23:32:09.825+0000] {processor.py:830} INFO - Processing file /home/airflow/.local/lib/python3.12/site-packages/airflow/example_dags/example_branch_operator.py for tasks to queue
[2024-06-17T23:32:09.833+0000] {logging_mixin.py:188} INFO - [2024-06-17T23:32:09.832+0000] {dagbag.py:545} INFO - Filling up the DagBag from /home/airflow/.local/lib/python3.12/site-packages/airflow/example_dags/example_branch_operator.py
[2024-06-17T23:32:09.907+0000] {processor.py:840} INFO - DAG(s) 'example_branch_operator' retrieved from /home/airflow/.local/lib/python3.12/site-packages/airflow/example_dags/example_branch_operator.py
[2024-06-17T23:32:10.015+0000] {logging_mixin.py:188} INFO - [2024-06-17T23:32:10.014+0000] {dag.py:3096} INFO - Sync 1 DAGs
[2024-06-17T23:32:10.078+0000] {logging_mixin.py:188} INFO - [2024-06-17T23:32:10.077+0000] {dag.py:3954} INFO - Setting next_dagrun for example_branch_operator to 2024-06-16 00:00:00+00:00, run_after=2024-06-17 00:00:00+00:00
[2024-06-17T23:32:10.127+0000] {processor.py:183} INFO - Processing /home/airflow/.local/lib/python3.12/site-packages/airflow/example_dags/example_branch_operator.py took 0.331 seconds
[2024-06-17T23:32:40.894+0000] {processor.py:161} INFO - Started process (PID=714) to work on /home/airflow/.local/lib/python3.12/site-packages/airflow/example_dags/example_branch_operator.py
[2024-06-17T23:32:40.895+0000] {processor.py:830} INFO - Processing file /home/airflow/.local/lib/python3.12/site-packages/airflow/example_dags/example_branch_operator.py for tasks to queue
[2024-06-17T23:32:40.901+0000] {logging_mixin.py:188} INFO - [2024-06-17T23:32:40.901+0000] {dagbag.py:545} INFO - Filling up the DagBag from /home/airflow/.local/lib/python3.12/site-packages/airflow/example_dags/example_branch_operator.py
[2024-06-17T23:32:40.929+0000] {processor.py:840} INFO - DAG(s) 'example_branch_operator' retrieved from /home/airflow/.local/lib/python3.12/site-packages/airflow/example_dags/example_branch_operator.py
[2024-06-17T23:32:40.966+0000] {logging_mixin.py:188} INFO - [2024-06-17T23:32:40.965+0000] {dag.py:3096} INFO - Sync 1 DAGs
[2024-06-17T23:32:40.992+0000] {logging_mixin.py:188} INFO - [2024-06-17T23:32:40.992+0000] {dag.py:3954} INFO - Setting next_dagrun for example_branch_operator to 2024-06-16 00:00:00+00:00, run_after=2024-06-17 00:00:00+00:00
[2024-06-17T23:32:41.023+0000] {processor.py:183} INFO - Processing /home/airflow/.local/lib/python3.12/site-packages/airflow/example_dags/example_branch_operator.py took 0.137 seconds
[2024-06-17T23:33:11.948+0000] {processor.py:161} INFO - Started process (PID=774) to work on /home/airflow/.local/lib/python3.12/site-packages/airflow/example_dags/example_branch_operator.py
[2024-06-17T23:33:11.949+0000] {processor.py:830} INFO - Processing file /home/airflow/.local/lib/python3.12/site-packages/airflow/example_dags/example_branch_operator.py for tasks to queue
[2024-06-17T23:33:11.952+0000] {logging_mixin.py:188} INFO - [2024-06-17T23:33:11.952+0000] {dagbag.py:545} INFO - Filling up the DagBag from /home/airflow/.local/lib/python3.12/site-packages/airflow/example_dags/example_branch_operator.py
[2024-06-17T23:33:11.978+0000] {processor.py:840} INFO - DAG(s) 'example_branch_operator' retrieved from /home/airflow/.local/lib/python3.12/site-packages/airflow/example_dags/example_branch_operator.py
[2024-06-17T23:33:12.030+0000] {logging_mixin.py:188} INFO - [2024-06-17T23:33:12.030+0000] {dag.py:3096} INFO - Sync 1 DAGs
[2024-06-17T23:33:12.070+0000] {logging_mixin.py:188} INFO - [2024-06-17T23:33:12.070+0000] {dag.py:3954} INFO - Setting next_dagrun for example_branch_operator to 2024-06-16 00:00:00+00:00, run_after=2024-06-17 00:00:00+00:00
[2024-06-17T23:33:12.098+0000] {processor.py:183} INFO - Processing /home/airflow/.local/lib/python3.12/site-packages/airflow/example_dags/example_branch_operator.py took 0.159 seconds
[2024-06-17T23:33:42.959+0000] {processor.py:161} INFO - Started process (PID=840) to work on /home/airflow/.local/lib/python3.12/site-packages/airflow/example_dags/example_branch_operator.py
[2024-06-17T23:33:42.961+0000] {processor.py:830} INFO - Processing file /home/airflow/.local/lib/python3.12/site-packages/airflow/example_dags/example_branch_operator.py for tasks to queue
[2024-06-17T23:33:42.965+0000] {logging_mixin.py:188} INFO - [2024-06-17T23:33:42.964+0000] {dagbag.py:545} INFO - Filling up the DagBag from /home/airflow/.local/lib/python3.12/site-packages/airflow/example_dags/example_branch_operator.py
[2024-06-17T23:33:42.986+0000] {processor.py:840} INFO - DAG(s) 'example_branch_operator' retrieved from /home/airflow/.local/lib/python3.12/site-packages/airflow/example_dags/example_branch_operator.py
[2024-06-17T23:33:43.026+0000] {logging_mixin.py:188} INFO - [2024-06-17T23:33:43.025+0000] {dag.py:3096} INFO - Sync 1 DAGs
[2024-06-17T23:33:43.055+0000] {logging_mixin.py:188} INFO - [2024-06-17T23:33:43.055+0000] {dag.py:3954} INFO - Setting next_dagrun for example_branch_operator to 2024-06-16 00:00:00+00:00, run_after=2024-06-17 00:00:00+00:00
[2024-06-17T23:33:43.084+0000] {processor.py:183} INFO - Processing /home/airflow/.local/lib/python3.12/site-packages/airflow/example_dags/example_branch_operator.py took 0.131 seconds
[2024-06-17T23:34:13.168+0000] {processor.py:161} INFO - Started process (PID=900) to work on /home/airflow/.local/lib/python3.12/site-packages/airflow/example_dags/example_branch_operator.py
[2024-06-17T23:34:13.169+0000] {processor.py:830} INFO - Processing file /home/airflow/.local/lib/python3.12/site-packages/airflow/example_dags/example_branch_operator.py for tasks to queue
[2024-06-17T23:34:13.173+0000] {logging_mixin.py:188} INFO - [2024-06-17T23:34:13.172+0000] {dagbag.py:545} INFO - Filling up the DagBag from /home/airflow/.local/lib/python3.12/site-packages/airflow/example_dags/example_branch_operator.py
[2024-06-17T23:34:13.202+0000] {processor.py:840} INFO - DAG(s) 'example_branch_operator' retrieved from /home/airflow/.local/lib/python3.12/site-packages/airflow/example_dags/example_branch_operator.py
[2024-06-17T23:34:13.242+0000] {logging_mixin.py:188} INFO - [2024-06-17T23:34:13.242+0000] {dag.py:3096} INFO - Sync 1 DAGs
[2024-06-17T23:34:13.276+0000] {logging_mixin.py:188} INFO - [2024-06-17T23:34:13.276+0000] {dag.py:3954} INFO - Setting next_dagrun for example_branch_operator to 2024-06-16 00:00:00+00:00, run_after=2024-06-17 00:00:00+00:00
[2024-06-17T23:34:13.311+0000] {processor.py:183} INFO - Processing /home/airflow/.local/lib/python3.12/site-packages/airflow/example_dags/example_branch_operator.py took 0.152 seconds
[2024-06-17T23:34:43.495+0000] {processor.py:161} INFO - Started process (PID=960) to work on /home/airflow/.local/lib/python3.12/site-packages/airflow/example_dags/example_branch_operator.py
[2024-06-17T23:34:43.496+0000] {processor.py:830} INFO - Processing file /home/airflow/.local/lib/python3.12/site-packages/airflow/example_dags/example_branch_operator.py for tasks to queue
[2024-06-17T23:34:43.499+0000] {logging_mixin.py:188} INFO - [2024-06-17T23:34:43.499+0000] {dagbag.py:545} INFO - Filling up the DagBag from /home/airflow/.local/lib/python3.12/site-packages/airflow/example_dags/example_branch_operator.py
[2024-06-17T23:34:43.521+0000] {processor.py:840} INFO - DAG(s) 'example_branch_operator' retrieved from /home/airflow/.local/lib/python3.12/site-packages/airflow/example_dags/example_branch_operator.py
[2024-06-17T23:34:43.555+0000] {logging_mixin.py:188} INFO - [2024-06-17T23:34:43.554+0000] {dag.py:3096} INFO - Sync 1 DAGs
[2024-06-17T23:34:43.585+0000] {logging_mixin.py:188} INFO - [2024-06-17T23:34:43.584+0000] {dag.py:3954} INFO - Setting next_dagrun for example_branch_operator to 2024-06-16 00:00:00+00:00, run_after=2024-06-17 00:00:00+00:00
[2024-06-17T23:34:43.614+0000] {processor.py:183} INFO - Processing /home/airflow/.local/lib/python3.12/site-packages/airflow/example_dags/example_branch_operator.py took 0.126 seconds
[2024-06-17T23:35:13.804+0000] {processor.py:161} INFO - Started process (PID=1020) to work on /home/airflow/.local/lib/python3.12/site-packages/airflow/example_dags/example_branch_operator.py
[2024-06-17T23:35:13.806+0000] {processor.py:830} INFO - Processing file /home/airflow/.local/lib/python3.12/site-packages/airflow/example_dags/example_branch_operator.py for tasks to queue
[2024-06-17T23:35:13.810+0000] {logging_mixin.py:188} INFO - [2024-06-17T23:35:13.809+0000] {dagbag.py:545} INFO - Filling up the DagBag from /home/airflow/.local/lib/python3.12/site-packages/airflow/example_dags/example_branch_operator.py
[2024-06-17T23:35:13.835+0000] {processor.py:840} INFO - DAG(s) 'example_branch_operator' retrieved from /home/airflow/.local/lib/python3.12/site-packages/airflow/example_dags/example_branch_operator.py
[2024-06-17T23:35:13.881+0000] {logging_mixin.py:188} INFO - [2024-06-17T23:35:13.880+0000] {dag.py:3096} INFO - Sync 1 DAGs
[2024-06-17T23:35:13.919+0000] {logging_mixin.py:188} INFO - [2024-06-17T23:35:13.918+0000] {dag.py:3954} INFO - Setting next_dagrun for example_branch_operator to 2024-06-16 00:00:00+00:00, run_after=2024-06-17 00:00:00+00:00
[2024-06-17T23:35:13.947+0000] {processor.py:183} INFO - Processing /home/airflow/.local/lib/python3.12/site-packages/airflow/example_dags/example_branch_operator.py took 0.152 seconds
[2024-06-17T23:35:44.298+0000] {processor.py:161} INFO - Started process (PID=1078) to work on /home/airflow/.local/lib/python3.12/site-packages/airflow/example_dags/example_branch_operator.py
[2024-06-17T23:35:44.300+0000] {processor.py:830} INFO - Processing file /home/airflow/.local/lib/python3.12/site-packages/airflow/example_dags/example_branch_operator.py for tasks to queue
[2024-06-17T23:35:44.305+0000] {logging_mixin.py:188} INFO - [2024-06-17T23:35:44.304+0000] {dagbag.py:545} INFO - Filling up the DagBag from /home/airflow/.local/lib/python3.12/site-packages/airflow/example_dags/example_branch_operator.py
[2024-06-17T23:35:44.339+0000] {processor.py:840} INFO - DAG(s) 'example_branch_operator' retrieved from /home/airflow/.local/lib/python3.12/site-packages/airflow/example_dags/example_branch_operator.py
[2024-06-17T23:35:44.387+0000] {logging_mixin.py:188} INFO - [2024-06-17T23:35:44.386+0000] {dag.py:3096} INFO - Sync 1 DAGs
[2024-06-17T23:35:44.428+0000] {logging_mixin.py:188} INFO - [2024-06-17T23:35:44.427+0000] {dag.py:3954} INFO - Setting next_dagrun for example_branch_operator to 2024-06-16 00:00:00+00:00, run_after=2024-06-17 00:00:00+00:00
[2024-06-17T23:35:44.463+0000] {processor.py:183} INFO - Processing /home/airflow/.local/lib/python3.12/site-packages/airflow/example_dags/example_branch_operator.py took 0.176 seconds
[2024-06-17T23:36:14.827+0000] {processor.py:161} INFO - Started process (PID=1142) to work on /home/airflow/.local/lib/python3.12/site-packages/airflow/example_dags/example_branch_operator.py
[2024-06-17T23:36:14.828+0000] {processor.py:830} INFO - Processing file /home/airflow/.local/lib/python3.12/site-packages/airflow/example_dags/example_branch_operator.py for tasks to queue
[2024-06-17T23:36:14.832+0000] {logging_mixin.py:188} INFO - [2024-06-17T23:36:14.831+0000] {dagbag.py:545} INFO - Filling up the DagBag from /home/airflow/.local/lib/python3.12/site-packages/airflow/example_dags/example_branch_operator.py
[2024-06-17T23:36:14.855+0000] {processor.py:840} INFO - DAG(s) 'example_branch_operator' retrieved from /home/airflow/.local/lib/python3.12/site-packages/airflow/example_dags/example_branch_operator.py
[2024-06-17T23:36:14.897+0000] {logging_mixin.py:188} INFO - [2024-06-17T23:36:14.896+0000] {dag.py:3096} INFO - Sync 1 DAGs
[2024-06-17T23:36:14.932+0000] {logging_mixin.py:188} INFO - [2024-06-17T23:36:14.931+0000] {dag.py:3954} INFO - Setting next_dagrun for example_branch_operator to 2024-06-16 00:00:00+00:00, run_after=2024-06-17 00:00:00+00:00
[2024-06-17T23:36:14.963+0000] {processor.py:183} INFO - Processing /home/airflow/.local/lib/python3.12/site-packages/airflow/example_dags/example_branch_operator.py took 0.145 seconds
[2024-06-17T23:38:59.648+0000] {processor.py:161} INFO - Started process (PID=54) to work on /home/airflow/.local/lib/python3.12/site-packages/airflow/example_dags/example_branch_operator.py
[2024-06-17T23:38:59.649+0000] {processor.py:830} INFO - Processing file /home/airflow/.local/lib/python3.12/site-packages/airflow/example_dags/example_branch_operator.py for tasks to queue
[2024-06-17T23:38:59.652+0000] {logging_mixin.py:188} INFO - [2024-06-17T23:38:59.651+0000] {dagbag.py:545} INFO - Filling up the DagBag from /home/airflow/.local/lib/python3.12/site-packages/airflow/example_dags/example_branch_operator.py
[2024-06-17T23:38:59.677+0000] {processor.py:840} INFO - DAG(s) 'example_branch_operator' retrieved from /home/airflow/.local/lib/python3.12/site-packages/airflow/example_dags/example_branch_operator.py
[2024-06-17T23:38:59.695+0000] {logging_mixin.py:188} INFO - [2024-06-17T23:38:59.694+0000] {dag.py:3096} INFO - Sync 1 DAGs
[2024-06-17T23:38:59.733+0000] {logging_mixin.py:188} INFO - [2024-06-17T23:38:59.732+0000] {dag.py:3954} INFO - Setting next_dagrun for example_branch_operator to 2024-06-16 00:00:00+00:00, run_after=2024-06-17 00:00:00+00:00
[2024-06-17T23:38:59.761+0000] {processor.py:183} INFO - Processing /home/airflow/.local/lib/python3.12/site-packages/airflow/example_dags/example_branch_operator.py took 0.120 seconds
[2024-06-17T23:39:31.323+0000] {processor.py:161} INFO - Started process (PID=114) to work on /home/airflow/.local/lib/python3.12/site-packages/airflow/example_dags/example_branch_operator.py
[2024-06-17T23:39:31.324+0000] {processor.py:830} INFO - Processing file /home/airflow/.local/lib/python3.12/site-packages/airflow/example_dags/example_branch_operator.py for tasks to queue
[2024-06-17T23:39:31.328+0000] {logging_mixin.py:188} INFO - [2024-06-17T23:39:31.327+0000] {dagbag.py:545} INFO - Filling up the DagBag from /home/airflow/.local/lib/python3.12/site-packages/airflow/example_dags/example_branch_operator.py
[2024-06-17T23:39:31.351+0000] {processor.py:840} INFO - DAG(s) 'example_branch_operator' retrieved from /home/airflow/.local/lib/python3.12/site-packages/airflow/example_dags/example_branch_operator.py
[2024-06-17T23:39:31.466+0000] {logging_mixin.py:188} INFO - [2024-06-17T23:39:31.465+0000] {dag.py:3096} INFO - Sync 1 DAGs
[2024-06-17T23:39:31.490+0000] {logging_mixin.py:188} INFO - [2024-06-17T23:39:31.490+0000] {dag.py:3954} INFO - Setting next_dagrun for example_branch_operator to 2024-06-16 00:00:00+00:00, run_after=2024-06-17 00:00:00+00:00
[2024-06-17T23:39:31.511+0000] {processor.py:183} INFO - Processing /home/airflow/.local/lib/python3.12/site-packages/airflow/example_dags/example_branch_operator.py took 0.197 seconds
[2024-06-17T23:40:01.603+0000] {processor.py:161} INFO - Started process (PID=174) to work on /home/airflow/.local/lib/python3.12/site-packages/airflow/example_dags/example_branch_operator.py
[2024-06-17T23:40:01.604+0000] {processor.py:830} INFO - Processing file /home/airflow/.local/lib/python3.12/site-packages/airflow/example_dags/example_branch_operator.py for tasks to queue
[2024-06-17T23:40:01.607+0000] {logging_mixin.py:188} INFO - [2024-06-17T23:40:01.606+0000] {dagbag.py:545} INFO - Filling up the DagBag from /home/airflow/.local/lib/python3.12/site-packages/airflow/example_dags/example_branch_operator.py
[2024-06-17T23:40:01.626+0000] {processor.py:840} INFO - DAG(s) 'example_branch_operator' retrieved from /home/airflow/.local/lib/python3.12/site-packages/airflow/example_dags/example_branch_operator.py
[2024-06-17T23:40:01.659+0000] {logging_mixin.py:188} INFO - [2024-06-17T23:40:01.659+0000] {dag.py:3096} INFO - Sync 1 DAGs
[2024-06-17T23:40:01.686+0000] {logging_mixin.py:188} INFO - [2024-06-17T23:40:01.686+0000] {dag.py:3954} INFO - Setting next_dagrun for example_branch_operator to 2024-06-16 00:00:00+00:00, run_after=2024-06-17 00:00:00+00:00
[2024-06-17T23:40:01.711+0000] {processor.py:183} INFO - Processing /home/airflow/.local/lib/python3.12/site-packages/airflow/example_dags/example_branch_operator.py took 0.115 seconds
[2024-06-17T23:40:32.702+0000] {processor.py:161} INFO - Started process (PID=234) to work on /home/airflow/.local/lib/python3.12/site-packages/airflow/example_dags/example_branch_operator.py
[2024-06-17T23:40:32.704+0000] {processor.py:830} INFO - Processing file /home/airflow/.local/lib/python3.12/site-packages/airflow/example_dags/example_branch_operator.py for tasks to queue
[2024-06-17T23:40:32.707+0000] {logging_mixin.py:188} INFO - [2024-06-17T23:40:32.706+0000] {dagbag.py:545} INFO - Filling up the DagBag from /home/airflow/.local/lib/python3.12/site-packages/airflow/example_dags/example_branch_operator.py
[2024-06-17T23:40:32.732+0000] {processor.py:840} INFO - DAG(s) 'example_branch_operator' retrieved from /home/airflow/.local/lib/python3.12/site-packages/airflow/example_dags/example_branch_operator.py
[2024-06-17T23:40:32.771+0000] {logging_mixin.py:188} INFO - [2024-06-17T23:40:32.771+0000] {dag.py:3096} INFO - Sync 1 DAGs
[2024-06-17T23:40:32.801+0000] {logging_mixin.py:188} INFO - [2024-06-17T23:40:32.801+0000] {dag.py:3954} INFO - Setting next_dagrun for example_branch_operator to 2024-06-16 00:00:00+00:00, run_after=2024-06-17 00:00:00+00:00
[2024-06-17T23:40:32.825+0000] {processor.py:183} INFO - Processing /home/airflow/.local/lib/python3.12/site-packages/airflow/example_dags/example_branch_operator.py took 0.131 seconds
[2024-06-17T23:41:03.449+0000] {processor.py:161} INFO - Started process (PID=294) to work on /home/airflow/.local/lib/python3.12/site-packages/airflow/example_dags/example_branch_operator.py
[2024-06-17T23:41:03.450+0000] {processor.py:830} INFO - Processing file /home/airflow/.local/lib/python3.12/site-packages/airflow/example_dags/example_branch_operator.py for tasks to queue
[2024-06-17T23:41:03.453+0000] {logging_mixin.py:188} INFO - [2024-06-17T23:41:03.453+0000] {dagbag.py:545} INFO - Filling up the DagBag from /home/airflow/.local/lib/python3.12/site-packages/airflow/example_dags/example_branch_operator.py
[2024-06-17T23:41:03.474+0000] {processor.py:840} INFO - DAG(s) 'example_branch_operator' retrieved from /home/airflow/.local/lib/python3.12/site-packages/airflow/example_dags/example_branch_operator.py
[2024-06-17T23:41:03.508+0000] {logging_mixin.py:188} INFO - [2024-06-17T23:41:03.508+0000] {dag.py:3096} INFO - Sync 1 DAGs
[2024-06-17T23:41:03.542+0000] {logging_mixin.py:188} INFO - [2024-06-17T23:41:03.541+0000] {dag.py:3954} INFO - Setting next_dagrun for example_branch_operator to 2024-06-16 00:00:00+00:00, run_after=2024-06-17 00:00:00+00:00
[2024-06-17T23:41:03.573+0000] {processor.py:183} INFO - Processing /home/airflow/.local/lib/python3.12/site-packages/airflow/example_dags/example_branch_operator.py took 0.130 seconds
[2024-06-17T23:41:34.583+0000] {processor.py:161} INFO - Started process (PID=354) to work on /home/airflow/.local/lib/python3.12/site-packages/airflow/example_dags/example_branch_operator.py
[2024-06-17T23:41:34.585+0000] {processor.py:830} INFO - Processing file /home/airflow/.local/lib/python3.12/site-packages/airflow/example_dags/example_branch_operator.py for tasks to queue
[2024-06-17T23:41:34.588+0000] {logging_mixin.py:188} INFO - [2024-06-17T23:41:34.587+0000] {dagbag.py:545} INFO - Filling up the DagBag from /home/airflow/.local/lib/python3.12/site-packages/airflow/example_dags/example_branch_operator.py
[2024-06-17T23:41:34.607+0000] {processor.py:840} INFO - DAG(s) 'example_branch_operator' retrieved from /home/airflow/.local/lib/python3.12/site-packages/airflow/example_dags/example_branch_operator.py
[2024-06-17T23:41:34.640+0000] {logging_mixin.py:188} INFO - [2024-06-17T23:41:34.640+0000] {dag.py:3096} INFO - Sync 1 DAGs
[2024-06-17T23:41:34.666+0000] {logging_mixin.py:188} INFO - [2024-06-17T23:41:34.666+0000] {dag.py:3954} INFO - Setting next_dagrun for example_branch_operator to 2024-06-16 00:00:00+00:00, run_after=2024-06-17 00:00:00+00:00
[2024-06-17T23:41:34.687+0000] {processor.py:183} INFO - Processing /home/airflow/.local/lib/python3.12/site-packages/airflow/example_dags/example_branch_operator.py took 0.111 seconds
[2024-06-17T23:42:05.108+0000] {processor.py:161} INFO - Started process (PID=414) to work on /home/airflow/.local/lib/python3.12/site-packages/airflow/example_dags/example_branch_operator.py
[2024-06-17T23:42:05.109+0000] {processor.py:830} INFO - Processing file /home/airflow/.local/lib/python3.12/site-packages/airflow/example_dags/example_branch_operator.py for tasks to queue
[2024-06-17T23:42:05.112+0000] {logging_mixin.py:188} INFO - [2024-06-17T23:42:05.111+0000] {dagbag.py:545} INFO - Filling up the DagBag from /home/airflow/.local/lib/python3.12/site-packages/airflow/example_dags/example_branch_operator.py
[2024-06-17T23:42:05.134+0000] {processor.py:840} INFO - DAG(s) 'example_branch_operator' retrieved from /home/airflow/.local/lib/python3.12/site-packages/airflow/example_dags/example_branch_operator.py
[2024-06-17T23:42:05.164+0000] {logging_mixin.py:188} INFO - [2024-06-17T23:42:05.164+0000] {dag.py:3096} INFO - Sync 1 DAGs
[2024-06-17T23:42:05.191+0000] {logging_mixin.py:188} INFO - [2024-06-17T23:42:05.191+0000] {dag.py:3954} INFO - Setting next_dagrun for example_branch_operator to 2024-06-16 00:00:00+00:00, run_after=2024-06-17 00:00:00+00:00
[2024-06-17T23:42:05.219+0000] {processor.py:183} INFO - Processing /home/airflow/.local/lib/python3.12/site-packages/airflow/example_dags/example_branch_operator.py took 0.118 seconds
[2024-06-17T23:42:35.474+0000] {processor.py:161} INFO - Started process (PID=474) to work on /home/airflow/.local/lib/python3.12/site-packages/airflow/example_dags/example_branch_operator.py
[2024-06-17T23:42:35.475+0000] {processor.py:830} INFO - Processing file /home/airflow/.local/lib/python3.12/site-packages/airflow/example_dags/example_branch_operator.py for tasks to queue
[2024-06-17T23:42:35.478+0000] {logging_mixin.py:188} INFO - [2024-06-17T23:42:35.477+0000] {dagbag.py:545} INFO - Filling up the DagBag from /home/airflow/.local/lib/python3.12/site-packages/airflow/example_dags/example_branch_operator.py
[2024-06-17T23:42:35.496+0000] {processor.py:840} INFO - DAG(s) 'example_branch_operator' retrieved from /home/airflow/.local/lib/python3.12/site-packages/airflow/example_dags/example_branch_operator.py
[2024-06-17T23:42:35.527+0000] {logging_mixin.py:188} INFO - [2024-06-17T23:42:35.527+0000] {dag.py:3096} INFO - Sync 1 DAGs
[2024-06-17T23:42:35.552+0000] {logging_mixin.py:188} INFO - [2024-06-17T23:42:35.552+0000] {dag.py:3954} INFO - Setting next_dagrun for example_branch_operator to 2024-06-16 00:00:00+00:00, run_after=2024-06-17 00:00:00+00:00
[2024-06-17T23:42:35.584+0000] {processor.py:183} INFO - Processing /home/airflow/.local/lib/python3.12/site-packages/airflow/example_dags/example_branch_operator.py took 0.119 seconds
[2024-06-17T23:43:06.596+0000] {processor.py:161} INFO - Started process (PID=533) to work on /home/airflow/.local/lib/python3.12/site-packages/airflow/example_dags/example_branch_operator.py
[2024-06-17T23:43:06.597+0000] {processor.py:830} INFO - Processing file /home/airflow/.local/lib/python3.12/site-packages/airflow/example_dags/example_branch_operator.py for tasks to queue
[2024-06-17T23:43:06.599+0000] {logging_mixin.py:188} INFO - [2024-06-17T23:43:06.599+0000] {dagbag.py:545} INFO - Filling up the DagBag from /home/airflow/.local/lib/python3.12/site-packages/airflow/example_dags/example_branch_operator.py
[2024-06-17T23:43:06.617+0000] {processor.py:840} INFO - DAG(s) 'example_branch_operator' retrieved from /home/airflow/.local/lib/python3.12/site-packages/airflow/example_dags/example_branch_operator.py
[2024-06-17T23:43:06.652+0000] {logging_mixin.py:188} INFO - [2024-06-17T23:43:06.652+0000] {dag.py:3096} INFO - Sync 1 DAGs
[2024-06-17T23:43:06.683+0000] {logging_mixin.py:188} INFO - [2024-06-17T23:43:06.683+0000] {dag.py:3954} INFO - Setting next_dagrun for example_branch_operator to 2024-06-16 00:00:00+00:00, run_after=2024-06-17 00:00:00+00:00
[2024-06-17T23:43:06.707+0000] {processor.py:183} INFO - Processing /home/airflow/.local/lib/python3.12/site-packages/airflow/example_dags/example_branch_operator.py took 0.119 seconds
[2024-06-17T23:43:36.912+0000] {processor.py:161} INFO - Started process (PID=592) to work on /home/airflow/.local/lib/python3.12/site-packages/airflow/example_dags/example_branch_operator.py
[2024-06-17T23:43:36.913+0000] {processor.py:830} INFO - Processing file /home/airflow/.local/lib/python3.12/site-packages/airflow/example_dags/example_branch_operator.py for tasks to queue
[2024-06-17T23:43:36.916+0000] {logging_mixin.py:188} INFO - [2024-06-17T23:43:36.915+0000] {dagbag.py:545} INFO - Filling up the DagBag from /home/airflow/.local/lib/python3.12/site-packages/airflow/example_dags/example_branch_operator.py
[2024-06-17T23:43:36.935+0000] {processor.py:840} INFO - DAG(s) 'example_branch_operator' retrieved from /home/airflow/.local/lib/python3.12/site-packages/airflow/example_dags/example_branch_operator.py
[2024-06-17T23:43:36.970+0000] {logging_mixin.py:188} INFO - [2024-06-17T23:43:36.970+0000] {dag.py:3096} INFO - Sync 1 DAGs
[2024-06-17T23:43:36.997+0000] {logging_mixin.py:188} INFO - [2024-06-17T23:43:36.996+0000] {dag.py:3954} INFO - Setting next_dagrun for example_branch_operator to 2024-06-16 00:00:00+00:00, run_after=2024-06-17 00:00:00+00:00
[2024-06-17T23:43:37.021+0000] {processor.py:183} INFO - Processing /home/airflow/.local/lib/python3.12/site-packages/airflow/example_dags/example_branch_operator.py took 0.117 seconds
[2024-06-17T23:44:07.273+0000] {processor.py:161} INFO - Started process (PID=652) to work on /home/airflow/.local/lib/python3.12/site-packages/airflow/example_dags/example_branch_operator.py
[2024-06-17T23:44:07.275+0000] {processor.py:830} INFO - Processing file /home/airflow/.local/lib/python3.12/site-packages/airflow/example_dags/example_branch_operator.py for tasks to queue
[2024-06-17T23:44:07.277+0000] {logging_mixin.py:188} INFO - [2024-06-17T23:44:07.277+0000] {dagbag.py:545} INFO - Filling up the DagBag from /home/airflow/.local/lib/python3.12/site-packages/airflow/example_dags/example_branch_operator.py
[2024-06-17T23:44:07.297+0000] {processor.py:840} INFO - DAG(s) 'example_branch_operator' retrieved from /home/airflow/.local/lib/python3.12/site-packages/airflow/example_dags/example_branch_operator.py
[2024-06-17T23:44:07.334+0000] {logging_mixin.py:188} INFO - [2024-06-17T23:44:07.333+0000] {dag.py:3096} INFO - Sync 1 DAGs
[2024-06-17T23:44:07.369+0000] {logging_mixin.py:188} INFO - [2024-06-17T23:44:07.368+0000] {dag.py:3954} INFO - Setting next_dagrun for example_branch_operator to 2024-06-16 00:00:00+00:00, run_after=2024-06-17 00:00:00+00:00
[2024-06-17T23:44:07.393+0000] {processor.py:183} INFO - Processing /home/airflow/.local/lib/python3.12/site-packages/airflow/example_dags/example_branch_operator.py took 0.127 seconds
[2024-06-17T23:44:37.596+0000] {processor.py:161} INFO - Started process (PID=712) to work on /home/airflow/.local/lib/python3.12/site-packages/airflow/example_dags/example_branch_operator.py
[2024-06-17T23:44:37.597+0000] {processor.py:830} INFO - Processing file /home/airflow/.local/lib/python3.12/site-packages/airflow/example_dags/example_branch_operator.py for tasks to queue
[2024-06-17T23:44:37.600+0000] {logging_mixin.py:188} INFO - [2024-06-17T23:44:37.599+0000] {dagbag.py:545} INFO - Filling up the DagBag from /home/airflow/.local/lib/python3.12/site-packages/airflow/example_dags/example_branch_operator.py
[2024-06-17T23:44:37.624+0000] {processor.py:840} INFO - DAG(s) 'example_branch_operator' retrieved from /home/airflow/.local/lib/python3.12/site-packages/airflow/example_dags/example_branch_operator.py
[2024-06-17T23:44:37.662+0000] {logging_mixin.py:188} INFO - [2024-06-17T23:44:37.661+0000] {dag.py:3096} INFO - Sync 1 DAGs
[2024-06-17T23:44:37.690+0000] {logging_mixin.py:188} INFO - [2024-06-17T23:44:37.690+0000] {dag.py:3954} INFO - Setting next_dagrun for example_branch_operator to 2024-06-16 00:00:00+00:00, run_after=2024-06-17 00:00:00+00:00
[2024-06-17T23:44:37.719+0000] {processor.py:183} INFO - Processing /home/airflow/.local/lib/python3.12/site-packages/airflow/example_dags/example_branch_operator.py took 0.131 seconds
[2024-06-17T23:45:07.894+0000] {processor.py:161} INFO - Started process (PID=772) to work on /home/airflow/.local/lib/python3.12/site-packages/airflow/example_dags/example_branch_operator.py
[2024-06-17T23:45:07.896+0000] {processor.py:830} INFO - Processing file /home/airflow/.local/lib/python3.12/site-packages/airflow/example_dags/example_branch_operator.py for tasks to queue
[2024-06-17T23:45:07.900+0000] {logging_mixin.py:188} INFO - [2024-06-17T23:45:07.899+0000] {dagbag.py:545} INFO - Filling up the DagBag from /home/airflow/.local/lib/python3.12/site-packages/airflow/example_dags/example_branch_operator.py
[2024-06-17T23:45:07.919+0000] {processor.py:840} INFO - DAG(s) 'example_branch_operator' retrieved from /home/airflow/.local/lib/python3.12/site-packages/airflow/example_dags/example_branch_operator.py
[2024-06-17T23:45:07.958+0000] {logging_mixin.py:188} INFO - [2024-06-17T23:45:07.957+0000] {dag.py:3096} INFO - Sync 1 DAGs
[2024-06-17T23:45:07.985+0000] {logging_mixin.py:188} INFO - [2024-06-17T23:45:07.984+0000] {dag.py:3954} INFO - Setting next_dagrun for example_branch_operator to 2024-06-16 00:00:00+00:00, run_after=2024-06-17 00:00:00+00:00
[2024-06-17T23:45:08.013+0000] {processor.py:183} INFO - Processing /home/airflow/.local/lib/python3.12/site-packages/airflow/example_dags/example_branch_operator.py took 0.129 seconds
[2024-06-17T23:45:38.137+0000] {processor.py:161} INFO - Started process (PID=832) to work on /home/airflow/.local/lib/python3.12/site-packages/airflow/example_dags/example_branch_operator.py
[2024-06-17T23:45:38.139+0000] {processor.py:830} INFO - Processing file /home/airflow/.local/lib/python3.12/site-packages/airflow/example_dags/example_branch_operator.py for tasks to queue
[2024-06-17T23:45:38.141+0000] {logging_mixin.py:188} INFO - [2024-06-17T23:45:38.141+0000] {dagbag.py:545} INFO - Filling up the DagBag from /home/airflow/.local/lib/python3.12/site-packages/airflow/example_dags/example_branch_operator.py
[2024-06-17T23:45:38.160+0000] {processor.py:840} INFO - DAG(s) 'example_branch_operator' retrieved from /home/airflow/.local/lib/python3.12/site-packages/airflow/example_dags/example_branch_operator.py
[2024-06-17T23:45:38.194+0000] {logging_mixin.py:188} INFO - [2024-06-17T23:45:38.193+0000] {dag.py:3096} INFO - Sync 1 DAGs
[2024-06-17T23:45:38.222+0000] {logging_mixin.py:188} INFO - [2024-06-17T23:45:38.222+0000] {dag.py:3954} INFO - Setting next_dagrun for example_branch_operator to 2024-06-16 00:00:00+00:00, run_after=2024-06-17 00:00:00+00:00
[2024-06-17T23:45:38.244+0000] {processor.py:183} INFO - Processing /home/airflow/.local/lib/python3.12/site-packages/airflow/example_dags/example_branch_operator.py took 0.114 seconds
[2024-06-17T23:46:08.313+0000] {processor.py:161} INFO - Started process (PID=892) to work on /home/airflow/.local/lib/python3.12/site-packages/airflow/example_dags/example_branch_operator.py
[2024-06-17T23:46:08.314+0000] {processor.py:830} INFO - Processing file /home/airflow/.local/lib/python3.12/site-packages/airflow/example_dags/example_branch_operator.py for tasks to queue
[2024-06-17T23:46:08.317+0000] {logging_mixin.py:188} INFO - [2024-06-17T23:46:08.317+0000] {dagbag.py:545} INFO - Filling up the DagBag from /home/airflow/.local/lib/python3.12/site-packages/airflow/example_dags/example_branch_operator.py
[2024-06-17T23:46:08.347+0000] {processor.py:840} INFO - DAG(s) 'example_branch_operator' retrieved from /home/airflow/.local/lib/python3.12/site-packages/airflow/example_dags/example_branch_operator.py
[2024-06-17T23:46:08.399+0000] {logging_mixin.py:188} INFO - [2024-06-17T23:46:08.399+0000] {dag.py:3096} INFO - Sync 1 DAGs
[2024-06-17T23:46:08.429+0000] {logging_mixin.py:188} INFO - [2024-06-17T23:46:08.429+0000] {dag.py:3954} INFO - Setting next_dagrun for example_branch_operator to 2024-06-16 00:00:00+00:00, run_after=2024-06-17 00:00:00+00:00
[2024-06-17T23:46:08.461+0000] {processor.py:183} INFO - Processing /home/airflow/.local/lib/python3.12/site-packages/airflow/example_dags/example_branch_operator.py took 0.157 seconds
[2024-06-17T23:46:38.632+0000] {processor.py:161} INFO - Started process (PID=952) to work on /home/airflow/.local/lib/python3.12/site-packages/airflow/example_dags/example_branch_operator.py
[2024-06-17T23:46:38.634+0000] {processor.py:830} INFO - Processing file /home/airflow/.local/lib/python3.12/site-packages/airflow/example_dags/example_branch_operator.py for tasks to queue
[2024-06-17T23:46:38.639+0000] {logging_mixin.py:188} INFO - [2024-06-17T23:46:38.638+0000] {dagbag.py:545} INFO - Filling up the DagBag from /home/airflow/.local/lib/python3.12/site-packages/airflow/example_dags/example_branch_operator.py
[2024-06-17T23:46:38.670+0000] {processor.py:840} INFO - DAG(s) 'example_branch_operator' retrieved from /home/airflow/.local/lib/python3.12/site-packages/airflow/example_dags/example_branch_operator.py
[2024-06-17T23:46:38.716+0000] {logging_mixin.py:188} INFO - [2024-06-17T23:46:38.715+0000] {dag.py:3096} INFO - Sync 1 DAGs
[2024-06-17T23:46:38.754+0000] {logging_mixin.py:188} INFO - [2024-06-17T23:46:38.754+0000] {dag.py:3954} INFO - Setting next_dagrun for example_branch_operator to 2024-06-16 00:00:00+00:00, run_after=2024-06-17 00:00:00+00:00
[2024-06-17T23:46:38.795+0000] {processor.py:183} INFO - Processing /home/airflow/.local/lib/python3.12/site-packages/airflow/example_dags/example_branch_operator.py took 0.174 seconds
[2024-06-17T23:47:09.048+0000] {processor.py:161} INFO - Started process (PID=1012) to work on /home/airflow/.local/lib/python3.12/site-packages/airflow/example_dags/example_branch_operator.py
[2024-06-17T23:47:09.049+0000] {processor.py:830} INFO - Processing file /home/airflow/.local/lib/python3.12/site-packages/airflow/example_dags/example_branch_operator.py for tasks to queue
[2024-06-17T23:47:09.052+0000] {logging_mixin.py:188} INFO - [2024-06-17T23:47:09.052+0000] {dagbag.py:545} INFO - Filling up the DagBag from /home/airflow/.local/lib/python3.12/site-packages/airflow/example_dags/example_branch_operator.py
[2024-06-17T23:47:09.071+0000] {processor.py:840} INFO - DAG(s) 'example_branch_operator' retrieved from /home/airflow/.local/lib/python3.12/site-packages/airflow/example_dags/example_branch_operator.py
[2024-06-17T23:47:09.102+0000] {logging_mixin.py:188} INFO - [2024-06-17T23:47:09.101+0000] {dag.py:3096} INFO - Sync 1 DAGs
[2024-06-17T23:47:09.132+0000] {logging_mixin.py:188} INFO - [2024-06-17T23:47:09.131+0000] {dag.py:3954} INFO - Setting next_dagrun for example_branch_operator to 2024-06-16 00:00:00+00:00, run_after=2024-06-17 00:00:00+00:00
[2024-06-17T23:47:09.160+0000] {processor.py:183} INFO - Processing /home/airflow/.local/lib/python3.12/site-packages/airflow/example_dags/example_branch_operator.py took 0.119 seconds
[2024-06-17T23:47:39.815+0000] {processor.py:161} INFO - Started process (PID=1072) to work on /home/airflow/.local/lib/python3.12/site-packages/airflow/example_dags/example_branch_operator.py
[2024-06-17T23:47:39.816+0000] {processor.py:830} INFO - Processing file /home/airflow/.local/lib/python3.12/site-packages/airflow/example_dags/example_branch_operator.py for tasks to queue
[2024-06-17T23:47:39.818+0000] {logging_mixin.py:188} INFO - [2024-06-17T23:47:39.818+0000] {dagbag.py:545} INFO - Filling up the DagBag from /home/airflow/.local/lib/python3.12/site-packages/airflow/example_dags/example_branch_operator.py
[2024-06-17T23:47:39.837+0000] {processor.py:840} INFO - DAG(s) 'example_branch_operator' retrieved from /home/airflow/.local/lib/python3.12/site-packages/airflow/example_dags/example_branch_operator.py
[2024-06-17T23:47:39.868+0000] {logging_mixin.py:188} INFO - [2024-06-17T23:47:39.868+0000] {dag.py:3096} INFO - Sync 1 DAGs
[2024-06-17T23:47:39.895+0000] {logging_mixin.py:188} INFO - [2024-06-17T23:47:39.895+0000] {dag.py:3954} INFO - Setting next_dagrun for example_branch_operator to 2024-06-16 00:00:00+00:00, run_after=2024-06-17 00:00:00+00:00
[2024-06-17T23:47:39.918+0000] {processor.py:183} INFO - Processing /home/airflow/.local/lib/python3.12/site-packages/airflow/example_dags/example_branch_operator.py took 0.110 seconds
[2024-06-17T23:48:10.153+0000] {processor.py:161} INFO - Started process (PID=1132) to work on /home/airflow/.local/lib/python3.12/site-packages/airflow/example_dags/example_branch_operator.py
[2024-06-17T23:48:10.155+0000] {processor.py:830} INFO - Processing file /home/airflow/.local/lib/python3.12/site-packages/airflow/example_dags/example_branch_operator.py for tasks to queue
[2024-06-17T23:48:10.158+0000] {logging_mixin.py:188} INFO - [2024-06-17T23:48:10.158+0000] {dagbag.py:545} INFO - Filling up the DagBag from /home/airflow/.local/lib/python3.12/site-packages/airflow/example_dags/example_branch_operator.py
[2024-06-17T23:48:10.180+0000] {processor.py:840} INFO - DAG(s) 'example_branch_operator' retrieved from /home/airflow/.local/lib/python3.12/site-packages/airflow/example_dags/example_branch_operator.py
[2024-06-17T23:48:10.222+0000] {logging_mixin.py:188} INFO - [2024-06-17T23:48:10.221+0000] {dag.py:3096} INFO - Sync 1 DAGs
[2024-06-17T23:48:10.248+0000] {logging_mixin.py:188} INFO - [2024-06-17T23:48:10.247+0000] {dag.py:3954} INFO - Setting next_dagrun for example_branch_operator to 2024-06-16 00:00:00+00:00, run_after=2024-06-17 00:00:00+00:00
[2024-06-17T23:48:10.270+0000] {processor.py:183} INFO - Processing /home/airflow/.local/lib/python3.12/site-packages/airflow/example_dags/example_branch_operator.py took 0.127 seconds
[2024-06-17T23:48:41.128+0000] {processor.py:161} INFO - Started process (PID=1198) to work on /home/airflow/.local/lib/python3.12/site-packages/airflow/example_dags/example_branch_operator.py
[2024-06-17T23:48:41.129+0000] {processor.py:830} INFO - Processing file /home/airflow/.local/lib/python3.12/site-packages/airflow/example_dags/example_branch_operator.py for tasks to queue
[2024-06-17T23:48:41.132+0000] {logging_mixin.py:188} INFO - [2024-06-17T23:48:41.132+0000] {dagbag.py:545} INFO - Filling up the DagBag from /home/airflow/.local/lib/python3.12/site-packages/airflow/example_dags/example_branch_operator.py
[2024-06-17T23:48:41.154+0000] {processor.py:840} INFO - DAG(s) 'example_branch_operator' retrieved from /home/airflow/.local/lib/python3.12/site-packages/airflow/example_dags/example_branch_operator.py
[2024-06-17T23:48:41.193+0000] {logging_mixin.py:188} INFO - [2024-06-17T23:48:41.193+0000] {dag.py:3096} INFO - Sync 1 DAGs
[2024-06-17T23:48:41.220+0000] {logging_mixin.py:188} INFO - [2024-06-17T23:48:41.219+0000] {dag.py:3954} INFO - Setting next_dagrun for example_branch_operator to 2024-06-16 00:00:00+00:00, run_after=2024-06-17 00:00:00+00:00
[2024-06-17T23:48:41.242+0000] {processor.py:183} INFO - Processing /home/airflow/.local/lib/python3.12/site-packages/airflow/example_dags/example_branch_operator.py took 0.124 seconds
[2024-06-17T23:49:11.628+0000] {processor.py:161} INFO - Started process (PID=1258) to work on /home/airflow/.local/lib/python3.12/site-packages/airflow/example_dags/example_branch_operator.py
[2024-06-17T23:49:11.629+0000] {processor.py:830} INFO - Processing file /home/airflow/.local/lib/python3.12/site-packages/airflow/example_dags/example_branch_operator.py for tasks to queue
[2024-06-17T23:49:11.633+0000] {logging_mixin.py:188} INFO - [2024-06-17T23:49:11.632+0000] {dagbag.py:545} INFO - Filling up the DagBag from /home/airflow/.local/lib/python3.12/site-packages/airflow/example_dags/example_branch_operator.py
[2024-06-17T23:49:11.658+0000] {processor.py:840} INFO - DAG(s) 'example_branch_operator' retrieved from /home/airflow/.local/lib/python3.12/site-packages/airflow/example_dags/example_branch_operator.py
[2024-06-17T23:49:11.694+0000] {logging_mixin.py:188} INFO - [2024-06-17T23:49:11.694+0000] {dag.py:3096} INFO - Sync 1 DAGs
[2024-06-17T23:49:11.724+0000] {logging_mixin.py:188} INFO - [2024-06-17T23:49:11.724+0000] {dag.py:3954} INFO - Setting next_dagrun for example_branch_operator to 2024-06-16 00:00:00+00:00, run_after=2024-06-17 00:00:00+00:00
[2024-06-17T23:49:11.753+0000] {processor.py:183} INFO - Processing /home/airflow/.local/lib/python3.12/site-packages/airflow/example_dags/example_branch_operator.py took 0.132 seconds
[2024-06-17T23:49:42.127+0000] {processor.py:161} INFO - Started process (PID=1318) to work on /home/airflow/.local/lib/python3.12/site-packages/airflow/example_dags/example_branch_operator.py
[2024-06-17T23:49:42.128+0000] {processor.py:830} INFO - Processing file /home/airflow/.local/lib/python3.12/site-packages/airflow/example_dags/example_branch_operator.py for tasks to queue
[2024-06-17T23:49:42.131+0000] {logging_mixin.py:188} INFO - [2024-06-17T23:49:42.130+0000] {dagbag.py:545} INFO - Filling up the DagBag from /home/airflow/.local/lib/python3.12/site-packages/airflow/example_dags/example_branch_operator.py
[2024-06-17T23:49:42.148+0000] {processor.py:840} INFO - DAG(s) 'example_branch_operator' retrieved from /home/airflow/.local/lib/python3.12/site-packages/airflow/example_dags/example_branch_operator.py
[2024-06-17T23:49:42.180+0000] {logging_mixin.py:188} INFO - [2024-06-17T23:49:42.179+0000] {dag.py:3096} INFO - Sync 1 DAGs
[2024-06-17T23:49:42.206+0000] {logging_mixin.py:188} INFO - [2024-06-17T23:49:42.206+0000] {dag.py:3954} INFO - Setting next_dagrun for example_branch_operator to 2024-06-16 00:00:00+00:00, run_after=2024-06-17 00:00:00+00:00
[2024-06-17T23:49:42.236+0000] {processor.py:183} INFO - Processing /home/airflow/.local/lib/python3.12/site-packages/airflow/example_dags/example_branch_operator.py took 0.116 seconds
[2024-06-17T23:50:12.290+0000] {processor.py:161} INFO - Started process (PID=1378) to work on /home/airflow/.local/lib/python3.12/site-packages/airflow/example_dags/example_branch_operator.py
[2024-06-17T23:50:12.292+0000] {processor.py:830} INFO - Processing file /home/airflow/.local/lib/python3.12/site-packages/airflow/example_dags/example_branch_operator.py for tasks to queue
[2024-06-17T23:50:12.296+0000] {logging_mixin.py:188} INFO - [2024-06-17T23:50:12.295+0000] {dagbag.py:545} INFO - Filling up the DagBag from /home/airflow/.local/lib/python3.12/site-packages/airflow/example_dags/example_branch_operator.py
[2024-06-17T23:50:12.320+0000] {processor.py:840} INFO - DAG(s) 'example_branch_operator' retrieved from /home/airflow/.local/lib/python3.12/site-packages/airflow/example_dags/example_branch_operator.py
[2024-06-17T23:50:12.359+0000] {logging_mixin.py:188} INFO - [2024-06-17T23:50:12.358+0000] {dag.py:3096} INFO - Sync 1 DAGs
[2024-06-17T23:50:12.393+0000] {logging_mixin.py:188} INFO - [2024-06-17T23:50:12.393+0000] {dag.py:3954} INFO - Setting next_dagrun for example_branch_operator to 2024-06-16 00:00:00+00:00, run_after=2024-06-17 00:00:00+00:00
[2024-06-17T23:50:12.427+0000] {processor.py:183} INFO - Processing /home/airflow/.local/lib/python3.12/site-packages/airflow/example_dags/example_branch_operator.py took 0.147 seconds
[2024-06-17T23:50:42.826+0000] {processor.py:161} INFO - Started process (PID=1438) to work on /home/airflow/.local/lib/python3.12/site-packages/airflow/example_dags/example_branch_operator.py
[2024-06-17T23:50:42.827+0000] {processor.py:830} INFO - Processing file /home/airflow/.local/lib/python3.12/site-packages/airflow/example_dags/example_branch_operator.py for tasks to queue
[2024-06-17T23:50:42.830+0000] {logging_mixin.py:188} INFO - [2024-06-17T23:50:42.829+0000] {dagbag.py:545} INFO - Filling up the DagBag from /home/airflow/.local/lib/python3.12/site-packages/airflow/example_dags/example_branch_operator.py
[2024-06-17T23:50:42.846+0000] {processor.py:840} INFO - DAG(s) 'example_branch_operator' retrieved from /home/airflow/.local/lib/python3.12/site-packages/airflow/example_dags/example_branch_operator.py
[2024-06-17T23:50:42.877+0000] {logging_mixin.py:188} INFO - [2024-06-17T23:50:42.876+0000] {dag.py:3096} INFO - Sync 1 DAGs
[2024-06-17T23:50:42.904+0000] {logging_mixin.py:188} INFO - [2024-06-17T23:50:42.904+0000] {dag.py:3954} INFO - Setting next_dagrun for example_branch_operator to 2024-06-16 00:00:00+00:00, run_after=2024-06-17 00:00:00+00:00
[2024-06-17T23:50:43.073+0000] {processor.py:183} INFO - Processing /home/airflow/.local/lib/python3.12/site-packages/airflow/example_dags/example_branch_operator.py took 0.253 seconds
[2024-06-17T23:51:13.231+0000] {processor.py:161} INFO - Started process (PID=1498) to work on /home/airflow/.local/lib/python3.12/site-packages/airflow/example_dags/example_branch_operator.py
[2024-06-17T23:51:13.233+0000] {processor.py:830} INFO - Processing file /home/airflow/.local/lib/python3.12/site-packages/airflow/example_dags/example_branch_operator.py for tasks to queue
[2024-06-17T23:51:13.235+0000] {logging_mixin.py:188} INFO - [2024-06-17T23:51:13.235+0000] {dagbag.py:545} INFO - Filling up the DagBag from /home/airflow/.local/lib/python3.12/site-packages/airflow/example_dags/example_branch_operator.py
[2024-06-17T23:51:13.255+0000] {processor.py:840} INFO - DAG(s) 'example_branch_operator' retrieved from /home/airflow/.local/lib/python3.12/site-packages/airflow/example_dags/example_branch_operator.py
[2024-06-17T23:51:13.290+0000] {logging_mixin.py:188} INFO - [2024-06-17T23:51:13.290+0000] {dag.py:3096} INFO - Sync 1 DAGs
[2024-06-17T23:51:13.319+0000] {logging_mixin.py:188} INFO - [2024-06-17T23:51:13.318+0000] {dag.py:3954} INFO - Setting next_dagrun for example_branch_operator to 2024-06-16 00:00:00+00:00, run_after=2024-06-17 00:00:00+00:00
[2024-06-17T23:51:13.496+0000] {processor.py:183} INFO - Processing /home/airflow/.local/lib/python3.12/site-packages/airflow/example_dags/example_branch_operator.py took 0.271 seconds
[2024-06-17T23:51:44.124+0000] {processor.py:161} INFO - Started process (PID=1558) to work on /home/airflow/.local/lib/python3.12/site-packages/airflow/example_dags/example_branch_operator.py
[2024-06-17T23:51:44.125+0000] {processor.py:830} INFO - Processing file /home/airflow/.local/lib/python3.12/site-packages/airflow/example_dags/example_branch_operator.py for tasks to queue
[2024-06-17T23:51:44.129+0000] {logging_mixin.py:188} INFO - [2024-06-17T23:51:44.128+0000] {dagbag.py:545} INFO - Filling up the DagBag from /home/airflow/.local/lib/python3.12/site-packages/airflow/example_dags/example_branch_operator.py
[2024-06-17T23:51:44.152+0000] {processor.py:840} INFO - DAG(s) 'example_branch_operator' retrieved from /home/airflow/.local/lib/python3.12/site-packages/airflow/example_dags/example_branch_operator.py
[2024-06-17T23:51:44.186+0000] {logging_mixin.py:188} INFO - [2024-06-17T23:51:44.185+0000] {dag.py:3096} INFO - Sync 1 DAGs
[2024-06-17T23:51:44.212+0000] {logging_mixin.py:188} INFO - [2024-06-17T23:51:44.212+0000] {dag.py:3954} INFO - Setting next_dagrun for example_branch_operator to 2024-06-16 00:00:00+00:00, run_after=2024-06-17 00:00:00+00:00
[2024-06-17T23:51:44.241+0000] {processor.py:183} INFO - Processing /home/airflow/.local/lib/python3.12/site-packages/airflow/example_dags/example_branch_operator.py took 0.123 seconds
[2024-06-17T23:52:14.329+0000] {processor.py:161} INFO - Started process (PID=1618) to work on /home/airflow/.local/lib/python3.12/site-packages/airflow/example_dags/example_branch_operator.py
[2024-06-17T23:52:14.330+0000] {processor.py:830} INFO - Processing file /home/airflow/.local/lib/python3.12/site-packages/airflow/example_dags/example_branch_operator.py for tasks to queue
[2024-06-17T23:52:14.333+0000] {logging_mixin.py:188} INFO - [2024-06-17T23:52:14.332+0000] {dagbag.py:545} INFO - Filling up the DagBag from /home/airflow/.local/lib/python3.12/site-packages/airflow/example_dags/example_branch_operator.py
[2024-06-17T23:52:14.351+0000] {processor.py:840} INFO - DAG(s) 'example_branch_operator' retrieved from /home/airflow/.local/lib/python3.12/site-packages/airflow/example_dags/example_branch_operator.py
[2024-06-17T23:52:14.382+0000] {logging_mixin.py:188} INFO - [2024-06-17T23:52:14.382+0000] {dag.py:3096} INFO - Sync 1 DAGs
[2024-06-17T23:52:14.406+0000] {logging_mixin.py:188} INFO - [2024-06-17T23:52:14.406+0000] {dag.py:3954} INFO - Setting next_dagrun for example_branch_operator to 2024-06-16 00:00:00+00:00, run_after=2024-06-17 00:00:00+00:00
[2024-06-17T23:52:14.426+0000] {processor.py:183} INFO - Processing /home/airflow/.local/lib/python3.12/site-packages/airflow/example_dags/example_branch_operator.py took 0.104 seconds
[2024-06-17T23:52:44.977+0000] {processor.py:161} INFO - Started process (PID=1678) to work on /home/airflow/.local/lib/python3.12/site-packages/airflow/example_dags/example_branch_operator.py
[2024-06-17T23:52:44.978+0000] {processor.py:830} INFO - Processing file /home/airflow/.local/lib/python3.12/site-packages/airflow/example_dags/example_branch_operator.py for tasks to queue
[2024-06-17T23:52:44.981+0000] {logging_mixin.py:188} INFO - [2024-06-17T23:52:44.980+0000] {dagbag.py:545} INFO - Filling up the DagBag from /home/airflow/.local/lib/python3.12/site-packages/airflow/example_dags/example_branch_operator.py
[2024-06-17T23:52:44.999+0000] {processor.py:840} INFO - DAG(s) 'example_branch_operator' retrieved from /home/airflow/.local/lib/python3.12/site-packages/airflow/example_dags/example_branch_operator.py
[2024-06-17T23:52:45.033+0000] {logging_mixin.py:188} INFO - [2024-06-17T23:52:45.033+0000] {dag.py:3096} INFO - Sync 1 DAGs
[2024-06-17T23:52:45.060+0000] {logging_mixin.py:188} INFO - [2024-06-17T23:52:45.060+0000] {dag.py:3954} INFO - Setting next_dagrun for example_branch_operator to 2024-06-16 00:00:00+00:00, run_after=2024-06-17 00:00:00+00:00
[2024-06-17T23:52:45.084+0000] {processor.py:183} INFO - Processing /home/airflow/.local/lib/python3.12/site-packages/airflow/example_dags/example_branch_operator.py took 0.115 seconds
[2024-06-17T23:53:15.672+0000] {processor.py:161} INFO - Started process (PID=1738) to work on /home/airflow/.local/lib/python3.12/site-packages/airflow/example_dags/example_branch_operator.py
[2024-06-17T23:53:15.673+0000] {processor.py:830} INFO - Processing file /home/airflow/.local/lib/python3.12/site-packages/airflow/example_dags/example_branch_operator.py for tasks to queue
[2024-06-17T23:53:15.676+0000] {logging_mixin.py:188} INFO - [2024-06-17T23:53:15.675+0000] {dagbag.py:545} INFO - Filling up the DagBag from /home/airflow/.local/lib/python3.12/site-packages/airflow/example_dags/example_branch_operator.py
[2024-06-17T23:53:15.845+0000] {processor.py:840} INFO - DAG(s) 'example_branch_operator' retrieved from /home/airflow/.local/lib/python3.12/site-packages/airflow/example_dags/example_branch_operator.py
[2024-06-17T23:53:15.873+0000] {logging_mixin.py:188} INFO - [2024-06-17T23:53:15.873+0000] {dag.py:3096} INFO - Sync 1 DAGs
[2024-06-17T23:53:15.899+0000] {logging_mixin.py:188} INFO - [2024-06-17T23:53:15.899+0000] {dag.py:3954} INFO - Setting next_dagrun for example_branch_operator to 2024-06-16 00:00:00+00:00, run_after=2024-06-17 00:00:00+00:00
[2024-06-17T23:53:15.919+0000] {processor.py:183} INFO - Processing /home/airflow/.local/lib/python3.12/site-packages/airflow/example_dags/example_branch_operator.py took 0.254 seconds
[2024-06-17T23:53:46.166+0000] {processor.py:161} INFO - Started process (PID=1798) to work on /home/airflow/.local/lib/python3.12/site-packages/airflow/example_dags/example_branch_operator.py
[2024-06-17T23:53:46.167+0000] {processor.py:830} INFO - Processing file /home/airflow/.local/lib/python3.12/site-packages/airflow/example_dags/example_branch_operator.py for tasks to queue
[2024-06-17T23:53:46.169+0000] {logging_mixin.py:188} INFO - [2024-06-17T23:53:46.169+0000] {dagbag.py:545} INFO - Filling up the DagBag from /home/airflow/.local/lib/python3.12/site-packages/airflow/example_dags/example_branch_operator.py
[2024-06-17T23:53:46.188+0000] {processor.py:840} INFO - DAG(s) 'example_branch_operator' retrieved from /home/airflow/.local/lib/python3.12/site-packages/airflow/example_dags/example_branch_operator.py
[2024-06-17T23:53:46.219+0000] {logging_mixin.py:188} INFO - [2024-06-17T23:53:46.219+0000] {dag.py:3096} INFO - Sync 1 DAGs
[2024-06-17T23:53:46.245+0000] {logging_mixin.py:188} INFO - [2024-06-17T23:53:46.245+0000] {dag.py:3954} INFO - Setting next_dagrun for example_branch_operator to 2024-06-16 00:00:00+00:00, run_after=2024-06-17 00:00:00+00:00
[2024-06-17T23:53:46.268+0000] {processor.py:183} INFO - Processing /home/airflow/.local/lib/python3.12/site-packages/airflow/example_dags/example_branch_operator.py took 0.110 seconds
[2024-06-17T23:54:16.343+0000] {processor.py:161} INFO - Started process (PID=1857) to work on /home/airflow/.local/lib/python3.12/site-packages/airflow/example_dags/example_branch_operator.py
[2024-06-17T23:54:16.345+0000] {processor.py:830} INFO - Processing file /home/airflow/.local/lib/python3.12/site-packages/airflow/example_dags/example_branch_operator.py for tasks to queue
[2024-06-17T23:54:16.347+0000] {logging_mixin.py:188} INFO - [2024-06-17T23:54:16.347+0000] {dagbag.py:545} INFO - Filling up the DagBag from /home/airflow/.local/lib/python3.12/site-packages/airflow/example_dags/example_branch_operator.py
[2024-06-17T23:54:16.366+0000] {processor.py:840} INFO - DAG(s) 'example_branch_operator' retrieved from /home/airflow/.local/lib/python3.12/site-packages/airflow/example_dags/example_branch_operator.py
[2024-06-17T23:54:16.399+0000] {logging_mixin.py:188} INFO - [2024-06-17T23:54:16.399+0000] {dag.py:3096} INFO - Sync 1 DAGs
[2024-06-17T23:54:16.429+0000] {logging_mixin.py:188} INFO - [2024-06-17T23:54:16.429+0000] {dag.py:3954} INFO - Setting next_dagrun for example_branch_operator to 2024-06-16 00:00:00+00:00, run_after=2024-06-17 00:00:00+00:00
[2024-06-17T23:54:16.452+0000] {processor.py:183} INFO - Processing /home/airflow/.local/lib/python3.12/site-packages/airflow/example_dags/example_branch_operator.py took 0.115 seconds
[2024-06-17T23:54:46.674+0000] {processor.py:161} INFO - Started process (PID=1916) to work on /home/airflow/.local/lib/python3.12/site-packages/airflow/example_dags/example_branch_operator.py
[2024-06-17T23:54:46.676+0000] {processor.py:830} INFO - Processing file /home/airflow/.local/lib/python3.12/site-packages/airflow/example_dags/example_branch_operator.py for tasks to queue
[2024-06-17T23:54:46.678+0000] {logging_mixin.py:188} INFO - [2024-06-17T23:54:46.678+0000] {dagbag.py:545} INFO - Filling up the DagBag from /home/airflow/.local/lib/python3.12/site-packages/airflow/example_dags/example_branch_operator.py
[2024-06-17T23:54:46.700+0000] {processor.py:840} INFO - DAG(s) 'example_branch_operator' retrieved from /home/airflow/.local/lib/python3.12/site-packages/airflow/example_dags/example_branch_operator.py
[2024-06-17T23:54:46.738+0000] {logging_mixin.py:188} INFO - [2024-06-17T23:54:46.738+0000] {dag.py:3096} INFO - Sync 1 DAGs
[2024-06-17T23:54:46.765+0000] {logging_mixin.py:188} INFO - [2024-06-17T23:54:46.765+0000] {dag.py:3954} INFO - Setting next_dagrun for example_branch_operator to 2024-06-16 00:00:00+00:00, run_after=2024-06-17 00:00:00+00:00
[2024-06-17T23:54:46.794+0000] {processor.py:183} INFO - Processing /home/airflow/.local/lib/python3.12/site-packages/airflow/example_dags/example_branch_operator.py took 0.126 seconds
[2024-06-17T23:55:16.976+0000] {processor.py:161} INFO - Started process (PID=1976) to work on /home/airflow/.local/lib/python3.12/site-packages/airflow/example_dags/example_branch_operator.py
[2024-06-17T23:55:16.977+0000] {processor.py:830} INFO - Processing file /home/airflow/.local/lib/python3.12/site-packages/airflow/example_dags/example_branch_operator.py for tasks to queue
[2024-06-17T23:55:16.980+0000] {logging_mixin.py:188} INFO - [2024-06-17T23:55:16.979+0000] {dagbag.py:545} INFO - Filling up the DagBag from /home/airflow/.local/lib/python3.12/site-packages/airflow/example_dags/example_branch_operator.py
[2024-06-17T23:55:17.000+0000] {processor.py:840} INFO - DAG(s) 'example_branch_operator' retrieved from /home/airflow/.local/lib/python3.12/site-packages/airflow/example_dags/example_branch_operator.py
[2024-06-17T23:55:17.035+0000] {logging_mixin.py:188} INFO - [2024-06-17T23:55:17.035+0000] {dag.py:3096} INFO - Sync 1 DAGs
[2024-06-17T23:55:17.077+0000] {logging_mixin.py:188} INFO - [2024-06-17T23:55:17.076+0000] {dag.py:3954} INFO - Setting next_dagrun for example_branch_operator to 2024-06-16 00:00:00+00:00, run_after=2024-06-17 00:00:00+00:00
[2024-06-17T23:55:17.117+0000] {processor.py:183} INFO - Processing /home/airflow/.local/lib/python3.12/site-packages/airflow/example_dags/example_branch_operator.py took 0.148 seconds
[2024-06-17T23:55:47.558+0000] {processor.py:161} INFO - Started process (PID=2036) to work on /home/airflow/.local/lib/python3.12/site-packages/airflow/example_dags/example_branch_operator.py
[2024-06-17T23:55:47.559+0000] {processor.py:830} INFO - Processing file /home/airflow/.local/lib/python3.12/site-packages/airflow/example_dags/example_branch_operator.py for tasks to queue
[2024-06-17T23:55:47.563+0000] {logging_mixin.py:188} INFO - [2024-06-17T23:55:47.562+0000] {dagbag.py:545} INFO - Filling up the DagBag from /home/airflow/.local/lib/python3.12/site-packages/airflow/example_dags/example_branch_operator.py
[2024-06-17T23:55:47.594+0000] {processor.py:840} INFO - DAG(s) 'example_branch_operator' retrieved from /home/airflow/.local/lib/python3.12/site-packages/airflow/example_dags/example_branch_operator.py
[2024-06-17T23:55:47.631+0000] {logging_mixin.py:188} INFO - [2024-06-17T23:55:47.631+0000] {dag.py:3096} INFO - Sync 1 DAGs
[2024-06-17T23:55:47.662+0000] {logging_mixin.py:188} INFO - [2024-06-17T23:55:47.661+0000] {dag.py:3954} INFO - Setting next_dagrun for example_branch_operator to 2024-06-16 00:00:00+00:00, run_after=2024-06-17 00:00:00+00:00
[2024-06-17T23:55:47.690+0000] {processor.py:183} INFO - Processing /home/airflow/.local/lib/python3.12/site-packages/airflow/example_dags/example_branch_operator.py took 0.140 seconds
[2024-06-17T23:56:17.993+0000] {processor.py:161} INFO - Started process (PID=2096) to work on /home/airflow/.local/lib/python3.12/site-packages/airflow/example_dags/example_branch_operator.py
[2024-06-17T23:56:17.994+0000] {processor.py:830} INFO - Processing file /home/airflow/.local/lib/python3.12/site-packages/airflow/example_dags/example_branch_operator.py for tasks to queue
[2024-06-17T23:56:17.996+0000] {logging_mixin.py:188} INFO - [2024-06-17T23:56:17.996+0000] {dagbag.py:545} INFO - Filling up the DagBag from /home/airflow/.local/lib/python3.12/site-packages/airflow/example_dags/example_branch_operator.py
[2024-06-17T23:56:18.015+0000] {processor.py:840} INFO - DAG(s) 'example_branch_operator' retrieved from /home/airflow/.local/lib/python3.12/site-packages/airflow/example_dags/example_branch_operator.py
[2024-06-17T23:56:18.047+0000] {logging_mixin.py:188} INFO - [2024-06-17T23:56:18.047+0000] {dag.py:3096} INFO - Sync 1 DAGs
[2024-06-17T23:56:18.077+0000] {logging_mixin.py:188} INFO - [2024-06-17T23:56:18.076+0000] {dag.py:3954} INFO - Setting next_dagrun for example_branch_operator to 2024-06-16 00:00:00+00:00, run_after=2024-06-17 00:00:00+00:00
[2024-06-17T23:56:18.108+0000] {processor.py:183} INFO - Processing /home/airflow/.local/lib/python3.12/site-packages/airflow/example_dags/example_branch_operator.py took 0.122 seconds
[2024-06-17T23:56:48.806+0000] {processor.py:161} INFO - Started process (PID=2156) to work on /home/airflow/.local/lib/python3.12/site-packages/airflow/example_dags/example_branch_operator.py
[2024-06-17T23:56:48.808+0000] {processor.py:830} INFO - Processing file /home/airflow/.local/lib/python3.12/site-packages/airflow/example_dags/example_branch_operator.py for tasks to queue
[2024-06-17T23:56:48.810+0000] {logging_mixin.py:188} INFO - [2024-06-17T23:56:48.810+0000] {dagbag.py:545} INFO - Filling up the DagBag from /home/airflow/.local/lib/python3.12/site-packages/airflow/example_dags/example_branch_operator.py
[2024-06-17T23:56:48.831+0000] {processor.py:840} INFO - DAG(s) 'example_branch_operator' retrieved from /home/airflow/.local/lib/python3.12/site-packages/airflow/example_dags/example_branch_operator.py
[2024-06-17T23:56:48.863+0000] {logging_mixin.py:188} INFO - [2024-06-17T23:56:48.863+0000] {dag.py:3096} INFO - Sync 1 DAGs
[2024-06-17T23:56:48.892+0000] {logging_mixin.py:188} INFO - [2024-06-17T23:56:48.891+0000] {dag.py:3954} INFO - Setting next_dagrun for example_branch_operator to 2024-06-16 00:00:00+00:00, run_after=2024-06-17 00:00:00+00:00
[2024-06-17T23:56:48.920+0000] {processor.py:183} INFO - Processing /home/airflow/.local/lib/python3.12/site-packages/airflow/example_dags/example_branch_operator.py took 0.120 seconds
[2024-06-17T23:57:19.469+0000] {processor.py:161} INFO - Started process (PID=2216) to work on /home/airflow/.local/lib/python3.12/site-packages/airflow/example_dags/example_branch_operator.py
[2024-06-17T23:57:19.470+0000] {processor.py:830} INFO - Processing file /home/airflow/.local/lib/python3.12/site-packages/airflow/example_dags/example_branch_operator.py for tasks to queue
[2024-06-17T23:57:19.473+0000] {logging_mixin.py:188} INFO - [2024-06-17T23:57:19.473+0000] {dagbag.py:545} INFO - Filling up the DagBag from /home/airflow/.local/lib/python3.12/site-packages/airflow/example_dags/example_branch_operator.py
[2024-06-17T23:57:19.495+0000] {processor.py:840} INFO - DAG(s) 'example_branch_operator' retrieved from /home/airflow/.local/lib/python3.12/site-packages/airflow/example_dags/example_branch_operator.py
[2024-06-17T23:57:19.530+0000] {logging_mixin.py:188} INFO - [2024-06-17T23:57:19.530+0000] {dag.py:3096} INFO - Sync 1 DAGs
[2024-06-17T23:57:19.566+0000] {logging_mixin.py:188} INFO - [2024-06-17T23:57:19.565+0000] {dag.py:3954} INFO - Setting next_dagrun for example_branch_operator to 2024-06-16 00:00:00+00:00, run_after=2024-06-17 00:00:00+00:00
[2024-06-17T23:57:19.610+0000] {processor.py:183} INFO - Processing /home/airflow/.local/lib/python3.12/site-packages/airflow/example_dags/example_branch_operator.py took 0.149 seconds
[2024-06-17T23:57:49.783+0000] {processor.py:161} INFO - Started process (PID=2277) to work on /home/airflow/.local/lib/python3.12/site-packages/airflow/example_dags/example_branch_operator.py
[2024-06-17T23:57:49.784+0000] {processor.py:830} INFO - Processing file /home/airflow/.local/lib/python3.12/site-packages/airflow/example_dags/example_branch_operator.py for tasks to queue
[2024-06-17T23:57:49.787+0000] {logging_mixin.py:188} INFO - [2024-06-17T23:57:49.786+0000] {dagbag.py:545} INFO - Filling up the DagBag from /home/airflow/.local/lib/python3.12/site-packages/airflow/example_dags/example_branch_operator.py
[2024-06-17T23:57:49.807+0000] {processor.py:840} INFO - DAG(s) 'example_branch_operator' retrieved from /home/airflow/.local/lib/python3.12/site-packages/airflow/example_dags/example_branch_operator.py
[2024-06-17T23:57:49.840+0000] {logging_mixin.py:188} INFO - [2024-06-17T23:57:49.840+0000] {dag.py:3096} INFO - Sync 1 DAGs
[2024-06-17T23:57:49.872+0000] {logging_mixin.py:188} INFO - [2024-06-17T23:57:49.871+0000] {dag.py:3954} INFO - Setting next_dagrun for example_branch_operator to 2024-06-16 00:00:00+00:00, run_after=2024-06-17 00:00:00+00:00
[2024-06-17T23:57:49.904+0000] {processor.py:183} INFO - Processing /home/airflow/.local/lib/python3.12/site-packages/airflow/example_dags/example_branch_operator.py took 0.128 seconds
[2024-06-17T23:58:20.021+0000] {processor.py:161} INFO - Started process (PID=2337) to work on /home/airflow/.local/lib/python3.12/site-packages/airflow/example_dags/example_branch_operator.py
[2024-06-17T23:58:20.022+0000] {processor.py:830} INFO - Processing file /home/airflow/.local/lib/python3.12/site-packages/airflow/example_dags/example_branch_operator.py for tasks to queue
[2024-06-17T23:58:20.025+0000] {logging_mixin.py:188} INFO - [2024-06-17T23:58:20.024+0000] {dagbag.py:545} INFO - Filling up the DagBag from /home/airflow/.local/lib/python3.12/site-packages/airflow/example_dags/example_branch_operator.py
[2024-06-17T23:58:20.044+0000] {processor.py:840} INFO - DAG(s) 'example_branch_operator' retrieved from /home/airflow/.local/lib/python3.12/site-packages/airflow/example_dags/example_branch_operator.py
[2024-06-17T23:58:20.077+0000] {logging_mixin.py:188} INFO - [2024-06-17T23:58:20.077+0000] {dag.py:3096} INFO - Sync 1 DAGs
[2024-06-17T23:58:20.103+0000] {logging_mixin.py:188} INFO - [2024-06-17T23:58:20.103+0000] {dag.py:3954} INFO - Setting next_dagrun for example_branch_operator to 2024-06-16 00:00:00+00:00, run_after=2024-06-17 00:00:00+00:00
[2024-06-17T23:58:20.125+0000] {processor.py:183} INFO - Processing /home/airflow/.local/lib/python3.12/site-packages/airflow/example_dags/example_branch_operator.py took 0.111 seconds
[2024-06-17T23:58:50.299+0000] {processor.py:161} INFO - Started process (PID=2397) to work on /home/airflow/.local/lib/python3.12/site-packages/airflow/example_dags/example_branch_operator.py
[2024-06-17T23:58:50.301+0000] {processor.py:830} INFO - Processing file /home/airflow/.local/lib/python3.12/site-packages/airflow/example_dags/example_branch_operator.py for tasks to queue
[2024-06-17T23:58:50.304+0000] {logging_mixin.py:188} INFO - [2024-06-17T23:58:50.304+0000] {dagbag.py:545} INFO - Filling up the DagBag from /home/airflow/.local/lib/python3.12/site-packages/airflow/example_dags/example_branch_operator.py
[2024-06-17T23:58:50.323+0000] {processor.py:840} INFO - DAG(s) 'example_branch_operator' retrieved from /home/airflow/.local/lib/python3.12/site-packages/airflow/example_dags/example_branch_operator.py
[2024-06-17T23:58:50.354+0000] {logging_mixin.py:188} INFO - [2024-06-17T23:58:50.354+0000] {dag.py:3096} INFO - Sync 1 DAGs
[2024-06-17T23:58:50.380+0000] {logging_mixin.py:188} INFO - [2024-06-17T23:58:50.380+0000] {dag.py:3954} INFO - Setting next_dagrun for example_branch_operator to 2024-06-16 00:00:00+00:00, run_after=2024-06-17 00:00:00+00:00
[2024-06-17T23:58:50.408+0000] {processor.py:183} INFO - Processing /home/airflow/.local/lib/python3.12/site-packages/airflow/example_dags/example_branch_operator.py took 0.115 seconds
[2024-06-17T23:59:20.599+0000] {processor.py:161} INFO - Started process (PID=2457) to work on /home/airflow/.local/lib/python3.12/site-packages/airflow/example_dags/example_branch_operator.py
[2024-06-17T23:59:20.601+0000] {processor.py:830} INFO - Processing file /home/airflow/.local/lib/python3.12/site-packages/airflow/example_dags/example_branch_operator.py for tasks to queue
[2024-06-17T23:59:20.604+0000] {logging_mixin.py:188} INFO - [2024-06-17T23:59:20.603+0000] {dagbag.py:545} INFO - Filling up the DagBag from /home/airflow/.local/lib/python3.12/site-packages/airflow/example_dags/example_branch_operator.py
[2024-06-17T23:59:20.642+0000] {processor.py:840} INFO - DAG(s) 'example_branch_operator' retrieved from /home/airflow/.local/lib/python3.12/site-packages/airflow/example_dags/example_branch_operator.py
[2024-06-17T23:59:20.696+0000] {logging_mixin.py:188} INFO - [2024-06-17T23:59:20.696+0000] {dag.py:3096} INFO - Sync 1 DAGs
[2024-06-17T23:59:20.739+0000] {logging_mixin.py:188} INFO - [2024-06-17T23:59:20.739+0000] {dag.py:3954} INFO - Setting next_dagrun for example_branch_operator to 2024-06-16 00:00:00+00:00, run_after=2024-06-17 00:00:00+00:00
[2024-06-17T23:59:20.778+0000] {processor.py:183} INFO - Processing /home/airflow/.local/lib/python3.12/site-packages/airflow/example_dags/example_branch_operator.py took 0.187 seconds
[2024-06-17T23:59:51.136+0000] {processor.py:161} INFO - Started process (PID=2517) to work on /home/airflow/.local/lib/python3.12/site-packages/airflow/example_dags/example_branch_operator.py
[2024-06-17T23:59:51.137+0000] {processor.py:830} INFO - Processing file /home/airflow/.local/lib/python3.12/site-packages/airflow/example_dags/example_branch_operator.py for tasks to queue
[2024-06-17T23:59:51.140+0000] {logging_mixin.py:188} INFO - [2024-06-17T23:59:51.139+0000] {dagbag.py:545} INFO - Filling up the DagBag from /home/airflow/.local/lib/python3.12/site-packages/airflow/example_dags/example_branch_operator.py
[2024-06-17T23:59:51.157+0000] {processor.py:840} INFO - DAG(s) 'example_branch_operator' retrieved from /home/airflow/.local/lib/python3.12/site-packages/airflow/example_dags/example_branch_operator.py
[2024-06-17T23:59:51.189+0000] {logging_mixin.py:188} INFO - [2024-06-17T23:59:51.189+0000] {dag.py:3096} INFO - Sync 1 DAGs
[2024-06-17T23:59:51.225+0000] {logging_mixin.py:188} INFO - [2024-06-17T23:59:51.225+0000] {dag.py:3954} INFO - Setting next_dagrun for example_branch_operator to 2024-06-16 00:00:00+00:00, run_after=2024-06-17 00:00:00+00:00
[2024-06-17T23:59:51.255+0000] {processor.py:183} INFO - Processing /home/airflow/.local/lib/python3.12/site-packages/airflow/example_dags/example_branch_operator.py took 0.126 seconds
