[2024-06-05T00:59:01.809+0000] {local_task_job_runner.py:120} INFO - ::group::Pre task execution logs
[2024-06-05T00:59:01.861+0000] {taskinstance.py:2076} INFO - Dependencies all met for dep_context=non-requeueable deps ti=<TaskInstance: dados_climaticos_estruturados.criar_pasta scheduled__2024-05-30T04:25:00+00:00 [queued]>
[2024-06-05T00:59:01.880+0000] {taskinstance.py:2076} INFO - Dependencies all met for dep_context=requeueable deps ti=<TaskInstance: dados_climaticos_estruturados.criar_pasta scheduled__2024-05-30T04:25:00+00:00 [queued]>
[2024-06-05T00:59:01.881+0000] {taskinstance.py:2306} INFO - Starting attempt 1 of 1
[2024-06-05T00:59:01.920+0000] {taskinstance.py:2330} INFO - Executing <Task(PythonOperator): criar_pasta> on 2024-05-30 04:25:00+00:00
[2024-06-05T00:59:01.939+0000] {warnings.py:110} WARNING - /home/***/.local/lib/python3.12/site-packages/***/task/task_runner/standard_task_runner.py:61: DeprecationWarning: This process (pid=2348) is multi-threaded, use of fork() may lead to deadlocks in the child.
  pid = os.fork()

[2024-06-05T00:59:01.943+0000] {standard_task_runner.py:90} INFO - Running: ['***', 'tasks', 'run', 'dados_climaticos_estruturados', 'criar_pasta', 'scheduled__2024-05-30T04:25:00+00:00', '--job-id', '1129', '--raw', '--subdir', 'DAGS_FOLDER/weather/custom_dags/dados_climaticos_estruturados.py', '--cfg-path', '/tmp/tmpyn_ya9gd']
[2024-06-05T00:59:01.947+0000] {standard_task_runner.py:91} INFO - Job 1129: Subtask criar_pasta
[2024-06-05T00:59:01.946+0000] {standard_task_runner.py:63} INFO - Started process 2373 to run task
[2024-06-05T00:59:02.062+0000] {task_command.py:426} INFO - Running <TaskInstance: dados_climaticos_estruturados.criar_pasta scheduled__2024-05-30T04:25:00+00:00 [running]> on host 6665b0710315
[2024-06-05T00:59:02.311+0000] {taskinstance.py:2648} INFO - Exporting env vars: AIRFLOW_CTX_DAG_OWNER='***' AIRFLOW_CTX_DAG_ID='dados_climaticos_estruturados' AIRFLOW_CTX_TASK_ID='criar_pasta' AIRFLOW_CTX_EXECUTION_DATE='2024-05-30T04:25:00+00:00' AIRFLOW_CTX_TRY_NUMBER='1' AIRFLOW_CTX_DAG_RUN_ID='scheduled__2024-05-30T04:25:00+00:00'
[2024-06-05T00:59:02.318+0000] {taskinstance.py:430} INFO - ::endgroup::
[2024-06-05T00:59:02.329+0000] {python.py:237} INFO - Done. Returned value was: None
[2024-06-05T00:59:02.331+0000] {taskinstance.py:441} INFO - ::group::Post task execution logs
[2024-06-05T00:59:02.369+0000] {taskinstance.py:1206} INFO - Marking task as SUCCESS. dag_id=dados_climaticos_estruturados, task_id=criar_pasta, run_id=scheduled__2024-05-30T04:25:00+00:00, execution_date=20240530T042500, start_date=20240605T005901, end_date=20240605T005902
[2024-06-05T00:59:02.466+0000] {local_task_job_runner.py:240} INFO - Task exited with return code 0
[2024-06-05T00:59:02.509+0000] {local_task_job_runner.py:222} INFO - ::endgroup::
[2024-06-05T01:39:00.015+0000] {local_task_job_runner.py:120} INFO - ::group::Pre task execution logs
[2024-06-05T01:39:00.077+0000] {taskinstance.py:2076} INFO - Dependencies all met for dep_context=non-requeueable deps ti=<TaskInstance: dados_climaticos_estruturados.criar_pasta scheduled__2024-05-30T04:25:00+00:00 [queued]>
[2024-06-05T01:39:00.155+0000] {taskinstance.py:2076} INFO - Dependencies all met for dep_context=requeueable deps ti=<TaskInstance: dados_climaticos_estruturados.criar_pasta scheduled__2024-05-30T04:25:00+00:00 [queued]>
[2024-06-05T01:39:00.162+0000] {taskinstance.py:2306} INFO - Starting attempt 1 of 1
[2024-06-05T01:39:00.262+0000] {taskinstance.py:2330} INFO - Executing <Task(PythonOperator): criar_pasta> on 2024-05-30 04:25:00+00:00
[2024-06-05T01:39:00.308+0000] {warnings.py:110} WARNING - /home/***/.local/lib/python3.12/site-packages/***/task/task_runner/standard_task_runner.py:61: DeprecationWarning: This process (pid=2335) is multi-threaded, use of fork() may lead to deadlocks in the child.
  pid = os.fork()

[2024-06-05T01:39:00.326+0000] {standard_task_runner.py:63} INFO - Started process 2372 to run task
[2024-06-05T01:39:00.305+0000] {standard_task_runner.py:90} INFO - Running: ['***', 'tasks', 'run', 'dados_climaticos_estruturados', 'criar_pasta', 'scheduled__2024-05-30T04:25:00+00:00', '--job-id', '742', '--raw', '--subdir', 'DAGS_FOLDER/weather/custom_dags/dados_climaticos_estruturados.py', '--cfg-path', '/tmp/tmp9rq1gsiz']
[2024-06-05T01:39:00.335+0000] {standard_task_runner.py:91} INFO - Job 742: Subtask criar_pasta
[2024-06-05T01:39:00.468+0000] {task_command.py:426} INFO - Running <TaskInstance: dados_climaticos_estruturados.criar_pasta scheduled__2024-05-30T04:25:00+00:00 [running]> on host 80232deae70a
[2024-06-05T01:39:00.695+0000] {taskinstance.py:2648} INFO - Exporting env vars: AIRFLOW_CTX_DAG_OWNER='***' AIRFLOW_CTX_DAG_ID='dados_climaticos_estruturados' AIRFLOW_CTX_TASK_ID='criar_pasta' AIRFLOW_CTX_EXECUTION_DATE='2024-05-30T04:25:00+00:00' AIRFLOW_CTX_TRY_NUMBER='1' AIRFLOW_CTX_DAG_RUN_ID='scheduled__2024-05-30T04:25:00+00:00'
[2024-06-05T01:39:00.703+0000] {taskinstance.py:430} INFO - ::endgroup::
[2024-06-05T01:39:00.708+0000] {python.py:237} INFO - Done. Returned value was: None
[2024-06-05T01:39:00.709+0000] {taskinstance.py:441} INFO - ::group::Post task execution logs
[2024-06-05T01:39:00.732+0000] {taskinstance.py:1206} INFO - Marking task as SUCCESS. dag_id=dados_climaticos_estruturados, task_id=criar_pasta, run_id=scheduled__2024-05-30T04:25:00+00:00, execution_date=20240530T042500, start_date=20240605T013900, end_date=20240605T013900
[2024-06-05T01:39:00.821+0000] {local_task_job_runner.py:240} INFO - Task exited with return code 0
[2024-06-05T01:39:00.849+0000] {local_task_job_runner.py:222} INFO - ::endgroup::
