[2024-06-05T00:59:41.314+0000] {local_task_job_runner.py:120} INFO - ::group::Pre task execution logs
[2024-06-05T00:59:41.337+0000] {taskinstance.py:2076} INFO - Dependencies all met for dep_context=non-requeueable deps ti=<TaskInstance: dados_climaticos_estruturados.criar_pasta scheduled__2024-05-30T07:15:00+00:00 [queued]>
[2024-06-05T00:59:41.346+0000] {taskinstance.py:2076} INFO - Dependencies all met for dep_context=requeueable deps ti=<TaskInstance: dados_climaticos_estruturados.criar_pasta scheduled__2024-05-30T07:15:00+00:00 [queued]>
[2024-06-05T00:59:41.347+0000] {taskinstance.py:2306} INFO - Starting attempt 1 of 1
[2024-06-05T00:59:41.362+0000] {taskinstance.py:2330} INFO - Executing <Task(PythonOperator): criar_pasta> on 2024-05-30 07:15:00+00:00
[2024-06-05T00:59:41.370+0000] {warnings.py:110} WARNING - /home/***/.local/lib/python3.12/site-packages/***/task/task_runner/standard_task_runner.py:61: DeprecationWarning: This process (pid=2593) is multi-threaded, use of fork() may lead to deadlocks in the child.
  pid = os.fork()

[2024-06-05T00:59:41.373+0000] {standard_task_runner.py:63} INFO - Started process 2601 to run task
[2024-06-05T00:59:41.373+0000] {standard_task_runner.py:90} INFO - Running: ['***', 'tasks', 'run', 'dados_climaticos_estruturados', 'criar_pasta', 'scheduled__2024-05-30T07:15:00+00:00', '--job-id', '1205', '--raw', '--subdir', 'DAGS_FOLDER/weather/custom_dags/dados_climaticos_estruturados.py', '--cfg-path', '/tmp/tmpcm21lnhg']
[2024-06-05T00:59:41.374+0000] {standard_task_runner.py:91} INFO - Job 1205: Subtask criar_pasta
[2024-06-05T00:59:41.438+0000] {task_command.py:426} INFO - Running <TaskInstance: dados_climaticos_estruturados.criar_pasta scheduled__2024-05-30T07:15:00+00:00 [running]> on host 6665b0710315
[2024-06-05T00:59:41.557+0000] {taskinstance.py:2648} INFO - Exporting env vars: AIRFLOW_CTX_DAG_OWNER='***' AIRFLOW_CTX_DAG_ID='dados_climaticos_estruturados' AIRFLOW_CTX_TASK_ID='criar_pasta' AIRFLOW_CTX_EXECUTION_DATE='2024-05-30T07:15:00+00:00' AIRFLOW_CTX_TRY_NUMBER='1' AIRFLOW_CTX_DAG_RUN_ID='scheduled__2024-05-30T07:15:00+00:00'
[2024-06-05T00:59:41.559+0000] {taskinstance.py:430} INFO - ::endgroup::
[2024-06-05T00:59:41.561+0000] {python.py:237} INFO - Done. Returned value was: None
[2024-06-05T00:59:41.561+0000] {taskinstance.py:441} INFO - ::group::Post task execution logs
[2024-06-05T00:59:41.573+0000] {taskinstance.py:1206} INFO - Marking task as SUCCESS. dag_id=dados_climaticos_estruturados, task_id=criar_pasta, run_id=scheduled__2024-05-30T07:15:00+00:00, execution_date=20240530T071500, start_date=20240605T005941, end_date=20240605T005941
[2024-06-05T00:59:41.596+0000] {local_task_job_runner.py:240} INFO - Task exited with return code 0
[2024-06-05T00:59:41.624+0000] {taskinstance.py:3498} INFO - 1 downstream tasks scheduled from follow-on schedule check
[2024-06-05T00:59:41.626+0000] {local_task_job_runner.py:222} INFO - ::endgroup::
[2024-06-05T01:39:28.944+0000] {local_task_job_runner.py:120} INFO - ::group::Pre task execution logs
[2024-06-05T01:39:28.976+0000] {taskinstance.py:2076} INFO - Dependencies all met for dep_context=non-requeueable deps ti=<TaskInstance: dados_climaticos_estruturados.criar_pasta scheduled__2024-05-30T07:15:00+00:00 [queued]>
[2024-06-05T01:39:28.991+0000] {taskinstance.py:2076} INFO - Dependencies all met for dep_context=requeueable deps ti=<TaskInstance: dados_climaticos_estruturados.criar_pasta scheduled__2024-05-30T07:15:00+00:00 [queued]>
[2024-06-05T01:39:28.992+0000] {taskinstance.py:2306} INFO - Starting attempt 1 of 1
[2024-06-05T01:39:29.014+0000] {taskinstance.py:2330} INFO - Executing <Task(PythonOperator): criar_pasta> on 2024-05-30 07:15:00+00:00
[2024-06-05T01:39:29.026+0000] {warnings.py:110} WARNING - /home/***/.local/lib/python3.12/site-packages/***/task/task_runner/standard_task_runner.py:61: DeprecationWarning: This process (pid=2550) is multi-threaded, use of fork() may lead to deadlocks in the child.
  pid = os.fork()

[2024-06-05T01:39:29.028+0000] {standard_task_runner.py:63} INFO - Started process 2573 to run task
[2024-06-05T01:39:29.029+0000] {standard_task_runner.py:90} INFO - Running: ['***', 'tasks', 'run', 'dados_climaticos_estruturados', 'criar_pasta', 'scheduled__2024-05-30T07:15:00+00:00', '--job-id', '810', '--raw', '--subdir', 'DAGS_FOLDER/weather/custom_dags/dados_climaticos_estruturados.py', '--cfg-path', '/tmp/tmpb5fjdrv5']
[2024-06-05T01:39:29.031+0000] {standard_task_runner.py:91} INFO - Job 810: Subtask criar_pasta
[2024-06-05T01:39:29.104+0000] {task_command.py:426} INFO - Running <TaskInstance: dados_climaticos_estruturados.criar_pasta scheduled__2024-05-30T07:15:00+00:00 [running]> on host 80232deae70a
[2024-06-05T01:39:29.248+0000] {taskinstance.py:2648} INFO - Exporting env vars: AIRFLOW_CTX_DAG_OWNER='***' AIRFLOW_CTX_DAG_ID='dados_climaticos_estruturados' AIRFLOW_CTX_TASK_ID='criar_pasta' AIRFLOW_CTX_EXECUTION_DATE='2024-05-30T07:15:00+00:00' AIRFLOW_CTX_TRY_NUMBER='1' AIRFLOW_CTX_DAG_RUN_ID='scheduled__2024-05-30T07:15:00+00:00'
[2024-06-05T01:39:29.250+0000] {taskinstance.py:430} INFO - ::endgroup::
[2024-06-05T01:39:29.251+0000] {python.py:237} INFO - Done. Returned value was: None
[2024-06-05T01:39:29.252+0000] {taskinstance.py:441} INFO - ::group::Post task execution logs
[2024-06-05T01:39:29.264+0000] {taskinstance.py:1206} INFO - Marking task as SUCCESS. dag_id=dados_climaticos_estruturados, task_id=criar_pasta, run_id=scheduled__2024-05-30T07:15:00+00:00, execution_date=20240530T071500, start_date=20240605T013928, end_date=20240605T013929
[2024-06-05T01:39:29.291+0000] {local_task_job_runner.py:240} INFO - Task exited with return code 0
[2024-06-05T01:39:29.320+0000] {taskinstance.py:3498} INFO - 1 downstream tasks scheduled from follow-on schedule check
[2024-06-05T01:39:29.322+0000] {local_task_job_runner.py:222} INFO - ::endgroup::
