[2024-06-05T00:59:51.336+0000] {local_task_job_runner.py:120} INFO - ::group::Pre task execution logs
[2024-06-05T00:59:51.370+0000] {taskinstance.py:2076} INFO - Dependencies all met for dep_context=non-requeueable deps ti=<TaskInstance: dados_climaticos_estruturados.criar_pasta scheduled__2024-05-30T08:20:00+00:00 [queued]>
[2024-06-05T00:59:51.382+0000] {taskinstance.py:2076} INFO - Dependencies all met for dep_context=requeueable deps ti=<TaskInstance: dados_climaticos_estruturados.criar_pasta scheduled__2024-05-30T08:20:00+00:00 [queued]>
[2024-06-05T00:59:51.382+0000] {taskinstance.py:2306} INFO - Starting attempt 1 of 1
[2024-06-05T00:59:51.406+0000] {taskinstance.py:2330} INFO - Executing <Task(PythonOperator): criar_pasta> on 2024-05-30 08:20:00+00:00
[2024-06-05T00:59:51.417+0000] {warnings.py:110} WARNING - /home/***/.local/lib/python3.12/site-packages/***/task/task_runner/standard_task_runner.py:61: DeprecationWarning: This process (pid=2635) is multi-threaded, use of fork() may lead to deadlocks in the child.
  pid = os.fork()

[2024-06-05T00:59:51.420+0000] {standard_task_runner.py:63} INFO - Started process 2655 to run task
[2024-06-05T00:59:51.420+0000] {standard_task_runner.py:90} INFO - Running: ['***', 'tasks', 'run', 'dados_climaticos_estruturados', 'criar_pasta', 'scheduled__2024-05-30T08:20:00+00:00', '--job-id', '1222', '--raw', '--subdir', 'DAGS_FOLDER/weather/custom_dags/dados_climaticos_estruturados.py', '--cfg-path', '/tmp/tmp08cvxtt4']
[2024-06-05T00:59:51.422+0000] {standard_task_runner.py:91} INFO - Job 1222: Subtask criar_pasta
[2024-06-05T00:59:51.516+0000] {task_command.py:426} INFO - Running <TaskInstance: dados_climaticos_estruturados.criar_pasta scheduled__2024-05-30T08:20:00+00:00 [running]> on host 6665b0710315
[2024-06-05T00:59:51.712+0000] {taskinstance.py:2648} INFO - Exporting env vars: AIRFLOW_CTX_DAG_OWNER='***' AIRFLOW_CTX_DAG_ID='dados_climaticos_estruturados' AIRFLOW_CTX_TASK_ID='criar_pasta' AIRFLOW_CTX_EXECUTION_DATE='2024-05-30T08:20:00+00:00' AIRFLOW_CTX_TRY_NUMBER='1' AIRFLOW_CTX_DAG_RUN_ID='scheduled__2024-05-30T08:20:00+00:00'
[2024-06-05T00:59:51.723+0000] {taskinstance.py:430} INFO - ::endgroup::
[2024-06-05T00:59:51.728+0000] {python.py:237} INFO - Done. Returned value was: None
[2024-06-05T00:59:51.729+0000] {taskinstance.py:441} INFO - ::group::Post task execution logs
[2024-06-05T00:59:51.749+0000] {taskinstance.py:1206} INFO - Marking task as SUCCESS. dag_id=dados_climaticos_estruturados, task_id=criar_pasta, run_id=scheduled__2024-05-30T08:20:00+00:00, execution_date=20240530T082000, start_date=20240605T005951, end_date=20240605T005951
[2024-06-05T00:59:51.818+0000] {local_task_job_runner.py:240} INFO - Task exited with return code 0
[2024-06-05T00:59:51.837+0000] {local_task_job_runner.py:222} INFO - ::endgroup::
[2024-06-05T01:39:41.386+0000] {local_task_job_runner.py:120} INFO - ::group::Pre task execution logs
[2024-06-05T01:39:41.448+0000] {taskinstance.py:2076} INFO - Dependencies all met for dep_context=non-requeueable deps ti=<TaskInstance: dados_climaticos_estruturados.criar_pasta scheduled__2024-05-30T08:20:00+00:00 [queued]>
[2024-06-05T01:39:41.463+0000] {taskinstance.py:2076} INFO - Dependencies all met for dep_context=requeueable deps ti=<TaskInstance: dados_climaticos_estruturados.criar_pasta scheduled__2024-05-30T08:20:00+00:00 [queued]>
[2024-06-05T01:39:41.468+0000] {taskinstance.py:2306} INFO - Starting attempt 1 of 1
[2024-06-05T01:39:41.520+0000] {taskinstance.py:2330} INFO - Executing <Task(PythonOperator): criar_pasta> on 2024-05-30 08:20:00+00:00
[2024-06-05T01:39:41.533+0000] {warnings.py:110} WARNING - /home/***/.local/lib/python3.12/site-packages/***/task/task_runner/standard_task_runner.py:61: DeprecationWarning: This process (pid=2631) is multi-threaded, use of fork() may lead to deadlocks in the child.
  pid = os.fork()

[2024-06-05T01:39:41.536+0000] {standard_task_runner.py:63} INFO - Started process 2662 to run task
[2024-06-05T01:39:41.540+0000] {standard_task_runner.py:90} INFO - Running: ['***', 'tasks', 'run', 'dados_climaticos_estruturados', 'criar_pasta', 'scheduled__2024-05-30T08:20:00+00:00', '--job-id', '833', '--raw', '--subdir', 'DAGS_FOLDER/weather/custom_dags/dados_climaticos_estruturados.py', '--cfg-path', '/tmp/tmpfvg0ejpl']
[2024-06-05T01:39:41.545+0000] {standard_task_runner.py:91} INFO - Job 833: Subtask criar_pasta
[2024-06-05T01:39:41.714+0000] {task_command.py:426} INFO - Running <TaskInstance: dados_climaticos_estruturados.criar_pasta scheduled__2024-05-30T08:20:00+00:00 [running]> on host 80232deae70a
[2024-06-05T01:39:41.951+0000] {taskinstance.py:2648} INFO - Exporting env vars: AIRFLOW_CTX_DAG_OWNER='***' AIRFLOW_CTX_DAG_ID='dados_climaticos_estruturados' AIRFLOW_CTX_TASK_ID='criar_pasta' AIRFLOW_CTX_EXECUTION_DATE='2024-05-30T08:20:00+00:00' AIRFLOW_CTX_TRY_NUMBER='1' AIRFLOW_CTX_DAG_RUN_ID='scheduled__2024-05-30T08:20:00+00:00'
[2024-06-05T01:39:41.954+0000] {taskinstance.py:430} INFO - ::endgroup::
[2024-06-05T01:39:41.957+0000] {python.py:237} INFO - Done. Returned value was: None
[2024-06-05T01:39:41.960+0000] {taskinstance.py:441} INFO - ::group::Post task execution logs
[2024-06-05T01:39:41.989+0000] {taskinstance.py:1206} INFO - Marking task as SUCCESS. dag_id=dados_climaticos_estruturados, task_id=criar_pasta, run_id=scheduled__2024-05-30T08:20:00+00:00, execution_date=20240530T082000, start_date=20240605T013941, end_date=20240605T013941
[2024-06-05T01:39:42.054+0000] {local_task_job_runner.py:240} INFO - Task exited with return code 0
[2024-06-05T01:39:42.108+0000] {taskinstance.py:3498} INFO - 1 downstream tasks scheduled from follow-on schedule check
[2024-06-05T01:39:42.117+0000] {local_task_job_runner.py:222} INFO - ::endgroup::
