[2024-06-05T01:00:10.530+0000] {local_task_job_runner.py:120} INFO - ::group::Pre task execution logs
[2024-06-05T01:00:10.633+0000] {taskinstance.py:2076} INFO - Dependencies all met for dep_context=non-requeueable deps ti=<TaskInstance: dados_climaticos_estruturados.criar_pasta scheduled__2024-05-30T09:25:00+00:00 [queued]>
[2024-06-05T01:00:10.690+0000] {taskinstance.py:2076} INFO - Dependencies all met for dep_context=requeueable deps ti=<TaskInstance: dados_climaticos_estruturados.criar_pasta scheduled__2024-05-30T09:25:00+00:00 [queued]>
[2024-06-05T01:00:10.691+0000] {taskinstance.py:2306} INFO - Starting attempt 1 of 1
[2024-06-05T01:00:10.871+0000] {taskinstance.py:2330} INFO - Executing <Task(PythonOperator): criar_pasta> on 2024-05-30 09:25:00+00:00
[2024-06-05T01:00:10.911+0000] {standard_task_runner.py:90} INFO - Running: ['***', 'tasks', 'run', 'dados_climaticos_estruturados', 'criar_pasta', 'scheduled__2024-05-30T09:25:00+00:00', '--job-id', '1248', '--raw', '--subdir', 'DAGS_FOLDER/weather/custom_dags/dados_climaticos_estruturados.py', '--cfg-path', '/tmp/tmpmfuy5dng']
[2024-06-05T01:00:10.916+0000] {standard_task_runner.py:91} INFO - Job 1248: Subtask criar_pasta
[2024-06-05T01:00:10.918+0000] {warnings.py:110} WARNING - /home/***/.local/lib/python3.12/site-packages/***/task/task_runner/standard_task_runner.py:61: DeprecationWarning: This process (pid=2723) is multi-threaded, use of fork() may lead to deadlocks in the child.
  pid = os.fork()

[2024-06-05T01:00:10.926+0000] {standard_task_runner.py:63} INFO - Started process 2754 to run task
[2024-06-05T01:00:11.080+0000] {task_command.py:426} INFO - Running <TaskInstance: dados_climaticos_estruturados.criar_pasta scheduled__2024-05-30T09:25:00+00:00 [running]> on host 6665b0710315
[2024-06-05T01:00:11.422+0000] {taskinstance.py:2648} INFO - Exporting env vars: AIRFLOW_CTX_DAG_OWNER='***' AIRFLOW_CTX_DAG_ID='dados_climaticos_estruturados' AIRFLOW_CTX_TASK_ID='criar_pasta' AIRFLOW_CTX_EXECUTION_DATE='2024-05-30T09:25:00+00:00' AIRFLOW_CTX_TRY_NUMBER='1' AIRFLOW_CTX_DAG_RUN_ID='scheduled__2024-05-30T09:25:00+00:00'
[2024-06-05T01:00:11.427+0000] {taskinstance.py:430} INFO - ::endgroup::
[2024-06-05T01:00:11.432+0000] {python.py:237} INFO - Done. Returned value was: None
[2024-06-05T01:00:11.434+0000] {taskinstance.py:441} INFO - ::group::Post task execution logs
[2024-06-05T01:00:11.470+0000] {taskinstance.py:1206} INFO - Marking task as SUCCESS. dag_id=dados_climaticos_estruturados, task_id=criar_pasta, run_id=scheduled__2024-05-30T09:25:00+00:00, execution_date=20240530T092500, start_date=20240605T010010, end_date=20240605T010011
[2024-06-05T01:00:11.567+0000] {local_task_job_runner.py:240} INFO - Task exited with return code 0
[2024-06-05T01:00:11.613+0000] {taskinstance.py:3498} INFO - 1 downstream tasks scheduled from follow-on schedule check
[2024-06-05T01:00:11.621+0000] {local_task_job_runner.py:222} INFO - ::endgroup::
[2024-06-05T01:39:59.457+0000] {local_task_job_runner.py:120} INFO - ::group::Pre task execution logs
[2024-06-05T01:39:59.494+0000] {taskinstance.py:2076} INFO - Dependencies all met for dep_context=non-requeueable deps ti=<TaskInstance: dados_climaticos_estruturados.criar_pasta scheduled__2024-05-30T09:25:00+00:00 [queued]>
[2024-06-05T01:39:59.508+0000] {taskinstance.py:2076} INFO - Dependencies all met for dep_context=requeueable deps ti=<TaskInstance: dados_climaticos_estruturados.criar_pasta scheduled__2024-05-30T09:25:00+00:00 [queued]>
[2024-06-05T01:39:59.509+0000] {taskinstance.py:2306} INFO - Starting attempt 1 of 1
[2024-06-05T01:39:59.536+0000] {taskinstance.py:2330} INFO - Executing <Task(PythonOperator): criar_pasta> on 2024-05-30 09:25:00+00:00
[2024-06-05T01:39:59.549+0000] {warnings.py:110} WARNING - /home/***/.local/lib/python3.12/site-packages/***/task/task_runner/standard_task_runner.py:61: DeprecationWarning: This process (pid=2725) is multi-threaded, use of fork() may lead to deadlocks in the child.
  pid = os.fork()

[2024-06-05T01:39:59.554+0000] {standard_task_runner.py:63} INFO - Started process 2747 to run task
[2024-06-05T01:39:59.553+0000] {standard_task_runner.py:90} INFO - Running: ['***', 'tasks', 'run', 'dados_climaticos_estruturados', 'criar_pasta', 'scheduled__2024-05-30T09:25:00+00:00', '--job-id', '864', '--raw', '--subdir', 'DAGS_FOLDER/weather/custom_dags/dados_climaticos_estruturados.py', '--cfg-path', '/tmp/tmpqfic_07h']
[2024-06-05T01:39:59.557+0000] {standard_task_runner.py:91} INFO - Job 864: Subtask criar_pasta
[2024-06-05T01:39:59.646+0000] {task_command.py:426} INFO - Running <TaskInstance: dados_climaticos_estruturados.criar_pasta scheduled__2024-05-30T09:25:00+00:00 [running]> on host 80232deae70a
[2024-06-05T01:39:59.831+0000] {taskinstance.py:2648} INFO - Exporting env vars: AIRFLOW_CTX_DAG_OWNER='***' AIRFLOW_CTX_DAG_ID='dados_climaticos_estruturados' AIRFLOW_CTX_TASK_ID='criar_pasta' AIRFLOW_CTX_EXECUTION_DATE='2024-05-30T09:25:00+00:00' AIRFLOW_CTX_TRY_NUMBER='1' AIRFLOW_CTX_DAG_RUN_ID='scheduled__2024-05-30T09:25:00+00:00'
[2024-06-05T01:39:59.834+0000] {taskinstance.py:430} INFO - ::endgroup::
[2024-06-05T01:39:59.842+0000] {python.py:237} INFO - Done. Returned value was: None
[2024-06-05T01:39:59.843+0000] {taskinstance.py:441} INFO - ::group::Post task execution logs
[2024-06-05T01:39:59.872+0000] {taskinstance.py:1206} INFO - Marking task as SUCCESS. dag_id=dados_climaticos_estruturados, task_id=criar_pasta, run_id=scheduled__2024-05-30T09:25:00+00:00, execution_date=20240530T092500, start_date=20240605T013959, end_date=20240605T013959
[2024-06-05T01:39:59.951+0000] {local_task_job_runner.py:240} INFO - Task exited with return code 0
[2024-06-05T01:40:00.003+0000] {taskinstance.py:3498} INFO - 1 downstream tasks scheduled from follow-on schedule check
[2024-06-05T01:40:00.025+0000] {local_task_job_runner.py:222} INFO - ::endgroup::
