[2024-06-05T01:05:38.335+0000] {local_task_job_runner.py:120} INFO - ::group::Pre task execution logs
[2024-06-05T01:05:38.356+0000] {taskinstance.py:2076} INFO - Dependencies all met for dep_context=non-requeueable deps ti=<TaskInstance: dados_climaticos_estruturados.criar_pasta scheduled__2024-05-31T11:10:00+00:00 [queued]>
[2024-06-05T01:05:38.364+0000] {taskinstance.py:2076} INFO - Dependencies all met for dep_context=requeueable deps ti=<TaskInstance: dados_climaticos_estruturados.criar_pasta scheduled__2024-05-31T11:10:00+00:00 [queued]>
[2024-06-05T01:05:38.365+0000] {taskinstance.py:2306} INFO - Starting attempt 1 of 1
[2024-06-05T01:05:38.378+0000] {taskinstance.py:2330} INFO - Executing <Task(PythonOperator): criar_pasta> on 2024-05-31 11:10:00+00:00
[2024-06-05T01:05:38.384+0000] {warnings.py:110} WARNING - /home/***/.local/lib/python3.12/site-packages/***/task/task_runner/standard_task_runner.py:61: DeprecationWarning: This process (pid=4675) is multi-threaded, use of fork() may lead to deadlocks in the child.
  pid = os.fork()

[2024-06-05T01:05:38.386+0000] {standard_task_runner.py:63} INFO - Started process 4677 to run task
[2024-06-05T01:05:38.387+0000] {standard_task_runner.py:90} INFO - Running: ['***', 'tasks', 'run', 'dados_climaticos_estruturados', 'criar_pasta', 'scheduled__2024-05-31T11:10:00+00:00', '--job-id', '1875', '--raw', '--subdir', 'DAGS_FOLDER/weather/custom_dags/dados_climaticos_estruturados.py', '--cfg-path', '/tmp/tmplb3tgsz3']
[2024-06-05T01:05:38.389+0000] {standard_task_runner.py:91} INFO - Job 1875: Subtask criar_pasta
[2024-06-05T01:05:38.441+0000] {task_command.py:426} INFO - Running <TaskInstance: dados_climaticos_estruturados.criar_pasta scheduled__2024-05-31T11:10:00+00:00 [running]> on host 6665b0710315
[2024-06-05T01:05:38.529+0000] {taskinstance.py:2648} INFO - Exporting env vars: AIRFLOW_CTX_DAG_OWNER='***' AIRFLOW_CTX_DAG_ID='dados_climaticos_estruturados' AIRFLOW_CTX_TASK_ID='criar_pasta' AIRFLOW_CTX_EXECUTION_DATE='2024-05-31T11:10:00+00:00' AIRFLOW_CTX_TRY_NUMBER='1' AIRFLOW_CTX_DAG_RUN_ID='scheduled__2024-05-31T11:10:00+00:00'
[2024-06-05T01:05:38.531+0000] {taskinstance.py:430} INFO - ::endgroup::
[2024-06-05T01:05:38.532+0000] {python.py:237} INFO - Done. Returned value was: None
[2024-06-05T01:05:38.532+0000] {taskinstance.py:441} INFO - ::group::Post task execution logs
[2024-06-05T01:05:38.543+0000] {taskinstance.py:1206} INFO - Marking task as SUCCESS. dag_id=dados_climaticos_estruturados, task_id=criar_pasta, run_id=scheduled__2024-05-31T11:10:00+00:00, execution_date=20240531T111000, start_date=20240605T010538, end_date=20240605T010538
[2024-06-05T01:05:38.567+0000] {local_task_job_runner.py:240} INFO - Task exited with return code 0
[2024-06-05T01:05:38.592+0000] {taskinstance.py:3498} INFO - 1 downstream tasks scheduled from follow-on schedule check
[2024-06-05T01:05:38.595+0000] {local_task_job_runner.py:222} INFO - ::endgroup::
[2024-06-05T01:44:56.181+0000] {local_task_job_runner.py:120} INFO - ::group::Pre task execution logs
[2024-06-05T01:44:56.246+0000] {taskinstance.py:2076} INFO - Dependencies all met for dep_context=non-requeueable deps ti=<TaskInstance: dados_climaticos_estruturados.criar_pasta scheduled__2024-05-31T11:10:00+00:00 [queued]>
[2024-06-05T01:44:56.262+0000] {taskinstance.py:2076} INFO - Dependencies all met for dep_context=requeueable deps ti=<TaskInstance: dados_climaticos_estruturados.criar_pasta scheduled__2024-05-31T11:10:00+00:00 [queued]>
[2024-06-05T01:44:56.264+0000] {taskinstance.py:2306} INFO - Starting attempt 1 of 1
[2024-06-05T01:44:56.295+0000] {taskinstance.py:2330} INFO - Executing <Task(PythonOperator): criar_pasta> on 2024-05-31 11:10:00+00:00
[2024-06-05T01:44:56.311+0000] {warnings.py:110} WARNING - /home/***/.local/lib/python3.12/site-packages/***/task/task_runner/standard_task_runner.py:61: DeprecationWarning: This process (pid=4629) is multi-threaded, use of fork() may lead to deadlocks in the child.
  pid = os.fork()

[2024-06-05T01:44:56.321+0000] {standard_task_runner.py:63} INFO - Started process 4650 to run task
[2024-06-05T01:44:56.318+0000] {standard_task_runner.py:90} INFO - Running: ['***', 'tasks', 'run', 'dados_climaticos_estruturados', 'criar_pasta', 'scheduled__2024-05-31T11:10:00+00:00', '--job-id', '1478', '--raw', '--subdir', 'DAGS_FOLDER/weather/custom_dags/dados_climaticos_estruturados.py', '--cfg-path', '/tmp/tmp4l28cxxj']
[2024-06-05T01:44:56.325+0000] {standard_task_runner.py:91} INFO - Job 1478: Subtask criar_pasta
[2024-06-05T01:44:56.442+0000] {task_command.py:426} INFO - Running <TaskInstance: dados_climaticos_estruturados.criar_pasta scheduled__2024-05-31T11:10:00+00:00 [running]> on host 80232deae70a
[2024-06-05T01:44:56.656+0000] {taskinstance.py:2648} INFO - Exporting env vars: AIRFLOW_CTX_DAG_OWNER='***' AIRFLOW_CTX_DAG_ID='dados_climaticos_estruturados' AIRFLOW_CTX_TASK_ID='criar_pasta' AIRFLOW_CTX_EXECUTION_DATE='2024-05-31T11:10:00+00:00' AIRFLOW_CTX_TRY_NUMBER='1' AIRFLOW_CTX_DAG_RUN_ID='scheduled__2024-05-31T11:10:00+00:00'
[2024-06-05T01:44:56.660+0000] {taskinstance.py:430} INFO - ::endgroup::
[2024-06-05T01:44:56.662+0000] {python.py:237} INFO - Done. Returned value was: None
[2024-06-05T01:44:56.663+0000] {taskinstance.py:441} INFO - ::group::Post task execution logs
[2024-06-05T01:44:56.682+0000] {taskinstance.py:1206} INFO - Marking task as SUCCESS. dag_id=dados_climaticos_estruturados, task_id=criar_pasta, run_id=scheduled__2024-05-31T11:10:00+00:00, execution_date=20240531T111000, start_date=20240605T014456, end_date=20240605T014456
[2024-06-05T01:44:56.753+0000] {local_task_job_runner.py:240} INFO - Task exited with return code 0
[2024-06-05T01:44:56.787+0000] {taskinstance.py:3498} INFO - 1 downstream tasks scheduled from follow-on schedule check
[2024-06-05T01:44:56.798+0000] {local_task_job_runner.py:222} INFO - ::endgroup::
