[2024-06-05T00:57:26.739+0000] {local_task_job_runner.py:120} INFO - ::group::Pre task execution logs
[2024-06-05T00:57:26.786+0000] {taskinstance.py:2076} INFO - Dependencies all met for dep_context=non-requeueable deps ti=<TaskInstance: dados_climaticos_estruturados.criar_pasta scheduled__2024-05-29T20:30:00+00:00 [queued]>
[2024-06-05T00:57:26.802+0000] {taskinstance.py:2076} INFO - Dependencies all met for dep_context=requeueable deps ti=<TaskInstance: dados_climaticos_estruturados.criar_pasta scheduled__2024-05-29T20:30:00+00:00 [queued]>
[2024-06-05T00:57:26.803+0000] {taskinstance.py:2306} INFO - Starting attempt 1 of 1
[2024-06-05T00:57:26.828+0000] {taskinstance.py:2330} INFO - Executing <Task(PythonOperator): criar_pasta> on 2024-05-29 20:30:00+00:00
[2024-06-05T00:57:26.841+0000] {warnings.py:110} WARNING - /home/***/.local/lib/python3.12/site-packages/***/task/task_runner/standard_task_runner.py:61: DeprecationWarning: This process (pid=1779) is multi-threaded, use of fork() may lead to deadlocks in the child.
  pid = os.fork()

[2024-06-05T00:57:26.845+0000] {standard_task_runner.py:63} INFO - Started process 1796 to run task
[2024-06-05T00:57:26.844+0000] {standard_task_runner.py:90} INFO - Running: ['***', 'tasks', 'run', 'dados_climaticos_estruturados', 'criar_pasta', 'scheduled__2024-05-29T20:30:00+00:00', '--job-id', '942', '--raw', '--subdir', 'DAGS_FOLDER/weather/custom_dags/dados_climaticos_estruturados.py', '--cfg-path', '/tmp/tmpyvk3sft9']
[2024-06-05T00:57:26.846+0000] {standard_task_runner.py:91} INFO - Job 942: Subtask criar_pasta
[2024-06-05T00:57:26.931+0000] {task_command.py:426} INFO - Running <TaskInstance: dados_climaticos_estruturados.criar_pasta scheduled__2024-05-29T20:30:00+00:00 [running]> on host 6665b0710315
[2024-06-05T00:57:27.074+0000] {taskinstance.py:2648} INFO - Exporting env vars: AIRFLOW_CTX_DAG_OWNER='***' AIRFLOW_CTX_DAG_ID='dados_climaticos_estruturados' AIRFLOW_CTX_TASK_ID='criar_pasta' AIRFLOW_CTX_EXECUTION_DATE='2024-05-29T20:30:00+00:00' AIRFLOW_CTX_TRY_NUMBER='1' AIRFLOW_CTX_DAG_RUN_ID='scheduled__2024-05-29T20:30:00+00:00'
[2024-06-05T00:57:27.077+0000] {taskinstance.py:430} INFO - ::endgroup::
[2024-06-05T00:57:27.079+0000] {python.py:237} INFO - Done. Returned value was: None
[2024-06-05T00:57:27.080+0000] {taskinstance.py:441} INFO - ::group::Post task execution logs
[2024-06-05T00:57:27.099+0000] {taskinstance.py:1206} INFO - Marking task as SUCCESS. dag_id=dados_climaticos_estruturados, task_id=criar_pasta, run_id=scheduled__2024-05-29T20:30:00+00:00, execution_date=20240529T203000, start_date=20240605T005726, end_date=20240605T005727
[2024-06-05T00:57:27.155+0000] {local_task_job_runner.py:240} INFO - Task exited with return code 0
[2024-06-05T00:57:27.190+0000] {taskinstance.py:3498} INFO - 1 downstream tasks scheduled from follow-on schedule check
[2024-06-05T00:57:27.201+0000] {local_task_job_runner.py:222} INFO - ::endgroup::
[2024-06-05T01:37:28.700+0000] {local_task_job_runner.py:120} INFO - ::group::Pre task execution logs
[2024-06-05T01:37:28.750+0000] {taskinstance.py:2076} INFO - Dependencies all met for dep_context=non-requeueable deps ti=<TaskInstance: dados_climaticos_estruturados.criar_pasta scheduled__2024-05-29T20:30:00+00:00 [queued]>
[2024-06-05T01:37:28.766+0000] {taskinstance.py:2076} INFO - Dependencies all met for dep_context=requeueable deps ti=<TaskInstance: dados_climaticos_estruturados.criar_pasta scheduled__2024-05-29T20:30:00+00:00 [queued]>
[2024-06-05T01:37:28.767+0000] {taskinstance.py:2306} INFO - Starting attempt 1 of 1
[2024-06-05T01:37:28.795+0000] {taskinstance.py:2330} INFO - Executing <Task(PythonOperator): criar_pasta> on 2024-05-29 20:30:00+00:00
[2024-06-05T01:37:28.814+0000] {warnings.py:110} WARNING - /home/***/.local/lib/python3.12/site-packages/***/task/task_runner/standard_task_runner.py:61: DeprecationWarning: This process (pid=1763) is multi-threaded, use of fork() may lead to deadlocks in the child.
  pid = os.fork()

[2024-06-05T01:37:28.818+0000] {standard_task_runner.py:63} INFO - Started process 1784 to run task
[2024-06-05T01:37:28.817+0000] {standard_task_runner.py:90} INFO - Running: ['***', 'tasks', 'run', 'dados_climaticos_estruturados', 'criar_pasta', 'scheduled__2024-05-29T20:30:00+00:00', '--job-id', '554', '--raw', '--subdir', 'DAGS_FOLDER/weather/custom_dags/dados_climaticos_estruturados.py', '--cfg-path', '/tmp/tmpo6ig_w0s']
[2024-06-05T01:37:28.822+0000] {standard_task_runner.py:91} INFO - Job 554: Subtask criar_pasta
[2024-06-05T01:37:28.936+0000] {task_command.py:426} INFO - Running <TaskInstance: dados_climaticos_estruturados.criar_pasta scheduled__2024-05-29T20:30:00+00:00 [running]> on host 80232deae70a
[2024-06-05T01:37:29.186+0000] {taskinstance.py:2648} INFO - Exporting env vars: AIRFLOW_CTX_DAG_OWNER='***' AIRFLOW_CTX_DAG_ID='dados_climaticos_estruturados' AIRFLOW_CTX_TASK_ID='criar_pasta' AIRFLOW_CTX_EXECUTION_DATE='2024-05-29T20:30:00+00:00' AIRFLOW_CTX_TRY_NUMBER='1' AIRFLOW_CTX_DAG_RUN_ID='scheduled__2024-05-29T20:30:00+00:00'
[2024-06-05T01:37:29.191+0000] {taskinstance.py:430} INFO - ::endgroup::
[2024-06-05T01:37:29.197+0000] {python.py:237} INFO - Done. Returned value was: None
[2024-06-05T01:37:29.205+0000] {taskinstance.py:441} INFO - ::group::Post task execution logs
[2024-06-05T01:37:29.226+0000] {taskinstance.py:1206} INFO - Marking task as SUCCESS. dag_id=dados_climaticos_estruturados, task_id=criar_pasta, run_id=scheduled__2024-05-29T20:30:00+00:00, execution_date=20240529T203000, start_date=20240605T013728, end_date=20240605T013729
[2024-06-05T01:37:29.307+0000] {local_task_job_runner.py:240} INFO - Task exited with return code 0
[2024-06-05T01:37:29.363+0000] {taskinstance.py:3498} INFO - 1 downstream tasks scheduled from follow-on schedule check
[2024-06-05T01:37:29.366+0000] {local_task_job_runner.py:222} INFO - ::endgroup::
