[2024-05-25T19:03:36.467+0000] {processor.py:161} INFO - Started process (PID=54) to work on /home/airflow/.local/lib/python3.12/site-packages/airflow/example_dags/example_branch_operator.py
[2024-05-25T19:03:36.468+0000] {processor.py:830} INFO - Processing file /home/airflow/.local/lib/python3.12/site-packages/airflow/example_dags/example_branch_operator.py for tasks to queue
[2024-05-25T19:03:36.470+0000] {logging_mixin.py:188} INFO - [2024-05-25T19:03:36.469+0000] {dagbag.py:545} INFO - Filling up the DagBag from /home/airflow/.local/lib/python3.12/site-packages/airflow/example_dags/example_branch_operator.py
[2024-05-25T19:03:36.487+0000] {processor.py:840} INFO - DAG(s) 'example_branch_operator' retrieved from /home/airflow/.local/lib/python3.12/site-packages/airflow/example_dags/example_branch_operator.py
[2024-05-25T19:03:36.585+0000] {logging_mixin.py:188} INFO - [2024-05-25T19:03:36.584+0000] {override.py:1829} INFO - Created Permission View: can edit on DAG:example_branch_operator
[2024-05-25T19:03:36.593+0000] {logging_mixin.py:188} INFO - [2024-05-25T19:03:36.593+0000] {override.py:1829} INFO - Created Permission View: can read on DAG:example_branch_operator
[2024-05-25T19:03:36.598+0000] {logging_mixin.py:188} INFO - [2024-05-25T19:03:36.597+0000] {override.py:1829} INFO - Created Permission View: can delete on DAG:example_branch_operator
[2024-05-25T19:03:36.598+0000] {logging_mixin.py:188} INFO - [2024-05-25T19:03:36.598+0000] {dag.py:3096} INFO - Sync 1 DAGs
[2024-05-25T19:03:36.607+0000] {logging_mixin.py:188} INFO - [2024-05-25T19:03:36.606+0000] {dag.py:3118} INFO - Creating ORM DAG for example_branch_operator
[2024-05-25T19:03:36.617+0000] {logging_mixin.py:188} INFO - [2024-05-25T19:03:36.617+0000] {dag.py:3954} INFO - Setting next_dagrun for example_branch_operator to 2024-05-24 00:00:00+00:00, run_after=2024-05-25 00:00:00+00:00
[2024-05-25T19:03:36.630+0000] {processor.py:183} INFO - Processing /home/airflow/.local/lib/python3.12/site-packages/airflow/example_dags/example_branch_operator.py took 0.169 seconds
[2024-05-25T19:04:06.706+0000] {processor.py:161} INFO - Started process (PID=114) to work on /home/airflow/.local/lib/python3.12/site-packages/airflow/example_dags/example_branch_operator.py
[2024-05-25T19:04:06.707+0000] {processor.py:830} INFO - Processing file /home/airflow/.local/lib/python3.12/site-packages/airflow/example_dags/example_branch_operator.py for tasks to queue
[2024-05-25T19:04:06.709+0000] {logging_mixin.py:188} INFO - [2024-05-25T19:04:06.708+0000] {dagbag.py:545} INFO - Filling up the DagBag from /home/airflow/.local/lib/python3.12/site-packages/airflow/example_dags/example_branch_operator.py
[2024-05-25T19:04:06.722+0000] {processor.py:840} INFO - DAG(s) 'example_branch_operator' retrieved from /home/airflow/.local/lib/python3.12/site-packages/airflow/example_dags/example_branch_operator.py
[2024-05-25T19:04:06.743+0000] {logging_mixin.py:188} INFO - [2024-05-25T19:04:06.742+0000] {dag.py:3096} INFO - Sync 1 DAGs
[2024-05-25T19:04:06.760+0000] {logging_mixin.py:188} INFO - [2024-05-25T19:04:06.760+0000] {dag.py:3954} INFO - Setting next_dagrun for example_branch_operator to 2024-05-24 00:00:00+00:00, run_after=2024-05-25 00:00:00+00:00
[2024-05-25T19:04:06.774+0000] {processor.py:183} INFO - Processing /home/airflow/.local/lib/python3.12/site-packages/airflow/example_dags/example_branch_operator.py took 0.073 seconds
[2024-05-25T19:04:37.291+0000] {processor.py:161} INFO - Started process (PID=174) to work on /home/airflow/.local/lib/python3.12/site-packages/airflow/example_dags/example_branch_operator.py
[2024-05-25T19:04:37.292+0000] {processor.py:830} INFO - Processing file /home/airflow/.local/lib/python3.12/site-packages/airflow/example_dags/example_branch_operator.py for tasks to queue
[2024-05-25T19:04:37.294+0000] {logging_mixin.py:188} INFO - [2024-05-25T19:04:37.293+0000] {dagbag.py:545} INFO - Filling up the DagBag from /home/airflow/.local/lib/python3.12/site-packages/airflow/example_dags/example_branch_operator.py
[2024-05-25T19:04:37.313+0000] {processor.py:840} INFO - DAG(s) 'example_branch_operator' retrieved from /home/airflow/.local/lib/python3.12/site-packages/airflow/example_dags/example_branch_operator.py
[2024-05-25T19:04:37.336+0000] {logging_mixin.py:188} INFO - [2024-05-25T19:04:37.335+0000] {dag.py:3096} INFO - Sync 1 DAGs
[2024-05-25T19:04:37.355+0000] {logging_mixin.py:188} INFO - [2024-05-25T19:04:37.355+0000] {dag.py:3954} INFO - Setting next_dagrun for example_branch_operator to 2024-05-24 00:00:00+00:00, run_after=2024-05-25 00:00:00+00:00
[2024-05-25T19:04:37.371+0000] {processor.py:183} INFO - Processing /home/airflow/.local/lib/python3.12/site-packages/airflow/example_dags/example_branch_operator.py took 0.087 seconds
[2024-05-25T19:05:08.463+0000] {processor.py:161} INFO - Started process (PID=234) to work on /home/airflow/.local/lib/python3.12/site-packages/airflow/example_dags/example_branch_operator.py
[2024-05-25T19:05:08.465+0000] {processor.py:830} INFO - Processing file /home/airflow/.local/lib/python3.12/site-packages/airflow/example_dags/example_branch_operator.py for tasks to queue
[2024-05-25T19:05:08.469+0000] {logging_mixin.py:188} INFO - [2024-05-25T19:05:08.468+0000] {dagbag.py:545} INFO - Filling up the DagBag from /home/airflow/.local/lib/python3.12/site-packages/airflow/example_dags/example_branch_operator.py
[2024-05-25T19:05:08.492+0000] {processor.py:840} INFO - DAG(s) 'example_branch_operator' retrieved from /home/airflow/.local/lib/python3.12/site-packages/airflow/example_dags/example_branch_operator.py
[2024-05-25T19:05:08.533+0000] {logging_mixin.py:188} INFO - [2024-05-25T19:05:08.533+0000] {dag.py:3096} INFO - Sync 1 DAGs
[2024-05-25T19:05:08.569+0000] {logging_mixin.py:188} INFO - [2024-05-25T19:05:08.569+0000] {dag.py:3954} INFO - Setting next_dagrun for example_branch_operator to 2024-05-24 00:00:00+00:00, run_after=2024-05-25 00:00:00+00:00
[2024-05-25T19:05:08.613+0000] {processor.py:183} INFO - Processing /home/airflow/.local/lib/python3.12/site-packages/airflow/example_dags/example_branch_operator.py took 0.157 seconds
[2024-05-25T19:05:38.803+0000] {processor.py:161} INFO - Started process (PID=294) to work on /home/airflow/.local/lib/python3.12/site-packages/airflow/example_dags/example_branch_operator.py
[2024-05-25T19:05:38.803+0000] {processor.py:830} INFO - Processing file /home/airflow/.local/lib/python3.12/site-packages/airflow/example_dags/example_branch_operator.py for tasks to queue
[2024-05-25T19:05:38.805+0000] {logging_mixin.py:188} INFO - [2024-05-25T19:05:38.805+0000] {dagbag.py:545} INFO - Filling up the DagBag from /home/airflow/.local/lib/python3.12/site-packages/airflow/example_dags/example_branch_operator.py
[2024-05-25T19:05:38.823+0000] {processor.py:840} INFO - DAG(s) 'example_branch_operator' retrieved from /home/airflow/.local/lib/python3.12/site-packages/airflow/example_dags/example_branch_operator.py
[2024-05-25T19:05:38.857+0000] {logging_mixin.py:188} INFO - [2024-05-25T19:05:38.856+0000] {dag.py:3096} INFO - Sync 1 DAGs
[2024-05-25T19:05:38.887+0000] {logging_mixin.py:188} INFO - [2024-05-25T19:05:38.886+0000] {dag.py:3954} INFO - Setting next_dagrun for example_branch_operator to 2024-05-24 00:00:00+00:00, run_after=2024-05-25 00:00:00+00:00
[2024-05-25T19:05:38.906+0000] {processor.py:183} INFO - Processing /home/airflow/.local/lib/python3.12/site-packages/airflow/example_dags/example_branch_operator.py took 0.110 seconds
