[2024-05-25T19:03:38.579+0000] {processor.py:161} INFO - Started process (PID=78) to work on /home/airflow/.local/lib/python3.12/site-packages/airflow/example_dags/example_python_operator.py
[2024-05-25T19:03:38.580+0000] {processor.py:830} INFO - Processing file /home/airflow/.local/lib/python3.12/site-packages/airflow/example_dags/example_python_operator.py for tasks to queue
[2024-05-25T19:03:38.582+0000] {logging_mixin.py:188} INFO - [2024-05-25T19:03:38.582+0000] {dagbag.py:545} INFO - Filling up the DagBag from /home/airflow/.local/lib/python3.12/site-packages/airflow/example_dags/example_python_operator.py
[2024-05-25T19:03:38.596+0000] {processor.py:840} INFO - DAG(s) 'example_python_operator' retrieved from /home/airflow/.local/lib/python3.12/site-packages/airflow/example_dags/example_python_operator.py
[2024-05-25T19:03:38.707+0000] {logging_mixin.py:188} INFO - [2024-05-25T19:03:38.706+0000] {override.py:1829} INFO - Created Permission View: can edit on DAG:example_python_operator
[2024-05-25T19:03:38.715+0000] {logging_mixin.py:188} INFO - [2024-05-25T19:03:38.715+0000] {override.py:1829} INFO - Created Permission View: can read on DAG:example_python_operator
[2024-05-25T19:03:38.720+0000] {logging_mixin.py:188} INFO - [2024-05-25T19:03:38.720+0000] {override.py:1829} INFO - Created Permission View: can delete on DAG:example_python_operator
[2024-05-25T19:03:38.721+0000] {logging_mixin.py:188} INFO - [2024-05-25T19:03:38.721+0000] {dag.py:3096} INFO - Sync 1 DAGs
[2024-05-25T19:03:38.730+0000] {logging_mixin.py:188} INFO - [2024-05-25T19:03:38.730+0000] {dag.py:3118} INFO - Creating ORM DAG for example_python_operator
[2024-05-25T19:03:38.731+0000] {logging_mixin.py:188} INFO - [2024-05-25T19:03:38.731+0000] {dag.py:3954} INFO - Setting next_dagrun for example_python_operator to None, run_after=None
[2024-05-25T19:03:38.744+0000] {processor.py:183} INFO - Processing /home/airflow/.local/lib/python3.12/site-packages/airflow/example_dags/example_python_operator.py took 0.170 seconds
[2024-05-25T19:04:08.927+0000] {processor.py:161} INFO - Started process (PID=138) to work on /home/airflow/.local/lib/python3.12/site-packages/airflow/example_dags/example_python_operator.py
[2024-05-25T19:04:08.928+0000] {processor.py:830} INFO - Processing file /home/airflow/.local/lib/python3.12/site-packages/airflow/example_dags/example_python_operator.py for tasks to queue
[2024-05-25T19:04:08.929+0000] {logging_mixin.py:188} INFO - [2024-05-25T19:04:08.929+0000] {dagbag.py:545} INFO - Filling up the DagBag from /home/airflow/.local/lib/python3.12/site-packages/airflow/example_dags/example_python_operator.py
[2024-05-25T19:04:08.937+0000] {processor.py:840} INFO - DAG(s) 'example_python_operator' retrieved from /home/airflow/.local/lib/python3.12/site-packages/airflow/example_dags/example_python_operator.py
[2024-05-25T19:04:08.955+0000] {logging_mixin.py:188} INFO - [2024-05-25T19:04:08.955+0000] {dag.py:3096} INFO - Sync 1 DAGs
[2024-05-25T19:04:08.965+0000] {logging_mixin.py:188} INFO - [2024-05-25T19:04:08.965+0000] {dag.py:3954} INFO - Setting next_dagrun for example_python_operator to None, run_after=None
[2024-05-25T19:04:08.978+0000] {processor.py:183} INFO - Processing /home/airflow/.local/lib/python3.12/site-packages/airflow/example_dags/example_python_operator.py took 0.057 seconds
[2024-05-25T19:04:39.921+0000] {processor.py:161} INFO - Started process (PID=198) to work on /home/airflow/.local/lib/python3.12/site-packages/airflow/example_dags/example_python_operator.py
[2024-05-25T19:04:39.922+0000] {processor.py:830} INFO - Processing file /home/airflow/.local/lib/python3.12/site-packages/airflow/example_dags/example_python_operator.py for tasks to queue
[2024-05-25T19:04:39.924+0000] {logging_mixin.py:188} INFO - [2024-05-25T19:04:39.924+0000] {dagbag.py:545} INFO - Filling up the DagBag from /home/airflow/.local/lib/python3.12/site-packages/airflow/example_dags/example_python_operator.py
[2024-05-25T19:04:39.934+0000] {processor.py:840} INFO - DAG(s) 'example_python_operator' retrieved from /home/airflow/.local/lib/python3.12/site-packages/airflow/example_dags/example_python_operator.py
[2024-05-25T19:04:39.960+0000] {logging_mixin.py:188} INFO - [2024-05-25T19:04:39.960+0000] {dag.py:3096} INFO - Sync 1 DAGs
[2024-05-25T19:04:39.973+0000] {logging_mixin.py:188} INFO - [2024-05-25T19:04:39.973+0000] {dag.py:3954} INFO - Setting next_dagrun for example_python_operator to None, run_after=None
[2024-05-25T19:04:39.994+0000] {processor.py:183} INFO - Processing /home/airflow/.local/lib/python3.12/site-packages/airflow/example_dags/example_python_operator.py took 0.079 seconds
[2024-05-25T19:05:10.339+0000] {processor.py:161} INFO - Started process (PID=258) to work on /home/airflow/.local/lib/python3.12/site-packages/airflow/example_dags/example_python_operator.py
[2024-05-25T19:05:10.341+0000] {processor.py:830} INFO - Processing file /home/airflow/.local/lib/python3.12/site-packages/airflow/example_dags/example_python_operator.py for tasks to queue
[2024-05-25T19:05:10.344+0000] {logging_mixin.py:188} INFO - [2024-05-25T19:05:10.343+0000] {dagbag.py:545} INFO - Filling up the DagBag from /home/airflow/.local/lib/python3.12/site-packages/airflow/example_dags/example_python_operator.py
[2024-05-25T19:05:10.359+0000] {processor.py:840} INFO - DAG(s) 'example_python_operator' retrieved from /home/airflow/.local/lib/python3.12/site-packages/airflow/example_dags/example_python_operator.py
[2024-05-25T19:05:10.389+0000] {logging_mixin.py:188} INFO - [2024-05-25T19:05:10.388+0000] {dag.py:3096} INFO - Sync 1 DAGs
[2024-05-25T19:05:10.407+0000] {logging_mixin.py:188} INFO - [2024-05-25T19:05:10.407+0000] {dag.py:3954} INFO - Setting next_dagrun for example_python_operator to None, run_after=None
[2024-05-25T19:05:10.430+0000] {processor.py:183} INFO - Processing /home/airflow/.local/lib/python3.12/site-packages/airflow/example_dags/example_python_operator.py took 0.100 seconds
[2024-05-25T19:05:41.381+0000] {processor.py:161} INFO - Started process (PID=318) to work on /home/airflow/.local/lib/python3.12/site-packages/airflow/example_dags/example_python_operator.py
[2024-05-25T19:05:41.382+0000] {processor.py:830} INFO - Processing file /home/airflow/.local/lib/python3.12/site-packages/airflow/example_dags/example_python_operator.py for tasks to queue
[2024-05-25T19:05:41.385+0000] {logging_mixin.py:188} INFO - [2024-05-25T19:05:41.385+0000] {dagbag.py:545} INFO - Filling up the DagBag from /home/airflow/.local/lib/python3.12/site-packages/airflow/example_dags/example_python_operator.py
[2024-05-25T19:05:41.400+0000] {processor.py:840} INFO - DAG(s) 'example_python_operator' retrieved from /home/airflow/.local/lib/python3.12/site-packages/airflow/example_dags/example_python_operator.py
[2024-05-25T19:05:41.428+0000] {logging_mixin.py:188} INFO - [2024-05-25T19:05:41.428+0000] {dag.py:3096} INFO - Sync 1 DAGs
[2024-05-25T19:05:41.448+0000] {logging_mixin.py:188} INFO - [2024-05-25T19:05:41.448+0000] {dag.py:3954} INFO - Setting next_dagrun for example_python_operator to None, run_after=None
[2024-05-25T19:05:41.490+0000] {processor.py:183} INFO - Processing /home/airflow/.local/lib/python3.12/site-packages/airflow/example_dags/example_python_operator.py took 0.116 seconds
