[2024-05-25T19:03:34.808+0000] {processor.py:161} INFO - Started process (PID=44) to work on /home/airflow/.local/lib/python3.12/site-packages/airflow/example_dags/example_external_task_marker_dag.py
[2024-05-25T19:03:34.810+0000] {processor.py:830} INFO - Processing file /home/airflow/.local/lib/python3.12/site-packages/airflow/example_dags/example_external_task_marker_dag.py for tasks to queue
[2024-05-25T19:03:34.812+0000] {logging_mixin.py:188} INFO - [2024-05-25T19:03:34.812+0000] {dagbag.py:545} INFO - Filling up the DagBag from /home/airflow/.local/lib/python3.12/site-packages/airflow/example_dags/example_external_task_marker_dag.py
[2024-05-25T19:03:34.825+0000] {processor.py:840} INFO - DAG(s) 'example_external_task_marker_parent', 'example_external_task_marker_child' retrieved from /home/airflow/.local/lib/python3.12/site-packages/airflow/example_dags/example_external_task_marker_dag.py
[2024-05-25T19:03:34.933+0000] {logging_mixin.py:188} INFO - [2024-05-25T19:03:34.932+0000] {override.py:1829} INFO - Created Permission View: can edit on DAG:example_external_task_marker_parent
[2024-05-25T19:03:34.945+0000] {logging_mixin.py:188} INFO - [2024-05-25T19:03:34.945+0000] {override.py:1829} INFO - Created Permission View: can read on DAG:example_external_task_marker_parent
[2024-05-25T19:03:34.951+0000] {logging_mixin.py:188} INFO - [2024-05-25T19:03:34.950+0000] {override.py:1829} INFO - Created Permission View: can delete on DAG:example_external_task_marker_parent
[2024-05-25T19:03:34.967+0000] {logging_mixin.py:188} INFO - [2024-05-25T19:03:34.967+0000] {override.py:1829} INFO - Created Permission View: can edit on DAG:example_external_task_marker_child
[2024-05-25T19:03:34.977+0000] {logging_mixin.py:188} INFO - [2024-05-25T19:03:34.976+0000] {override.py:1829} INFO - Created Permission View: can read on DAG:example_external_task_marker_child
[2024-05-25T19:03:34.987+0000] {logging_mixin.py:188} INFO - [2024-05-25T19:03:34.986+0000] {override.py:1829} INFO - Created Permission View: can delete on DAG:example_external_task_marker_child
[2024-05-25T19:03:34.987+0000] {logging_mixin.py:188} INFO - [2024-05-25T19:03:34.987+0000] {dag.py:3096} INFO - Sync 2 DAGs
[2024-05-25T19:03:35.000+0000] {logging_mixin.py:188} INFO - [2024-05-25T19:03:34.999+0000] {dag.py:3118} INFO - Creating ORM DAG for example_external_task_marker_parent
[2024-05-25T19:03:35.001+0000] {logging_mixin.py:188} INFO - [2024-05-25T19:03:35.001+0000] {dag.py:3118} INFO - Creating ORM DAG for example_external_task_marker_child
[2024-05-25T19:03:35.002+0000] {logging_mixin.py:188} INFO - [2024-05-25T19:03:35.002+0000] {dag.py:3954} INFO - Setting next_dagrun for example_external_task_marker_child to None, run_after=None
[2024-05-25T19:03:35.004+0000] {logging_mixin.py:188} INFO - [2024-05-25T19:03:35.003+0000] {dag.py:3954} INFO - Setting next_dagrun for example_external_task_marker_parent to None, run_after=None
[2024-05-25T19:03:35.022+0000] {processor.py:183} INFO - Processing /home/airflow/.local/lib/python3.12/site-packages/airflow/example_dags/example_external_task_marker_dag.py took 0.221 seconds
[2024-05-25T19:04:05.200+0000] {processor.py:161} INFO - Started process (PID=104) to work on /home/airflow/.local/lib/python3.12/site-packages/airflow/example_dags/example_external_task_marker_dag.py
[2024-05-25T19:04:05.201+0000] {processor.py:830} INFO - Processing file /home/airflow/.local/lib/python3.12/site-packages/airflow/example_dags/example_external_task_marker_dag.py for tasks to queue
[2024-05-25T19:04:05.203+0000] {logging_mixin.py:188} INFO - [2024-05-25T19:04:05.202+0000] {dagbag.py:545} INFO - Filling up the DagBag from /home/airflow/.local/lib/python3.12/site-packages/airflow/example_dags/example_external_task_marker_dag.py
[2024-05-25T19:04:05.209+0000] {processor.py:840} INFO - DAG(s) 'example_external_task_marker_child', 'example_external_task_marker_parent' retrieved from /home/airflow/.local/lib/python3.12/site-packages/airflow/example_dags/example_external_task_marker_dag.py
[2024-05-25T19:04:05.232+0000] {logging_mixin.py:188} INFO - [2024-05-25T19:04:05.231+0000] {dag.py:3096} INFO - Sync 2 DAGs
[2024-05-25T19:04:05.243+0000] {logging_mixin.py:188} INFO - [2024-05-25T19:04:05.243+0000] {dag.py:3954} INFO - Setting next_dagrun for example_external_task_marker_child to None, run_after=None
[2024-05-25T19:04:05.247+0000] {logging_mixin.py:188} INFO - [2024-05-25T19:04:05.247+0000] {dag.py:3954} INFO - Setting next_dagrun for example_external_task_marker_parent to None, run_after=None
[2024-05-25T19:04:05.270+0000] {processor.py:183} INFO - Processing /home/airflow/.local/lib/python3.12/site-packages/airflow/example_dags/example_external_task_marker_dag.py took 0.076 seconds
[2024-05-25T19:04:35.892+0000] {processor.py:161} INFO - Started process (PID=164) to work on /home/airflow/.local/lib/python3.12/site-packages/airflow/example_dags/example_external_task_marker_dag.py
[2024-05-25T19:04:35.893+0000] {processor.py:830} INFO - Processing file /home/airflow/.local/lib/python3.12/site-packages/airflow/example_dags/example_external_task_marker_dag.py for tasks to queue
[2024-05-25T19:04:35.895+0000] {logging_mixin.py:188} INFO - [2024-05-25T19:04:35.894+0000] {dagbag.py:545} INFO - Filling up the DagBag from /home/airflow/.local/lib/python3.12/site-packages/airflow/example_dags/example_external_task_marker_dag.py
[2024-05-25T19:04:35.900+0000] {processor.py:840} INFO - DAG(s) 'example_external_task_marker_child', 'example_external_task_marker_parent' retrieved from /home/airflow/.local/lib/python3.12/site-packages/airflow/example_dags/example_external_task_marker_dag.py
[2024-05-25T19:04:35.917+0000] {logging_mixin.py:188} INFO - [2024-05-25T19:04:35.917+0000] {dag.py:3096} INFO - Sync 2 DAGs
[2024-05-25T19:04:35.928+0000] {logging_mixin.py:188} INFO - [2024-05-25T19:04:35.928+0000] {dag.py:3954} INFO - Setting next_dagrun for example_external_task_marker_child to None, run_after=None
[2024-05-25T19:04:35.931+0000] {logging_mixin.py:188} INFO - [2024-05-25T19:04:35.931+0000] {dag.py:3954} INFO - Setting next_dagrun for example_external_task_marker_parent to None, run_after=None
[2024-05-25T19:04:35.944+0000] {processor.py:183} INFO - Processing /home/airflow/.local/lib/python3.12/site-packages/airflow/example_dags/example_external_task_marker_dag.py took 0.057 seconds
[2024-05-25T19:05:06.734+0000] {processor.py:161} INFO - Started process (PID=224) to work on /home/airflow/.local/lib/python3.12/site-packages/airflow/example_dags/example_external_task_marker_dag.py
[2024-05-25T19:05:06.735+0000] {processor.py:830} INFO - Processing file /home/airflow/.local/lib/python3.12/site-packages/airflow/example_dags/example_external_task_marker_dag.py for tasks to queue
[2024-05-25T19:05:06.738+0000] {logging_mixin.py:188} INFO - [2024-05-25T19:05:06.737+0000] {dagbag.py:545} INFO - Filling up the DagBag from /home/airflow/.local/lib/python3.12/site-packages/airflow/example_dags/example_external_task_marker_dag.py
[2024-05-25T19:05:06.747+0000] {processor.py:840} INFO - DAG(s) 'example_external_task_marker_parent', 'example_external_task_marker_child' retrieved from /home/airflow/.local/lib/python3.12/site-packages/airflow/example_dags/example_external_task_marker_dag.py
[2024-05-25T19:05:06.783+0000] {logging_mixin.py:188} INFO - [2024-05-25T19:05:06.782+0000] {dag.py:3096} INFO - Sync 2 DAGs
[2024-05-25T19:05:06.803+0000] {logging_mixin.py:188} INFO - [2024-05-25T19:05:06.803+0000] {dag.py:3954} INFO - Setting next_dagrun for example_external_task_marker_child to None, run_after=None
[2024-05-25T19:05:06.811+0000] {logging_mixin.py:188} INFO - [2024-05-25T19:05:06.810+0000] {dag.py:3954} INFO - Setting next_dagrun for example_external_task_marker_parent to None, run_after=None
[2024-05-25T19:05:06.838+0000] {processor.py:183} INFO - Processing /home/airflow/.local/lib/python3.12/site-packages/airflow/example_dags/example_external_task_marker_dag.py took 0.111 seconds
[2024-05-25T19:05:37.072+0000] {processor.py:161} INFO - Started process (PID=284) to work on /home/airflow/.local/lib/python3.12/site-packages/airflow/example_dags/example_external_task_marker_dag.py
[2024-05-25T19:05:37.074+0000] {processor.py:830} INFO - Processing file /home/airflow/.local/lib/python3.12/site-packages/airflow/example_dags/example_external_task_marker_dag.py for tasks to queue
[2024-05-25T19:05:37.076+0000] {logging_mixin.py:188} INFO - [2024-05-25T19:05:37.075+0000] {dagbag.py:545} INFO - Filling up the DagBag from /home/airflow/.local/lib/python3.12/site-packages/airflow/example_dags/example_external_task_marker_dag.py
[2024-05-25T19:05:37.084+0000] {processor.py:840} INFO - DAG(s) 'example_external_task_marker_child', 'example_external_task_marker_parent' retrieved from /home/airflow/.local/lib/python3.12/site-packages/airflow/example_dags/example_external_task_marker_dag.py
[2024-05-25T19:05:37.110+0000] {logging_mixin.py:188} INFO - [2024-05-25T19:05:37.110+0000] {dag.py:3096} INFO - Sync 2 DAGs
[2024-05-25T19:05:37.123+0000] {logging_mixin.py:188} INFO - [2024-05-25T19:05:37.123+0000] {dag.py:3954} INFO - Setting next_dagrun for example_external_task_marker_child to None, run_after=None
[2024-05-25T19:05:37.128+0000] {logging_mixin.py:188} INFO - [2024-05-25T19:05:37.127+0000] {dag.py:3954} INFO - Setting next_dagrun for example_external_task_marker_parent to None, run_after=None
[2024-05-25T19:05:37.146+0000] {processor.py:183} INFO - Processing /home/airflow/.local/lib/python3.12/site-packages/airflow/example_dags/example_external_task_marker_dag.py took 0.079 seconds
