[2024-05-25T19:03:37.160+0000] {processor.py:161} INFO - Started process (PID=62) to work on /home/airflow/.local/lib/python3.12/site-packages/airflow/example_dags/example_sensors.py
[2024-05-25T19:03:37.161+0000] {processor.py:830} INFO - Processing file /home/airflow/.local/lib/python3.12/site-packages/airflow/example_dags/example_sensors.py for tasks to queue
[2024-05-25T19:03:37.162+0000] {logging_mixin.py:188} INFO - [2024-05-25T19:03:37.162+0000] {dagbag.py:545} INFO - Filling up the DagBag from /home/airflow/.local/lib/python3.12/site-packages/airflow/example_dags/example_sensors.py
[2024-05-25T19:03:37.170+0000] {processor.py:840} INFO - DAG(s) 'example_sensors' retrieved from /home/airflow/.local/lib/python3.12/site-packages/airflow/example_dags/example_sensors.py
[2024-05-25T19:03:37.256+0000] {logging_mixin.py:188} INFO - [2024-05-25T19:03:37.256+0000] {override.py:1829} INFO - Created Permission View: can edit on DAG:example_sensors
[2024-05-25T19:03:37.264+0000] {logging_mixin.py:188} INFO - [2024-05-25T19:03:37.264+0000] {override.py:1829} INFO - Created Permission View: can read on DAG:example_sensors
[2024-05-25T19:03:37.269+0000] {logging_mixin.py:188} INFO - [2024-05-25T19:03:37.268+0000] {override.py:1829} INFO - Created Permission View: can delete on DAG:example_sensors
[2024-05-25T19:03:37.269+0000] {logging_mixin.py:188} INFO - [2024-05-25T19:03:37.269+0000] {dag.py:3096} INFO - Sync 1 DAGs
[2024-05-25T19:03:37.279+0000] {logging_mixin.py:188} INFO - [2024-05-25T19:03:37.279+0000] {dag.py:3118} INFO - Creating ORM DAG for example_sensors
[2024-05-25T19:03:37.283+0000] {logging_mixin.py:188} INFO - [2024-05-25T19:03:37.283+0000] {dag.py:3954} INFO - Setting next_dagrun for example_sensors to None, run_after=None
[2024-05-25T19:03:37.299+0000] {processor.py:183} INFO - Processing /home/airflow/.local/lib/python3.12/site-packages/airflow/example_dags/example_sensors.py took 0.144 seconds
[2024-05-25T19:04:08.193+0000] {processor.py:161} INFO - Started process (PID=122) to work on /home/airflow/.local/lib/python3.12/site-packages/airflow/example_dags/example_sensors.py
[2024-05-25T19:04:08.194+0000] {processor.py:830} INFO - Processing file /home/airflow/.local/lib/python3.12/site-packages/airflow/example_dags/example_sensors.py for tasks to queue
[2024-05-25T19:04:08.196+0000] {logging_mixin.py:188} INFO - [2024-05-25T19:04:08.195+0000] {dagbag.py:545} INFO - Filling up the DagBag from /home/airflow/.local/lib/python3.12/site-packages/airflow/example_dags/example_sensors.py
[2024-05-25T19:04:08.203+0000] {processor.py:840} INFO - DAG(s) 'example_sensors' retrieved from /home/airflow/.local/lib/python3.12/site-packages/airflow/example_dags/example_sensors.py
[2024-05-25T19:04:08.223+0000] {logging_mixin.py:188} INFO - [2024-05-25T19:04:08.222+0000] {dag.py:3096} INFO - Sync 1 DAGs
[2024-05-25T19:04:08.233+0000] {logging_mixin.py:188} INFO - [2024-05-25T19:04:08.232+0000] {dag.py:3954} INFO - Setting next_dagrun for example_sensors to None, run_after=None
[2024-05-25T19:04:08.247+0000] {processor.py:183} INFO - Processing /home/airflow/.local/lib/python3.12/site-packages/airflow/example_dags/example_sensors.py took 0.058 seconds
[2024-05-25T19:04:38.794+0000] {processor.py:161} INFO - Started process (PID=182) to work on /home/airflow/.local/lib/python3.12/site-packages/airflow/example_dags/example_sensors.py
[2024-05-25T19:04:38.795+0000] {processor.py:830} INFO - Processing file /home/airflow/.local/lib/python3.12/site-packages/airflow/example_dags/example_sensors.py for tasks to queue
[2024-05-25T19:04:38.797+0000] {logging_mixin.py:188} INFO - [2024-05-25T19:04:38.796+0000] {dagbag.py:545} INFO - Filling up the DagBag from /home/airflow/.local/lib/python3.12/site-packages/airflow/example_dags/example_sensors.py
[2024-05-25T19:04:38.809+0000] {processor.py:840} INFO - DAG(s) 'example_sensors' retrieved from /home/airflow/.local/lib/python3.12/site-packages/airflow/example_dags/example_sensors.py
[2024-05-25T19:04:38.839+0000] {logging_mixin.py:188} INFO - [2024-05-25T19:04:38.838+0000] {dag.py:3096} INFO - Sync 1 DAGs
[2024-05-25T19:04:38.862+0000] {logging_mixin.py:188} INFO - [2024-05-25T19:04:38.862+0000] {dag.py:3954} INFO - Setting next_dagrun for example_sensors to None, run_after=None
[2024-05-25T19:04:38.886+0000] {processor.py:183} INFO - Processing /home/airflow/.local/lib/python3.12/site-packages/airflow/example_dags/example_sensors.py took 0.099 seconds
[2024-05-25T19:05:09.060+0000] {processor.py:161} INFO - Started process (PID=242) to work on /home/airflow/.local/lib/python3.12/site-packages/airflow/example_dags/example_sensors.py
[2024-05-25T19:05:09.061+0000] {processor.py:830} INFO - Processing file /home/airflow/.local/lib/python3.12/site-packages/airflow/example_dags/example_sensors.py for tasks to queue
[2024-05-25T19:05:09.065+0000] {logging_mixin.py:188} INFO - [2024-05-25T19:05:09.065+0000] {dagbag.py:545} INFO - Filling up the DagBag from /home/airflow/.local/lib/python3.12/site-packages/airflow/example_dags/example_sensors.py
[2024-05-25T19:05:09.079+0000] {processor.py:840} INFO - DAG(s) 'example_sensors' retrieved from /home/airflow/.local/lib/python3.12/site-packages/airflow/example_dags/example_sensors.py
[2024-05-25T19:05:09.114+0000] {logging_mixin.py:188} INFO - [2024-05-25T19:05:09.114+0000] {dag.py:3096} INFO - Sync 1 DAGs
[2024-05-25T19:05:09.137+0000] {logging_mixin.py:188} INFO - [2024-05-25T19:05:09.136+0000] {dag.py:3954} INFO - Setting next_dagrun for example_sensors to None, run_after=None
[2024-05-25T19:05:09.163+0000] {processor.py:183} INFO - Processing /home/airflow/.local/lib/python3.12/site-packages/airflow/example_dags/example_sensors.py took 0.114 seconds
[2024-05-25T19:05:39.322+0000] {processor.py:161} INFO - Started process (PID=302) to work on /home/airflow/.local/lib/python3.12/site-packages/airflow/example_dags/example_sensors.py
[2024-05-25T19:05:39.323+0000] {processor.py:830} INFO - Processing file /home/airflow/.local/lib/python3.12/site-packages/airflow/example_dags/example_sensors.py for tasks to queue
[2024-05-25T19:05:39.325+0000] {logging_mixin.py:188} INFO - [2024-05-25T19:05:39.325+0000] {dagbag.py:545} INFO - Filling up the DagBag from /home/airflow/.local/lib/python3.12/site-packages/airflow/example_dags/example_sensors.py
[2024-05-25T19:05:39.335+0000] {processor.py:840} INFO - DAG(s) 'example_sensors' retrieved from /home/airflow/.local/lib/python3.12/site-packages/airflow/example_dags/example_sensors.py
[2024-05-25T19:05:39.362+0000] {logging_mixin.py:188} INFO - [2024-05-25T19:05:39.362+0000] {dag.py:3096} INFO - Sync 1 DAGs
[2024-05-25T19:05:39.377+0000] {logging_mixin.py:188} INFO - [2024-05-25T19:05:39.377+0000] {dag.py:3954} INFO - Setting next_dagrun for example_sensors to None, run_after=None
[2024-05-25T19:05:39.400+0000] {processor.py:183} INFO - Processing /home/airflow/.local/lib/python3.12/site-packages/airflow/example_dags/example_sensors.py took 0.083 seconds
