[2024-05-25T19:03:38.113+0000] {processor.py:161} INFO - Started process (PID=72) to work on /home/airflow/.local/lib/python3.12/site-packages/airflow/example_dags/example_skip_dag.py
[2024-05-25T19:03:38.114+0000] {processor.py:830} INFO - Processing file /home/airflow/.local/lib/python3.12/site-packages/airflow/example_dags/example_skip_dag.py for tasks to queue
[2024-05-25T19:03:38.115+0000] {logging_mixin.py:188} INFO - [2024-05-25T19:03:38.115+0000] {dagbag.py:545} INFO - Filling up the DagBag from /home/airflow/.local/lib/python3.12/site-packages/airflow/example_dags/example_skip_dag.py
[2024-05-25T19:03:38.121+0000] {processor.py:840} INFO - DAG(s) 'example_skip_dag' retrieved from /home/airflow/.local/lib/python3.12/site-packages/airflow/example_dags/example_skip_dag.py
[2024-05-25T19:03:38.208+0000] {logging_mixin.py:188} INFO - [2024-05-25T19:03:38.207+0000] {override.py:1829} INFO - Created Permission View: can edit on DAG:example_skip_dag
[2024-05-25T19:03:38.216+0000] {logging_mixin.py:188} INFO - [2024-05-25T19:03:38.215+0000] {override.py:1829} INFO - Created Permission View: can read on DAG:example_skip_dag
[2024-05-25T19:03:38.220+0000] {logging_mixin.py:188} INFO - [2024-05-25T19:03:38.220+0000] {override.py:1829} INFO - Created Permission View: can delete on DAG:example_skip_dag
[2024-05-25T19:03:38.220+0000] {logging_mixin.py:188} INFO - [2024-05-25T19:03:38.220+0000] {dag.py:3096} INFO - Sync 1 DAGs
[2024-05-25T19:03:38.229+0000] {logging_mixin.py:188} INFO - [2024-05-25T19:03:38.229+0000] {dag.py:3118} INFO - Creating ORM DAG for example_skip_dag
[2024-05-25T19:03:38.237+0000] {logging_mixin.py:188} INFO - [2024-05-25T19:03:38.237+0000] {dag.py:3954} INFO - Setting next_dagrun for example_skip_dag to 2024-05-24 00:00:00+00:00, run_after=2024-05-25 00:00:00+00:00
[2024-05-25T19:03:38.250+0000] {processor.py:183} INFO - Processing /home/airflow/.local/lib/python3.12/site-packages/airflow/example_dags/example_skip_dag.py took 0.143 seconds
[2024-05-25T19:04:08.630+0000] {processor.py:161} INFO - Started process (PID=132) to work on /home/airflow/.local/lib/python3.12/site-packages/airflow/example_dags/example_skip_dag.py
[2024-05-25T19:04:08.631+0000] {processor.py:830} INFO - Processing file /home/airflow/.local/lib/python3.12/site-packages/airflow/example_dags/example_skip_dag.py for tasks to queue
[2024-05-25T19:04:08.633+0000] {logging_mixin.py:188} INFO - [2024-05-25T19:04:08.633+0000] {dagbag.py:545} INFO - Filling up the DagBag from /home/airflow/.local/lib/python3.12/site-packages/airflow/example_dags/example_skip_dag.py
[2024-05-25T19:04:08.638+0000] {processor.py:840} INFO - DAG(s) 'example_skip_dag' retrieved from /home/airflow/.local/lib/python3.12/site-packages/airflow/example_dags/example_skip_dag.py
[2024-05-25T19:04:08.655+0000] {logging_mixin.py:188} INFO - [2024-05-25T19:04:08.654+0000] {dag.py:3096} INFO - Sync 1 DAGs
[2024-05-25T19:04:08.673+0000] {logging_mixin.py:188} INFO - [2024-05-25T19:04:08.673+0000] {dag.py:3954} INFO - Setting next_dagrun for example_skip_dag to 2024-05-24 00:00:00+00:00, run_after=2024-05-25 00:00:00+00:00
[2024-05-25T19:04:08.689+0000] {processor.py:183} INFO - Processing /home/airflow/.local/lib/python3.12/site-packages/airflow/example_dags/example_skip_dag.py took 0.063 seconds
[2024-05-25T19:04:39.497+0000] {processor.py:161} INFO - Started process (PID=192) to work on /home/airflow/.local/lib/python3.12/site-packages/airflow/example_dags/example_skip_dag.py
[2024-05-25T19:04:39.499+0000] {processor.py:830} INFO - Processing file /home/airflow/.local/lib/python3.12/site-packages/airflow/example_dags/example_skip_dag.py for tasks to queue
[2024-05-25T19:04:39.502+0000] {logging_mixin.py:188} INFO - [2024-05-25T19:04:39.502+0000] {dagbag.py:545} INFO - Filling up the DagBag from /home/airflow/.local/lib/python3.12/site-packages/airflow/example_dags/example_skip_dag.py
[2024-05-25T19:04:39.519+0000] {processor.py:840} INFO - DAG(s) 'example_skip_dag' retrieved from /home/airflow/.local/lib/python3.12/site-packages/airflow/example_dags/example_skip_dag.py
[2024-05-25T19:04:39.568+0000] {logging_mixin.py:188} INFO - [2024-05-25T19:04:39.566+0000] {dag.py:3096} INFO - Sync 1 DAGs
[2024-05-25T19:04:39.617+0000] {logging_mixin.py:188} INFO - [2024-05-25T19:04:39.617+0000] {dag.py:3954} INFO - Setting next_dagrun for example_skip_dag to 2024-05-24 00:00:00+00:00, run_after=2024-05-25 00:00:00+00:00
[2024-05-25T19:04:39.642+0000] {processor.py:183} INFO - Processing /home/airflow/.local/lib/python3.12/site-packages/airflow/example_dags/example_skip_dag.py took 0.156 seconds
[2024-05-25T19:05:09.905+0000] {processor.py:161} INFO - Started process (PID=252) to work on /home/airflow/.local/lib/python3.12/site-packages/airflow/example_dags/example_skip_dag.py
[2024-05-25T19:05:09.909+0000] {processor.py:830} INFO - Processing file /home/airflow/.local/lib/python3.12/site-packages/airflow/example_dags/example_skip_dag.py for tasks to queue
[2024-05-25T19:05:09.913+0000] {logging_mixin.py:188} INFO - [2024-05-25T19:05:09.912+0000] {dagbag.py:545} INFO - Filling up the DagBag from /home/airflow/.local/lib/python3.12/site-packages/airflow/example_dags/example_skip_dag.py
[2024-05-25T19:05:09.925+0000] {processor.py:840} INFO - DAG(s) 'example_skip_dag' retrieved from /home/airflow/.local/lib/python3.12/site-packages/airflow/example_dags/example_skip_dag.py
[2024-05-25T19:05:09.963+0000] {logging_mixin.py:188} INFO - [2024-05-25T19:05:09.963+0000] {dag.py:3096} INFO - Sync 1 DAGs
[2024-05-25T19:05:10.003+0000] {logging_mixin.py:188} INFO - [2024-05-25T19:05:10.003+0000] {dag.py:3954} INFO - Setting next_dagrun for example_skip_dag to 2024-05-24 00:00:00+00:00, run_after=2024-05-25 00:00:00+00:00
[2024-05-25T19:05:10.034+0000] {processor.py:183} INFO - Processing /home/airflow/.local/lib/python3.12/site-packages/airflow/example_dags/example_skip_dag.py took 0.141 seconds
[2024-05-25T19:05:40.936+0000] {processor.py:161} INFO - Started process (PID=312) to work on /home/airflow/.local/lib/python3.12/site-packages/airflow/example_dags/example_skip_dag.py
[2024-05-25T19:05:40.937+0000] {processor.py:830} INFO - Processing file /home/airflow/.local/lib/python3.12/site-packages/airflow/example_dags/example_skip_dag.py for tasks to queue
[2024-05-25T19:05:40.939+0000] {logging_mixin.py:188} INFO - [2024-05-25T19:05:40.939+0000] {dagbag.py:545} INFO - Filling up the DagBag from /home/airflow/.local/lib/python3.12/site-packages/airflow/example_dags/example_skip_dag.py
[2024-05-25T19:05:40.946+0000] {processor.py:840} INFO - DAG(s) 'example_skip_dag' retrieved from /home/airflow/.local/lib/python3.12/site-packages/airflow/example_dags/example_skip_dag.py
[2024-05-25T19:05:40.969+0000] {logging_mixin.py:188} INFO - [2024-05-25T19:05:40.969+0000] {dag.py:3096} INFO - Sync 1 DAGs
[2024-05-25T19:05:40.996+0000] {logging_mixin.py:188} INFO - [2024-05-25T19:05:40.996+0000] {dag.py:3954} INFO - Setting next_dagrun for example_skip_dag to 2024-05-24 00:00:00+00:00, run_after=2024-05-25 00:00:00+00:00
[2024-05-25T19:05:41.021+0000] {processor.py:183} INFO - Processing /home/airflow/.local/lib/python3.12/site-packages/airflow/example_dags/example_skip_dag.py took 0.091 seconds
