[2024-05-25T19:03:33.929+0000] {processor.py:161} INFO - Started process (PID=39) to work on /home/airflow/.local/lib/python3.12/site-packages/airflow/example_dags/example_display_name.py
[2024-05-25T19:03:33.930+0000] {processor.py:830} INFO - Processing file /home/airflow/.local/lib/python3.12/site-packages/airflow/example_dags/example_display_name.py for tasks to queue
[2024-05-25T19:03:33.933+0000] {logging_mixin.py:188} INFO - [2024-05-25T19:03:33.933+0000] {dagbag.py:545} INFO - Filling up the DagBag from /home/airflow/.local/lib/python3.12/site-packages/airflow/example_dags/example_display_name.py
[2024-05-25T19:03:33.941+0000] {processor.py:840} INFO - DAG(s) 'example_display_name' retrieved from /home/airflow/.local/lib/python3.12/site-packages/airflow/example_dags/example_display_name.py
[2024-05-25T19:03:34.038+0000] {logging_mixin.py:188} INFO - [2024-05-25T19:03:34.037+0000] {override.py:1829} INFO - Created Permission View: can edit on DAG:example_display_name
[2024-05-25T19:03:34.051+0000] {logging_mixin.py:188} INFO - [2024-05-25T19:03:34.050+0000] {override.py:1829} INFO - Created Permission View: can read on DAG:example_display_name
[2024-05-25T19:03:34.058+0000] {logging_mixin.py:188} INFO - [2024-05-25T19:03:34.057+0000] {override.py:1829} INFO - Created Permission View: can delete on DAG:example_display_name
[2024-05-25T19:03:34.058+0000] {logging_mixin.py:188} INFO - [2024-05-25T19:03:34.058+0000] {dag.py:3096} INFO - Sync 1 DAGs
[2024-05-25T19:03:34.073+0000] {logging_mixin.py:188} INFO - [2024-05-25T19:03:34.073+0000] {dag.py:3118} INFO - Creating ORM DAG for example_display_name
[2024-05-25T19:03:34.075+0000] {logging_mixin.py:188} INFO - [2024-05-25T19:03:34.074+0000] {dag.py:3954} INFO - Setting next_dagrun for example_display_name to None, run_after=None
[2024-05-25T19:03:34.095+0000] {processor.py:183} INFO - Processing /home/airflow/.local/lib/python3.12/site-packages/airflow/example_dags/example_display_name.py took 0.173 seconds
[2024-05-25T19:04:04.658+0000] {processor.py:161} INFO - Started process (PID=97) to work on /home/airflow/.local/lib/python3.12/site-packages/airflow/example_dags/example_display_name.py
[2024-05-25T19:04:04.659+0000] {processor.py:830} INFO - Processing file /home/airflow/.local/lib/python3.12/site-packages/airflow/example_dags/example_display_name.py for tasks to queue
[2024-05-25T19:04:04.661+0000] {logging_mixin.py:188} INFO - [2024-05-25T19:04:04.660+0000] {dagbag.py:545} INFO - Filling up the DagBag from /home/airflow/.local/lib/python3.12/site-packages/airflow/example_dags/example_display_name.py
[2024-05-25T19:04:04.668+0000] {processor.py:840} INFO - DAG(s) 'example_display_name' retrieved from /home/airflow/.local/lib/python3.12/site-packages/airflow/example_dags/example_display_name.py
[2024-05-25T19:04:04.684+0000] {logging_mixin.py:188} INFO - [2024-05-25T19:04:04.684+0000] {dag.py:3096} INFO - Sync 1 DAGs
[2024-05-25T19:04:04.694+0000] {logging_mixin.py:188} INFO - [2024-05-25T19:04:04.694+0000] {dag.py:3954} INFO - Setting next_dagrun for example_display_name to None, run_after=None
[2024-05-25T19:04:04.709+0000] {processor.py:183} INFO - Processing /home/airflow/.local/lib/python3.12/site-packages/airflow/example_dags/example_display_name.py took 0.057 seconds
[2024-05-25T19:04:35.570+0000] {processor.py:161} INFO - Started process (PID=159) to work on /home/airflow/.local/lib/python3.12/site-packages/airflow/example_dags/example_display_name.py
[2024-05-25T19:04:35.571+0000] {processor.py:830} INFO - Processing file /home/airflow/.local/lib/python3.12/site-packages/airflow/example_dags/example_display_name.py for tasks to queue
[2024-05-25T19:04:35.573+0000] {logging_mixin.py:188} INFO - [2024-05-25T19:04:35.572+0000] {dagbag.py:545} INFO - Filling up the DagBag from /home/airflow/.local/lib/python3.12/site-packages/airflow/example_dags/example_display_name.py
[2024-05-25T19:04:35.577+0000] {processor.py:840} INFO - DAG(s) 'example_display_name' retrieved from /home/airflow/.local/lib/python3.12/site-packages/airflow/example_dags/example_display_name.py
[2024-05-25T19:04:35.592+0000] {logging_mixin.py:188} INFO - [2024-05-25T19:04:35.592+0000] {dag.py:3096} INFO - Sync 1 DAGs
[2024-05-25T19:04:35.602+0000] {logging_mixin.py:188} INFO - [2024-05-25T19:04:35.602+0000] {dag.py:3954} INFO - Setting next_dagrun for example_display_name to None, run_after=None
[2024-05-25T19:04:35.616+0000] {processor.py:183} INFO - Processing /home/airflow/.local/lib/python3.12/site-packages/airflow/example_dags/example_display_name.py took 0.051 seconds
[2024-05-25T19:05:06.284+0000] {processor.py:161} INFO - Started process (PID=219) to work on /home/airflow/.local/lib/python3.12/site-packages/airflow/example_dags/example_display_name.py
[2024-05-25T19:05:06.285+0000] {processor.py:830} INFO - Processing file /home/airflow/.local/lib/python3.12/site-packages/airflow/example_dags/example_display_name.py for tasks to queue
[2024-05-25T19:05:06.288+0000] {logging_mixin.py:188} INFO - [2024-05-25T19:05:06.287+0000] {dagbag.py:545} INFO - Filling up the DagBag from /home/airflow/.local/lib/python3.12/site-packages/airflow/example_dags/example_display_name.py
[2024-05-25T19:05:06.296+0000] {processor.py:840} INFO - DAG(s) 'example_display_name' retrieved from /home/airflow/.local/lib/python3.12/site-packages/airflow/example_dags/example_display_name.py
[2024-05-25T19:05:06.317+0000] {logging_mixin.py:188} INFO - [2024-05-25T19:05:06.317+0000] {dag.py:3096} INFO - Sync 1 DAGs
[2024-05-25T19:05:06.330+0000] {logging_mixin.py:188} INFO - [2024-05-25T19:05:06.330+0000] {dag.py:3954} INFO - Setting next_dagrun for example_display_name to None, run_after=None
[2024-05-25T19:05:06.351+0000] {processor.py:183} INFO - Processing /home/airflow/.local/lib/python3.12/site-packages/airflow/example_dags/example_display_name.py took 0.072 seconds
[2024-05-25T19:05:36.600+0000] {processor.py:161} INFO - Started process (PID=277) to work on /home/airflow/.local/lib/python3.12/site-packages/airflow/example_dags/example_display_name.py
[2024-05-25T19:05:36.602+0000] {processor.py:830} INFO - Processing file /home/airflow/.local/lib/python3.12/site-packages/airflow/example_dags/example_display_name.py for tasks to queue
[2024-05-25T19:05:36.605+0000] {logging_mixin.py:188} INFO - [2024-05-25T19:05:36.604+0000] {dagbag.py:545} INFO - Filling up the DagBag from /home/airflow/.local/lib/python3.12/site-packages/airflow/example_dags/example_display_name.py
[2024-05-25T19:05:36.614+0000] {processor.py:840} INFO - DAG(s) 'example_display_name' retrieved from /home/airflow/.local/lib/python3.12/site-packages/airflow/example_dags/example_display_name.py
[2024-05-25T19:05:36.646+0000] {logging_mixin.py:188} INFO - [2024-05-25T19:05:36.645+0000] {dag.py:3096} INFO - Sync 1 DAGs
[2024-05-25T19:05:36.667+0000] {logging_mixin.py:188} INFO - [2024-05-25T19:05:36.667+0000] {dag.py:3954} INFO - Setting next_dagrun for example_display_name to None, run_after=None
[2024-05-25T19:05:36.702+0000] {processor.py:183} INFO - Processing /home/airflow/.local/lib/python3.12/site-packages/airflow/example_dags/example_display_name.py took 0.113 seconds
