[2024-05-25T19:03:36.569+0000] {processor.py:161} INFO - Started process (PID=55) to work on /home/airflow/.local/lib/python3.12/site-packages/airflow/example_dags/example_branch_datetime_operator.py
[2024-05-25T19:03:36.570+0000] {processor.py:830} INFO - Processing file /home/airflow/.local/lib/python3.12/site-packages/airflow/example_dags/example_branch_datetime_operator.py for tasks to queue
[2024-05-25T19:03:36.572+0000] {logging_mixin.py:188} INFO - [2024-05-25T19:03:36.571+0000] {dagbag.py:545} INFO - Filling up the DagBag from /home/airflow/.local/lib/python3.12/site-packages/airflow/example_dags/example_branch_datetime_operator.py
[2024-05-25T19:03:36.584+0000] {processor.py:840} INFO - DAG(s) 'example_branch_datetime_operator', 'example_branch_datetime_operator_2', 'example_branch_datetime_operator_3' retrieved from /home/airflow/.local/lib/python3.12/site-packages/airflow/example_dags/example_branch_datetime_operator.py
[2024-05-25T19:03:36.667+0000] {logging_mixin.py:188} INFO - [2024-05-25T19:03:36.666+0000] {override.py:1829} INFO - Created Permission View: can edit on DAG:example_branch_datetime_operator
[2024-05-25T19:03:36.675+0000] {logging_mixin.py:188} INFO - [2024-05-25T19:03:36.674+0000] {override.py:1829} INFO - Created Permission View: can read on DAG:example_branch_datetime_operator
[2024-05-25T19:03:36.681+0000] {logging_mixin.py:188} INFO - [2024-05-25T19:03:36.680+0000] {override.py:1829} INFO - Created Permission View: can delete on DAG:example_branch_datetime_operator
[2024-05-25T19:03:36.693+0000] {logging_mixin.py:188} INFO - [2024-05-25T19:03:36.692+0000] {override.py:1829} INFO - Created Permission View: can edit on DAG:example_branch_datetime_operator_2
[2024-05-25T19:03:36.697+0000] {logging_mixin.py:188} INFO - [2024-05-25T19:03:36.697+0000] {override.py:1829} INFO - Created Permission View: can read on DAG:example_branch_datetime_operator_2
[2024-05-25T19:03:36.702+0000] {logging_mixin.py:188} INFO - [2024-05-25T19:03:36.702+0000] {override.py:1829} INFO - Created Permission View: can delete on DAG:example_branch_datetime_operator_2
[2024-05-25T19:03:36.711+0000] {logging_mixin.py:188} INFO - [2024-05-25T19:03:36.711+0000] {override.py:1829} INFO - Created Permission View: can edit on DAG:example_branch_datetime_operator_3
[2024-05-25T19:03:36.715+0000] {logging_mixin.py:188} INFO - [2024-05-25T19:03:36.715+0000] {override.py:1829} INFO - Created Permission View: can read on DAG:example_branch_datetime_operator_3
[2024-05-25T19:03:36.720+0000] {logging_mixin.py:188} INFO - [2024-05-25T19:03:36.719+0000] {override.py:1829} INFO - Created Permission View: can delete on DAG:example_branch_datetime_operator_3
[2024-05-25T19:03:36.720+0000] {logging_mixin.py:188} INFO - [2024-05-25T19:03:36.720+0000] {dag.py:3096} INFO - Sync 3 DAGs
[2024-05-25T19:03:36.729+0000] {logging_mixin.py:188} INFO - [2024-05-25T19:03:36.728+0000] {dag.py:3118} INFO - Creating ORM DAG for example_branch_datetime_operator
[2024-05-25T19:03:36.729+0000] {logging_mixin.py:188} INFO - [2024-05-25T19:03:36.729+0000] {dag.py:3118} INFO - Creating ORM DAG for example_branch_datetime_operator_3
[2024-05-25T19:03:36.730+0000] {logging_mixin.py:188} INFO - [2024-05-25T19:03:36.730+0000] {dag.py:3118} INFO - Creating ORM DAG for example_branch_datetime_operator_2
[2024-05-25T19:03:36.739+0000] {logging_mixin.py:188} INFO - [2024-05-25T19:03:36.738+0000] {dag.py:3954} INFO - Setting next_dagrun for example_branch_datetime_operator to 2024-05-24 00:00:00+00:00, run_after=2024-05-25 00:00:00+00:00
[2024-05-25T19:03:36.742+0000] {logging_mixin.py:188} INFO - [2024-05-25T19:03:36.742+0000] {dag.py:3954} INFO - Setting next_dagrun for example_branch_datetime_operator_2 to 2024-05-24 00:00:00+00:00, run_after=2024-05-25 00:00:00+00:00
[2024-05-25T19:03:36.743+0000] {logging_mixin.py:188} INFO - [2024-05-25T19:03:36.743+0000] {dag.py:3954} INFO - Setting next_dagrun for example_branch_datetime_operator_3 to 2024-05-24 00:00:00+00:00, run_after=2024-05-25 00:00:00+00:00
[2024-05-25T19:03:36.757+0000] {processor.py:183} INFO - Processing /home/airflow/.local/lib/python3.12/site-packages/airflow/example_dags/example_branch_datetime_operator.py took 0.193 seconds
[2024-05-25T19:04:06.791+0000] {processor.py:161} INFO - Started process (PID=115) to work on /home/airflow/.local/lib/python3.12/site-packages/airflow/example_dags/example_branch_datetime_operator.py
[2024-05-25T19:04:06.792+0000] {processor.py:830} INFO - Processing file /home/airflow/.local/lib/python3.12/site-packages/airflow/example_dags/example_branch_datetime_operator.py for tasks to queue
[2024-05-25T19:04:06.794+0000] {logging_mixin.py:188} INFO - [2024-05-25T19:04:06.793+0000] {dagbag.py:545} INFO - Filling up the DagBag from /home/airflow/.local/lib/python3.12/site-packages/airflow/example_dags/example_branch_datetime_operator.py
[2024-05-25T19:04:06.801+0000] {processor.py:840} INFO - DAG(s) 'example_branch_datetime_operator_3', 'example_branch_datetime_operator_2', 'example_branch_datetime_operator' retrieved from /home/airflow/.local/lib/python3.12/site-packages/airflow/example_dags/example_branch_datetime_operator.py
[2024-05-25T19:04:06.822+0000] {logging_mixin.py:188} INFO - [2024-05-25T19:04:06.821+0000] {dag.py:3096} INFO - Sync 3 DAGs
[2024-05-25T19:04:06.839+0000] {logging_mixin.py:188} INFO - [2024-05-25T19:04:06.839+0000] {dag.py:3954} INFO - Setting next_dagrun for example_branch_datetime_operator to 2024-05-24 00:00:00+00:00, run_after=2024-05-25 00:00:00+00:00
[2024-05-25T19:04:06.843+0000] {logging_mixin.py:188} INFO - [2024-05-25T19:04:06.843+0000] {dag.py:3954} INFO - Setting next_dagrun for example_branch_datetime_operator_2 to 2024-05-24 00:00:00+00:00, run_after=2024-05-25 00:00:00+00:00
[2024-05-25T19:04:06.845+0000] {logging_mixin.py:188} INFO - [2024-05-25T19:04:06.845+0000] {dag.py:3954} INFO - Setting next_dagrun for example_branch_datetime_operator_3 to 2024-05-24 00:00:00+00:00, run_after=2024-05-25 00:00:00+00:00
[2024-05-25T19:04:06.858+0000] {processor.py:183} INFO - Processing /home/airflow/.local/lib/python3.12/site-packages/airflow/example_dags/example_branch_datetime_operator.py took 0.071 seconds
[2024-05-25T19:04:37.354+0000] {processor.py:161} INFO - Started process (PID=175) to work on /home/airflow/.local/lib/python3.12/site-packages/airflow/example_dags/example_branch_datetime_operator.py
[2024-05-25T19:04:37.355+0000] {processor.py:830} INFO - Processing file /home/airflow/.local/lib/python3.12/site-packages/airflow/example_dags/example_branch_datetime_operator.py for tasks to queue
[2024-05-25T19:04:37.357+0000] {logging_mixin.py:188} INFO - [2024-05-25T19:04:37.356+0000] {dagbag.py:545} INFO - Filling up the DagBag from /home/airflow/.local/lib/python3.12/site-packages/airflow/example_dags/example_branch_datetime_operator.py
[2024-05-25T19:04:37.365+0000] {processor.py:840} INFO - DAG(s) 'example_branch_datetime_operator_2', 'example_branch_datetime_operator', 'example_branch_datetime_operator_3' retrieved from /home/airflow/.local/lib/python3.12/site-packages/airflow/example_dags/example_branch_datetime_operator.py
[2024-05-25T19:04:37.389+0000] {logging_mixin.py:188} INFO - [2024-05-25T19:04:37.389+0000] {dag.py:3096} INFO - Sync 3 DAGs
[2024-05-25T19:04:37.410+0000] {logging_mixin.py:188} INFO - [2024-05-25T19:04:37.410+0000] {dag.py:3954} INFO - Setting next_dagrun for example_branch_datetime_operator to 2024-05-24 00:00:00+00:00, run_after=2024-05-25 00:00:00+00:00
[2024-05-25T19:04:37.414+0000] {logging_mixin.py:188} INFO - [2024-05-25T19:04:37.414+0000] {dag.py:3954} INFO - Setting next_dagrun for example_branch_datetime_operator_2 to 2024-05-24 00:00:00+00:00, run_after=2024-05-25 00:00:00+00:00
[2024-05-25T19:04:37.417+0000] {logging_mixin.py:188} INFO - [2024-05-25T19:04:37.416+0000] {dag.py:3954} INFO - Setting next_dagrun for example_branch_datetime_operator_3 to 2024-05-24 00:00:00+00:00, run_after=2024-05-25 00:00:00+00:00
[2024-05-25T19:04:37.429+0000] {processor.py:183} INFO - Processing /home/airflow/.local/lib/python3.12/site-packages/airflow/example_dags/example_branch_datetime_operator.py took 0.079 seconds
[2024-05-25T19:05:08.492+0000] {processor.py:161} INFO - Started process (PID=235) to work on /home/airflow/.local/lib/python3.12/site-packages/airflow/example_dags/example_branch_datetime_operator.py
[2024-05-25T19:05:08.493+0000] {processor.py:830} INFO - Processing file /home/airflow/.local/lib/python3.12/site-packages/airflow/example_dags/example_branch_datetime_operator.py for tasks to queue
[2024-05-25T19:05:08.497+0000] {logging_mixin.py:188} INFO - [2024-05-25T19:05:08.497+0000] {dagbag.py:545} INFO - Filling up the DagBag from /home/airflow/.local/lib/python3.12/site-packages/airflow/example_dags/example_branch_datetime_operator.py
[2024-05-25T19:05:08.513+0000] {processor.py:840} INFO - DAG(s) 'example_branch_datetime_operator_2', 'example_branch_datetime_operator', 'example_branch_datetime_operator_3' retrieved from /home/airflow/.local/lib/python3.12/site-packages/airflow/example_dags/example_branch_datetime_operator.py
[2024-05-25T19:05:08.556+0000] {logging_mixin.py:188} INFO - [2024-05-25T19:05:08.556+0000] {dag.py:3096} INFO - Sync 3 DAGs
[2024-05-25T19:05:08.594+0000] {logging_mixin.py:188} INFO - [2024-05-25T19:05:08.593+0000] {dag.py:3954} INFO - Setting next_dagrun for example_branch_datetime_operator to 2024-05-24 00:00:00+00:00, run_after=2024-05-25 00:00:00+00:00
[2024-05-25T19:05:08.600+0000] {logging_mixin.py:188} INFO - [2024-05-25T19:05:08.600+0000] {dag.py:3954} INFO - Setting next_dagrun for example_branch_datetime_operator_2 to 2024-05-24 00:00:00+00:00, run_after=2024-05-25 00:00:00+00:00
[2024-05-25T19:05:08.603+0000] {logging_mixin.py:188} INFO - [2024-05-25T19:05:08.603+0000] {dag.py:3954} INFO - Setting next_dagrun for example_branch_datetime_operator_3 to 2024-05-24 00:00:00+00:00, run_after=2024-05-25 00:00:00+00:00
[2024-05-25T19:05:08.636+0000] {processor.py:183} INFO - Processing /home/airflow/.local/lib/python3.12/site-packages/airflow/example_dags/example_branch_datetime_operator.py took 0.152 seconds
[2024-05-25T19:05:38.877+0000] {processor.py:161} INFO - Started process (PID=295) to work on /home/airflow/.local/lib/python3.12/site-packages/airflow/example_dags/example_branch_datetime_operator.py
[2024-05-25T19:05:38.879+0000] {processor.py:830} INFO - Processing file /home/airflow/.local/lib/python3.12/site-packages/airflow/example_dags/example_branch_datetime_operator.py for tasks to queue
[2024-05-25T19:05:38.881+0000] {logging_mixin.py:188} INFO - [2024-05-25T19:05:38.881+0000] {dagbag.py:545} INFO - Filling up the DagBag from /home/airflow/.local/lib/python3.12/site-packages/airflow/example_dags/example_branch_datetime_operator.py
[2024-05-25T19:05:38.893+0000] {processor.py:840} INFO - DAG(s) 'example_branch_datetime_operator', 'example_branch_datetime_operator_2', 'example_branch_datetime_operator_3' retrieved from /home/airflow/.local/lib/python3.12/site-packages/airflow/example_dags/example_branch_datetime_operator.py
[2024-05-25T19:05:38.923+0000] {logging_mixin.py:188} INFO - [2024-05-25T19:05:38.923+0000] {dag.py:3096} INFO - Sync 3 DAGs
[2024-05-25T19:05:38.952+0000] {logging_mixin.py:188} INFO - [2024-05-25T19:05:38.952+0000] {dag.py:3954} INFO - Setting next_dagrun for example_branch_datetime_operator to 2024-05-24 00:00:00+00:00, run_after=2024-05-25 00:00:00+00:00
[2024-05-25T19:05:38.958+0000] {logging_mixin.py:188} INFO - [2024-05-25T19:05:38.957+0000] {dag.py:3954} INFO - Setting next_dagrun for example_branch_datetime_operator_2 to 2024-05-24 00:00:00+00:00, run_after=2024-05-25 00:00:00+00:00
[2024-05-25T19:05:38.961+0000] {logging_mixin.py:188} INFO - [2024-05-25T19:05:38.961+0000] {dag.py:3954} INFO - Setting next_dagrun for example_branch_datetime_operator_3 to 2024-05-24 00:00:00+00:00, run_after=2024-05-25 00:00:00+00:00
[2024-05-25T19:05:38.983+0000] {processor.py:183} INFO - Processing /home/airflow/.local/lib/python3.12/site-packages/airflow/example_dags/example_branch_datetime_operator.py took 0.113 seconds
