[2024-05-25T19:03:36.398+0000] {processor.py:161} INFO - Started process (PID=53) to work on /home/airflow/.local/lib/python3.12/site-packages/airflow/example_dags/example_xcom.py
[2024-05-25T19:03:36.399+0000] {processor.py:830} INFO - Processing file /home/airflow/.local/lib/python3.12/site-packages/airflow/example_dags/example_xcom.py for tasks to queue
[2024-05-25T19:03:36.401+0000] {logging_mixin.py:188} INFO - [2024-05-25T19:03:36.400+0000] {dagbag.py:545} INFO - Filling up the DagBag from /home/airflow/.local/lib/python3.12/site-packages/airflow/example_dags/example_xcom.py
[2024-05-25T19:03:36.410+0000] {processor.py:840} INFO - DAG(s) 'example_xcom' retrieved from /home/airflow/.local/lib/python3.12/site-packages/airflow/example_dags/example_xcom.py
[2024-05-25T19:03:36.501+0000] {logging_mixin.py:188} INFO - [2024-05-25T19:03:36.500+0000] {override.py:1829} INFO - Created Permission View: can edit on DAG:example_xcom
[2024-05-25T19:03:36.509+0000] {logging_mixin.py:188} INFO - [2024-05-25T19:03:36.508+0000] {override.py:1829} INFO - Created Permission View: can read on DAG:example_xcom
[2024-05-25T19:03:36.514+0000] {logging_mixin.py:188} INFO - [2024-05-25T19:03:36.513+0000] {override.py:1829} INFO - Created Permission View: can delete on DAG:example_xcom
[2024-05-25T19:03:36.514+0000] {logging_mixin.py:188} INFO - [2024-05-25T19:03:36.514+0000] {dag.py:3096} INFO - Sync 1 DAGs
[2024-05-25T19:03:36.523+0000] {logging_mixin.py:188} INFO - [2024-05-25T19:03:36.523+0000] {dag.py:3118} INFO - Creating ORM DAG for example_xcom
[2024-05-25T19:03:36.531+0000] {logging_mixin.py:188} INFO - [2024-05-25T19:03:36.531+0000] {dag.py:3954} INFO - Setting next_dagrun for example_xcom to 2021-01-01 00:00:00+00:00, run_after=2021-01-01 00:00:00+00:00
[2024-05-25T19:03:36.547+0000] {processor.py:183} INFO - Processing /home/airflow/.local/lib/python3.12/site-packages/airflow/example_dags/example_xcom.py took 0.154 seconds
[2024-05-25T19:04:06.659+0000] {processor.py:161} INFO - Started process (PID=113) to work on /home/airflow/.local/lib/python3.12/site-packages/airflow/example_dags/example_xcom.py
[2024-05-25T19:04:06.659+0000] {processor.py:830} INFO - Processing file /home/airflow/.local/lib/python3.12/site-packages/airflow/example_dags/example_xcom.py for tasks to queue
[2024-05-25T19:04:06.661+0000] {logging_mixin.py:188} INFO - [2024-05-25T19:04:06.660+0000] {dagbag.py:545} INFO - Filling up the DagBag from /home/airflow/.local/lib/python3.12/site-packages/airflow/example_dags/example_xcom.py
[2024-05-25T19:04:06.667+0000] {processor.py:840} INFO - DAG(s) 'example_xcom' retrieved from /home/airflow/.local/lib/python3.12/site-packages/airflow/example_dags/example_xcom.py
[2024-05-25T19:04:06.683+0000] {logging_mixin.py:188} INFO - [2024-05-25T19:04:06.683+0000] {dag.py:3096} INFO - Sync 1 DAGs
[2024-05-25T19:04:06.701+0000] {logging_mixin.py:188} INFO - [2024-05-25T19:04:06.701+0000] {dag.py:3954} INFO - Setting next_dagrun for example_xcom to 2021-01-01 00:00:00+00:00, run_after=2021-01-01 00:00:00+00:00
[2024-05-25T19:04:06.716+0000] {processor.py:183} INFO - Processing /home/airflow/.local/lib/python3.12/site-packages/airflow/example_dags/example_xcom.py took 0.062 seconds
[2024-05-25T19:04:37.268+0000] {processor.py:161} INFO - Started process (PID=173) to work on /home/airflow/.local/lib/python3.12/site-packages/airflow/example_dags/example_xcom.py
[2024-05-25T19:04:37.268+0000] {processor.py:830} INFO - Processing file /home/airflow/.local/lib/python3.12/site-packages/airflow/example_dags/example_xcom.py for tasks to queue
[2024-05-25T19:04:37.270+0000] {logging_mixin.py:188} INFO - [2024-05-25T19:04:37.270+0000] {dagbag.py:545} INFO - Filling up the DagBag from /home/airflow/.local/lib/python3.12/site-packages/airflow/example_dags/example_xcom.py
[2024-05-25T19:04:37.276+0000] {processor.py:840} INFO - DAG(s) 'example_xcom' retrieved from /home/airflow/.local/lib/python3.12/site-packages/airflow/example_dags/example_xcom.py
[2024-05-25T19:04:37.298+0000] {logging_mixin.py:188} INFO - [2024-05-25T19:04:37.298+0000] {dag.py:3096} INFO - Sync 1 DAGs
[2024-05-25T19:04:37.321+0000] {logging_mixin.py:188} INFO - [2024-05-25T19:04:37.321+0000] {dag.py:3954} INFO - Setting next_dagrun for example_xcom to 2021-01-01 00:00:00+00:00, run_after=2021-01-01 00:00:00+00:00
[2024-05-25T19:04:37.336+0000] {processor.py:183} INFO - Processing /home/airflow/.local/lib/python3.12/site-packages/airflow/example_dags/example_xcom.py took 0.073 seconds
[2024-05-25T19:05:08.344+0000] {processor.py:161} INFO - Started process (PID=233) to work on /home/airflow/.local/lib/python3.12/site-packages/airflow/example_dags/example_xcom.py
[2024-05-25T19:05:08.345+0000] {processor.py:830} INFO - Processing file /home/airflow/.local/lib/python3.12/site-packages/airflow/example_dags/example_xcom.py for tasks to queue
[2024-05-25T19:05:08.348+0000] {logging_mixin.py:188} INFO - [2024-05-25T19:05:08.347+0000] {dagbag.py:545} INFO - Filling up the DagBag from /home/airflow/.local/lib/python3.12/site-packages/airflow/example_dags/example_xcom.py
[2024-05-25T19:05:08.359+0000] {processor.py:840} INFO - DAG(s) 'example_xcom' retrieved from /home/airflow/.local/lib/python3.12/site-packages/airflow/example_dags/example_xcom.py
[2024-05-25T19:05:08.394+0000] {logging_mixin.py:188} INFO - [2024-05-25T19:05:08.394+0000] {dag.py:3096} INFO - Sync 1 DAGs
[2024-05-25T19:05:08.428+0000] {logging_mixin.py:188} INFO - [2024-05-25T19:05:08.428+0000] {dag.py:3954} INFO - Setting next_dagrun for example_xcom to 2021-01-01 00:00:00+00:00, run_after=2021-01-01 00:00:00+00:00
[2024-05-25T19:05:08.456+0000] {processor.py:183} INFO - Processing /home/airflow/.local/lib/python3.12/site-packages/airflow/example_dags/example_xcom.py took 0.120 seconds
[2024-05-25T19:05:38.770+0000] {processor.py:161} INFO - Started process (PID=293) to work on /home/airflow/.local/lib/python3.12/site-packages/airflow/example_dags/example_xcom.py
[2024-05-25T19:05:38.771+0000] {processor.py:830} INFO - Processing file /home/airflow/.local/lib/python3.12/site-packages/airflow/example_dags/example_xcom.py for tasks to queue
[2024-05-25T19:05:38.774+0000] {logging_mixin.py:188} INFO - [2024-05-25T19:05:38.773+0000] {dagbag.py:545} INFO - Filling up the DagBag from /home/airflow/.local/lib/python3.12/site-packages/airflow/example_dags/example_xcom.py
[2024-05-25T19:05:38.782+0000] {processor.py:840} INFO - DAG(s) 'example_xcom' retrieved from /home/airflow/.local/lib/python3.12/site-packages/airflow/example_dags/example_xcom.py
[2024-05-25T19:05:38.804+0000] {logging_mixin.py:188} INFO - [2024-05-25T19:05:38.804+0000] {dag.py:3096} INFO - Sync 1 DAGs
[2024-05-25T19:05:38.829+0000] {logging_mixin.py:188} INFO - [2024-05-25T19:05:38.828+0000] {dag.py:3954} INFO - Setting next_dagrun for example_xcom to 2021-01-01 00:00:00+00:00, run_after=2021-01-01 00:00:00+00:00
[2024-05-25T19:05:38.848+0000] {processor.py:183} INFO - Processing /home/airflow/.local/lib/python3.12/site-packages/airflow/example_dags/example_xcom.py took 0.086 seconds
