[2024-05-25T19:03:37.990+0000] {processor.py:161} INFO - Started process (PID=71) to work on /home/airflow/.local/lib/python3.12/site-packages/airflow/example_dags/example_params_ui_tutorial.py
[2024-05-25T19:03:37.991+0000] {processor.py:830} INFO - Processing file /home/airflow/.local/lib/python3.12/site-packages/airflow/example_dags/example_params_ui_tutorial.py for tasks to queue
[2024-05-25T19:03:37.993+0000] {logging_mixin.py:188} INFO - [2024-05-25T19:03:37.992+0000] {dagbag.py:545} INFO - Filling up the DagBag from /home/airflow/.local/lib/python3.12/site-packages/airflow/example_dags/example_params_ui_tutorial.py
[2024-05-25T19:03:38.003+0000] {processor.py:840} INFO - DAG(s) 'example_params_ui_tutorial' retrieved from /home/airflow/.local/lib/python3.12/site-packages/airflow/example_dags/example_params_ui_tutorial.py
[2024-05-25T19:03:38.111+0000] {logging_mixin.py:188} INFO - [2024-05-25T19:03:38.110+0000] {override.py:1829} INFO - Created Permission View: can edit on DAG:example_params_ui_tutorial
[2024-05-25T19:03:38.119+0000] {logging_mixin.py:188} INFO - [2024-05-25T19:03:38.119+0000] {override.py:1829} INFO - Created Permission View: can read on DAG:example_params_ui_tutorial
[2024-05-25T19:03:38.124+0000] {logging_mixin.py:188} INFO - [2024-05-25T19:03:38.124+0000] {override.py:1829} INFO - Created Permission View: can delete on DAG:example_params_ui_tutorial
[2024-05-25T19:03:38.124+0000] {logging_mixin.py:188} INFO - [2024-05-25T19:03:38.124+0000] {dag.py:3096} INFO - Sync 1 DAGs
[2024-05-25T19:03:38.133+0000] {logging_mixin.py:188} INFO - [2024-05-25T19:03:38.133+0000] {dag.py:3118} INFO - Creating ORM DAG for example_params_ui_tutorial
[2024-05-25T19:03:38.134+0000] {logging_mixin.py:188} INFO - [2024-05-25T19:03:38.133+0000] {dag.py:3954} INFO - Setting next_dagrun for example_params_ui_tutorial to None, run_after=None
[2024-05-25T19:03:38.147+0000] {processor.py:183} INFO - Processing /home/airflow/.local/lib/python3.12/site-packages/airflow/example_dags/example_params_ui_tutorial.py took 0.161 seconds
[2024-05-25T19:04:08.603+0000] {processor.py:161} INFO - Started process (PID=131) to work on /home/airflow/.local/lib/python3.12/site-packages/airflow/example_dags/example_params_ui_tutorial.py
[2024-05-25T19:04:08.604+0000] {processor.py:830} INFO - Processing file /home/airflow/.local/lib/python3.12/site-packages/airflow/example_dags/example_params_ui_tutorial.py for tasks to queue
[2024-05-25T19:04:08.605+0000] {logging_mixin.py:188} INFO - [2024-05-25T19:04:08.605+0000] {dagbag.py:545} INFO - Filling up the DagBag from /home/airflow/.local/lib/python3.12/site-packages/airflow/example_dags/example_params_ui_tutorial.py
[2024-05-25T19:04:08.616+0000] {processor.py:840} INFO - DAG(s) 'example_params_ui_tutorial' retrieved from /home/airflow/.local/lib/python3.12/site-packages/airflow/example_dags/example_params_ui_tutorial.py
[2024-05-25T19:04:08.658+0000] {logging_mixin.py:188} INFO - [2024-05-25T19:04:08.658+0000] {dag.py:3096} INFO - Sync 1 DAGs
[2024-05-25T19:04:08.669+0000] {logging_mixin.py:188} INFO - [2024-05-25T19:04:08.668+0000] {dag.py:3954} INFO - Setting next_dagrun for example_params_ui_tutorial to None, run_after=None
[2024-05-25T19:04:08.685+0000] {processor.py:183} INFO - Processing /home/airflow/.local/lib/python3.12/site-packages/airflow/example_dags/example_params_ui_tutorial.py took 0.087 seconds
[2024-05-25T19:04:39.416+0000] {processor.py:161} INFO - Started process (PID=191) to work on /home/airflow/.local/lib/python3.12/site-packages/airflow/example_dags/example_params_ui_tutorial.py
[2024-05-25T19:04:39.417+0000] {processor.py:830} INFO - Processing file /home/airflow/.local/lib/python3.12/site-packages/airflow/example_dags/example_params_ui_tutorial.py for tasks to queue
[2024-05-25T19:04:39.420+0000] {logging_mixin.py:188} INFO - [2024-05-25T19:04:39.420+0000] {dagbag.py:545} INFO - Filling up the DagBag from /home/airflow/.local/lib/python3.12/site-packages/airflow/example_dags/example_params_ui_tutorial.py
[2024-05-25T19:04:39.434+0000] {processor.py:840} INFO - DAG(s) 'example_params_ui_tutorial' retrieved from /home/airflow/.local/lib/python3.12/site-packages/airflow/example_dags/example_params_ui_tutorial.py
[2024-05-25T19:04:39.489+0000] {logging_mixin.py:188} INFO - [2024-05-25T19:04:39.488+0000] {dag.py:3096} INFO - Sync 1 DAGs
[2024-05-25T19:04:39.510+0000] {logging_mixin.py:188} INFO - [2024-05-25T19:04:39.509+0000] {dag.py:3954} INFO - Setting next_dagrun for example_params_ui_tutorial to None, run_after=None
[2024-05-25T19:04:39.561+0000] {processor.py:183} INFO - Processing /home/airflow/.local/lib/python3.12/site-packages/airflow/example_dags/example_params_ui_tutorial.py took 0.152 seconds
[2024-05-25T19:05:09.720+0000] {processor.py:161} INFO - Started process (PID=251) to work on /home/airflow/.local/lib/python3.12/site-packages/airflow/example_dags/example_params_ui_tutorial.py
[2024-05-25T19:05:09.722+0000] {processor.py:830} INFO - Processing file /home/airflow/.local/lib/python3.12/site-packages/airflow/example_dags/example_params_ui_tutorial.py for tasks to queue
[2024-05-25T19:05:09.726+0000] {logging_mixin.py:188} INFO - [2024-05-25T19:05:09.725+0000] {dagbag.py:545} INFO - Filling up the DagBag from /home/airflow/.local/lib/python3.12/site-packages/airflow/example_dags/example_params_ui_tutorial.py
[2024-05-25T19:05:09.746+0000] {processor.py:840} INFO - DAG(s) 'example_params_ui_tutorial' retrieved from /home/airflow/.local/lib/python3.12/site-packages/airflow/example_dags/example_params_ui_tutorial.py
[2024-05-25T19:05:09.811+0000] {logging_mixin.py:188} INFO - [2024-05-25T19:05:09.810+0000] {dag.py:3096} INFO - Sync 1 DAGs
[2024-05-25T19:05:09.838+0000] {logging_mixin.py:188} INFO - [2024-05-25T19:05:09.837+0000] {dag.py:3954} INFO - Setting next_dagrun for example_params_ui_tutorial to None, run_after=None
[2024-05-25T19:05:09.866+0000] {processor.py:183} INFO - Processing /home/airflow/.local/lib/python3.12/site-packages/airflow/example_dags/example_params_ui_tutorial.py took 0.158 seconds
[2024-05-25T19:05:40.809+0000] {processor.py:161} INFO - Started process (PID=311) to work on /home/airflow/.local/lib/python3.12/site-packages/airflow/example_dags/example_params_ui_tutorial.py
[2024-05-25T19:05:40.810+0000] {processor.py:830} INFO - Processing file /home/airflow/.local/lib/python3.12/site-packages/airflow/example_dags/example_params_ui_tutorial.py for tasks to queue
[2024-05-25T19:05:40.813+0000] {logging_mixin.py:188} INFO - [2024-05-25T19:05:40.813+0000] {dagbag.py:545} INFO - Filling up the DagBag from /home/airflow/.local/lib/python3.12/site-packages/airflow/example_dags/example_params_ui_tutorial.py
[2024-05-25T19:05:40.828+0000] {processor.py:840} INFO - DAG(s) 'example_params_ui_tutorial' retrieved from /home/airflow/.local/lib/python3.12/site-packages/airflow/example_dags/example_params_ui_tutorial.py
[2024-05-25T19:05:40.878+0000] {logging_mixin.py:188} INFO - [2024-05-25T19:05:40.878+0000] {dag.py:3096} INFO - Sync 1 DAGs
[2024-05-25T19:05:40.894+0000] {logging_mixin.py:188} INFO - [2024-05-25T19:05:40.893+0000] {dag.py:3954} INFO - Setting next_dagrun for example_params_ui_tutorial to None, run_after=None
[2024-05-25T19:05:40.915+0000] {processor.py:183} INFO - Processing /home/airflow/.local/lib/python3.12/site-packages/airflow/example_dags/example_params_ui_tutorial.py took 0.115 seconds
