[2024-05-25T19:03:38.166+0000] {processor.py:161} INFO - Started process (PID=73) to work on /home/airflow/.local/lib/python3.12/site-packages/airflow/example_dags/example_branch_python_dop_operator_3.py
[2024-05-25T19:03:38.167+0000] {processor.py:830} INFO - Processing file /home/airflow/.local/lib/python3.12/site-packages/airflow/example_dags/example_branch_python_dop_operator_3.py for tasks to queue
[2024-05-25T19:03:38.168+0000] {logging_mixin.py:188} INFO - [2024-05-25T19:03:38.168+0000] {dagbag.py:545} INFO - Filling up the DagBag from /home/airflow/.local/lib/python3.12/site-packages/airflow/example_dags/example_branch_python_dop_operator_3.py
[2024-05-25T19:03:38.176+0000] {processor.py:840} INFO - DAG(s) 'example_branch_dop_operator_v3' retrieved from /home/airflow/.local/lib/python3.12/site-packages/airflow/example_dags/example_branch_python_dop_operator_3.py
[2024-05-25T19:03:38.259+0000] {logging_mixin.py:188} INFO - [2024-05-25T19:03:38.258+0000] {override.py:1829} INFO - Created Permission View: can edit on DAG:example_branch_dop_operator_v3
[2024-05-25T19:03:38.267+0000] {logging_mixin.py:188} INFO - [2024-05-25T19:03:38.267+0000] {override.py:1829} INFO - Created Permission View: can read on DAG:example_branch_dop_operator_v3
[2024-05-25T19:03:38.273+0000] {logging_mixin.py:188} INFO - [2024-05-25T19:03:38.273+0000] {override.py:1829} INFO - Created Permission View: can delete on DAG:example_branch_dop_operator_v3
[2024-05-25T19:03:38.273+0000] {logging_mixin.py:188} INFO - [2024-05-25T19:03:38.273+0000] {dag.py:3096} INFO - Sync 1 DAGs
[2024-05-25T19:03:38.283+0000] {logging_mixin.py:188} INFO - [2024-05-25T19:03:38.283+0000] {dag.py:3118} INFO - Creating ORM DAG for example_branch_dop_operator_v3
[2024-05-25T19:03:38.294+0000] {logging_mixin.py:188} INFO - [2024-05-25T19:03:38.294+0000] {dag.py:3954} INFO - Setting next_dagrun for example_branch_dop_operator_v3 to 2024-05-25 19:02:00+00:00, run_after=2024-05-25 19:03:00+00:00
[2024-05-25T19:03:38.309+0000] {processor.py:183} INFO - Processing /home/airflow/.local/lib/python3.12/site-packages/airflow/example_dags/example_branch_python_dop_operator_3.py took 0.148 seconds
[2024-05-25T19:04:08.703+0000] {processor.py:161} INFO - Started process (PID=133) to work on /home/airflow/.local/lib/python3.12/site-packages/airflow/example_dags/example_branch_python_dop_operator_3.py
[2024-05-25T19:04:08.704+0000] {processor.py:830} INFO - Processing file /home/airflow/.local/lib/python3.12/site-packages/airflow/example_dags/example_branch_python_dop_operator_3.py for tasks to queue
[2024-05-25T19:04:08.706+0000] {logging_mixin.py:188} INFO - [2024-05-25T19:04:08.706+0000] {dagbag.py:545} INFO - Filling up the DagBag from /home/airflow/.local/lib/python3.12/site-packages/airflow/example_dags/example_branch_python_dop_operator_3.py
[2024-05-25T19:04:08.713+0000] {processor.py:840} INFO - DAG(s) 'example_branch_dop_operator_v3' retrieved from /home/airflow/.local/lib/python3.12/site-packages/airflow/example_dags/example_branch_python_dop_operator_3.py
[2024-05-25T19:04:08.728+0000] {logging_mixin.py:188} INFO - [2024-05-25T19:04:08.728+0000] {dag.py:3096} INFO - Sync 1 DAGs
[2024-05-25T19:04:08.748+0000] {logging_mixin.py:188} INFO - [2024-05-25T19:04:08.747+0000] {dag.py:3954} INFO - Setting next_dagrun for example_branch_dop_operator_v3 to 2024-05-25 19:03:00+00:00, run_after=2024-05-25 19:04:00+00:00
[2024-05-25T19:04:08.762+0000] {processor.py:183} INFO - Processing /home/airflow/.local/lib/python3.12/site-packages/airflow/example_dags/example_branch_python_dop_operator_3.py took 0.063 seconds
[2024-05-25T19:04:39.605+0000] {processor.py:161} INFO - Started process (PID=193) to work on /home/airflow/.local/lib/python3.12/site-packages/airflow/example_dags/example_branch_python_dop_operator_3.py
[2024-05-25T19:04:39.607+0000] {processor.py:830} INFO - Processing file /home/airflow/.local/lib/python3.12/site-packages/airflow/example_dags/example_branch_python_dop_operator_3.py for tasks to queue
[2024-05-25T19:04:39.610+0000] {logging_mixin.py:188} INFO - [2024-05-25T19:04:39.610+0000] {dagbag.py:545} INFO - Filling up the DagBag from /home/airflow/.local/lib/python3.12/site-packages/airflow/example_dags/example_branch_python_dop_operator_3.py
[2024-05-25T19:04:39.621+0000] {processor.py:840} INFO - DAG(s) 'example_branch_dop_operator_v3' retrieved from /home/airflow/.local/lib/python3.12/site-packages/airflow/example_dags/example_branch_python_dop_operator_3.py
[2024-05-25T19:04:39.646+0000] {logging_mixin.py:188} INFO - [2024-05-25T19:04:39.646+0000] {dag.py:3096} INFO - Sync 1 DAGs
[2024-05-25T19:04:39.680+0000] {logging_mixin.py:188} INFO - [2024-05-25T19:04:39.680+0000] {dag.py:3954} INFO - Setting next_dagrun for example_branch_dop_operator_v3 to 2024-05-25 19:03:00+00:00, run_after=2024-05-25 19:04:00+00:00
[2024-05-25T19:04:39.706+0000] {processor.py:183} INFO - Processing /home/airflow/.local/lib/python3.12/site-packages/airflow/example_dags/example_branch_python_dop_operator_3.py took 0.111 seconds
[2024-05-25T19:05:10.033+0000] {processor.py:161} INFO - Started process (PID=253) to work on /home/airflow/.local/lib/python3.12/site-packages/airflow/example_dags/example_branch_python_dop_operator_3.py
[2024-05-25T19:05:10.034+0000] {processor.py:830} INFO - Processing file /home/airflow/.local/lib/python3.12/site-packages/airflow/example_dags/example_branch_python_dop_operator_3.py for tasks to queue
[2024-05-25T19:05:10.039+0000] {logging_mixin.py:188} INFO - [2024-05-25T19:05:10.038+0000] {dagbag.py:545} INFO - Filling up the DagBag from /home/airflow/.local/lib/python3.12/site-packages/airflow/example_dags/example_branch_python_dop_operator_3.py
[2024-05-25T19:05:10.054+0000] {processor.py:840} INFO - DAG(s) 'example_branch_dop_operator_v3' retrieved from /home/airflow/.local/lib/python3.12/site-packages/airflow/example_dags/example_branch_python_dop_operator_3.py
[2024-05-25T19:05:10.084+0000] {logging_mixin.py:188} INFO - [2024-05-25T19:05:10.084+0000] {dag.py:3096} INFO - Sync 1 DAGs
[2024-05-25T19:05:10.117+0000] {logging_mixin.py:188} INFO - [2024-05-25T19:05:10.116+0000] {dag.py:3954} INFO - Setting next_dagrun for example_branch_dop_operator_v3 to 2024-05-25 19:04:00+00:00, run_after=2024-05-25 19:05:00+00:00
[2024-05-25T19:05:10.144+0000] {processor.py:183} INFO - Processing /home/airflow/.local/lib/python3.12/site-packages/airflow/example_dags/example_branch_python_dop_operator_3.py took 0.122 seconds
[2024-05-25T19:05:41.059+0000] {processor.py:161} INFO - Started process (PID=313) to work on /home/airflow/.local/lib/python3.12/site-packages/airflow/example_dags/example_branch_python_dop_operator_3.py
[2024-05-25T19:05:41.060+0000] {processor.py:830} INFO - Processing file /home/airflow/.local/lib/python3.12/site-packages/airflow/example_dags/example_branch_python_dop_operator_3.py for tasks to queue
[2024-05-25T19:05:41.062+0000] {logging_mixin.py:188} INFO - [2024-05-25T19:05:41.062+0000] {dagbag.py:545} INFO - Filling up the DagBag from /home/airflow/.local/lib/python3.12/site-packages/airflow/example_dags/example_branch_python_dop_operator_3.py
[2024-05-25T19:05:41.073+0000] {processor.py:840} INFO - DAG(s) 'example_branch_dop_operator_v3' retrieved from /home/airflow/.local/lib/python3.12/site-packages/airflow/example_dags/example_branch_python_dop_operator_3.py
[2024-05-25T19:05:41.102+0000] {logging_mixin.py:188} INFO - [2024-05-25T19:05:41.102+0000] {dag.py:3096} INFO - Sync 1 DAGs
[2024-05-25T19:05:41.137+0000] {logging_mixin.py:188} INFO - [2024-05-25T19:05:41.137+0000] {dag.py:3954} INFO - Setting next_dagrun for example_branch_dop_operator_v3 to 2024-05-25 19:04:00+00:00, run_after=2024-05-25 19:05:00+00:00
[2024-05-25T19:05:41.161+0000] {processor.py:183} INFO - Processing /home/airflow/.local/lib/python3.12/site-packages/airflow/example_dags/example_branch_python_dop_operator_3.py took 0.112 seconds
