[2024-05-25T19:03:36.983+0000] {processor.py:161} INFO - Started process (PID=60) to work on /home/airflow/.local/lib/python3.12/site-packages/airflow/example_dags/example_setup_teardown.py
[2024-05-25T19:03:36.984+0000] {processor.py:830} INFO - Processing file /home/airflow/.local/lib/python3.12/site-packages/airflow/example_dags/example_setup_teardown.py for tasks to queue
[2024-05-25T19:03:36.985+0000] {logging_mixin.py:188} INFO - [2024-05-25T19:03:36.985+0000] {dagbag.py:545} INFO - Filling up the DagBag from /home/airflow/.local/lib/python3.12/site-packages/airflow/example_dags/example_setup_teardown.py
[2024-05-25T19:03:36.993+0000] {processor.py:840} INFO - DAG(s) 'example_setup_teardown' retrieved from /home/airflow/.local/lib/python3.12/site-packages/airflow/example_dags/example_setup_teardown.py
[2024-05-25T19:03:37.084+0000] {logging_mixin.py:188} INFO - [2024-05-25T19:03:37.083+0000] {override.py:1829} INFO - Created Permission View: can edit on DAG:example_setup_teardown
[2024-05-25T19:03:37.094+0000] {logging_mixin.py:188} INFO - [2024-05-25T19:03:37.094+0000] {override.py:1829} INFO - Created Permission View: can read on DAG:example_setup_teardown
[2024-05-25T19:03:37.100+0000] {logging_mixin.py:188} INFO - [2024-05-25T19:03:37.100+0000] {override.py:1829} INFO - Created Permission View: can delete on DAG:example_setup_teardown
[2024-05-25T19:03:37.101+0000] {logging_mixin.py:188} INFO - [2024-05-25T19:03:37.101+0000] {dag.py:3096} INFO - Sync 1 DAGs
[2024-05-25T19:03:37.111+0000] {logging_mixin.py:188} INFO - [2024-05-25T19:03:37.111+0000] {dag.py:3118} INFO - Creating ORM DAG for example_setup_teardown
[2024-05-25T19:03:37.122+0000] {logging_mixin.py:188} INFO - [2024-05-25T19:03:37.121+0000] {dag.py:3954} INFO - Setting next_dagrun for example_setup_teardown to 2024-05-24 00:00:00+00:00, run_after=2024-05-25 00:00:00+00:00
[2024-05-25T19:03:37.134+0000] {processor.py:183} INFO - Processing /home/airflow/.local/lib/python3.12/site-packages/airflow/example_dags/example_setup_teardown.py took 0.156 seconds
[2024-05-25T19:04:08.030+0000] {processor.py:161} INFO - Started process (PID=120) to work on /home/airflow/.local/lib/python3.12/site-packages/airflow/example_dags/example_setup_teardown.py
[2024-05-25T19:04:08.031+0000] {processor.py:830} INFO - Processing file /home/airflow/.local/lib/python3.12/site-packages/airflow/example_dags/example_setup_teardown.py for tasks to queue
[2024-05-25T19:04:08.032+0000] {logging_mixin.py:188} INFO - [2024-05-25T19:04:08.032+0000] {dagbag.py:545} INFO - Filling up the DagBag from /home/airflow/.local/lib/python3.12/site-packages/airflow/example_dags/example_setup_teardown.py
[2024-05-25T19:04:08.037+0000] {processor.py:840} INFO - DAG(s) 'example_setup_teardown' retrieved from /home/airflow/.local/lib/python3.12/site-packages/airflow/example_dags/example_setup_teardown.py
[2024-05-25T19:04:08.054+0000] {logging_mixin.py:188} INFO - [2024-05-25T19:04:08.054+0000] {dag.py:3096} INFO - Sync 1 DAGs
[2024-05-25T19:04:08.071+0000] {logging_mixin.py:188} INFO - [2024-05-25T19:04:08.071+0000] {dag.py:3954} INFO - Setting next_dagrun for example_setup_teardown to 2024-05-24 00:00:00+00:00, run_after=2024-05-25 00:00:00+00:00
[2024-05-25T19:04:08.089+0000] {processor.py:183} INFO - Processing /home/airflow/.local/lib/python3.12/site-packages/airflow/example_dags/example_setup_teardown.py took 0.064 seconds
[2024-05-25T19:04:38.547+0000] {processor.py:161} INFO - Started process (PID=180) to work on /home/airflow/.local/lib/python3.12/site-packages/airflow/example_dags/example_setup_teardown.py
[2024-05-25T19:04:38.548+0000] {processor.py:830} INFO - Processing file /home/airflow/.local/lib/python3.12/site-packages/airflow/example_dags/example_setup_teardown.py for tasks to queue
[2024-05-25T19:04:38.549+0000] {logging_mixin.py:188} INFO - [2024-05-25T19:04:38.549+0000] {dagbag.py:545} INFO - Filling up the DagBag from /home/airflow/.local/lib/python3.12/site-packages/airflow/example_dags/example_setup_teardown.py
[2024-05-25T19:04:38.555+0000] {processor.py:840} INFO - DAG(s) 'example_setup_teardown' retrieved from /home/airflow/.local/lib/python3.12/site-packages/airflow/example_dags/example_setup_teardown.py
[2024-05-25T19:04:38.575+0000] {logging_mixin.py:188} INFO - [2024-05-25T19:04:38.575+0000] {dag.py:3096} INFO - Sync 1 DAGs
[2024-05-25T19:04:38.601+0000] {logging_mixin.py:188} INFO - [2024-05-25T19:04:38.601+0000] {dag.py:3954} INFO - Setting next_dagrun for example_setup_teardown to 2024-05-24 00:00:00+00:00, run_after=2024-05-25 00:00:00+00:00
[2024-05-25T19:04:38.632+0000] {processor.py:183} INFO - Processing /home/airflow/.local/lib/python3.12/site-packages/airflow/example_dags/example_setup_teardown.py took 0.090 seconds
[2024-05-25T19:05:08.917+0000] {processor.py:161} INFO - Started process (PID=240) to work on /home/airflow/.local/lib/python3.12/site-packages/airflow/example_dags/example_setup_teardown.py
[2024-05-25T19:05:08.918+0000] {processor.py:830} INFO - Processing file /home/airflow/.local/lib/python3.12/site-packages/airflow/example_dags/example_setup_teardown.py for tasks to queue
[2024-05-25T19:05:08.921+0000] {logging_mixin.py:188} INFO - [2024-05-25T19:05:08.921+0000] {dagbag.py:545} INFO - Filling up the DagBag from /home/airflow/.local/lib/python3.12/site-packages/airflow/example_dags/example_setup_teardown.py
[2024-05-25T19:05:08.933+0000] {processor.py:840} INFO - DAG(s) 'example_setup_teardown' retrieved from /home/airflow/.local/lib/python3.12/site-packages/airflow/example_dags/example_setup_teardown.py
[2024-05-25T19:05:08.962+0000] {logging_mixin.py:188} INFO - [2024-05-25T19:05:08.961+0000] {dag.py:3096} INFO - Sync 1 DAGs
[2024-05-25T19:05:08.992+0000] {logging_mixin.py:188} INFO - [2024-05-25T19:05:08.992+0000] {dag.py:3954} INFO - Setting next_dagrun for example_setup_teardown to 2024-05-24 00:00:00+00:00, run_after=2024-05-25 00:00:00+00:00
[2024-05-25T19:05:09.019+0000] {processor.py:183} INFO - Processing /home/airflow/.local/lib/python3.12/site-packages/airflow/example_dags/example_setup_teardown.py took 0.109 seconds
[2024-05-25T19:05:39.200+0000] {processor.py:161} INFO - Started process (PID=300) to work on /home/airflow/.local/lib/python3.12/site-packages/airflow/example_dags/example_setup_teardown.py
[2024-05-25T19:05:39.201+0000] {processor.py:830} INFO - Processing file /home/airflow/.local/lib/python3.12/site-packages/airflow/example_dags/example_setup_teardown.py for tasks to queue
[2024-05-25T19:05:39.203+0000] {logging_mixin.py:188} INFO - [2024-05-25T19:05:39.203+0000] {dagbag.py:545} INFO - Filling up the DagBag from /home/airflow/.local/lib/python3.12/site-packages/airflow/example_dags/example_setup_teardown.py
[2024-05-25T19:05:39.211+0000] {processor.py:840} INFO - DAG(s) 'example_setup_teardown' retrieved from /home/airflow/.local/lib/python3.12/site-packages/airflow/example_dags/example_setup_teardown.py
[2024-05-25T19:05:39.236+0000] {logging_mixin.py:188} INFO - [2024-05-25T19:05:39.235+0000] {dag.py:3096} INFO - Sync 1 DAGs
[2024-05-25T19:05:39.273+0000] {logging_mixin.py:188} INFO - [2024-05-25T19:05:39.272+0000] {dag.py:3954} INFO - Setting next_dagrun for example_setup_teardown to 2024-05-24 00:00:00+00:00, run_after=2024-05-25 00:00:00+00:00
[2024-05-25T19:05:39.297+0000] {processor.py:183} INFO - Processing /home/airflow/.local/lib/python3.12/site-packages/airflow/example_dags/example_setup_teardown.py took 0.104 seconds
