[2024-05-25T19:03:33.363+0000] {processor.py:161} INFO - Started process (PID=36) to work on /home/airflow/.local/lib/python3.12/site-packages/airflow/example_dags/tutorial.py
[2024-05-25T19:03:33.364+0000] {processor.py:830} INFO - Processing file /home/airflow/.local/lib/python3.12/site-packages/airflow/example_dags/tutorial.py for tasks to queue
[2024-05-25T19:03:33.366+0000] {logging_mixin.py:188} INFO - [2024-05-25T19:03:33.365+0000] {dagbag.py:545} INFO - Filling up the DagBag from /home/airflow/.local/lib/python3.12/site-packages/airflow/example_dags/tutorial.py
[2024-05-25T19:03:33.380+0000] {processor.py:840} INFO - DAG(s) 'tutorial' retrieved from /home/airflow/.local/lib/python3.12/site-packages/airflow/example_dags/tutorial.py
[2024-05-25T19:03:33.606+0000] {logging_mixin.py:188} INFO - [2024-05-25T19:03:33.605+0000] {override.py:1829} INFO - Created Permission View: can edit on DAG:tutorial
[2024-05-25T19:03:33.616+0000] {logging_mixin.py:188} INFO - [2024-05-25T19:03:33.616+0000] {override.py:1829} INFO - Created Permission View: can read on DAG:tutorial
[2024-05-25T19:03:33.621+0000] {logging_mixin.py:188} INFO - [2024-05-25T19:03:33.621+0000] {override.py:1829} INFO - Created Permission View: can delete on DAG:tutorial
[2024-05-25T19:03:33.622+0000] {logging_mixin.py:188} INFO - [2024-05-25T19:03:33.621+0000] {dag.py:3096} INFO - Sync 1 DAGs
[2024-05-25T19:03:33.632+0000] {logging_mixin.py:188} INFO - [2024-05-25T19:03:33.632+0000] {dag.py:3118} INFO - Creating ORM DAG for tutorial
[2024-05-25T19:03:33.645+0000] {logging_mixin.py:188} INFO - [2024-05-25T19:03:33.645+0000] {dag.py:3954} INFO - Setting next_dagrun for tutorial to 2024-05-24 00:00:00+00:00, run_after=2024-05-25 00:00:00+00:00
[2024-05-25T19:03:33.662+0000] {processor.py:183} INFO - Processing /home/airflow/.local/lib/python3.12/site-packages/airflow/example_dags/tutorial.py took 0.304 seconds
[2024-05-25T19:04:04.581+0000] {processor.py:161} INFO - Started process (PID=95) to work on /home/airflow/.local/lib/python3.12/site-packages/airflow/example_dags/tutorial.py
[2024-05-25T19:04:04.582+0000] {processor.py:830} INFO - Processing file /home/airflow/.local/lib/python3.12/site-packages/airflow/example_dags/tutorial.py for tasks to queue
[2024-05-25T19:04:04.584+0000] {logging_mixin.py:188} INFO - [2024-05-25T19:04:04.584+0000] {dagbag.py:545} INFO - Filling up the DagBag from /home/airflow/.local/lib/python3.12/site-packages/airflow/example_dags/tutorial.py
[2024-05-25T19:04:04.591+0000] {processor.py:840} INFO - DAG(s) 'tutorial' retrieved from /home/airflow/.local/lib/python3.12/site-packages/airflow/example_dags/tutorial.py
[2024-05-25T19:04:04.607+0000] {logging_mixin.py:188} INFO - [2024-05-25T19:04:04.607+0000] {dag.py:3096} INFO - Sync 1 DAGs
[2024-05-25T19:04:04.625+0000] {logging_mixin.py:188} INFO - [2024-05-25T19:04:04.625+0000] {dag.py:3954} INFO - Setting next_dagrun for tutorial to 2024-05-24 00:00:00+00:00, run_after=2024-05-25 00:00:00+00:00
[2024-05-25T19:04:04.640+0000] {processor.py:183} INFO - Processing /home/airflow/.local/lib/python3.12/site-packages/airflow/example_dags/tutorial.py took 0.065 seconds
[2024-05-25T19:04:35.378+0000] {processor.py:161} INFO - Started process (PID=156) to work on /home/airflow/.local/lib/python3.12/site-packages/airflow/example_dags/tutorial.py
[2024-05-25T19:04:35.379+0000] {processor.py:830} INFO - Processing file /home/airflow/.local/lib/python3.12/site-packages/airflow/example_dags/tutorial.py for tasks to queue
[2024-05-25T19:04:35.380+0000] {logging_mixin.py:188} INFO - [2024-05-25T19:04:35.380+0000] {dagbag.py:545} INFO - Filling up the DagBag from /home/airflow/.local/lib/python3.12/site-packages/airflow/example_dags/tutorial.py
[2024-05-25T19:04:35.385+0000] {processor.py:840} INFO - DAG(s) 'tutorial' retrieved from /home/airflow/.local/lib/python3.12/site-packages/airflow/example_dags/tutorial.py
[2024-05-25T19:04:35.401+0000] {logging_mixin.py:188} INFO - [2024-05-25T19:04:35.401+0000] {dag.py:3096} INFO - Sync 1 DAGs
[2024-05-25T19:04:35.423+0000] {logging_mixin.py:188} INFO - [2024-05-25T19:04:35.422+0000] {dag.py:3954} INFO - Setting next_dagrun for tutorial to 2024-05-24 00:00:00+00:00, run_after=2024-05-25 00:00:00+00:00
[2024-05-25T19:04:35.448+0000] {processor.py:183} INFO - Processing /home/airflow/.local/lib/python3.12/site-packages/airflow/example_dags/tutorial.py took 0.076 seconds
[2024-05-25T19:05:06.039+0000] {processor.py:161} INFO - Started process (PID=216) to work on /home/airflow/.local/lib/python3.12/site-packages/airflow/example_dags/tutorial.py
[2024-05-25T19:05:06.040+0000] {processor.py:830} INFO - Processing file /home/airflow/.local/lib/python3.12/site-packages/airflow/example_dags/tutorial.py for tasks to queue
[2024-05-25T19:05:06.043+0000] {logging_mixin.py:188} INFO - [2024-05-25T19:05:06.042+0000] {dagbag.py:545} INFO - Filling up the DagBag from /home/airflow/.local/lib/python3.12/site-packages/airflow/example_dags/tutorial.py
[2024-05-25T19:05:06.053+0000] {processor.py:840} INFO - DAG(s) 'tutorial' retrieved from /home/airflow/.local/lib/python3.12/site-packages/airflow/example_dags/tutorial.py
[2024-05-25T19:05:06.077+0000] {logging_mixin.py:188} INFO - [2024-05-25T19:05:06.076+0000] {dag.py:3096} INFO - Sync 1 DAGs
[2024-05-25T19:05:06.109+0000] {logging_mixin.py:188} INFO - [2024-05-25T19:05:06.109+0000] {dag.py:3954} INFO - Setting next_dagrun for tutorial to 2024-05-24 00:00:00+00:00, run_after=2024-05-25 00:00:00+00:00
[2024-05-25T19:05:06.138+0000] {processor.py:183} INFO - Processing /home/airflow/.local/lib/python3.12/site-packages/airflow/example_dags/tutorial.py took 0.105 seconds
[2024-05-25T19:05:36.464+0000] {processor.py:161} INFO - Started process (PID=275) to work on /home/airflow/.local/lib/python3.12/site-packages/airflow/example_dags/tutorial.py
[2024-05-25T19:05:36.464+0000] {processor.py:830} INFO - Processing file /home/airflow/.local/lib/python3.12/site-packages/airflow/example_dags/tutorial.py for tasks to queue
[2024-05-25T19:05:36.467+0000] {logging_mixin.py:188} INFO - [2024-05-25T19:05:36.466+0000] {dagbag.py:545} INFO - Filling up the DagBag from /home/airflow/.local/lib/python3.12/site-packages/airflow/example_dags/tutorial.py
[2024-05-25T19:05:36.475+0000] {processor.py:840} INFO - DAG(s) 'tutorial' retrieved from /home/airflow/.local/lib/python3.12/site-packages/airflow/example_dags/tutorial.py
[2024-05-25T19:05:36.502+0000] {logging_mixin.py:188} INFO - [2024-05-25T19:05:36.502+0000] {dag.py:3096} INFO - Sync 1 DAGs
[2024-05-25T19:05:36.539+0000] {logging_mixin.py:188} INFO - [2024-05-25T19:05:36.538+0000] {dag.py:3954} INFO - Setting next_dagrun for tutorial to 2024-05-24 00:00:00+00:00, run_after=2024-05-25 00:00:00+00:00
[2024-05-25T19:05:36.567+0000] {processor.py:183} INFO - Processing /home/airflow/.local/lib/python3.12/site-packages/airflow/example_dags/tutorial.py took 0.109 seconds
