[2024-06-05T01:05:02.887+0000] {local_task_job_runner.py:120} INFO - ::group::Pre task execution logs
[2024-06-05T01:05:02.929+0000] {taskinstance.py:2076} INFO - Dependencies all met for dep_context=non-requeueable deps ti=<TaskInstance: dados_climaticos_estruturados.criar_pasta scheduled__2024-05-31T08:40:00+00:00 [queued]>
[2024-06-05T01:05:02.952+0000] {taskinstance.py:2076} INFO - Dependencies all met for dep_context=requeueable deps ti=<TaskInstance: dados_climaticos_estruturados.criar_pasta scheduled__2024-05-31T08:40:00+00:00 [queued]>
[2024-06-05T01:05:02.953+0000] {taskinstance.py:2306} INFO - Starting attempt 1 of 1
[2024-06-05T01:05:02.983+0000] {taskinstance.py:2330} INFO - Executing <Task(PythonOperator): criar_pasta> on 2024-05-31 08:40:00+00:00
[2024-06-05T01:05:03.003+0000] {warnings.py:110} WARNING - /home/***/.local/lib/python3.12/site-packages/***/task/task_runner/standard_task_runner.py:61: DeprecationWarning: This process (pid=4484) is multi-threaded, use of fork() may lead to deadlocks in the child.
  pid = os.fork()

[2024-06-05T01:05:03.005+0000] {standard_task_runner.py:63} INFO - Started process 4501 to run task
[2024-06-05T01:05:03.007+0000] {standard_task_runner.py:90} INFO - Running: ['***', 'tasks', 'run', 'dados_climaticos_estruturados', 'criar_pasta', 'scheduled__2024-05-31T08:40:00+00:00', '--job-id', '1815', '--raw', '--subdir', 'DAGS_FOLDER/weather/custom_dags/dados_climaticos_estruturados.py', '--cfg-path', '/tmp/tmp_3sztjjs']
[2024-06-05T01:05:03.010+0000] {standard_task_runner.py:91} INFO - Job 1815: Subtask criar_pasta
[2024-06-05T01:05:03.111+0000] {task_command.py:426} INFO - Running <TaskInstance: dados_climaticos_estruturados.criar_pasta scheduled__2024-05-31T08:40:00+00:00 [running]> on host 6665b0710315
[2024-06-05T01:05:03.352+0000] {taskinstance.py:2648} INFO - Exporting env vars: AIRFLOW_CTX_DAG_OWNER='***' AIRFLOW_CTX_DAG_ID='dados_climaticos_estruturados' AIRFLOW_CTX_TASK_ID='criar_pasta' AIRFLOW_CTX_EXECUTION_DATE='2024-05-31T08:40:00+00:00' AIRFLOW_CTX_TRY_NUMBER='1' AIRFLOW_CTX_DAG_RUN_ID='scheduled__2024-05-31T08:40:00+00:00'
[2024-06-05T01:05:03.354+0000] {taskinstance.py:430} INFO - ::endgroup::
[2024-06-05T01:05:03.357+0000] {python.py:237} INFO - Done. Returned value was: None
[2024-06-05T01:05:03.358+0000] {taskinstance.py:441} INFO - ::group::Post task execution logs
[2024-06-05T01:05:03.374+0000] {taskinstance.py:1206} INFO - Marking task as SUCCESS. dag_id=dados_climaticos_estruturados, task_id=criar_pasta, run_id=scheduled__2024-05-31T08:40:00+00:00, execution_date=20240531T084000, start_date=20240605T010502, end_date=20240605T010503
[2024-06-05T01:05:03.443+0000] {local_task_job_runner.py:240} INFO - Task exited with return code 0
[2024-06-05T01:05:03.517+0000] {taskinstance.py:3498} INFO - 1 downstream tasks scheduled from follow-on schedule check
[2024-06-05T01:05:03.525+0000] {local_task_job_runner.py:222} INFO - ::endgroup::
[2024-06-05T01:44:35.789+0000] {local_task_job_runner.py:120} INFO - ::group::Pre task execution logs
[2024-06-05T01:44:35.826+0000] {taskinstance.py:2076} INFO - Dependencies all met for dep_context=non-requeueable deps ti=<TaskInstance: dados_climaticos_estruturados.criar_pasta scheduled__2024-05-31T08:40:00+00:00 [queued]>
[2024-06-05T01:44:35.842+0000] {taskinstance.py:2076} INFO - Dependencies all met for dep_context=requeueable deps ti=<TaskInstance: dados_climaticos_estruturados.criar_pasta scheduled__2024-05-31T08:40:00+00:00 [queued]>
[2024-06-05T01:44:35.846+0000] {taskinstance.py:2306} INFO - Starting attempt 1 of 1
[2024-06-05T01:44:35.886+0000] {taskinstance.py:2330} INFO - Executing <Task(PythonOperator): criar_pasta> on 2024-05-31 08:40:00+00:00
[2024-06-05T01:44:35.913+0000] {standard_task_runner.py:90} INFO - Running: ['***', 'tasks', 'run', 'dados_climaticos_estruturados', 'criar_pasta', 'scheduled__2024-05-31T08:40:00+00:00', '--job-id', '1426', '--raw', '--subdir', 'DAGS_FOLDER/weather/custom_dags/dados_climaticos_estruturados.py', '--cfg-path', '/tmp/tmp6uahz9sa']
[2024-06-05T01:44:35.916+0000] {standard_task_runner.py:91} INFO - Job 1426: Subtask criar_pasta
[2024-06-05T01:44:35.908+0000] {warnings.py:110} WARNING - /home/***/.local/lib/python3.12/site-packages/***/task/task_runner/standard_task_runner.py:61: DeprecationWarning: This process (pid=4471) is multi-threaded, use of fork() may lead to deadlocks in the child.
  pid = os.fork()

[2024-06-05T01:44:35.922+0000] {standard_task_runner.py:63} INFO - Started process 4488 to run task
[2024-06-05T01:44:36.034+0000] {task_command.py:426} INFO - Running <TaskInstance: dados_climaticos_estruturados.criar_pasta scheduled__2024-05-31T08:40:00+00:00 [running]> on host 80232deae70a
[2024-06-05T01:44:36.238+0000] {taskinstance.py:2648} INFO - Exporting env vars: AIRFLOW_CTX_DAG_OWNER='***' AIRFLOW_CTX_DAG_ID='dados_climaticos_estruturados' AIRFLOW_CTX_TASK_ID='criar_pasta' AIRFLOW_CTX_EXECUTION_DATE='2024-05-31T08:40:00+00:00' AIRFLOW_CTX_TRY_NUMBER='1' AIRFLOW_CTX_DAG_RUN_ID='scheduled__2024-05-31T08:40:00+00:00'
[2024-06-05T01:44:36.244+0000] {taskinstance.py:430} INFO - ::endgroup::
[2024-06-05T01:44:36.247+0000] {python.py:237} INFO - Done. Returned value was: None
[2024-06-05T01:44:36.249+0000] {taskinstance.py:441} INFO - ::group::Post task execution logs
[2024-06-05T01:44:36.275+0000] {taskinstance.py:1206} INFO - Marking task as SUCCESS. dag_id=dados_climaticos_estruturados, task_id=criar_pasta, run_id=scheduled__2024-05-31T08:40:00+00:00, execution_date=20240531T084000, start_date=20240605T014435, end_date=20240605T014436
[2024-06-05T01:44:36.350+0000] {local_task_job_runner.py:240} INFO - Task exited with return code 0
[2024-06-05T01:44:36.428+0000] {taskinstance.py:3498} INFO - 1 downstream tasks scheduled from follow-on schedule check
[2024-06-05T01:44:36.435+0000] {local_task_job_runner.py:222} INFO - ::endgroup::
