[2024-06-05T00:55:46.916+0000] {local_task_job_runner.py:120} INFO - ::group::Pre task execution logs
[2024-06-05T00:55:46.967+0000] {taskinstance.py:2076} INFO - Dependencies all met for dep_context=non-requeueable deps ti=<TaskInstance: dados_climaticos_estruturados.criar_pasta scheduled__2024-05-29T11:35:00+00:00 [queued]>
[2024-06-05T00:55:46.985+0000] {taskinstance.py:2076} INFO - Dependencies all met for dep_context=requeueable deps ti=<TaskInstance: dados_climaticos_estruturados.criar_pasta scheduled__2024-05-29T11:35:00+00:00 [queued]>
[2024-06-05T00:55:46.986+0000] {taskinstance.py:2306} INFO - Starting attempt 1 of 1
[2024-06-05T00:55:47.016+0000] {taskinstance.py:2330} INFO - Executing <Task(PythonOperator): criar_pasta> on 2024-05-29 11:35:00+00:00
[2024-06-05T00:55:47.030+0000] {warnings.py:110} WARNING - /home/***/.local/lib/python3.12/site-packages/***/task/task_runner/standard_task_runner.py:61: DeprecationWarning: This process (pid=1082) is multi-threaded, use of fork() may lead to deadlocks in the child.
  pid = os.fork()

[2024-06-05T00:55:47.033+0000] {standard_task_runner.py:63} INFO - Started process 1112 to run task
[2024-06-05T00:55:47.040+0000] {standard_task_runner.py:90} INFO - Running: ['***', 'tasks', 'run', 'dados_climaticos_estruturados', 'criar_pasta', 'scheduled__2024-05-29T11:35:00+00:00', '--job-id', '720', '--raw', '--subdir', 'DAGS_FOLDER/weather/custom_dags/dados_climaticos_estruturados.py', '--cfg-path', '/tmp/tmp2y8isuro']
[2024-06-05T00:55:47.045+0000] {standard_task_runner.py:91} INFO - Job 720: Subtask criar_pasta
[2024-06-05T00:55:47.169+0000] {task_command.py:426} INFO - Running <TaskInstance: dados_climaticos_estruturados.criar_pasta scheduled__2024-05-29T11:35:00+00:00 [running]> on host 6665b0710315
[2024-06-05T00:55:47.395+0000] {taskinstance.py:2648} INFO - Exporting env vars: AIRFLOW_CTX_DAG_OWNER='***' AIRFLOW_CTX_DAG_ID='dados_climaticos_estruturados' AIRFLOW_CTX_TASK_ID='criar_pasta' AIRFLOW_CTX_EXECUTION_DATE='2024-05-29T11:35:00+00:00' AIRFLOW_CTX_TRY_NUMBER='1' AIRFLOW_CTX_DAG_RUN_ID='scheduled__2024-05-29T11:35:00+00:00'
[2024-06-05T00:55:47.403+0000] {taskinstance.py:430} INFO - ::endgroup::
[2024-06-05T00:55:47.413+0000] {python.py:237} INFO - Done. Returned value was: None
[2024-06-05T00:55:47.417+0000] {taskinstance.py:441} INFO - ::group::Post task execution logs
[2024-06-05T00:55:47.446+0000] {taskinstance.py:1206} INFO - Marking task as SUCCESS. dag_id=dados_climaticos_estruturados, task_id=criar_pasta, run_id=scheduled__2024-05-29T11:35:00+00:00, execution_date=20240529T113500, start_date=20240605T005546, end_date=20240605T005547
[2024-06-05T00:55:47.510+0000] {local_task_job_runner.py:240} INFO - Task exited with return code 0
[2024-06-05T00:55:47.536+0000] {local_task_job_runner.py:222} INFO - ::endgroup::
[2024-06-05T01:35:38.502+0000] {local_task_job_runner.py:120} INFO - ::group::Pre task execution logs
[2024-06-05T01:35:38.562+0000] {taskinstance.py:2076} INFO - Dependencies all met for dep_context=non-requeueable deps ti=<TaskInstance: dados_climaticos_estruturados.criar_pasta scheduled__2024-05-29T11:35:00+00:00 [queued]>
[2024-06-05T01:35:38.585+0000] {taskinstance.py:2076} INFO - Dependencies all met for dep_context=requeueable deps ti=<TaskInstance: dados_climaticos_estruturados.criar_pasta scheduled__2024-05-29T11:35:00+00:00 [queued]>
[2024-06-05T01:35:38.590+0000] {taskinstance.py:2306} INFO - Starting attempt 1 of 1
[2024-06-05T01:35:38.621+0000] {taskinstance.py:2330} INFO - Executing <Task(PythonOperator): criar_pasta> on 2024-05-29 11:35:00+00:00
[2024-06-05T01:35:38.641+0000] {warnings.py:110} WARNING - /home/***/.local/lib/python3.12/site-packages/***/task/task_runner/standard_task_runner.py:61: DeprecationWarning: This process (pid=1077) is multi-threaded, use of fork() may lead to deadlocks in the child.
  pid = os.fork()

[2024-06-05T01:35:38.646+0000] {standard_task_runner.py:63} INFO - Started process 1106 to run task
[2024-06-05T01:35:38.644+0000] {standard_task_runner.py:90} INFO - Running: ['***', 'tasks', 'run', 'dados_climaticos_estruturados', 'criar_pasta', 'scheduled__2024-05-29T11:35:00+00:00', '--job-id', '333', '--raw', '--subdir', 'DAGS_FOLDER/weather/custom_dags/dados_climaticos_estruturados.py', '--cfg-path', '/tmp/tmpcn8onx91']
[2024-06-05T01:35:38.654+0000] {standard_task_runner.py:91} INFO - Job 333: Subtask criar_pasta
[2024-06-05T01:35:38.779+0000] {task_command.py:426} INFO - Running <TaskInstance: dados_climaticos_estruturados.criar_pasta scheduled__2024-05-29T11:35:00+00:00 [running]> on host 80232deae70a
[2024-06-05T01:35:39.149+0000] {taskinstance.py:2648} INFO - Exporting env vars: AIRFLOW_CTX_DAG_OWNER='***' AIRFLOW_CTX_DAG_ID='dados_climaticos_estruturados' AIRFLOW_CTX_TASK_ID='criar_pasta' AIRFLOW_CTX_EXECUTION_DATE='2024-05-29T11:35:00+00:00' AIRFLOW_CTX_TRY_NUMBER='1' AIRFLOW_CTX_DAG_RUN_ID='scheduled__2024-05-29T11:35:00+00:00'
[2024-06-05T01:35:39.159+0000] {taskinstance.py:430} INFO - ::endgroup::
[2024-06-05T01:35:39.161+0000] {python.py:237} INFO - Done. Returned value was: None
[2024-06-05T01:35:39.166+0000] {taskinstance.py:441} INFO - ::group::Post task execution logs
[2024-06-05T01:35:39.213+0000] {taskinstance.py:1206} INFO - Marking task as SUCCESS. dag_id=dados_climaticos_estruturados, task_id=criar_pasta, run_id=scheduled__2024-05-29T11:35:00+00:00, execution_date=20240529T113500, start_date=20240605T013538, end_date=20240605T013539
[2024-06-05T01:35:39.335+0000] {local_task_job_runner.py:240} INFO - Task exited with return code 0
[2024-06-05T01:35:39.380+0000] {local_task_job_runner.py:222} INFO - ::endgroup::
