[2024-05-29T00:31:46.613+0000] {local_task_job_runner.py:120} INFO - ::group::Pre task execution logs
[2024-05-29T00:31:46.655+0000] {taskinstance.py:2076} INFO - Dependencies all met for dep_context=non-requeueable deps ti=<TaskInstance: dados_climaticos_estruturados.criar_pasta scheduled__2024-05-17T09:40:00+00:00 [queued]>
[2024-05-29T00:31:46.664+0000] {taskinstance.py:2076} INFO - Dependencies all met for dep_context=requeueable deps ti=<TaskInstance: dados_climaticos_estruturados.criar_pasta scheduled__2024-05-17T09:40:00+00:00 [queued]>
[2024-05-29T00:31:46.665+0000] {taskinstance.py:2306} INFO - Starting attempt 1 of 1
[2024-05-29T00:31:46.679+0000] {taskinstance.py:2330} INFO - Executing <Task(PythonOperator): criar_pasta> on 2024-05-17 09:40:00+00:00
[2024-05-29T00:31:46.686+0000] {warnings.py:110} WARNING - /home/***/.local/lib/python3.12/site-packages/***/task/task_runner/standard_task_runner.py:61: DeprecationWarning: This process (pid=377) is multi-threaded, use of fork() may lead to deadlocks in the child.
  pid = os.fork()

[2024-05-29T00:31:46.688+0000] {standard_task_runner.py:63} INFO - Started process 392 to run task
[2024-05-29T00:31:46.689+0000] {standard_task_runner.py:90} INFO - Running: ['***', 'tasks', 'run', 'dados_climaticos_estruturados', 'criar_pasta', 'scheduled__2024-05-17T09:40:00+00:00', '--job-id', '186', '--raw', '--subdir', 'DAGS_FOLDER/weather/custom_dags/dados_climaticos_estruturados.py', '--cfg-path', '/tmp/tmph0ofq6pd']
[2024-05-29T00:31:46.691+0000] {standard_task_runner.py:91} INFO - Job 186: Subtask criar_pasta
[2024-05-29T00:31:46.744+0000] {task_command.py:426} INFO - Running <TaskInstance: dados_climaticos_estruturados.criar_pasta scheduled__2024-05-17T09:40:00+00:00 [running]> on host 0473b835f7f4
[2024-05-29T00:31:46.848+0000] {taskinstance.py:2648} INFO - Exporting env vars: AIRFLOW_CTX_DAG_OWNER='***' AIRFLOW_CTX_DAG_ID='dados_climaticos_estruturados' AIRFLOW_CTX_TASK_ID='criar_pasta' AIRFLOW_CTX_EXECUTION_DATE='2024-05-17T09:40:00+00:00' AIRFLOW_CTX_TRY_NUMBER='1' AIRFLOW_CTX_DAG_RUN_ID='scheduled__2024-05-17T09:40:00+00:00'
[2024-05-29T00:31:46.850+0000] {taskinstance.py:430} INFO - ::endgroup::
[2024-05-29T00:31:46.851+0000] {taskinstance.py:441} INFO - ::group::Post task execution logs
[2024-05-29T00:31:46.851+0000] {taskinstance.py:2905} ERROR - Task failed with exception
Traceback (most recent call last):
  File "/home/airflow/.local/lib/python3.12/site-packages/airflow/models/taskinstance.py", line 465, in _execute_task
    result = _execute_callable(context=context, **execute_callable_kwargs)
             ^^^^^^^^^^^^^^^^^^^^^^^^^^^^^^^^^^^^^^^^^^^^^^^^^^^^^^^^^^^^^
  File "/home/airflow/.local/lib/python3.12/site-packages/airflow/models/taskinstance.py", line 432, in _execute_callable
    return execute_callable(context=context, **execute_callable_kwargs)
           ^^^^^^^^^^^^^^^^^^^^^^^^^^^^^^^^^^^^^^^^^^^^^^^^^^^^^^^^^^^^
  File "/home/airflow/.local/lib/python3.12/site-packages/airflow/models/baseoperator.py", line 400, in wrapper
    return func(self, *args, **kwargs)
           ^^^^^^^^^^^^^^^^^^^^^^^^^^^
  File "/home/airflow/.local/lib/python3.12/site-packages/airflow/operators/python.py", line 235, in execute
    return_value = self.execute_callable()
                   ^^^^^^^^^^^^^^^^^^^^^^^
  File "/home/airflow/.local/lib/python3.12/site-packages/airflow/operators/python.py", line 252, in execute_callable
    return self.python_callable(*self.op_args, **self.op_kwargs)
           ^^^^^^^^^^^^^^^^^^^^^^^^^^^^^^^^^^^^^^^^^^^^^^^^^^^^^
  File "/opt/airflow/dags/weather/custom_dags/dados_climaticos_estruturados.py", line 18, in pegar_data_e_criar_pasta
    Path(caminho).mkdir(parents=True, exist_ok=True)
    ^^^^
NameError: name 'Path' is not defined
[2024-05-29T00:31:46.863+0000] {taskinstance.py:1206} INFO - Marking task as FAILED. dag_id=dados_climaticos_estruturados, task_id=criar_pasta, run_id=scheduled__2024-05-17T09:40:00+00:00, execution_date=20240517T094000, start_date=20240529T003146, end_date=20240529T003146
[2024-05-29T00:31:46.878+0000] {standard_task_runner.py:110} ERROR - Failed to execute job 186 for task criar_pasta (name 'Path' is not defined; 392)
[2024-05-29T00:31:46.910+0000] {local_task_job_runner.py:240} INFO - Task exited with return code 1
[2024-05-29T00:31:46.937+0000] {taskinstance.py:3498} INFO - 0 downstream tasks scheduled from follow-on schedule check
[2024-05-29T00:31:46.942+0000] {local_task_job_runner.py:222} INFO - ::endgroup::
[2024-05-29T01:43:28.690+0000] {local_task_job_runner.py:120} INFO - ::group::Pre task execution logs
[2024-05-29T01:43:28.820+0000] {taskinstance.py:2076} INFO - Dependencies all met for dep_context=non-requeueable deps ti=<TaskInstance: dados_climaticos_estruturados.criar_pasta scheduled__2024-05-17T09:40:00+00:00 [queued]>
[2024-05-29T01:43:28.882+0000] {taskinstance.py:2076} INFO - Dependencies all met for dep_context=requeueable deps ti=<TaskInstance: dados_climaticos_estruturados.criar_pasta scheduled__2024-05-17T09:40:00+00:00 [queued]>
[2024-05-29T01:43:28.892+0000] {taskinstance.py:2306} INFO - Starting attempt 1 of 1
[2024-05-29T01:43:28.973+0000] {taskinstance.py:2330} INFO - Executing <Task(PythonOperator): criar_pasta> on 2024-05-17 09:40:00+00:00
[2024-05-29T01:43:29.005+0000] {warnings.py:110} WARNING - /home/***/.local/lib/python3.12/site-packages/***/task/task_runner/standard_task_runner.py:61: DeprecationWarning: This process (pid=505) is multi-threaded, use of fork() may lead to deadlocks in the child.
  pid = os.fork()

[2024-05-29T01:43:29.013+0000] {standard_task_runner.py:63} INFO - Started process 533 to run task
[2024-05-29T01:43:29.012+0000] {standard_task_runner.py:90} INFO - Running: ['***', 'tasks', 'run', 'dados_climaticos_estruturados', 'criar_pasta', 'scheduled__2024-05-17T09:40:00+00:00', '--job-id', '289', '--raw', '--subdir', 'DAGS_FOLDER/weather/custom_dags/dados_climaticos_estruturados.py', '--cfg-path', '/tmp/tmp8wbqyr_9']
[2024-05-29T01:43:29.023+0000] {standard_task_runner.py:91} INFO - Job 289: Subtask criar_pasta
[2024-05-29T01:43:29.297+0000] {task_command.py:426} INFO - Running <TaskInstance: dados_climaticos_estruturados.criar_pasta scheduled__2024-05-17T09:40:00+00:00 [running]> on host 6665b0710315
[2024-05-29T01:43:29.737+0000] {taskinstance.py:2648} INFO - Exporting env vars: AIRFLOW_CTX_DAG_OWNER='***' AIRFLOW_CTX_DAG_ID='dados_climaticos_estruturados' AIRFLOW_CTX_TASK_ID='criar_pasta' AIRFLOW_CTX_EXECUTION_DATE='2024-05-17T09:40:00+00:00' AIRFLOW_CTX_TRY_NUMBER='1' AIRFLOW_CTX_DAG_RUN_ID='scheduled__2024-05-17T09:40:00+00:00'
[2024-05-29T01:43:29.750+0000] {taskinstance.py:430} INFO - ::endgroup::
[2024-05-29T01:43:29.771+0000] {python.py:237} INFO - Done. Returned value was: None
[2024-05-29T01:43:29.775+0000] {taskinstance.py:441} INFO - ::group::Post task execution logs
[2024-05-29T01:43:29.846+0000] {taskinstance.py:1206} INFO - Marking task as SUCCESS. dag_id=dados_climaticos_estruturados, task_id=criar_pasta, run_id=scheduled__2024-05-17T09:40:00+00:00, execution_date=20240517T094000, start_date=20240529T014328, end_date=20240529T014329
[2024-05-29T01:43:30.055+0000] {local_task_job_runner.py:240} INFO - Task exited with return code 0
[2024-05-29T01:43:30.141+0000] {local_task_job_runner.py:222} INFO - ::endgroup::
