[2024-06-05T01:04:38.671+0000] {local_task_job_runner.py:120} INFO - ::group::Pre task execution logs
[2024-06-05T01:04:38.723+0000] {taskinstance.py:2076} INFO - Dependencies all met for dep_context=non-requeueable deps ti=<TaskInstance: dados_climaticos_estruturados.criar_pasta scheduled__2024-05-31T07:10:00+00:00 [queued]>
[2024-06-05T01:04:38.740+0000] {taskinstance.py:2076} INFO - Dependencies all met for dep_context=requeueable deps ti=<TaskInstance: dados_climaticos_estruturados.criar_pasta scheduled__2024-05-31T07:10:00+00:00 [queued]>
[2024-06-05T01:04:38.743+0000] {taskinstance.py:2306} INFO - Starting attempt 1 of 1
[2024-06-05T01:04:38.769+0000] {taskinstance.py:2330} INFO - Executing <Task(PythonOperator): criar_pasta> on 2024-05-31 07:10:00+00:00
[2024-06-05T01:04:38.790+0000] {warnings.py:110} WARNING - /home/***/.local/lib/python3.12/site-packages/***/task/task_runner/standard_task_runner.py:61: DeprecationWarning: This process (pid=4343) is multi-threaded, use of fork() may lead to deadlocks in the child.
  pid = os.fork()

[2024-06-05T01:04:38.792+0000] {standard_task_runner.py:63} INFO - Started process 4369 to run task
[2024-06-05T01:04:38.794+0000] {standard_task_runner.py:90} INFO - Running: ['***', 'tasks', 'run', 'dados_climaticos_estruturados', 'criar_pasta', 'scheduled__2024-05-31T07:10:00+00:00', '--job-id', '1770', '--raw', '--subdir', 'DAGS_FOLDER/weather/custom_dags/dados_climaticos_estruturados.py', '--cfg-path', '/tmp/tmpeti1c_eq']
[2024-06-05T01:04:38.796+0000] {standard_task_runner.py:91} INFO - Job 1770: Subtask criar_pasta
[2024-06-05T01:04:38.889+0000] {task_command.py:426} INFO - Running <TaskInstance: dados_climaticos_estruturados.criar_pasta scheduled__2024-05-31T07:10:00+00:00 [running]> on host 6665b0710315
[2024-06-05T01:04:39.063+0000] {taskinstance.py:2648} INFO - Exporting env vars: AIRFLOW_CTX_DAG_OWNER='***' AIRFLOW_CTX_DAG_ID='dados_climaticos_estruturados' AIRFLOW_CTX_TASK_ID='criar_pasta' AIRFLOW_CTX_EXECUTION_DATE='2024-05-31T07:10:00+00:00' AIRFLOW_CTX_TRY_NUMBER='1' AIRFLOW_CTX_DAG_RUN_ID='scheduled__2024-05-31T07:10:00+00:00'
[2024-06-05T01:04:39.067+0000] {taskinstance.py:430} INFO - ::endgroup::
[2024-06-05T01:04:39.070+0000] {python.py:237} INFO - Done. Returned value was: None
[2024-06-05T01:04:39.071+0000] {taskinstance.py:441} INFO - ::group::Post task execution logs
[2024-06-05T01:04:39.087+0000] {taskinstance.py:1206} INFO - Marking task as SUCCESS. dag_id=dados_climaticos_estruturados, task_id=criar_pasta, run_id=scheduled__2024-05-31T07:10:00+00:00, execution_date=20240531T071000, start_date=20240605T010438, end_date=20240605T010439
[2024-06-05T01:04:39.144+0000] {local_task_job_runner.py:240} INFO - Task exited with return code 0
[2024-06-05T01:04:39.177+0000] {taskinstance.py:3498} INFO - 1 downstream tasks scheduled from follow-on schedule check
[2024-06-05T01:04:39.182+0000] {local_task_job_runner.py:222} INFO - ::endgroup::
[2024-06-05T01:44:03.416+0000] {local_task_job_runner.py:120} INFO - ::group::Pre task execution logs
[2024-06-05T01:44:03.459+0000] {taskinstance.py:2076} INFO - Dependencies all met for dep_context=non-requeueable deps ti=<TaskInstance: dados_climaticos_estruturados.criar_pasta scheduled__2024-05-31T07:10:00+00:00 [queued]>
[2024-06-05T01:44:03.475+0000] {taskinstance.py:2076} INFO - Dependencies all met for dep_context=requeueable deps ti=<TaskInstance: dados_climaticos_estruturados.criar_pasta scheduled__2024-05-31T07:10:00+00:00 [queued]>
[2024-06-05T01:44:03.477+0000] {taskinstance.py:2306} INFO - Starting attempt 1 of 1
[2024-06-05T01:44:03.514+0000] {taskinstance.py:2330} INFO - Executing <Task(PythonOperator): criar_pasta> on 2024-05-31 07:10:00+00:00
[2024-06-05T01:44:03.538+0000] {warnings.py:110} WARNING - /home/***/.local/lib/python3.12/site-packages/***/task/task_runner/standard_task_runner.py:61: DeprecationWarning: This process (pid=4324) is multi-threaded, use of fork() may lead to deadlocks in the child.
  pid = os.fork()

[2024-06-05T01:44:03.546+0000] {standard_task_runner.py:63} INFO - Started process 4350 to run task
[2024-06-05T01:44:03.551+0000] {standard_task_runner.py:90} INFO - Running: ['***', 'tasks', 'run', 'dados_climaticos_estruturados', 'criar_pasta', 'scheduled__2024-05-31T07:10:00+00:00', '--job-id', '1382', '--raw', '--subdir', 'DAGS_FOLDER/weather/custom_dags/dados_climaticos_estruturados.py', '--cfg-path', '/tmp/tmpqv7d86os']
[2024-06-05T01:44:03.555+0000] {standard_task_runner.py:91} INFO - Job 1382: Subtask criar_pasta
[2024-06-05T01:44:03.653+0000] {task_command.py:426} INFO - Running <TaskInstance: dados_climaticos_estruturados.criar_pasta scheduled__2024-05-31T07:10:00+00:00 [running]> on host 80232deae70a
[2024-06-05T01:44:03.827+0000] {taskinstance.py:2648} INFO - Exporting env vars: AIRFLOW_CTX_DAG_OWNER='***' AIRFLOW_CTX_DAG_ID='dados_climaticos_estruturados' AIRFLOW_CTX_TASK_ID='criar_pasta' AIRFLOW_CTX_EXECUTION_DATE='2024-05-31T07:10:00+00:00' AIRFLOW_CTX_TRY_NUMBER='1' AIRFLOW_CTX_DAG_RUN_ID='scheduled__2024-05-31T07:10:00+00:00'
[2024-06-05T01:44:03.836+0000] {taskinstance.py:430} INFO - ::endgroup::
[2024-06-05T01:44:03.839+0000] {python.py:237} INFO - Done. Returned value was: None
[2024-06-05T01:44:03.842+0000] {taskinstance.py:441} INFO - ::group::Post task execution logs
[2024-06-05T01:44:03.879+0000] {taskinstance.py:1206} INFO - Marking task as SUCCESS. dag_id=dados_climaticos_estruturados, task_id=criar_pasta, run_id=scheduled__2024-05-31T07:10:00+00:00, execution_date=20240531T071000, start_date=20240605T014403, end_date=20240605T014403
[2024-06-05T01:44:03.945+0000] {local_task_job_runner.py:240} INFO - Task exited with return code 0
[2024-06-05T01:44:03.979+0000] {taskinstance.py:3498} INFO - 1 downstream tasks scheduled from follow-on schedule check
[2024-06-05T01:44:03.982+0000] {local_task_job_runner.py:222} INFO - ::endgroup::
