[2024-06-05T01:01:23.464+0000] {local_task_job_runner.py:120} INFO - ::group::Pre task execution logs
[2024-06-05T01:01:23.506+0000] {taskinstance.py:2076} INFO - Dependencies all met for dep_context=non-requeueable deps ti=<TaskInstance: dados_climaticos_estruturados.criar_pasta scheduled__2024-05-30T15:15:00+00:00 [queued]>
[2024-06-05T01:01:23.523+0000] {taskinstance.py:2076} INFO - Dependencies all met for dep_context=requeueable deps ti=<TaskInstance: dados_climaticos_estruturados.criar_pasta scheduled__2024-05-30T15:15:00+00:00 [queued]>
[2024-06-05T01:01:23.524+0000] {taskinstance.py:2306} INFO - Starting attempt 1 of 1
[2024-06-05T01:01:23.551+0000] {taskinstance.py:2330} INFO - Executing <Task(PythonOperator): criar_pasta> on 2024-05-30 15:15:00+00:00
[2024-06-05T01:01:23.563+0000] {warnings.py:110} WARNING - /home/***/.local/lib/python3.12/site-packages/***/task/task_runner/standard_task_runner.py:61: DeprecationWarning: This process (pid=3184) is multi-threaded, use of fork() may lead to deadlocks in the child.
  pid = os.fork()

[2024-06-05T01:01:23.565+0000] {standard_task_runner.py:63} INFO - Started process 3199 to run task
[2024-06-05T01:01:23.568+0000] {standard_task_runner.py:90} INFO - Running: ['***', 'tasks', 'run', 'dados_climaticos_estruturados', 'criar_pasta', 'scheduled__2024-05-30T15:15:00+00:00', '--job-id', '1395', '--raw', '--subdir', 'DAGS_FOLDER/weather/custom_dags/dados_climaticos_estruturados.py', '--cfg-path', '/tmp/tmp6yelw14_']
[2024-06-05T01:01:23.570+0000] {standard_task_runner.py:91} INFO - Job 1395: Subtask criar_pasta
[2024-06-05T01:01:23.658+0000] {task_command.py:426} INFO - Running <TaskInstance: dados_climaticos_estruturados.criar_pasta scheduled__2024-05-30T15:15:00+00:00 [running]> on host 6665b0710315
[2024-06-05T01:01:23.789+0000] {taskinstance.py:2648} INFO - Exporting env vars: AIRFLOW_CTX_DAG_OWNER='***' AIRFLOW_CTX_DAG_ID='dados_climaticos_estruturados' AIRFLOW_CTX_TASK_ID='criar_pasta' AIRFLOW_CTX_EXECUTION_DATE='2024-05-30T15:15:00+00:00' AIRFLOW_CTX_TRY_NUMBER='1' AIRFLOW_CTX_DAG_RUN_ID='scheduled__2024-05-30T15:15:00+00:00'
[2024-06-05T01:01:23.791+0000] {taskinstance.py:430} INFO - ::endgroup::
[2024-06-05T01:01:23.795+0000] {python.py:237} INFO - Done. Returned value was: None
[2024-06-05T01:01:23.795+0000] {taskinstance.py:441} INFO - ::group::Post task execution logs
[2024-06-05T01:01:23.810+0000] {taskinstance.py:1206} INFO - Marking task as SUCCESS. dag_id=dados_climaticos_estruturados, task_id=criar_pasta, run_id=scheduled__2024-05-30T15:15:00+00:00, execution_date=20240530T151500, start_date=20240605T010123, end_date=20240605T010123
[2024-06-05T01:01:23.874+0000] {local_task_job_runner.py:240} INFO - Task exited with return code 0
[2024-06-05T01:01:23.898+0000] {taskinstance.py:3498} INFO - 1 downstream tasks scheduled from follow-on schedule check
[2024-06-05T01:01:23.900+0000] {local_task_job_runner.py:222} INFO - ::endgroup::
[2024-06-05T01:40:59.254+0000] {local_task_job_runner.py:120} INFO - ::group::Pre task execution logs
[2024-06-05T01:40:59.297+0000] {taskinstance.py:2076} INFO - Dependencies all met for dep_context=non-requeueable deps ti=<TaskInstance: dados_climaticos_estruturados.criar_pasta scheduled__2024-05-30T15:15:00+00:00 [queued]>
[2024-06-05T01:40:59.311+0000] {taskinstance.py:2076} INFO - Dependencies all met for dep_context=requeueable deps ti=<TaskInstance: dados_climaticos_estruturados.criar_pasta scheduled__2024-05-30T15:15:00+00:00 [queued]>
[2024-06-05T01:40:59.316+0000] {taskinstance.py:2306} INFO - Starting attempt 1 of 1
[2024-06-05T01:40:59.477+0000] {taskinstance.py:2330} INFO - Executing <Task(PythonOperator): criar_pasta> on 2024-05-30 15:15:00+00:00
[2024-06-05T01:40:59.503+0000] {warnings.py:110} WARNING - /home/***/.local/lib/python3.12/site-packages/***/task/task_runner/standard_task_runner.py:61: DeprecationWarning: This process (pid=3139) is multi-threaded, use of fork() may lead to deadlocks in the child.
  pid = os.fork()

[2024-06-05T01:40:59.509+0000] {standard_task_runner.py:63} INFO - Started process 3179 to run task
[2024-06-05T01:40:59.510+0000] {standard_task_runner.py:90} INFO - Running: ['***', 'tasks', 'run', 'dados_climaticos_estruturados', 'criar_pasta', 'scheduled__2024-05-30T15:15:00+00:00', '--job-id', '1000', '--raw', '--subdir', 'DAGS_FOLDER/weather/custom_dags/dados_climaticos_estruturados.py', '--cfg-path', '/tmp/tmp2f8uec5y']
[2024-06-05T01:40:59.516+0000] {standard_task_runner.py:91} INFO - Job 1000: Subtask criar_pasta
[2024-06-05T01:40:59.646+0000] {task_command.py:426} INFO - Running <TaskInstance: dados_climaticos_estruturados.criar_pasta scheduled__2024-05-30T15:15:00+00:00 [running]> on host 80232deae70a
[2024-06-05T01:40:59.863+0000] {taskinstance.py:2648} INFO - Exporting env vars: AIRFLOW_CTX_DAG_OWNER='***' AIRFLOW_CTX_DAG_ID='dados_climaticos_estruturados' AIRFLOW_CTX_TASK_ID='criar_pasta' AIRFLOW_CTX_EXECUTION_DATE='2024-05-30T15:15:00+00:00' AIRFLOW_CTX_TRY_NUMBER='1' AIRFLOW_CTX_DAG_RUN_ID='scheduled__2024-05-30T15:15:00+00:00'
[2024-06-05T01:40:59.872+0000] {taskinstance.py:430} INFO - ::endgroup::
[2024-06-05T01:40:59.875+0000] {python.py:237} INFO - Done. Returned value was: None
[2024-06-05T01:40:59.876+0000] {taskinstance.py:441} INFO - ::group::Post task execution logs
[2024-06-05T01:40:59.904+0000] {taskinstance.py:1206} INFO - Marking task as SUCCESS. dag_id=dados_climaticos_estruturados, task_id=criar_pasta, run_id=scheduled__2024-05-30T15:15:00+00:00, execution_date=20240530T151500, start_date=20240605T014059, end_date=20240605T014059
[2024-06-05T01:40:59.944+0000] {local_task_job_runner.py:240} INFO - Task exited with return code 0
[2024-06-05T01:41:00.010+0000] {taskinstance.py:3498} INFO - 1 downstream tasks scheduled from follow-on schedule check
[2024-06-05T01:41:00.014+0000] {local_task_job_runner.py:222} INFO - ::endgroup::
