[2024-06-05T01:01:47.362+0000] {local_task_job_runner.py:120} INFO - ::group::Pre task execution logs
[2024-06-05T01:01:47.395+0000] {taskinstance.py:2076} INFO - Dependencies all met for dep_context=non-requeueable deps ti=<TaskInstance: dados_climaticos_estruturados.criar_pasta scheduled__2024-05-30T17:40:00+00:00 [queued]>
[2024-06-05T01:01:47.408+0000] {taskinstance.py:2076} INFO - Dependencies all met for dep_context=requeueable deps ti=<TaskInstance: dados_climaticos_estruturados.criar_pasta scheduled__2024-05-30T17:40:00+00:00 [queued]>
[2024-06-05T01:01:47.409+0000] {taskinstance.py:2306} INFO - Starting attempt 1 of 1
[2024-06-05T01:01:47.432+0000] {taskinstance.py:2330} INFO - Executing <Task(PythonOperator): criar_pasta> on 2024-05-30 17:40:00+00:00
[2024-06-05T01:01:47.444+0000] {warnings.py:110} WARNING - /home/***/.local/lib/python3.12/site-packages/***/task/task_runner/standard_task_runner.py:61: DeprecationWarning: This process (pid=3335) is multi-threaded, use of fork() may lead to deadlocks in the child.
  pid = os.fork()

[2024-06-05T01:01:47.446+0000] {standard_task_runner.py:63} INFO - Started process 3362 to run task
[2024-06-05T01:01:47.446+0000] {standard_task_runner.py:90} INFO - Running: ['***', 'tasks', 'run', 'dados_climaticos_estruturados', 'criar_pasta', 'scheduled__2024-05-30T17:40:00+00:00', '--job-id', '1450', '--raw', '--subdir', 'DAGS_FOLDER/weather/custom_dags/dados_climaticos_estruturados.py', '--cfg-path', '/tmp/tmpg4vxq7wo']
[2024-06-05T01:01:47.448+0000] {standard_task_runner.py:91} INFO - Job 1450: Subtask criar_pasta
[2024-06-05T01:01:47.521+0000] {task_command.py:426} INFO - Running <TaskInstance: dados_climaticos_estruturados.criar_pasta scheduled__2024-05-30T17:40:00+00:00 [running]> on host 6665b0710315
[2024-06-05T01:01:47.657+0000] {taskinstance.py:2648} INFO - Exporting env vars: AIRFLOW_CTX_DAG_OWNER='***' AIRFLOW_CTX_DAG_ID='dados_climaticos_estruturados' AIRFLOW_CTX_TASK_ID='criar_pasta' AIRFLOW_CTX_EXECUTION_DATE='2024-05-30T17:40:00+00:00' AIRFLOW_CTX_TRY_NUMBER='1' AIRFLOW_CTX_DAG_RUN_ID='scheduled__2024-05-30T17:40:00+00:00'
[2024-06-05T01:01:47.659+0000] {taskinstance.py:430} INFO - ::endgroup::
[2024-06-05T01:01:47.661+0000] {python.py:237} INFO - Done. Returned value was: None
[2024-06-05T01:01:47.662+0000] {taskinstance.py:441} INFO - ::group::Post task execution logs
[2024-06-05T01:01:47.676+0000] {taskinstance.py:1206} INFO - Marking task as SUCCESS. dag_id=dados_climaticos_estruturados, task_id=criar_pasta, run_id=scheduled__2024-05-30T17:40:00+00:00, execution_date=20240530T174000, start_date=20240605T010147, end_date=20240605T010147
[2024-06-05T01:01:47.710+0000] {local_task_job_runner.py:240} INFO - Task exited with return code 0
[2024-06-05T01:01:47.724+0000] {local_task_job_runner.py:222} INFO - ::endgroup::
[2024-06-05T01:41:32.401+0000] {local_task_job_runner.py:120} INFO - ::group::Pre task execution logs
[2024-06-05T01:41:32.440+0000] {taskinstance.py:2076} INFO - Dependencies all met for dep_context=non-requeueable deps ti=<TaskInstance: dados_climaticos_estruturados.criar_pasta scheduled__2024-05-30T17:40:00+00:00 [queued]>
[2024-06-05T01:41:32.455+0000] {taskinstance.py:2076} INFO - Dependencies all met for dep_context=requeueable deps ti=<TaskInstance: dados_climaticos_estruturados.criar_pasta scheduled__2024-05-30T17:40:00+00:00 [queued]>
[2024-06-05T01:41:32.457+0000] {taskinstance.py:2306} INFO - Starting attempt 1 of 1
[2024-06-05T01:41:32.552+0000] {taskinstance.py:2330} INFO - Executing <Task(PythonOperator): criar_pasta> on 2024-05-30 17:40:00+00:00
[2024-06-05T01:41:32.562+0000] {warnings.py:110} WARNING - /home/***/.local/lib/python3.12/site-packages/***/task/task_runner/standard_task_runner.py:61: DeprecationWarning: This process (pid=3347) is multi-threaded, use of fork() may lead to deadlocks in the child.
  pid = os.fork()

[2024-06-05T01:41:32.565+0000] {standard_task_runner.py:63} INFO - Started process 3365 to run task
[2024-06-05T01:41:32.569+0000] {standard_task_runner.py:90} INFO - Running: ['***', 'tasks', 'run', 'dados_climaticos_estruturados', 'criar_pasta', 'scheduled__2024-05-30T17:40:00+00:00', '--job-id', '1065', '--raw', '--subdir', 'DAGS_FOLDER/weather/custom_dags/dados_climaticos_estruturados.py', '--cfg-path', '/tmp/tmpt8jgoqll']
[2024-06-05T01:41:32.572+0000] {standard_task_runner.py:91} INFO - Job 1065: Subtask criar_pasta
[2024-06-05T01:41:32.691+0000] {task_command.py:426} INFO - Running <TaskInstance: dados_climaticos_estruturados.criar_pasta scheduled__2024-05-30T17:40:00+00:00 [running]> on host 80232deae70a
[2024-06-05T01:41:32.926+0000] {taskinstance.py:2648} INFO - Exporting env vars: AIRFLOW_CTX_DAG_OWNER='***' AIRFLOW_CTX_DAG_ID='dados_climaticos_estruturados' AIRFLOW_CTX_TASK_ID='criar_pasta' AIRFLOW_CTX_EXECUTION_DATE='2024-05-30T17:40:00+00:00' AIRFLOW_CTX_TRY_NUMBER='1' AIRFLOW_CTX_DAG_RUN_ID='scheduled__2024-05-30T17:40:00+00:00'
[2024-06-05T01:41:32.928+0000] {taskinstance.py:430} INFO - ::endgroup::
[2024-06-05T01:41:32.931+0000] {python.py:237} INFO - Done. Returned value was: None
[2024-06-05T01:41:32.935+0000] {taskinstance.py:441} INFO - ::group::Post task execution logs
[2024-06-05T01:41:32.958+0000] {taskinstance.py:1206} INFO - Marking task as SUCCESS. dag_id=dados_climaticos_estruturados, task_id=criar_pasta, run_id=scheduled__2024-05-30T17:40:00+00:00, execution_date=20240530T174000, start_date=20240605T014132, end_date=20240605T014132
[2024-06-05T01:41:33.007+0000] {local_task_job_runner.py:240} INFO - Task exited with return code 0
[2024-06-05T01:41:33.027+0000] {local_task_job_runner.py:222} INFO - ::endgroup::
