[2024-06-18T00:36:07.044+0000] {local_task_job_runner.py:120} INFO - ::group::Pre task execution logs
[2024-06-18T00:36:07.075+0000] {taskinstance.py:2076} INFO - Dependencies all met for dep_context=non-requeueable deps ti=<TaskInstance: dados_climaticos_estruturados.transformar_dados scheduled__2024-06-18T00:25:00+00:00 [queued]>
[2024-06-18T00:36:07.087+0000] {taskinstance.py:2076} INFO - Dependencies all met for dep_context=requeueable deps ti=<TaskInstance: dados_climaticos_estruturados.transformar_dados scheduled__2024-06-18T00:25:00+00:00 [queued]>
[2024-06-18T00:36:07.088+0000] {taskinstance.py:2306} INFO - Starting attempt 1 of 1
[2024-06-18T00:36:07.105+0000] {taskinstance.py:2330} INFO - Executing <Task(PythonOperator): transformar_dados> on 2024-06-18 00:25:00+00:00
[2024-06-18T00:36:07.118+0000] {warnings.py:110} WARNING - /home/***/.local/lib/python3.12/site-packages/***/task/task_runner/standard_task_runner.py:61: DeprecationWarning: This process (pid=97) is multi-threaded, use of fork() may lead to deadlocks in the child.
  pid = os.fork()

[2024-06-18T00:36:07.121+0000] {standard_task_runner.py:63} INFO - Started process 112 to run task
[2024-06-18T00:36:07.122+0000] {standard_task_runner.py:90} INFO - Running: ['***', 'tasks', 'run', 'dados_climaticos_estruturados', 'transformar_dados', 'scheduled__2024-06-18T00:25:00+00:00', '--job-id', '2096', '--raw', '--subdir', 'DAGS_FOLDER/weather/custom_dags/dados_climaticos_estruturados.py', '--cfg-path', '/tmp/tmpvver34m8']
[2024-06-18T00:36:07.123+0000] {standard_task_runner.py:91} INFO - Job 2096: Subtask transformar_dados
[2024-06-18T00:36:07.183+0000] {task_command.py:426} INFO - Running <TaskInstance: dados_climaticos_estruturados.transformar_dados scheduled__2024-06-18T00:25:00+00:00 [running]> on host 63224c1d822d
[2024-06-18T00:36:07.307+0000] {taskinstance.py:2648} INFO - Exporting env vars: AIRFLOW_CTX_DAG_OWNER='***' AIRFLOW_CTX_DAG_ID='dados_climaticos_estruturados' AIRFLOW_CTX_TASK_ID='transformar_dados' AIRFLOW_CTX_EXECUTION_DATE='2024-06-18T00:25:00+00:00' AIRFLOW_CTX_TRY_NUMBER='1' AIRFLOW_CTX_DAG_RUN_ID='scheduled__2024-06-18T00:25:00+00:00'
[2024-06-18T00:36:07.310+0000] {taskinstance.py:430} INFO - ::endgroup::
[2024-06-18T00:36:07.314+0000] {taskinstance.py:441} INFO - ::group::Post task execution logs
[2024-06-18T00:36:07.315+0000] {taskinstance.py:2905} ERROR - Task failed with exception
Traceback (most recent call last):
  File "/home/airflow/.local/lib/python3.12/site-packages/airflow/models/taskinstance.py", line 465, in _execute_task
    result = _execute_callable(context=context, **execute_callable_kwargs)
             ^^^^^^^^^^^^^^^^^^^^^^^^^^^^^^^^^^^^^^^^^^^^^^^^^^^^^^^^^^^^^
  File "/home/airflow/.local/lib/python3.12/site-packages/airflow/models/taskinstance.py", line 432, in _execute_callable
    return execute_callable(context=context, **execute_callable_kwargs)
           ^^^^^^^^^^^^^^^^^^^^^^^^^^^^^^^^^^^^^^^^^^^^^^^^^^^^^^^^^^^^
  File "/home/airflow/.local/lib/python3.12/site-packages/airflow/models/baseoperator.py", line 400, in wrapper
    return func(self, *args, **kwargs)
           ^^^^^^^^^^^^^^^^^^^^^^^^^^^
  File "/home/airflow/.local/lib/python3.12/site-packages/airflow/operators/python.py", line 235, in execute
    return_value = self.execute_callable()
                   ^^^^^^^^^^^^^^^^^^^^^^^
  File "/home/airflow/.local/lib/python3.12/site-packages/airflow/operators/python.py", line 252, in execute_callable
    return self.python_callable(*self.op_args, **self.op_kwargs)
           ^^^^^^^^^^^^^^^^^^^^^^^^^^^^^^^^^^^^^^^^^^^^^^^^^^^^^
  File "/opt/airflow/dags/weather/etl/transform.py", line 7, in transformar_dados
    with open(f"/opt/airflow/data/raw/{city}/",'r') as csvfile:
         ^^^^^^^^^^^^^^^^^^^^^^^^^^^^^^^^^^^^^^^^^^
IsADirectoryError: [Errno 21] Is a directory: '/opt/airflow/data/raw/Itacoatiara/'
[2024-06-18T00:36:07.329+0000] {taskinstance.py:1206} INFO - Marking task as FAILED. dag_id=dados_climaticos_estruturados, task_id=transformar_dados, run_id=scheduled__2024-06-18T00:25:00+00:00, execution_date=20240618T002500, start_date=20240618T003607, end_date=20240618T003607
[2024-06-18T00:36:07.346+0000] {standard_task_runner.py:110} ERROR - Failed to execute job 2096 for task transformar_dados ([Errno 21] Is a directory: '/opt/airflow/data/raw/Itacoatiara/'; 112)
[2024-06-18T00:36:07.384+0000] {local_task_job_runner.py:240} INFO - Task exited with return code 1
[2024-06-18T00:36:07.404+0000] {taskinstance.py:3498} INFO - 0 downstream tasks scheduled from follow-on schedule check
[2024-06-18T00:36:07.408+0000] {local_task_job_runner.py:222} INFO - ::endgroup::
