[2024-05-25T19:05:27.415+0000] {local_task_job_runner.py:120} INFO - ::group::Pre task execution logs
[2024-05-25T19:05:27.446+0000] {taskinstance.py:2076} INFO - Dependencies all met for dep_context=non-requeueable deps ti=<TaskInstance: dados_climaticos_estruturados.criar_pasta scheduled__2024-05-17T02:30:00+00:00 [queued]>
[2024-05-25T19:05:27.459+0000] {taskinstance.py:2076} INFO - Dependencies all met for dep_context=requeueable deps ti=<TaskInstance: dados_climaticos_estruturados.criar_pasta scheduled__2024-05-17T02:30:00+00:00 [queued]>
[2024-05-25T19:05:27.460+0000] {taskinstance.py:2306} INFO - Starting attempt 1 of 1
[2024-05-25T19:05:27.479+0000] {taskinstance.py:2330} INFO - Executing <Task(PythonOperator): criar_pasta> on 2024-05-17 02:30:00+00:00
[2024-05-25T19:05:27.490+0000] {warnings.py:110} WARNING - /home/***/.local/lib/python3.12/site-packages/***/task/task_runner/standard_task_runner.py:61: DeprecationWarning: This process (pid=259) is multi-threaded, use of fork() may lead to deadlocks in the child.
  pid = os.fork()

[2024-05-25T19:05:27.492+0000] {standard_task_runner.py:63} INFO - Started process 276 to run task
[2024-05-25T19:05:27.493+0000] {standard_task_runner.py:90} INFO - Running: ['***', 'tasks', 'run', 'dados_climaticos_estruturados', 'criar_pasta', 'scheduled__2024-05-17T02:30:00+00:00', '--job-id', '65', '--raw', '--subdir', 'DAGS_FOLDER/weather/custom_dags/dados_climaticos_estruturados.py', '--cfg-path', '/tmp/tmptupicb97']
[2024-05-25T19:05:27.498+0000] {standard_task_runner.py:91} INFO - Job 65: Subtask criar_pasta
[2024-05-25T19:05:27.582+0000] {task_command.py:426} INFO - Running <TaskInstance: dados_climaticos_estruturados.criar_pasta scheduled__2024-05-17T02:30:00+00:00 [running]> on host 0473b835f7f4
[2024-05-25T19:05:27.691+0000] {taskinstance.py:2648} INFO - Exporting env vars: AIRFLOW_CTX_DAG_OWNER='***' AIRFLOW_CTX_DAG_ID='dados_climaticos_estruturados' AIRFLOW_CTX_TASK_ID='criar_pasta' AIRFLOW_CTX_EXECUTION_DATE='2024-05-17T02:30:00+00:00' AIRFLOW_CTX_TRY_NUMBER='1' AIRFLOW_CTX_DAG_RUN_ID='scheduled__2024-05-17T02:30:00+00:00'
[2024-05-25T19:05:27.694+0000] {taskinstance.py:430} INFO - ::endgroup::
[2024-05-25T19:05:27.695+0000] {taskinstance.py:441} INFO - ::group::Post task execution logs
[2024-05-25T19:05:27.696+0000] {taskinstance.py:2905} ERROR - Task failed with exception
Traceback (most recent call last):
  File "/home/airflow/.local/lib/python3.12/site-packages/airflow/models/taskinstance.py", line 465, in _execute_task
    result = _execute_callable(context=context, **execute_callable_kwargs)
             ^^^^^^^^^^^^^^^^^^^^^^^^^^^^^^^^^^^^^^^^^^^^^^^^^^^^^^^^^^^^^
  File "/home/airflow/.local/lib/python3.12/site-packages/airflow/models/taskinstance.py", line 432, in _execute_callable
    return execute_callable(context=context, **execute_callable_kwargs)
           ^^^^^^^^^^^^^^^^^^^^^^^^^^^^^^^^^^^^^^^^^^^^^^^^^^^^^^^^^^^^
  File "/home/airflow/.local/lib/python3.12/site-packages/airflow/models/baseoperator.py", line 400, in wrapper
    return func(self, *args, **kwargs)
           ^^^^^^^^^^^^^^^^^^^^^^^^^^^
  File "/home/airflow/.local/lib/python3.12/site-packages/airflow/operators/python.py", line 235, in execute
    return_value = self.execute_callable()
                   ^^^^^^^^^^^^^^^^^^^^^^^
  File "/home/airflow/.local/lib/python3.12/site-packages/airflow/operators/python.py", line 252, in execute_callable
    return self.python_callable(*self.op_args, **self.op_kwargs)
           ^^^^^^^^^^^^^^^^^^^^^^^^^^^^^^^^^^^^^^^^^^^^^^^^^^^^^
  File "/opt/airflow/dags/weather/custom_dags/dados_climaticos_estruturados.py", line 18, in pegar_data_e_criar_pasta
    Path(caminho).mkdir(parents=True, exist_ok=True)
    ^^^^
NameError: name 'Path' is not defined
[2024-05-25T19:05:27.710+0000] {taskinstance.py:1206} INFO - Marking task as FAILED. dag_id=dados_climaticos_estruturados, task_id=criar_pasta, run_id=scheduled__2024-05-17T02:30:00+00:00, execution_date=20240517T023000, start_date=20240525T190527, end_date=20240525T190527
[2024-05-25T19:05:27.723+0000] {standard_task_runner.py:110} ERROR - Failed to execute job 65 for task criar_pasta (name 'Path' is not defined; 276)
[2024-05-25T19:05:27.761+0000] {local_task_job_runner.py:240} INFO - Task exited with return code 1
[2024-05-25T19:05:27.778+0000] {taskinstance.py:3498} INFO - 0 downstream tasks scheduled from follow-on schedule check
[2024-05-25T19:05:27.782+0000] {local_task_job_runner.py:222} INFO - ::endgroup::
[2024-05-29T01:36:14.403+0000] {local_task_job_runner.py:120} INFO - ::group::Pre task execution logs
[2024-05-29T01:36:14.507+0000] {taskinstance.py:2076} INFO - Dependencies all met for dep_context=non-requeueable deps ti=<TaskInstance: dados_climaticos_estruturados.criar_pasta scheduled__2024-05-17T02:30:00+00:00 [queued]>
[2024-05-29T01:36:14.553+0000] {taskinstance.py:2076} INFO - Dependencies all met for dep_context=requeueable deps ti=<TaskInstance: dados_climaticos_estruturados.criar_pasta scheduled__2024-05-17T02:30:00+00:00 [queued]>
[2024-05-29T01:36:14.558+0000] {taskinstance.py:2306} INFO - Starting attempt 1 of 1
[2024-05-29T01:36:14.996+0000] {taskinstance.py:2330} INFO - Executing <Task(PythonOperator): criar_pasta> on 2024-05-17 02:30:00+00:00
[2024-05-29T01:36:15.026+0000] {warnings.py:110} WARNING - /home/***/.local/lib/python3.12/site-packages/***/task/task_runner/standard_task_runner.py:61: DeprecationWarning: This process (pid=409) is multi-threaded, use of fork() may lead to deadlocks in the child.
  pid = os.fork()

[2024-05-29T01:36:15.035+0000] {standard_task_runner.py:63} INFO - Started process 450 to run task
[2024-05-29T01:36:15.040+0000] {standard_task_runner.py:90} INFO - Running: ['***', 'tasks', 'run', 'dados_climaticos_estruturados', 'criar_pasta', 'scheduled__2024-05-17T02:30:00+00:00', '--job-id', '116', '--raw', '--subdir', 'DAGS_FOLDER/weather/custom_dags/dados_climaticos_estruturados.py', '--cfg-path', '/tmp/tmp7d6xcg78']
[2024-05-29T01:36:15.050+0000] {standard_task_runner.py:91} INFO - Job 116: Subtask criar_pasta
[2024-05-29T01:36:15.337+0000] {task_command.py:426} INFO - Running <TaskInstance: dados_climaticos_estruturados.criar_pasta scheduled__2024-05-17T02:30:00+00:00 [running]> on host dd333ca35f8c
[2024-05-29T01:36:15.988+0000] {taskinstance.py:2648} INFO - Exporting env vars: AIRFLOW_CTX_DAG_OWNER='***' AIRFLOW_CTX_DAG_ID='dados_climaticos_estruturados' AIRFLOW_CTX_TASK_ID='criar_pasta' AIRFLOW_CTX_EXECUTION_DATE='2024-05-17T02:30:00+00:00' AIRFLOW_CTX_TRY_NUMBER='1' AIRFLOW_CTX_DAG_RUN_ID='scheduled__2024-05-17T02:30:00+00:00'
[2024-05-29T01:36:16.002+0000] {taskinstance.py:430} INFO - ::endgroup::
[2024-05-29T01:36:16.017+0000] {python.py:237} INFO - Done. Returned value was: None
[2024-05-29T01:36:16.022+0000] {taskinstance.py:441} INFO - ::group::Post task execution logs
[2024-05-29T01:36:16.072+0000] {taskinstance.py:1206} INFO - Marking task as SUCCESS. dag_id=dados_climaticos_estruturados, task_id=criar_pasta, run_id=scheduled__2024-05-17T02:30:00+00:00, execution_date=20240517T023000, start_date=20240529T013614, end_date=20240529T013616
[2024-05-29T01:36:16.243+0000] {local_task_job_runner.py:240} INFO - Task exited with return code 0
[2024-05-29T01:36:16.417+0000] {taskinstance.py:3498} INFO - 1 downstream tasks scheduled from follow-on schedule check
[2024-05-29T01:36:16.453+0000] {local_task_job_runner.py:222} INFO - ::endgroup::
