[2024-06-05T00:53:44.590+0000] {local_task_job_runner.py:120} INFO - ::group::Pre task execution logs
[2024-06-05T00:53:44.618+0000] {taskinstance.py:2076} INFO - Dependencies all met for dep_context=non-requeueable deps ti=<TaskInstance: dados_climaticos_estruturados.criar_pasta scheduled__2024-05-29T00:20:00+00:00 [queued]>
[2024-06-05T00:53:44.632+0000] {taskinstance.py:2076} INFO - Dependencies all met for dep_context=requeueable deps ti=<TaskInstance: dados_climaticos_estruturados.criar_pasta scheduled__2024-05-29T00:20:00+00:00 [queued]>
[2024-06-05T00:53:44.633+0000] {taskinstance.py:2306} INFO - Starting attempt 1 of 1
[2024-06-05T00:53:44.662+0000] {taskinstance.py:2330} INFO - Executing <Task(PythonOperator): criar_pasta> on 2024-05-29 00:20:00+00:00
[2024-06-05T00:53:44.675+0000] {warnings.py:110} WARNING - /home/***/.local/lib/python3.12/site-packages/***/task/task_runner/standard_task_runner.py:61: DeprecationWarning: This process (pid=271) is multi-threaded, use of fork() may lead to deadlocks in the child.
  pid = os.fork()

[2024-06-05T00:53:44.677+0000] {standard_task_runner.py:63} INFO - Started process 291 to run task
[2024-06-05T00:53:44.678+0000] {standard_task_runner.py:90} INFO - Running: ['***', 'tasks', 'run', 'dados_climaticos_estruturados', 'criar_pasta', 'scheduled__2024-05-29T00:20:00+00:00', '--job-id', '456', '--raw', '--subdir', 'DAGS_FOLDER/weather/custom_dags/dados_climaticos_estruturados.py', '--cfg-path', '/tmp/tmphhw6vwkv']
[2024-06-05T00:53:44.679+0000] {standard_task_runner.py:91} INFO - Job 456: Subtask criar_pasta
[2024-06-05T00:53:44.784+0000] {task_command.py:426} INFO - Running <TaskInstance: dados_climaticos_estruturados.criar_pasta scheduled__2024-05-29T00:20:00+00:00 [running]> on host 6665b0710315
[2024-06-05T00:53:44.959+0000] {taskinstance.py:2648} INFO - Exporting env vars: AIRFLOW_CTX_DAG_OWNER='***' AIRFLOW_CTX_DAG_ID='dados_climaticos_estruturados' AIRFLOW_CTX_TASK_ID='criar_pasta' AIRFLOW_CTX_EXECUTION_DATE='2024-05-29T00:20:00+00:00' AIRFLOW_CTX_TRY_NUMBER='1' AIRFLOW_CTX_DAG_RUN_ID='scheduled__2024-05-29T00:20:00+00:00'
[2024-06-05T00:53:44.961+0000] {taskinstance.py:430} INFO - ::endgroup::
[2024-06-05T00:53:44.963+0000] {python.py:237} INFO - Done. Returned value was: None
[2024-06-05T00:53:44.964+0000] {taskinstance.py:441} INFO - ::group::Post task execution logs
[2024-06-05T00:53:44.984+0000] {taskinstance.py:1206} INFO - Marking task as SUCCESS. dag_id=dados_climaticos_estruturados, task_id=criar_pasta, run_id=scheduled__2024-05-29T00:20:00+00:00, execution_date=20240529T002000, start_date=20240605T005344, end_date=20240605T005344
[2024-06-05T00:53:45.032+0000] {local_task_job_runner.py:240} INFO - Task exited with return code 0
[2024-06-05T00:53:45.066+0000] {taskinstance.py:3498} INFO - 1 downstream tasks scheduled from follow-on schedule check
[2024-06-05T00:53:45.069+0000] {local_task_job_runner.py:222} INFO - ::endgroup::
[2024-06-05T01:33:27.982+0000] {local_task_job_runner.py:120} INFO - ::group::Pre task execution logs
[2024-06-05T01:33:28.026+0000] {taskinstance.py:2076} INFO - Dependencies all met for dep_context=non-requeueable deps ti=<TaskInstance: dados_climaticos_estruturados.criar_pasta scheduled__2024-05-29T00:20:00+00:00 [queued]>
[2024-06-05T01:33:28.043+0000] {taskinstance.py:2076} INFO - Dependencies all met for dep_context=requeueable deps ti=<TaskInstance: dados_climaticos_estruturados.criar_pasta scheduled__2024-05-29T00:20:00+00:00 [queued]>
[2024-06-05T01:33:28.046+0000] {taskinstance.py:2306} INFO - Starting attempt 1 of 1
[2024-06-05T01:33:28.106+0000] {taskinstance.py:2330} INFO - Executing <Task(PythonOperator): criar_pasta> on 2024-05-29 00:20:00+00:00
[2024-06-05T01:33:28.131+0000] {standard_task_runner.py:90} INFO - Running: ['***', 'tasks', 'run', 'dados_climaticos_estruturados', 'criar_pasta', 'scheduled__2024-05-29T00:20:00+00:00', '--job-id', '71', '--raw', '--subdir', 'DAGS_FOLDER/weather/custom_dags/dados_climaticos_estruturados.py', '--cfg-path', '/tmp/tmpslt84ub8']
[2024-06-05T01:33:28.138+0000] {standard_task_runner.py:91} INFO - Job 71: Subtask criar_pasta
[2024-06-05T01:33:28.130+0000] {warnings.py:110} WARNING - /home/***/.local/lib/python3.12/site-packages/***/task/task_runner/standard_task_runner.py:61: DeprecationWarning: This process (pid=265) is multi-threaded, use of fork() may lead to deadlocks in the child.
  pid = os.fork()

[2024-06-05T01:33:28.149+0000] {standard_task_runner.py:63} INFO - Started process 287 to run task
[2024-06-05T01:33:28.273+0000] {task_command.py:426} INFO - Running <TaskInstance: dados_climaticos_estruturados.criar_pasta scheduled__2024-05-29T00:20:00+00:00 [running]> on host 80232deae70a
[2024-06-05T01:33:28.496+0000] {taskinstance.py:2648} INFO - Exporting env vars: AIRFLOW_CTX_DAG_OWNER='***' AIRFLOW_CTX_DAG_ID='dados_climaticos_estruturados' AIRFLOW_CTX_TASK_ID='criar_pasta' AIRFLOW_CTX_EXECUTION_DATE='2024-05-29T00:20:00+00:00' AIRFLOW_CTX_TRY_NUMBER='1' AIRFLOW_CTX_DAG_RUN_ID='scheduled__2024-05-29T00:20:00+00:00'
[2024-06-05T01:33:28.501+0000] {taskinstance.py:430} INFO - ::endgroup::
[2024-06-05T01:33:28.502+0000] {python.py:237} INFO - Done. Returned value was: None
[2024-06-05T01:33:28.503+0000] {taskinstance.py:441} INFO - ::group::Post task execution logs
[2024-06-05T01:33:28.523+0000] {taskinstance.py:1206} INFO - Marking task as SUCCESS. dag_id=dados_climaticos_estruturados, task_id=criar_pasta, run_id=scheduled__2024-05-29T00:20:00+00:00, execution_date=20240529T002000, start_date=20240605T013328, end_date=20240605T013328
[2024-06-05T01:33:28.589+0000] {local_task_job_runner.py:240} INFO - Task exited with return code 0
[2024-06-05T01:33:28.615+0000] {local_task_job_runner.py:222} INFO - ::endgroup::
