[2024-06-05T01:01:07.003+0000] {local_task_job_runner.py:120} INFO - ::group::Pre task execution logs
[2024-06-05T01:01:07.050+0000] {taskinstance.py:2076} INFO - Dependencies all met for dep_context=non-requeueable deps ti=<TaskInstance: dados_climaticos_estruturados.criar_pasta scheduled__2024-05-30T13:45:00+00:00 [queued]>
[2024-06-05T01:01:07.070+0000] {taskinstance.py:2076} INFO - Dependencies all met for dep_context=requeueable deps ti=<TaskInstance: dados_climaticos_estruturados.criar_pasta scheduled__2024-05-30T13:45:00+00:00 [queued]>
[2024-06-05T01:01:07.072+0000] {taskinstance.py:2306} INFO - Starting attempt 1 of 1
[2024-06-05T01:01:07.107+0000] {taskinstance.py:2330} INFO - Executing <Task(PythonOperator): criar_pasta> on 2024-05-30 13:45:00+00:00
[2024-06-05T01:01:07.120+0000] {warnings.py:110} WARNING - /home/***/.local/lib/python3.12/site-packages/***/task/task_runner/standard_task_runner.py:61: DeprecationWarning: This process (pid=3077) is multi-threaded, use of fork() may lead to deadlocks in the child.
  pid = os.fork()

[2024-06-05T01:01:07.125+0000] {standard_task_runner.py:63} INFO - Started process 3094 to run task
[2024-06-05T01:01:07.126+0000] {standard_task_runner.py:90} INFO - Running: ['***', 'tasks', 'run', 'dados_climaticos_estruturados', 'criar_pasta', 'scheduled__2024-05-30T13:45:00+00:00', '--job-id', '1361', '--raw', '--subdir', 'DAGS_FOLDER/weather/custom_dags/dados_climaticos_estruturados.py', '--cfg-path', '/tmp/tmppmabo2gi']
[2024-06-05T01:01:07.128+0000] {standard_task_runner.py:91} INFO - Job 1361: Subtask criar_pasta
[2024-06-05T01:01:07.231+0000] {task_command.py:426} INFO - Running <TaskInstance: dados_climaticos_estruturados.criar_pasta scheduled__2024-05-30T13:45:00+00:00 [running]> on host 6665b0710315
[2024-06-05T01:01:07.464+0000] {taskinstance.py:2648} INFO - Exporting env vars: AIRFLOW_CTX_DAG_OWNER='***' AIRFLOW_CTX_DAG_ID='dados_climaticos_estruturados' AIRFLOW_CTX_TASK_ID='criar_pasta' AIRFLOW_CTX_EXECUTION_DATE='2024-05-30T13:45:00+00:00' AIRFLOW_CTX_TRY_NUMBER='1' AIRFLOW_CTX_DAG_RUN_ID='scheduled__2024-05-30T13:45:00+00:00'
[2024-06-05T01:01:07.469+0000] {taskinstance.py:430} INFO - ::endgroup::
[2024-06-05T01:01:07.504+0000] {python.py:237} INFO - Done. Returned value was: None
[2024-06-05T01:01:07.505+0000] {taskinstance.py:441} INFO - ::group::Post task execution logs
[2024-06-05T01:01:07.532+0000] {taskinstance.py:1206} INFO - Marking task as SUCCESS. dag_id=dados_climaticos_estruturados, task_id=criar_pasta, run_id=scheduled__2024-05-30T13:45:00+00:00, execution_date=20240530T134500, start_date=20240605T010107, end_date=20240605T010107
[2024-06-05T01:01:07.599+0000] {local_task_job_runner.py:240} INFO - Task exited with return code 0
[2024-06-05T01:01:07.628+0000] {local_task_job_runner.py:222} INFO - ::endgroup::
[2024-06-05T01:40:43.351+0000] {local_task_job_runner.py:120} INFO - ::group::Pre task execution logs
[2024-06-05T01:40:43.392+0000] {taskinstance.py:2076} INFO - Dependencies all met for dep_context=non-requeueable deps ti=<TaskInstance: dados_climaticos_estruturados.criar_pasta scheduled__2024-05-30T13:45:00+00:00 [queued]>
[2024-06-05T01:40:43.431+0000] {taskinstance.py:2076} INFO - Dependencies all met for dep_context=requeueable deps ti=<TaskInstance: dados_climaticos_estruturados.criar_pasta scheduled__2024-05-30T13:45:00+00:00 [queued]>
[2024-06-05T01:40:43.432+0000] {taskinstance.py:2306} INFO - Starting attempt 1 of 1
[2024-06-05T01:40:43.476+0000] {taskinstance.py:2330} INFO - Executing <Task(PythonOperator): criar_pasta> on 2024-05-30 13:45:00+00:00
[2024-06-05T01:40:43.498+0000] {warnings.py:110} WARNING - /home/***/.local/lib/python3.12/site-packages/***/task/task_runner/standard_task_runner.py:61: DeprecationWarning: This process (pid=3030) is multi-threaded, use of fork() may lead to deadlocks in the child.
  pid = os.fork()

[2024-06-05T01:40:43.507+0000] {standard_task_runner.py:63} INFO - Started process 3059 to run task
[2024-06-05T01:40:43.502+0000] {standard_task_runner.py:90} INFO - Running: ['***', 'tasks', 'run', 'dados_climaticos_estruturados', 'criar_pasta', 'scheduled__2024-05-30T13:45:00+00:00', '--job-id', '964', '--raw', '--subdir', 'DAGS_FOLDER/weather/custom_dags/dados_climaticos_estruturados.py', '--cfg-path', '/tmp/tmp1qpm0gf8']
[2024-06-05T01:40:43.510+0000] {standard_task_runner.py:91} INFO - Job 964: Subtask criar_pasta
[2024-06-05T01:40:43.666+0000] {task_command.py:426} INFO - Running <TaskInstance: dados_climaticos_estruturados.criar_pasta scheduled__2024-05-30T13:45:00+00:00 [running]> on host 80232deae70a
[2024-06-05T01:40:43.985+0000] {taskinstance.py:2648} INFO - Exporting env vars: AIRFLOW_CTX_DAG_OWNER='***' AIRFLOW_CTX_DAG_ID='dados_climaticos_estruturados' AIRFLOW_CTX_TASK_ID='criar_pasta' AIRFLOW_CTX_EXECUTION_DATE='2024-05-30T13:45:00+00:00' AIRFLOW_CTX_TRY_NUMBER='1' AIRFLOW_CTX_DAG_RUN_ID='scheduled__2024-05-30T13:45:00+00:00'
[2024-06-05T01:40:43.988+0000] {taskinstance.py:430} INFO - ::endgroup::
[2024-06-05T01:40:43.997+0000] {python.py:237} INFO - Done. Returned value was: None
[2024-06-05T01:40:43.998+0000] {taskinstance.py:441} INFO - ::group::Post task execution logs
[2024-06-05T01:40:44.024+0000] {taskinstance.py:1206} INFO - Marking task as SUCCESS. dag_id=dados_climaticos_estruturados, task_id=criar_pasta, run_id=scheduled__2024-05-30T13:45:00+00:00, execution_date=20240530T134500, start_date=20240605T014043, end_date=20240605T014044
[2024-06-05T01:40:44.159+0000] {local_task_job_runner.py:240} INFO - Task exited with return code 0
[2024-06-05T01:40:44.211+0000] {taskinstance.py:3498} INFO - 1 downstream tasks scheduled from follow-on schedule check
[2024-06-05T01:40:44.214+0000] {local_task_job_runner.py:222} INFO - ::endgroup::
