[2024-06-05T01:03:20.252+0000] {local_task_job_runner.py:120} INFO - ::group::Pre task execution logs
[2024-06-05T01:03:20.318+0000] {taskinstance.py:2076} INFO - Dependencies all met for dep_context=non-requeueable deps ti=<TaskInstance: dados_climaticos_estruturados.criar_pasta scheduled__2024-05-31T01:15:00+00:00 [queued]>
[2024-06-05T01:03:20.352+0000] {taskinstance.py:2076} INFO - Dependencies all met for dep_context=requeueable deps ti=<TaskInstance: dados_climaticos_estruturados.criar_pasta scheduled__2024-05-31T01:15:00+00:00 [queued]>
[2024-06-05T01:03:20.357+0000] {taskinstance.py:2306} INFO - Starting attempt 1 of 1
[2024-06-05T01:03:20.419+0000] {taskinstance.py:2330} INFO - Executing <Task(PythonOperator): criar_pasta> on 2024-05-31 01:15:00+00:00
[2024-06-05T01:03:20.457+0000] {warnings.py:110} WARNING - /home/***/.local/lib/python3.12/site-packages/***/task/task_runner/standard_task_runner.py:61: DeprecationWarning: This process (pid=3902) is multi-threaded, use of fork() may lead to deadlocks in the child.
  pid = os.fork()

[2024-06-05T01:03:20.464+0000] {standard_task_runner.py:63} INFO - Started process 3932 to run task
[2024-06-05T01:03:20.472+0000] {standard_task_runner.py:90} INFO - Running: ['***', 'tasks', 'run', 'dados_climaticos_estruturados', 'criar_pasta', 'scheduled__2024-05-31T01:15:00+00:00', '--job-id', '1628', '--raw', '--subdir', 'DAGS_FOLDER/weather/custom_dags/dados_climaticos_estruturados.py', '--cfg-path', '/tmp/tmp0ccz7yd6']
[2024-06-05T01:03:20.474+0000] {standard_task_runner.py:91} INFO - Job 1628: Subtask criar_pasta
[2024-06-05T01:03:20.609+0000] {task_command.py:426} INFO - Running <TaskInstance: dados_climaticos_estruturados.criar_pasta scheduled__2024-05-31T01:15:00+00:00 [running]> on host 6665b0710315
[2024-06-05T01:03:20.938+0000] {taskinstance.py:2648} INFO - Exporting env vars: AIRFLOW_CTX_DAG_OWNER='***' AIRFLOW_CTX_DAG_ID='dados_climaticos_estruturados' AIRFLOW_CTX_TASK_ID='criar_pasta' AIRFLOW_CTX_EXECUTION_DATE='2024-05-31T01:15:00+00:00' AIRFLOW_CTX_TRY_NUMBER='1' AIRFLOW_CTX_DAG_RUN_ID='scheduled__2024-05-31T01:15:00+00:00'
[2024-06-05T01:03:20.941+0000] {taskinstance.py:430} INFO - ::endgroup::
[2024-06-05T01:03:20.942+0000] {python.py:237} INFO - Done. Returned value was: None
[2024-06-05T01:03:20.943+0000] {taskinstance.py:441} INFO - ::group::Post task execution logs
[2024-06-05T01:03:20.958+0000] {taskinstance.py:1206} INFO - Marking task as SUCCESS. dag_id=dados_climaticos_estruturados, task_id=criar_pasta, run_id=scheduled__2024-05-31T01:15:00+00:00, execution_date=20240531T011500, start_date=20240605T010320, end_date=20240605T010320
[2024-06-05T01:03:21.027+0000] {local_task_job_runner.py:240} INFO - Task exited with return code 0
[2024-06-05T01:03:21.097+0000] {taskinstance.py:3498} INFO - 1 downstream tasks scheduled from follow-on schedule check
[2024-06-05T01:03:21.106+0000] {local_task_job_runner.py:222} INFO - ::endgroup::
[2024-06-05T01:42:48.832+0000] {local_task_job_runner.py:120} INFO - ::group::Pre task execution logs
[2024-06-05T01:42:48.927+0000] {taskinstance.py:2076} INFO - Dependencies all met for dep_context=non-requeueable deps ti=<TaskInstance: dados_climaticos_estruturados.criar_pasta scheduled__2024-05-31T01:15:00+00:00 [queued]>
[2024-06-05T01:42:48.963+0000] {taskinstance.py:2076} INFO - Dependencies all met for dep_context=requeueable deps ti=<TaskInstance: dados_climaticos_estruturados.criar_pasta scheduled__2024-05-31T01:15:00+00:00 [queued]>
[2024-06-05T01:42:48.964+0000] {taskinstance.py:2306} INFO - Starting attempt 1 of 1
[2024-06-05T01:42:48.995+0000] {taskinstance.py:2330} INFO - Executing <Task(PythonOperator): criar_pasta> on 2024-05-31 01:15:00+00:00
[2024-06-05T01:42:49.010+0000] {warnings.py:110} WARNING - /home/***/.local/lib/python3.12/site-packages/***/task/task_runner/standard_task_runner.py:61: DeprecationWarning: This process (pid=3880) is multi-threaded, use of fork() may lead to deadlocks in the child.
  pid = os.fork()

[2024-06-05T01:42:49.014+0000] {standard_task_runner.py:63} INFO - Started process 3913 to run task
[2024-06-05T01:42:49.015+0000] {standard_task_runner.py:90} INFO - Running: ['***', 'tasks', 'run', 'dados_climaticos_estruturados', 'criar_pasta', 'scheduled__2024-05-31T01:15:00+00:00', '--job-id', '1240', '--raw', '--subdir', 'DAGS_FOLDER/weather/custom_dags/dados_climaticos_estruturados.py', '--cfg-path', '/tmp/tmp_ldke4_o']
[2024-06-05T01:42:49.019+0000] {standard_task_runner.py:91} INFO - Job 1240: Subtask criar_pasta
[2024-06-05T01:42:49.223+0000] {task_command.py:426} INFO - Running <TaskInstance: dados_climaticos_estruturados.criar_pasta scheduled__2024-05-31T01:15:00+00:00 [running]> on host 80232deae70a
[2024-06-05T01:42:49.526+0000] {taskinstance.py:2648} INFO - Exporting env vars: AIRFLOW_CTX_DAG_OWNER='***' AIRFLOW_CTX_DAG_ID='dados_climaticos_estruturados' AIRFLOW_CTX_TASK_ID='criar_pasta' AIRFLOW_CTX_EXECUTION_DATE='2024-05-31T01:15:00+00:00' AIRFLOW_CTX_TRY_NUMBER='1' AIRFLOW_CTX_DAG_RUN_ID='scheduled__2024-05-31T01:15:00+00:00'
[2024-06-05T01:42:49.531+0000] {taskinstance.py:430} INFO - ::endgroup::
[2024-06-05T01:42:49.534+0000] {python.py:237} INFO - Done. Returned value was: None
[2024-06-05T01:42:49.535+0000] {taskinstance.py:441} INFO - ::group::Post task execution logs
[2024-06-05T01:42:49.564+0000] {taskinstance.py:1206} INFO - Marking task as SUCCESS. dag_id=dados_climaticos_estruturados, task_id=criar_pasta, run_id=scheduled__2024-05-31T01:15:00+00:00, execution_date=20240531T011500, start_date=20240605T014248, end_date=20240605T014249
[2024-06-05T01:42:49.617+0000] {local_task_job_runner.py:240} INFO - Task exited with return code 0
[2024-06-05T01:42:49.671+0000] {taskinstance.py:3498} INFO - 1 downstream tasks scheduled from follow-on schedule check
[2024-06-05T01:42:49.691+0000] {local_task_job_runner.py:222} INFO - ::endgroup::
