[2024-06-05T01:06:37.854+0000] {local_task_job_runner.py:120} INFO - ::group::Pre task execution logs
[2024-06-05T01:06:37.887+0000] {taskinstance.py:2076} INFO - Dependencies all met for dep_context=non-requeueable deps ti=<TaskInstance: dados_climaticos_estruturados.criar_pasta scheduled__2024-05-31T16:00:00+00:00 [queued]>
[2024-06-05T01:06:37.900+0000] {taskinstance.py:2076} INFO - Dependencies all met for dep_context=requeueable deps ti=<TaskInstance: dados_climaticos_estruturados.criar_pasta scheduled__2024-05-31T16:00:00+00:00 [queued]>
[2024-06-05T01:06:37.901+0000] {taskinstance.py:2306} INFO - Starting attempt 1 of 1
[2024-06-05T01:06:37.923+0000] {taskinstance.py:2330} INFO - Executing <Task(PythonOperator): criar_pasta> on 2024-05-31 16:00:00+00:00
[2024-06-05T01:06:37.937+0000] {warnings.py:110} WARNING - /home/***/.local/lib/python3.12/site-packages/***/task/task_runner/standard_task_runner.py:61: DeprecationWarning: This process (pid=5008) is multi-threaded, use of fork() may lead to deadlocks in the child.
  pid = os.fork()

[2024-06-05T01:06:37.940+0000] {standard_task_runner.py:90} INFO - Running: ['***', 'tasks', 'run', 'dados_climaticos_estruturados', 'criar_pasta', 'scheduled__2024-05-31T16:00:00+00:00', '--job-id', '1985', '--raw', '--subdir', 'DAGS_FOLDER/weather/custom_dags/dados_climaticos_estruturados.py', '--cfg-path', '/tmp/tmp2vfm0b5o']
[2024-06-05T01:06:37.942+0000] {standard_task_runner.py:63} INFO - Started process 5032 to run task
[2024-06-05T01:06:37.943+0000] {standard_task_runner.py:91} INFO - Job 1985: Subtask criar_pasta
[2024-06-05T01:06:38.041+0000] {task_command.py:426} INFO - Running <TaskInstance: dados_climaticos_estruturados.criar_pasta scheduled__2024-05-31T16:00:00+00:00 [running]> on host 6665b0710315
[2024-06-05T01:06:38.224+0000] {taskinstance.py:2648} INFO - Exporting env vars: AIRFLOW_CTX_DAG_OWNER='***' AIRFLOW_CTX_DAG_ID='dados_climaticos_estruturados' AIRFLOW_CTX_TASK_ID='criar_pasta' AIRFLOW_CTX_EXECUTION_DATE='2024-05-31T16:00:00+00:00' AIRFLOW_CTX_TRY_NUMBER='1' AIRFLOW_CTX_DAG_RUN_ID='scheduled__2024-05-31T16:00:00+00:00'
[2024-06-05T01:06:38.229+0000] {taskinstance.py:430} INFO - ::endgroup::
[2024-06-05T01:06:38.231+0000] {python.py:237} INFO - Done. Returned value was: None
[2024-06-05T01:06:38.234+0000] {taskinstance.py:441} INFO - ::group::Post task execution logs
[2024-06-05T01:06:38.253+0000] {taskinstance.py:1206} INFO - Marking task as SUCCESS. dag_id=dados_climaticos_estruturados, task_id=criar_pasta, run_id=scheduled__2024-05-31T16:00:00+00:00, execution_date=20240531T160000, start_date=20240605T010637, end_date=20240605T010638
[2024-06-05T01:06:38.294+0000] {local_task_job_runner.py:240} INFO - Task exited with return code 0
[2024-06-05T01:06:38.344+0000] {taskinstance.py:3498} INFO - 1 downstream tasks scheduled from follow-on schedule check
[2024-06-05T01:06:38.350+0000] {local_task_job_runner.py:222} INFO - ::endgroup::
[2024-06-05T01:46:02.679+0000] {local_task_job_runner.py:120} INFO - ::group::Pre task execution logs
[2024-06-05T01:46:02.718+0000] {taskinstance.py:2076} INFO - Dependencies all met for dep_context=non-requeueable deps ti=<TaskInstance: dados_climaticos_estruturados.criar_pasta scheduled__2024-05-31T16:00:00+00:00 [queued]>
[2024-06-05T01:46:02.738+0000] {taskinstance.py:2076} INFO - Dependencies all met for dep_context=requeueable deps ti=<TaskInstance: dados_climaticos_estruturados.criar_pasta scheduled__2024-05-31T16:00:00+00:00 [queued]>
[2024-06-05T01:46:02.739+0000] {taskinstance.py:2306} INFO - Starting attempt 1 of 1
[2024-06-05T01:46:02.768+0000] {taskinstance.py:2330} INFO - Executing <Task(PythonOperator): criar_pasta> on 2024-05-31 16:00:00+00:00
[2024-06-05T01:46:02.785+0000] {warnings.py:110} WARNING - /home/***/.local/lib/python3.12/site-packages/***/task/task_runner/standard_task_runner.py:61: DeprecationWarning: This process (pid=5015) is multi-threaded, use of fork() may lead to deadlocks in the child.
  pid = os.fork()

[2024-06-05T01:46:02.790+0000] {standard_task_runner.py:63} INFO - Started process 5031 to run task
[2024-06-05T01:46:02.791+0000] {standard_task_runner.py:90} INFO - Running: ['***', 'tasks', 'run', 'dados_climaticos_estruturados', 'criar_pasta', 'scheduled__2024-05-31T16:00:00+00:00', '--job-id', '1601', '--raw', '--subdir', 'DAGS_FOLDER/weather/custom_dags/dados_climaticos_estruturados.py', '--cfg-path', '/tmp/tmp9uhai31z']
[2024-06-05T01:46:02.800+0000] {standard_task_runner.py:91} INFO - Job 1601: Subtask criar_pasta
[2024-06-05T01:46:02.951+0000] {task_command.py:426} INFO - Running <TaskInstance: dados_climaticos_estruturados.criar_pasta scheduled__2024-05-31T16:00:00+00:00 [running]> on host 80232deae70a
[2024-06-05T01:46:03.140+0000] {taskinstance.py:2648} INFO - Exporting env vars: AIRFLOW_CTX_DAG_OWNER='***' AIRFLOW_CTX_DAG_ID='dados_climaticos_estruturados' AIRFLOW_CTX_TASK_ID='criar_pasta' AIRFLOW_CTX_EXECUTION_DATE='2024-05-31T16:00:00+00:00' AIRFLOW_CTX_TRY_NUMBER='1' AIRFLOW_CTX_DAG_RUN_ID='scheduled__2024-05-31T16:00:00+00:00'
[2024-06-05T01:46:03.143+0000] {taskinstance.py:430} INFO - ::endgroup::
[2024-06-05T01:46:03.145+0000] {python.py:237} INFO - Done. Returned value was: None
[2024-06-05T01:46:03.146+0000] {taskinstance.py:441} INFO - ::group::Post task execution logs
[2024-06-05T01:46:03.163+0000] {taskinstance.py:1206} INFO - Marking task as SUCCESS. dag_id=dados_climaticos_estruturados, task_id=criar_pasta, run_id=scheduled__2024-05-31T16:00:00+00:00, execution_date=20240531T160000, start_date=20240605T014602, end_date=20240605T014603
[2024-06-05T01:46:03.226+0000] {local_task_job_runner.py:240} INFO - Task exited with return code 0
[2024-06-05T01:46:03.268+0000] {taskinstance.py:3498} INFO - 1 downstream tasks scheduled from follow-on schedule check
[2024-06-05T01:46:03.273+0000] {local_task_job_runner.py:222} INFO - ::endgroup::
