[2024-06-05T01:00:20.443+0000] {local_task_job_runner.py:120} INFO - ::group::Pre task execution logs
[2024-06-05T01:00:20.504+0000] {taskinstance.py:2076} INFO - Dependencies all met for dep_context=non-requeueable deps ti=<TaskInstance: dados_climaticos_estruturados.criar_pasta scheduled__2024-05-30T09:55:00+00:00 [queued]>
[2024-06-05T01:00:20.523+0000] {taskinstance.py:2076} INFO - Dependencies all met for dep_context=requeueable deps ti=<TaskInstance: dados_climaticos_estruturados.criar_pasta scheduled__2024-05-30T09:55:00+00:00 [queued]>
[2024-06-05T01:00:20.524+0000] {taskinstance.py:2306} INFO - Starting attempt 1 of 1
[2024-06-05T01:00:20.561+0000] {taskinstance.py:2330} INFO - Executing <Task(PythonOperator): criar_pasta> on 2024-05-30 09:55:00+00:00
[2024-06-05T01:00:20.581+0000] {warnings.py:110} WARNING - /home/***/.local/lib/python3.12/site-packages/***/task/task_runner/standard_task_runner.py:61: DeprecationWarning: This process (pid=2784) is multi-threaded, use of fork() may lead to deadlocks in the child.
  pid = os.fork()

[2024-06-05T01:00:20.585+0000] {standard_task_runner.py:63} INFO - Started process 2805 to run task
[2024-06-05T01:00:20.588+0000] {standard_task_runner.py:90} INFO - Running: ['***', 'tasks', 'run', 'dados_climaticos_estruturados', 'criar_pasta', 'scheduled__2024-05-30T09:55:00+00:00', '--job-id', '1267', '--raw', '--subdir', 'DAGS_FOLDER/weather/custom_dags/dados_climaticos_estruturados.py', '--cfg-path', '/tmp/tmptflchse2']
[2024-06-05T01:00:20.592+0000] {standard_task_runner.py:91} INFO - Job 1267: Subtask criar_pasta
[2024-06-05T01:00:20.725+0000] {task_command.py:426} INFO - Running <TaskInstance: dados_climaticos_estruturados.criar_pasta scheduled__2024-05-30T09:55:00+00:00 [running]> on host 6665b0710315
[2024-06-05T01:00:20.926+0000] {taskinstance.py:2648} INFO - Exporting env vars: AIRFLOW_CTX_DAG_OWNER='***' AIRFLOW_CTX_DAG_ID='dados_climaticos_estruturados' AIRFLOW_CTX_TASK_ID='criar_pasta' AIRFLOW_CTX_EXECUTION_DATE='2024-05-30T09:55:00+00:00' AIRFLOW_CTX_TRY_NUMBER='1' AIRFLOW_CTX_DAG_RUN_ID='scheduled__2024-05-30T09:55:00+00:00'
[2024-06-05T01:00:20.931+0000] {taskinstance.py:430} INFO - ::endgroup::
[2024-06-05T01:00:20.933+0000] {python.py:237} INFO - Done. Returned value was: None
[2024-06-05T01:00:20.934+0000] {taskinstance.py:441} INFO - ::group::Post task execution logs
[2024-06-05T01:00:20.959+0000] {taskinstance.py:1206} INFO - Marking task as SUCCESS. dag_id=dados_climaticos_estruturados, task_id=criar_pasta, run_id=scheduled__2024-05-30T09:55:00+00:00, execution_date=20240530T095500, start_date=20240605T010020, end_date=20240605T010020
[2024-06-05T01:00:21.034+0000] {local_task_job_runner.py:240} INFO - Task exited with return code 0
[2024-06-05T01:00:21.106+0000] {taskinstance.py:3498} INFO - 1 downstream tasks scheduled from follow-on schedule check
[2024-06-05T01:00:21.115+0000] {local_task_job_runner.py:222} INFO - ::endgroup::
[2024-06-05T01:40:02.170+0000] {local_task_job_runner.py:120} INFO - ::group::Pre task execution logs
[2024-06-05T01:40:02.241+0000] {taskinstance.py:2076} INFO - Dependencies all met for dep_context=non-requeueable deps ti=<TaskInstance: dados_climaticos_estruturados.criar_pasta scheduled__2024-05-30T09:55:00+00:00 [queued]>
[2024-06-05T01:40:02.254+0000] {taskinstance.py:2076} INFO - Dependencies all met for dep_context=requeueable deps ti=<TaskInstance: dados_climaticos_estruturados.criar_pasta scheduled__2024-05-30T09:55:00+00:00 [queued]>
[2024-06-05T01:40:02.256+0000] {taskinstance.py:2306} INFO - Starting attempt 1 of 1
[2024-06-05T01:40:02.296+0000] {taskinstance.py:2330} INFO - Executing <Task(PythonOperator): criar_pasta> on 2024-05-30 09:55:00+00:00
[2024-06-05T01:40:02.317+0000] {warnings.py:110} WARNING - /home/***/.local/lib/python3.12/site-packages/***/task/task_runner/standard_task_runner.py:61: DeprecationWarning: This process (pid=2744) is multi-threaded, use of fork() may lead to deadlocks in the child.
  pid = os.fork()

[2024-06-05T01:40:02.323+0000] {standard_task_runner.py:63} INFO - Started process 2777 to run task
[2024-06-05T01:40:02.327+0000] {standard_task_runner.py:90} INFO - Running: ['***', 'tasks', 'run', 'dados_climaticos_estruturados', 'criar_pasta', 'scheduled__2024-05-30T09:55:00+00:00', '--job-id', '872', '--raw', '--subdir', 'DAGS_FOLDER/weather/custom_dags/dados_climaticos_estruturados.py', '--cfg-path', '/tmp/tmptx3sg200']
[2024-06-05T01:40:02.334+0000] {standard_task_runner.py:91} INFO - Job 872: Subtask criar_pasta
[2024-06-05T01:40:02.438+0000] {task_command.py:426} INFO - Running <TaskInstance: dados_climaticos_estruturados.criar_pasta scheduled__2024-05-30T09:55:00+00:00 [running]> on host 80232deae70a
[2024-06-05T01:40:02.803+0000] {taskinstance.py:2648} INFO - Exporting env vars: AIRFLOW_CTX_DAG_OWNER='***' AIRFLOW_CTX_DAG_ID='dados_climaticos_estruturados' AIRFLOW_CTX_TASK_ID='criar_pasta' AIRFLOW_CTX_EXECUTION_DATE='2024-05-30T09:55:00+00:00' AIRFLOW_CTX_TRY_NUMBER='1' AIRFLOW_CTX_DAG_RUN_ID='scheduled__2024-05-30T09:55:00+00:00'
[2024-06-05T01:40:02.810+0000] {taskinstance.py:430} INFO - ::endgroup::
[2024-06-05T01:40:02.820+0000] {python.py:237} INFO - Done. Returned value was: None
[2024-06-05T01:40:02.822+0000] {taskinstance.py:441} INFO - ::group::Post task execution logs
[2024-06-05T01:40:02.873+0000] {taskinstance.py:1206} INFO - Marking task as SUCCESS. dag_id=dados_climaticos_estruturados, task_id=criar_pasta, run_id=scheduled__2024-05-30T09:55:00+00:00, execution_date=20240530T095500, start_date=20240605T014002, end_date=20240605T014002
[2024-06-05T01:40:03.057+0000] {local_task_job_runner.py:240} INFO - Task exited with return code 0
[2024-06-05T01:40:03.120+0000] {taskinstance.py:3498} INFO - 1 downstream tasks scheduled from follow-on schedule check
[2024-06-05T01:40:03.134+0000] {local_task_job_runner.py:222} INFO - ::endgroup::
