[2024-06-05T01:01:30.064+0000] {local_task_job_runner.py:120} INFO - ::group::Pre task execution logs
[2024-06-05T01:01:30.176+0000] {taskinstance.py:2076} INFO - Dependencies all met for dep_context=non-requeueable deps ti=<TaskInstance: dados_climaticos_estruturados.criar_pasta scheduled__2024-05-30T15:45:00+00:00 [queued]>
[2024-06-05T01:01:30.270+0000] {taskinstance.py:2076} INFO - Dependencies all met for dep_context=requeueable deps ti=<TaskInstance: dados_climaticos_estruturados.criar_pasta scheduled__2024-05-30T15:45:00+00:00 [queued]>
[2024-06-05T01:01:30.278+0000] {taskinstance.py:2306} INFO - Starting attempt 1 of 1
[2024-06-05T01:01:30.739+0000] {taskinstance.py:2330} INFO - Executing <Task(PythonOperator): criar_pasta> on 2024-05-30 15:45:00+00:00
[2024-06-05T01:01:30.763+0000] {warnings.py:110} WARNING - /home/***/.local/lib/python3.12/site-packages/***/task/task_runner/standard_task_runner.py:61: DeprecationWarning: This process (pid=3227) is multi-threaded, use of fork() may lead to deadlocks in the child.
  pid = os.fork()

[2024-06-05T01:01:30.773+0000] {standard_task_runner.py:63} INFO - Started process 3242 to run task
[2024-06-05T01:01:30.772+0000] {standard_task_runner.py:90} INFO - Running: ['***', 'tasks', 'run', 'dados_climaticos_estruturados', 'criar_pasta', 'scheduled__2024-05-30T15:45:00+00:00', '--job-id', '1409', '--raw', '--subdir', 'DAGS_FOLDER/weather/custom_dags/dados_climaticos_estruturados.py', '--cfg-path', '/tmp/tmp47yeen99']
[2024-06-05T01:01:30.786+0000] {standard_task_runner.py:91} INFO - Job 1409: Subtask criar_pasta
[2024-06-05T01:01:31.007+0000] {task_command.py:426} INFO - Running <TaskInstance: dados_climaticos_estruturados.criar_pasta scheduled__2024-05-30T15:45:00+00:00 [running]> on host 6665b0710315
[2024-06-05T01:01:31.350+0000] {taskinstance.py:2648} INFO - Exporting env vars: AIRFLOW_CTX_DAG_OWNER='***' AIRFLOW_CTX_DAG_ID='dados_climaticos_estruturados' AIRFLOW_CTX_TASK_ID='criar_pasta' AIRFLOW_CTX_EXECUTION_DATE='2024-05-30T15:45:00+00:00' AIRFLOW_CTX_TRY_NUMBER='1' AIRFLOW_CTX_DAG_RUN_ID='scheduled__2024-05-30T15:45:00+00:00'
[2024-06-05T01:01:31.355+0000] {taskinstance.py:430} INFO - ::endgroup::
[2024-06-05T01:01:31.360+0000] {python.py:237} INFO - Done. Returned value was: None
[2024-06-05T01:01:31.362+0000] {taskinstance.py:441} INFO - ::group::Post task execution logs
[2024-06-05T01:01:31.390+0000] {taskinstance.py:1206} INFO - Marking task as SUCCESS. dag_id=dados_climaticos_estruturados, task_id=criar_pasta, run_id=scheduled__2024-05-30T15:45:00+00:00, execution_date=20240530T154500, start_date=20240605T010130, end_date=20240605T010131
[2024-06-05T01:01:31.484+0000] {local_task_job_runner.py:240} INFO - Task exited with return code 0
[2024-06-05T01:01:31.538+0000] {taskinstance.py:3498} INFO - 1 downstream tasks scheduled from follow-on schedule check
[2024-06-05T01:01:31.541+0000] {local_task_job_runner.py:222} INFO - ::endgroup::
[2024-06-05T01:41:09.103+0000] {local_task_job_runner.py:120} INFO - ::group::Pre task execution logs
[2024-06-05T01:41:09.147+0000] {taskinstance.py:2076} INFO - Dependencies all met for dep_context=non-requeueable deps ti=<TaskInstance: dados_climaticos_estruturados.criar_pasta scheduled__2024-05-30T15:45:00+00:00 [queued]>
[2024-06-05T01:41:09.161+0000] {taskinstance.py:2076} INFO - Dependencies all met for dep_context=requeueable deps ti=<TaskInstance: dados_climaticos_estruturados.criar_pasta scheduled__2024-05-30T15:45:00+00:00 [queued]>
[2024-06-05T01:41:09.163+0000] {taskinstance.py:2306} INFO - Starting attempt 1 of 1
[2024-06-05T01:41:09.186+0000] {taskinstance.py:2330} INFO - Executing <Task(PythonOperator): criar_pasta> on 2024-05-30 15:45:00+00:00
[2024-06-05T01:41:09.198+0000] {warnings.py:110} WARNING - /home/***/.local/lib/python3.12/site-packages/***/task/task_runner/standard_task_runner.py:61: DeprecationWarning: This process (pid=3213) is multi-threaded, use of fork() may lead to deadlocks in the child.
  pid = os.fork()

[2024-06-05T01:41:09.200+0000] {standard_task_runner.py:63} INFO - Started process 3229 to run task
[2024-06-05T01:41:09.201+0000] {standard_task_runner.py:90} INFO - Running: ['***', 'tasks', 'run', 'dados_climaticos_estruturados', 'criar_pasta', 'scheduled__2024-05-30T15:45:00+00:00', '--job-id', '1020', '--raw', '--subdir', 'DAGS_FOLDER/weather/custom_dags/dados_climaticos_estruturados.py', '--cfg-path', '/tmp/tmp0jsyxxzo']
[2024-06-05T01:41:09.206+0000] {standard_task_runner.py:91} INFO - Job 1020: Subtask criar_pasta
[2024-06-05T01:41:09.286+0000] {task_command.py:426} INFO - Running <TaskInstance: dados_climaticos_estruturados.criar_pasta scheduled__2024-05-30T15:45:00+00:00 [running]> on host 80232deae70a
[2024-06-05T01:41:09.432+0000] {taskinstance.py:2648} INFO - Exporting env vars: AIRFLOW_CTX_DAG_OWNER='***' AIRFLOW_CTX_DAG_ID='dados_climaticos_estruturados' AIRFLOW_CTX_TASK_ID='criar_pasta' AIRFLOW_CTX_EXECUTION_DATE='2024-05-30T15:45:00+00:00' AIRFLOW_CTX_TRY_NUMBER='1' AIRFLOW_CTX_DAG_RUN_ID='scheduled__2024-05-30T15:45:00+00:00'
[2024-06-05T01:41:09.434+0000] {taskinstance.py:430} INFO - ::endgroup::
[2024-06-05T01:41:09.435+0000] {python.py:237} INFO - Done. Returned value was: None
[2024-06-05T01:41:09.436+0000] {taskinstance.py:441} INFO - ::group::Post task execution logs
[2024-06-05T01:41:09.448+0000] {taskinstance.py:1206} INFO - Marking task as SUCCESS. dag_id=dados_climaticos_estruturados, task_id=criar_pasta, run_id=scheduled__2024-05-30T15:45:00+00:00, execution_date=20240530T154500, start_date=20240605T014109, end_date=20240605T014109
[2024-06-05T01:41:09.507+0000] {local_task_job_runner.py:240} INFO - Task exited with return code 0
[2024-06-05T01:41:09.539+0000] {taskinstance.py:3498} INFO - 1 downstream tasks scheduled from follow-on schedule check
[2024-06-05T01:41:09.541+0000] {local_task_job_runner.py:222} INFO - ::endgroup::
