[2024-06-05T00:55:01.530+0000] {local_task_job_runner.py:120} INFO - ::group::Pre task execution logs
[2024-06-05T00:55:01.575+0000] {taskinstance.py:2076} INFO - Dependencies all met for dep_context=non-requeueable deps ti=<TaskInstance: dados_climaticos_estruturados.criar_pasta scheduled__2024-05-29T07:10:00+00:00 [queued]>
[2024-06-05T00:55:01.604+0000] {taskinstance.py:2076} INFO - Dependencies all met for dep_context=requeueable deps ti=<TaskInstance: dados_climaticos_estruturados.criar_pasta scheduled__2024-05-29T07:10:00+00:00 [queued]>
[2024-06-05T00:55:01.608+0000] {taskinstance.py:2306} INFO - Starting attempt 1 of 1
[2024-06-05T00:55:01.640+0000] {taskinstance.py:2330} INFO - Executing <Task(PythonOperator): criar_pasta> on 2024-05-29 07:10:00+00:00
[2024-06-05T00:55:01.659+0000] {warnings.py:110} WARNING - /home/***/.local/lib/python3.12/site-packages/***/task/task_runner/standard_task_runner.py:61: DeprecationWarning: This process (pid=771) is multi-threaded, use of fork() may lead to deadlocks in the child.
  pid = os.fork()

[2024-06-05T00:55:01.666+0000] {standard_task_runner.py:63} INFO - Started process 793 to run task
[2024-06-05T00:55:01.664+0000] {standard_task_runner.py:90} INFO - Running: ['***', 'tasks', 'run', 'dados_climaticos_estruturados', 'criar_pasta', 'scheduled__2024-05-29T07:10:00+00:00', '--job-id', '618', '--raw', '--subdir', 'DAGS_FOLDER/weather/custom_dags/dados_climaticos_estruturados.py', '--cfg-path', '/tmp/tmpoblu5o32']
[2024-06-05T00:55:01.669+0000] {standard_task_runner.py:91} INFO - Job 618: Subtask criar_pasta
[2024-06-05T00:55:01.791+0000] {task_command.py:426} INFO - Running <TaskInstance: dados_climaticos_estruturados.criar_pasta scheduled__2024-05-29T07:10:00+00:00 [running]> on host 6665b0710315
[2024-06-05T00:55:01.971+0000] {taskinstance.py:2648} INFO - Exporting env vars: AIRFLOW_CTX_DAG_OWNER='***' AIRFLOW_CTX_DAG_ID='dados_climaticos_estruturados' AIRFLOW_CTX_TASK_ID='criar_pasta' AIRFLOW_CTX_EXECUTION_DATE='2024-05-29T07:10:00+00:00' AIRFLOW_CTX_TRY_NUMBER='1' AIRFLOW_CTX_DAG_RUN_ID='scheduled__2024-05-29T07:10:00+00:00'
[2024-06-05T00:55:01.977+0000] {taskinstance.py:430} INFO - ::endgroup::
[2024-06-05T00:55:01.980+0000] {python.py:237} INFO - Done. Returned value was: None
[2024-06-05T00:55:01.981+0000] {taskinstance.py:441} INFO - ::group::Post task execution logs
[2024-06-05T00:55:02.005+0000] {taskinstance.py:1206} INFO - Marking task as SUCCESS. dag_id=dados_climaticos_estruturados, task_id=criar_pasta, run_id=scheduled__2024-05-29T07:10:00+00:00, execution_date=20240529T071000, start_date=20240605T005501, end_date=20240605T005502
[2024-06-05T00:55:02.065+0000] {local_task_job_runner.py:240} INFO - Task exited with return code 0
[2024-06-05T00:55:02.092+0000] {local_task_job_runner.py:222} INFO - ::endgroup::
[2024-06-05T01:34:45.041+0000] {local_task_job_runner.py:120} INFO - ::group::Pre task execution logs
[2024-06-05T01:34:45.140+0000] {taskinstance.py:2076} INFO - Dependencies all met for dep_context=non-requeueable deps ti=<TaskInstance: dados_climaticos_estruturados.criar_pasta scheduled__2024-05-29T07:10:00+00:00 [queued]>
[2024-06-05T01:34:45.175+0000] {taskinstance.py:2076} INFO - Dependencies all met for dep_context=requeueable deps ti=<TaskInstance: dados_climaticos_estruturados.criar_pasta scheduled__2024-05-29T07:10:00+00:00 [queued]>
[2024-06-05T01:34:45.183+0000] {taskinstance.py:2306} INFO - Starting attempt 1 of 1
[2024-06-05T01:34:45.270+0000] {taskinstance.py:2330} INFO - Executing <Task(PythonOperator): criar_pasta> on 2024-05-29 07:10:00+00:00
[2024-06-05T01:34:45.291+0000] {warnings.py:110} WARNING - /home/***/.local/lib/python3.12/site-packages/***/task/task_runner/standard_task_runner.py:61: DeprecationWarning: This process (pid=765) is multi-threaded, use of fork() may lead to deadlocks in the child.
  pid = os.fork()

[2024-06-05T01:34:45.303+0000] {standard_task_runner.py:90} INFO - Running: ['***', 'tasks', 'run', 'dados_climaticos_estruturados', 'criar_pasta', 'scheduled__2024-05-29T07:10:00+00:00', '--job-id', '232', '--raw', '--subdir', 'DAGS_FOLDER/weather/custom_dags/dados_climaticos_estruturados.py', '--cfg-path', '/tmp/tmpubvl419r']
[2024-06-05T01:34:45.317+0000] {standard_task_runner.py:91} INFO - Job 232: Subtask criar_pasta
[2024-06-05T01:34:45.307+0000] {standard_task_runner.py:63} INFO - Started process 787 to run task
[2024-06-05T01:34:45.505+0000] {task_command.py:426} INFO - Running <TaskInstance: dados_climaticos_estruturados.criar_pasta scheduled__2024-05-29T07:10:00+00:00 [running]> on host 80232deae70a
[2024-06-05T01:34:45.882+0000] {taskinstance.py:2648} INFO - Exporting env vars: AIRFLOW_CTX_DAG_OWNER='***' AIRFLOW_CTX_DAG_ID='dados_climaticos_estruturados' AIRFLOW_CTX_TASK_ID='criar_pasta' AIRFLOW_CTX_EXECUTION_DATE='2024-05-29T07:10:00+00:00' AIRFLOW_CTX_TRY_NUMBER='1' AIRFLOW_CTX_DAG_RUN_ID='scheduled__2024-05-29T07:10:00+00:00'
[2024-06-05T01:34:45.891+0000] {taskinstance.py:430} INFO - ::endgroup::
[2024-06-05T01:34:45.896+0000] {python.py:237} INFO - Done. Returned value was: None
[2024-06-05T01:34:45.901+0000] {taskinstance.py:441} INFO - ::group::Post task execution logs
[2024-06-05T01:34:45.961+0000] {taskinstance.py:1206} INFO - Marking task as SUCCESS. dag_id=dados_climaticos_estruturados, task_id=criar_pasta, run_id=scheduled__2024-05-29T07:10:00+00:00, execution_date=20240529T071000, start_date=20240605T013445, end_date=20240605T013445
[2024-06-05T01:34:46.110+0000] {local_task_job_runner.py:240} INFO - Task exited with return code 0
[2024-06-05T01:34:46.237+0000] {taskinstance.py:3498} INFO - 1 downstream tasks scheduled from follow-on schedule check
[2024-06-05T01:34:46.249+0000] {local_task_job_runner.py:222} INFO - ::endgroup::
