[2024-06-05T01:05:56.216+0000] {local_task_job_runner.py:120} INFO - ::group::Pre task execution logs
[2024-06-05T01:05:56.289+0000] {taskinstance.py:2076} INFO - Dependencies all met for dep_context=non-requeueable deps ti=<TaskInstance: dados_climaticos_estruturados.criar_pasta scheduled__2024-05-31T12:55:00+00:00 [queued]>
[2024-06-05T01:05:56.304+0000] {taskinstance.py:2076} INFO - Dependencies all met for dep_context=requeueable deps ti=<TaskInstance: dados_climaticos_estruturados.criar_pasta scheduled__2024-05-31T12:55:00+00:00 [queued]>
[2024-06-05T01:05:56.305+0000] {taskinstance.py:2306} INFO - Starting attempt 1 of 1
[2024-06-05T01:05:56.352+0000] {taskinstance.py:2330} INFO - Executing <Task(PythonOperator): criar_pasta> on 2024-05-31 12:55:00+00:00
[2024-06-05T01:05:56.364+0000] {warnings.py:110} WARNING - /home/***/.local/lib/python3.12/site-packages/***/task/task_runner/standard_task_runner.py:61: DeprecationWarning: This process (pid=4777) is multi-threaded, use of fork() may lead to deadlocks in the child.
  pid = os.fork()

[2024-06-05T01:05:56.373+0000] {standard_task_runner.py:63} INFO - Started process 4804 to run task
[2024-06-05T01:05:56.371+0000] {standard_task_runner.py:90} INFO - Running: ['***', 'tasks', 'run', 'dados_climaticos_estruturados', 'criar_pasta', 'scheduled__2024-05-31T12:55:00+00:00', '--job-id', '1909', '--raw', '--subdir', 'DAGS_FOLDER/weather/custom_dags/dados_climaticos_estruturados.py', '--cfg-path', '/tmp/tmp1zjjsh7q']
[2024-06-05T01:05:56.375+0000] {standard_task_runner.py:91} INFO - Job 1909: Subtask criar_pasta
[2024-06-05T01:05:56.510+0000] {task_command.py:426} INFO - Running <TaskInstance: dados_climaticos_estruturados.criar_pasta scheduled__2024-05-31T12:55:00+00:00 [running]> on host 6665b0710315
[2024-06-05T01:05:56.704+0000] {taskinstance.py:2648} INFO - Exporting env vars: AIRFLOW_CTX_DAG_OWNER='***' AIRFLOW_CTX_DAG_ID='dados_climaticos_estruturados' AIRFLOW_CTX_TASK_ID='criar_pasta' AIRFLOW_CTX_EXECUTION_DATE='2024-05-31T12:55:00+00:00' AIRFLOW_CTX_TRY_NUMBER='1' AIRFLOW_CTX_DAG_RUN_ID='scheduled__2024-05-31T12:55:00+00:00'
[2024-06-05T01:05:56.711+0000] {taskinstance.py:430} INFO - ::endgroup::
[2024-06-05T01:05:56.713+0000] {python.py:237} INFO - Done. Returned value was: None
[2024-06-05T01:05:56.718+0000] {taskinstance.py:441} INFO - ::group::Post task execution logs
[2024-06-05T01:05:56.801+0000] {taskinstance.py:1206} INFO - Marking task as SUCCESS. dag_id=dados_climaticos_estruturados, task_id=criar_pasta, run_id=scheduled__2024-05-31T12:55:00+00:00, execution_date=20240531T125500, start_date=20240605T010556, end_date=20240605T010556
[2024-06-05T01:05:56.856+0000] {local_task_job_runner.py:240} INFO - Task exited with return code 0
[2024-06-05T01:05:56.931+0000] {taskinstance.py:3498} INFO - 1 downstream tasks scheduled from follow-on schedule check
[2024-06-05T01:05:56.939+0000] {local_task_job_runner.py:222} INFO - ::endgroup::
[2024-06-05T01:45:19.056+0000] {local_task_job_runner.py:120} INFO - ::group::Pre task execution logs
[2024-06-05T01:45:19.089+0000] {taskinstance.py:2076} INFO - Dependencies all met for dep_context=non-requeueable deps ti=<TaskInstance: dados_climaticos_estruturados.criar_pasta scheduled__2024-05-31T12:55:00+00:00 [queued]>
[2024-06-05T01:45:19.103+0000] {taskinstance.py:2076} INFO - Dependencies all met for dep_context=requeueable deps ti=<TaskInstance: dados_climaticos_estruturados.criar_pasta scheduled__2024-05-31T12:55:00+00:00 [queued]>
[2024-06-05T01:45:19.105+0000] {taskinstance.py:2306} INFO - Starting attempt 1 of 1
[2024-06-05T01:45:19.130+0000] {taskinstance.py:2330} INFO - Executing <Task(PythonOperator): criar_pasta> on 2024-05-31 12:55:00+00:00
[2024-06-05T01:45:19.139+0000] {warnings.py:110} WARNING - /home/***/.local/lib/python3.12/site-packages/***/task/task_runner/standard_task_runner.py:61: DeprecationWarning: This process (pid=4773) is multi-threaded, use of fork() may lead to deadlocks in the child.
  pid = os.fork()

[2024-06-05T01:45:19.141+0000] {standard_task_runner.py:63} INFO - Started process 4786 to run task
[2024-06-05T01:45:19.142+0000] {standard_task_runner.py:90} INFO - Running: ['***', 'tasks', 'run', 'dados_climaticos_estruturados', 'criar_pasta', 'scheduled__2024-05-31T12:55:00+00:00', '--job-id', '1525', '--raw', '--subdir', 'DAGS_FOLDER/weather/custom_dags/dados_climaticos_estruturados.py', '--cfg-path', '/tmp/tmpl5sne423']
[2024-06-05T01:45:19.146+0000] {standard_task_runner.py:91} INFO - Job 1525: Subtask criar_pasta
[2024-06-05T01:45:19.222+0000] {task_command.py:426} INFO - Running <TaskInstance: dados_climaticos_estruturados.criar_pasta scheduled__2024-05-31T12:55:00+00:00 [running]> on host 80232deae70a
[2024-06-05T01:45:19.367+0000] {taskinstance.py:2648} INFO - Exporting env vars: AIRFLOW_CTX_DAG_OWNER='***' AIRFLOW_CTX_DAG_ID='dados_climaticos_estruturados' AIRFLOW_CTX_TASK_ID='criar_pasta' AIRFLOW_CTX_EXECUTION_DATE='2024-05-31T12:55:00+00:00' AIRFLOW_CTX_TRY_NUMBER='1' AIRFLOW_CTX_DAG_RUN_ID='scheduled__2024-05-31T12:55:00+00:00'
[2024-06-05T01:45:19.370+0000] {taskinstance.py:430} INFO - ::endgroup::
[2024-06-05T01:45:19.372+0000] {python.py:237} INFO - Done. Returned value was: None
[2024-06-05T01:45:19.372+0000] {taskinstance.py:441} INFO - ::group::Post task execution logs
[2024-06-05T01:45:19.387+0000] {taskinstance.py:1206} INFO - Marking task as SUCCESS. dag_id=dados_climaticos_estruturados, task_id=criar_pasta, run_id=scheduled__2024-05-31T12:55:00+00:00, execution_date=20240531T125500, start_date=20240605T014519, end_date=20240605T014519
[2024-06-05T01:45:19.446+0000] {local_task_job_runner.py:240} INFO - Task exited with return code 0
[2024-06-05T01:45:19.479+0000] {taskinstance.py:3498} INFO - 1 downstream tasks scheduled from follow-on schedule check
[2024-06-05T01:45:19.481+0000] {local_task_job_runner.py:222} INFO - ::endgroup::
