[2024-06-05T01:06:00.468+0000] {local_task_job_runner.py:120} INFO - ::group::Pre task execution logs
[2024-06-05T01:06:00.514+0000] {taskinstance.py:2076} INFO - Dependencies all met for dep_context=non-requeueable deps ti=<TaskInstance: dados_climaticos_estruturados.criar_pasta scheduled__2024-05-31T13:25:00+00:00 [queued]>
[2024-06-05T01:06:00.534+0000] {taskinstance.py:2076} INFO - Dependencies all met for dep_context=requeueable deps ti=<TaskInstance: dados_climaticos_estruturados.criar_pasta scheduled__2024-05-31T13:25:00+00:00 [queued]>
[2024-06-05T01:06:00.536+0000] {taskinstance.py:2306} INFO - Starting attempt 1 of 1
[2024-06-05T01:06:00.731+0000] {taskinstance.py:2330} INFO - Executing <Task(PythonOperator): criar_pasta> on 2024-05-31 13:25:00+00:00
[2024-06-05T01:06:00.758+0000] {warnings.py:110} WARNING - /home/***/.local/lib/python3.12/site-packages/***/task/task_runner/standard_task_runner.py:61: DeprecationWarning: This process (pid=4809) is multi-threaded, use of fork() may lead to deadlocks in the child.
  pid = os.fork()

[2024-06-05T01:06:00.766+0000] {standard_task_runner.py:63} INFO - Started process 4841 to run task
[2024-06-05T01:06:00.766+0000] {standard_task_runner.py:90} INFO - Running: ['***', 'tasks', 'run', 'dados_climaticos_estruturados', 'criar_pasta', 'scheduled__2024-05-31T13:25:00+00:00', '--job-id', '1924', '--raw', '--subdir', 'DAGS_FOLDER/weather/custom_dags/dados_climaticos_estruturados.py', '--cfg-path', '/tmp/tmpc5pshnpo']
[2024-06-05T01:06:00.772+0000] {standard_task_runner.py:91} INFO - Job 1924: Subtask criar_pasta
[2024-06-05T01:06:00.864+0000] {task_command.py:426} INFO - Running <TaskInstance: dados_climaticos_estruturados.criar_pasta scheduled__2024-05-31T13:25:00+00:00 [running]> on host 6665b0710315
[2024-06-05T01:06:01.016+0000] {taskinstance.py:2648} INFO - Exporting env vars: AIRFLOW_CTX_DAG_OWNER='***' AIRFLOW_CTX_DAG_ID='dados_climaticos_estruturados' AIRFLOW_CTX_TASK_ID='criar_pasta' AIRFLOW_CTX_EXECUTION_DATE='2024-05-31T13:25:00+00:00' AIRFLOW_CTX_TRY_NUMBER='1' AIRFLOW_CTX_DAG_RUN_ID='scheduled__2024-05-31T13:25:00+00:00'
[2024-06-05T01:06:01.018+0000] {taskinstance.py:430} INFO - ::endgroup::
[2024-06-05T01:06:01.020+0000] {python.py:237} INFO - Done. Returned value was: None
[2024-06-05T01:06:01.020+0000] {taskinstance.py:441} INFO - ::group::Post task execution logs
[2024-06-05T01:06:01.033+0000] {taskinstance.py:1206} INFO - Marking task as SUCCESS. dag_id=dados_climaticos_estruturados, task_id=criar_pasta, run_id=scheduled__2024-05-31T13:25:00+00:00, execution_date=20240531T132500, start_date=20240605T010600, end_date=20240605T010601
[2024-06-05T01:06:01.078+0000] {local_task_job_runner.py:240} INFO - Task exited with return code 0
[2024-06-05T01:06:01.113+0000] {taskinstance.py:3498} INFO - 1 downstream tasks scheduled from follow-on schedule check
[2024-06-05T01:06:01.126+0000] {local_task_job_runner.py:222} INFO - ::endgroup::
[2024-06-05T01:45:27.777+0000] {local_task_job_runner.py:120} INFO - ::group::Pre task execution logs
[2024-06-05T01:45:27.817+0000] {taskinstance.py:2076} INFO - Dependencies all met for dep_context=non-requeueable deps ti=<TaskInstance: dados_climaticos_estruturados.criar_pasta scheduled__2024-05-31T13:25:00+00:00 [queued]>
[2024-06-05T01:45:27.831+0000] {taskinstance.py:2076} INFO - Dependencies all met for dep_context=requeueable deps ti=<TaskInstance: dados_climaticos_estruturados.criar_pasta scheduled__2024-05-31T13:25:00+00:00 [queued]>
[2024-06-05T01:45:27.832+0000] {taskinstance.py:2306} INFO - Starting attempt 1 of 1
[2024-06-05T01:45:27.994+0000] {taskinstance.py:2330} INFO - Executing <Task(PythonOperator): criar_pasta> on 2024-05-31 13:25:00+00:00
[2024-06-05T01:45:28.006+0000] {warnings.py:110} WARNING - /home/***/.local/lib/python3.12/site-packages/***/task/task_runner/standard_task_runner.py:61: DeprecationWarning: This process (pid=4813) is multi-threaded, use of fork() may lead to deadlocks in the child.
  pid = os.fork()

[2024-06-05T01:45:28.010+0000] {standard_task_runner.py:63} INFO - Started process 4831 to run task
[2024-06-05T01:45:28.010+0000] {standard_task_runner.py:90} INFO - Running: ['***', 'tasks', 'run', 'dados_climaticos_estruturados', 'criar_pasta', 'scheduled__2024-05-31T13:25:00+00:00', '--job-id', '1538', '--raw', '--subdir', 'DAGS_FOLDER/weather/custom_dags/dados_climaticos_estruturados.py', '--cfg-path', '/tmp/tmpk0ffk7p5']
[2024-06-05T01:45:28.013+0000] {standard_task_runner.py:91} INFO - Job 1538: Subtask criar_pasta
[2024-06-05T01:45:28.106+0000] {task_command.py:426} INFO - Running <TaskInstance: dados_climaticos_estruturados.criar_pasta scheduled__2024-05-31T13:25:00+00:00 [running]> on host 80232deae70a
[2024-06-05T01:45:28.283+0000] {taskinstance.py:2648} INFO - Exporting env vars: AIRFLOW_CTX_DAG_OWNER='***' AIRFLOW_CTX_DAG_ID='dados_climaticos_estruturados' AIRFLOW_CTX_TASK_ID='criar_pasta' AIRFLOW_CTX_EXECUTION_DATE='2024-05-31T13:25:00+00:00' AIRFLOW_CTX_TRY_NUMBER='1' AIRFLOW_CTX_DAG_RUN_ID='scheduled__2024-05-31T13:25:00+00:00'
[2024-06-05T01:45:28.286+0000] {taskinstance.py:430} INFO - ::endgroup::
[2024-06-05T01:45:28.287+0000] {python.py:237} INFO - Done. Returned value was: None
[2024-06-05T01:45:28.288+0000] {taskinstance.py:441} INFO - ::group::Post task execution logs
[2024-06-05T01:45:28.301+0000] {taskinstance.py:1206} INFO - Marking task as SUCCESS. dag_id=dados_climaticos_estruturados, task_id=criar_pasta, run_id=scheduled__2024-05-31T13:25:00+00:00, execution_date=20240531T132500, start_date=20240605T014527, end_date=20240605T014528
[2024-06-05T01:45:28.360+0000] {local_task_job_runner.py:240} INFO - Task exited with return code 0
[2024-06-05T01:45:28.377+0000] {local_task_job_runner.py:222} INFO - ::endgroup::
