[2024-05-29T00:31:19.012+0000] {local_task_job_runner.py:120} INFO - ::group::Pre task execution logs
[2024-05-29T00:31:19.066+0000] {taskinstance.py:2076} INFO - Dependencies all met for dep_context=non-requeueable deps ti=<TaskInstance: dados_climaticos_estruturados.criar_pasta scheduled__2024-05-17T06:25:00+00:00 [queued]>
[2024-05-29T00:31:19.087+0000] {taskinstance.py:2076} INFO - Dependencies all met for dep_context=requeueable deps ti=<TaskInstance: dados_climaticos_estruturados.criar_pasta scheduled__2024-05-17T06:25:00+00:00 [queued]>
[2024-05-29T00:31:19.088+0000] {taskinstance.py:2306} INFO - Starting attempt 1 of 1
[2024-05-29T00:31:19.117+0000] {taskinstance.py:2330} INFO - Executing <Task(PythonOperator): criar_pasta> on 2024-05-17 06:25:00+00:00
[2024-05-29T00:31:19.134+0000] {warnings.py:110} WARNING - /home/***/.local/lib/python3.12/site-packages/***/task/task_runner/standard_task_runner.py:61: DeprecationWarning: This process (pid=259) is multi-threaded, use of fork() may lead to deadlocks in the child.
  pid = os.fork()

[2024-05-29T00:31:19.138+0000] {standard_task_runner.py:63} INFO - Started process 279 to run task
[2024-05-29T00:31:19.137+0000] {standard_task_runner.py:90} INFO - Running: ['***', 'tasks', 'run', 'dados_climaticos_estruturados', 'criar_pasta', 'scheduled__2024-05-17T06:25:00+00:00', '--job-id', '147', '--raw', '--subdir', 'DAGS_FOLDER/weather/custom_dags/dados_climaticos_estruturados.py', '--cfg-path', '/tmp/tmpkuv5mf37']
[2024-05-29T00:31:19.140+0000] {standard_task_runner.py:91} INFO - Job 147: Subtask criar_pasta
[2024-05-29T00:31:19.250+0000] {task_command.py:426} INFO - Running <TaskInstance: dados_climaticos_estruturados.criar_pasta scheduled__2024-05-17T06:25:00+00:00 [running]> on host 0473b835f7f4
[2024-05-29T00:31:19.458+0000] {taskinstance.py:2648} INFO - Exporting env vars: AIRFLOW_CTX_DAG_OWNER='***' AIRFLOW_CTX_DAG_ID='dados_climaticos_estruturados' AIRFLOW_CTX_TASK_ID='criar_pasta' AIRFLOW_CTX_EXECUTION_DATE='2024-05-17T06:25:00+00:00' AIRFLOW_CTX_TRY_NUMBER='1' AIRFLOW_CTX_DAG_RUN_ID='scheduled__2024-05-17T06:25:00+00:00'
[2024-05-29T00:31:19.461+0000] {taskinstance.py:430} INFO - ::endgroup::
[2024-05-29T00:31:19.463+0000] {taskinstance.py:441} INFO - ::group::Post task execution logs
[2024-05-29T00:31:19.464+0000] {taskinstance.py:2905} ERROR - Task failed with exception
Traceback (most recent call last):
  File "/home/airflow/.local/lib/python3.12/site-packages/airflow/models/taskinstance.py", line 465, in _execute_task
    result = _execute_callable(context=context, **execute_callable_kwargs)
             ^^^^^^^^^^^^^^^^^^^^^^^^^^^^^^^^^^^^^^^^^^^^^^^^^^^^^^^^^^^^^
  File "/home/airflow/.local/lib/python3.12/site-packages/airflow/models/taskinstance.py", line 432, in _execute_callable
    return execute_callable(context=context, **execute_callable_kwargs)
           ^^^^^^^^^^^^^^^^^^^^^^^^^^^^^^^^^^^^^^^^^^^^^^^^^^^^^^^^^^^^
  File "/home/airflow/.local/lib/python3.12/site-packages/airflow/models/baseoperator.py", line 400, in wrapper
    return func(self, *args, **kwargs)
           ^^^^^^^^^^^^^^^^^^^^^^^^^^^
  File "/home/airflow/.local/lib/python3.12/site-packages/airflow/operators/python.py", line 235, in execute
    return_value = self.execute_callable()
                   ^^^^^^^^^^^^^^^^^^^^^^^
  File "/home/airflow/.local/lib/python3.12/site-packages/airflow/operators/python.py", line 252, in execute_callable
    return self.python_callable(*self.op_args, **self.op_kwargs)
           ^^^^^^^^^^^^^^^^^^^^^^^^^^^^^^^^^^^^^^^^^^^^^^^^^^^^^
  File "/opt/airflow/dags/weather/custom_dags/dados_climaticos_estruturados.py", line 18, in pegar_data_e_criar_pasta
    Path(caminho).mkdir(parents=True, exist_ok=True)
    ^^^^
NameError: name 'Path' is not defined
[2024-05-29T00:31:19.486+0000] {taskinstance.py:1206} INFO - Marking task as FAILED. dag_id=dados_climaticos_estruturados, task_id=criar_pasta, run_id=scheduled__2024-05-17T06:25:00+00:00, execution_date=20240517T062500, start_date=20240529T003119, end_date=20240529T003119
[2024-05-29T00:31:19.511+0000] {standard_task_runner.py:110} ERROR - Failed to execute job 147 for task criar_pasta (name 'Path' is not defined; 279)
[2024-05-29T00:31:19.566+0000] {local_task_job_runner.py:240} INFO - Task exited with return code 1
[2024-05-29T00:31:19.609+0000] {taskinstance.py:3498} INFO - 0 downstream tasks scheduled from follow-on schedule check
[2024-05-29T00:31:19.617+0000] {local_task_job_runner.py:222} INFO - ::endgroup::
[2024-05-29T01:42:43.390+0000] {local_task_job_runner.py:120} INFO - ::group::Pre task execution logs
[2024-05-29T01:42:43.459+0000] {taskinstance.py:2076} INFO - Dependencies all met for dep_context=non-requeueable deps ti=<TaskInstance: dados_climaticos_estruturados.criar_pasta scheduled__2024-05-17T06:25:00+00:00 [queued]>
[2024-05-29T01:42:43.508+0000] {taskinstance.py:2076} INFO - Dependencies all met for dep_context=requeueable deps ti=<TaskInstance: dados_climaticos_estruturados.criar_pasta scheduled__2024-05-17T06:25:00+00:00 [queued]>
[2024-05-29T01:42:43.510+0000] {taskinstance.py:2306} INFO - Starting attempt 1 of 1
[2024-05-29T01:42:43.550+0000] {taskinstance.py:2330} INFO - Executing <Task(PythonOperator): criar_pasta> on 2024-05-17 06:25:00+00:00
[2024-05-29T01:42:43.588+0000] {warnings.py:110} WARNING - /home/***/.local/lib/python3.12/site-packages/***/task/task_runner/standard_task_runner.py:61: DeprecationWarning: This process (pid=262) is multi-threaded, use of fork() may lead to deadlocks in the child.
  pid = os.fork()

[2024-05-29T01:42:43.597+0000] {standard_task_runner.py:63} INFO - Started process 294 to run task
[2024-05-29T01:42:43.595+0000] {standard_task_runner.py:90} INFO - Running: ['***', 'tasks', 'run', 'dados_climaticos_estruturados', 'criar_pasta', 'scheduled__2024-05-17T06:25:00+00:00', '--job-id', '214', '--raw', '--subdir', 'DAGS_FOLDER/weather/custom_dags/dados_climaticos_estruturados.py', '--cfg-path', '/tmp/tmp9wgphfd4']
[2024-05-29T01:42:43.599+0000] {standard_task_runner.py:91} INFO - Job 214: Subtask criar_pasta
[2024-05-29T01:42:43.831+0000] {task_command.py:426} INFO - Running <TaskInstance: dados_climaticos_estruturados.criar_pasta scheduled__2024-05-17T06:25:00+00:00 [running]> on host 6665b0710315
[2024-05-29T01:42:44.148+0000] {taskinstance.py:2648} INFO - Exporting env vars: AIRFLOW_CTX_DAG_OWNER='***' AIRFLOW_CTX_DAG_ID='dados_climaticos_estruturados' AIRFLOW_CTX_TASK_ID='criar_pasta' AIRFLOW_CTX_EXECUTION_DATE='2024-05-17T06:25:00+00:00' AIRFLOW_CTX_TRY_NUMBER='1' AIRFLOW_CTX_DAG_RUN_ID='scheduled__2024-05-17T06:25:00+00:00'
[2024-05-29T01:42:44.156+0000] {taskinstance.py:430} INFO - ::endgroup::
[2024-05-29T01:42:44.160+0000] {python.py:237} INFO - Done. Returned value was: None
[2024-05-29T01:42:44.163+0000] {taskinstance.py:441} INFO - ::group::Post task execution logs
[2024-05-29T01:42:44.202+0000] {taskinstance.py:1206} INFO - Marking task as SUCCESS. dag_id=dados_climaticos_estruturados, task_id=criar_pasta, run_id=scheduled__2024-05-17T06:25:00+00:00, execution_date=20240517T062500, start_date=20240529T014243, end_date=20240529T014244
[2024-05-29T01:42:44.296+0000] {local_task_job_runner.py:240} INFO - Task exited with return code 0
[2024-05-29T01:42:44.350+0000] {taskinstance.py:3498} INFO - 1 downstream tasks scheduled from follow-on schedule check
[2024-05-29T01:42:44.358+0000] {local_task_job_runner.py:222} INFO - ::endgroup::
