[2024-06-05T00:55:29.849+0000] {local_task_job_runner.py:120} INFO - ::group::Pre task execution logs
[2024-06-05T00:55:29.887+0000] {taskinstance.py:2076} INFO - Dependencies all met for dep_context=non-requeueable deps ti=<TaskInstance: dados_climaticos_estruturados.criar_pasta scheduled__2024-05-29T09:45:00+00:00 [queued]>
[2024-06-05T00:55:29.901+0000] {taskinstance.py:2076} INFO - Dependencies all met for dep_context=requeueable deps ti=<TaskInstance: dados_climaticos_estruturados.criar_pasta scheduled__2024-05-29T09:45:00+00:00 [queued]>
[2024-06-05T00:55:29.902+0000] {taskinstance.py:2306} INFO - Starting attempt 1 of 1
[2024-06-05T00:55:29.933+0000] {taskinstance.py:2330} INFO - Executing <Task(PythonOperator): criar_pasta> on 2024-05-29 09:45:00+00:00
[2024-06-05T00:55:29.951+0000] {warnings.py:110} WARNING - /home/***/.local/lib/python3.12/site-packages/***/task/task_runner/standard_task_runner.py:61: DeprecationWarning: This process (pid=969) is multi-threaded, use of fork() may lead to deadlocks in the child.
  pid = os.fork()

[2024-06-05T00:55:29.954+0000] {standard_task_runner.py:63} INFO - Started process 988 to run task
[2024-06-05T00:55:29.961+0000] {standard_task_runner.py:90} INFO - Running: ['***', 'tasks', 'run', 'dados_climaticos_estruturados', 'criar_pasta', 'scheduled__2024-05-29T09:45:00+00:00', '--job-id', '681', '--raw', '--subdir', 'DAGS_FOLDER/weather/custom_dags/dados_climaticos_estruturados.py', '--cfg-path', '/tmp/tmp01hsb4zm']
[2024-06-05T00:55:29.963+0000] {standard_task_runner.py:91} INFO - Job 681: Subtask criar_pasta
[2024-06-05T00:55:30.064+0000] {task_command.py:426} INFO - Running <TaskInstance: dados_climaticos_estruturados.criar_pasta scheduled__2024-05-29T09:45:00+00:00 [running]> on host 6665b0710315
[2024-06-05T00:55:30.263+0000] {taskinstance.py:2648} INFO - Exporting env vars: AIRFLOW_CTX_DAG_OWNER='***' AIRFLOW_CTX_DAG_ID='dados_climaticos_estruturados' AIRFLOW_CTX_TASK_ID='criar_pasta' AIRFLOW_CTX_EXECUTION_DATE='2024-05-29T09:45:00+00:00' AIRFLOW_CTX_TRY_NUMBER='1' AIRFLOW_CTX_DAG_RUN_ID='scheduled__2024-05-29T09:45:00+00:00'
[2024-06-05T00:55:30.266+0000] {taskinstance.py:430} INFO - ::endgroup::
[2024-06-05T00:55:30.267+0000] {python.py:237} INFO - Done. Returned value was: None
[2024-06-05T00:55:30.268+0000] {taskinstance.py:441} INFO - ::group::Post task execution logs
[2024-06-05T00:55:30.284+0000] {taskinstance.py:1206} INFO - Marking task as SUCCESS. dag_id=dados_climaticos_estruturados, task_id=criar_pasta, run_id=scheduled__2024-05-29T09:45:00+00:00, execution_date=20240529T094500, start_date=20240605T005529, end_date=20240605T005530
[2024-06-05T00:55:30.359+0000] {local_task_job_runner.py:240} INFO - Task exited with return code 0
[2024-06-05T00:55:30.375+0000] {local_task_job_runner.py:222} INFO - ::endgroup::
[2024-06-05T01:35:18.277+0000] {local_task_job_runner.py:120} INFO - ::group::Pre task execution logs
[2024-06-05T01:35:18.335+0000] {taskinstance.py:2076} INFO - Dependencies all met for dep_context=non-requeueable deps ti=<TaskInstance: dados_climaticos_estruturados.criar_pasta scheduled__2024-05-29T09:45:00+00:00 [queued]>
[2024-06-05T01:35:18.362+0000] {taskinstance.py:2076} INFO - Dependencies all met for dep_context=requeueable deps ti=<TaskInstance: dados_climaticos_estruturados.criar_pasta scheduled__2024-05-29T09:45:00+00:00 [queued]>
[2024-06-05T01:35:18.365+0000] {taskinstance.py:2306} INFO - Starting attempt 1 of 1
[2024-06-05T01:35:18.403+0000] {taskinstance.py:2330} INFO - Executing <Task(PythonOperator): criar_pasta> on 2024-05-29 09:45:00+00:00
[2024-06-05T01:35:18.422+0000] {warnings.py:110} WARNING - /home/***/.local/lib/python3.12/site-packages/***/task/task_runner/standard_task_runner.py:61: DeprecationWarning: This process (pid=955) is multi-threaded, use of fork() may lead to deadlocks in the child.
  pid = os.fork()

[2024-06-05T01:35:18.432+0000] {standard_task_runner.py:63} INFO - Started process 978 to run task
[2024-06-05T01:35:18.432+0000] {standard_task_runner.py:90} INFO - Running: ['***', 'tasks', 'run', 'dados_climaticos_estruturados', 'criar_pasta', 'scheduled__2024-05-29T09:45:00+00:00', '--job-id', '293', '--raw', '--subdir', 'DAGS_FOLDER/weather/custom_dags/dados_climaticos_estruturados.py', '--cfg-path', '/tmp/tmppkowo1ic']
[2024-06-05T01:35:18.440+0000] {standard_task_runner.py:91} INFO - Job 293: Subtask criar_pasta
[2024-06-05T01:35:18.600+0000] {task_command.py:426} INFO - Running <TaskInstance: dados_climaticos_estruturados.criar_pasta scheduled__2024-05-29T09:45:00+00:00 [running]> on host 80232deae70a
[2024-06-05T01:35:18.879+0000] {taskinstance.py:2648} INFO - Exporting env vars: AIRFLOW_CTX_DAG_OWNER='***' AIRFLOW_CTX_DAG_ID='dados_climaticos_estruturados' AIRFLOW_CTX_TASK_ID='criar_pasta' AIRFLOW_CTX_EXECUTION_DATE='2024-05-29T09:45:00+00:00' AIRFLOW_CTX_TRY_NUMBER='1' AIRFLOW_CTX_DAG_RUN_ID='scheduled__2024-05-29T09:45:00+00:00'
[2024-06-05T01:35:18.884+0000] {taskinstance.py:430} INFO - ::endgroup::
[2024-06-05T01:35:18.887+0000] {python.py:237} INFO - Done. Returned value was: None
[2024-06-05T01:35:18.889+0000] {taskinstance.py:441} INFO - ::group::Post task execution logs
[2024-06-05T01:35:18.914+0000] {taskinstance.py:1206} INFO - Marking task as SUCCESS. dag_id=dados_climaticos_estruturados, task_id=criar_pasta, run_id=scheduled__2024-05-29T09:45:00+00:00, execution_date=20240529T094500, start_date=20240605T013518, end_date=20240605T013518
[2024-06-05T01:35:19.019+0000] {local_task_job_runner.py:240} INFO - Task exited with return code 0
[2024-06-05T01:35:19.072+0000] {local_task_job_runner.py:222} INFO - ::endgroup::
