[2024-06-05T00:57:11.454+0000] {local_task_job_runner.py:120} INFO - ::group::Pre task execution logs
[2024-06-05T00:57:11.480+0000] {taskinstance.py:2076} INFO - Dependencies all met for dep_context=non-requeueable deps ti=<TaskInstance: dados_climaticos_estruturados.criar_pasta scheduled__2024-05-29T19:30:00+00:00 [queued]>
[2024-06-05T00:57:11.491+0000] {taskinstance.py:2076} INFO - Dependencies all met for dep_context=requeueable deps ti=<TaskInstance: dados_climaticos_estruturados.criar_pasta scheduled__2024-05-29T19:30:00+00:00 [queued]>
[2024-06-05T00:57:11.492+0000] {taskinstance.py:2306} INFO - Starting attempt 1 of 1
[2024-06-05T00:57:11.509+0000] {taskinstance.py:2330} INFO - Executing <Task(PythonOperator): criar_pasta> on 2024-05-29 19:30:00+00:00
[2024-06-05T00:57:11.518+0000] {warnings.py:110} WARNING - /home/***/.local/lib/python3.12/site-packages/***/task/task_runner/standard_task_runner.py:61: DeprecationWarning: This process (pid=1699) is multi-threaded, use of fork() may lead to deadlocks in the child.
  pid = os.fork()

[2024-06-05T00:57:11.520+0000] {standard_task_runner.py:63} INFO - Started process 1712 to run task
[2024-06-05T00:57:11.521+0000] {standard_task_runner.py:90} INFO - Running: ['***', 'tasks', 'run', 'dados_climaticos_estruturados', 'criar_pasta', 'scheduled__2024-05-29T19:30:00+00:00', '--job-id', '918', '--raw', '--subdir', 'DAGS_FOLDER/weather/custom_dags/dados_climaticos_estruturados.py', '--cfg-path', '/tmp/tmp8zavtyly']
[2024-06-05T00:57:11.523+0000] {standard_task_runner.py:91} INFO - Job 918: Subtask criar_pasta
[2024-06-05T00:57:11.583+0000] {task_command.py:426} INFO - Running <TaskInstance: dados_climaticos_estruturados.criar_pasta scheduled__2024-05-29T19:30:00+00:00 [running]> on host 6665b0710315
[2024-06-05T00:57:11.711+0000] {taskinstance.py:2648} INFO - Exporting env vars: AIRFLOW_CTX_DAG_OWNER='***' AIRFLOW_CTX_DAG_ID='dados_climaticos_estruturados' AIRFLOW_CTX_TASK_ID='criar_pasta' AIRFLOW_CTX_EXECUTION_DATE='2024-05-29T19:30:00+00:00' AIRFLOW_CTX_TRY_NUMBER='1' AIRFLOW_CTX_DAG_RUN_ID='scheduled__2024-05-29T19:30:00+00:00'
[2024-06-05T00:57:11.713+0000] {taskinstance.py:430} INFO - ::endgroup::
[2024-06-05T00:57:11.715+0000] {python.py:237} INFO - Done. Returned value was: None
[2024-06-05T00:57:11.716+0000] {taskinstance.py:441} INFO - ::group::Post task execution logs
[2024-06-05T00:57:11.727+0000] {taskinstance.py:1206} INFO - Marking task as SUCCESS. dag_id=dados_climaticos_estruturados, task_id=criar_pasta, run_id=scheduled__2024-05-29T19:30:00+00:00, execution_date=20240529T193000, start_date=20240605T005711, end_date=20240605T005711
[2024-06-05T00:57:11.783+0000] {local_task_job_runner.py:240} INFO - Task exited with return code 0
[2024-06-05T00:57:11.808+0000] {taskinstance.py:3498} INFO - 1 downstream tasks scheduled from follow-on schedule check
[2024-06-05T00:57:11.810+0000] {local_task_job_runner.py:222} INFO - ::endgroup::
[2024-06-05T01:37:17.378+0000] {local_task_job_runner.py:120} INFO - ::group::Pre task execution logs
[2024-06-05T01:37:17.433+0000] {taskinstance.py:2076} INFO - Dependencies all met for dep_context=non-requeueable deps ti=<TaskInstance: dados_climaticos_estruturados.criar_pasta scheduled__2024-05-29T19:30:00+00:00 [queued]>
[2024-06-05T01:37:17.453+0000] {taskinstance.py:2076} INFO - Dependencies all met for dep_context=requeueable deps ti=<TaskInstance: dados_climaticos_estruturados.criar_pasta scheduled__2024-05-29T19:30:00+00:00 [queued]>
[2024-06-05T01:37:17.454+0000] {taskinstance.py:2306} INFO - Starting attempt 1 of 1
[2024-06-05T01:37:17.482+0000] {taskinstance.py:2330} INFO - Executing <Task(PythonOperator): criar_pasta> on 2024-05-29 19:30:00+00:00
[2024-06-05T01:37:17.510+0000] {warnings.py:110} WARNING - /home/***/.local/lib/python3.12/site-packages/***/task/task_runner/standard_task_runner.py:61: DeprecationWarning: This process (pid=1676) is multi-threaded, use of fork() may lead to deadlocks in the child.
  pid = os.fork()

[2024-06-05T01:37:17.512+0000] {standard_task_runner.py:63} INFO - Started process 1707 to run task
[2024-06-05T01:37:17.509+0000] {standard_task_runner.py:90} INFO - Running: ['***', 'tasks', 'run', 'dados_climaticos_estruturados', 'criar_pasta', 'scheduled__2024-05-29T19:30:00+00:00', '--job-id', '526', '--raw', '--subdir', 'DAGS_FOLDER/weather/custom_dags/dados_climaticos_estruturados.py', '--cfg-path', '/tmp/tmpq3yqv4rc']
[2024-06-05T01:37:17.518+0000] {standard_task_runner.py:91} INFO - Job 526: Subtask criar_pasta
[2024-06-05T01:37:17.659+0000] {task_command.py:426} INFO - Running <TaskInstance: dados_climaticos_estruturados.criar_pasta scheduled__2024-05-29T19:30:00+00:00 [running]> on host 80232deae70a
[2024-06-05T01:37:17.912+0000] {taskinstance.py:2648} INFO - Exporting env vars: AIRFLOW_CTX_DAG_OWNER='***' AIRFLOW_CTX_DAG_ID='dados_climaticos_estruturados' AIRFLOW_CTX_TASK_ID='criar_pasta' AIRFLOW_CTX_EXECUTION_DATE='2024-05-29T19:30:00+00:00' AIRFLOW_CTX_TRY_NUMBER='1' AIRFLOW_CTX_DAG_RUN_ID='scheduled__2024-05-29T19:30:00+00:00'
[2024-06-05T01:37:17.919+0000] {taskinstance.py:430} INFO - ::endgroup::
[2024-06-05T01:37:17.929+0000] {python.py:237} INFO - Done. Returned value was: None
[2024-06-05T01:37:17.930+0000] {taskinstance.py:441} INFO - ::group::Post task execution logs
[2024-06-05T01:37:17.954+0000] {taskinstance.py:1206} INFO - Marking task as SUCCESS. dag_id=dados_climaticos_estruturados, task_id=criar_pasta, run_id=scheduled__2024-05-29T19:30:00+00:00, execution_date=20240529T193000, start_date=20240605T013717, end_date=20240605T013717
[2024-06-05T01:37:18.031+0000] {local_task_job_runner.py:240} INFO - Task exited with return code 0
[2024-06-05T01:37:18.063+0000] {local_task_job_runner.py:222} INFO - ::endgroup::
