[2024-06-05T00:58:52.777+0000] {local_task_job_runner.py:120} INFO - ::group::Pre task execution logs
[2024-06-05T00:58:52.809+0000] {taskinstance.py:2076} INFO - Dependencies all met for dep_context=non-requeueable deps ti=<TaskInstance: dados_climaticos_estruturados.criar_pasta scheduled__2024-05-30T03:15:00+00:00 [queued]>
[2024-06-05T00:58:52.824+0000] {taskinstance.py:2076} INFO - Dependencies all met for dep_context=requeueable deps ti=<TaskInstance: dados_climaticos_estruturados.criar_pasta scheduled__2024-05-30T03:15:00+00:00 [queued]>
[2024-06-05T00:58:52.825+0000] {taskinstance.py:2306} INFO - Starting attempt 1 of 1
[2024-06-05T00:58:52.847+0000] {taskinstance.py:2330} INFO - Executing <Task(PythonOperator): criar_pasta> on 2024-05-30 03:15:00+00:00
[2024-06-05T00:58:52.861+0000] {warnings.py:110} WARNING - /home/***/.local/lib/python3.12/site-packages/***/task/task_runner/standard_task_runner.py:61: DeprecationWarning: This process (pid=2297) is multi-threaded, use of fork() may lead to deadlocks in the child.
  pid = os.fork()

[2024-06-05T00:58:52.864+0000] {standard_task_runner.py:63} INFO - Started process 2304 to run task
[2024-06-05T00:58:52.864+0000] {standard_task_runner.py:90} INFO - Running: ['***', 'tasks', 'run', 'dados_climaticos_estruturados', 'criar_pasta', 'scheduled__2024-05-30T03:15:00+00:00', '--job-id', '1109', '--raw', '--subdir', 'DAGS_FOLDER/weather/custom_dags/dados_climaticos_estruturados.py', '--cfg-path', '/tmp/tmpbkoo1c0b']
[2024-06-05T00:58:52.867+0000] {standard_task_runner.py:91} INFO - Job 1109: Subtask criar_pasta
[2024-06-05T00:58:52.952+0000] {task_command.py:426} INFO - Running <TaskInstance: dados_climaticos_estruturados.criar_pasta scheduled__2024-05-30T03:15:00+00:00 [running]> on host 6665b0710315
[2024-06-05T00:58:53.107+0000] {taskinstance.py:2648} INFO - Exporting env vars: AIRFLOW_CTX_DAG_OWNER='***' AIRFLOW_CTX_DAG_ID='dados_climaticos_estruturados' AIRFLOW_CTX_TASK_ID='criar_pasta' AIRFLOW_CTX_EXECUTION_DATE='2024-05-30T03:15:00+00:00' AIRFLOW_CTX_TRY_NUMBER='1' AIRFLOW_CTX_DAG_RUN_ID='scheduled__2024-05-30T03:15:00+00:00'
[2024-06-05T00:58:53.110+0000] {taskinstance.py:430} INFO - ::endgroup::
[2024-06-05T00:58:53.115+0000] {python.py:237} INFO - Done. Returned value was: None
[2024-06-05T00:58:53.116+0000] {taskinstance.py:441} INFO - ::group::Post task execution logs
[2024-06-05T00:58:53.136+0000] {taskinstance.py:1206} INFO - Marking task as SUCCESS. dag_id=dados_climaticos_estruturados, task_id=criar_pasta, run_id=scheduled__2024-05-30T03:15:00+00:00, execution_date=20240530T031500, start_date=20240605T005852, end_date=20240605T005853
[2024-06-05T00:58:53.209+0000] {local_task_job_runner.py:240} INFO - Task exited with return code 0
[2024-06-05T00:58:53.252+0000] {taskinstance.py:3498} INFO - 1 downstream tasks scheduled from follow-on schedule check
[2024-06-05T00:58:53.256+0000] {local_task_job_runner.py:222} INFO - ::endgroup::
[2024-06-05T01:38:47.939+0000] {local_task_job_runner.py:120} INFO - ::group::Pre task execution logs
[2024-06-05T01:38:47.961+0000] {taskinstance.py:2076} INFO - Dependencies all met for dep_context=non-requeueable deps ti=<TaskInstance: dados_climaticos_estruturados.criar_pasta scheduled__2024-05-30T03:15:00+00:00 [queued]>
[2024-06-05T01:38:47.972+0000] {taskinstance.py:2076} INFO - Dependencies all met for dep_context=requeueable deps ti=<TaskInstance: dados_climaticos_estruturados.criar_pasta scheduled__2024-05-30T03:15:00+00:00 [queued]>
[2024-06-05T01:38:47.972+0000] {taskinstance.py:2306} INFO - Starting attempt 1 of 1
[2024-06-05T01:38:47.990+0000] {taskinstance.py:2330} INFO - Executing <Task(PythonOperator): criar_pasta> on 2024-05-30 03:15:00+00:00
[2024-06-05T01:38:47.999+0000] {warnings.py:110} WARNING - /home/***/.local/lib/python3.12/site-packages/***/task/task_runner/standard_task_runner.py:61: DeprecationWarning: This process (pid=2286) is multi-threaded, use of fork() may lead to deadlocks in the child.
  pid = os.fork()

[2024-06-05T01:38:48.001+0000] {standard_task_runner.py:63} INFO - Started process 2288 to run task
[2024-06-05T01:38:48.001+0000] {standard_task_runner.py:90} INFO - Running: ['***', 'tasks', 'run', 'dados_climaticos_estruturados', 'criar_pasta', 'scheduled__2024-05-30T03:15:00+00:00', '--job-id', '721', '--raw', '--subdir', 'DAGS_FOLDER/weather/custom_dags/dados_climaticos_estruturados.py', '--cfg-path', '/tmp/tmpwvc0xvor']
[2024-06-05T01:38:48.002+0000] {standard_task_runner.py:91} INFO - Job 721: Subtask criar_pasta
[2024-06-05T01:38:48.056+0000] {task_command.py:426} INFO - Running <TaskInstance: dados_climaticos_estruturados.criar_pasta scheduled__2024-05-30T03:15:00+00:00 [running]> on host 80232deae70a
[2024-06-05T01:38:48.151+0000] {taskinstance.py:2648} INFO - Exporting env vars: AIRFLOW_CTX_DAG_OWNER='***' AIRFLOW_CTX_DAG_ID='dados_climaticos_estruturados' AIRFLOW_CTX_TASK_ID='criar_pasta' AIRFLOW_CTX_EXECUTION_DATE='2024-05-30T03:15:00+00:00' AIRFLOW_CTX_TRY_NUMBER='1' AIRFLOW_CTX_DAG_RUN_ID='scheduled__2024-05-30T03:15:00+00:00'
[2024-06-05T01:38:48.153+0000] {taskinstance.py:430} INFO - ::endgroup::
[2024-06-05T01:38:48.154+0000] {python.py:237} INFO - Done. Returned value was: None
[2024-06-05T01:38:48.155+0000] {taskinstance.py:441} INFO - ::group::Post task execution logs
[2024-06-05T01:38:48.164+0000] {taskinstance.py:1206} INFO - Marking task as SUCCESS. dag_id=dados_climaticos_estruturados, task_id=criar_pasta, run_id=scheduled__2024-05-30T03:15:00+00:00, execution_date=20240530T031500, start_date=20240605T013847, end_date=20240605T013848
[2024-06-05T01:38:48.182+0000] {local_task_job_runner.py:240} INFO - Task exited with return code 0
[2024-06-05T01:38:48.204+0000] {taskinstance.py:3498} INFO - 1 downstream tasks scheduled from follow-on schedule check
[2024-06-05T01:38:48.206+0000] {local_task_job_runner.py:222} INFO - ::endgroup::
