[2024-06-05T00:54:34.065+0000] {local_task_job_runner.py:120} INFO - ::group::Pre task execution logs
[2024-06-05T00:54:34.101+0000] {taskinstance.py:2076} INFO - Dependencies all met for dep_context=non-requeueable deps ti=<TaskInstance: dados_climaticos_estruturados.criar_pasta scheduled__2024-05-29T04:05:00+00:00 [queued]>
[2024-06-05T00:54:34.120+0000] {taskinstance.py:2076} INFO - Dependencies all met for dep_context=requeueable deps ti=<TaskInstance: dados_climaticos_estruturados.criar_pasta scheduled__2024-05-29T04:05:00+00:00 [queued]>
[2024-06-05T00:54:34.122+0000] {taskinstance.py:2306} INFO - Starting attempt 1 of 1
[2024-06-05T00:54:34.260+0000] {taskinstance.py:2330} INFO - Executing <Task(PythonOperator): criar_pasta> on 2024-05-29 04:05:00+00:00
[2024-06-05T00:54:34.271+0000] {warnings.py:110} WARNING - /home/***/.local/lib/python3.12/site-packages/***/task/task_runner/standard_task_runner.py:61: DeprecationWarning: This process (pid=569) is multi-threaded, use of fork() may lead to deadlocks in the child.
  pid = os.fork()

[2024-06-05T00:54:34.273+0000] {standard_task_runner.py:63} INFO - Started process 586 to run task
[2024-06-05T00:54:34.276+0000] {standard_task_runner.py:90} INFO - Running: ['***', 'tasks', 'run', 'dados_climaticos_estruturados', 'criar_pasta', 'scheduled__2024-05-29T04:05:00+00:00', '--job-id', '549', '--raw', '--subdir', 'DAGS_FOLDER/weather/custom_dags/dados_climaticos_estruturados.py', '--cfg-path', '/tmp/tmpeag24af8']
[2024-06-05T00:54:34.278+0000] {standard_task_runner.py:91} INFO - Job 549: Subtask criar_pasta
[2024-06-05T00:54:34.371+0000] {task_command.py:426} INFO - Running <TaskInstance: dados_climaticos_estruturados.criar_pasta scheduled__2024-05-29T04:05:00+00:00 [running]> on host 6665b0710315
[2024-06-05T00:54:34.546+0000] {taskinstance.py:2648} INFO - Exporting env vars: AIRFLOW_CTX_DAG_OWNER='***' AIRFLOW_CTX_DAG_ID='dados_climaticos_estruturados' AIRFLOW_CTX_TASK_ID='criar_pasta' AIRFLOW_CTX_EXECUTION_DATE='2024-05-29T04:05:00+00:00' AIRFLOW_CTX_TRY_NUMBER='1' AIRFLOW_CTX_DAG_RUN_ID='scheduled__2024-05-29T04:05:00+00:00'
[2024-06-05T00:54:34.551+0000] {taskinstance.py:430} INFO - ::endgroup::
[2024-06-05T00:54:34.553+0000] {python.py:237} INFO - Done. Returned value was: None
[2024-06-05T00:54:34.554+0000] {taskinstance.py:441} INFO - ::group::Post task execution logs
[2024-06-05T00:54:34.568+0000] {taskinstance.py:1206} INFO - Marking task as SUCCESS. dag_id=dados_climaticos_estruturados, task_id=criar_pasta, run_id=scheduled__2024-05-29T04:05:00+00:00, execution_date=20240529T040500, start_date=20240605T005434, end_date=20240605T005434
[2024-06-05T00:54:34.627+0000] {local_task_job_runner.py:240} INFO - Task exited with return code 0
[2024-06-05T00:54:34.670+0000] {taskinstance.py:3498} INFO - 1 downstream tasks scheduled from follow-on schedule check
[2024-06-05T00:54:34.682+0000] {local_task_job_runner.py:222} INFO - ::endgroup::
[2024-06-05T01:34:12.530+0000] {local_task_job_runner.py:120} INFO - ::group::Pre task execution logs
[2024-06-05T01:34:12.568+0000] {taskinstance.py:2076} INFO - Dependencies all met for dep_context=non-requeueable deps ti=<TaskInstance: dados_climaticos_estruturados.criar_pasta scheduled__2024-05-29T04:05:00+00:00 [queued]>
[2024-06-05T01:34:12.587+0000] {taskinstance.py:2076} INFO - Dependencies all met for dep_context=requeueable deps ti=<TaskInstance: dados_climaticos_estruturados.criar_pasta scheduled__2024-05-29T04:05:00+00:00 [queued]>
[2024-06-05T01:34:12.593+0000] {taskinstance.py:2306} INFO - Starting attempt 1 of 1
[2024-06-05T01:34:12.638+0000] {taskinstance.py:2330} INFO - Executing <Task(PythonOperator): criar_pasta> on 2024-05-29 04:05:00+00:00
[2024-06-05T01:34:12.656+0000] {warnings.py:110} WARNING - /home/***/.local/lib/python3.12/site-packages/***/task/task_runner/standard_task_runner.py:61: DeprecationWarning: This process (pid=557) is multi-threaded, use of fork() may lead to deadlocks in the child.
  pid = os.fork()

[2024-06-05T01:34:12.655+0000] {standard_task_runner.py:90} INFO - Running: ['***', 'tasks', 'run', 'dados_climaticos_estruturados', 'criar_pasta', 'scheduled__2024-05-29T04:05:00+00:00', '--job-id', '163', '--raw', '--subdir', 'DAGS_FOLDER/weather/custom_dags/dados_climaticos_estruturados.py', '--cfg-path', '/tmp/tmph2l713h3']
[2024-06-05T01:34:12.665+0000] {standard_task_runner.py:91} INFO - Job 163: Subtask criar_pasta
[2024-06-05T01:34:12.659+0000] {standard_task_runner.py:63} INFO - Started process 573 to run task
[2024-06-05T01:34:12.772+0000] {task_command.py:426} INFO - Running <TaskInstance: dados_climaticos_estruturados.criar_pasta scheduled__2024-05-29T04:05:00+00:00 [running]> on host 80232deae70a
[2024-06-05T01:34:12.953+0000] {taskinstance.py:2648} INFO - Exporting env vars: AIRFLOW_CTX_DAG_OWNER='***' AIRFLOW_CTX_DAG_ID='dados_climaticos_estruturados' AIRFLOW_CTX_TASK_ID='criar_pasta' AIRFLOW_CTX_EXECUTION_DATE='2024-05-29T04:05:00+00:00' AIRFLOW_CTX_TRY_NUMBER='1' AIRFLOW_CTX_DAG_RUN_ID='scheduled__2024-05-29T04:05:00+00:00'
[2024-06-05T01:34:12.960+0000] {taskinstance.py:430} INFO - ::endgroup::
[2024-06-05T01:34:12.962+0000] {python.py:237} INFO - Done. Returned value was: None
[2024-06-05T01:34:12.964+0000] {taskinstance.py:441} INFO - ::group::Post task execution logs
[2024-06-05T01:34:12.986+0000] {taskinstance.py:1206} INFO - Marking task as SUCCESS. dag_id=dados_climaticos_estruturados, task_id=criar_pasta, run_id=scheduled__2024-05-29T04:05:00+00:00, execution_date=20240529T040500, start_date=20240605T013412, end_date=20240605T013412
[2024-06-05T01:34:13.062+0000] {local_task_job_runner.py:240} INFO - Task exited with return code 0
[2024-06-05T01:34:13.096+0000] {taskinstance.py:3498} INFO - 1 downstream tasks scheduled from follow-on schedule check
[2024-06-05T01:34:13.102+0000] {local_task_job_runner.py:222} INFO - ::endgroup::
