[2024-06-05T01:03:54.190+0000] {local_task_job_runner.py:120} INFO - ::group::Pre task execution logs
[2024-06-05T01:03:54.262+0000] {taskinstance.py:2076} INFO - Dependencies all met for dep_context=non-requeueable deps ti=<TaskInstance: dados_climaticos_estruturados.criar_pasta scheduled__2024-05-31T03:50:00+00:00 [queued]>
[2024-06-05T01:03:54.311+0000] {taskinstance.py:2076} INFO - Dependencies all met for dep_context=requeueable deps ti=<TaskInstance: dados_climaticos_estruturados.criar_pasta scheduled__2024-05-31T03:50:00+00:00 [queued]>
[2024-06-05T01:03:54.319+0000] {taskinstance.py:2306} INFO - Starting attempt 1 of 1
[2024-06-05T01:03:54.387+0000] {taskinstance.py:2330} INFO - Executing <Task(PythonOperator): criar_pasta> on 2024-05-31 03:50:00+00:00
[2024-06-05T01:03:54.420+0000] {warnings.py:110} WARNING - /home/***/.local/lib/python3.12/site-packages/***/task/task_runner/standard_task_runner.py:61: DeprecationWarning: This process (pid=4101) is multi-threaded, use of fork() may lead to deadlocks in the child.
  pid = os.fork()

[2024-06-05T01:03:54.432+0000] {standard_task_runner.py:63} INFO - Started process 4127 to run task
[2024-06-05T01:03:54.435+0000] {standard_task_runner.py:90} INFO - Running: ['***', 'tasks', 'run', 'dados_climaticos_estruturados', 'criar_pasta', 'scheduled__2024-05-31T03:50:00+00:00', '--job-id', '1692', '--raw', '--subdir', 'DAGS_FOLDER/weather/custom_dags/dados_climaticos_estruturados.py', '--cfg-path', '/tmp/tmpl_5rrkto']
[2024-06-05T01:03:54.447+0000] {standard_task_runner.py:91} INFO - Job 1692: Subtask criar_pasta
[2024-06-05T01:03:54.652+0000] {task_command.py:426} INFO - Running <TaskInstance: dados_climaticos_estruturados.criar_pasta scheduled__2024-05-31T03:50:00+00:00 [running]> on host 6665b0710315
[2024-06-05T01:03:54.982+0000] {taskinstance.py:2648} INFO - Exporting env vars: AIRFLOW_CTX_DAG_OWNER='***' AIRFLOW_CTX_DAG_ID='dados_climaticos_estruturados' AIRFLOW_CTX_TASK_ID='criar_pasta' AIRFLOW_CTX_EXECUTION_DATE='2024-05-31T03:50:00+00:00' AIRFLOW_CTX_TRY_NUMBER='1' AIRFLOW_CTX_DAG_RUN_ID='scheduled__2024-05-31T03:50:00+00:00'
[2024-06-05T01:03:54.992+0000] {taskinstance.py:430} INFO - ::endgroup::
[2024-06-05T01:03:55.002+0000] {python.py:237} INFO - Done. Returned value was: None
[2024-06-05T01:03:55.006+0000] {taskinstance.py:441} INFO - ::group::Post task execution logs
[2024-06-05T01:03:55.046+0000] {taskinstance.py:1206} INFO - Marking task as SUCCESS. dag_id=dados_climaticos_estruturados, task_id=criar_pasta, run_id=scheduled__2024-05-31T03:50:00+00:00, execution_date=20240531T035000, start_date=20240605T010354, end_date=20240605T010355
[2024-06-05T01:03:55.210+0000] {local_task_job_runner.py:240} INFO - Task exited with return code 0
[2024-06-05T01:03:55.262+0000] {local_task_job_runner.py:222} INFO - ::endgroup::
[2024-06-05T01:43:20.674+0000] {local_task_job_runner.py:120} INFO - ::group::Pre task execution logs
[2024-06-05T01:43:20.756+0000] {taskinstance.py:2076} INFO - Dependencies all met for dep_context=non-requeueable deps ti=<TaskInstance: dados_climaticos_estruturados.criar_pasta scheduled__2024-05-31T03:50:00+00:00 [queued]>
[2024-06-05T01:43:20.783+0000] {taskinstance.py:2076} INFO - Dependencies all met for dep_context=requeueable deps ti=<TaskInstance: dados_climaticos_estruturados.criar_pasta scheduled__2024-05-31T03:50:00+00:00 [queued]>
[2024-06-05T01:43:20.785+0000] {taskinstance.py:2306} INFO - Starting attempt 1 of 1
[2024-06-05T01:43:20.936+0000] {taskinstance.py:2330} INFO - Executing <Task(PythonOperator): criar_pasta> on 2024-05-31 03:50:00+00:00
[2024-06-05T01:43:20.966+0000] {warnings.py:110} WARNING - /home/***/.local/lib/python3.12/site-packages/***/task/task_runner/standard_task_runner.py:61: DeprecationWarning: This process (pid=4077) is multi-threaded, use of fork() may lead to deadlocks in the child.
  pid = os.fork()

[2024-06-05T01:43:20.972+0000] {standard_task_runner.py:63} INFO - Started process 4114 to run task
[2024-06-05T01:43:20.974+0000] {standard_task_runner.py:90} INFO - Running: ['***', 'tasks', 'run', 'dados_climaticos_estruturados', 'criar_pasta', 'scheduled__2024-05-31T03:50:00+00:00', '--job-id', '1305', '--raw', '--subdir', 'DAGS_FOLDER/weather/custom_dags/dados_climaticos_estruturados.py', '--cfg-path', '/tmp/tmpu6twguyx']
[2024-06-05T01:43:20.979+0000] {standard_task_runner.py:91} INFO - Job 1305: Subtask criar_pasta
[2024-06-05T01:43:21.156+0000] {task_command.py:426} INFO - Running <TaskInstance: dados_climaticos_estruturados.criar_pasta scheduled__2024-05-31T03:50:00+00:00 [running]> on host 80232deae70a
[2024-06-05T01:43:21.482+0000] {taskinstance.py:2648} INFO - Exporting env vars: AIRFLOW_CTX_DAG_OWNER='***' AIRFLOW_CTX_DAG_ID='dados_climaticos_estruturados' AIRFLOW_CTX_TASK_ID='criar_pasta' AIRFLOW_CTX_EXECUTION_DATE='2024-05-31T03:50:00+00:00' AIRFLOW_CTX_TRY_NUMBER='1' AIRFLOW_CTX_DAG_RUN_ID='scheduled__2024-05-31T03:50:00+00:00'
[2024-06-05T01:43:21.485+0000] {taskinstance.py:430} INFO - ::endgroup::
[2024-06-05T01:43:21.486+0000] {python.py:237} INFO - Done. Returned value was: None
[2024-06-05T01:43:21.487+0000] {taskinstance.py:441} INFO - ::group::Post task execution logs
[2024-06-05T01:43:21.510+0000] {taskinstance.py:1206} INFO - Marking task as SUCCESS. dag_id=dados_climaticos_estruturados, task_id=criar_pasta, run_id=scheduled__2024-05-31T03:50:00+00:00, execution_date=20240531T035000, start_date=20240605T014320, end_date=20240605T014321
[2024-06-05T01:43:21.587+0000] {local_task_job_runner.py:240} INFO - Task exited with return code 0
[2024-06-05T01:43:21.626+0000] {taskinstance.py:3498} INFO - 1 downstream tasks scheduled from follow-on schedule check
[2024-06-05T01:43:21.629+0000] {local_task_job_runner.py:222} INFO - ::endgroup::
