[2024-06-05T01:04:14.599+0000] {local_task_job_runner.py:120} INFO - ::group::Pre task execution logs
[2024-06-05T01:04:14.646+0000] {taskinstance.py:2076} INFO - Dependencies all met for dep_context=non-requeueable deps ti=<TaskInstance: dados_climaticos_estruturados.criar_pasta scheduled__2024-05-31T04:55:00+00:00 [queued]>
[2024-06-05T01:04:14.668+0000] {taskinstance.py:2076} INFO - Dependencies all met for dep_context=requeueable deps ti=<TaskInstance: dados_climaticos_estruturados.criar_pasta scheduled__2024-05-31T04:55:00+00:00 [queued]>
[2024-06-05T01:04:14.669+0000] {taskinstance.py:2306} INFO - Starting attempt 1 of 1
[2024-06-05T01:04:14.716+0000] {taskinstance.py:2330} INFO - Executing <Task(PythonOperator): criar_pasta> on 2024-05-31 04:55:00+00:00
[2024-06-05T01:04:14.734+0000] {warnings.py:110} WARNING - /home/***/.local/lib/python3.12/site-packages/***/task/task_runner/standard_task_runner.py:61: DeprecationWarning: This process (pid=4196) is multi-threaded, use of fork() may lead to deadlocks in the child.
  pid = os.fork()

[2024-06-05T01:04:14.737+0000] {standard_task_runner.py:63} INFO - Started process 4216 to run task
[2024-06-05T01:04:14.738+0000] {standard_task_runner.py:90} INFO - Running: ['***', 'tasks', 'run', 'dados_climaticos_estruturados', 'criar_pasta', 'scheduled__2024-05-31T04:55:00+00:00', '--job-id', '1722', '--raw', '--subdir', 'DAGS_FOLDER/weather/custom_dags/dados_climaticos_estruturados.py', '--cfg-path', '/tmp/tmpmnzehc5s']
[2024-06-05T01:04:14.740+0000] {standard_task_runner.py:91} INFO - Job 1722: Subtask criar_pasta
[2024-06-05T01:04:14.833+0000] {task_command.py:426} INFO - Running <TaskInstance: dados_climaticos_estruturados.criar_pasta scheduled__2024-05-31T04:55:00+00:00 [running]> on host 6665b0710315
[2024-06-05T01:04:15.016+0000] {taskinstance.py:2648} INFO - Exporting env vars: AIRFLOW_CTX_DAG_OWNER='***' AIRFLOW_CTX_DAG_ID='dados_climaticos_estruturados' AIRFLOW_CTX_TASK_ID='criar_pasta' AIRFLOW_CTX_EXECUTION_DATE='2024-05-31T04:55:00+00:00' AIRFLOW_CTX_TRY_NUMBER='1' AIRFLOW_CTX_DAG_RUN_ID='scheduled__2024-05-31T04:55:00+00:00'
[2024-06-05T01:04:15.020+0000] {taskinstance.py:430} INFO - ::endgroup::
[2024-06-05T01:04:15.022+0000] {python.py:237} INFO - Done. Returned value was: None
[2024-06-05T01:04:15.023+0000] {taskinstance.py:441} INFO - ::group::Post task execution logs
[2024-06-05T01:04:15.044+0000] {taskinstance.py:1206} INFO - Marking task as SUCCESS. dag_id=dados_climaticos_estruturados, task_id=criar_pasta, run_id=scheduled__2024-05-31T04:55:00+00:00, execution_date=20240531T045500, start_date=20240605T010414, end_date=20240605T010415
[2024-06-05T01:04:15.095+0000] {local_task_job_runner.py:240} INFO - Task exited with return code 0
[2024-06-05T01:04:15.124+0000] {local_task_job_runner.py:222} INFO - ::endgroup::
[2024-06-05T01:43:31.143+0000] {local_task_job_runner.py:120} INFO - ::group::Pre task execution logs
[2024-06-05T01:43:31.195+0000] {taskinstance.py:2076} INFO - Dependencies all met for dep_context=non-requeueable deps ti=<TaskInstance: dados_climaticos_estruturados.criar_pasta scheduled__2024-05-31T04:55:00+00:00 [queued]>
[2024-06-05T01:43:31.212+0000] {taskinstance.py:2076} INFO - Dependencies all met for dep_context=requeueable deps ti=<TaskInstance: dados_climaticos_estruturados.criar_pasta scheduled__2024-05-31T04:55:00+00:00 [queued]>
[2024-06-05T01:43:31.213+0000] {taskinstance.py:2306} INFO - Starting attempt 1 of 1
[2024-06-05T01:43:31.247+0000] {taskinstance.py:2330} INFO - Executing <Task(PythonOperator): criar_pasta> on 2024-05-31 04:55:00+00:00
[2024-06-05T01:43:31.262+0000] {warnings.py:110} WARNING - /home/***/.local/lib/python3.12/site-packages/***/task/task_runner/standard_task_runner.py:61: DeprecationWarning: This process (pid=4157) is multi-threaded, use of fork() may lead to deadlocks in the child.
  pid = os.fork()

[2024-06-05T01:43:31.266+0000] {standard_task_runner.py:63} INFO - Started process 4188 to run task
[2024-06-05T01:43:31.267+0000] {standard_task_runner.py:90} INFO - Running: ['***', 'tasks', 'run', 'dados_climaticos_estruturados', 'criar_pasta', 'scheduled__2024-05-31T04:55:00+00:00', '--job-id', '1329', '--raw', '--subdir', 'DAGS_FOLDER/weather/custom_dags/dados_climaticos_estruturados.py', '--cfg-path', '/tmp/tmp45566r2z']
[2024-06-05T01:43:31.270+0000] {standard_task_runner.py:91} INFO - Job 1329: Subtask criar_pasta
[2024-06-05T01:43:31.386+0000] {task_command.py:426} INFO - Running <TaskInstance: dados_climaticos_estruturados.criar_pasta scheduled__2024-05-31T04:55:00+00:00 [running]> on host 80232deae70a
[2024-06-05T01:43:31.597+0000] {taskinstance.py:2648} INFO - Exporting env vars: AIRFLOW_CTX_DAG_OWNER='***' AIRFLOW_CTX_DAG_ID='dados_climaticos_estruturados' AIRFLOW_CTX_TASK_ID='criar_pasta' AIRFLOW_CTX_EXECUTION_DATE='2024-05-31T04:55:00+00:00' AIRFLOW_CTX_TRY_NUMBER='1' AIRFLOW_CTX_DAG_RUN_ID='scheduled__2024-05-31T04:55:00+00:00'
[2024-06-05T01:43:31.599+0000] {taskinstance.py:430} INFO - ::endgroup::
[2024-06-05T01:43:31.607+0000] {python.py:237} INFO - Done. Returned value was: None
[2024-06-05T01:43:31.608+0000] {taskinstance.py:441} INFO - ::group::Post task execution logs
[2024-06-05T01:43:31.637+0000] {taskinstance.py:1206} INFO - Marking task as SUCCESS. dag_id=dados_climaticos_estruturados, task_id=criar_pasta, run_id=scheduled__2024-05-31T04:55:00+00:00, execution_date=20240531T045500, start_date=20240605T014331, end_date=20240605T014331
[2024-06-05T01:43:31.745+0000] {local_task_job_runner.py:240} INFO - Task exited with return code 0
[2024-06-05T01:43:31.802+0000] {taskinstance.py:3498} INFO - 1 downstream tasks scheduled from follow-on schedule check
[2024-06-05T01:43:31.816+0000] {local_task_job_runner.py:222} INFO - ::endgroup::
