[2024-05-25T19:04:48.979+0000] {local_task_job_runner.py:120} INFO - ::group::Pre task execution logs
[2024-05-25T19:04:49.006+0000] {taskinstance.py:2076} INFO - Dependencies all met for dep_context=non-requeueable deps ti=<TaskInstance: dados_climaticos_estruturados.criar_pasta scheduled__2024-05-16T22:20:00+00:00 [queued]>
[2024-05-25T19:04:49.014+0000] {taskinstance.py:2076} INFO - Dependencies all met for dep_context=requeueable deps ti=<TaskInstance: dados_climaticos_estruturados.criar_pasta scheduled__2024-05-16T22:20:00+00:00 [queued]>
[2024-05-25T19:04:49.015+0000] {taskinstance.py:2306} INFO - Starting attempt 1 of 1
[2024-05-25T19:04:49.032+0000] {taskinstance.py:2330} INFO - Executing <Task(PythonOperator): criar_pasta> on 2024-05-16 22:20:00+00:00
[2024-05-25T19:04:49.041+0000] {warnings.py:110} WARNING - /home/***/.local/lib/python3.12/site-packages/***/task/task_runner/standard_task_runner.py:61: DeprecationWarning: This process (pid=91) is multi-threaded, use of fork() may lead to deadlocks in the child.
  pid = os.fork()

[2024-05-25T19:04:49.043+0000] {standard_task_runner.py:63} INFO - Started process 109 to run task
[2024-05-25T19:04:49.043+0000] {standard_task_runner.py:90} INFO - Running: ['***', 'tasks', 'run', 'dados_climaticos_estruturados', 'criar_pasta', 'scheduled__2024-05-16T22:20:00+00:00', '--job-id', '14', '--raw', '--subdir', 'DAGS_FOLDER/weather/custom_dags/dados_climaticos_estruturados.py', '--cfg-path', '/tmp/tmp7htuq8ts']
[2024-05-25T19:04:49.045+0000] {standard_task_runner.py:91} INFO - Job 14: Subtask criar_pasta
[2024-05-25T19:04:49.094+0000] {task_command.py:426} INFO - Running <TaskInstance: dados_climaticos_estruturados.criar_pasta scheduled__2024-05-16T22:20:00+00:00 [running]> on host 0473b835f7f4
[2024-05-25T19:04:49.175+0000] {taskinstance.py:2648} INFO - Exporting env vars: AIRFLOW_CTX_DAG_OWNER='***' AIRFLOW_CTX_DAG_ID='dados_climaticos_estruturados' AIRFLOW_CTX_TASK_ID='criar_pasta' AIRFLOW_CTX_EXECUTION_DATE='2024-05-16T22:20:00+00:00' AIRFLOW_CTX_TRY_NUMBER='1' AIRFLOW_CTX_DAG_RUN_ID='scheduled__2024-05-16T22:20:00+00:00'
[2024-05-25T19:04:49.177+0000] {taskinstance.py:430} INFO - ::endgroup::
[2024-05-25T19:04:49.177+0000] {taskinstance.py:441} INFO - ::group::Post task execution logs
[2024-05-25T19:04:49.178+0000] {taskinstance.py:2905} ERROR - Task failed with exception
Traceback (most recent call last):
  File "/home/airflow/.local/lib/python3.12/site-packages/airflow/models/taskinstance.py", line 465, in _execute_task
    result = _execute_callable(context=context, **execute_callable_kwargs)
             ^^^^^^^^^^^^^^^^^^^^^^^^^^^^^^^^^^^^^^^^^^^^^^^^^^^^^^^^^^^^^
  File "/home/airflow/.local/lib/python3.12/site-packages/airflow/models/taskinstance.py", line 432, in _execute_callable
    return execute_callable(context=context, **execute_callable_kwargs)
           ^^^^^^^^^^^^^^^^^^^^^^^^^^^^^^^^^^^^^^^^^^^^^^^^^^^^^^^^^^^^
  File "/home/airflow/.local/lib/python3.12/site-packages/airflow/models/baseoperator.py", line 400, in wrapper
    return func(self, *args, **kwargs)
           ^^^^^^^^^^^^^^^^^^^^^^^^^^^
  File "/home/airflow/.local/lib/python3.12/site-packages/airflow/operators/python.py", line 235, in execute
    return_value = self.execute_callable()
                   ^^^^^^^^^^^^^^^^^^^^^^^
  File "/home/airflow/.local/lib/python3.12/site-packages/airflow/operators/python.py", line 252, in execute_callable
    return self.python_callable(*self.op_args, **self.op_kwargs)
           ^^^^^^^^^^^^^^^^^^^^^^^^^^^^^^^^^^^^^^^^^^^^^^^^^^^^^
  File "/opt/airflow/dags/weather/custom_dags/dados_climaticos_estruturados.py", line 18, in pegar_data_e_criar_pasta
    Path(caminho).mkdir(parents=True, exist_ok=True)
    ^^^^
NameError: name 'Path' is not defined
[2024-05-25T19:04:49.186+0000] {taskinstance.py:1206} INFO - Marking task as FAILED. dag_id=dados_climaticos_estruturados, task_id=criar_pasta, run_id=scheduled__2024-05-16T22:20:00+00:00, execution_date=20240516T222000, start_date=20240525T190449, end_date=20240525T190449
[2024-05-25T19:04:49.197+0000] {standard_task_runner.py:110} ERROR - Failed to execute job 14 for task criar_pasta (name 'Path' is not defined; 109)
[2024-05-25T19:04:49.223+0000] {local_task_job_runner.py:240} INFO - Task exited with return code 1
[2024-05-25T19:04:49.247+0000] {taskinstance.py:3498} INFO - 0 downstream tasks scheduled from follow-on schedule check
[2024-05-25T19:04:49.251+0000] {local_task_job_runner.py:222} INFO - ::endgroup::
[2024-05-29T01:34:45.520+0000] {local_task_job_runner.py:120} INFO - ::group::Pre task execution logs
[2024-05-29T01:34:45.632+0000] {taskinstance.py:2076} INFO - Dependencies all met for dep_context=non-requeueable deps ti=<TaskInstance: dados_climaticos_estruturados.criar_pasta scheduled__2024-05-16T22:20:00+00:00 [queued]>
[2024-05-29T01:34:45.694+0000] {taskinstance.py:2076} INFO - Dependencies all met for dep_context=requeueable deps ti=<TaskInstance: dados_climaticos_estruturados.criar_pasta scheduled__2024-05-16T22:20:00+00:00 [queued]>
[2024-05-29T01:34:45.699+0000] {taskinstance.py:2306} INFO - Starting attempt 1 of 1
[2024-05-29T01:34:45.780+0000] {taskinstance.py:2330} INFO - Executing <Task(PythonOperator): criar_pasta> on 2024-05-16 22:20:00+00:00
[2024-05-29T01:34:45.822+0000] {warnings.py:110} WARNING - /home/***/.local/lib/python3.12/site-packages/***/task/task_runner/standard_task_runner.py:61: DeprecationWarning: This process (pid=96) is multi-threaded, use of fork() may lead to deadlocks in the child.
  pid = os.fork()

[2024-05-29T01:34:45.842+0000] {standard_task_runner.py:63} INFO - Started process 129 to run task
[2024-05-29T01:34:45.832+0000] {standard_task_runner.py:90} INFO - Running: ['***', 'tasks', 'run', 'dados_climaticos_estruturados', 'criar_pasta', 'scheduled__2024-05-16T22:20:00+00:00', '--job-id', '14', '--raw', '--subdir', 'DAGS_FOLDER/weather/custom_dags/dados_climaticos_estruturados.py', '--cfg-path', '/tmp/tmpu7f8t7vp']
[2024-05-29T01:34:45.856+0000] {standard_task_runner.py:91} INFO - Job 14: Subtask criar_pasta
[2024-05-29T01:34:46.159+0000] {task_command.py:426} INFO - Running <TaskInstance: dados_climaticos_estruturados.criar_pasta scheduled__2024-05-16T22:20:00+00:00 [running]> on host dd333ca35f8c
[2024-05-29T01:34:46.640+0000] {taskinstance.py:2648} INFO - Exporting env vars: AIRFLOW_CTX_DAG_OWNER='***' AIRFLOW_CTX_DAG_ID='dados_climaticos_estruturados' AIRFLOW_CTX_TASK_ID='criar_pasta' AIRFLOW_CTX_EXECUTION_DATE='2024-05-16T22:20:00+00:00' AIRFLOW_CTX_TRY_NUMBER='1' AIRFLOW_CTX_DAG_RUN_ID='scheduled__2024-05-16T22:20:00+00:00'
[2024-05-29T01:34:46.650+0000] {taskinstance.py:430} INFO - ::endgroup::
[2024-05-29T01:34:46.656+0000] {python.py:237} INFO - Done. Returned value was: None
[2024-05-29T01:34:46.661+0000] {taskinstance.py:441} INFO - ::group::Post task execution logs
[2024-05-29T01:34:46.731+0000] {taskinstance.py:1206} INFO - Marking task as SUCCESS. dag_id=dados_climaticos_estruturados, task_id=criar_pasta, run_id=scheduled__2024-05-16T22:20:00+00:00, execution_date=20240516T222000, start_date=20240529T013445, end_date=20240529T013446
[2024-05-29T01:34:46.918+0000] {local_task_job_runner.py:240} INFO - Task exited with return code 0
[2024-05-29T01:34:46.993+0000] {local_task_job_runner.py:222} INFO - ::endgroup::
