[2024-06-05T01:03:01.907+0000] {local_task_job_runner.py:120} INFO - ::group::Pre task execution logs
[2024-06-05T01:03:01.951+0000] {taskinstance.py:2076} INFO - Dependencies all met for dep_context=non-requeueable deps ti=<TaskInstance: dados_climaticos_estruturados.criar_pasta scheduled__2024-05-30T23:15:00+00:00 [queued]>
[2024-06-05T01:03:01.966+0000] {taskinstance.py:2076} INFO - Dependencies all met for dep_context=requeueable deps ti=<TaskInstance: dados_climaticos_estruturados.criar_pasta scheduled__2024-05-30T23:15:00+00:00 [queued]>
[2024-06-05T01:03:01.967+0000] {taskinstance.py:2306} INFO - Starting attempt 1 of 1
[2024-06-05T01:03:02.164+0000] {taskinstance.py:2330} INFO - Executing <Task(PythonOperator): criar_pasta> on 2024-05-30 23:15:00+00:00
[2024-06-05T01:03:02.179+0000] {warnings.py:110} WARNING - /home/***/.local/lib/python3.12/site-packages/***/task/task_runner/standard_task_runner.py:61: DeprecationWarning: This process (pid=3782) is multi-threaded, use of fork() may lead to deadlocks in the child.
  pid = os.fork()

[2024-06-05T01:03:02.183+0000] {standard_task_runner.py:63} INFO - Started process 3801 to run task
[2024-06-05T01:03:02.183+0000] {standard_task_runner.py:90} INFO - Running: ['***', 'tasks', 'run', 'dados_climaticos_estruturados', 'criar_pasta', 'scheduled__2024-05-30T23:15:00+00:00', '--job-id', '1588', '--raw', '--subdir', 'DAGS_FOLDER/weather/custom_dags/dados_climaticos_estruturados.py', '--cfg-path', '/tmp/tmpblsm42s_']
[2024-06-05T01:03:02.186+0000] {standard_task_runner.py:91} INFO - Job 1588: Subtask criar_pasta
[2024-06-05T01:03:02.283+0000] {task_command.py:426} INFO - Running <TaskInstance: dados_climaticos_estruturados.criar_pasta scheduled__2024-05-30T23:15:00+00:00 [running]> on host 6665b0710315
[2024-06-05T01:03:02.548+0000] {taskinstance.py:2648} INFO - Exporting env vars: AIRFLOW_CTX_DAG_OWNER='***' AIRFLOW_CTX_DAG_ID='dados_climaticos_estruturados' AIRFLOW_CTX_TASK_ID='criar_pasta' AIRFLOW_CTX_EXECUTION_DATE='2024-05-30T23:15:00+00:00' AIRFLOW_CTX_TRY_NUMBER='1' AIRFLOW_CTX_DAG_RUN_ID='scheduled__2024-05-30T23:15:00+00:00'
[2024-06-05T01:03:02.554+0000] {taskinstance.py:430} INFO - ::endgroup::
[2024-06-05T01:03:02.557+0000] {python.py:237} INFO - Done. Returned value was: None
[2024-06-05T01:03:02.558+0000] {taskinstance.py:441} INFO - ::group::Post task execution logs
[2024-06-05T01:03:02.581+0000] {taskinstance.py:1206} INFO - Marking task as SUCCESS. dag_id=dados_climaticos_estruturados, task_id=criar_pasta, run_id=scheduled__2024-05-30T23:15:00+00:00, execution_date=20240530T231500, start_date=20240605T010301, end_date=20240605T010302
[2024-06-05T01:03:02.639+0000] {local_task_job_runner.py:240} INFO - Task exited with return code 0
[2024-06-05T01:03:02.679+0000] {taskinstance.py:3498} INFO - 1 downstream tasks scheduled from follow-on schedule check
[2024-06-05T01:03:02.686+0000] {local_task_job_runner.py:222} INFO - ::endgroup::
[2024-06-05T01:42:30.853+0000] {local_task_job_runner.py:120} INFO - ::group::Pre task execution logs
[2024-06-05T01:42:30.912+0000] {taskinstance.py:2076} INFO - Dependencies all met for dep_context=non-requeueable deps ti=<TaskInstance: dados_climaticos_estruturados.criar_pasta scheduled__2024-05-30T23:15:00+00:00 [queued]>
[2024-06-05T01:42:30.932+0000] {taskinstance.py:2076} INFO - Dependencies all met for dep_context=requeueable deps ti=<TaskInstance: dados_climaticos_estruturados.criar_pasta scheduled__2024-05-30T23:15:00+00:00 [queued]>
[2024-06-05T01:42:30.936+0000] {taskinstance.py:2306} INFO - Starting attempt 1 of 1
[2024-06-05T01:42:30.974+0000] {taskinstance.py:2330} INFO - Executing <Task(PythonOperator): criar_pasta> on 2024-05-30 23:15:00+00:00
[2024-06-05T01:42:30.995+0000] {warnings.py:110} WARNING - /home/***/.local/lib/python3.12/site-packages/***/task/task_runner/standard_task_runner.py:61: DeprecationWarning: This process (pid=3753) is multi-threaded, use of fork() may lead to deadlocks in the child.
  pid = os.fork()

[2024-06-05T01:42:31.012+0000] {standard_task_runner.py:90} INFO - Running: ['***', 'tasks', 'run', 'dados_climaticos_estruturados', 'criar_pasta', 'scheduled__2024-05-30T23:15:00+00:00', '--job-id', '1196', '--raw', '--subdir', 'DAGS_FOLDER/weather/custom_dags/dados_climaticos_estruturados.py', '--cfg-path', '/tmp/tmpn19d0arg']
[2024-06-05T01:42:31.014+0000] {standard_task_runner.py:91} INFO - Job 1196: Subtask criar_pasta
[2024-06-05T01:42:31.012+0000] {standard_task_runner.py:63} INFO - Started process 3776 to run task
[2024-06-05T01:42:31.113+0000] {task_command.py:426} INFO - Running <TaskInstance: dados_climaticos_estruturados.criar_pasta scheduled__2024-05-30T23:15:00+00:00 [running]> on host 80232deae70a
[2024-06-05T01:42:31.337+0000] {taskinstance.py:2648} INFO - Exporting env vars: AIRFLOW_CTX_DAG_OWNER='***' AIRFLOW_CTX_DAG_ID='dados_climaticos_estruturados' AIRFLOW_CTX_TASK_ID='criar_pasta' AIRFLOW_CTX_EXECUTION_DATE='2024-05-30T23:15:00+00:00' AIRFLOW_CTX_TRY_NUMBER='1' AIRFLOW_CTX_DAG_RUN_ID='scheduled__2024-05-30T23:15:00+00:00'
[2024-06-05T01:42:31.344+0000] {taskinstance.py:430} INFO - ::endgroup::
[2024-06-05T01:42:31.345+0000] {python.py:237} INFO - Done. Returned value was: None
[2024-06-05T01:42:31.348+0000] {taskinstance.py:441} INFO - ::group::Post task execution logs
[2024-06-05T01:42:31.372+0000] {taskinstance.py:1206} INFO - Marking task as SUCCESS. dag_id=dados_climaticos_estruturados, task_id=criar_pasta, run_id=scheduled__2024-05-30T23:15:00+00:00, execution_date=20240530T231500, start_date=20240605T014230, end_date=20240605T014231
[2024-06-05T01:42:31.451+0000] {local_task_job_runner.py:240} INFO - Task exited with return code 0
[2024-06-05T01:42:31.494+0000] {taskinstance.py:3498} INFO - 1 downstream tasks scheduled from follow-on schedule check
[2024-06-05T01:42:31.499+0000] {local_task_job_runner.py:222} INFO - ::endgroup::
