[2024-06-05T00:59:32.183+0000] {local_task_job_runner.py:120} INFO - ::group::Pre task execution logs
[2024-06-05T00:59:32.231+0000] {taskinstance.py:2076} INFO - Dependencies all met for dep_context=non-requeueable deps ti=<TaskInstance: dados_climaticos_estruturados.criar_pasta scheduled__2024-05-30T07:00:00+00:00 [queued]>
[2024-06-05T00:59:32.249+0000] {taskinstance.py:2076} INFO - Dependencies all met for dep_context=requeueable deps ti=<TaskInstance: dados_climaticos_estruturados.criar_pasta scheduled__2024-05-30T07:00:00+00:00 [queued]>
[2024-06-05T00:59:32.250+0000] {taskinstance.py:2306} INFO - Starting attempt 1 of 1
[2024-06-05T00:59:32.295+0000] {taskinstance.py:2330} INFO - Executing <Task(PythonOperator): criar_pasta> on 2024-05-30 07:00:00+00:00
[2024-06-05T00:59:32.316+0000] {warnings.py:110} WARNING - /home/***/.local/lib/python3.12/site-packages/***/task/task_runner/standard_task_runner.py:61: DeprecationWarning: This process (pid=2541) is multi-threaded, use of fork() may lead to deadlocks in the child.
  pid = os.fork()

[2024-06-05T00:59:32.323+0000] {standard_task_runner.py:63} INFO - Started process 2567 to run task
[2024-06-05T00:59:32.329+0000] {standard_task_runner.py:90} INFO - Running: ['***', 'tasks', 'run', 'dados_climaticos_estruturados', 'criar_pasta', 'scheduled__2024-05-30T07:00:00+00:00', '--job-id', '1191', '--raw', '--subdir', 'DAGS_FOLDER/weather/custom_dags/dados_climaticos_estruturados.py', '--cfg-path', '/tmp/tmp9zrk4tcd']
[2024-06-05T00:59:32.332+0000] {standard_task_runner.py:91} INFO - Job 1191: Subtask criar_pasta
[2024-06-05T00:59:32.473+0000] {task_command.py:426} INFO - Running <TaskInstance: dados_climaticos_estruturados.criar_pasta scheduled__2024-05-30T07:00:00+00:00 [running]> on host 6665b0710315
[2024-06-05T00:59:32.641+0000] {taskinstance.py:2648} INFO - Exporting env vars: AIRFLOW_CTX_DAG_OWNER='***' AIRFLOW_CTX_DAG_ID='dados_climaticos_estruturados' AIRFLOW_CTX_TASK_ID='criar_pasta' AIRFLOW_CTX_EXECUTION_DATE='2024-05-30T07:00:00+00:00' AIRFLOW_CTX_TRY_NUMBER='1' AIRFLOW_CTX_DAG_RUN_ID='scheduled__2024-05-30T07:00:00+00:00'
[2024-06-05T00:59:32.644+0000] {taskinstance.py:430} INFO - ::endgroup::
[2024-06-05T00:59:32.646+0000] {python.py:237} INFO - Done. Returned value was: None
[2024-06-05T00:59:32.647+0000] {taskinstance.py:441} INFO - ::group::Post task execution logs
[2024-06-05T00:59:32.668+0000] {taskinstance.py:1206} INFO - Marking task as SUCCESS. dag_id=dados_climaticos_estruturados, task_id=criar_pasta, run_id=scheduled__2024-05-30T07:00:00+00:00, execution_date=20240530T070000, start_date=20240605T005932, end_date=20240605T005932
[2024-06-05T00:59:32.725+0000] {local_task_job_runner.py:240} INFO - Task exited with return code 0
[2024-06-05T00:59:32.743+0000] {local_task_job_runner.py:222} INFO - ::endgroup::
[2024-06-05T01:39:27.263+0000] {local_task_job_runner.py:120} INFO - ::group::Pre task execution logs
[2024-06-05T01:39:27.339+0000] {taskinstance.py:2076} INFO - Dependencies all met for dep_context=non-requeueable deps ti=<TaskInstance: dados_climaticos_estruturados.criar_pasta scheduled__2024-05-30T07:00:00+00:00 [queued]>
[2024-06-05T01:39:27.355+0000] {taskinstance.py:2076} INFO - Dependencies all met for dep_context=requeueable deps ti=<TaskInstance: dados_climaticos_estruturados.criar_pasta scheduled__2024-05-30T07:00:00+00:00 [queued]>
[2024-06-05T01:39:27.357+0000] {taskinstance.py:2306} INFO - Starting attempt 1 of 1
[2024-06-05T01:39:27.665+0000] {taskinstance.py:2330} INFO - Executing <Task(PythonOperator): criar_pasta> on 2024-05-30 07:00:00+00:00
[2024-06-05T01:39:27.692+0000] {warnings.py:110} WARNING - /home/***/.local/lib/python3.12/site-packages/***/task/task_runner/standard_task_runner.py:61: DeprecationWarning: This process (pid=2527) is multi-threaded, use of fork() may lead to deadlocks in the child.
  pid = os.fork()

[2024-06-05T01:39:27.694+0000] {standard_task_runner.py:90} INFO - Running: ['***', 'tasks', 'run', 'dados_climaticos_estruturados', 'criar_pasta', 'scheduled__2024-05-30T07:00:00+00:00', '--job-id', '803', '--raw', '--subdir', 'DAGS_FOLDER/weather/custom_dags/dados_climaticos_estruturados.py', '--cfg-path', '/tmp/tmppsm16qo6']
[2024-06-05T01:39:27.696+0000] {standard_task_runner.py:91} INFO - Job 803: Subtask criar_pasta
[2024-06-05T01:39:27.696+0000] {standard_task_runner.py:63} INFO - Started process 2563 to run task
[2024-06-05T01:39:27.798+0000] {task_command.py:426} INFO - Running <TaskInstance: dados_climaticos_estruturados.criar_pasta scheduled__2024-05-30T07:00:00+00:00 [running]> on host 80232deae70a
[2024-06-05T01:39:28.045+0000] {taskinstance.py:2648} INFO - Exporting env vars: AIRFLOW_CTX_DAG_OWNER='***' AIRFLOW_CTX_DAG_ID='dados_climaticos_estruturados' AIRFLOW_CTX_TASK_ID='criar_pasta' AIRFLOW_CTX_EXECUTION_DATE='2024-05-30T07:00:00+00:00' AIRFLOW_CTX_TRY_NUMBER='1' AIRFLOW_CTX_DAG_RUN_ID='scheduled__2024-05-30T07:00:00+00:00'
[2024-06-05T01:39:28.050+0000] {taskinstance.py:430} INFO - ::endgroup::
[2024-06-05T01:39:28.055+0000] {python.py:237} INFO - Done. Returned value was: None
[2024-06-05T01:39:28.058+0000] {taskinstance.py:441} INFO - ::group::Post task execution logs
[2024-06-05T01:39:28.077+0000] {taskinstance.py:1206} INFO - Marking task as SUCCESS. dag_id=dados_climaticos_estruturados, task_id=criar_pasta, run_id=scheduled__2024-05-30T07:00:00+00:00, execution_date=20240530T070000, start_date=20240605T013927, end_date=20240605T013928
[2024-06-05T01:39:28.138+0000] {local_task_job_runner.py:240} INFO - Task exited with return code 0
[2024-06-05T01:39:28.168+0000] {local_task_job_runner.py:222} INFO - ::endgroup::
