[2024-06-05T00:58:40.256+0000] {local_task_job_runner.py:120} INFO - ::group::Pre task execution logs
[2024-06-05T00:58:40.346+0000] {taskinstance.py:2076} INFO - Dependencies all met for dep_context=non-requeueable deps ti=<TaskInstance: dados_climaticos_estruturados.criar_pasta scheduled__2024-05-30T02:40:00+00:00 [queued]>
[2024-06-05T00:58:40.365+0000] {taskinstance.py:2076} INFO - Dependencies all met for dep_context=requeueable deps ti=<TaskInstance: dados_climaticos_estruturados.criar_pasta scheduled__2024-05-30T02:40:00+00:00 [queued]>
[2024-06-05T00:58:40.366+0000] {taskinstance.py:2306} INFO - Starting attempt 1 of 1
[2024-06-05T00:58:40.408+0000] {taskinstance.py:2330} INFO - Executing <Task(PythonOperator): criar_pasta> on 2024-05-30 02:40:00+00:00
[2024-06-05T00:58:40.434+0000] {warnings.py:110} WARNING - /home/***/.local/lib/python3.12/site-packages/***/task/task_runner/standard_task_runner.py:61: DeprecationWarning: This process (pid=2213) is multi-threaded, use of fork() may lead to deadlocks in the child.
  pid = os.fork()

[2024-06-05T00:58:40.438+0000] {standard_task_runner.py:63} INFO - Started process 2248 to run task
[2024-06-05T00:58:40.440+0000] {standard_task_runner.py:90} INFO - Running: ['***', 'tasks', 'run', 'dados_climaticos_estruturados', 'criar_pasta', 'scheduled__2024-05-30T02:40:00+00:00', '--job-id', '1084', '--raw', '--subdir', 'DAGS_FOLDER/weather/custom_dags/dados_climaticos_estruturados.py', '--cfg-path', '/tmp/tmpwv1ebgk3']
[2024-06-05T00:58:40.447+0000] {standard_task_runner.py:91} INFO - Job 1084: Subtask criar_pasta
[2024-06-05T00:58:40.608+0000] {task_command.py:426} INFO - Running <TaskInstance: dados_climaticos_estruturados.criar_pasta scheduled__2024-05-30T02:40:00+00:00 [running]> on host 6665b0710315
[2024-06-05T00:58:40.920+0000] {taskinstance.py:2648} INFO - Exporting env vars: AIRFLOW_CTX_DAG_OWNER='***' AIRFLOW_CTX_DAG_ID='dados_climaticos_estruturados' AIRFLOW_CTX_TASK_ID='criar_pasta' AIRFLOW_CTX_EXECUTION_DATE='2024-05-30T02:40:00+00:00' AIRFLOW_CTX_TRY_NUMBER='1' AIRFLOW_CTX_DAG_RUN_ID='scheduled__2024-05-30T02:40:00+00:00'
[2024-06-05T00:58:40.925+0000] {taskinstance.py:430} INFO - ::endgroup::
[2024-06-05T00:58:40.929+0000] {python.py:237} INFO - Done. Returned value was: None
[2024-06-05T00:58:40.932+0000] {taskinstance.py:441} INFO - ::group::Post task execution logs
[2024-06-05T00:58:40.966+0000] {taskinstance.py:1206} INFO - Marking task as SUCCESS. dag_id=dados_climaticos_estruturados, task_id=criar_pasta, run_id=scheduled__2024-05-30T02:40:00+00:00, execution_date=20240530T024000, start_date=20240605T005840, end_date=20240605T005840
[2024-06-05T00:58:41.042+0000] {local_task_job_runner.py:240} INFO - Task exited with return code 0
[2024-06-05T00:58:41.093+0000] {taskinstance.py:3498} INFO - 1 downstream tasks scheduled from follow-on schedule check
[2024-06-05T00:58:41.096+0000] {local_task_job_runner.py:222} INFO - ::endgroup::
[2024-06-05T01:38:37.836+0000] {local_task_job_runner.py:120} INFO - ::group::Pre task execution logs
[2024-06-05T01:38:37.924+0000] {taskinstance.py:2076} INFO - Dependencies all met for dep_context=non-requeueable deps ti=<TaskInstance: dados_climaticos_estruturados.criar_pasta scheduled__2024-05-30T02:40:00+00:00 [queued]>
[2024-06-05T01:38:37.959+0000] {taskinstance.py:2076} INFO - Dependencies all met for dep_context=requeueable deps ti=<TaskInstance: dados_climaticos_estruturados.criar_pasta scheduled__2024-05-30T02:40:00+00:00 [queued]>
[2024-06-05T01:38:37.960+0000] {taskinstance.py:2306} INFO - Starting attempt 1 of 1
[2024-06-05T01:38:38.239+0000] {taskinstance.py:2330} INFO - Executing <Task(PythonOperator): criar_pasta> on 2024-05-30 02:40:00+00:00
[2024-06-05T01:38:38.266+0000] {warnings.py:110} WARNING - /home/***/.local/lib/python3.12/site-packages/***/task/task_runner/standard_task_runner.py:61: DeprecationWarning: This process (pid=2208) is multi-threaded, use of fork() may lead to deadlocks in the child.
  pid = os.fork()

[2024-06-05T01:38:38.271+0000] {standard_task_runner.py:63} INFO - Started process 2240 to run task
[2024-06-05T01:38:38.266+0000] {standard_task_runner.py:90} INFO - Running: ['***', 'tasks', 'run', 'dados_climaticos_estruturados', 'criar_pasta', 'scheduled__2024-05-30T02:40:00+00:00', '--job-id', '698', '--raw', '--subdir', 'DAGS_FOLDER/weather/custom_dags/dados_climaticos_estruturados.py', '--cfg-path', '/tmp/tmpeb1k0v5l']
[2024-06-05T01:38:38.295+0000] {standard_task_runner.py:91} INFO - Job 698: Subtask criar_pasta
[2024-06-05T01:38:38.490+0000] {task_command.py:426} INFO - Running <TaskInstance: dados_climaticos_estruturados.criar_pasta scheduled__2024-05-30T02:40:00+00:00 [running]> on host 80232deae70a
[2024-06-05T01:38:38.865+0000] {taskinstance.py:2648} INFO - Exporting env vars: AIRFLOW_CTX_DAG_OWNER='***' AIRFLOW_CTX_DAG_ID='dados_climaticos_estruturados' AIRFLOW_CTX_TASK_ID='criar_pasta' AIRFLOW_CTX_EXECUTION_DATE='2024-05-30T02:40:00+00:00' AIRFLOW_CTX_TRY_NUMBER='1' AIRFLOW_CTX_DAG_RUN_ID='scheduled__2024-05-30T02:40:00+00:00'
[2024-06-05T01:38:38.873+0000] {taskinstance.py:430} INFO - ::endgroup::
[2024-06-05T01:38:38.882+0000] {python.py:237} INFO - Done. Returned value was: None
[2024-06-05T01:38:38.883+0000] {taskinstance.py:441} INFO - ::group::Post task execution logs
[2024-06-05T01:38:38.912+0000] {taskinstance.py:1206} INFO - Marking task as SUCCESS. dag_id=dados_climaticos_estruturados, task_id=criar_pasta, run_id=scheduled__2024-05-30T02:40:00+00:00, execution_date=20240530T024000, start_date=20240605T013837, end_date=20240605T013838
[2024-06-05T01:38:39.009+0000] {local_task_job_runner.py:240} INFO - Task exited with return code 0
[2024-06-05T01:38:39.049+0000] {local_task_job_runner.py:222} INFO - ::endgroup::
