[2024-06-05T00:59:49.661+0000] {local_task_job_runner.py:120} INFO - ::group::Pre task execution logs
[2024-06-05T00:59:49.699+0000] {taskinstance.py:2076} INFO - Dependencies all met for dep_context=non-requeueable deps ti=<TaskInstance: dados_climaticos_estruturados.criar_pasta scheduled__2024-05-30T07:45:00+00:00 [queued]>
[2024-06-05T00:59:49.711+0000] {taskinstance.py:2076} INFO - Dependencies all met for dep_context=requeueable deps ti=<TaskInstance: dados_climaticos_estruturados.criar_pasta scheduled__2024-05-30T07:45:00+00:00 [queued]>
[2024-06-05T00:59:49.712+0000] {taskinstance.py:2306} INFO - Starting attempt 1 of 1
[2024-06-05T00:59:49.738+0000] {taskinstance.py:2330} INFO - Executing <Task(PythonOperator): criar_pasta> on 2024-05-30 07:45:00+00:00
[2024-06-05T00:59:49.750+0000] {warnings.py:110} WARNING - /home/***/.local/lib/python3.12/site-packages/***/task/task_runner/standard_task_runner.py:61: DeprecationWarning: This process (pid=2620) is multi-threaded, use of fork() may lead to deadlocks in the child.
  pid = os.fork()

[2024-06-05T00:59:49.753+0000] {standard_task_runner.py:63} INFO - Started process 2638 to run task
[2024-06-05T00:59:49.754+0000] {standard_task_runner.py:90} INFO - Running: ['***', 'tasks', 'run', 'dados_climaticos_estruturados', 'criar_pasta', 'scheduled__2024-05-30T07:45:00+00:00', '--job-id', '1215', '--raw', '--subdir', 'DAGS_FOLDER/weather/custom_dags/dados_climaticos_estruturados.py', '--cfg-path', '/tmp/tmpoajhoyzo']
[2024-06-05T00:59:49.756+0000] {standard_task_runner.py:91} INFO - Job 1215: Subtask criar_pasta
[2024-06-05T00:59:49.844+0000] {task_command.py:426} INFO - Running <TaskInstance: dados_climaticos_estruturados.criar_pasta scheduled__2024-05-30T07:45:00+00:00 [running]> on host 6665b0710315
[2024-06-05T00:59:49.994+0000] {taskinstance.py:2648} INFO - Exporting env vars: AIRFLOW_CTX_DAG_OWNER='***' AIRFLOW_CTX_DAG_ID='dados_climaticos_estruturados' AIRFLOW_CTX_TASK_ID='criar_pasta' AIRFLOW_CTX_EXECUTION_DATE='2024-05-30T07:45:00+00:00' AIRFLOW_CTX_TRY_NUMBER='1' AIRFLOW_CTX_DAG_RUN_ID='scheduled__2024-05-30T07:45:00+00:00'
[2024-06-05T00:59:49.998+0000] {taskinstance.py:430} INFO - ::endgroup::
[2024-06-05T00:59:50.001+0000] {python.py:237} INFO - Done. Returned value was: None
[2024-06-05T00:59:50.002+0000] {taskinstance.py:441} INFO - ::group::Post task execution logs
[2024-06-05T00:59:50.017+0000] {taskinstance.py:1206} INFO - Marking task as SUCCESS. dag_id=dados_climaticos_estruturados, task_id=criar_pasta, run_id=scheduled__2024-05-30T07:45:00+00:00, execution_date=20240530T074500, start_date=20240605T005949, end_date=20240605T005950
[2024-06-05T00:59:50.066+0000] {local_task_job_runner.py:240} INFO - Task exited with return code 0
[2024-06-05T00:59:50.096+0000] {taskinstance.py:3498} INFO - 1 downstream tasks scheduled from follow-on schedule check
[2024-06-05T00:59:50.099+0000] {local_task_job_runner.py:222} INFO - ::endgroup::
[2024-06-05T01:39:37.620+0000] {local_task_job_runner.py:120} INFO - ::group::Pre task execution logs
[2024-06-05T01:39:37.661+0000] {taskinstance.py:2076} INFO - Dependencies all met for dep_context=non-requeueable deps ti=<TaskInstance: dados_climaticos_estruturados.criar_pasta scheduled__2024-05-30T07:45:00+00:00 [queued]>
[2024-06-05T01:39:37.676+0000] {taskinstance.py:2076} INFO - Dependencies all met for dep_context=requeueable deps ti=<TaskInstance: dados_climaticos_estruturados.criar_pasta scheduled__2024-05-30T07:45:00+00:00 [queued]>
[2024-06-05T01:39:37.677+0000] {taskinstance.py:2306} INFO - Starting attempt 1 of 1
[2024-06-05T01:39:37.701+0000] {taskinstance.py:2330} INFO - Executing <Task(PythonOperator): criar_pasta> on 2024-05-30 07:45:00+00:00
[2024-06-05T01:39:37.713+0000] {warnings.py:110} WARNING - /home/***/.local/lib/python3.12/site-packages/***/task/task_runner/standard_task_runner.py:61: DeprecationWarning: This process (pid=2597) is multi-threaded, use of fork() may lead to deadlocks in the child.
  pid = os.fork()

[2024-06-05T01:39:37.715+0000] {standard_task_runner.py:63} INFO - Started process 2619 to run task
[2024-06-05T01:39:37.716+0000] {standard_task_runner.py:90} INFO - Running: ['***', 'tasks', 'run', 'dados_climaticos_estruturados', 'criar_pasta', 'scheduled__2024-05-30T07:45:00+00:00', '--job-id', '824', '--raw', '--subdir', 'DAGS_FOLDER/weather/custom_dags/dados_climaticos_estruturados.py', '--cfg-path', '/tmp/tmphb2410az']
[2024-06-05T01:39:37.719+0000] {standard_task_runner.py:91} INFO - Job 824: Subtask criar_pasta
[2024-06-05T01:39:37.829+0000] {task_command.py:426} INFO - Running <TaskInstance: dados_climaticos_estruturados.criar_pasta scheduled__2024-05-30T07:45:00+00:00 [running]> on host 80232deae70a
[2024-06-05T01:39:38.079+0000] {taskinstance.py:2648} INFO - Exporting env vars: AIRFLOW_CTX_DAG_OWNER='***' AIRFLOW_CTX_DAG_ID='dados_climaticos_estruturados' AIRFLOW_CTX_TASK_ID='criar_pasta' AIRFLOW_CTX_EXECUTION_DATE='2024-05-30T07:45:00+00:00' AIRFLOW_CTX_TRY_NUMBER='1' AIRFLOW_CTX_DAG_RUN_ID='scheduled__2024-05-30T07:45:00+00:00'
[2024-06-05T01:39:38.083+0000] {taskinstance.py:430} INFO - ::endgroup::
[2024-06-05T01:39:38.094+0000] {python.py:237} INFO - Done. Returned value was: None
[2024-06-05T01:39:38.105+0000] {taskinstance.py:441} INFO - ::group::Post task execution logs
[2024-06-05T01:39:38.134+0000] {taskinstance.py:1206} INFO - Marking task as SUCCESS. dag_id=dados_climaticos_estruturados, task_id=criar_pasta, run_id=scheduled__2024-05-30T07:45:00+00:00, execution_date=20240530T074500, start_date=20240605T013937, end_date=20240605T013938
[2024-06-05T01:39:38.227+0000] {local_task_job_runner.py:240} INFO - Task exited with return code 0
[2024-06-05T01:39:38.305+0000] {taskinstance.py:3498} INFO - 1 downstream tasks scheduled from follow-on schedule check
[2024-06-05T01:39:38.311+0000] {local_task_job_runner.py:222} INFO - ::endgroup::
