[2024-06-05T01:04:47.796+0000] {local_task_job_runner.py:120} INFO - ::group::Pre task execution logs
[2024-06-05T01:04:47.839+0000] {taskinstance.py:2076} INFO - Dependencies all met for dep_context=non-requeueable deps ti=<TaskInstance: dados_climaticos_estruturados.criar_pasta scheduled__2024-05-31T07:25:00+00:00 [queued]>
[2024-06-05T01:04:47.854+0000] {taskinstance.py:2076} INFO - Dependencies all met for dep_context=requeueable deps ti=<TaskInstance: dados_climaticos_estruturados.criar_pasta scheduled__2024-05-31T07:25:00+00:00 [queued]>
[2024-06-05T01:04:47.857+0000] {taskinstance.py:2306} INFO - Starting attempt 1 of 1
[2024-06-05T01:04:47.891+0000] {taskinstance.py:2330} INFO - Executing <Task(PythonOperator): criar_pasta> on 2024-05-31 07:25:00+00:00
[2024-06-05T01:04:47.900+0000] {warnings.py:110} WARNING - /home/***/.local/lib/python3.12/site-packages/***/task/task_runner/standard_task_runner.py:61: DeprecationWarning: This process (pid=4388) is multi-threaded, use of fork() may lead to deadlocks in the child.
  pid = os.fork()

[2024-06-05T01:04:47.903+0000] {standard_task_runner.py:63} INFO - Started process 4406 to run task
[2024-06-05T01:04:47.903+0000] {standard_task_runner.py:90} INFO - Running: ['***', 'tasks', 'run', 'dados_climaticos_estruturados', 'criar_pasta', 'scheduled__2024-05-31T07:25:00+00:00', '--job-id', '1783', '--raw', '--subdir', 'DAGS_FOLDER/weather/custom_dags/dados_climaticos_estruturados.py', '--cfg-path', '/tmp/tmpsy0ye7z9']
[2024-06-05T01:04:47.905+0000] {standard_task_runner.py:91} INFO - Job 1783: Subtask criar_pasta
[2024-06-05T01:04:47.996+0000] {task_command.py:426} INFO - Running <TaskInstance: dados_climaticos_estruturados.criar_pasta scheduled__2024-05-31T07:25:00+00:00 [running]> on host 6665b0710315
[2024-06-05T01:04:48.215+0000] {taskinstance.py:2648} INFO - Exporting env vars: AIRFLOW_CTX_DAG_OWNER='***' AIRFLOW_CTX_DAG_ID='dados_climaticos_estruturados' AIRFLOW_CTX_TASK_ID='criar_pasta' AIRFLOW_CTX_EXECUTION_DATE='2024-05-31T07:25:00+00:00' AIRFLOW_CTX_TRY_NUMBER='1' AIRFLOW_CTX_DAG_RUN_ID='scheduled__2024-05-31T07:25:00+00:00'
[2024-06-05T01:04:48.219+0000] {taskinstance.py:430} INFO - ::endgroup::
[2024-06-05T01:04:48.222+0000] {python.py:237} INFO - Done. Returned value was: None
[2024-06-05T01:04:48.225+0000] {taskinstance.py:441} INFO - ::group::Post task execution logs
[2024-06-05T01:04:48.256+0000] {taskinstance.py:1206} INFO - Marking task as SUCCESS. dag_id=dados_climaticos_estruturados, task_id=criar_pasta, run_id=scheduled__2024-05-31T07:25:00+00:00, execution_date=20240531T072500, start_date=20240605T010447, end_date=20240605T010448
[2024-06-05T01:04:48.299+0000] {local_task_job_runner.py:240} INFO - Task exited with return code 0
[2024-06-05T01:04:48.334+0000] {taskinstance.py:3498} INFO - 1 downstream tasks scheduled from follow-on schedule check
[2024-06-05T01:04:48.337+0000] {local_task_job_runner.py:222} INFO - ::endgroup::
[2024-06-05T01:44:20.993+0000] {local_task_job_runner.py:120} INFO - ::group::Pre task execution logs
[2024-06-05T01:44:21.037+0000] {taskinstance.py:2076} INFO - Dependencies all met for dep_context=non-requeueable deps ti=<TaskInstance: dados_climaticos_estruturados.criar_pasta scheduled__2024-05-31T07:25:00+00:00 [queued]>
[2024-06-05T01:44:21.052+0000] {taskinstance.py:2076} INFO - Dependencies all met for dep_context=requeueable deps ti=<TaskInstance: dados_climaticos_estruturados.criar_pasta scheduled__2024-05-31T07:25:00+00:00 [queued]>
[2024-06-05T01:44:21.053+0000] {taskinstance.py:2306} INFO - Starting attempt 1 of 1
[2024-06-05T01:44:21.197+0000] {taskinstance.py:2330} INFO - Executing <Task(PythonOperator): criar_pasta> on 2024-05-31 07:25:00+00:00
[2024-06-05T01:44:21.220+0000] {warnings.py:110} WARNING - /home/***/.local/lib/python3.12/site-packages/***/task/task_runner/standard_task_runner.py:61: DeprecationWarning: This process (pid=4377) is multi-threaded, use of fork() may lead to deadlocks in the child.
  pid = os.fork()

[2024-06-05T01:44:21.222+0000] {standard_task_runner.py:63} INFO - Started process 4395 to run task
[2024-06-05T01:44:21.228+0000] {standard_task_runner.py:90} INFO - Running: ['***', 'tasks', 'run', 'dados_climaticos_estruturados', 'criar_pasta', 'scheduled__2024-05-31T07:25:00+00:00', '--job-id', '1395', '--raw', '--subdir', 'DAGS_FOLDER/weather/custom_dags/dados_climaticos_estruturados.py', '--cfg-path', '/tmp/tmpsyaqlqic']
[2024-06-05T01:44:21.237+0000] {standard_task_runner.py:91} INFO - Job 1395: Subtask criar_pasta
[2024-06-05T01:44:21.354+0000] {task_command.py:426} INFO - Running <TaskInstance: dados_climaticos_estruturados.criar_pasta scheduled__2024-05-31T07:25:00+00:00 [running]> on host 80232deae70a
[2024-06-05T01:44:21.597+0000] {taskinstance.py:2648} INFO - Exporting env vars: AIRFLOW_CTX_DAG_OWNER='***' AIRFLOW_CTX_DAG_ID='dados_climaticos_estruturados' AIRFLOW_CTX_TASK_ID='criar_pasta' AIRFLOW_CTX_EXECUTION_DATE='2024-05-31T07:25:00+00:00' AIRFLOW_CTX_TRY_NUMBER='1' AIRFLOW_CTX_DAG_RUN_ID='scheduled__2024-05-31T07:25:00+00:00'
[2024-06-05T01:44:21.602+0000] {taskinstance.py:430} INFO - ::endgroup::
[2024-06-05T01:44:21.604+0000] {python.py:237} INFO - Done. Returned value was: None
[2024-06-05T01:44:21.608+0000] {taskinstance.py:441} INFO - ::group::Post task execution logs
[2024-06-05T01:44:21.630+0000] {taskinstance.py:1206} INFO - Marking task as SUCCESS. dag_id=dados_climaticos_estruturados, task_id=criar_pasta, run_id=scheduled__2024-05-31T07:25:00+00:00, execution_date=20240531T072500, start_date=20240605T014421, end_date=20240605T014421
[2024-06-05T01:44:21.713+0000] {local_task_job_runner.py:240} INFO - Task exited with return code 0
[2024-06-05T01:44:21.789+0000] {taskinstance.py:3498} INFO - 1 downstream tasks scheduled from follow-on schedule check
[2024-06-05T01:44:21.798+0000] {local_task_job_runner.py:222} INFO - ::endgroup::
