[2024-06-05T00:57:01.468+0000] {local_task_job_runner.py:120} INFO - ::group::Pre task execution logs
[2024-06-05T00:57:01.506+0000] {taskinstance.py:2076} INFO - Dependencies all met for dep_context=non-requeueable deps ti=<TaskInstance: dados_climaticos_estruturados.criar_pasta scheduled__2024-05-29T18:30:00+00:00 [queued]>
[2024-06-05T00:57:01.520+0000] {taskinstance.py:2076} INFO - Dependencies all met for dep_context=requeueable deps ti=<TaskInstance: dados_climaticos_estruturados.criar_pasta scheduled__2024-05-29T18:30:00+00:00 [queued]>
[2024-06-05T00:57:01.521+0000] {taskinstance.py:2306} INFO - Starting attempt 1 of 1
[2024-06-05T00:57:01.548+0000] {taskinstance.py:2330} INFO - Executing <Task(PythonOperator): criar_pasta> on 2024-05-29 18:30:00+00:00
[2024-06-05T00:57:01.568+0000] {warnings.py:110} WARNING - /home/***/.local/lib/python3.12/site-packages/***/task/task_runner/standard_task_runner.py:61: DeprecationWarning: This process (pid=1611) is multi-threaded, use of fork() may lead to deadlocks in the child.
  pid = os.fork()

[2024-06-05T00:57:01.572+0000] {standard_task_runner.py:63} INFO - Started process 1635 to run task
[2024-06-05T00:57:01.572+0000] {standard_task_runner.py:90} INFO - Running: ['***', 'tasks', 'run', 'dados_climaticos_estruturados', 'criar_pasta', 'scheduled__2024-05-29T18:30:00+00:00', '--job-id', '890', '--raw', '--subdir', 'DAGS_FOLDER/weather/custom_dags/dados_climaticos_estruturados.py', '--cfg-path', '/tmp/tmp3f8w8xcz']
[2024-06-05T00:57:01.575+0000] {standard_task_runner.py:91} INFO - Job 890: Subtask criar_pasta
[2024-06-05T00:57:01.759+0000] {task_command.py:426} INFO - Running <TaskInstance: dados_climaticos_estruturados.criar_pasta scheduled__2024-05-29T18:30:00+00:00 [running]> on host 6665b0710315
[2024-06-05T00:57:01.979+0000] {taskinstance.py:2648} INFO - Exporting env vars: AIRFLOW_CTX_DAG_OWNER='***' AIRFLOW_CTX_DAG_ID='dados_climaticos_estruturados' AIRFLOW_CTX_TASK_ID='criar_pasta' AIRFLOW_CTX_EXECUTION_DATE='2024-05-29T18:30:00+00:00' AIRFLOW_CTX_TRY_NUMBER='1' AIRFLOW_CTX_DAG_RUN_ID='scheduled__2024-05-29T18:30:00+00:00'
[2024-06-05T00:57:01.984+0000] {taskinstance.py:430} INFO - ::endgroup::
[2024-06-05T00:57:01.986+0000] {python.py:237} INFO - Done. Returned value was: None
[2024-06-05T00:57:01.993+0000] {taskinstance.py:441} INFO - ::group::Post task execution logs
[2024-06-05T00:57:02.019+0000] {taskinstance.py:1206} INFO - Marking task as SUCCESS. dag_id=dados_climaticos_estruturados, task_id=criar_pasta, run_id=scheduled__2024-05-29T18:30:00+00:00, execution_date=20240529T183000, start_date=20240605T005701, end_date=20240605T005702
[2024-06-05T00:57:02.091+0000] {local_task_job_runner.py:240} INFO - Task exited with return code 0
[2024-06-05T00:57:02.137+0000] {taskinstance.py:3498} INFO - 0 downstream tasks scheduled from follow-on schedule check
[2024-06-05T00:57:02.144+0000] {local_task_job_runner.py:222} INFO - ::endgroup::
[2024-06-05T01:37:04.641+0000] {local_task_job_runner.py:120} INFO - ::group::Pre task execution logs
[2024-06-05T01:37:04.711+0000] {taskinstance.py:2076} INFO - Dependencies all met for dep_context=non-requeueable deps ti=<TaskInstance: dados_climaticos_estruturados.criar_pasta scheduled__2024-05-29T18:30:00+00:00 [queued]>
[2024-06-05T01:37:04.730+0000] {taskinstance.py:2076} INFO - Dependencies all met for dep_context=requeueable deps ti=<TaskInstance: dados_climaticos_estruturados.criar_pasta scheduled__2024-05-29T18:30:00+00:00 [queued]>
[2024-06-05T01:37:04.731+0000] {taskinstance.py:2306} INFO - Starting attempt 1 of 1
[2024-06-05T01:37:04.768+0000] {taskinstance.py:2330} INFO - Executing <Task(PythonOperator): criar_pasta> on 2024-05-29 18:30:00+00:00
[2024-06-05T01:37:04.838+0000] {warnings.py:110} WARNING - /home/***/.local/lib/python3.12/site-packages/***/task/task_runner/standard_task_runner.py:61: DeprecationWarning: This process (pid=1600) is multi-threaded, use of fork() may lead to deadlocks in the child.
  pid = os.fork()

[2024-06-05T01:37:04.849+0000] {standard_task_runner.py:63} INFO - Started process 1628 to run task
[2024-06-05T01:37:04.845+0000] {standard_task_runner.py:90} INFO - Running: ['***', 'tasks', 'run', 'dados_climaticos_estruturados', 'criar_pasta', 'scheduled__2024-05-29T18:30:00+00:00', '--job-id', '500', '--raw', '--subdir', 'DAGS_FOLDER/weather/custom_dags/dados_climaticos_estruturados.py', '--cfg-path', '/tmp/tmppzt68xdv']
[2024-06-05T01:37:04.858+0000] {standard_task_runner.py:91} INFO - Job 500: Subtask criar_pasta
[2024-06-05T01:37:05.044+0000] {task_command.py:426} INFO - Running <TaskInstance: dados_climaticos_estruturados.criar_pasta scheduled__2024-05-29T18:30:00+00:00 [running]> on host 80232deae70a
[2024-06-05T01:37:05.330+0000] {taskinstance.py:2648} INFO - Exporting env vars: AIRFLOW_CTX_DAG_OWNER='***' AIRFLOW_CTX_DAG_ID='dados_climaticos_estruturados' AIRFLOW_CTX_TASK_ID='criar_pasta' AIRFLOW_CTX_EXECUTION_DATE='2024-05-29T18:30:00+00:00' AIRFLOW_CTX_TRY_NUMBER='1' AIRFLOW_CTX_DAG_RUN_ID='scheduled__2024-05-29T18:30:00+00:00'
[2024-06-05T01:37:05.335+0000] {taskinstance.py:430} INFO - ::endgroup::
[2024-06-05T01:37:05.338+0000] {python.py:237} INFO - Done. Returned value was: None
[2024-06-05T01:37:05.339+0000] {taskinstance.py:441} INFO - ::group::Post task execution logs
[2024-06-05T01:37:05.354+0000] {taskinstance.py:1206} INFO - Marking task as SUCCESS. dag_id=dados_climaticos_estruturados, task_id=criar_pasta, run_id=scheduled__2024-05-29T18:30:00+00:00, execution_date=20240529T183000, start_date=20240605T013704, end_date=20240605T013705
[2024-06-05T01:37:05.423+0000] {local_task_job_runner.py:240} INFO - Task exited with return code 0
[2024-06-05T01:37:05.505+0000] {taskinstance.py:3498} INFO - 1 downstream tasks scheduled from follow-on schedule check
[2024-06-05T01:37:05.517+0000] {local_task_job_runner.py:222} INFO - ::endgroup::
