[2024-06-05T00:57:43.099+0000] {local_task_job_runner.py:120} INFO - ::group::Pre task execution logs
[2024-06-05T00:57:43.167+0000] {taskinstance.py:2076} INFO - Dependencies all met for dep_context=non-requeueable deps ti=<TaskInstance: dados_climaticos_estruturados.criar_pasta scheduled__2024-05-29T21:45:00+00:00 [queued]>
[2024-06-05T00:57:43.197+0000] {taskinstance.py:2076} INFO - Dependencies all met for dep_context=requeueable deps ti=<TaskInstance: dados_climaticos_estruturados.criar_pasta scheduled__2024-05-29T21:45:00+00:00 [queued]>
[2024-06-05T00:57:43.201+0000] {taskinstance.py:2306} INFO - Starting attempt 1 of 1
[2024-06-05T00:57:43.247+0000] {taskinstance.py:2330} INFO - Executing <Task(PythonOperator): criar_pasta> on 2024-05-29 21:45:00+00:00
[2024-06-05T00:57:43.266+0000] {warnings.py:110} WARNING - /home/***/.local/lib/python3.12/site-packages/***/task/task_runner/standard_task_runner.py:61: DeprecationWarning: This process (pid=1880) is multi-threaded, use of fork() may lead to deadlocks in the child.
  pid = os.fork()

[2024-06-05T00:57:43.269+0000] {standard_task_runner.py:63} INFO - Started process 1895 to run task
[2024-06-05T00:57:43.270+0000] {standard_task_runner.py:90} INFO - Running: ['***', 'tasks', 'run', 'dados_climaticos_estruturados', 'criar_pasta', 'scheduled__2024-05-29T21:45:00+00:00', '--job-id', '975', '--raw', '--subdir', 'DAGS_FOLDER/weather/custom_dags/dados_climaticos_estruturados.py', '--cfg-path', '/tmp/tmpvfjj0k_z']
[2024-06-05T00:57:43.273+0000] {standard_task_runner.py:91} INFO - Job 975: Subtask criar_pasta
[2024-06-05T00:57:43.410+0000] {task_command.py:426} INFO - Running <TaskInstance: dados_climaticos_estruturados.criar_pasta scheduled__2024-05-29T21:45:00+00:00 [running]> on host 6665b0710315
[2024-06-05T00:57:43.651+0000] {taskinstance.py:2648} INFO - Exporting env vars: AIRFLOW_CTX_DAG_OWNER='***' AIRFLOW_CTX_DAG_ID='dados_climaticos_estruturados' AIRFLOW_CTX_TASK_ID='criar_pasta' AIRFLOW_CTX_EXECUTION_DATE='2024-05-29T21:45:00+00:00' AIRFLOW_CTX_TRY_NUMBER='1' AIRFLOW_CTX_DAG_RUN_ID='scheduled__2024-05-29T21:45:00+00:00'
[2024-06-05T00:57:43.665+0000] {taskinstance.py:430} INFO - ::endgroup::
[2024-06-05T00:57:43.668+0000] {python.py:237} INFO - Done. Returned value was: None
[2024-06-05T00:57:43.669+0000] {taskinstance.py:441} INFO - ::group::Post task execution logs
[2024-06-05T00:57:43.692+0000] {taskinstance.py:1206} INFO - Marking task as SUCCESS. dag_id=dados_climaticos_estruturados, task_id=criar_pasta, run_id=scheduled__2024-05-29T21:45:00+00:00, execution_date=20240529T214500, start_date=20240605T005743, end_date=20240605T005743
[2024-06-05T00:57:43.753+0000] {local_task_job_runner.py:240} INFO - Task exited with return code 0
[2024-06-05T00:57:43.809+0000] {taskinstance.py:3498} INFO - 1 downstream tasks scheduled from follow-on schedule check
[2024-06-05T00:57:43.816+0000] {local_task_job_runner.py:222} INFO - ::endgroup::
[2024-06-05T01:37:46.506+0000] {local_task_job_runner.py:120} INFO - ::group::Pre task execution logs
[2024-06-05T01:37:46.531+0000] {taskinstance.py:2076} INFO - Dependencies all met for dep_context=non-requeueable deps ti=<TaskInstance: dados_climaticos_estruturados.criar_pasta scheduled__2024-05-29T21:45:00+00:00 [queued]>
[2024-06-05T01:37:46.542+0000] {taskinstance.py:2076} INFO - Dependencies all met for dep_context=requeueable deps ti=<TaskInstance: dados_climaticos_estruturados.criar_pasta scheduled__2024-05-29T21:45:00+00:00 [queued]>
[2024-06-05T01:37:46.543+0000] {taskinstance.py:2306} INFO - Starting attempt 1 of 1
[2024-06-05T01:37:46.606+0000] {taskinstance.py:2330} INFO - Executing <Task(PythonOperator): criar_pasta> on 2024-05-29 21:45:00+00:00
[2024-06-05T01:37:46.613+0000] {warnings.py:110} WARNING - /home/***/.local/lib/python3.12/site-packages/***/task/task_runner/standard_task_runner.py:61: DeprecationWarning: This process (pid=1877) is multi-threaded, use of fork() may lead to deadlocks in the child.
  pid = os.fork()

[2024-06-05T01:37:46.615+0000] {standard_task_runner.py:63} INFO - Started process 1885 to run task
[2024-06-05T01:37:46.617+0000] {standard_task_runner.py:90} INFO - Running: ['***', 'tasks', 'run', 'dados_climaticos_estruturados', 'criar_pasta', 'scheduled__2024-05-29T21:45:00+00:00', '--job-id', '588', '--raw', '--subdir', 'DAGS_FOLDER/weather/custom_dags/dados_climaticos_estruturados.py', '--cfg-path', '/tmp/tmps179ccjh']
[2024-06-05T01:37:46.619+0000] {standard_task_runner.py:91} INFO - Job 588: Subtask criar_pasta
[2024-06-05T01:37:46.702+0000] {task_command.py:426} INFO - Running <TaskInstance: dados_climaticos_estruturados.criar_pasta scheduled__2024-05-29T21:45:00+00:00 [running]> on host 80232deae70a
[2024-06-05T01:37:46.863+0000] {taskinstance.py:2648} INFO - Exporting env vars: AIRFLOW_CTX_DAG_OWNER='***' AIRFLOW_CTX_DAG_ID='dados_climaticos_estruturados' AIRFLOW_CTX_TASK_ID='criar_pasta' AIRFLOW_CTX_EXECUTION_DATE='2024-05-29T21:45:00+00:00' AIRFLOW_CTX_TRY_NUMBER='1' AIRFLOW_CTX_DAG_RUN_ID='scheduled__2024-05-29T21:45:00+00:00'
[2024-06-05T01:37:46.865+0000] {taskinstance.py:430} INFO - ::endgroup::
[2024-06-05T01:37:46.867+0000] {python.py:237} INFO - Done. Returned value was: None
[2024-06-05T01:37:46.867+0000] {taskinstance.py:441} INFO - ::group::Post task execution logs
[2024-06-05T01:37:46.880+0000] {taskinstance.py:1206} INFO - Marking task as SUCCESS. dag_id=dados_climaticos_estruturados, task_id=criar_pasta, run_id=scheduled__2024-05-29T21:45:00+00:00, execution_date=20240529T214500, start_date=20240605T013746, end_date=20240605T013746
[2024-06-05T01:37:46.919+0000] {local_task_job_runner.py:240} INFO - Task exited with return code 0
[2024-06-05T01:37:46.943+0000] {taskinstance.py:3498} INFO - 1 downstream tasks scheduled from follow-on schedule check
[2024-06-05T01:37:46.959+0000] {local_task_job_runner.py:222} INFO - ::endgroup::
