[2024-06-05T01:01:54.705+0000] {local_task_job_runner.py:120} INFO - ::group::Pre task execution logs
[2024-06-05T01:01:54.744+0000] {taskinstance.py:2076} INFO - Dependencies all met for dep_context=non-requeueable deps ti=<TaskInstance: dados_climaticos_estruturados.criar_pasta scheduled__2024-05-30T17:55:00+00:00 [queued]>
[2024-06-05T01:01:54.758+0000] {taskinstance.py:2076} INFO - Dependencies all met for dep_context=requeueable deps ti=<TaskInstance: dados_climaticos_estruturados.criar_pasta scheduled__2024-05-30T17:55:00+00:00 [queued]>
[2024-06-05T01:01:54.760+0000] {taskinstance.py:2306} INFO - Starting attempt 1 of 1
[2024-06-05T01:01:54.780+0000] {taskinstance.py:2330} INFO - Executing <Task(PythonOperator): criar_pasta> on 2024-05-30 17:55:00+00:00
[2024-06-05T01:01:54.802+0000] {standard_task_runner.py:90} INFO - Running: ['***', 'tasks', 'run', 'dados_climaticos_estruturados', 'criar_pasta', 'scheduled__2024-05-30T17:55:00+00:00', '--job-id', '1459', '--raw', '--subdir', 'DAGS_FOLDER/weather/custom_dags/dados_climaticos_estruturados.py', '--cfg-path', '/tmp/tmp_6f_p4a4']
[2024-06-05T01:01:54.805+0000] {standard_task_runner.py:91} INFO - Job 1459: Subtask criar_pasta
[2024-06-05T01:01:54.800+0000] {warnings.py:110} WARNING - /home/***/.local/lib/python3.12/site-packages/***/task/task_runner/standard_task_runner.py:61: DeprecationWarning: This process (pid=3383) is multi-threaded, use of fork() may lead to deadlocks in the child.
  pid = os.fork()

[2024-06-05T01:01:54.813+0000] {standard_task_runner.py:63} INFO - Started process 3402 to run task
[2024-06-05T01:01:54.912+0000] {task_command.py:426} INFO - Running <TaskInstance: dados_climaticos_estruturados.criar_pasta scheduled__2024-05-30T17:55:00+00:00 [running]> on host 6665b0710315
[2024-06-05T01:01:55.221+0000] {taskinstance.py:2648} INFO - Exporting env vars: AIRFLOW_CTX_DAG_OWNER='***' AIRFLOW_CTX_DAG_ID='dados_climaticos_estruturados' AIRFLOW_CTX_TASK_ID='criar_pasta' AIRFLOW_CTX_EXECUTION_DATE='2024-05-30T17:55:00+00:00' AIRFLOW_CTX_TRY_NUMBER='1' AIRFLOW_CTX_DAG_RUN_ID='scheduled__2024-05-30T17:55:00+00:00'
[2024-06-05T01:01:55.228+0000] {taskinstance.py:430} INFO - ::endgroup::
[2024-06-05T01:01:55.234+0000] {python.py:237} INFO - Done. Returned value was: None
[2024-06-05T01:01:55.235+0000] {taskinstance.py:441} INFO - ::group::Post task execution logs
[2024-06-05T01:01:55.260+0000] {taskinstance.py:1206} INFO - Marking task as SUCCESS. dag_id=dados_climaticos_estruturados, task_id=criar_pasta, run_id=scheduled__2024-05-30T17:55:00+00:00, execution_date=20240530T175500, start_date=20240605T010154, end_date=20240605T010155
[2024-06-05T01:01:55.336+0000] {local_task_job_runner.py:240} INFO - Task exited with return code 0
[2024-06-05T01:01:55.367+0000] {local_task_job_runner.py:222} INFO - ::endgroup::
[2024-06-05T01:41:33.392+0000] {local_task_job_runner.py:120} INFO - ::group::Pre task execution logs
[2024-06-05T01:41:33.440+0000] {taskinstance.py:2076} INFO - Dependencies all met for dep_context=non-requeueable deps ti=<TaskInstance: dados_climaticos_estruturados.criar_pasta scheduled__2024-05-30T17:55:00+00:00 [queued]>
[2024-06-05T01:41:33.456+0000] {taskinstance.py:2076} INFO - Dependencies all met for dep_context=requeueable deps ti=<TaskInstance: dados_climaticos_estruturados.criar_pasta scheduled__2024-05-30T17:55:00+00:00 [queued]>
[2024-06-05T01:41:33.462+0000] {taskinstance.py:2306} INFO - Starting attempt 1 of 1
[2024-06-05T01:41:33.528+0000] {taskinstance.py:2330} INFO - Executing <Task(PythonOperator): criar_pasta> on 2024-05-30 17:55:00+00:00
[2024-06-05T01:41:33.551+0000] {warnings.py:110} WARNING - /home/***/.local/lib/python3.12/site-packages/***/task/task_runner/standard_task_runner.py:61: DeprecationWarning: This process (pid=3353) is multi-threaded, use of fork() may lead to deadlocks in the child.
  pid = os.fork()

[2024-06-05T01:41:33.557+0000] {standard_task_runner.py:63} INFO - Started process 3375 to run task
[2024-06-05T01:41:33.558+0000] {standard_task_runner.py:90} INFO - Running: ['***', 'tasks', 'run', 'dados_climaticos_estruturados', 'criar_pasta', 'scheduled__2024-05-30T17:55:00+00:00', '--job-id', '1068', '--raw', '--subdir', 'DAGS_FOLDER/weather/custom_dags/dados_climaticos_estruturados.py', '--cfg-path', '/tmp/tmpxf0hduzt']
[2024-06-05T01:41:33.566+0000] {standard_task_runner.py:91} INFO - Job 1068: Subtask criar_pasta
[2024-06-05T01:41:33.706+0000] {task_command.py:426} INFO - Running <TaskInstance: dados_climaticos_estruturados.criar_pasta scheduled__2024-05-30T17:55:00+00:00 [running]> on host 80232deae70a
[2024-06-05T01:41:33.998+0000] {taskinstance.py:2648} INFO - Exporting env vars: AIRFLOW_CTX_DAG_OWNER='***' AIRFLOW_CTX_DAG_ID='dados_climaticos_estruturados' AIRFLOW_CTX_TASK_ID='criar_pasta' AIRFLOW_CTX_EXECUTION_DATE='2024-05-30T17:55:00+00:00' AIRFLOW_CTX_TRY_NUMBER='1' AIRFLOW_CTX_DAG_RUN_ID='scheduled__2024-05-30T17:55:00+00:00'
[2024-06-05T01:41:34.010+0000] {taskinstance.py:430} INFO - ::endgroup::
[2024-06-05T01:41:34.012+0000] {python.py:237} INFO - Done. Returned value was: None
[2024-06-05T01:41:34.013+0000] {taskinstance.py:441} INFO - ::group::Post task execution logs
[2024-06-05T01:41:34.029+0000] {taskinstance.py:1206} INFO - Marking task as SUCCESS. dag_id=dados_climaticos_estruturados, task_id=criar_pasta, run_id=scheduled__2024-05-30T17:55:00+00:00, execution_date=20240530T175500, start_date=20240605T014133, end_date=20240605T014134
[2024-06-05T01:41:34.080+0000] {local_task_job_runner.py:240} INFO - Task exited with return code 0
[2024-06-05T01:41:34.110+0000] {local_task_job_runner.py:222} INFO - ::endgroup::
