[2024-06-05T01:03:39.443+0000] {local_task_job_runner.py:120} INFO - ::group::Pre task execution logs
[2024-06-05T01:03:39.492+0000] {taskinstance.py:2076} INFO - Dependencies all met for dep_context=non-requeueable deps ti=<TaskInstance: dados_climaticos_estruturados.criar_pasta scheduled__2024-05-31T02:25:00+00:00 [queued]>
[2024-06-05T01:03:39.509+0000] {taskinstance.py:2076} INFO - Dependencies all met for dep_context=requeueable deps ti=<TaskInstance: dados_climaticos_estruturados.criar_pasta scheduled__2024-05-31T02:25:00+00:00 [queued]>
[2024-06-05T01:03:39.512+0000] {taskinstance.py:2306} INFO - Starting attempt 1 of 1
[2024-06-05T01:03:39.548+0000] {taskinstance.py:2330} INFO - Executing <Task(PythonOperator): criar_pasta> on 2024-05-31 02:25:00+00:00
[2024-06-05T01:03:39.562+0000] {warnings.py:110} WARNING - /home/***/.local/lib/python3.12/site-packages/***/task/task_runner/standard_task_runner.py:61: DeprecationWarning: This process (pid=3996) is multi-threaded, use of fork() may lead to deadlocks in the child.
  pid = os.fork()

[2024-06-05T01:03:39.565+0000] {standard_task_runner.py:63} INFO - Started process 4019 to run task
[2024-06-05T01:03:39.567+0000] {standard_task_runner.py:90} INFO - Running: ['***', 'tasks', 'run', 'dados_climaticos_estruturados', 'criar_pasta', 'scheduled__2024-05-31T02:25:00+00:00', '--job-id', '1659', '--raw', '--subdir', 'DAGS_FOLDER/weather/custom_dags/dados_climaticos_estruturados.py', '--cfg-path', '/tmp/tmp9byizn8p']
[2024-06-05T01:03:39.569+0000] {standard_task_runner.py:91} INFO - Job 1659: Subtask criar_pasta
[2024-06-05T01:03:39.654+0000] {task_command.py:426} INFO - Running <TaskInstance: dados_climaticos_estruturados.criar_pasta scheduled__2024-05-31T02:25:00+00:00 [running]> on host 6665b0710315
[2024-06-05T01:03:39.868+0000] {taskinstance.py:2648} INFO - Exporting env vars: AIRFLOW_CTX_DAG_OWNER='***' AIRFLOW_CTX_DAG_ID='dados_climaticos_estruturados' AIRFLOW_CTX_TASK_ID='criar_pasta' AIRFLOW_CTX_EXECUTION_DATE='2024-05-31T02:25:00+00:00' AIRFLOW_CTX_TRY_NUMBER='1' AIRFLOW_CTX_DAG_RUN_ID='scheduled__2024-05-31T02:25:00+00:00'
[2024-06-05T01:03:39.870+0000] {taskinstance.py:430} INFO - ::endgroup::
[2024-06-05T01:03:39.873+0000] {python.py:237} INFO - Done. Returned value was: None
[2024-06-05T01:03:39.873+0000] {taskinstance.py:441} INFO - ::group::Post task execution logs
[2024-06-05T01:03:39.899+0000] {taskinstance.py:1206} INFO - Marking task as SUCCESS. dag_id=dados_climaticos_estruturados, task_id=criar_pasta, run_id=scheduled__2024-05-31T02:25:00+00:00, execution_date=20240531T022500, start_date=20240605T010339, end_date=20240605T010339
[2024-06-05T01:03:40.010+0000] {local_task_job_runner.py:240} INFO - Task exited with return code 0
[2024-06-05T01:03:40.029+0000] {local_task_job_runner.py:222} INFO - ::endgroup::
[2024-06-05T01:43:05.561+0000] {local_task_job_runner.py:120} INFO - ::group::Pre task execution logs
[2024-06-05T01:43:05.632+0000] {taskinstance.py:2076} INFO - Dependencies all met for dep_context=non-requeueable deps ti=<TaskInstance: dados_climaticos_estruturados.criar_pasta scheduled__2024-05-31T02:25:00+00:00 [queued]>
[2024-06-05T01:43:05.663+0000] {taskinstance.py:2076} INFO - Dependencies all met for dep_context=requeueable deps ti=<TaskInstance: dados_climaticos_estruturados.criar_pasta scheduled__2024-05-31T02:25:00+00:00 [queued]>
[2024-06-05T01:43:05.666+0000] {taskinstance.py:2306} INFO - Starting attempt 1 of 1
[2024-06-05T01:43:05.721+0000] {taskinstance.py:2330} INFO - Executing <Task(PythonOperator): criar_pasta> on 2024-05-31 02:25:00+00:00
[2024-06-05T01:43:05.749+0000] {warnings.py:110} WARNING - /home/***/.local/lib/python3.12/site-packages/***/task/task_runner/standard_task_runner.py:61: DeprecationWarning: This process (pid=3973) is multi-threaded, use of fork() may lead to deadlocks in the child.
  pid = os.fork()

[2024-06-05T01:43:05.757+0000] {standard_task_runner.py:63} INFO - Started process 4003 to run task
[2024-06-05T01:43:05.753+0000] {standard_task_runner.py:90} INFO - Running: ['***', 'tasks', 'run', 'dados_climaticos_estruturados', 'criar_pasta', 'scheduled__2024-05-31T02:25:00+00:00', '--job-id', '1267', '--raw', '--subdir', 'DAGS_FOLDER/weather/custom_dags/dados_climaticos_estruturados.py', '--cfg-path', '/tmp/tmpo_w5ft94']
[2024-06-05T01:43:05.761+0000] {standard_task_runner.py:91} INFO - Job 1267: Subtask criar_pasta
[2024-06-05T01:43:05.902+0000] {task_command.py:426} INFO - Running <TaskInstance: dados_climaticos_estruturados.criar_pasta scheduled__2024-05-31T02:25:00+00:00 [running]> on host 80232deae70a
[2024-06-05T01:43:06.092+0000] {taskinstance.py:2648} INFO - Exporting env vars: AIRFLOW_CTX_DAG_OWNER='***' AIRFLOW_CTX_DAG_ID='dados_climaticos_estruturados' AIRFLOW_CTX_TASK_ID='criar_pasta' AIRFLOW_CTX_EXECUTION_DATE='2024-05-31T02:25:00+00:00' AIRFLOW_CTX_TRY_NUMBER='1' AIRFLOW_CTX_DAG_RUN_ID='scheduled__2024-05-31T02:25:00+00:00'
[2024-06-05T01:43:06.096+0000] {taskinstance.py:430} INFO - ::endgroup::
[2024-06-05T01:43:06.102+0000] {python.py:237} INFO - Done. Returned value was: None
[2024-06-05T01:43:06.102+0000] {taskinstance.py:441} INFO - ::group::Post task execution logs
[2024-06-05T01:43:06.123+0000] {taskinstance.py:1206} INFO - Marking task as SUCCESS. dag_id=dados_climaticos_estruturados, task_id=criar_pasta, run_id=scheduled__2024-05-31T02:25:00+00:00, execution_date=20240531T022500, start_date=20240605T014305, end_date=20240605T014306
[2024-06-05T01:43:06.191+0000] {local_task_job_runner.py:240} INFO - Task exited with return code 0
[2024-06-05T01:43:06.223+0000] {local_task_job_runner.py:222} INFO - ::endgroup::
