[2024-06-05T01:03:06.312+0000] {local_task_job_runner.py:120} INFO - ::group::Pre task execution logs
[2024-06-05T01:03:06.428+0000] {taskinstance.py:2076} INFO - Dependencies all met for dep_context=non-requeueable deps ti=<TaskInstance: dados_climaticos_estruturados.criar_pasta scheduled__2024-05-31T00:05:00+00:00 [queued]>
[2024-06-05T01:03:06.462+0000] {taskinstance.py:2076} INFO - Dependencies all met for dep_context=requeueable deps ti=<TaskInstance: dados_climaticos_estruturados.criar_pasta scheduled__2024-05-31T00:05:00+00:00 [queued]>
[2024-06-05T01:03:06.467+0000] {taskinstance.py:2306} INFO - Starting attempt 1 of 1
[2024-06-05T01:03:06.517+0000] {taskinstance.py:2330} INFO - Executing <Task(PythonOperator): criar_pasta> on 2024-05-31 00:05:00+00:00
[2024-06-05T01:03:06.542+0000] {warnings.py:110} WARNING - /home/***/.local/lib/python3.12/site-packages/***/task/task_runner/standard_task_runner.py:61: DeprecationWarning: This process (pid=3808) is multi-threaded, use of fork() may lead to deadlocks in the child.
  pid = os.fork()

[2024-06-05T01:03:06.549+0000] {standard_task_runner.py:63} INFO - Started process 3840 to run task
[2024-06-05T01:03:06.546+0000] {standard_task_runner.py:90} INFO - Running: ['***', 'tasks', 'run', 'dados_climaticos_estruturados', 'criar_pasta', 'scheduled__2024-05-31T00:05:00+00:00', '--job-id', '1599', '--raw', '--subdir', 'DAGS_FOLDER/weather/custom_dags/dados_climaticos_estruturados.py', '--cfg-path', '/tmp/tmp5pnsxvx2']
[2024-06-05T01:03:06.552+0000] {standard_task_runner.py:91} INFO - Job 1599: Subtask criar_pasta
[2024-06-05T01:03:06.737+0000] {task_command.py:426} INFO - Running <TaskInstance: dados_climaticos_estruturados.criar_pasta scheduled__2024-05-31T00:05:00+00:00 [running]> on host 6665b0710315
[2024-06-05T01:03:07.133+0000] {taskinstance.py:2648} INFO - Exporting env vars: AIRFLOW_CTX_DAG_OWNER='***' AIRFLOW_CTX_DAG_ID='dados_climaticos_estruturados' AIRFLOW_CTX_TASK_ID='criar_pasta' AIRFLOW_CTX_EXECUTION_DATE='2024-05-31T00:05:00+00:00' AIRFLOW_CTX_TRY_NUMBER='1' AIRFLOW_CTX_DAG_RUN_ID='scheduled__2024-05-31T00:05:00+00:00'
[2024-06-05T01:03:07.150+0000] {taskinstance.py:430} INFO - ::endgroup::
[2024-06-05T01:03:07.160+0000] {python.py:237} INFO - Done. Returned value was: None
[2024-06-05T01:03:07.164+0000] {taskinstance.py:441} INFO - ::group::Post task execution logs
[2024-06-05T01:03:07.197+0000] {taskinstance.py:1206} INFO - Marking task as SUCCESS. dag_id=dados_climaticos_estruturados, task_id=criar_pasta, run_id=scheduled__2024-05-31T00:05:00+00:00, execution_date=20240531T000500, start_date=20240605T010306, end_date=20240605T010307
[2024-06-05T01:03:07.444+0000] {local_task_job_runner.py:240} INFO - Task exited with return code 0
[2024-06-05T01:03:07.497+0000] {taskinstance.py:3498} INFO - 1 downstream tasks scheduled from follow-on schedule check
[2024-06-05T01:03:07.523+0000] {local_task_job_runner.py:222} INFO - ::endgroup::
[2024-06-05T01:42:35.812+0000] {local_task_job_runner.py:120} INFO - ::group::Pre task execution logs
[2024-06-05T01:42:35.862+0000] {taskinstance.py:2076} INFO - Dependencies all met for dep_context=non-requeueable deps ti=<TaskInstance: dados_climaticos_estruturados.criar_pasta scheduled__2024-05-31T00:05:00+00:00 [queued]>
[2024-06-05T01:42:35.878+0000] {taskinstance.py:2076} INFO - Dependencies all met for dep_context=requeueable deps ti=<TaskInstance: dados_climaticos_estruturados.criar_pasta scheduled__2024-05-31T00:05:00+00:00 [queued]>
[2024-06-05T01:42:35.879+0000] {taskinstance.py:2306} INFO - Starting attempt 1 of 1
[2024-06-05T01:42:35.910+0000] {taskinstance.py:2330} INFO - Executing <Task(PythonOperator): criar_pasta> on 2024-05-31 00:05:00+00:00
[2024-06-05T01:42:35.921+0000] {warnings.py:110} WARNING - /home/***/.local/lib/python3.12/site-packages/***/task/task_runner/standard_task_runner.py:61: DeprecationWarning: This process (pid=3802) is multi-threaded, use of fork() may lead to deadlocks in the child.
  pid = os.fork()

[2024-06-05T01:42:35.926+0000] {standard_task_runner.py:63} INFO - Started process 3823 to run task
[2024-06-05T01:42:35.924+0000] {standard_task_runner.py:90} INFO - Running: ['***', 'tasks', 'run', 'dados_climaticos_estruturados', 'criar_pasta', 'scheduled__2024-05-31T00:05:00+00:00', '--job-id', '1214', '--raw', '--subdir', 'DAGS_FOLDER/weather/custom_dags/dados_climaticos_estruturados.py', '--cfg-path', '/tmp/tmpo5_tkzup']
[2024-06-05T01:42:35.928+0000] {standard_task_runner.py:91} INFO - Job 1214: Subtask criar_pasta
[2024-06-05T01:42:36.008+0000] {task_command.py:426} INFO - Running <TaskInstance: dados_climaticos_estruturados.criar_pasta scheduled__2024-05-31T00:05:00+00:00 [running]> on host 80232deae70a
[2024-06-05T01:42:36.162+0000] {taskinstance.py:2648} INFO - Exporting env vars: AIRFLOW_CTX_DAG_OWNER='***' AIRFLOW_CTX_DAG_ID='dados_climaticos_estruturados' AIRFLOW_CTX_TASK_ID='criar_pasta' AIRFLOW_CTX_EXECUTION_DATE='2024-05-31T00:05:00+00:00' AIRFLOW_CTX_TRY_NUMBER='1' AIRFLOW_CTX_DAG_RUN_ID='scheduled__2024-05-31T00:05:00+00:00'
[2024-06-05T01:42:36.165+0000] {taskinstance.py:430} INFO - ::endgroup::
[2024-06-05T01:42:36.166+0000] {python.py:237} INFO - Done. Returned value was: None
[2024-06-05T01:42:36.167+0000] {taskinstance.py:441} INFO - ::group::Post task execution logs
[2024-06-05T01:42:36.184+0000] {taskinstance.py:1206} INFO - Marking task as SUCCESS. dag_id=dados_climaticos_estruturados, task_id=criar_pasta, run_id=scheduled__2024-05-31T00:05:00+00:00, execution_date=20240531T000500, start_date=20240605T014235, end_date=20240605T014236
[2024-06-05T01:42:36.241+0000] {local_task_job_runner.py:240} INFO - Task exited with return code 0
[2024-06-05T01:42:36.283+0000] {taskinstance.py:3498} INFO - 1 downstream tasks scheduled from follow-on schedule check
[2024-06-05T01:42:36.287+0000] {local_task_job_runner.py:222} INFO - ::endgroup::
