[2024-06-05T01:01:46.710+0000] {local_task_job_runner.py:120} INFO - ::group::Pre task execution logs
[2024-06-05T01:01:46.745+0000] {taskinstance.py:2076} INFO - Dependencies all met for dep_context=non-requeueable deps ti=<TaskInstance: dados_climaticos_estruturados.criar_pasta scheduled__2024-05-30T17:35:00+00:00 [queued]>
[2024-06-05T01:01:46.757+0000] {taskinstance.py:2076} INFO - Dependencies all met for dep_context=requeueable deps ti=<TaskInstance: dados_climaticos_estruturados.criar_pasta scheduled__2024-05-30T17:35:00+00:00 [queued]>
[2024-06-05T01:01:46.758+0000] {taskinstance.py:2306} INFO - Starting attempt 1 of 1
[2024-06-05T01:01:46.780+0000] {taskinstance.py:2330} INFO - Executing <Task(PythonOperator): criar_pasta> on 2024-05-30 17:35:00+00:00
[2024-06-05T01:01:46.793+0000] {warnings.py:110} WARNING - /home/***/.local/lib/python3.12/site-packages/***/task/task_runner/standard_task_runner.py:61: DeprecationWarning: This process (pid=3327) is multi-threaded, use of fork() may lead to deadlocks in the child.
  pid = os.fork()

[2024-06-05T01:01:46.796+0000] {standard_task_runner.py:90} INFO - Running: ['***', 'tasks', 'run', 'dados_climaticos_estruturados', 'criar_pasta', 'scheduled__2024-05-30T17:35:00+00:00', '--job-id', '1446', '--raw', '--subdir', 'DAGS_FOLDER/weather/custom_dags/dados_climaticos_estruturados.py', '--cfg-path', '/tmp/tmp_f59owox']
[2024-06-05T01:01:46.798+0000] {standard_task_runner.py:63} INFO - Started process 3352 to run task
[2024-06-05T01:01:46.799+0000] {standard_task_runner.py:91} INFO - Job 1446: Subtask criar_pasta
[2024-06-05T01:01:46.887+0000] {task_command.py:426} INFO - Running <TaskInstance: dados_climaticos_estruturados.criar_pasta scheduled__2024-05-30T17:35:00+00:00 [running]> on host 6665b0710315
[2024-06-05T01:01:47.047+0000] {taskinstance.py:2648} INFO - Exporting env vars: AIRFLOW_CTX_DAG_OWNER='***' AIRFLOW_CTX_DAG_ID='dados_climaticos_estruturados' AIRFLOW_CTX_TASK_ID='criar_pasta' AIRFLOW_CTX_EXECUTION_DATE='2024-05-30T17:35:00+00:00' AIRFLOW_CTX_TRY_NUMBER='1' AIRFLOW_CTX_DAG_RUN_ID='scheduled__2024-05-30T17:35:00+00:00'
[2024-06-05T01:01:47.052+0000] {taskinstance.py:430} INFO - ::endgroup::
[2024-06-05T01:01:47.054+0000] {python.py:237} INFO - Done. Returned value was: None
[2024-06-05T01:01:47.055+0000] {taskinstance.py:441} INFO - ::group::Post task execution logs
[2024-06-05T01:01:47.072+0000] {taskinstance.py:1206} INFO - Marking task as SUCCESS. dag_id=dados_climaticos_estruturados, task_id=criar_pasta, run_id=scheduled__2024-05-30T17:35:00+00:00, execution_date=20240530T173500, start_date=20240605T010146, end_date=20240605T010147
[2024-06-05T01:01:47.106+0000] {local_task_job_runner.py:240} INFO - Task exited with return code 0
[2024-06-05T01:01:47.133+0000] {local_task_job_runner.py:222} INFO - ::endgroup::
[2024-06-05T01:41:32.063+0000] {local_task_job_runner.py:120} INFO - ::group::Pre task execution logs
[2024-06-05T01:41:32.105+0000] {taskinstance.py:2076} INFO - Dependencies all met for dep_context=non-requeueable deps ti=<TaskInstance: dados_climaticos_estruturados.criar_pasta scheduled__2024-05-30T17:35:00+00:00 [queued]>
[2024-06-05T01:41:32.119+0000] {taskinstance.py:2076} INFO - Dependencies all met for dep_context=requeueable deps ti=<TaskInstance: dados_climaticos_estruturados.criar_pasta scheduled__2024-05-30T17:35:00+00:00 [queued]>
[2024-06-05T01:41:32.121+0000] {taskinstance.py:2306} INFO - Starting attempt 1 of 1
[2024-06-05T01:41:32.230+0000] {taskinstance.py:2330} INFO - Executing <Task(PythonOperator): criar_pasta> on 2024-05-30 17:35:00+00:00
[2024-06-05T01:41:32.245+0000] {warnings.py:110} WARNING - /home/***/.local/lib/python3.12/site-packages/***/task/task_runner/standard_task_runner.py:61: DeprecationWarning: This process (pid=3345) is multi-threaded, use of fork() may lead to deadlocks in the child.
  pid = os.fork()

[2024-06-05T01:41:32.251+0000] {standard_task_runner.py:63} INFO - Started process 3362 to run task
[2024-06-05T01:41:32.248+0000] {standard_task_runner.py:90} INFO - Running: ['***', 'tasks', 'run', 'dados_climaticos_estruturados', 'criar_pasta', 'scheduled__2024-05-30T17:35:00+00:00', '--job-id', '1064', '--raw', '--subdir', 'DAGS_FOLDER/weather/custom_dags/dados_climaticos_estruturados.py', '--cfg-path', '/tmp/tmpu763xe_p']
[2024-06-05T01:41:32.255+0000] {standard_task_runner.py:91} INFO - Job 1064: Subtask criar_pasta
[2024-06-05T01:41:32.351+0000] {task_command.py:426} INFO - Running <TaskInstance: dados_climaticos_estruturados.criar_pasta scheduled__2024-05-30T17:35:00+00:00 [running]> on host 80232deae70a
[2024-06-05T01:41:32.510+0000] {taskinstance.py:2648} INFO - Exporting env vars: AIRFLOW_CTX_DAG_OWNER='***' AIRFLOW_CTX_DAG_ID='dados_climaticos_estruturados' AIRFLOW_CTX_TASK_ID='criar_pasta' AIRFLOW_CTX_EXECUTION_DATE='2024-05-30T17:35:00+00:00' AIRFLOW_CTX_TRY_NUMBER='1' AIRFLOW_CTX_DAG_RUN_ID='scheduled__2024-05-30T17:35:00+00:00'
[2024-06-05T01:41:32.513+0000] {taskinstance.py:430} INFO - ::endgroup::
[2024-06-05T01:41:32.515+0000] {python.py:237} INFO - Done. Returned value was: None
[2024-06-05T01:41:32.515+0000] {taskinstance.py:441} INFO - ::group::Post task execution logs
[2024-06-05T01:41:32.530+0000] {taskinstance.py:1206} INFO - Marking task as SUCCESS. dag_id=dados_climaticos_estruturados, task_id=criar_pasta, run_id=scheduled__2024-05-30T17:35:00+00:00, execution_date=20240530T173500, start_date=20240605T014132, end_date=20240605T014132
[2024-06-05T01:41:32.600+0000] {local_task_job_runner.py:240} INFO - Task exited with return code 0
[2024-06-05T01:41:32.639+0000] {taskinstance.py:3498} INFO - 1 downstream tasks scheduled from follow-on schedule check
[2024-06-05T01:41:32.642+0000] {local_task_job_runner.py:222} INFO - ::endgroup::
