[2024-06-05T01:05:45.640+0000] {local_task_job_runner.py:120} INFO - ::group::Pre task execution logs
[2024-06-05T01:05:45.683+0000] {taskinstance.py:2076} INFO - Dependencies all met for dep_context=non-requeueable deps ti=<TaskInstance: dados_climaticos_estruturados.criar_pasta scheduled__2024-05-31T12:10:00+00:00 [queued]>
[2024-06-05T01:05:45.696+0000] {taskinstance.py:2076} INFO - Dependencies all met for dep_context=requeueable deps ti=<TaskInstance: dados_climaticos_estruturados.criar_pasta scheduled__2024-05-31T12:10:00+00:00 [queued]>
[2024-06-05T01:05:45.697+0000] {taskinstance.py:2306} INFO - Starting attempt 1 of 1
[2024-06-05T01:05:45.720+0000] {taskinstance.py:2330} INFO - Executing <Task(PythonOperator): criar_pasta> on 2024-05-31 12:10:00+00:00
[2024-06-05T01:05:45.734+0000] {warnings.py:110} WARNING - /home/***/.local/lib/python3.12/site-packages/***/task/task_runner/standard_task_runner.py:61: DeprecationWarning: This process (pid=4714) is multi-threaded, use of fork() may lead to deadlocks in the child.
  pid = os.fork()

[2024-06-05T01:05:45.737+0000] {standard_task_runner.py:63} INFO - Started process 4738 to run task
[2024-06-05T01:05:45.739+0000] {standard_task_runner.py:90} INFO - Running: ['***', 'tasks', 'run', 'dados_climaticos_estruturados', 'criar_pasta', 'scheduled__2024-05-31T12:10:00+00:00', '--job-id', '1891', '--raw', '--subdir', 'DAGS_FOLDER/weather/custom_dags/dados_climaticos_estruturados.py', '--cfg-path', '/tmp/tmpsd37t2qo']
[2024-06-05T01:05:45.744+0000] {standard_task_runner.py:91} INFO - Job 1891: Subtask criar_pasta
[2024-06-05T01:05:45.901+0000] {task_command.py:426} INFO - Running <TaskInstance: dados_climaticos_estruturados.criar_pasta scheduled__2024-05-31T12:10:00+00:00 [running]> on host 6665b0710315
[2024-06-05T01:05:46.322+0000] {taskinstance.py:2648} INFO - Exporting env vars: AIRFLOW_CTX_DAG_OWNER='***' AIRFLOW_CTX_DAG_ID='dados_climaticos_estruturados' AIRFLOW_CTX_TASK_ID='criar_pasta' AIRFLOW_CTX_EXECUTION_DATE='2024-05-31T12:10:00+00:00' AIRFLOW_CTX_TRY_NUMBER='1' AIRFLOW_CTX_DAG_RUN_ID='scheduled__2024-05-31T12:10:00+00:00'
[2024-06-05T01:05:46.327+0000] {taskinstance.py:430} INFO - ::endgroup::
[2024-06-05T01:05:46.331+0000] {python.py:237} INFO - Done. Returned value was: None
[2024-06-05T01:05:46.332+0000] {taskinstance.py:441} INFO - ::group::Post task execution logs
[2024-06-05T01:05:46.358+0000] {taskinstance.py:1206} INFO - Marking task as SUCCESS. dag_id=dados_climaticos_estruturados, task_id=criar_pasta, run_id=scheduled__2024-05-31T12:10:00+00:00, execution_date=20240531T121000, start_date=20240605T010545, end_date=20240605T010546
[2024-06-05T01:05:46.417+0000] {local_task_job_runner.py:240} INFO - Task exited with return code 0
[2024-06-05T01:05:46.450+0000] {taskinstance.py:3498} INFO - 1 downstream tasks scheduled from follow-on schedule check
[2024-06-05T01:05:46.453+0000] {local_task_job_runner.py:222} INFO - ::endgroup::
[2024-06-05T01:45:09.145+0000] {local_task_job_runner.py:120} INFO - ::group::Pre task execution logs
[2024-06-05T01:45:09.195+0000] {taskinstance.py:2076} INFO - Dependencies all met for dep_context=non-requeueable deps ti=<TaskInstance: dados_climaticos_estruturados.criar_pasta scheduled__2024-05-31T12:10:00+00:00 [queued]>
[2024-06-05T01:45:09.215+0000] {taskinstance.py:2076} INFO - Dependencies all met for dep_context=requeueable deps ti=<TaskInstance: dados_climaticos_estruturados.criar_pasta scheduled__2024-05-31T12:10:00+00:00 [queued]>
[2024-06-05T01:45:09.216+0000] {taskinstance.py:2306} INFO - Starting attempt 1 of 1
[2024-06-05T01:45:09.388+0000] {taskinstance.py:2330} INFO - Executing <Task(PythonOperator): criar_pasta> on 2024-05-31 12:10:00+00:00
[2024-06-05T01:45:09.410+0000] {warnings.py:110} WARNING - /home/***/.local/lib/python3.12/site-packages/***/task/task_runner/standard_task_runner.py:61: DeprecationWarning: This process (pid=4699) is multi-threaded, use of fork() may lead to deadlocks in the child.
  pid = os.fork()

[2024-06-05T01:45:09.417+0000] {standard_task_runner.py:63} INFO - Started process 4729 to run task
[2024-06-05T01:45:09.415+0000] {standard_task_runner.py:90} INFO - Running: ['***', 'tasks', 'run', 'dados_climaticos_estruturados', 'criar_pasta', 'scheduled__2024-05-31T12:10:00+00:00', '--job-id', '1500', '--raw', '--subdir', 'DAGS_FOLDER/weather/custom_dags/dados_climaticos_estruturados.py', '--cfg-path', '/tmp/tmprl7uznnn']
[2024-06-05T01:45:09.421+0000] {standard_task_runner.py:91} INFO - Job 1500: Subtask criar_pasta
[2024-06-05T01:45:09.620+0000] {task_command.py:426} INFO - Running <TaskInstance: dados_climaticos_estruturados.criar_pasta scheduled__2024-05-31T12:10:00+00:00 [running]> on host 80232deae70a
[2024-06-05T01:45:09.945+0000] {taskinstance.py:2648} INFO - Exporting env vars: AIRFLOW_CTX_DAG_OWNER='***' AIRFLOW_CTX_DAG_ID='dados_climaticos_estruturados' AIRFLOW_CTX_TASK_ID='criar_pasta' AIRFLOW_CTX_EXECUTION_DATE='2024-05-31T12:10:00+00:00' AIRFLOW_CTX_TRY_NUMBER='1' AIRFLOW_CTX_DAG_RUN_ID='scheduled__2024-05-31T12:10:00+00:00'
[2024-06-05T01:45:09.949+0000] {taskinstance.py:430} INFO - ::endgroup::
[2024-06-05T01:45:09.952+0000] {python.py:237} INFO - Done. Returned value was: None
[2024-06-05T01:45:09.956+0000] {taskinstance.py:441} INFO - ::group::Post task execution logs
[2024-06-05T01:45:09.980+0000] {taskinstance.py:1206} INFO - Marking task as SUCCESS. dag_id=dados_climaticos_estruturados, task_id=criar_pasta, run_id=scheduled__2024-05-31T12:10:00+00:00, execution_date=20240531T121000, start_date=20240605T014509, end_date=20240605T014509
[2024-06-05T01:45:10.205+0000] {local_task_job_runner.py:240} INFO - Task exited with return code 0
[2024-06-05T01:45:10.251+0000] {taskinstance.py:3498} INFO - 1 downstream tasks scheduled from follow-on schedule check
[2024-06-05T01:45:10.260+0000] {local_task_job_runner.py:222} INFO - ::endgroup::
