[2024-06-05T01:05:54.582+0000] {local_task_job_runner.py:120} INFO - ::group::Pre task execution logs
[2024-06-05T01:05:54.622+0000] {taskinstance.py:2076} INFO - Dependencies all met for dep_context=non-requeueable deps ti=<TaskInstance: dados_climaticos_estruturados.criar_pasta scheduled__2024-05-31T12:30:00+00:00 [queued]>
[2024-06-05T01:05:54.643+0000] {taskinstance.py:2076} INFO - Dependencies all met for dep_context=requeueable deps ti=<TaskInstance: dados_climaticos_estruturados.criar_pasta scheduled__2024-05-31T12:30:00+00:00 [queued]>
[2024-06-05T01:05:54.644+0000] {taskinstance.py:2306} INFO - Starting attempt 1 of 1
[2024-06-05T01:05:54.673+0000] {taskinstance.py:2330} INFO - Executing <Task(PythonOperator): criar_pasta> on 2024-05-31 12:30:00+00:00
[2024-06-05T01:05:54.702+0000] {warnings.py:110} WARNING - /home/***/.local/lib/python3.12/site-packages/***/task/task_runner/standard_task_runner.py:61: DeprecationWarning: This process (pid=4765) is multi-threaded, use of fork() may lead to deadlocks in the child.
  pid = os.fork()

[2024-06-05T01:05:54.709+0000] {standard_task_runner.py:63} INFO - Started process 4786 to run task
[2024-06-05T01:05:54.706+0000] {standard_task_runner.py:90} INFO - Running: ['***', 'tasks', 'run', 'dados_climaticos_estruturados', 'criar_pasta', 'scheduled__2024-05-31T12:30:00+00:00', '--job-id', '1904', '--raw', '--subdir', 'DAGS_FOLDER/weather/custom_dags/dados_climaticos_estruturados.py', '--cfg-path', '/tmp/tmphwstc8_i']
[2024-06-05T01:05:54.713+0000] {standard_task_runner.py:91} INFO - Job 1904: Subtask criar_pasta
[2024-06-05T01:05:54.823+0000] {task_command.py:426} INFO - Running <TaskInstance: dados_climaticos_estruturados.criar_pasta scheduled__2024-05-31T12:30:00+00:00 [running]> on host 6665b0710315
[2024-06-05T01:05:55.015+0000] {taskinstance.py:2648} INFO - Exporting env vars: AIRFLOW_CTX_DAG_OWNER='***' AIRFLOW_CTX_DAG_ID='dados_climaticos_estruturados' AIRFLOW_CTX_TASK_ID='criar_pasta' AIRFLOW_CTX_EXECUTION_DATE='2024-05-31T12:30:00+00:00' AIRFLOW_CTX_TRY_NUMBER='1' AIRFLOW_CTX_DAG_RUN_ID='scheduled__2024-05-31T12:30:00+00:00'
[2024-06-05T01:05:55.020+0000] {taskinstance.py:430} INFO - ::endgroup::
[2024-06-05T01:05:55.022+0000] {python.py:237} INFO - Done. Returned value was: None
[2024-06-05T01:05:55.022+0000] {taskinstance.py:441} INFO - ::group::Post task execution logs
[2024-06-05T01:05:55.038+0000] {taskinstance.py:1206} INFO - Marking task as SUCCESS. dag_id=dados_climaticos_estruturados, task_id=criar_pasta, run_id=scheduled__2024-05-31T12:30:00+00:00, execution_date=20240531T123000, start_date=20240605T010554, end_date=20240605T010555
[2024-06-05T01:05:55.103+0000] {local_task_job_runner.py:240} INFO - Task exited with return code 0
[2024-06-05T01:05:55.154+0000] {taskinstance.py:3498} INFO - 1 downstream tasks scheduled from follow-on schedule check
[2024-06-05T01:05:55.158+0000] {local_task_job_runner.py:222} INFO - ::endgroup::
[2024-06-05T01:45:11.778+0000] {local_task_job_runner.py:120} INFO - ::group::Pre task execution logs
[2024-06-05T01:45:11.825+0000] {taskinstance.py:2076} INFO - Dependencies all met for dep_context=non-requeueable deps ti=<TaskInstance: dados_climaticos_estruturados.criar_pasta scheduled__2024-05-31T12:30:00+00:00 [queued]>
[2024-06-05T01:45:11.839+0000] {taskinstance.py:2076} INFO - Dependencies all met for dep_context=requeueable deps ti=<TaskInstance: dados_climaticos_estruturados.criar_pasta scheduled__2024-05-31T12:30:00+00:00 [queued]>
[2024-06-05T01:45:11.840+0000] {taskinstance.py:2306} INFO - Starting attempt 1 of 1
[2024-06-05T01:45:11.867+0000] {taskinstance.py:2330} INFO - Executing <Task(PythonOperator): criar_pasta> on 2024-05-31 12:30:00+00:00
[2024-06-05T01:45:11.883+0000] {warnings.py:110} WARNING - /home/***/.local/lib/python3.12/site-packages/***/task/task_runner/standard_task_runner.py:61: DeprecationWarning: This process (pid=4727) is multi-threaded, use of fork() may lead to deadlocks in the child.
  pid = os.fork()

[2024-06-05T01:45:11.886+0000] {standard_task_runner.py:63} INFO - Started process 4752 to run task
[2024-06-05T01:45:11.886+0000] {standard_task_runner.py:90} INFO - Running: ['***', 'tasks', 'run', 'dados_climaticos_estruturados', 'criar_pasta', 'scheduled__2024-05-31T12:30:00+00:00', '--job-id', '1513', '--raw', '--subdir', 'DAGS_FOLDER/weather/custom_dags/dados_climaticos_estruturados.py', '--cfg-path', '/tmp/tmp6ekqc9u6']
[2024-06-05T01:45:11.888+0000] {standard_task_runner.py:91} INFO - Job 1513: Subtask criar_pasta
[2024-06-05T01:45:12.002+0000] {task_command.py:426} INFO - Running <TaskInstance: dados_climaticos_estruturados.criar_pasta scheduled__2024-05-31T12:30:00+00:00 [running]> on host 80232deae70a
[2024-06-05T01:45:12.179+0000] {taskinstance.py:2648} INFO - Exporting env vars: AIRFLOW_CTX_DAG_OWNER='***' AIRFLOW_CTX_DAG_ID='dados_climaticos_estruturados' AIRFLOW_CTX_TASK_ID='criar_pasta' AIRFLOW_CTX_EXECUTION_DATE='2024-05-31T12:30:00+00:00' AIRFLOW_CTX_TRY_NUMBER='1' AIRFLOW_CTX_DAG_RUN_ID='scheduled__2024-05-31T12:30:00+00:00'
[2024-06-05T01:45:12.181+0000] {taskinstance.py:430} INFO - ::endgroup::
[2024-06-05T01:45:12.183+0000] {python.py:237} INFO - Done. Returned value was: None
[2024-06-05T01:45:12.183+0000] {taskinstance.py:441} INFO - ::group::Post task execution logs
[2024-06-05T01:45:12.200+0000] {taskinstance.py:1206} INFO - Marking task as SUCCESS. dag_id=dados_climaticos_estruturados, task_id=criar_pasta, run_id=scheduled__2024-05-31T12:30:00+00:00, execution_date=20240531T123000, start_date=20240605T014511, end_date=20240605T014512
[2024-06-05T01:45:12.241+0000] {local_task_job_runner.py:240} INFO - Task exited with return code 0
[2024-06-05T01:45:12.279+0000] {taskinstance.py:3498} INFO - 1 downstream tasks scheduled from follow-on schedule check
[2024-06-05T01:45:12.282+0000] {local_task_job_runner.py:222} INFO - ::endgroup::
