[2024-06-05T01:04:07.269+0000] {local_task_job_runner.py:120} INFO - ::group::Pre task execution logs
[2024-06-05T01:04:07.287+0000] {taskinstance.py:2076} INFO - Dependencies all met for dep_context=non-requeueable deps ti=<TaskInstance: dados_climaticos_estruturados.criar_pasta scheduled__2024-05-31T04:35:00+00:00 [queued]>
[2024-06-05T01:04:07.294+0000] {taskinstance.py:2076} INFO - Dependencies all met for dep_context=requeueable deps ti=<TaskInstance: dados_climaticos_estruturados.criar_pasta scheduled__2024-05-31T04:35:00+00:00 [queued]>
[2024-06-05T01:04:07.295+0000] {taskinstance.py:2306} INFO - Starting attempt 1 of 1
[2024-06-05T01:04:07.307+0000] {taskinstance.py:2330} INFO - Executing <Task(PythonOperator): criar_pasta> on 2024-05-31 04:35:00+00:00
[2024-06-05T01:04:07.314+0000] {warnings.py:110} WARNING - /home/***/.local/lib/python3.12/site-packages/***/task/task_runner/standard_task_runner.py:61: DeprecationWarning: This process (pid=4185) is multi-threaded, use of fork() may lead to deadlocks in the child.
  pid = os.fork()

[2024-06-05T01:04:07.315+0000] {standard_task_runner.py:63} INFO - Started process 4187 to run task
[2024-06-05T01:04:07.316+0000] {standard_task_runner.py:90} INFO - Running: ['***', 'tasks', 'run', 'dados_climaticos_estruturados', 'criar_pasta', 'scheduled__2024-05-31T04:35:00+00:00', '--job-id', '1717', '--raw', '--subdir', 'DAGS_FOLDER/weather/custom_dags/dados_climaticos_estruturados.py', '--cfg-path', '/tmp/tmp_rnwzpty']
[2024-06-05T01:04:07.317+0000] {standard_task_runner.py:91} INFO - Job 1717: Subtask criar_pasta
[2024-06-05T01:04:07.363+0000] {task_command.py:426} INFO - Running <TaskInstance: dados_climaticos_estruturados.criar_pasta scheduled__2024-05-31T04:35:00+00:00 [running]> on host 6665b0710315
[2024-06-05T01:04:07.445+0000] {taskinstance.py:2648} INFO - Exporting env vars: AIRFLOW_CTX_DAG_OWNER='***' AIRFLOW_CTX_DAG_ID='dados_climaticos_estruturados' AIRFLOW_CTX_TASK_ID='criar_pasta' AIRFLOW_CTX_EXECUTION_DATE='2024-05-31T04:35:00+00:00' AIRFLOW_CTX_TRY_NUMBER='1' AIRFLOW_CTX_DAG_RUN_ID='scheduled__2024-05-31T04:35:00+00:00'
[2024-06-05T01:04:07.447+0000] {taskinstance.py:430} INFO - ::endgroup::
[2024-06-05T01:04:07.448+0000] {python.py:237} INFO - Done. Returned value was: None
[2024-06-05T01:04:07.448+0000] {taskinstance.py:441} INFO - ::group::Post task execution logs
[2024-06-05T01:04:07.459+0000] {taskinstance.py:1206} INFO - Marking task as SUCCESS. dag_id=dados_climaticos_estruturados, task_id=criar_pasta, run_id=scheduled__2024-05-31T04:35:00+00:00, execution_date=20240531T043500, start_date=20240605T010407, end_date=20240605T010407
[2024-06-05T01:04:07.496+0000] {local_task_job_runner.py:240} INFO - Task exited with return code 0
[2024-06-05T01:04:07.516+0000] {taskinstance.py:3498} INFO - 1 downstream tasks scheduled from follow-on schedule check
[2024-06-05T01:04:07.519+0000] {local_task_job_runner.py:222} INFO - ::endgroup::
[2024-06-05T01:43:29.777+0000] {local_task_job_runner.py:120} INFO - ::group::Pre task execution logs
[2024-06-05T01:43:29.818+0000] {taskinstance.py:2076} INFO - Dependencies all met for dep_context=non-requeueable deps ti=<TaskInstance: dados_climaticos_estruturados.criar_pasta scheduled__2024-05-31T04:35:00+00:00 [queued]>
[2024-06-05T01:43:29.832+0000] {taskinstance.py:2076} INFO - Dependencies all met for dep_context=requeueable deps ti=<TaskInstance: dados_climaticos_estruturados.criar_pasta scheduled__2024-05-31T04:35:00+00:00 [queued]>
[2024-06-05T01:43:29.834+0000] {taskinstance.py:2306} INFO - Starting attempt 1 of 1
[2024-06-05T01:43:29.858+0000] {taskinstance.py:2330} INFO - Executing <Task(PythonOperator): criar_pasta> on 2024-05-31 04:35:00+00:00
[2024-06-05T01:43:29.871+0000] {warnings.py:110} WARNING - /home/***/.local/lib/python3.12/site-packages/***/task/task_runner/standard_task_runner.py:61: DeprecationWarning: This process (pid=4149) is multi-threaded, use of fork() may lead to deadlocks in the child.
  pid = os.fork()

[2024-06-05T01:43:29.875+0000] {standard_task_runner.py:63} INFO - Started process 4169 to run task
[2024-06-05T01:43:29.875+0000] {standard_task_runner.py:90} INFO - Running: ['***', 'tasks', 'run', 'dados_climaticos_estruturados', 'criar_pasta', 'scheduled__2024-05-31T04:35:00+00:00', '--job-id', '1325', '--raw', '--subdir', 'DAGS_FOLDER/weather/custom_dags/dados_climaticos_estruturados.py', '--cfg-path', '/tmp/tmpghrm6oy4']
[2024-06-05T01:43:29.877+0000] {standard_task_runner.py:91} INFO - Job 1325: Subtask criar_pasta
[2024-06-05T01:43:29.977+0000] {task_command.py:426} INFO - Running <TaskInstance: dados_climaticos_estruturados.criar_pasta scheduled__2024-05-31T04:35:00+00:00 [running]> on host 80232deae70a
[2024-06-05T01:43:30.202+0000] {taskinstance.py:2648} INFO - Exporting env vars: AIRFLOW_CTX_DAG_OWNER='***' AIRFLOW_CTX_DAG_ID='dados_climaticos_estruturados' AIRFLOW_CTX_TASK_ID='criar_pasta' AIRFLOW_CTX_EXECUTION_DATE='2024-05-31T04:35:00+00:00' AIRFLOW_CTX_TRY_NUMBER='1' AIRFLOW_CTX_DAG_RUN_ID='scheduled__2024-05-31T04:35:00+00:00'
[2024-06-05T01:43:30.210+0000] {taskinstance.py:430} INFO - ::endgroup::
[2024-06-05T01:43:30.212+0000] {python.py:237} INFO - Done. Returned value was: None
[2024-06-05T01:43:30.213+0000] {taskinstance.py:441} INFO - ::group::Post task execution logs
[2024-06-05T01:43:30.233+0000] {taskinstance.py:1206} INFO - Marking task as SUCCESS. dag_id=dados_climaticos_estruturados, task_id=criar_pasta, run_id=scheduled__2024-05-31T04:35:00+00:00, execution_date=20240531T043500, start_date=20240605T014329, end_date=20240605T014330
[2024-06-05T01:43:30.304+0000] {local_task_job_runner.py:240} INFO - Task exited with return code 0
[2024-06-05T01:43:30.336+0000] {local_task_job_runner.py:222} INFO - ::endgroup::
