[2024-06-05T01:00:38.432+0000] {local_task_job_runner.py:120} INFO - ::group::Pre task execution logs
[2024-06-05T01:00:38.471+0000] {taskinstance.py:2076} INFO - Dependencies all met for dep_context=non-requeueable deps ti=<TaskInstance: dados_climaticos_estruturados.criar_pasta scheduled__2024-05-30T11:50:00+00:00 [queued]>
[2024-06-05T01:00:38.484+0000] {taskinstance.py:2076} INFO - Dependencies all met for dep_context=requeueable deps ti=<TaskInstance: dados_climaticos_estruturados.criar_pasta scheduled__2024-05-30T11:50:00+00:00 [queued]>
[2024-06-05T01:00:38.485+0000] {taskinstance.py:2306} INFO - Starting attempt 1 of 1
[2024-06-05T01:00:38.524+0000] {taskinstance.py:2330} INFO - Executing <Task(PythonOperator): criar_pasta> on 2024-05-30 11:50:00+00:00
[2024-06-05T01:00:38.542+0000] {warnings.py:110} WARNING - /home/***/.local/lib/python3.12/site-packages/***/task/task_runner/standard_task_runner.py:61: DeprecationWarning: This process (pid=2903) is multi-threaded, use of fork() may lead to deadlocks in the child.
  pid = os.fork()

[2024-06-05T01:00:38.545+0000] {standard_task_runner.py:63} INFO - Started process 2932 to run task
[2024-06-05T01:00:38.549+0000] {standard_task_runner.py:90} INFO - Running: ['***', 'tasks', 'run', 'dados_climaticos_estruturados', 'criar_pasta', 'scheduled__2024-05-30T11:50:00+00:00', '--job-id', '1306', '--raw', '--subdir', 'DAGS_FOLDER/weather/custom_dags/dados_climaticos_estruturados.py', '--cfg-path', '/tmp/tmplzx4mty4']
[2024-06-05T01:00:38.555+0000] {standard_task_runner.py:91} INFO - Job 1306: Subtask criar_pasta
[2024-06-05T01:00:38.649+0000] {task_command.py:426} INFO - Running <TaskInstance: dados_climaticos_estruturados.criar_pasta scheduled__2024-05-30T11:50:00+00:00 [running]> on host 6665b0710315
[2024-06-05T01:00:38.945+0000] {taskinstance.py:2648} INFO - Exporting env vars: AIRFLOW_CTX_DAG_OWNER='***' AIRFLOW_CTX_DAG_ID='dados_climaticos_estruturados' AIRFLOW_CTX_TASK_ID='criar_pasta' AIRFLOW_CTX_EXECUTION_DATE='2024-05-30T11:50:00+00:00' AIRFLOW_CTX_TRY_NUMBER='1' AIRFLOW_CTX_DAG_RUN_ID='scheduled__2024-05-30T11:50:00+00:00'
[2024-06-05T01:00:38.951+0000] {taskinstance.py:430} INFO - ::endgroup::
[2024-06-05T01:00:38.955+0000] {python.py:237} INFO - Done. Returned value was: None
[2024-06-05T01:00:38.956+0000] {taskinstance.py:441} INFO - ::group::Post task execution logs
[2024-06-05T01:00:38.971+0000] {taskinstance.py:1206} INFO - Marking task as SUCCESS. dag_id=dados_climaticos_estruturados, task_id=criar_pasta, run_id=scheduled__2024-05-30T11:50:00+00:00, execution_date=20240530T115000, start_date=20240605T010038, end_date=20240605T010038
[2024-06-05T01:00:39.020+0000] {local_task_job_runner.py:240} INFO - Task exited with return code 0
[2024-06-05T01:00:39.050+0000] {local_task_job_runner.py:222} INFO - ::endgroup::
[2024-06-05T01:40:26.690+0000] {local_task_job_runner.py:120} INFO - ::group::Pre task execution logs
[2024-06-05T01:40:26.727+0000] {taskinstance.py:2076} INFO - Dependencies all met for dep_context=non-requeueable deps ti=<TaskInstance: dados_climaticos_estruturados.criar_pasta scheduled__2024-05-30T11:50:00+00:00 [queued]>
[2024-06-05T01:40:26.750+0000] {taskinstance.py:2076} INFO - Dependencies all met for dep_context=requeueable deps ti=<TaskInstance: dados_climaticos_estruturados.criar_pasta scheduled__2024-05-30T11:50:00+00:00 [queued]>
[2024-06-05T01:40:26.751+0000] {taskinstance.py:2306} INFO - Starting attempt 1 of 1
[2024-06-05T01:40:26.777+0000] {taskinstance.py:2330} INFO - Executing <Task(PythonOperator): criar_pasta> on 2024-05-30 11:50:00+00:00
[2024-06-05T01:40:26.792+0000] {warnings.py:110} WARNING - /home/***/.local/lib/python3.12/site-packages/***/task/task_runner/standard_task_runner.py:61: DeprecationWarning: This process (pid=2919) is multi-threaded, use of fork() may lead to deadlocks in the child.
  pid = os.fork()

[2024-06-05T01:40:26.795+0000] {standard_task_runner.py:63} INFO - Started process 2937 to run task
[2024-06-05T01:40:26.798+0000] {standard_task_runner.py:90} INFO - Running: ['***', 'tasks', 'run', 'dados_climaticos_estruturados', 'criar_pasta', 'scheduled__2024-05-30T11:50:00+00:00', '--job-id', '925', '--raw', '--subdir', 'DAGS_FOLDER/weather/custom_dags/dados_climaticos_estruturados.py', '--cfg-path', '/tmp/tmpgtdusmeb']
[2024-06-05T01:40:26.802+0000] {standard_task_runner.py:91} INFO - Job 925: Subtask criar_pasta
[2024-06-05T01:40:26.933+0000] {task_command.py:426} INFO - Running <TaskInstance: dados_climaticos_estruturados.criar_pasta scheduled__2024-05-30T11:50:00+00:00 [running]> on host 80232deae70a
[2024-06-05T01:40:27.128+0000] {taskinstance.py:2648} INFO - Exporting env vars: AIRFLOW_CTX_DAG_OWNER='***' AIRFLOW_CTX_DAG_ID='dados_climaticos_estruturados' AIRFLOW_CTX_TASK_ID='criar_pasta' AIRFLOW_CTX_EXECUTION_DATE='2024-05-30T11:50:00+00:00' AIRFLOW_CTX_TRY_NUMBER='1' AIRFLOW_CTX_DAG_RUN_ID='scheduled__2024-05-30T11:50:00+00:00'
[2024-06-05T01:40:27.131+0000] {taskinstance.py:430} INFO - ::endgroup::
[2024-06-05T01:40:27.134+0000] {python.py:237} INFO - Done. Returned value was: None
[2024-06-05T01:40:27.135+0000] {taskinstance.py:441} INFO - ::group::Post task execution logs
[2024-06-05T01:40:27.151+0000] {taskinstance.py:1206} INFO - Marking task as SUCCESS. dag_id=dados_climaticos_estruturados, task_id=criar_pasta, run_id=scheduled__2024-05-30T11:50:00+00:00, execution_date=20240530T115000, start_date=20240605T014026, end_date=20240605T014027
[2024-06-05T01:40:27.227+0000] {local_task_job_runner.py:240} INFO - Task exited with return code 0
[2024-06-05T01:40:27.256+0000] {taskinstance.py:3498} INFO - 0 downstream tasks scheduled from follow-on schedule check
[2024-06-05T01:40:27.258+0000] {local_task_job_runner.py:222} INFO - ::endgroup::
