[2024-06-05T00:57:44.643+0000] {local_task_job_runner.py:120} INFO - ::group::Pre task execution logs
[2024-06-05T00:57:44.736+0000] {taskinstance.py:2076} INFO - Dependencies all met for dep_context=non-requeueable deps ti=<TaskInstance: dados_climaticos_estruturados.criar_pasta scheduled__2024-05-29T22:05:00+00:00 [queued]>
[2024-06-05T00:57:44.764+0000] {taskinstance.py:2076} INFO - Dependencies all met for dep_context=requeueable deps ti=<TaskInstance: dados_climaticos_estruturados.criar_pasta scheduled__2024-05-29T22:05:00+00:00 [queued]>
[2024-06-05T00:57:44.765+0000] {taskinstance.py:2306} INFO - Starting attempt 1 of 1
[2024-06-05T00:57:44.797+0000] {taskinstance.py:2330} INFO - Executing <Task(PythonOperator): criar_pasta> on 2024-05-29 22:05:00+00:00
[2024-06-05T00:57:44.820+0000] {warnings.py:110} WARNING - /home/***/.local/lib/python3.12/site-packages/***/task/task_runner/standard_task_runner.py:61: DeprecationWarning: This process (pid=1887) is multi-threaded, use of fork() may lead to deadlocks in the child.
  pid = os.fork()

[2024-06-05T00:57:44.827+0000] {standard_task_runner.py:63} INFO - Started process 1907 to run task
[2024-06-05T00:57:44.821+0000] {standard_task_runner.py:90} INFO - Running: ['***', 'tasks', 'run', 'dados_climaticos_estruturados', 'criar_pasta', 'scheduled__2024-05-29T22:05:00+00:00', '--job-id', '979', '--raw', '--subdir', 'DAGS_FOLDER/weather/custom_dags/dados_climaticos_estruturados.py', '--cfg-path', '/tmp/tmpkiy63t_j']
[2024-06-05T00:57:44.832+0000] {standard_task_runner.py:91} INFO - Job 979: Subtask criar_pasta
[2024-06-05T00:57:45.003+0000] {task_command.py:426} INFO - Running <TaskInstance: dados_climaticos_estruturados.criar_pasta scheduled__2024-05-29T22:05:00+00:00 [running]> on host 6665b0710315
[2024-06-05T00:57:45.417+0000] {taskinstance.py:2648} INFO - Exporting env vars: AIRFLOW_CTX_DAG_OWNER='***' AIRFLOW_CTX_DAG_ID='dados_climaticos_estruturados' AIRFLOW_CTX_TASK_ID='criar_pasta' AIRFLOW_CTX_EXECUTION_DATE='2024-05-29T22:05:00+00:00' AIRFLOW_CTX_TRY_NUMBER='1' AIRFLOW_CTX_DAG_RUN_ID='scheduled__2024-05-29T22:05:00+00:00'
[2024-06-05T00:57:45.432+0000] {taskinstance.py:430} INFO - ::endgroup::
[2024-06-05T00:57:45.438+0000] {python.py:237} INFO - Done. Returned value was: None
[2024-06-05T00:57:45.441+0000] {taskinstance.py:441} INFO - ::group::Post task execution logs
[2024-06-05T00:57:45.497+0000] {taskinstance.py:1206} INFO - Marking task as SUCCESS. dag_id=dados_climaticos_estruturados, task_id=criar_pasta, run_id=scheduled__2024-05-29T22:05:00+00:00, execution_date=20240529T220500, start_date=20240605T005744, end_date=20240605T005745
[2024-06-05T00:57:45.587+0000] {local_task_job_runner.py:240} INFO - Task exited with return code 0
[2024-06-05T00:57:45.634+0000] {local_task_job_runner.py:222} INFO - ::endgroup::
[2024-06-05T01:37:54.785+0000] {local_task_job_runner.py:120} INFO - ::group::Pre task execution logs
[2024-06-05T01:37:54.813+0000] {taskinstance.py:2076} INFO - Dependencies all met for dep_context=non-requeueable deps ti=<TaskInstance: dados_climaticos_estruturados.criar_pasta scheduled__2024-05-29T22:05:00+00:00 [queued]>
[2024-06-05T01:37:54.827+0000] {taskinstance.py:2076} INFO - Dependencies all met for dep_context=requeueable deps ti=<TaskInstance: dados_climaticos_estruturados.criar_pasta scheduled__2024-05-29T22:05:00+00:00 [queued]>
[2024-06-05T01:37:54.827+0000] {taskinstance.py:2306} INFO - Starting attempt 1 of 1
[2024-06-05T01:37:54.847+0000] {taskinstance.py:2330} INFO - Executing <Task(PythonOperator): criar_pasta> on 2024-05-29 22:05:00+00:00
[2024-06-05T01:37:54.861+0000] {warnings.py:110} WARNING - /home/***/.local/lib/python3.12/site-packages/***/task/task_runner/standard_task_runner.py:61: DeprecationWarning: This process (pid=1904) is multi-threaded, use of fork() may lead to deadlocks in the child.
  pid = os.fork()

[2024-06-05T01:37:54.864+0000] {standard_task_runner.py:63} INFO - Started process 1920 to run task
[2024-06-05T01:37:54.868+0000] {standard_task_runner.py:90} INFO - Running: ['***', 'tasks', 'run', 'dados_climaticos_estruturados', 'criar_pasta', 'scheduled__2024-05-29T22:05:00+00:00', '--job-id', '597', '--raw', '--subdir', 'DAGS_FOLDER/weather/custom_dags/dados_climaticos_estruturados.py', '--cfg-path', '/tmp/tmpng98m0xs']
[2024-06-05T01:37:54.870+0000] {standard_task_runner.py:91} INFO - Job 597: Subtask criar_pasta
[2024-06-05T01:37:54.963+0000] {task_command.py:426} INFO - Running <TaskInstance: dados_climaticos_estruturados.criar_pasta scheduled__2024-05-29T22:05:00+00:00 [running]> on host 80232deae70a
[2024-06-05T01:37:55.160+0000] {taskinstance.py:2648} INFO - Exporting env vars: AIRFLOW_CTX_DAG_OWNER='***' AIRFLOW_CTX_DAG_ID='dados_climaticos_estruturados' AIRFLOW_CTX_TASK_ID='criar_pasta' AIRFLOW_CTX_EXECUTION_DATE='2024-05-29T22:05:00+00:00' AIRFLOW_CTX_TRY_NUMBER='1' AIRFLOW_CTX_DAG_RUN_ID='scheduled__2024-05-29T22:05:00+00:00'
[2024-06-05T01:37:55.165+0000] {taskinstance.py:430} INFO - ::endgroup::
[2024-06-05T01:37:55.167+0000] {python.py:237} INFO - Done. Returned value was: None
[2024-06-05T01:37:55.168+0000] {taskinstance.py:441} INFO - ::group::Post task execution logs
[2024-06-05T01:37:55.183+0000] {taskinstance.py:1206} INFO - Marking task as SUCCESS. dag_id=dados_climaticos_estruturados, task_id=criar_pasta, run_id=scheduled__2024-05-29T22:05:00+00:00, execution_date=20240529T220500, start_date=20240605T013754, end_date=20240605T013755
[2024-06-05T01:37:55.224+0000] {local_task_job_runner.py:240} INFO - Task exited with return code 0
[2024-06-05T01:37:55.276+0000] {taskinstance.py:3498} INFO - 1 downstream tasks scheduled from follow-on schedule check
[2024-06-05T01:37:55.280+0000] {local_task_job_runner.py:222} INFO - ::endgroup::
