[2024-06-05T00:55:16.361+0000] {local_task_job_runner.py:120} INFO - ::group::Pre task execution logs
[2024-06-05T00:55:16.408+0000] {taskinstance.py:2076} INFO - Dependencies all met for dep_context=non-requeueable deps ti=<TaskInstance: dados_climaticos_estruturados.criar_pasta scheduled__2024-05-29T08:20:00+00:00 [queued]>
[2024-06-05T00:55:16.424+0000] {taskinstance.py:2076} INFO - Dependencies all met for dep_context=requeueable deps ti=<TaskInstance: dados_climaticos_estruturados.criar_pasta scheduled__2024-05-29T08:20:00+00:00 [queued]>
[2024-06-05T00:55:16.427+0000] {taskinstance.py:2306} INFO - Starting attempt 1 of 1
[2024-06-05T00:55:16.453+0000] {taskinstance.py:2330} INFO - Executing <Task(PythonOperator): criar_pasta> on 2024-05-29 08:20:00+00:00
[2024-06-05T00:55:16.466+0000] {warnings.py:110} WARNING - /home/***/.local/lib/python3.12/site-packages/***/task/task_runner/standard_task_runner.py:61: DeprecationWarning: This process (pid=870) is multi-threaded, use of fork() may lead to deadlocks in the child.
  pid = os.fork()

[2024-06-05T00:55:16.470+0000] {standard_task_runner.py:90} INFO - Running: ['***', 'tasks', 'run', 'dados_climaticos_estruturados', 'criar_pasta', 'scheduled__2024-05-29T08:20:00+00:00', '--job-id', '648', '--raw', '--subdir', 'DAGS_FOLDER/weather/custom_dags/dados_climaticos_estruturados.py', '--cfg-path', '/tmp/tmp6y2jolr8']
[2024-06-05T00:55:16.471+0000] {standard_task_runner.py:63} INFO - Started process 889 to run task
[2024-06-05T00:55:16.472+0000] {standard_task_runner.py:91} INFO - Job 648: Subtask criar_pasta
[2024-06-05T00:55:16.591+0000] {task_command.py:426} INFO - Running <TaskInstance: dados_climaticos_estruturados.criar_pasta scheduled__2024-05-29T08:20:00+00:00 [running]> on host 6665b0710315
[2024-06-05T00:55:16.791+0000] {taskinstance.py:2648} INFO - Exporting env vars: AIRFLOW_CTX_DAG_OWNER='***' AIRFLOW_CTX_DAG_ID='dados_climaticos_estruturados' AIRFLOW_CTX_TASK_ID='criar_pasta' AIRFLOW_CTX_EXECUTION_DATE='2024-05-29T08:20:00+00:00' AIRFLOW_CTX_TRY_NUMBER='1' AIRFLOW_CTX_DAG_RUN_ID='scheduled__2024-05-29T08:20:00+00:00'
[2024-06-05T00:55:16.794+0000] {taskinstance.py:430} INFO - ::endgroup::
[2024-06-05T00:55:16.796+0000] {python.py:237} INFO - Done. Returned value was: None
[2024-06-05T00:55:16.798+0000] {taskinstance.py:441} INFO - ::group::Post task execution logs
[2024-06-05T00:55:16.823+0000] {taskinstance.py:1206} INFO - Marking task as SUCCESS. dag_id=dados_climaticos_estruturados, task_id=criar_pasta, run_id=scheduled__2024-05-29T08:20:00+00:00, execution_date=20240529T082000, start_date=20240605T005516, end_date=20240605T005516
[2024-06-05T00:55:16.870+0000] {local_task_job_runner.py:240} INFO - Task exited with return code 0
[2024-06-05T00:55:16.888+0000] {local_task_job_runner.py:222} INFO - ::endgroup::
[2024-06-05T01:35:04.930+0000] {local_task_job_runner.py:120} INFO - ::group::Pre task execution logs
[2024-06-05T01:35:04.999+0000] {taskinstance.py:2076} INFO - Dependencies all met for dep_context=non-requeueable deps ti=<TaskInstance: dados_climaticos_estruturados.criar_pasta scheduled__2024-05-29T08:20:00+00:00 [queued]>
[2024-06-05T01:35:05.017+0000] {taskinstance.py:2076} INFO - Dependencies all met for dep_context=requeueable deps ti=<TaskInstance: dados_climaticos_estruturados.criar_pasta scheduled__2024-05-29T08:20:00+00:00 [queued]>
[2024-06-05T01:35:05.018+0000] {taskinstance.py:2306} INFO - Starting attempt 1 of 1
[2024-06-05T01:35:05.054+0000] {taskinstance.py:2330} INFO - Executing <Task(PythonOperator): criar_pasta> on 2024-05-29 08:20:00+00:00
[2024-06-05T01:35:05.068+0000] {warnings.py:110} WARNING - /home/***/.local/lib/python3.12/site-packages/***/task/task_runner/standard_task_runner.py:61: DeprecationWarning: This process (pid=868) is multi-threaded, use of fork() may lead to deadlocks in the child.
  pid = os.fork()

[2024-06-05T01:35:05.071+0000] {standard_task_runner.py:63} INFO - Started process 890 to run task
[2024-06-05T01:35:05.081+0000] {standard_task_runner.py:90} INFO - Running: ['***', 'tasks', 'run', 'dados_climaticos_estruturados', 'criar_pasta', 'scheduled__2024-05-29T08:20:00+00:00', '--job-id', '263', '--raw', '--subdir', 'DAGS_FOLDER/weather/custom_dags/dados_climaticos_estruturados.py', '--cfg-path', '/tmp/tmp9b1yeyfn']
[2024-06-05T01:35:05.089+0000] {standard_task_runner.py:91} INFO - Job 263: Subtask criar_pasta
[2024-06-05T01:35:05.297+0000] {task_command.py:426} INFO - Running <TaskInstance: dados_climaticos_estruturados.criar_pasta scheduled__2024-05-29T08:20:00+00:00 [running]> on host 80232deae70a
[2024-06-05T01:35:05.663+0000] {taskinstance.py:2648} INFO - Exporting env vars: AIRFLOW_CTX_DAG_OWNER='***' AIRFLOW_CTX_DAG_ID='dados_climaticos_estruturados' AIRFLOW_CTX_TASK_ID='criar_pasta' AIRFLOW_CTX_EXECUTION_DATE='2024-05-29T08:20:00+00:00' AIRFLOW_CTX_TRY_NUMBER='1' AIRFLOW_CTX_DAG_RUN_ID='scheduled__2024-05-29T08:20:00+00:00'
[2024-06-05T01:35:05.667+0000] {taskinstance.py:430} INFO - ::endgroup::
[2024-06-05T01:35:05.682+0000] {python.py:237} INFO - Done. Returned value was: None
[2024-06-05T01:35:05.684+0000] {taskinstance.py:441} INFO - ::group::Post task execution logs
[2024-06-05T01:35:05.704+0000] {taskinstance.py:1206} INFO - Marking task as SUCCESS. dag_id=dados_climaticos_estruturados, task_id=criar_pasta, run_id=scheduled__2024-05-29T08:20:00+00:00, execution_date=20240529T082000, start_date=20240605T013505, end_date=20240605T013505
[2024-06-05T01:35:05.754+0000] {local_task_job_runner.py:240} INFO - Task exited with return code 0
[2024-06-05T01:35:05.789+0000] {local_task_job_runner.py:222} INFO - ::endgroup::
