[2024-06-05T00:53:47.813+0000] {local_task_job_runner.py:120} INFO - ::group::Pre task execution logs
[2024-06-05T00:53:47.883+0000] {taskinstance.py:2076} INFO - Dependencies all met for dep_context=non-requeueable deps ti=<TaskInstance: dados_climaticos_estruturados.criar_pasta scheduled__2024-05-29T01:00:00+00:00 [queued]>
[2024-06-05T00:53:47.902+0000] {taskinstance.py:2076} INFO - Dependencies all met for dep_context=requeueable deps ti=<TaskInstance: dados_climaticos_estruturados.criar_pasta scheduled__2024-05-29T01:00:00+00:00 [queued]>
[2024-06-05T00:53:47.905+0000] {taskinstance.py:2306} INFO - Starting attempt 1 of 1
[2024-06-05T00:53:48.005+0000] {taskinstance.py:2330} INFO - Executing <Task(PythonOperator): criar_pasta> on 2024-05-29 01:00:00+00:00
[2024-06-05T00:53:48.036+0000] {warnings.py:110} WARNING - /home/***/.local/lib/python3.12/site-packages/***/task/task_runner/standard_task_runner.py:61: DeprecationWarning: This process (pid=294) is multi-threaded, use of fork() may lead to deadlocks in the child.
  pid = os.fork()

[2024-06-05T00:53:48.047+0000] {standard_task_runner.py:90} INFO - Running: ['***', 'tasks', 'run', 'dados_climaticos_estruturados', 'criar_pasta', 'scheduled__2024-05-29T01:00:00+00:00', '--job-id', '466', '--raw', '--subdir', 'DAGS_FOLDER/weather/custom_dags/dados_climaticos_estruturados.py', '--cfg-path', '/tmp/tmp861wc_0a']
[2024-06-05T00:53:48.051+0000] {standard_task_runner.py:91} INFO - Job 466: Subtask criar_pasta
[2024-06-05T00:53:48.051+0000] {standard_task_runner.py:63} INFO - Started process 329 to run task
[2024-06-05T00:53:48.169+0000] {task_command.py:426} INFO - Running <TaskInstance: dados_climaticos_estruturados.criar_pasta scheduled__2024-05-29T01:00:00+00:00 [running]> on host 6665b0710315
[2024-06-05T00:53:48.488+0000] {taskinstance.py:2648} INFO - Exporting env vars: AIRFLOW_CTX_DAG_OWNER='***' AIRFLOW_CTX_DAG_ID='dados_climaticos_estruturados' AIRFLOW_CTX_TASK_ID='criar_pasta' AIRFLOW_CTX_EXECUTION_DATE='2024-05-29T01:00:00+00:00' AIRFLOW_CTX_TRY_NUMBER='1' AIRFLOW_CTX_DAG_RUN_ID='scheduled__2024-05-29T01:00:00+00:00'
[2024-06-05T00:53:48.490+0000] {taskinstance.py:430} INFO - ::endgroup::
[2024-06-05T00:53:48.499+0000] {python.py:237} INFO - Done. Returned value was: None
[2024-06-05T00:53:48.500+0000] {taskinstance.py:441} INFO - ::group::Post task execution logs
[2024-06-05T00:53:48.519+0000] {taskinstance.py:1206} INFO - Marking task as SUCCESS. dag_id=dados_climaticos_estruturados, task_id=criar_pasta, run_id=scheduled__2024-05-29T01:00:00+00:00, execution_date=20240529T010000, start_date=20240605T005347, end_date=20240605T005348
[2024-06-05T00:53:48.622+0000] {local_task_job_runner.py:240} INFO - Task exited with return code 0
[2024-06-05T00:53:48.686+0000] {taskinstance.py:3498} INFO - 1 downstream tasks scheduled from follow-on schedule check
[2024-06-05T00:53:48.700+0000] {local_task_job_runner.py:222} INFO - ::endgroup::
[2024-06-05T01:33:31.257+0000] {local_task_job_runner.py:120} INFO - ::group::Pre task execution logs
[2024-06-05T01:33:31.356+0000] {taskinstance.py:2076} INFO - Dependencies all met for dep_context=non-requeueable deps ti=<TaskInstance: dados_climaticos_estruturados.criar_pasta scheduled__2024-05-29T01:00:00+00:00 [queued]>
[2024-06-05T01:33:31.373+0000] {taskinstance.py:2076} INFO - Dependencies all met for dep_context=requeueable deps ti=<TaskInstance: dados_climaticos_estruturados.criar_pasta scheduled__2024-05-29T01:00:00+00:00 [queued]>
[2024-06-05T01:33:31.374+0000] {taskinstance.py:2306} INFO - Starting attempt 1 of 1
[2024-06-05T01:33:31.551+0000] {taskinstance.py:2330} INFO - Executing <Task(PythonOperator): criar_pasta> on 2024-05-29 01:00:00+00:00
[2024-06-05T01:33:31.586+0000] {warnings.py:110} WARNING - /home/***/.local/lib/python3.12/site-packages/***/task/task_runner/standard_task_runner.py:61: DeprecationWarning: This process (pid=289) is multi-threaded, use of fork() may lead to deadlocks in the child.
  pid = os.fork()

[2024-06-05T01:33:31.596+0000] {standard_task_runner.py:63} INFO - Started process 321 to run task
[2024-06-05T01:33:31.589+0000] {standard_task_runner.py:90} INFO - Running: ['***', 'tasks', 'run', 'dados_climaticos_estruturados', 'criar_pasta', 'scheduled__2024-05-29T01:00:00+00:00', '--job-id', '79', '--raw', '--subdir', 'DAGS_FOLDER/weather/custom_dags/dados_climaticos_estruturados.py', '--cfg-path', '/tmp/tmpt1lkfvab']
[2024-06-05T01:33:31.598+0000] {standard_task_runner.py:91} INFO - Job 79: Subtask criar_pasta
[2024-06-05T01:33:31.760+0000] {task_command.py:426} INFO - Running <TaskInstance: dados_climaticos_estruturados.criar_pasta scheduled__2024-05-29T01:00:00+00:00 [running]> on host 80232deae70a
[2024-06-05T01:33:32.097+0000] {taskinstance.py:2648} INFO - Exporting env vars: AIRFLOW_CTX_DAG_OWNER='***' AIRFLOW_CTX_DAG_ID='dados_climaticos_estruturados' AIRFLOW_CTX_TASK_ID='criar_pasta' AIRFLOW_CTX_EXECUTION_DATE='2024-05-29T01:00:00+00:00' AIRFLOW_CTX_TRY_NUMBER='1' AIRFLOW_CTX_DAG_RUN_ID='scheduled__2024-05-29T01:00:00+00:00'
[2024-06-05T01:33:32.101+0000] {taskinstance.py:430} INFO - ::endgroup::
[2024-06-05T01:33:32.110+0000] {python.py:237} INFO - Done. Returned value was: None
[2024-06-05T01:33:32.113+0000] {taskinstance.py:441} INFO - ::group::Post task execution logs
[2024-06-05T01:33:32.151+0000] {taskinstance.py:1206} INFO - Marking task as SUCCESS. dag_id=dados_climaticos_estruturados, task_id=criar_pasta, run_id=scheduled__2024-05-29T01:00:00+00:00, execution_date=20240529T010000, start_date=20240605T013331, end_date=20240605T013332
[2024-06-05T01:33:32.458+0000] {local_task_job_runner.py:240} INFO - Task exited with return code 0
[2024-06-05T01:33:32.540+0000] {taskinstance.py:3498} INFO - 1 downstream tasks scheduled from follow-on schedule check
[2024-06-05T01:33:32.553+0000] {local_task_job_runner.py:222} INFO - ::endgroup::
