[2024-06-05T00:56:48.537+0000] {local_task_job_runner.py:120} INFO - ::group::Pre task execution logs
[2024-06-05T00:56:48.579+0000] {taskinstance.py:2076} INFO - Dependencies all met for dep_context=non-requeueable deps ti=<TaskInstance: dados_climaticos_estruturados.criar_pasta scheduled__2024-05-29T17:10:00+00:00 [queued]>
[2024-06-05T00:56:48.593+0000] {taskinstance.py:2076} INFO - Dependencies all met for dep_context=requeueable deps ti=<TaskInstance: dados_climaticos_estruturados.criar_pasta scheduled__2024-05-29T17:10:00+00:00 [queued]>
[2024-06-05T00:56:48.594+0000] {taskinstance.py:2306} INFO - Starting attempt 1 of 1
[2024-06-05T00:56:48.618+0000] {taskinstance.py:2330} INFO - Executing <Task(PythonOperator): criar_pasta> on 2024-05-29 17:10:00+00:00
[2024-06-05T00:56:48.629+0000] {warnings.py:110} WARNING - /home/***/.local/lib/python3.12/site-packages/***/task/task_runner/standard_task_runner.py:61: DeprecationWarning: This process (pid=1515) is multi-threaded, use of fork() may lead to deadlocks in the child.
  pid = os.fork()

[2024-06-05T00:56:48.632+0000] {standard_task_runner.py:63} INFO - Started process 1536 to run task
[2024-06-05T00:56:48.635+0000] {standard_task_runner.py:90} INFO - Running: ['***', 'tasks', 'run', 'dados_climaticos_estruturados', 'criar_pasta', 'scheduled__2024-05-29T17:10:00+00:00', '--job-id', '858', '--raw', '--subdir', 'DAGS_FOLDER/weather/custom_dags/dados_climaticos_estruturados.py', '--cfg-path', '/tmp/tmp_97mouv6']
[2024-06-05T00:56:48.637+0000] {standard_task_runner.py:91} INFO - Job 858: Subtask criar_pasta
[2024-06-05T00:56:48.717+0000] {task_command.py:426} INFO - Running <TaskInstance: dados_climaticos_estruturados.criar_pasta scheduled__2024-05-29T17:10:00+00:00 [running]> on host 6665b0710315
[2024-06-05T00:56:48.885+0000] {taskinstance.py:2648} INFO - Exporting env vars: AIRFLOW_CTX_DAG_OWNER='***' AIRFLOW_CTX_DAG_ID='dados_climaticos_estruturados' AIRFLOW_CTX_TASK_ID='criar_pasta' AIRFLOW_CTX_EXECUTION_DATE='2024-05-29T17:10:00+00:00' AIRFLOW_CTX_TRY_NUMBER='1' AIRFLOW_CTX_DAG_RUN_ID='scheduled__2024-05-29T17:10:00+00:00'
[2024-06-05T00:56:48.891+0000] {taskinstance.py:430} INFO - ::endgroup::
[2024-06-05T00:56:48.892+0000] {python.py:237} INFO - Done. Returned value was: None
[2024-06-05T00:56:48.893+0000] {taskinstance.py:441} INFO - ::group::Post task execution logs
[2024-06-05T00:56:48.915+0000] {taskinstance.py:1206} INFO - Marking task as SUCCESS. dag_id=dados_climaticos_estruturados, task_id=criar_pasta, run_id=scheduled__2024-05-29T17:10:00+00:00, execution_date=20240529T171000, start_date=20240605T005648, end_date=20240605T005648
[2024-06-05T00:56:48.983+0000] {local_task_job_runner.py:240} INFO - Task exited with return code 0
[2024-06-05T00:56:49.026+0000] {taskinstance.py:3498} INFO - 1 downstream tasks scheduled from follow-on schedule check
[2024-06-05T00:56:49.033+0000] {local_task_job_runner.py:222} INFO - ::endgroup::
[2024-06-05T01:36:50.841+0000] {local_task_job_runner.py:120} INFO - ::group::Pre task execution logs
[2024-06-05T01:36:50.906+0000] {taskinstance.py:2076} INFO - Dependencies all met for dep_context=non-requeueable deps ti=<TaskInstance: dados_climaticos_estruturados.criar_pasta scheduled__2024-05-29T17:10:00+00:00 [queued]>
[2024-06-05T01:36:50.924+0000] {taskinstance.py:2076} INFO - Dependencies all met for dep_context=requeueable deps ti=<TaskInstance: dados_climaticos_estruturados.criar_pasta scheduled__2024-05-29T17:10:00+00:00 [queued]>
[2024-06-05T01:36:50.926+0000] {taskinstance.py:2306} INFO - Starting attempt 1 of 1
[2024-06-05T01:36:51.089+0000] {taskinstance.py:2330} INFO - Executing <Task(PythonOperator): criar_pasta> on 2024-05-29 17:10:00+00:00
[2024-06-05T01:36:51.107+0000] {warnings.py:110} WARNING - /home/***/.local/lib/python3.12/site-packages/***/task/task_runner/standard_task_runner.py:61: DeprecationWarning: This process (pid=1502) is multi-threaded, use of fork() may lead to deadlocks in the child.
  pid = os.fork()

[2024-06-05T01:36:51.110+0000] {standard_task_runner.py:63} INFO - Started process 1530 to run task
[2024-06-05T01:36:51.122+0000] {standard_task_runner.py:90} INFO - Running: ['***', 'tasks', 'run', 'dados_climaticos_estruturados', 'criar_pasta', 'scheduled__2024-05-29T17:10:00+00:00', '--job-id', '470', '--raw', '--subdir', 'DAGS_FOLDER/weather/custom_dags/dados_climaticos_estruturados.py', '--cfg-path', '/tmp/tmp9feb_tg8']
[2024-06-05T01:36:51.125+0000] {standard_task_runner.py:91} INFO - Job 470: Subtask criar_pasta
[2024-06-05T01:36:51.264+0000] {task_command.py:426} INFO - Running <TaskInstance: dados_climaticos_estruturados.criar_pasta scheduled__2024-05-29T17:10:00+00:00 [running]> on host 80232deae70a
[2024-06-05T01:36:51.604+0000] {taskinstance.py:2648} INFO - Exporting env vars: AIRFLOW_CTX_DAG_OWNER='***' AIRFLOW_CTX_DAG_ID='dados_climaticos_estruturados' AIRFLOW_CTX_TASK_ID='criar_pasta' AIRFLOW_CTX_EXECUTION_DATE='2024-05-29T17:10:00+00:00' AIRFLOW_CTX_TRY_NUMBER='1' AIRFLOW_CTX_DAG_RUN_ID='scheduled__2024-05-29T17:10:00+00:00'
[2024-06-05T01:36:51.608+0000] {taskinstance.py:430} INFO - ::endgroup::
[2024-06-05T01:36:51.610+0000] {python.py:237} INFO - Done. Returned value was: None
[2024-06-05T01:36:51.615+0000] {taskinstance.py:441} INFO - ::group::Post task execution logs
[2024-06-05T01:36:51.638+0000] {taskinstance.py:1206} INFO - Marking task as SUCCESS. dag_id=dados_climaticos_estruturados, task_id=criar_pasta, run_id=scheduled__2024-05-29T17:10:00+00:00, execution_date=20240529T171000, start_date=20240605T013650, end_date=20240605T013651
[2024-06-05T01:36:51.686+0000] {local_task_job_runner.py:240} INFO - Task exited with return code 0
[2024-06-05T01:36:51.737+0000] {taskinstance.py:3498} INFO - 1 downstream tasks scheduled from follow-on schedule check
[2024-06-05T01:36:51.743+0000] {local_task_job_runner.py:222} INFO - ::endgroup::
