[2024-06-05T01:00:53.380+0000] {local_task_job_runner.py:120} INFO - ::group::Pre task execution logs
[2024-06-05T01:00:53.467+0000] {taskinstance.py:2076} INFO - Dependencies all met for dep_context=non-requeueable deps ti=<TaskInstance: dados_climaticos_estruturados.criar_pasta scheduled__2024-05-30T13:20:00+00:00 [queued]>
[2024-06-05T01:00:53.498+0000] {taskinstance.py:2076} INFO - Dependencies all met for dep_context=requeueable deps ti=<TaskInstance: dados_climaticos_estruturados.criar_pasta scheduled__2024-05-30T13:20:00+00:00 [queued]>
[2024-06-05T01:00:53.502+0000] {taskinstance.py:2306} INFO - Starting attempt 1 of 1
[2024-06-05T01:00:53.791+0000] {taskinstance.py:2330} INFO - Executing <Task(PythonOperator): criar_pasta> on 2024-05-30 13:20:00+00:00
[2024-06-05T01:00:53.814+0000] {standard_task_runner.py:90} INFO - Running: ['***', 'tasks', 'run', 'dados_climaticos_estruturados', 'criar_pasta', 'scheduled__2024-05-30T13:20:00+00:00', '--job-id', '1342', '--raw', '--subdir', 'DAGS_FOLDER/weather/custom_dags/dados_climaticos_estruturados.py', '--cfg-path', '/tmp/tmpp3aln03o']
[2024-06-05T01:00:53.810+0000] {warnings.py:110} WARNING - /home/***/.local/lib/python3.12/site-packages/***/task/task_runner/standard_task_runner.py:61: DeprecationWarning: This process (pid=3009) is multi-threaded, use of fork() may lead to deadlocks in the child.
  pid = os.fork()

[2024-06-05T01:00:53.817+0000] {standard_task_runner.py:91} INFO - Job 1342: Subtask criar_pasta
[2024-06-05T01:00:53.818+0000] {standard_task_runner.py:63} INFO - Started process 3045 to run task
[2024-06-05T01:00:53.957+0000] {task_command.py:426} INFO - Running <TaskInstance: dados_climaticos_estruturados.criar_pasta scheduled__2024-05-30T13:20:00+00:00 [running]> on host 6665b0710315
[2024-06-05T01:00:54.265+0000] {taskinstance.py:2648} INFO - Exporting env vars: AIRFLOW_CTX_DAG_OWNER='***' AIRFLOW_CTX_DAG_ID='dados_climaticos_estruturados' AIRFLOW_CTX_TASK_ID='criar_pasta' AIRFLOW_CTX_EXECUTION_DATE='2024-05-30T13:20:00+00:00' AIRFLOW_CTX_TRY_NUMBER='1' AIRFLOW_CTX_DAG_RUN_ID='scheduled__2024-05-30T13:20:00+00:00'
[2024-06-05T01:00:54.269+0000] {taskinstance.py:430} INFO - ::endgroup::
[2024-06-05T01:00:54.274+0000] {python.py:237} INFO - Done. Returned value was: None
[2024-06-05T01:00:54.275+0000] {taskinstance.py:441} INFO - ::group::Post task execution logs
[2024-06-05T01:00:54.307+0000] {taskinstance.py:1206} INFO - Marking task as SUCCESS. dag_id=dados_climaticos_estruturados, task_id=criar_pasta, run_id=scheduled__2024-05-30T13:20:00+00:00, execution_date=20240530T132000, start_date=20240605T010053, end_date=20240605T010054
[2024-06-05T01:00:54.388+0000] {local_task_job_runner.py:240} INFO - Task exited with return code 0
[2024-06-05T01:00:54.487+0000] {taskinstance.py:3498} INFO - 1 downstream tasks scheduled from follow-on schedule check
[2024-06-05T01:00:54.493+0000] {local_task_job_runner.py:222} INFO - ::endgroup::
[2024-06-05T01:40:41.354+0000] {local_task_job_runner.py:120} INFO - ::group::Pre task execution logs
[2024-06-05T01:40:41.396+0000] {taskinstance.py:2076} INFO - Dependencies all met for dep_context=non-requeueable deps ti=<TaskInstance: dados_climaticos_estruturados.criar_pasta scheduled__2024-05-30T13:20:00+00:00 [queued]>
[2024-06-05T01:40:41.425+0000] {taskinstance.py:2076} INFO - Dependencies all met for dep_context=requeueable deps ti=<TaskInstance: dados_climaticos_estruturados.criar_pasta scheduled__2024-05-30T13:20:00+00:00 [queued]>
[2024-06-05T01:40:41.426+0000] {taskinstance.py:2306} INFO - Starting attempt 1 of 1
[2024-06-05T01:40:41.475+0000] {taskinstance.py:2330} INFO - Executing <Task(PythonOperator): criar_pasta> on 2024-05-30 13:20:00+00:00
[2024-06-05T01:40:41.491+0000] {warnings.py:110} WARNING - /home/***/.local/lib/python3.12/site-packages/***/task/task_runner/standard_task_runner.py:61: DeprecationWarning: This process (pid=3019) is multi-threaded, use of fork() may lead to deadlocks in the child.
  pid = os.fork()

[2024-06-05T01:40:41.497+0000] {standard_task_runner.py:63} INFO - Started process 3038 to run task
[2024-06-05T01:40:41.499+0000] {standard_task_runner.py:90} INFO - Running: ['***', 'tasks', 'run', 'dados_climaticos_estruturados', 'criar_pasta', 'scheduled__2024-05-30T13:20:00+00:00', '--job-id', '959', '--raw', '--subdir', 'DAGS_FOLDER/weather/custom_dags/dados_climaticos_estruturados.py', '--cfg-path', '/tmp/tmpe1r40v1n']
[2024-06-05T01:40:41.501+0000] {standard_task_runner.py:91} INFO - Job 959: Subtask criar_pasta
[2024-06-05T01:40:41.621+0000] {task_command.py:426} INFO - Running <TaskInstance: dados_climaticos_estruturados.criar_pasta scheduled__2024-05-30T13:20:00+00:00 [running]> on host 80232deae70a
[2024-06-05T01:40:41.908+0000] {taskinstance.py:2648} INFO - Exporting env vars: AIRFLOW_CTX_DAG_OWNER='***' AIRFLOW_CTX_DAG_ID='dados_climaticos_estruturados' AIRFLOW_CTX_TASK_ID='criar_pasta' AIRFLOW_CTX_EXECUTION_DATE='2024-05-30T13:20:00+00:00' AIRFLOW_CTX_TRY_NUMBER='1' AIRFLOW_CTX_DAG_RUN_ID='scheduled__2024-05-30T13:20:00+00:00'
[2024-06-05T01:40:41.910+0000] {taskinstance.py:430} INFO - ::endgroup::
[2024-06-05T01:40:41.914+0000] {python.py:237} INFO - Done. Returned value was: None
[2024-06-05T01:40:41.917+0000] {taskinstance.py:441} INFO - ::group::Post task execution logs
[2024-06-05T01:40:41.933+0000] {taskinstance.py:1206} INFO - Marking task as SUCCESS. dag_id=dados_climaticos_estruturados, task_id=criar_pasta, run_id=scheduled__2024-05-30T13:20:00+00:00, execution_date=20240530T132000, start_date=20240605T014041, end_date=20240605T014041
[2024-06-05T01:40:41.987+0000] {local_task_job_runner.py:240} INFO - Task exited with return code 0
[2024-06-05T01:40:42.018+0000] {local_task_job_runner.py:222} INFO - ::endgroup::
