[2024-06-05T00:59:17.924+0000] {local_task_job_runner.py:120} INFO - ::group::Pre task execution logs
[2024-06-05T00:59:18.015+0000] {taskinstance.py:2076} INFO - Dependencies all met for dep_context=non-requeueable deps ti=<TaskInstance: dados_climaticos_estruturados.criar_pasta scheduled__2024-05-30T05:45:00+00:00 [queued]>
[2024-06-05T00:59:18.050+0000] {taskinstance.py:2076} INFO - Dependencies all met for dep_context=requeueable deps ti=<TaskInstance: dados_climaticos_estruturados.criar_pasta scheduled__2024-05-30T05:45:00+00:00 [queued]>
[2024-06-05T00:59:18.055+0000] {taskinstance.py:2306} INFO - Starting attempt 1 of 1
[2024-06-05T00:59:18.181+0000] {taskinstance.py:2330} INFO - Executing <Task(PythonOperator): criar_pasta> on 2024-05-30 05:45:00+00:00
[2024-06-05T00:59:18.200+0000] {warnings.py:110} WARNING - /home/***/.local/lib/python3.12/site-packages/***/task/task_runner/standard_task_runner.py:61: DeprecationWarning: This process (pid=2448) is multi-threaded, use of fork() may lead to deadlocks in the child.
  pid = os.fork()

[2024-06-05T00:59:18.204+0000] {standard_task_runner.py:63} INFO - Started process 2477 to run task
[2024-06-05T00:59:18.204+0000] {standard_task_runner.py:90} INFO - Running: ['***', 'tasks', 'run', 'dados_climaticos_estruturados', 'criar_pasta', 'scheduled__2024-05-30T05:45:00+00:00', '--job-id', '1162', '--raw', '--subdir', 'DAGS_FOLDER/weather/custom_dags/dados_climaticos_estruturados.py', '--cfg-path', '/tmp/tmpntxe1wuw']
[2024-06-05T00:59:18.206+0000] {standard_task_runner.py:91} INFO - Job 1162: Subtask criar_pasta
[2024-06-05T00:59:18.357+0000] {task_command.py:426} INFO - Running <TaskInstance: dados_climaticos_estruturados.criar_pasta scheduled__2024-05-30T05:45:00+00:00 [running]> on host 6665b0710315
[2024-06-05T00:59:18.541+0000] {taskinstance.py:2648} INFO - Exporting env vars: AIRFLOW_CTX_DAG_OWNER='***' AIRFLOW_CTX_DAG_ID='dados_climaticos_estruturados' AIRFLOW_CTX_TASK_ID='criar_pasta' AIRFLOW_CTX_EXECUTION_DATE='2024-05-30T05:45:00+00:00' AIRFLOW_CTX_TRY_NUMBER='1' AIRFLOW_CTX_DAG_RUN_ID='scheduled__2024-05-30T05:45:00+00:00'
[2024-06-05T00:59:18.544+0000] {taskinstance.py:430} INFO - ::endgroup::
[2024-06-05T00:59:18.546+0000] {python.py:237} INFO - Done. Returned value was: None
[2024-06-05T00:59:18.546+0000] {taskinstance.py:441} INFO - ::group::Post task execution logs
[2024-06-05T00:59:18.574+0000] {taskinstance.py:1206} INFO - Marking task as SUCCESS. dag_id=dados_climaticos_estruturados, task_id=criar_pasta, run_id=scheduled__2024-05-30T05:45:00+00:00, execution_date=20240530T054500, start_date=20240605T005918, end_date=20240605T005918
[2024-06-05T00:59:18.644+0000] {local_task_job_runner.py:240} INFO - Task exited with return code 0
[2024-06-05T00:59:18.682+0000] {taskinstance.py:3498} INFO - 1 downstream tasks scheduled from follow-on schedule check
[2024-06-05T00:59:18.691+0000] {local_task_job_runner.py:222} INFO - ::endgroup::
[2024-06-05T01:39:14.042+0000] {local_task_job_runner.py:120} INFO - ::group::Pre task execution logs
[2024-06-05T01:39:14.118+0000] {taskinstance.py:2076} INFO - Dependencies all met for dep_context=non-requeueable deps ti=<TaskInstance: dados_climaticos_estruturados.criar_pasta scheduled__2024-05-30T05:45:00+00:00 [queued]>
[2024-06-05T01:39:14.147+0000] {taskinstance.py:2076} INFO - Dependencies all met for dep_context=requeueable deps ti=<TaskInstance: dados_climaticos_estruturados.criar_pasta scheduled__2024-05-30T05:45:00+00:00 [queued]>
[2024-06-05T01:39:14.149+0000] {taskinstance.py:2306} INFO - Starting attempt 1 of 1
[2024-06-05T01:39:14.205+0000] {taskinstance.py:2330} INFO - Executing <Task(PythonOperator): criar_pasta> on 2024-05-30 05:45:00+00:00
[2024-06-05T01:39:14.218+0000] {warnings.py:110} WARNING - /home/***/.local/lib/python3.12/site-packages/***/task/task_runner/standard_task_runner.py:61: DeprecationWarning: This process (pid=2439) is multi-threaded, use of fork() may lead to deadlocks in the child.
  pid = os.fork()

[2024-06-05T01:39:14.225+0000] {standard_task_runner.py:63} INFO - Started process 2468 to run task
[2024-06-05T01:39:14.225+0000] {standard_task_runner.py:90} INFO - Running: ['***', 'tasks', 'run', 'dados_climaticos_estruturados', 'criar_pasta', 'scheduled__2024-05-30T05:45:00+00:00', '--job-id', '772', '--raw', '--subdir', 'DAGS_FOLDER/weather/custom_dags/dados_climaticos_estruturados.py', '--cfg-path', '/tmp/tmpwkp8mehv']
[2024-06-05T01:39:14.228+0000] {standard_task_runner.py:91} INFO - Job 772: Subtask criar_pasta
[2024-06-05T01:39:14.335+0000] {task_command.py:426} INFO - Running <TaskInstance: dados_climaticos_estruturados.criar_pasta scheduled__2024-05-30T05:45:00+00:00 [running]> on host 80232deae70a
[2024-06-05T01:39:14.522+0000] {taskinstance.py:2648} INFO - Exporting env vars: AIRFLOW_CTX_DAG_OWNER='***' AIRFLOW_CTX_DAG_ID='dados_climaticos_estruturados' AIRFLOW_CTX_TASK_ID='criar_pasta' AIRFLOW_CTX_EXECUTION_DATE='2024-05-30T05:45:00+00:00' AIRFLOW_CTX_TRY_NUMBER='1' AIRFLOW_CTX_DAG_RUN_ID='scheduled__2024-05-30T05:45:00+00:00'
[2024-06-05T01:39:14.527+0000] {taskinstance.py:430} INFO - ::endgroup::
[2024-06-05T01:39:14.529+0000] {python.py:237} INFO - Done. Returned value was: None
[2024-06-05T01:39:14.530+0000] {taskinstance.py:441} INFO - ::group::Post task execution logs
[2024-06-05T01:39:14.549+0000] {taskinstance.py:1206} INFO - Marking task as SUCCESS. dag_id=dados_climaticos_estruturados, task_id=criar_pasta, run_id=scheduled__2024-05-30T05:45:00+00:00, execution_date=20240530T054500, start_date=20240605T013914, end_date=20240605T013914
[2024-06-05T01:39:14.613+0000] {local_task_job_runner.py:240} INFO - Task exited with return code 0
[2024-06-05T01:39:14.650+0000] {taskinstance.py:3498} INFO - 1 downstream tasks scheduled from follow-on schedule check
[2024-06-05T01:39:14.656+0000] {local_task_job_runner.py:222} INFO - ::endgroup::
