[2024-06-05T01:01:55.398+0000] {local_task_job_runner.py:120} INFO - ::group::Pre task execution logs
[2024-06-05T01:01:55.490+0000] {taskinstance.py:2076} INFO - Dependencies all met for dep_context=non-requeueable deps ti=<TaskInstance: dados_climaticos_estruturados.criar_pasta scheduled__2024-05-30T18:05:00+00:00 [queued]>
[2024-06-05T01:01:55.506+0000] {taskinstance.py:2076} INFO - Dependencies all met for dep_context=requeueable deps ti=<TaskInstance: dados_climaticos_estruturados.criar_pasta scheduled__2024-05-30T18:05:00+00:00 [queued]>
[2024-06-05T01:01:55.507+0000] {taskinstance.py:2306} INFO - Starting attempt 1 of 1
[2024-06-05T01:01:55.576+0000] {taskinstance.py:2330} INFO - Executing <Task(PythonOperator): criar_pasta> on 2024-05-30 18:05:00+00:00
[2024-06-05T01:01:55.600+0000] {warnings.py:110} WARNING - /home/***/.local/lib/python3.12/site-packages/***/task/task_runner/standard_task_runner.py:61: DeprecationWarning: This process (pid=3387) is multi-threaded, use of fork() may lead to deadlocks in the child.
  pid = os.fork()

[2024-06-05T01:01:55.613+0000] {standard_task_runner.py:63} INFO - Started process 3409 to run task
[2024-06-05T01:01:55.610+0000] {standard_task_runner.py:90} INFO - Running: ['***', 'tasks', 'run', 'dados_climaticos_estruturados', 'criar_pasta', 'scheduled__2024-05-30T18:05:00+00:00', '--job-id', '1461', '--raw', '--subdir', 'DAGS_FOLDER/weather/custom_dags/dados_climaticos_estruturados.py', '--cfg-path', '/tmp/tmp5hlsfe3b']
[2024-06-05T01:01:55.618+0000] {standard_task_runner.py:91} INFO - Job 1461: Subtask criar_pasta
[2024-06-05T01:01:55.779+0000] {task_command.py:426} INFO - Running <TaskInstance: dados_climaticos_estruturados.criar_pasta scheduled__2024-05-30T18:05:00+00:00 [running]> on host 6665b0710315
[2024-06-05T01:01:56.071+0000] {taskinstance.py:2648} INFO - Exporting env vars: AIRFLOW_CTX_DAG_OWNER='***' AIRFLOW_CTX_DAG_ID='dados_climaticos_estruturados' AIRFLOW_CTX_TASK_ID='criar_pasta' AIRFLOW_CTX_EXECUTION_DATE='2024-05-30T18:05:00+00:00' AIRFLOW_CTX_TRY_NUMBER='1' AIRFLOW_CTX_DAG_RUN_ID='scheduled__2024-05-30T18:05:00+00:00'
[2024-06-05T01:01:56.079+0000] {taskinstance.py:430} INFO - ::endgroup::
[2024-06-05T01:01:56.092+0000] {python.py:237} INFO - Done. Returned value was: None
[2024-06-05T01:01:56.097+0000] {taskinstance.py:441} INFO - ::group::Post task execution logs
[2024-06-05T01:01:56.134+0000] {taskinstance.py:1206} INFO - Marking task as SUCCESS. dag_id=dados_climaticos_estruturados, task_id=criar_pasta, run_id=scheduled__2024-05-30T18:05:00+00:00, execution_date=20240530T180500, start_date=20240605T010155, end_date=20240605T010156
[2024-06-05T01:01:56.186+0000] {local_task_job_runner.py:240} INFO - Task exited with return code 0
[2024-06-05T01:01:56.251+0000] {taskinstance.py:3498} INFO - 1 downstream tasks scheduled from follow-on schedule check
[2024-06-05T01:01:56.259+0000] {local_task_job_runner.py:222} INFO - ::endgroup::
[2024-06-05T01:41:33.857+0000] {local_task_job_runner.py:120} INFO - ::group::Pre task execution logs
[2024-06-05T01:41:33.929+0000] {taskinstance.py:2076} INFO - Dependencies all met for dep_context=non-requeueable deps ti=<TaskInstance: dados_climaticos_estruturados.criar_pasta scheduled__2024-05-30T18:05:00+00:00 [queued]>
[2024-06-05T01:41:33.948+0000] {taskinstance.py:2076} INFO - Dependencies all met for dep_context=requeueable deps ti=<TaskInstance: dados_climaticos_estruturados.criar_pasta scheduled__2024-05-30T18:05:00+00:00 [queued]>
[2024-06-05T01:41:33.951+0000] {taskinstance.py:2306} INFO - Starting attempt 1 of 1
[2024-06-05T01:41:34.008+0000] {taskinstance.py:2330} INFO - Executing <Task(PythonOperator): criar_pasta> on 2024-05-30 18:05:00+00:00
[2024-06-05T01:41:34.021+0000] {warnings.py:110} WARNING - /home/***/.local/lib/python3.12/site-packages/***/task/task_runner/standard_task_runner.py:61: DeprecationWarning: This process (pid=3357) is multi-threaded, use of fork() may lead to deadlocks in the child.
  pid = os.fork()

[2024-06-05T01:41:34.027+0000] {standard_task_runner.py:63} INFO - Started process 3382 to run task
[2024-06-05T01:41:34.030+0000] {standard_task_runner.py:90} INFO - Running: ['***', 'tasks', 'run', 'dados_climaticos_estruturados', 'criar_pasta', 'scheduled__2024-05-30T18:05:00+00:00', '--job-id', '1069', '--raw', '--subdir', 'DAGS_FOLDER/weather/custom_dags/dados_climaticos_estruturados.py', '--cfg-path', '/tmp/tmp0v22c8z6']
[2024-06-05T01:41:34.033+0000] {standard_task_runner.py:91} INFO - Job 1069: Subtask criar_pasta
[2024-06-05T01:41:34.150+0000] {task_command.py:426} INFO - Running <TaskInstance: dados_climaticos_estruturados.criar_pasta scheduled__2024-05-30T18:05:00+00:00 [running]> on host 80232deae70a
[2024-06-05T01:41:34.350+0000] {taskinstance.py:2648} INFO - Exporting env vars: AIRFLOW_CTX_DAG_OWNER='***' AIRFLOW_CTX_DAG_ID='dados_climaticos_estruturados' AIRFLOW_CTX_TASK_ID='criar_pasta' AIRFLOW_CTX_EXECUTION_DATE='2024-05-30T18:05:00+00:00' AIRFLOW_CTX_TRY_NUMBER='1' AIRFLOW_CTX_DAG_RUN_ID='scheduled__2024-05-30T18:05:00+00:00'
[2024-06-05T01:41:34.352+0000] {taskinstance.py:430} INFO - ::endgroup::
[2024-06-05T01:41:34.355+0000] {python.py:237} INFO - Done. Returned value was: None
[2024-06-05T01:41:34.357+0000] {taskinstance.py:441} INFO - ::group::Post task execution logs
[2024-06-05T01:41:34.391+0000] {taskinstance.py:1206} INFO - Marking task as SUCCESS. dag_id=dados_climaticos_estruturados, task_id=criar_pasta, run_id=scheduled__2024-05-30T18:05:00+00:00, execution_date=20240530T180500, start_date=20240605T014133, end_date=20240605T014134
[2024-06-05T01:41:34.466+0000] {local_task_job_runner.py:240} INFO - Task exited with return code 0
[2024-06-05T01:41:34.517+0000] {taskinstance.py:3498} INFO - 1 downstream tasks scheduled from follow-on schedule check
[2024-06-05T01:41:34.523+0000] {local_task_job_runner.py:222} INFO - ::endgroup::
