[2024-06-05T01:00:36.162+0000] {local_task_job_runner.py:120} INFO - ::group::Pre task execution logs
[2024-06-05T01:00:36.203+0000] {taskinstance.py:2076} INFO - Dependencies all met for dep_context=non-requeueable deps ti=<TaskInstance: dados_climaticos_estruturados.criar_pasta scheduled__2024-05-30T11:15:00+00:00 [queued]>
[2024-06-05T01:00:36.219+0000] {taskinstance.py:2076} INFO - Dependencies all met for dep_context=requeueable deps ti=<TaskInstance: dados_climaticos_estruturados.criar_pasta scheduled__2024-05-30T11:15:00+00:00 [queued]>
[2024-06-05T01:00:36.223+0000] {taskinstance.py:2306} INFO - Starting attempt 1 of 1
[2024-06-05T01:00:36.252+0000] {taskinstance.py:2330} INFO - Executing <Task(PythonOperator): criar_pasta> on 2024-05-30 11:15:00+00:00
[2024-06-05T01:00:36.274+0000] {warnings.py:110} WARNING - /home/***/.local/lib/python3.12/site-packages/***/task/task_runner/standard_task_runner.py:61: DeprecationWarning: This process (pid=2888) is multi-threaded, use of fork() may lead to deadlocks in the child.
  pid = os.fork()

[2024-06-05T01:00:36.277+0000] {standard_task_runner.py:63} INFO - Started process 2906 to run task
[2024-06-05T01:00:36.279+0000] {standard_task_runner.py:90} INFO - Running: ['***', 'tasks', 'run', 'dados_climaticos_estruturados', 'criar_pasta', 'scheduled__2024-05-30T11:15:00+00:00', '--job-id', '1299', '--raw', '--subdir', 'DAGS_FOLDER/weather/custom_dags/dados_climaticos_estruturados.py', '--cfg-path', '/tmp/tmp9j86e4oq']
[2024-06-05T01:00:36.282+0000] {standard_task_runner.py:91} INFO - Job 1299: Subtask criar_pasta
[2024-06-05T01:00:36.390+0000] {task_command.py:426} INFO - Running <TaskInstance: dados_climaticos_estruturados.criar_pasta scheduled__2024-05-30T11:15:00+00:00 [running]> on host 6665b0710315
[2024-06-05T01:00:36.587+0000] {taskinstance.py:2648} INFO - Exporting env vars: AIRFLOW_CTX_DAG_OWNER='***' AIRFLOW_CTX_DAG_ID='dados_climaticos_estruturados' AIRFLOW_CTX_TASK_ID='criar_pasta' AIRFLOW_CTX_EXECUTION_DATE='2024-05-30T11:15:00+00:00' AIRFLOW_CTX_TRY_NUMBER='1' AIRFLOW_CTX_DAG_RUN_ID='scheduled__2024-05-30T11:15:00+00:00'
[2024-06-05T01:00:36.590+0000] {taskinstance.py:430} INFO - ::endgroup::
[2024-06-05T01:00:36.592+0000] {python.py:237} INFO - Done. Returned value was: None
[2024-06-05T01:00:36.592+0000] {taskinstance.py:441} INFO - ::group::Post task execution logs
[2024-06-05T01:00:36.608+0000] {taskinstance.py:1206} INFO - Marking task as SUCCESS. dag_id=dados_climaticos_estruturados, task_id=criar_pasta, run_id=scheduled__2024-05-30T11:15:00+00:00, execution_date=20240530T111500, start_date=20240605T010036, end_date=20240605T010036
[2024-06-05T01:00:36.677+0000] {local_task_job_runner.py:240} INFO - Task exited with return code 0
[2024-06-05T01:00:36.743+0000] {taskinstance.py:3498} INFO - 1 downstream tasks scheduled from follow-on schedule check
[2024-06-05T01:00:36.751+0000] {local_task_job_runner.py:222} INFO - ::endgroup::
[2024-06-05T01:40:16.781+0000] {local_task_job_runner.py:120} INFO - ::group::Pre task execution logs
[2024-06-05T01:40:16.835+0000] {taskinstance.py:2076} INFO - Dependencies all met for dep_context=non-requeueable deps ti=<TaskInstance: dados_climaticos_estruturados.criar_pasta scheduled__2024-05-30T11:15:00+00:00 [queued]>
[2024-06-05T01:40:16.850+0000] {taskinstance.py:2076} INFO - Dependencies all met for dep_context=requeueable deps ti=<TaskInstance: dados_climaticos_estruturados.criar_pasta scheduled__2024-05-30T11:15:00+00:00 [queued]>
[2024-06-05T01:40:16.851+0000] {taskinstance.py:2306} INFO - Starting attempt 1 of 1
[2024-06-05T01:40:16.889+0000] {taskinstance.py:2330} INFO - Executing <Task(PythonOperator): criar_pasta> on 2024-05-30 11:15:00+00:00
[2024-06-05T01:40:16.931+0000] {standard_task_runner.py:90} INFO - Running: ['***', 'tasks', 'run', 'dados_climaticos_estruturados', 'criar_pasta', 'scheduled__2024-05-30T11:15:00+00:00', '--job-id', '904', '--raw', '--subdir', 'DAGS_FOLDER/weather/custom_dags/dados_climaticos_estruturados.py', '--cfg-path', '/tmp/tmpywmaumxv']
[2024-06-05T01:40:16.922+0000] {warnings.py:110} WARNING - /home/***/.local/lib/python3.12/site-packages/***/task/task_runner/standard_task_runner.py:61: DeprecationWarning: This process (pid=2840) is multi-threaded, use of fork() may lead to deadlocks in the child.
  pid = os.fork()

[2024-06-05T01:40:16.937+0000] {standard_task_runner.py:63} INFO - Started process 2876 to run task
[2024-06-05T01:40:16.933+0000] {standard_task_runner.py:91} INFO - Job 904: Subtask criar_pasta
[2024-06-05T01:40:17.078+0000] {task_command.py:426} INFO - Running <TaskInstance: dados_climaticos_estruturados.criar_pasta scheduled__2024-05-30T11:15:00+00:00 [running]> on host 80232deae70a
[2024-06-05T01:40:17.288+0000] {taskinstance.py:2648} INFO - Exporting env vars: AIRFLOW_CTX_DAG_OWNER='***' AIRFLOW_CTX_DAG_ID='dados_climaticos_estruturados' AIRFLOW_CTX_TASK_ID='criar_pasta' AIRFLOW_CTX_EXECUTION_DATE='2024-05-30T11:15:00+00:00' AIRFLOW_CTX_TRY_NUMBER='1' AIRFLOW_CTX_DAG_RUN_ID='scheduled__2024-05-30T11:15:00+00:00'
[2024-06-05T01:40:17.294+0000] {taskinstance.py:430} INFO - ::endgroup::
[2024-06-05T01:40:17.296+0000] {python.py:237} INFO - Done. Returned value was: None
[2024-06-05T01:40:17.297+0000] {taskinstance.py:441} INFO - ::group::Post task execution logs
[2024-06-05T01:40:17.319+0000] {taskinstance.py:1206} INFO - Marking task as SUCCESS. dag_id=dados_climaticos_estruturados, task_id=criar_pasta, run_id=scheduled__2024-05-30T11:15:00+00:00, execution_date=20240530T111500, start_date=20240605T014016, end_date=20240605T014017
[2024-06-05T01:40:17.418+0000] {local_task_job_runner.py:240} INFO - Task exited with return code 0
[2024-06-05T01:40:17.459+0000] {taskinstance.py:3498} INFO - 1 downstream tasks scheduled from follow-on schedule check
[2024-06-05T01:40:17.463+0000] {local_task_job_runner.py:222} INFO - ::endgroup::
