[2024-05-29T00:31:18.108+0000] {local_task_job_runner.py:120} INFO - ::group::Pre task execution logs
[2024-05-29T00:31:18.175+0000] {taskinstance.py:2076} INFO - Dependencies all met for dep_context=non-requeueable deps ti=<TaskInstance: dados_climaticos_estruturados.criar_pasta scheduled__2024-05-17T06:15:00+00:00 [queued]>
[2024-05-29T00:31:18.210+0000] {taskinstance.py:2076} INFO - Dependencies all met for dep_context=requeueable deps ti=<TaskInstance: dados_climaticos_estruturados.criar_pasta scheduled__2024-05-17T06:15:00+00:00 [queued]>
[2024-05-29T00:31:18.211+0000] {taskinstance.py:2306} INFO - Starting attempt 1 of 1
[2024-05-29T00:31:18.260+0000] {taskinstance.py:2330} INFO - Executing <Task(PythonOperator): criar_pasta> on 2024-05-17 06:15:00+00:00
[2024-05-29T00:31:18.276+0000] {warnings.py:110} WARNING - /home/***/.local/lib/python3.12/site-packages/***/task/task_runner/standard_task_runner.py:61: DeprecationWarning: This process (pid=254) is multi-threaded, use of fork() may lead to deadlocks in the child.
  pid = os.fork()

[2024-05-29T00:31:18.287+0000] {standard_task_runner.py:63} INFO - Started process 276 to run task
[2024-05-29T00:31:18.283+0000] {standard_task_runner.py:90} INFO - Running: ['***', 'tasks', 'run', 'dados_climaticos_estruturados', 'criar_pasta', 'scheduled__2024-05-17T06:15:00+00:00', '--job-id', '145', '--raw', '--subdir', 'DAGS_FOLDER/weather/custom_dags/dados_climaticos_estruturados.py', '--cfg-path', '/tmp/tmpwd8mgu9n']
[2024-05-29T00:31:18.291+0000] {standard_task_runner.py:91} INFO - Job 145: Subtask criar_pasta
[2024-05-29T00:31:18.455+0000] {task_command.py:426} INFO - Running <TaskInstance: dados_climaticos_estruturados.criar_pasta scheduled__2024-05-17T06:15:00+00:00 [running]> on host 0473b835f7f4
[2024-05-29T00:31:18.689+0000] {taskinstance.py:2648} INFO - Exporting env vars: AIRFLOW_CTX_DAG_OWNER='***' AIRFLOW_CTX_DAG_ID='dados_climaticos_estruturados' AIRFLOW_CTX_TASK_ID='criar_pasta' AIRFLOW_CTX_EXECUTION_DATE='2024-05-17T06:15:00+00:00' AIRFLOW_CTX_TRY_NUMBER='1' AIRFLOW_CTX_DAG_RUN_ID='scheduled__2024-05-17T06:15:00+00:00'
[2024-05-29T00:31:18.693+0000] {taskinstance.py:430} INFO - ::endgroup::
[2024-05-29T00:31:18.695+0000] {taskinstance.py:441} INFO - ::group::Post task execution logs
[2024-05-29T00:31:18.697+0000] {taskinstance.py:2905} ERROR - Task failed with exception
Traceback (most recent call last):
  File "/home/airflow/.local/lib/python3.12/site-packages/airflow/models/taskinstance.py", line 465, in _execute_task
    result = _execute_callable(context=context, **execute_callable_kwargs)
             ^^^^^^^^^^^^^^^^^^^^^^^^^^^^^^^^^^^^^^^^^^^^^^^^^^^^^^^^^^^^^
  File "/home/airflow/.local/lib/python3.12/site-packages/airflow/models/taskinstance.py", line 432, in _execute_callable
    return execute_callable(context=context, **execute_callable_kwargs)
           ^^^^^^^^^^^^^^^^^^^^^^^^^^^^^^^^^^^^^^^^^^^^^^^^^^^^^^^^^^^^
  File "/home/airflow/.local/lib/python3.12/site-packages/airflow/models/baseoperator.py", line 400, in wrapper
    return func(self, *args, **kwargs)
           ^^^^^^^^^^^^^^^^^^^^^^^^^^^
  File "/home/airflow/.local/lib/python3.12/site-packages/airflow/operators/python.py", line 235, in execute
    return_value = self.execute_callable()
                   ^^^^^^^^^^^^^^^^^^^^^^^
  File "/home/airflow/.local/lib/python3.12/site-packages/airflow/operators/python.py", line 252, in execute_callable
    return self.python_callable(*self.op_args, **self.op_kwargs)
           ^^^^^^^^^^^^^^^^^^^^^^^^^^^^^^^^^^^^^^^^^^^^^^^^^^^^^
  File "/opt/airflow/dags/weather/custom_dags/dados_climaticos_estruturados.py", line 18, in pegar_data_e_criar_pasta
    Path(caminho).mkdir(parents=True, exist_ok=True)
    ^^^^
NameError: name 'Path' is not defined
[2024-05-29T00:31:18.722+0000] {taskinstance.py:1206} INFO - Marking task as FAILED. dag_id=dados_climaticos_estruturados, task_id=criar_pasta, run_id=scheduled__2024-05-17T06:15:00+00:00, execution_date=20240517T061500, start_date=20240529T003118, end_date=20240529T003118
[2024-05-29T00:31:18.765+0000] {standard_task_runner.py:110} ERROR - Failed to execute job 145 for task criar_pasta (name 'Path' is not defined; 276)
[2024-05-29T00:31:18.806+0000] {local_task_job_runner.py:240} INFO - Task exited with return code 1
[2024-05-29T00:31:18.867+0000] {taskinstance.py:3498} INFO - 0 downstream tasks scheduled from follow-on schedule check
[2024-05-29T00:31:18.881+0000] {local_task_job_runner.py:222} INFO - ::endgroup::
[2024-05-29T01:42:41.799+0000] {local_task_job_runner.py:120} INFO - ::group::Pre task execution logs
[2024-05-29T01:42:41.936+0000] {taskinstance.py:2076} INFO - Dependencies all met for dep_context=non-requeueable deps ti=<TaskInstance: dados_climaticos_estruturados.criar_pasta scheduled__2024-05-17T06:15:00+00:00 [queued]>
[2024-05-29T01:42:42.005+0000] {taskinstance.py:2076} INFO - Dependencies all met for dep_context=requeueable deps ti=<TaskInstance: dados_climaticos_estruturados.criar_pasta scheduled__2024-05-17T06:15:00+00:00 [queued]>
[2024-05-29T01:42:42.012+0000] {taskinstance.py:2306} INFO - Starting attempt 1 of 1
[2024-05-29T01:42:42.165+0000] {taskinstance.py:2330} INFO - Executing <Task(PythonOperator): criar_pasta> on 2024-05-17 06:15:00+00:00
[2024-05-29T01:42:42.224+0000] {standard_task_runner.py:90} INFO - Running: ['***', 'tasks', 'run', 'dados_climaticos_estruturados', 'criar_pasta', 'scheduled__2024-05-17T06:15:00+00:00', '--job-id', '211', '--raw', '--subdir', 'DAGS_FOLDER/weather/custom_dags/dados_climaticos_estruturados.py', '--cfg-path', '/tmp/tmp9rj449ak']
[2024-05-29T01:42:42.235+0000] {standard_task_runner.py:91} INFO - Job 211: Subtask criar_pasta
[2024-05-29T01:42:42.220+0000] {warnings.py:110} WARNING - /home/***/.local/lib/python3.12/site-packages/***/task/task_runner/standard_task_runner.py:61: DeprecationWarning: This process (pid=250) is multi-threaded, use of fork() may lead to deadlocks in the child.
  pid = os.fork()

[2024-05-29T01:42:42.250+0000] {standard_task_runner.py:63} INFO - Started process 283 to run task
[2024-05-29T01:42:42.429+0000] {task_command.py:426} INFO - Running <TaskInstance: dados_climaticos_estruturados.criar_pasta scheduled__2024-05-17T06:15:00+00:00 [running]> on host 6665b0710315
[2024-05-29T01:42:42.687+0000] {taskinstance.py:2648} INFO - Exporting env vars: AIRFLOW_CTX_DAG_OWNER='***' AIRFLOW_CTX_DAG_ID='dados_climaticos_estruturados' AIRFLOW_CTX_TASK_ID='criar_pasta' AIRFLOW_CTX_EXECUTION_DATE='2024-05-17T06:15:00+00:00' AIRFLOW_CTX_TRY_NUMBER='1' AIRFLOW_CTX_DAG_RUN_ID='scheduled__2024-05-17T06:15:00+00:00'
[2024-05-29T01:42:42.690+0000] {taskinstance.py:430} INFO - ::endgroup::
[2024-05-29T01:42:42.701+0000] {python.py:237} INFO - Done. Returned value was: None
[2024-05-29T01:42:42.704+0000] {taskinstance.py:441} INFO - ::group::Post task execution logs
[2024-05-29T01:42:42.732+0000] {taskinstance.py:1206} INFO - Marking task as SUCCESS. dag_id=dados_climaticos_estruturados, task_id=criar_pasta, run_id=scheduled__2024-05-17T06:15:00+00:00, execution_date=20240517T061500, start_date=20240529T014241, end_date=20240529T014242
[2024-05-29T01:42:42.817+0000] {local_task_job_runner.py:240} INFO - Task exited with return code 0
[2024-05-29T01:42:42.866+0000] {taskinstance.py:3498} INFO - 1 downstream tasks scheduled from follow-on schedule check
[2024-05-29T01:42:42.880+0000] {local_task_job_runner.py:222} INFO - ::endgroup::
