[2024-06-05T01:01:23.920+0000] {local_task_job_runner.py:120} INFO - ::group::Pre task execution logs
[2024-06-05T01:01:23.953+0000] {taskinstance.py:2076} INFO - Dependencies all met for dep_context=non-requeueable deps ti=<TaskInstance: dados_climaticos_estruturados.criar_pasta scheduled__2024-05-30T15:25:00+00:00 [queued]>
[2024-06-05T01:01:23.964+0000] {taskinstance.py:2076} INFO - Dependencies all met for dep_context=requeueable deps ti=<TaskInstance: dados_climaticos_estruturados.criar_pasta scheduled__2024-05-30T15:25:00+00:00 [queued]>
[2024-06-05T01:01:23.965+0000] {taskinstance.py:2306} INFO - Starting attempt 1 of 1
[2024-06-05T01:01:23.987+0000] {taskinstance.py:2330} INFO - Executing <Task(PythonOperator): criar_pasta> on 2024-05-30 15:25:00+00:00
[2024-06-05T01:01:23.997+0000] {warnings.py:110} WARNING - /home/***/.local/lib/python3.12/site-packages/***/task/task_runner/standard_task_runner.py:61: DeprecationWarning: This process (pid=3188) is multi-threaded, use of fork() may lead to deadlocks in the child.
  pid = os.fork()

[2024-06-05T01:01:23.999+0000] {standard_task_runner.py:63} INFO - Started process 3201 to run task
[2024-06-05T01:01:23.999+0000] {standard_task_runner.py:90} INFO - Running: ['***', 'tasks', 'run', 'dados_climaticos_estruturados', 'criar_pasta', 'scheduled__2024-05-30T15:25:00+00:00', '--job-id', '1397', '--raw', '--subdir', 'DAGS_FOLDER/weather/custom_dags/dados_climaticos_estruturados.py', '--cfg-path', '/tmp/tmpdprcrlls']
[2024-06-05T01:01:24.001+0000] {standard_task_runner.py:91} INFO - Job 1397: Subtask criar_pasta
[2024-06-05T01:01:24.066+0000] {task_command.py:426} INFO - Running <TaskInstance: dados_climaticos_estruturados.criar_pasta scheduled__2024-05-30T15:25:00+00:00 [running]> on host 6665b0710315
[2024-06-05T01:01:24.249+0000] {taskinstance.py:2648} INFO - Exporting env vars: AIRFLOW_CTX_DAG_OWNER='***' AIRFLOW_CTX_DAG_ID='dados_climaticos_estruturados' AIRFLOW_CTX_TASK_ID='criar_pasta' AIRFLOW_CTX_EXECUTION_DATE='2024-05-30T15:25:00+00:00' AIRFLOW_CTX_TRY_NUMBER='1' AIRFLOW_CTX_DAG_RUN_ID='scheduled__2024-05-30T15:25:00+00:00'
[2024-06-05T01:01:24.253+0000] {taskinstance.py:430} INFO - ::endgroup::
[2024-06-05T01:01:24.254+0000] {python.py:237} INFO - Done. Returned value was: None
[2024-06-05T01:01:24.258+0000] {taskinstance.py:441} INFO - ::group::Post task execution logs
[2024-06-05T01:01:24.274+0000] {taskinstance.py:1206} INFO - Marking task as SUCCESS. dag_id=dados_climaticos_estruturados, task_id=criar_pasta, run_id=scheduled__2024-05-30T15:25:00+00:00, execution_date=20240530T152500, start_date=20240605T010123, end_date=20240605T010124
[2024-06-05T01:01:24.352+0000] {local_task_job_runner.py:240} INFO - Task exited with return code 0
[2024-06-05T01:01:24.374+0000] {local_task_job_runner.py:222} INFO - ::endgroup::
[2024-06-05T01:41:00.482+0000] {local_task_job_runner.py:120} INFO - ::group::Pre task execution logs
[2024-06-05T01:41:00.522+0000] {taskinstance.py:2076} INFO - Dependencies all met for dep_context=non-requeueable deps ti=<TaskInstance: dados_climaticos_estruturados.criar_pasta scheduled__2024-05-30T15:25:00+00:00 [queued]>
[2024-06-05T01:41:00.538+0000] {taskinstance.py:2076} INFO - Dependencies all met for dep_context=requeueable deps ti=<TaskInstance: dados_climaticos_estruturados.criar_pasta scheduled__2024-05-30T15:25:00+00:00 [queued]>
[2024-06-05T01:41:00.538+0000] {taskinstance.py:2306} INFO - Starting attempt 1 of 1
[2024-06-05T01:41:00.581+0000] {taskinstance.py:2330} INFO - Executing <Task(PythonOperator): criar_pasta> on 2024-05-30 15:25:00+00:00
[2024-06-05T01:41:00.602+0000] {warnings.py:110} WARNING - /home/***/.local/lib/python3.12/site-packages/***/task/task_runner/standard_task_runner.py:61: DeprecationWarning: This process (pid=3159) is multi-threaded, use of fork() may lead to deadlocks in the child.
  pid = os.fork()

[2024-06-05T01:41:00.606+0000] {standard_task_runner.py:63} INFO - Started process 3187 to run task
[2024-06-05T01:41:00.608+0000] {standard_task_runner.py:90} INFO - Running: ['***', 'tasks', 'run', 'dados_climaticos_estruturados', 'criar_pasta', 'scheduled__2024-05-30T15:25:00+00:00', '--job-id', '1006', '--raw', '--subdir', 'DAGS_FOLDER/weather/custom_dags/dados_climaticos_estruturados.py', '--cfg-path', '/tmp/tmpm1jl5l6v']
[2024-06-05T01:41:00.613+0000] {standard_task_runner.py:91} INFO - Job 1006: Subtask criar_pasta
[2024-06-05T01:41:00.781+0000] {task_command.py:426} INFO - Running <TaskInstance: dados_climaticos_estruturados.criar_pasta scheduled__2024-05-30T15:25:00+00:00 [running]> on host 80232deae70a
[2024-06-05T01:41:01.001+0000] {taskinstance.py:2648} INFO - Exporting env vars: AIRFLOW_CTX_DAG_OWNER='***' AIRFLOW_CTX_DAG_ID='dados_climaticos_estruturados' AIRFLOW_CTX_TASK_ID='criar_pasta' AIRFLOW_CTX_EXECUTION_DATE='2024-05-30T15:25:00+00:00' AIRFLOW_CTX_TRY_NUMBER='1' AIRFLOW_CTX_DAG_RUN_ID='scheduled__2024-05-30T15:25:00+00:00'
[2024-06-05T01:41:01.011+0000] {taskinstance.py:430} INFO - ::endgroup::
[2024-06-05T01:41:01.014+0000] {python.py:237} INFO - Done. Returned value was: None
[2024-06-05T01:41:01.015+0000] {taskinstance.py:441} INFO - ::group::Post task execution logs
[2024-06-05T01:41:01.041+0000] {taskinstance.py:1206} INFO - Marking task as SUCCESS. dag_id=dados_climaticos_estruturados, task_id=criar_pasta, run_id=scheduled__2024-05-30T15:25:00+00:00, execution_date=20240530T152500, start_date=20240605T014100, end_date=20240605T014101
[2024-06-05T01:41:01.122+0000] {local_task_job_runner.py:240} INFO - Task exited with return code 0
[2024-06-05T01:41:01.151+0000] {local_task_job_runner.py:222} INFO - ::endgroup::
