[2024-06-05T00:56:11.537+0000] {local_task_job_runner.py:120} INFO - ::group::Pre task execution logs
[2024-06-05T00:56:11.569+0000] {taskinstance.py:2076} INFO - Dependencies all met for dep_context=non-requeueable deps ti=<TaskInstance: dados_climaticos_estruturados.criar_pasta scheduled__2024-05-29T14:00:00+00:00 [queued]>
[2024-06-05T00:56:11.583+0000] {taskinstance.py:2076} INFO - Dependencies all met for dep_context=requeueable deps ti=<TaskInstance: dados_climaticos_estruturados.criar_pasta scheduled__2024-05-29T14:00:00+00:00 [queued]>
[2024-06-05T00:56:11.584+0000] {taskinstance.py:2306} INFO - Starting attempt 1 of 1
[2024-06-05T00:56:11.607+0000] {taskinstance.py:2330} INFO - Executing <Task(PythonOperator): criar_pasta> on 2024-05-29 14:00:00+00:00
[2024-06-05T00:56:11.619+0000] {warnings.py:110} WARNING - /home/***/.local/lib/python3.12/site-packages/***/task/task_runner/standard_task_runner.py:61: DeprecationWarning: This process (pid=1262) is multi-threaded, use of fork() may lead to deadlocks in the child.
  pid = os.fork()

[2024-06-05T00:56:11.622+0000] {standard_task_runner.py:63} INFO - Started process 1292 to run task
[2024-06-05T00:56:11.625+0000] {standard_task_runner.py:90} INFO - Running: ['***', 'tasks', 'run', 'dados_climaticos_estruturados', 'criar_pasta', 'scheduled__2024-05-29T14:00:00+00:00', '--job-id', '779', '--raw', '--subdir', 'DAGS_FOLDER/weather/custom_dags/dados_climaticos_estruturados.py', '--cfg-path', '/tmp/tmp4dt4__yz']
[2024-06-05T00:56:11.627+0000] {standard_task_runner.py:91} INFO - Job 779: Subtask criar_pasta
[2024-06-05T00:56:11.705+0000] {task_command.py:426} INFO - Running <TaskInstance: dados_climaticos_estruturados.criar_pasta scheduled__2024-05-29T14:00:00+00:00 [running]> on host 6665b0710315
[2024-06-05T00:56:11.835+0000] {taskinstance.py:2648} INFO - Exporting env vars: AIRFLOW_CTX_DAG_OWNER='***' AIRFLOW_CTX_DAG_ID='dados_climaticos_estruturados' AIRFLOW_CTX_TASK_ID='criar_pasta' AIRFLOW_CTX_EXECUTION_DATE='2024-05-29T14:00:00+00:00' AIRFLOW_CTX_TRY_NUMBER='1' AIRFLOW_CTX_DAG_RUN_ID='scheduled__2024-05-29T14:00:00+00:00'
[2024-06-05T00:56:11.837+0000] {taskinstance.py:430} INFO - ::endgroup::
[2024-06-05T00:56:11.839+0000] {python.py:237} INFO - Done. Returned value was: None
[2024-06-05T00:56:11.840+0000] {taskinstance.py:441} INFO - ::group::Post task execution logs
[2024-06-05T00:56:11.853+0000] {taskinstance.py:1206} INFO - Marking task as SUCCESS. dag_id=dados_climaticos_estruturados, task_id=criar_pasta, run_id=scheduled__2024-05-29T14:00:00+00:00, execution_date=20240529T140000, start_date=20240605T005611, end_date=20240605T005611
[2024-06-05T00:56:11.890+0000] {local_task_job_runner.py:240} INFO - Task exited with return code 0
[2024-06-05T00:56:11.924+0000] {taskinstance.py:3498} INFO - 1 downstream tasks scheduled from follow-on schedule check
[2024-06-05T00:56:11.926+0000] {local_task_job_runner.py:222} INFO - ::endgroup::
[2024-06-05T01:36:10.922+0000] {local_task_job_runner.py:120} INFO - ::group::Pre task execution logs
[2024-06-05T01:36:11.023+0000] {taskinstance.py:2076} INFO - Dependencies all met for dep_context=non-requeueable deps ti=<TaskInstance: dados_climaticos_estruturados.criar_pasta scheduled__2024-05-29T14:00:00+00:00 [queued]>
[2024-06-05T01:36:11.066+0000] {taskinstance.py:2076} INFO - Dependencies all met for dep_context=requeueable deps ti=<TaskInstance: dados_climaticos_estruturados.criar_pasta scheduled__2024-05-29T14:00:00+00:00 [queued]>
[2024-06-05T01:36:11.071+0000] {taskinstance.py:2306} INFO - Starting attempt 1 of 1
[2024-06-05T01:36:11.162+0000] {taskinstance.py:2330} INFO - Executing <Task(PythonOperator): criar_pasta> on 2024-05-29 14:00:00+00:00
[2024-06-05T01:36:11.225+0000] {warnings.py:110} WARNING - /home/***/.local/lib/python3.12/site-packages/***/task/task_runner/standard_task_runner.py:61: DeprecationWarning: This process (pid=1266) is multi-threaded, use of fork() may lead to deadlocks in the child.
  pid = os.fork()

[2024-06-05T01:36:11.237+0000] {standard_task_runner.py:63} INFO - Started process 1293 to run task
[2024-06-05T01:36:11.245+0000] {standard_task_runner.py:90} INFO - Running: ['***', 'tasks', 'run', 'dados_climaticos_estruturados', 'criar_pasta', 'scheduled__2024-05-29T14:00:00+00:00', '--job-id', '394', '--raw', '--subdir', 'DAGS_FOLDER/weather/custom_dags/dados_climaticos_estruturados.py', '--cfg-path', '/tmp/tmpmcrimh4j']
[2024-06-05T01:36:11.249+0000] {standard_task_runner.py:91} INFO - Job 394: Subtask criar_pasta
[2024-06-05T01:36:11.429+0000] {task_command.py:426} INFO - Running <TaskInstance: dados_climaticos_estruturados.criar_pasta scheduled__2024-05-29T14:00:00+00:00 [running]> on host 80232deae70a
[2024-06-05T01:36:11.750+0000] {taskinstance.py:2648} INFO - Exporting env vars: AIRFLOW_CTX_DAG_OWNER='***' AIRFLOW_CTX_DAG_ID='dados_climaticos_estruturados' AIRFLOW_CTX_TASK_ID='criar_pasta' AIRFLOW_CTX_EXECUTION_DATE='2024-05-29T14:00:00+00:00' AIRFLOW_CTX_TRY_NUMBER='1' AIRFLOW_CTX_DAG_RUN_ID='scheduled__2024-05-29T14:00:00+00:00'
[2024-06-05T01:36:11.764+0000] {taskinstance.py:430} INFO - ::endgroup::
[2024-06-05T01:36:11.772+0000] {python.py:237} INFO - Done. Returned value was: None
[2024-06-05T01:36:11.773+0000] {taskinstance.py:441} INFO - ::group::Post task execution logs
[2024-06-05T01:36:11.808+0000] {taskinstance.py:1206} INFO - Marking task as SUCCESS. dag_id=dados_climaticos_estruturados, task_id=criar_pasta, run_id=scheduled__2024-05-29T14:00:00+00:00, execution_date=20240529T140000, start_date=20240605T013611, end_date=20240605T013611
[2024-06-05T01:36:11.942+0000] {local_task_job_runner.py:240} INFO - Task exited with return code 0
[2024-06-05T01:36:11.970+0000] {local_task_job_runner.py:222} INFO - ::endgroup::
