[2024-05-25T19:03:33.362+0000] {processor.py:161} INFO - Started process (PID=35) to work on /opt/airflow/dags/weather/custom_dags/dados_climaticos_estruturados.py
[2024-05-25T19:03:33.363+0000] {processor.py:830} INFO - Processing file /opt/airflow/dags/weather/custom_dags/dados_climaticos_estruturados.py for tasks to queue
[2024-05-25T19:03:33.366+0000] {logging_mixin.py:188} INFO - [2024-05-25T19:03:33.365+0000] {dagbag.py:545} INFO - Filling up the DagBag from /opt/airflow/dags/weather/custom_dags/dados_climaticos_estruturados.py
[2024-05-25T19:03:34.472+0000] {processor.py:840} INFO - DAG(s) 'dados_climaticos_estruturados' retrieved from /opt/airflow/dags/weather/custom_dags/dados_climaticos_estruturados.py
[2024-05-25T19:03:34.720+0000] {logging_mixin.py:188} INFO - [2024-05-25T19:03:34.719+0000] {override.py:1829} INFO - Created Permission View: can edit on DAG:dados_climaticos_estruturados
[2024-05-25T19:03:34.730+0000] {logging_mixin.py:188} INFO - [2024-05-25T19:03:34.730+0000] {override.py:1829} INFO - Created Permission View: can read on DAG:dados_climaticos_estruturados
[2024-05-25T19:03:34.736+0000] {logging_mixin.py:188} INFO - [2024-05-25T19:03:34.736+0000] {override.py:1829} INFO - Created Permission View: can delete on DAG:dados_climaticos_estruturados
[2024-05-25T19:03:34.737+0000] {logging_mixin.py:188} INFO - [2024-05-25T19:03:34.737+0000] {dag.py:3096} INFO - Sync 1 DAGs
[2024-05-25T19:03:34.746+0000] {logging_mixin.py:188} INFO - [2024-05-25T19:03:34.745+0000] {dag.py:3118} INFO - Creating ORM DAG for dados_climaticos_estruturados
[2024-05-25T19:03:34.755+0000] {logging_mixin.py:188} INFO - [2024-05-25T19:03:34.754+0000] {dag.py:3954} INFO - Setting next_dagrun for dados_climaticos_estruturados to 2024-05-16 21:25:00+00:00, run_after=2024-05-16 21:30:00+00:00
[2024-05-25T19:03:34.767+0000] {processor.py:183} INFO - Processing /opt/airflow/dags/weather/custom_dags/dados_climaticos_estruturados.py took 1.413 seconds
[2024-05-25T19:04:04.815+0000] {processor.py:161} INFO - Started process (PID=101) to work on /opt/airflow/dags/weather/custom_dags/dados_climaticos_estruturados.py
[2024-05-25T19:04:04.815+0000] {processor.py:830} INFO - Processing file /opt/airflow/dags/weather/custom_dags/dados_climaticos_estruturados.py for tasks to queue
[2024-05-25T19:04:04.817+0000] {logging_mixin.py:188} INFO - [2024-05-25T19:04:04.817+0000] {dagbag.py:545} INFO - Filling up the DagBag from /opt/airflow/dags/weather/custom_dags/dados_climaticos_estruturados.py
[2024-05-25T19:04:05.133+0000] {processor.py:840} INFO - DAG(s) 'dados_climaticos_estruturados' retrieved from /opt/airflow/dags/weather/custom_dags/dados_climaticos_estruturados.py
[2024-05-25T19:04:05.144+0000] {logging_mixin.py:188} INFO - [2024-05-25T19:04:05.144+0000] {dag.py:3096} INFO - Sync 1 DAGs
[2024-05-25T19:04:05.158+0000] {logging_mixin.py:188} INFO - [2024-05-25T19:04:05.157+0000] {dag.py:3954} INFO - Setting next_dagrun for dados_climaticos_estruturados to 2024-05-16 21:25:00+00:00, run_after=2024-05-16 21:30:00+00:00
[2024-05-25T19:04:05.175+0000] {processor.py:183} INFO - Processing /opt/airflow/dags/weather/custom_dags/dados_climaticos_estruturados.py took 0.365 seconds
[2024-05-25T19:04:35.373+0000] {processor.py:161} INFO - Started process (PID=155) to work on /opt/airflow/dags/weather/custom_dags/dados_climaticos_estruturados.py
[2024-05-25T19:04:35.374+0000] {processor.py:830} INFO - Processing file /opt/airflow/dags/weather/custom_dags/dados_climaticos_estruturados.py for tasks to queue
[2024-05-25T19:04:35.376+0000] {logging_mixin.py:188} INFO - [2024-05-25T19:04:35.376+0000] {dagbag.py:545} INFO - Filling up the DagBag from /opt/airflow/dags/weather/custom_dags/dados_climaticos_estruturados.py
[2024-05-25T19:04:35.766+0000] {processor.py:840} INFO - DAG(s) 'dados_climaticos_estruturados' retrieved from /opt/airflow/dags/weather/custom_dags/dados_climaticos_estruturados.py
[2024-05-25T19:04:35.778+0000] {logging_mixin.py:188} INFO - [2024-05-25T19:04:35.778+0000] {dag.py:3096} INFO - Sync 1 DAGs
[2024-05-25T19:04:35.793+0000] {logging_mixin.py:188} INFO - [2024-05-25T19:04:35.793+0000] {dag.py:3954} INFO - Setting next_dagrun for dados_climaticos_estruturados to 2024-05-16 21:25:00+00:00, run_after=2024-05-16 21:30:00+00:00
[2024-05-25T19:04:35.807+0000] {processor.py:183} INFO - Processing /opt/airflow/dags/weather/custom_dags/dados_climaticos_estruturados.py took 0.439 seconds
[2024-05-25T19:05:06.034+0000] {processor.py:161} INFO - Started process (PID=215) to work on /opt/airflow/dags/weather/custom_dags/dados_climaticos_estruturados.py
[2024-05-25T19:05:06.035+0000] {processor.py:830} INFO - Processing file /opt/airflow/dags/weather/custom_dags/dados_climaticos_estruturados.py for tasks to queue
[2024-05-25T19:05:06.039+0000] {logging_mixin.py:188} INFO - [2024-05-25T19:05:06.038+0000] {dagbag.py:545} INFO - Filling up the DagBag from /opt/airflow/dags/weather/custom_dags/dados_climaticos_estruturados.py
[2024-05-25T19:05:06.602+0000] {processor.py:840} INFO - DAG(s) 'dados_climaticos_estruturados' retrieved from /opt/airflow/dags/weather/custom_dags/dados_climaticos_estruturados.py
[2024-05-25T19:05:06.620+0000] {logging_mixin.py:188} INFO - [2024-05-25T19:05:06.619+0000] {dag.py:3096} INFO - Sync 1 DAGs
[2024-05-25T19:05:06.648+0000] {logging_mixin.py:188} INFO - [2024-05-25T19:05:06.648+0000] {dag.py:3954} INFO - Setting next_dagrun for dados_climaticos_estruturados to 2024-05-17 00:05:00+00:00, run_after=2024-05-17 00:10:00+00:00
[2024-05-25T19:05:06.668+0000] {processor.py:183} INFO - Processing /opt/airflow/dags/weather/custom_dags/dados_climaticos_estruturados.py took 0.642 seconds
[2024-05-25T19:05:36.793+0000] {processor.py:161} INFO - Started process (PID=280) to work on /opt/airflow/dags/weather/custom_dags/dados_climaticos_estruturados.py
[2024-05-25T19:05:36.795+0000] {processor.py:830} INFO - Processing file /opt/airflow/dags/weather/custom_dags/dados_climaticos_estruturados.py for tasks to queue
[2024-05-25T19:05:36.798+0000] {logging_mixin.py:188} INFO - [2024-05-25T19:05:36.797+0000] {dagbag.py:545} INFO - Filling up the DagBag from /opt/airflow/dags/weather/custom_dags/dados_climaticos_estruturados.py
[2024-05-25T19:05:37.293+0000] {processor.py:840} INFO - DAG(s) 'dados_climaticos_estruturados' retrieved from /opt/airflow/dags/weather/custom_dags/dados_climaticos_estruturados.py
[2024-05-25T19:05:37.309+0000] {logging_mixin.py:188} INFO - [2024-05-25T19:05:37.308+0000] {dag.py:3096} INFO - Sync 1 DAGs
[2024-05-25T19:05:37.327+0000] {logging_mixin.py:188} INFO - [2024-05-25T19:05:37.326+0000] {dag.py:3954} INFO - Setting next_dagrun for dados_climaticos_estruturados to 2024-05-17 04:15:00+00:00, run_after=2024-05-17 04:20:00+00:00
[2024-05-25T19:05:37.342+0000] {processor.py:183} INFO - Processing /opt/airflow/dags/weather/custom_dags/dados_climaticos_estruturados.py took 0.557 seconds
