[2024-06-05T01:02:59.932+0000] {local_task_job_runner.py:120} INFO - ::group::Pre task execution logs
[2024-06-05T01:02:59.955+0000] {taskinstance.py:2076} INFO - Dependencies all met for dep_context=non-requeueable deps ti=<TaskInstance: dados_climaticos_estruturados.criar_pasta scheduled__2024-05-30T23:10:00+00:00 [queued]>
[2024-06-05T01:02:59.964+0000] {taskinstance.py:2076} INFO - Dependencies all met for dep_context=requeueable deps ti=<TaskInstance: dados_climaticos_estruturados.criar_pasta scheduled__2024-05-30T23:10:00+00:00 [queued]>
[2024-06-05T01:02:59.965+0000] {taskinstance.py:2306} INFO - Starting attempt 1 of 1
[2024-06-05T01:02:59.981+0000] {taskinstance.py:2330} INFO - Executing <Task(PythonOperator): criar_pasta> on 2024-05-30 23:10:00+00:00
[2024-06-05T01:02:59.987+0000] {warnings.py:110} WARNING - /home/***/.local/lib/python3.12/site-packages/***/task/task_runner/standard_task_runner.py:61: DeprecationWarning: This process (pid=3779) is multi-threaded, use of fork() may lead to deadlocks in the child.
  pid = os.fork()

[2024-06-05T01:02:59.989+0000] {standard_task_runner.py:63} INFO - Started process 3781 to run task
[2024-06-05T01:02:59.990+0000] {standard_task_runner.py:90} INFO - Running: ['***', 'tasks', 'run', 'dados_climaticos_estruturados', 'criar_pasta', 'scheduled__2024-05-30T23:10:00+00:00', '--job-id', '1587', '--raw', '--subdir', 'DAGS_FOLDER/weather/custom_dags/dados_climaticos_estruturados.py', '--cfg-path', '/tmp/tmptlo1o_43']
[2024-06-05T01:02:59.991+0000] {standard_task_runner.py:91} INFO - Job 1587: Subtask criar_pasta
[2024-06-05T01:03:00.046+0000] {task_command.py:426} INFO - Running <TaskInstance: dados_climaticos_estruturados.criar_pasta scheduled__2024-05-30T23:10:00+00:00 [running]> on host 6665b0710315
[2024-06-05T01:03:00.160+0000] {taskinstance.py:2648} INFO - Exporting env vars: AIRFLOW_CTX_DAG_OWNER='***' AIRFLOW_CTX_DAG_ID='dados_climaticos_estruturados' AIRFLOW_CTX_TASK_ID='criar_pasta' AIRFLOW_CTX_EXECUTION_DATE='2024-05-30T23:10:00+00:00' AIRFLOW_CTX_TRY_NUMBER='1' AIRFLOW_CTX_DAG_RUN_ID='scheduled__2024-05-30T23:10:00+00:00'
[2024-06-05T01:03:00.163+0000] {taskinstance.py:430} INFO - ::endgroup::
[2024-06-05T01:03:00.164+0000] {python.py:237} INFO - Done. Returned value was: None
[2024-06-05T01:03:00.164+0000] {taskinstance.py:441} INFO - ::group::Post task execution logs
[2024-06-05T01:03:00.176+0000] {taskinstance.py:1206} INFO - Marking task as SUCCESS. dag_id=dados_climaticos_estruturados, task_id=criar_pasta, run_id=scheduled__2024-05-30T23:10:00+00:00, execution_date=20240530T231000, start_date=20240605T010259, end_date=20240605T010300
[2024-06-05T01:03:00.211+0000] {local_task_job_runner.py:240} INFO - Task exited with return code 0
[2024-06-05T01:03:00.232+0000] {taskinstance.py:3498} INFO - 1 downstream tasks scheduled from follow-on schedule check
[2024-06-05T01:03:00.234+0000] {local_task_job_runner.py:222} INFO - ::endgroup::
[2024-06-05T01:42:30.568+0000] {local_task_job_runner.py:120} INFO - ::group::Pre task execution logs
[2024-06-05T01:42:30.608+0000] {taskinstance.py:2076} INFO - Dependencies all met for dep_context=non-requeueable deps ti=<TaskInstance: dados_climaticos_estruturados.criar_pasta scheduled__2024-05-30T23:10:00+00:00 [queued]>
[2024-06-05T01:42:30.624+0000] {taskinstance.py:2076} INFO - Dependencies all met for dep_context=requeueable deps ti=<TaskInstance: dados_climaticos_estruturados.criar_pasta scheduled__2024-05-30T23:10:00+00:00 [queued]>
[2024-06-05T01:42:30.625+0000] {taskinstance.py:2306} INFO - Starting attempt 1 of 1
[2024-06-05T01:42:30.646+0000] {taskinstance.py:2330} INFO - Executing <Task(PythonOperator): criar_pasta> on 2024-05-30 23:10:00+00:00
[2024-06-05T01:42:30.658+0000] {warnings.py:110} WARNING - /home/***/.local/lib/python3.12/site-packages/***/task/task_runner/standard_task_runner.py:61: DeprecationWarning: This process (pid=3751) is multi-threaded, use of fork() may lead to deadlocks in the child.
  pid = os.fork()

[2024-06-05T01:42:30.661+0000] {standard_task_runner.py:63} INFO - Started process 3772 to run task
[2024-06-05T01:42:30.663+0000] {standard_task_runner.py:90} INFO - Running: ['***', 'tasks', 'run', 'dados_climaticos_estruturados', 'criar_pasta', 'scheduled__2024-05-30T23:10:00+00:00', '--job-id', '1195', '--raw', '--subdir', 'DAGS_FOLDER/weather/custom_dags/dados_climaticos_estruturados.py', '--cfg-path', '/tmp/tmpsj0f2i7c']
[2024-06-05T01:42:30.667+0000] {standard_task_runner.py:91} INFO - Job 1195: Subtask criar_pasta
[2024-06-05T01:42:30.783+0000] {task_command.py:426} INFO - Running <TaskInstance: dados_climaticos_estruturados.criar_pasta scheduled__2024-05-30T23:10:00+00:00 [running]> on host 80232deae70a
[2024-06-05T01:42:31.025+0000] {taskinstance.py:2648} INFO - Exporting env vars: AIRFLOW_CTX_DAG_OWNER='***' AIRFLOW_CTX_DAG_ID='dados_climaticos_estruturados' AIRFLOW_CTX_TASK_ID='criar_pasta' AIRFLOW_CTX_EXECUTION_DATE='2024-05-30T23:10:00+00:00' AIRFLOW_CTX_TRY_NUMBER='1' AIRFLOW_CTX_DAG_RUN_ID='scheduled__2024-05-30T23:10:00+00:00'
[2024-06-05T01:42:31.028+0000] {taskinstance.py:430} INFO - ::endgroup::
[2024-06-05T01:42:31.036+0000] {python.py:237} INFO - Done. Returned value was: None
[2024-06-05T01:42:31.040+0000] {taskinstance.py:441} INFO - ::group::Post task execution logs
[2024-06-05T01:42:31.062+0000] {taskinstance.py:1206} INFO - Marking task as SUCCESS. dag_id=dados_climaticos_estruturados, task_id=criar_pasta, run_id=scheduled__2024-05-30T23:10:00+00:00, execution_date=20240530T231000, start_date=20240605T014230, end_date=20240605T014231
[2024-06-05T01:42:31.101+0000] {local_task_job_runner.py:240} INFO - Task exited with return code 0
[2024-06-05T01:42:31.125+0000] {local_task_job_runner.py:222} INFO - ::endgroup::
