[2024-06-05T00:56:09.630+0000] {local_task_job_runner.py:120} INFO - ::group::Pre task execution logs
[2024-06-05T00:56:09.680+0000] {taskinstance.py:2076} INFO - Dependencies all met for dep_context=non-requeueable deps ti=<TaskInstance: dados_climaticos_estruturados.criar_pasta scheduled__2024-05-29T13:45:00+00:00 [queued]>
[2024-06-05T00:56:09.710+0000] {taskinstance.py:2076} INFO - Dependencies all met for dep_context=requeueable deps ti=<TaskInstance: dados_climaticos_estruturados.criar_pasta scheduled__2024-05-29T13:45:00+00:00 [queued]>
[2024-06-05T00:56:09.711+0000] {taskinstance.py:2306} INFO - Starting attempt 1 of 1
[2024-06-05T00:56:09.745+0000] {taskinstance.py:2330} INFO - Executing <Task(PythonOperator): criar_pasta> on 2024-05-29 13:45:00+00:00
[2024-06-05T00:56:09.768+0000] {warnings.py:110} WARNING - /home/***/.local/lib/python3.12/site-packages/***/task/task_runner/standard_task_runner.py:61: DeprecationWarning: This process (pid=1242) is multi-threaded, use of fork() may lead to deadlocks in the child.
  pid = os.fork()

[2024-06-05T00:56:09.775+0000] {standard_task_runner.py:63} INFO - Started process 1275 to run task
[2024-06-05T00:56:09.774+0000] {standard_task_runner.py:90} INFO - Running: ['***', 'tasks', 'run', 'dados_climaticos_estruturados', 'criar_pasta', 'scheduled__2024-05-29T13:45:00+00:00', '--job-id', '771', '--raw', '--subdir', 'DAGS_FOLDER/weather/custom_dags/dados_climaticos_estruturados.py', '--cfg-path', '/tmp/tmpq65ywfvg']
[2024-06-05T00:56:09.776+0000] {standard_task_runner.py:91} INFO - Job 771: Subtask criar_pasta
[2024-06-05T00:56:09.920+0000] {task_command.py:426} INFO - Running <TaskInstance: dados_climaticos_estruturados.criar_pasta scheduled__2024-05-29T13:45:00+00:00 [running]> on host 6665b0710315
[2024-06-05T00:56:10.168+0000] {taskinstance.py:2648} INFO - Exporting env vars: AIRFLOW_CTX_DAG_OWNER='***' AIRFLOW_CTX_DAG_ID='dados_climaticos_estruturados' AIRFLOW_CTX_TASK_ID='criar_pasta' AIRFLOW_CTX_EXECUTION_DATE='2024-05-29T13:45:00+00:00' AIRFLOW_CTX_TRY_NUMBER='1' AIRFLOW_CTX_DAG_RUN_ID='scheduled__2024-05-29T13:45:00+00:00'
[2024-06-05T00:56:10.171+0000] {taskinstance.py:430} INFO - ::endgroup::
[2024-06-05T00:56:10.172+0000] {python.py:237} INFO - Done. Returned value was: None
[2024-06-05T00:56:10.173+0000] {taskinstance.py:441} INFO - ::group::Post task execution logs
[2024-06-05T00:56:10.192+0000] {taskinstance.py:1206} INFO - Marking task as SUCCESS. dag_id=dados_climaticos_estruturados, task_id=criar_pasta, run_id=scheduled__2024-05-29T13:45:00+00:00, execution_date=20240529T134500, start_date=20240605T005609, end_date=20240605T005610
[2024-06-05T00:56:10.285+0000] {local_task_job_runner.py:240} INFO - Task exited with return code 0
[2024-06-05T00:56:10.336+0000] {taskinstance.py:3498} INFO - 1 downstream tasks scheduled from follow-on schedule check
[2024-06-05T00:56:10.339+0000] {local_task_job_runner.py:222} INFO - ::endgroup::
[2024-06-05T01:36:08.474+0000] {local_task_job_runner.py:120} INFO - ::group::Pre task execution logs
[2024-06-05T01:36:08.588+0000] {taskinstance.py:2076} INFO - Dependencies all met for dep_context=non-requeueable deps ti=<TaskInstance: dados_climaticos_estruturados.criar_pasta scheduled__2024-05-29T13:45:00+00:00 [queued]>
[2024-06-05T01:36:08.621+0000] {taskinstance.py:2076} INFO - Dependencies all met for dep_context=requeueable deps ti=<TaskInstance: dados_climaticos_estruturados.criar_pasta scheduled__2024-05-29T13:45:00+00:00 [queued]>
[2024-06-05T01:36:08.623+0000] {taskinstance.py:2306} INFO - Starting attempt 1 of 1
[2024-06-05T01:36:08.671+0000] {taskinstance.py:2330} INFO - Executing <Task(PythonOperator): criar_pasta> on 2024-05-29 13:45:00+00:00
[2024-06-05T01:36:08.703+0000] {warnings.py:110} WARNING - /home/***/.local/lib/python3.12/site-packages/***/task/task_runner/standard_task_runner.py:61: DeprecationWarning: This process (pid=1257) is multi-threaded, use of fork() may lead to deadlocks in the child.
  pid = os.fork()

[2024-06-05T01:36:08.709+0000] {standard_task_runner.py:63} INFO - Started process 1281 to run task
[2024-06-05T01:36:08.717+0000] {standard_task_runner.py:90} INFO - Running: ['***', 'tasks', 'run', 'dados_climaticos_estruturados', 'criar_pasta', 'scheduled__2024-05-29T13:45:00+00:00', '--job-id', '391', '--raw', '--subdir', 'DAGS_FOLDER/weather/custom_dags/dados_climaticos_estruturados.py', '--cfg-path', '/tmp/tmpmne6gy3z']
[2024-06-05T01:36:08.724+0000] {standard_task_runner.py:91} INFO - Job 391: Subtask criar_pasta
[2024-06-05T01:36:08.944+0000] {task_command.py:426} INFO - Running <TaskInstance: dados_climaticos_estruturados.criar_pasta scheduled__2024-05-29T13:45:00+00:00 [running]> on host 80232deae70a
[2024-06-05T01:36:09.355+0000] {taskinstance.py:2648} INFO - Exporting env vars: AIRFLOW_CTX_DAG_OWNER='***' AIRFLOW_CTX_DAG_ID='dados_climaticos_estruturados' AIRFLOW_CTX_TASK_ID='criar_pasta' AIRFLOW_CTX_EXECUTION_DATE='2024-05-29T13:45:00+00:00' AIRFLOW_CTX_TRY_NUMBER='1' AIRFLOW_CTX_DAG_RUN_ID='scheduled__2024-05-29T13:45:00+00:00'
[2024-06-05T01:36:09.364+0000] {taskinstance.py:430} INFO - ::endgroup::
[2024-06-05T01:36:09.371+0000] {python.py:237} INFO - Done. Returned value was: None
[2024-06-05T01:36:09.378+0000] {taskinstance.py:441} INFO - ::group::Post task execution logs
[2024-06-05T01:36:09.413+0000] {taskinstance.py:1206} INFO - Marking task as SUCCESS. dag_id=dados_climaticos_estruturados, task_id=criar_pasta, run_id=scheduled__2024-05-29T13:45:00+00:00, execution_date=20240529T134500, start_date=20240605T013608, end_date=20240605T013609
[2024-06-05T01:36:09.524+0000] {local_task_job_runner.py:240} INFO - Task exited with return code 0
[2024-06-05T01:36:09.587+0000] {taskinstance.py:3498} INFO - 1 downstream tasks scheduled from follow-on schedule check
[2024-06-05T01:36:09.602+0000] {local_task_job_runner.py:222} INFO - ::endgroup::
