[2024-06-05T01:01:57.612+0000] {local_task_job_runner.py:120} INFO - ::group::Pre task execution logs
[2024-06-05T01:01:57.678+0000] {taskinstance.py:2076} INFO - Dependencies all met for dep_context=non-requeueable deps ti=<TaskInstance: dados_climaticos_estruturados.criar_pasta scheduled__2024-05-30T18:30:00+00:00 [queued]>
[2024-06-05T01:01:57.697+0000] {taskinstance.py:2076} INFO - Dependencies all met for dep_context=requeueable deps ti=<TaskInstance: dados_climaticos_estruturados.criar_pasta scheduled__2024-05-30T18:30:00+00:00 [queued]>
[2024-06-05T01:01:57.701+0000] {taskinstance.py:2306} INFO - Starting attempt 1 of 1
[2024-06-05T01:01:57.758+0000] {taskinstance.py:2330} INFO - Executing <Task(PythonOperator): criar_pasta> on 2024-05-30 18:30:00+00:00
[2024-06-05T01:01:57.780+0000] {warnings.py:110} WARNING - /home/***/.local/lib/python3.12/site-packages/***/task/task_runner/standard_task_runner.py:61: DeprecationWarning: This process (pid=3400) is multi-threaded, use of fork() may lead to deadlocks in the child.
  pid = os.fork()

[2024-06-05T01:01:57.804+0000] {standard_task_runner.py:63} INFO - Started process 3431 to run task
[2024-06-05T01:01:57.815+0000] {standard_task_runner.py:90} INFO - Running: ['***', 'tasks', 'run', 'dados_climaticos_estruturados', 'criar_pasta', 'scheduled__2024-05-30T18:30:00+00:00', '--job-id', '1466', '--raw', '--subdir', 'DAGS_FOLDER/weather/custom_dags/dados_climaticos_estruturados.py', '--cfg-path', '/tmp/tmpasl686o4']
[2024-06-05T01:01:57.819+0000] {standard_task_runner.py:91} INFO - Job 1466: Subtask criar_pasta
[2024-06-05T01:01:57.956+0000] {task_command.py:426} INFO - Running <TaskInstance: dados_climaticos_estruturados.criar_pasta scheduled__2024-05-30T18:30:00+00:00 [running]> on host 6665b0710315
[2024-06-05T01:01:58.267+0000] {taskinstance.py:2648} INFO - Exporting env vars: AIRFLOW_CTX_DAG_OWNER='***' AIRFLOW_CTX_DAG_ID='dados_climaticos_estruturados' AIRFLOW_CTX_TASK_ID='criar_pasta' AIRFLOW_CTX_EXECUTION_DATE='2024-05-30T18:30:00+00:00' AIRFLOW_CTX_TRY_NUMBER='1' AIRFLOW_CTX_DAG_RUN_ID='scheduled__2024-05-30T18:30:00+00:00'
[2024-06-05T01:01:58.275+0000] {taskinstance.py:430} INFO - ::endgroup::
[2024-06-05T01:01:58.284+0000] {python.py:237} INFO - Done. Returned value was: None
[2024-06-05T01:01:58.287+0000] {taskinstance.py:441} INFO - ::group::Post task execution logs
[2024-06-05T01:01:58.319+0000] {taskinstance.py:1206} INFO - Marking task as SUCCESS. dag_id=dados_climaticos_estruturados, task_id=criar_pasta, run_id=scheduled__2024-05-30T18:30:00+00:00, execution_date=20240530T183000, start_date=20240605T010157, end_date=20240605T010158
[2024-06-05T01:01:58.414+0000] {local_task_job_runner.py:240} INFO - Task exited with return code 0
[2024-06-05T01:01:58.469+0000] {taskinstance.py:3498} INFO - 0 downstream tasks scheduled from follow-on schedule check
[2024-06-05T01:01:58.477+0000] {local_task_job_runner.py:222} INFO - ::endgroup::
[2024-06-05T01:41:36.736+0000] {local_task_job_runner.py:120} INFO - ::group::Pre task execution logs
[2024-06-05T01:41:36.807+0000] {taskinstance.py:2076} INFO - Dependencies all met for dep_context=non-requeueable deps ti=<TaskInstance: dados_climaticos_estruturados.criar_pasta scheduled__2024-05-30T18:30:00+00:00 [queued]>
[2024-06-05T01:41:36.825+0000] {taskinstance.py:2076} INFO - Dependencies all met for dep_context=requeueable deps ti=<TaskInstance: dados_climaticos_estruturados.criar_pasta scheduled__2024-05-30T18:30:00+00:00 [queued]>
[2024-06-05T01:41:36.826+0000] {taskinstance.py:2306} INFO - Starting attempt 1 of 1
[2024-06-05T01:41:36.865+0000] {taskinstance.py:2330} INFO - Executing <Task(PythonOperator): criar_pasta> on 2024-05-30 18:30:00+00:00
[2024-06-05T01:41:36.884+0000] {warnings.py:110} WARNING - /home/***/.local/lib/python3.12/site-packages/***/task/task_runner/standard_task_runner.py:61: DeprecationWarning: This process (pid=3379) is multi-threaded, use of fork() may lead to deadlocks in the child.
  pid = os.fork()

[2024-06-05T01:41:36.891+0000] {standard_task_runner.py:63} INFO - Started process 3410 to run task
[2024-06-05T01:41:36.891+0000] {standard_task_runner.py:90} INFO - Running: ['***', 'tasks', 'run', 'dados_climaticos_estruturados', 'criar_pasta', 'scheduled__2024-05-30T18:30:00+00:00', '--job-id', '1077', '--raw', '--subdir', 'DAGS_FOLDER/weather/custom_dags/dados_climaticos_estruturados.py', '--cfg-path', '/tmp/tmpkk_j1vjp']
[2024-06-05T01:41:36.897+0000] {standard_task_runner.py:91} INFO - Job 1077: Subtask criar_pasta
[2024-06-05T01:41:37.013+0000] {task_command.py:426} INFO - Running <TaskInstance: dados_climaticos_estruturados.criar_pasta scheduled__2024-05-30T18:30:00+00:00 [running]> on host 80232deae70a
[2024-06-05T01:41:37.251+0000] {taskinstance.py:2648} INFO - Exporting env vars: AIRFLOW_CTX_DAG_OWNER='***' AIRFLOW_CTX_DAG_ID='dados_climaticos_estruturados' AIRFLOW_CTX_TASK_ID='criar_pasta' AIRFLOW_CTX_EXECUTION_DATE='2024-05-30T18:30:00+00:00' AIRFLOW_CTX_TRY_NUMBER='1' AIRFLOW_CTX_DAG_RUN_ID='scheduled__2024-05-30T18:30:00+00:00'
[2024-06-05T01:41:37.268+0000] {taskinstance.py:430} INFO - ::endgroup::
[2024-06-05T01:41:37.281+0000] {python.py:237} INFO - Done. Returned value was: None
[2024-06-05T01:41:37.282+0000] {taskinstance.py:441} INFO - ::group::Post task execution logs
[2024-06-05T01:41:37.303+0000] {taskinstance.py:1206} INFO - Marking task as SUCCESS. dag_id=dados_climaticos_estruturados, task_id=criar_pasta, run_id=scheduled__2024-05-30T18:30:00+00:00, execution_date=20240530T183000, start_date=20240605T014136, end_date=20240605T014137
[2024-06-05T01:41:37.340+0000] {local_task_job_runner.py:240} INFO - Task exited with return code 0
[2024-06-05T01:41:37.367+0000] {local_task_job_runner.py:222} INFO - ::endgroup::
