[2024-06-05T01:03:09.606+0000] {local_task_job_runner.py:120} INFO - ::group::Pre task execution logs
[2024-06-05T01:03:09.670+0000] {taskinstance.py:2076} INFO - Dependencies all met for dep_context=non-requeueable deps ti=<TaskInstance: dados_climaticos_estruturados.criar_pasta scheduled__2024-05-31T00:25:00+00:00 [queued]>
[2024-06-05T01:03:09.686+0000] {taskinstance.py:2076} INFO - Dependencies all met for dep_context=requeueable deps ti=<TaskInstance: dados_climaticos_estruturados.criar_pasta scheduled__2024-05-31T00:25:00+00:00 [queued]>
[2024-06-05T01:03:09.689+0000] {taskinstance.py:2306} INFO - Starting attempt 1 of 1
[2024-06-05T01:03:09.716+0000] {taskinstance.py:2330} INFO - Executing <Task(PythonOperator): criar_pasta> on 2024-05-31 00:25:00+00:00
[2024-06-05T01:03:09.731+0000] {warnings.py:110} WARNING - /home/***/.local/lib/python3.12/site-packages/***/task/task_runner/standard_task_runner.py:61: DeprecationWarning: This process (pid=3836) is multi-threaded, use of fork() may lead to deadlocks in the child.
  pid = os.fork()

[2024-06-05T01:03:09.736+0000] {standard_task_runner.py:63} INFO - Started process 3865 to run task
[2024-06-05T01:03:09.740+0000] {standard_task_runner.py:90} INFO - Running: ['***', 'tasks', 'run', 'dados_climaticos_estruturados', 'criar_pasta', 'scheduled__2024-05-31T00:25:00+00:00', '--job-id', '1612', '--raw', '--subdir', 'DAGS_FOLDER/weather/custom_dags/dados_climaticos_estruturados.py', '--cfg-path', '/tmp/tmpof2n4z54']
[2024-06-05T01:03:09.743+0000] {standard_task_runner.py:91} INFO - Job 1612: Subtask criar_pasta
[2024-06-05T01:03:09.864+0000] {task_command.py:426} INFO - Running <TaskInstance: dados_climaticos_estruturados.criar_pasta scheduled__2024-05-31T00:25:00+00:00 [running]> on host 6665b0710315
[2024-06-05T01:03:10.051+0000] {taskinstance.py:2648} INFO - Exporting env vars: AIRFLOW_CTX_DAG_OWNER='***' AIRFLOW_CTX_DAG_ID='dados_climaticos_estruturados' AIRFLOW_CTX_TASK_ID='criar_pasta' AIRFLOW_CTX_EXECUTION_DATE='2024-05-31T00:25:00+00:00' AIRFLOW_CTX_TRY_NUMBER='1' AIRFLOW_CTX_DAG_RUN_ID='scheduled__2024-05-31T00:25:00+00:00'
[2024-06-05T01:03:10.054+0000] {taskinstance.py:430} INFO - ::endgroup::
[2024-06-05T01:03:10.057+0000] {python.py:237} INFO - Done. Returned value was: None
[2024-06-05T01:03:10.058+0000] {taskinstance.py:441} INFO - ::group::Post task execution logs
[2024-06-05T01:03:10.073+0000] {taskinstance.py:1206} INFO - Marking task as SUCCESS. dag_id=dados_climaticos_estruturados, task_id=criar_pasta, run_id=scheduled__2024-05-31T00:25:00+00:00, execution_date=20240531T002500, start_date=20240605T010309, end_date=20240605T010310
[2024-06-05T01:03:10.133+0000] {local_task_job_runner.py:240} INFO - Task exited with return code 0
[2024-06-05T01:03:10.172+0000] {taskinstance.py:3498} INFO - 1 downstream tasks scheduled from follow-on schedule check
[2024-06-05T01:03:10.176+0000] {local_task_job_runner.py:222} INFO - ::endgroup::
[2024-06-05T01:42:43.675+0000] {local_task_job_runner.py:120} INFO - ::group::Pre task execution logs
[2024-06-05T01:42:43.718+0000] {taskinstance.py:2076} INFO - Dependencies all met for dep_context=non-requeueable deps ti=<TaskInstance: dados_climaticos_estruturados.criar_pasta scheduled__2024-05-31T00:25:00+00:00 [queued]>
[2024-06-05T01:42:43.738+0000] {taskinstance.py:2076} INFO - Dependencies all met for dep_context=requeueable deps ti=<TaskInstance: dados_climaticos_estruturados.criar_pasta scheduled__2024-05-31T00:25:00+00:00 [queued]>
[2024-06-05T01:42:43.740+0000] {taskinstance.py:2306} INFO - Starting attempt 1 of 1
[2024-06-05T01:42:43.924+0000] {taskinstance.py:2330} INFO - Executing <Task(PythonOperator): criar_pasta> on 2024-05-31 00:25:00+00:00
[2024-06-05T01:42:43.936+0000] {warnings.py:110} WARNING - /home/***/.local/lib/python3.12/site-packages/***/task/task_runner/standard_task_runner.py:61: DeprecationWarning: This process (pid=3845) is multi-threaded, use of fork() may lead to deadlocks in the child.
  pid = os.fork()

[2024-06-05T01:42:43.939+0000] {standard_task_runner.py:63} INFO - Started process 3864 to run task
[2024-06-05T01:42:43.947+0000] {standard_task_runner.py:90} INFO - Running: ['***', 'tasks', 'run', 'dados_climaticos_estruturados', 'criar_pasta', 'scheduled__2024-05-31T00:25:00+00:00', '--job-id', '1226', '--raw', '--subdir', 'DAGS_FOLDER/weather/custom_dags/dados_climaticos_estruturados.py', '--cfg-path', '/tmp/tmptck2ncyx']
[2024-06-05T01:42:43.950+0000] {standard_task_runner.py:91} INFO - Job 1226: Subtask criar_pasta
[2024-06-05T01:42:44.059+0000] {task_command.py:426} INFO - Running <TaskInstance: dados_climaticos_estruturados.criar_pasta scheduled__2024-05-31T00:25:00+00:00 [running]> on host 80232deae70a
[2024-06-05T01:42:44.246+0000] {taskinstance.py:2648} INFO - Exporting env vars: AIRFLOW_CTX_DAG_OWNER='***' AIRFLOW_CTX_DAG_ID='dados_climaticos_estruturados' AIRFLOW_CTX_TASK_ID='criar_pasta' AIRFLOW_CTX_EXECUTION_DATE='2024-05-31T00:25:00+00:00' AIRFLOW_CTX_TRY_NUMBER='1' AIRFLOW_CTX_DAG_RUN_ID='scheduled__2024-05-31T00:25:00+00:00'
[2024-06-05T01:42:44.248+0000] {taskinstance.py:430} INFO - ::endgroup::
[2024-06-05T01:42:44.251+0000] {python.py:237} INFO - Done. Returned value was: None
[2024-06-05T01:42:44.253+0000] {taskinstance.py:441} INFO - ::group::Post task execution logs
[2024-06-05T01:42:44.272+0000] {taskinstance.py:1206} INFO - Marking task as SUCCESS. dag_id=dados_climaticos_estruturados, task_id=criar_pasta, run_id=scheduled__2024-05-31T00:25:00+00:00, execution_date=20240531T002500, start_date=20240605T014243, end_date=20240605T014244
[2024-06-05T01:42:44.332+0000] {local_task_job_runner.py:240} INFO - Task exited with return code 0
[2024-06-05T01:42:44.352+0000] {local_task_job_runner.py:222} INFO - ::endgroup::
