[2024-06-05T00:54:37.689+0000] {local_task_job_runner.py:120} INFO - ::group::Pre task execution logs
[2024-06-05T00:54:37.762+0000] {taskinstance.py:2076} INFO - Dependencies all met for dep_context=non-requeueable deps ti=<TaskInstance: dados_climaticos_estruturados.criar_pasta scheduled__2024-05-29T05:00:00+00:00 [queued]>
[2024-06-05T00:54:37.797+0000] {taskinstance.py:2076} INFO - Dependencies all met for dep_context=requeueable deps ti=<TaskInstance: dados_climaticos_estruturados.criar_pasta scheduled__2024-05-29T05:00:00+00:00 [queued]>
[2024-06-05T00:54:37.798+0000] {taskinstance.py:2306} INFO - Starting attempt 1 of 1
[2024-06-05T00:54:37.854+0000] {taskinstance.py:2330} INFO - Executing <Task(PythonOperator): criar_pasta> on 2024-05-29 05:00:00+00:00
[2024-06-05T00:54:37.875+0000] {warnings.py:110} WARNING - /home/***/.local/lib/python3.12/site-packages/***/task/task_runner/standard_task_runner.py:61: DeprecationWarning: This process (pid=595) is multi-threaded, use of fork() may lead to deadlocks in the child.
  pid = os.fork()

[2024-06-05T00:54:37.880+0000] {standard_task_runner.py:90} INFO - Running: ['***', 'tasks', 'run', 'dados_climaticos_estruturados', 'criar_pasta', 'scheduled__2024-05-29T05:00:00+00:00', '--job-id', '561', '--raw', '--subdir', 'DAGS_FOLDER/weather/custom_dags/dados_climaticos_estruturados.py', '--cfg-path', '/tmp/tmpka9l8jac']
[2024-06-05T00:54:37.882+0000] {standard_task_runner.py:63} INFO - Started process 628 to run task
[2024-06-05T00:54:37.883+0000] {standard_task_runner.py:91} INFO - Job 561: Subtask criar_pasta
[2024-06-05T00:54:37.979+0000] {task_command.py:426} INFO - Running <TaskInstance: dados_climaticos_estruturados.criar_pasta scheduled__2024-05-29T05:00:00+00:00 [running]> on host 6665b0710315
[2024-06-05T00:54:38.239+0000] {taskinstance.py:2648} INFO - Exporting env vars: AIRFLOW_CTX_DAG_OWNER='***' AIRFLOW_CTX_DAG_ID='dados_climaticos_estruturados' AIRFLOW_CTX_TASK_ID='criar_pasta' AIRFLOW_CTX_EXECUTION_DATE='2024-05-29T05:00:00+00:00' AIRFLOW_CTX_TRY_NUMBER='1' AIRFLOW_CTX_DAG_RUN_ID='scheduled__2024-05-29T05:00:00+00:00'
[2024-06-05T00:54:38.247+0000] {taskinstance.py:430} INFO - ::endgroup::
[2024-06-05T00:54:38.255+0000] {python.py:237} INFO - Done. Returned value was: None
[2024-06-05T00:54:38.258+0000] {taskinstance.py:441} INFO - ::group::Post task execution logs
[2024-06-05T00:54:38.288+0000] {taskinstance.py:1206} INFO - Marking task as SUCCESS. dag_id=dados_climaticos_estruturados, task_id=criar_pasta, run_id=scheduled__2024-05-29T05:00:00+00:00, execution_date=20240529T050000, start_date=20240605T005437, end_date=20240605T005438
[2024-06-05T00:54:38.403+0000] {local_task_job_runner.py:240} INFO - Task exited with return code 0
[2024-06-05T00:54:38.430+0000] {local_task_job_runner.py:222} INFO - ::endgroup::
[2024-06-05T01:34:16.876+0000] {local_task_job_runner.py:120} INFO - ::group::Pre task execution logs
[2024-06-05T01:34:16.962+0000] {taskinstance.py:2076} INFO - Dependencies all met for dep_context=non-requeueable deps ti=<TaskInstance: dados_climaticos_estruturados.criar_pasta scheduled__2024-05-29T05:00:00+00:00 [queued]>
[2024-06-05T01:34:16.998+0000] {taskinstance.py:2076} INFO - Dependencies all met for dep_context=requeueable deps ti=<TaskInstance: dados_climaticos_estruturados.criar_pasta scheduled__2024-05-29T05:00:00+00:00 [queued]>
[2024-06-05T01:34:17.000+0000] {taskinstance.py:2306} INFO - Starting attempt 1 of 1
[2024-06-05T01:34:17.082+0000] {taskinstance.py:2330} INFO - Executing <Task(PythonOperator): criar_pasta> on 2024-05-29 05:00:00+00:00
[2024-06-05T01:34:17.111+0000] {warnings.py:110} WARNING - /home/***/.local/lib/python3.12/site-packages/***/task/task_runner/standard_task_runner.py:61: DeprecationWarning: This process (pid=586) is multi-threaded, use of fork() may lead to deadlocks in the child.
  pid = os.fork()

[2024-06-05T01:34:17.112+0000] {standard_task_runner.py:90} INFO - Running: ['***', 'tasks', 'run', 'dados_climaticos_estruturados', 'criar_pasta', 'scheduled__2024-05-29T05:00:00+00:00', '--job-id', '176', '--raw', '--subdir', 'DAGS_FOLDER/weather/custom_dags/dados_climaticos_estruturados.py', '--cfg-path', '/tmp/tmpjme4se94']
[2024-06-05T01:34:17.122+0000] {standard_task_runner.py:91} INFO - Job 176: Subtask criar_pasta
[2024-06-05T01:34:17.118+0000] {standard_task_runner.py:63} INFO - Started process 620 to run task
[2024-06-05T01:34:17.381+0000] {task_command.py:426} INFO - Running <TaskInstance: dados_climaticos_estruturados.criar_pasta scheduled__2024-05-29T05:00:00+00:00 [running]> on host 80232deae70a
[2024-06-05T01:34:17.716+0000] {taskinstance.py:2648} INFO - Exporting env vars: AIRFLOW_CTX_DAG_OWNER='***' AIRFLOW_CTX_DAG_ID='dados_climaticos_estruturados' AIRFLOW_CTX_TASK_ID='criar_pasta' AIRFLOW_CTX_EXECUTION_DATE='2024-05-29T05:00:00+00:00' AIRFLOW_CTX_TRY_NUMBER='1' AIRFLOW_CTX_DAG_RUN_ID='scheduled__2024-05-29T05:00:00+00:00'
[2024-06-05T01:34:17.720+0000] {taskinstance.py:430} INFO - ::endgroup::
[2024-06-05T01:34:17.723+0000] {python.py:237} INFO - Done. Returned value was: None
[2024-06-05T01:34:17.724+0000] {taskinstance.py:441} INFO - ::group::Post task execution logs
[2024-06-05T01:34:17.743+0000] {taskinstance.py:1206} INFO - Marking task as SUCCESS. dag_id=dados_climaticos_estruturados, task_id=criar_pasta, run_id=scheduled__2024-05-29T05:00:00+00:00, execution_date=20240529T050000, start_date=20240605T013416, end_date=20240605T013417
[2024-06-05T01:34:17.818+0000] {local_task_job_runner.py:240} INFO - Task exited with return code 0
[2024-06-05T01:34:17.853+0000] {local_task_job_runner.py:222} INFO - ::endgroup::
