[2024-06-18T01:29:50.230+0000] {local_task_job_runner.py:120} INFO - ::group::Pre task execution logs
[2024-06-18T01:29:50.338+0000] {taskinstance.py:2076} INFO - Dependencies all met for dep_context=non-requeueable deps ti=<TaskInstance: dados_climaticos_estruturados.carregar_dados scheduled__2024-06-17T23:40:00+00:00 [queued]>
[2024-06-18T01:29:50.411+0000] {taskinstance.py:2076} INFO - Dependencies all met for dep_context=requeueable deps ti=<TaskInstance: dados_climaticos_estruturados.carregar_dados scheduled__2024-06-17T23:40:00+00:00 [queued]>
[2024-06-18T01:29:50.414+0000] {taskinstance.py:2306} INFO - Starting attempt 1 of 1
[2024-06-18T01:29:50.506+0000] {taskinstance.py:2330} INFO - Executing <Task(PythonOperator): carregar_dados> on 2024-06-17 23:40:00+00:00
[2024-06-18T01:29:50.553+0000] {warnings.py:110} WARNING - /home/***/.local/lib/python3.12/site-packages/***/task/task_runner/standard_task_runner.py:61: DeprecationWarning: This process (pid=218) is multi-threaded, use of fork() may lead to deadlocks in the child.
  pid = os.fork()

[2024-06-18T01:29:50.579+0000] {standard_task_runner.py:63} INFO - Started process 251 to run task
[2024-06-18T01:29:50.575+0000] {standard_task_runner.py:90} INFO - Running: ['***', 'tasks', 'run', 'dados_climaticos_estruturados', 'carregar_dados', 'scheduled__2024-06-17T23:40:00+00:00', '--job-id', '54', '--raw', '--subdir', 'DAGS_FOLDER/weather/custom_dags/dados_climaticos_estruturados.py', '--cfg-path', '/tmp/tmpdv2_k38w']
[2024-06-18T01:29:50.591+0000] {standard_task_runner.py:91} INFO - Job 54: Subtask carregar_dados
[2024-06-18T01:29:50.885+0000] {task_command.py:426} INFO - Running <TaskInstance: dados_climaticos_estruturados.carregar_dados scheduled__2024-06-17T23:40:00+00:00 [running]> on host bd8fdde9baa6
[2024-06-18T01:29:51.243+0000] {taskinstance.py:2648} INFO - Exporting env vars: AIRFLOW_CTX_DAG_OWNER='***' AIRFLOW_CTX_DAG_ID='dados_climaticos_estruturados' AIRFLOW_CTX_TASK_ID='carregar_dados' AIRFLOW_CTX_EXECUTION_DATE='2024-06-17T23:40:00+00:00' AIRFLOW_CTX_TRY_NUMBER='1' AIRFLOW_CTX_DAG_RUN_ID='scheduled__2024-06-17T23:40:00+00:00'
[2024-06-18T01:29:51.245+0000] {taskinstance.py:430} INFO - ::endgroup::
[2024-06-18T01:30:01.323+0000] {logging_mixin.py:188} INFO - Pinged your deployment. You successfully connected to MongoDB!
[2024-06-18T01:30:01.324+0000] {python.py:237} INFO - Done. Returned value was: None
[2024-06-18T01:30:01.325+0000] {taskinstance.py:441} INFO - ::group::Post task execution logs
[2024-06-18T01:30:01.335+0000] {taskinstance.py:1206} INFO - Marking task as SUCCESS. dag_id=dados_climaticos_estruturados, task_id=carregar_dados, run_id=scheduled__2024-06-17T23:40:00+00:00, execution_date=20240617T234000, start_date=20240618T012950, end_date=20240618T013001
[2024-06-18T01:30:01.409+0000] {local_task_job_runner.py:240} INFO - Task exited with return code 0
[2024-06-18T01:30:01.423+0000] {taskinstance.py:3498} INFO - 0 downstream tasks scheduled from follow-on schedule check
[2024-06-18T01:30:01.460+0000] {local_task_job_runner.py:222} INFO - ::endgroup::
