[2024-06-05T00:54:34.073+0000] {local_task_job_runner.py:120} INFO - ::group::Pre task execution logs
[2024-06-05T00:54:34.122+0000] {taskinstance.py:2076} INFO - Dependencies all met for dep_context=non-requeueable deps ti=<TaskInstance: dados_climaticos_estruturados.criar_pasta scheduled__2024-05-29T04:10:00+00:00 [queued]>
[2024-06-05T00:54:34.143+0000] {taskinstance.py:2076} INFO - Dependencies all met for dep_context=requeueable deps ti=<TaskInstance: dados_climaticos_estruturados.criar_pasta scheduled__2024-05-29T04:10:00+00:00 [queued]>
[2024-06-05T00:54:34.144+0000] {taskinstance.py:2306} INFO - Starting attempt 1 of 1
[2024-06-05T00:54:34.257+0000] {taskinstance.py:2330} INFO - Executing <Task(PythonOperator): criar_pasta> on 2024-05-29 04:10:00+00:00
[2024-06-05T00:54:34.277+0000] {standard_task_runner.py:90} INFO - Running: ['***', 'tasks', 'run', 'dados_climaticos_estruturados', 'criar_pasta', 'scheduled__2024-05-29T04:10:00+00:00', '--job-id', '550', '--raw', '--subdir', 'DAGS_FOLDER/weather/custom_dags/dados_climaticos_estruturados.py', '--cfg-path', '/tmp/tmp1sqwm4fk']
[2024-06-05T00:54:34.279+0000] {standard_task_runner.py:91} INFO - Job 550: Subtask criar_pasta
[2024-06-05T00:54:34.276+0000] {warnings.py:110} WARNING - /home/***/.local/lib/python3.12/site-packages/***/task/task_runner/standard_task_runner.py:61: DeprecationWarning: This process (pid=570) is multi-threaded, use of fork() may lead to deadlocks in the child.
  pid = os.fork()

[2024-06-05T00:54:34.280+0000] {standard_task_runner.py:63} INFO - Started process 587 to run task
[2024-06-05T00:54:34.394+0000] {task_command.py:426} INFO - Running <TaskInstance: dados_climaticos_estruturados.criar_pasta scheduled__2024-05-29T04:10:00+00:00 [running]> on host 6665b0710315
[2024-06-05T00:54:34.562+0000] {taskinstance.py:2648} INFO - Exporting env vars: AIRFLOW_CTX_DAG_OWNER='***' AIRFLOW_CTX_DAG_ID='dados_climaticos_estruturados' AIRFLOW_CTX_TASK_ID='criar_pasta' AIRFLOW_CTX_EXECUTION_DATE='2024-05-29T04:10:00+00:00' AIRFLOW_CTX_TRY_NUMBER='1' AIRFLOW_CTX_DAG_RUN_ID='scheduled__2024-05-29T04:10:00+00:00'
[2024-06-05T00:54:34.565+0000] {taskinstance.py:430} INFO - ::endgroup::
[2024-06-05T00:54:34.568+0000] {python.py:237} INFO - Done. Returned value was: None
[2024-06-05T00:54:34.569+0000] {taskinstance.py:441} INFO - ::group::Post task execution logs
[2024-06-05T00:54:34.588+0000] {taskinstance.py:1206} INFO - Marking task as SUCCESS. dag_id=dados_climaticos_estruturados, task_id=criar_pasta, run_id=scheduled__2024-05-29T04:10:00+00:00, execution_date=20240529T041000, start_date=20240605T005434, end_date=20240605T005434
[2024-06-05T00:54:34.631+0000] {local_task_job_runner.py:240} INFO - Task exited with return code 0
[2024-06-05T00:54:34.692+0000] {taskinstance.py:3498} INFO - 1 downstream tasks scheduled from follow-on schedule check
[2024-06-05T00:54:34.695+0000] {local_task_job_runner.py:222} INFO - ::endgroup::
[2024-06-05T01:34:12.750+0000] {local_task_job_runner.py:120} INFO - ::group::Pre task execution logs
[2024-06-05T01:34:12.792+0000] {taskinstance.py:2076} INFO - Dependencies all met for dep_context=non-requeueable deps ti=<TaskInstance: dados_climaticos_estruturados.criar_pasta scheduled__2024-05-29T04:10:00+00:00 [queued]>
[2024-06-05T01:34:12.810+0000] {taskinstance.py:2076} INFO - Dependencies all met for dep_context=requeueable deps ti=<TaskInstance: dados_climaticos_estruturados.criar_pasta scheduled__2024-05-29T04:10:00+00:00 [queued]>
[2024-06-05T01:34:12.815+0000] {taskinstance.py:2306} INFO - Starting attempt 1 of 1
[2024-06-05T01:34:12.943+0000] {taskinstance.py:2330} INFO - Executing <Task(PythonOperator): criar_pasta> on 2024-05-29 04:10:00+00:00
[2024-06-05T01:34:12.962+0000] {warnings.py:110} WARNING - /home/***/.local/lib/python3.12/site-packages/***/task/task_runner/standard_task_runner.py:61: DeprecationWarning: This process (pid=558) is multi-threaded, use of fork() may lead to deadlocks in the child.
  pid = os.fork()

[2024-06-05T01:34:12.967+0000] {standard_task_runner.py:90} INFO - Running: ['***', 'tasks', 'run', 'dados_climaticos_estruturados', 'criar_pasta', 'scheduled__2024-05-29T04:10:00+00:00', '--job-id', '164', '--raw', '--subdir', 'DAGS_FOLDER/weather/custom_dags/dados_climaticos_estruturados.py', '--cfg-path', '/tmp/tmplpw1fe7f']
[2024-06-05T01:34:12.971+0000] {standard_task_runner.py:91} INFO - Job 164: Subtask criar_pasta
[2024-06-05T01:34:12.969+0000] {standard_task_runner.py:63} INFO - Started process 576 to run task
[2024-06-05T01:34:13.062+0000] {task_command.py:426} INFO - Running <TaskInstance: dados_climaticos_estruturados.criar_pasta scheduled__2024-05-29T04:10:00+00:00 [running]> on host 80232deae70a
[2024-06-05T01:34:13.217+0000] {taskinstance.py:2648} INFO - Exporting env vars: AIRFLOW_CTX_DAG_OWNER='***' AIRFLOW_CTX_DAG_ID='dados_climaticos_estruturados' AIRFLOW_CTX_TASK_ID='criar_pasta' AIRFLOW_CTX_EXECUTION_DATE='2024-05-29T04:10:00+00:00' AIRFLOW_CTX_TRY_NUMBER='1' AIRFLOW_CTX_DAG_RUN_ID='scheduled__2024-05-29T04:10:00+00:00'
[2024-06-05T01:34:13.221+0000] {taskinstance.py:430} INFO - ::endgroup::
[2024-06-05T01:34:13.223+0000] {python.py:237} INFO - Done. Returned value was: None
[2024-06-05T01:34:13.223+0000] {taskinstance.py:441} INFO - ::group::Post task execution logs
[2024-06-05T01:34:13.235+0000] {taskinstance.py:1206} INFO - Marking task as SUCCESS. dag_id=dados_climaticos_estruturados, task_id=criar_pasta, run_id=scheduled__2024-05-29T04:10:00+00:00, execution_date=20240529T041000, start_date=20240605T013412, end_date=20240605T013413
[2024-06-05T01:34:13.287+0000] {local_task_job_runner.py:240} INFO - Task exited with return code 0
[2024-06-05T01:34:13.330+0000] {taskinstance.py:3498} INFO - 1 downstream tasks scheduled from follow-on schedule check
[2024-06-05T01:34:13.343+0000] {local_task_job_runner.py:222} INFO - ::endgroup::
