[2024-06-05T00:57:14.970+0000] {local_task_job_runner.py:120} INFO - ::group::Pre task execution logs
[2024-06-05T00:57:15.053+0000] {taskinstance.py:2076} INFO - Dependencies all met for dep_context=non-requeueable deps ti=<TaskInstance: dados_climaticos_estruturados.criar_pasta scheduled__2024-05-29T19:40:00+00:00 [queued]>
[2024-06-05T00:57:15.098+0000] {taskinstance.py:2076} INFO - Dependencies all met for dep_context=requeueable deps ti=<TaskInstance: dados_climaticos_estruturados.criar_pasta scheduled__2024-05-29T19:40:00+00:00 [queued]>
[2024-06-05T00:57:15.104+0000] {taskinstance.py:2306} INFO - Starting attempt 1 of 1
[2024-06-05T00:57:15.179+0000] {taskinstance.py:2330} INFO - Executing <Task(PythonOperator): criar_pasta> on 2024-05-29 19:40:00+00:00
[2024-06-05T00:57:15.201+0000] {warnings.py:110} WARNING - /home/***/.local/lib/python3.12/site-packages/***/task/task_runner/standard_task_runner.py:61: DeprecationWarning: This process (pid=1718) is multi-threaded, use of fork() may lead to deadlocks in the child.
  pid = os.fork()

[2024-06-05T00:57:15.210+0000] {standard_task_runner.py:63} INFO - Started process 1739 to run task
[2024-06-05T00:57:15.234+0000] {standard_task_runner.py:90} INFO - Running: ['***', 'tasks', 'run', 'dados_climaticos_estruturados', 'criar_pasta', 'scheduled__2024-05-29T19:40:00+00:00', '--job-id', '923', '--raw', '--subdir', 'DAGS_FOLDER/weather/custom_dags/dados_climaticos_estruturados.py', '--cfg-path', '/tmp/tmpbcol061l']
[2024-06-05T00:57:15.237+0000] {standard_task_runner.py:91} INFO - Job 923: Subtask criar_pasta
[2024-06-05T00:57:15.442+0000] {task_command.py:426} INFO - Running <TaskInstance: dados_climaticos_estruturados.criar_pasta scheduled__2024-05-29T19:40:00+00:00 [running]> on host 6665b0710315
[2024-06-05T00:57:15.819+0000] {taskinstance.py:2648} INFO - Exporting env vars: AIRFLOW_CTX_DAG_OWNER='***' AIRFLOW_CTX_DAG_ID='dados_climaticos_estruturados' AIRFLOW_CTX_TASK_ID='criar_pasta' AIRFLOW_CTX_EXECUTION_DATE='2024-05-29T19:40:00+00:00' AIRFLOW_CTX_TRY_NUMBER='1' AIRFLOW_CTX_DAG_RUN_ID='scheduled__2024-05-29T19:40:00+00:00'
[2024-06-05T00:57:15.822+0000] {taskinstance.py:430} INFO - ::endgroup::
[2024-06-05T00:57:15.826+0000] {python.py:237} INFO - Done. Returned value was: None
[2024-06-05T00:57:15.828+0000] {taskinstance.py:441} INFO - ::group::Post task execution logs
[2024-06-05T00:57:15.854+0000] {taskinstance.py:1206} INFO - Marking task as SUCCESS. dag_id=dados_climaticos_estruturados, task_id=criar_pasta, run_id=scheduled__2024-05-29T19:40:00+00:00, execution_date=20240529T194000, start_date=20240605T005715, end_date=20240605T005715
[2024-06-05T00:57:15.942+0000] {local_task_job_runner.py:240} INFO - Task exited with return code 0
[2024-06-05T00:57:16.003+0000] {taskinstance.py:3498} INFO - 1 downstream tasks scheduled from follow-on schedule check
[2024-06-05T00:57:16.019+0000] {local_task_job_runner.py:222} INFO - ::endgroup::
[2024-06-05T01:37:18.626+0000] {local_task_job_runner.py:120} INFO - ::group::Pre task execution logs
[2024-06-05T01:37:18.702+0000] {taskinstance.py:2076} INFO - Dependencies all met for dep_context=non-requeueable deps ti=<TaskInstance: dados_climaticos_estruturados.criar_pasta scheduled__2024-05-29T19:40:00+00:00 [queued]>
[2024-06-05T01:37:18.723+0000] {taskinstance.py:2076} INFO - Dependencies all met for dep_context=requeueable deps ti=<TaskInstance: dados_climaticos_estruturados.criar_pasta scheduled__2024-05-29T19:40:00+00:00 [queued]>
[2024-06-05T01:37:18.725+0000] {taskinstance.py:2306} INFO - Starting attempt 1 of 1
[2024-06-05T01:37:18.769+0000] {taskinstance.py:2330} INFO - Executing <Task(PythonOperator): criar_pasta> on 2024-05-29 19:40:00+00:00
[2024-06-05T01:37:18.798+0000] {warnings.py:110} WARNING - /home/***/.local/lib/python3.12/site-packages/***/task/task_runner/standard_task_runner.py:61: DeprecationWarning: This process (pid=1689) is multi-threaded, use of fork() may lead to deadlocks in the child.
  pid = os.fork()

[2024-06-05T01:37:18.801+0000] {standard_task_runner.py:63} INFO - Started process 1720 to run task
[2024-06-05T01:37:18.807+0000] {standard_task_runner.py:90} INFO - Running: ['***', 'tasks', 'run', 'dados_climaticos_estruturados', 'criar_pasta', 'scheduled__2024-05-29T19:40:00+00:00', '--job-id', '530', '--raw', '--subdir', 'DAGS_FOLDER/weather/custom_dags/dados_climaticos_estruturados.py', '--cfg-path', '/tmp/tmp47ud42an']
[2024-06-05T01:37:18.813+0000] {standard_task_runner.py:91} INFO - Job 530: Subtask criar_pasta
[2024-06-05T01:37:18.958+0000] {task_command.py:426} INFO - Running <TaskInstance: dados_climaticos_estruturados.criar_pasta scheduled__2024-05-29T19:40:00+00:00 [running]> on host 80232deae70a
[2024-06-05T01:37:19.260+0000] {taskinstance.py:2648} INFO - Exporting env vars: AIRFLOW_CTX_DAG_OWNER='***' AIRFLOW_CTX_DAG_ID='dados_climaticos_estruturados' AIRFLOW_CTX_TASK_ID='criar_pasta' AIRFLOW_CTX_EXECUTION_DATE='2024-05-29T19:40:00+00:00' AIRFLOW_CTX_TRY_NUMBER='1' AIRFLOW_CTX_DAG_RUN_ID='scheduled__2024-05-29T19:40:00+00:00'
[2024-06-05T01:37:19.262+0000] {taskinstance.py:430} INFO - ::endgroup::
[2024-06-05T01:37:19.274+0000] {python.py:237} INFO - Done. Returned value was: None
[2024-06-05T01:37:19.275+0000] {taskinstance.py:441} INFO - ::group::Post task execution logs
[2024-06-05T01:37:19.300+0000] {taskinstance.py:1206} INFO - Marking task as SUCCESS. dag_id=dados_climaticos_estruturados, task_id=criar_pasta, run_id=scheduled__2024-05-29T19:40:00+00:00, execution_date=20240529T194000, start_date=20240605T013718, end_date=20240605T013719
[2024-06-05T01:37:19.402+0000] {local_task_job_runner.py:240} INFO - Task exited with return code 0
[2024-06-05T01:37:19.444+0000] {taskinstance.py:3498} INFO - 1 downstream tasks scheduled from follow-on schedule check
[2024-06-05T01:37:19.450+0000] {local_task_job_runner.py:222} INFO - ::endgroup::
