[2024-06-05T01:00:23.625+0000] {local_task_job_runner.py:120} INFO - ::group::Pre task execution logs
[2024-06-05T01:00:23.680+0000] {taskinstance.py:2076} INFO - Dependencies all met for dep_context=non-requeueable deps ti=<TaskInstance: dados_climaticos_estruturados.criar_pasta scheduled__2024-05-30T10:35:00+00:00 [queued]>
[2024-06-05T01:00:23.708+0000] {taskinstance.py:2076} INFO - Dependencies all met for dep_context=requeueable deps ti=<TaskInstance: dados_climaticos_estruturados.criar_pasta scheduled__2024-05-30T10:35:00+00:00 [queued]>
[2024-06-05T01:00:23.709+0000] {taskinstance.py:2306} INFO - Starting attempt 1 of 1
[2024-06-05T01:00:23.756+0000] {taskinstance.py:2330} INFO - Executing <Task(PythonOperator): criar_pasta> on 2024-05-30 10:35:00+00:00
[2024-06-05T01:00:23.783+0000] {warnings.py:110} WARNING - /home/***/.local/lib/python3.12/site-packages/***/task/task_runner/standard_task_runner.py:61: DeprecationWarning: This process (pid=2803) is multi-threaded, use of fork() may lead to deadlocks in the child.
  pid = os.fork()

[2024-06-05T01:00:23.786+0000] {standard_task_runner.py:63} INFO - Started process 2834 to run task
[2024-06-05T01:00:23.789+0000] {standard_task_runner.py:90} INFO - Running: ['***', 'tasks', 'run', 'dados_climaticos_estruturados', 'criar_pasta', 'scheduled__2024-05-30T10:35:00+00:00', '--job-id', '1276', '--raw', '--subdir', 'DAGS_FOLDER/weather/custom_dags/dados_climaticos_estruturados.py', '--cfg-path', '/tmp/tmpsgorpa0e']
[2024-06-05T01:00:23.795+0000] {standard_task_runner.py:91} INFO - Job 1276: Subtask criar_pasta
[2024-06-05T01:00:23.889+0000] {task_command.py:426} INFO - Running <TaskInstance: dados_climaticos_estruturados.criar_pasta scheduled__2024-05-30T10:35:00+00:00 [running]> on host 6665b0710315
[2024-06-05T01:00:24.185+0000] {taskinstance.py:2648} INFO - Exporting env vars: AIRFLOW_CTX_DAG_OWNER='***' AIRFLOW_CTX_DAG_ID='dados_climaticos_estruturados' AIRFLOW_CTX_TASK_ID='criar_pasta' AIRFLOW_CTX_EXECUTION_DATE='2024-05-30T10:35:00+00:00' AIRFLOW_CTX_TRY_NUMBER='1' AIRFLOW_CTX_DAG_RUN_ID='scheduled__2024-05-30T10:35:00+00:00'
[2024-06-05T01:00:24.191+0000] {taskinstance.py:430} INFO - ::endgroup::
[2024-06-05T01:00:24.200+0000] {python.py:237} INFO - Done. Returned value was: None
[2024-06-05T01:00:24.200+0000] {taskinstance.py:441} INFO - ::group::Post task execution logs
[2024-06-05T01:00:24.244+0000] {taskinstance.py:1206} INFO - Marking task as SUCCESS. dag_id=dados_climaticos_estruturados, task_id=criar_pasta, run_id=scheduled__2024-05-30T10:35:00+00:00, execution_date=20240530T103500, start_date=20240605T010023, end_date=20240605T010024
[2024-06-05T01:00:24.313+0000] {local_task_job_runner.py:240} INFO - Task exited with return code 0
[2024-06-05T01:00:24.339+0000] {local_task_job_runner.py:222} INFO - ::endgroup::
[2024-06-05T01:40:13.409+0000] {local_task_job_runner.py:120} INFO - ::group::Pre task execution logs
[2024-06-05T01:40:13.447+0000] {taskinstance.py:2076} INFO - Dependencies all met for dep_context=non-requeueable deps ti=<TaskInstance: dados_climaticos_estruturados.criar_pasta scheduled__2024-05-30T10:35:00+00:00 [queued]>
[2024-06-05T01:40:13.469+0000] {taskinstance.py:2076} INFO - Dependencies all met for dep_context=requeueable deps ti=<TaskInstance: dados_climaticos_estruturados.criar_pasta scheduled__2024-05-30T10:35:00+00:00 [queued]>
[2024-06-05T01:40:13.471+0000] {taskinstance.py:2306} INFO - Starting attempt 1 of 1
[2024-06-05T01:40:13.506+0000] {taskinstance.py:2330} INFO - Executing <Task(PythonOperator): criar_pasta> on 2024-05-30 10:35:00+00:00
[2024-06-05T01:40:13.520+0000] {warnings.py:110} WARNING - /home/***/.local/lib/python3.12/site-packages/***/task/task_runner/standard_task_runner.py:61: DeprecationWarning: This process (pid=2817) is multi-threaded, use of fork() may lead to deadlocks in the child.
  pid = os.fork()

[2024-06-05T01:40:13.527+0000] {standard_task_runner.py:63} INFO - Started process 2837 to run task
[2024-06-05T01:40:13.528+0000] {standard_task_runner.py:90} INFO - Running: ['***', 'tasks', 'run', 'dados_climaticos_estruturados', 'criar_pasta', 'scheduled__2024-05-30T10:35:00+00:00', '--job-id', '895', '--raw', '--subdir', 'DAGS_FOLDER/weather/custom_dags/dados_climaticos_estruturados.py', '--cfg-path', '/tmp/tmpcn40cju6']
[2024-06-05T01:40:13.538+0000] {standard_task_runner.py:91} INFO - Job 895: Subtask criar_pasta
[2024-06-05T01:40:13.658+0000] {task_command.py:426} INFO - Running <TaskInstance: dados_climaticos_estruturados.criar_pasta scheduled__2024-05-30T10:35:00+00:00 [running]> on host 80232deae70a
[2024-06-05T01:40:13.904+0000] {taskinstance.py:2648} INFO - Exporting env vars: AIRFLOW_CTX_DAG_OWNER='***' AIRFLOW_CTX_DAG_ID='dados_climaticos_estruturados' AIRFLOW_CTX_TASK_ID='criar_pasta' AIRFLOW_CTX_EXECUTION_DATE='2024-05-30T10:35:00+00:00' AIRFLOW_CTX_TRY_NUMBER='1' AIRFLOW_CTX_DAG_RUN_ID='scheduled__2024-05-30T10:35:00+00:00'
[2024-06-05T01:40:13.911+0000] {taskinstance.py:430} INFO - ::endgroup::
[2024-06-05T01:40:13.931+0000] {python.py:237} INFO - Done. Returned value was: None
[2024-06-05T01:40:13.934+0000] {taskinstance.py:441} INFO - ::group::Post task execution logs
[2024-06-05T01:40:13.955+0000] {taskinstance.py:1206} INFO - Marking task as SUCCESS. dag_id=dados_climaticos_estruturados, task_id=criar_pasta, run_id=scheduled__2024-05-30T10:35:00+00:00, execution_date=20240530T103500, start_date=20240605T014013, end_date=20240605T014013
[2024-06-05T01:40:14.050+0000] {local_task_job_runner.py:240} INFO - Task exited with return code 0
[2024-06-05T01:40:14.104+0000] {taskinstance.py:3498} INFO - 1 downstream tasks scheduled from follow-on schedule check
[2024-06-05T01:40:14.116+0000] {local_task_job_runner.py:222} INFO - ::endgroup::
