[2024-06-05T01:04:29.938+0000] {local_task_job_runner.py:120} INFO - ::group::Pre task execution logs
[2024-06-05T01:04:29.962+0000] {taskinstance.py:2076} INFO - Dependencies all met for dep_context=non-requeueable deps ti=<TaskInstance: dados_climaticos_estruturados.criar_pasta scheduled__2024-05-31T06:00:00+00:00 [queued]>
[2024-06-05T01:04:29.971+0000] {taskinstance.py:2076} INFO - Dependencies all met for dep_context=requeueable deps ti=<TaskInstance: dados_climaticos_estruturados.criar_pasta scheduled__2024-05-31T06:00:00+00:00 [queued]>
[2024-06-05T01:04:29.972+0000] {taskinstance.py:2306} INFO - Starting attempt 1 of 1
[2024-06-05T01:04:29.987+0000] {taskinstance.py:2330} INFO - Executing <Task(PythonOperator): criar_pasta> on 2024-05-31 06:00:00+00:00
[2024-06-05T01:04:29.996+0000] {warnings.py:110} WARNING - /home/***/.local/lib/python3.12/site-packages/***/task/task_runner/standard_task_runner.py:61: DeprecationWarning: This process (pid=4287) is multi-threaded, use of fork() may lead to deadlocks in the child.
  pid = os.fork()

[2024-06-05T01:04:29.998+0000] {standard_task_runner.py:63} INFO - Started process 4289 to run task
[2024-06-05T01:04:29.999+0000] {standard_task_runner.py:90} INFO - Running: ['***', 'tasks', 'run', 'dados_climaticos_estruturados', 'criar_pasta', 'scheduled__2024-05-31T06:00:00+00:00', '--job-id', '1751', '--raw', '--subdir', 'DAGS_FOLDER/weather/custom_dags/dados_climaticos_estruturados.py', '--cfg-path', '/tmp/tmp33bj3sqj']
[2024-06-05T01:04:30.000+0000] {standard_task_runner.py:91} INFO - Job 1751: Subtask criar_pasta
[2024-06-05T01:04:30.055+0000] {task_command.py:426} INFO - Running <TaskInstance: dados_climaticos_estruturados.criar_pasta scheduled__2024-05-31T06:00:00+00:00 [running]> on host 6665b0710315
[2024-06-05T01:04:30.159+0000] {taskinstance.py:2648} INFO - Exporting env vars: AIRFLOW_CTX_DAG_OWNER='***' AIRFLOW_CTX_DAG_ID='dados_climaticos_estruturados' AIRFLOW_CTX_TASK_ID='criar_pasta' AIRFLOW_CTX_EXECUTION_DATE='2024-05-31T06:00:00+00:00' AIRFLOW_CTX_TRY_NUMBER='1' AIRFLOW_CTX_DAG_RUN_ID='scheduled__2024-05-31T06:00:00+00:00'
[2024-06-05T01:04:30.161+0000] {taskinstance.py:430} INFO - ::endgroup::
[2024-06-05T01:04:30.163+0000] {python.py:237} INFO - Done. Returned value was: None
[2024-06-05T01:04:30.163+0000] {taskinstance.py:441} INFO - ::group::Post task execution logs
[2024-06-05T01:04:30.175+0000] {taskinstance.py:1206} INFO - Marking task as SUCCESS. dag_id=dados_climaticos_estruturados, task_id=criar_pasta, run_id=scheduled__2024-05-31T06:00:00+00:00, execution_date=20240531T060000, start_date=20240605T010429, end_date=20240605T010430
[2024-06-05T01:04:30.220+0000] {local_task_job_runner.py:240} INFO - Task exited with return code 0
[2024-06-05T01:04:30.247+0000] {taskinstance.py:3498} INFO - 1 downstream tasks scheduled from follow-on schedule check
[2024-06-05T01:04:30.249+0000] {local_task_job_runner.py:222} INFO - ::endgroup::
[2024-06-05T01:43:48.626+0000] {local_task_job_runner.py:120} INFO - ::group::Pre task execution logs
[2024-06-05T01:43:48.658+0000] {taskinstance.py:2076} INFO - Dependencies all met for dep_context=non-requeueable deps ti=<TaskInstance: dados_climaticos_estruturados.criar_pasta scheduled__2024-05-31T06:00:00+00:00 [queued]>
[2024-06-05T01:43:48.671+0000] {taskinstance.py:2076} INFO - Dependencies all met for dep_context=requeueable deps ti=<TaskInstance: dados_climaticos_estruturados.criar_pasta scheduled__2024-05-31T06:00:00+00:00 [queued]>
[2024-06-05T01:43:48.672+0000] {taskinstance.py:2306} INFO - Starting attempt 1 of 1
[2024-06-05T01:43:48.694+0000] {taskinstance.py:2330} INFO - Executing <Task(PythonOperator): criar_pasta> on 2024-05-31 06:00:00+00:00
[2024-06-05T01:43:48.701+0000] {warnings.py:110} WARNING - /home/***/.local/lib/python3.12/site-packages/***/task/task_runner/standard_task_runner.py:61: DeprecationWarning: This process (pid=4259) is multi-threaded, use of fork() may lead to deadlocks in the child.
  pid = os.fork()

[2024-06-05T01:43:48.703+0000] {standard_task_runner.py:63} INFO - Started process 4267 to run task
[2024-06-05T01:43:48.704+0000] {standard_task_runner.py:90} INFO - Running: ['***', 'tasks', 'run', 'dados_climaticos_estruturados', 'criar_pasta', 'scheduled__2024-05-31T06:00:00+00:00', '--job-id', '1359', '--raw', '--subdir', 'DAGS_FOLDER/weather/custom_dags/dados_climaticos_estruturados.py', '--cfg-path', '/tmp/tmphzrhia1o']
[2024-06-05T01:43:48.705+0000] {standard_task_runner.py:91} INFO - Job 1359: Subtask criar_pasta
[2024-06-05T01:43:48.771+0000] {task_command.py:426} INFO - Running <TaskInstance: dados_climaticos_estruturados.criar_pasta scheduled__2024-05-31T06:00:00+00:00 [running]> on host 80232deae70a
[2024-06-05T01:43:48.880+0000] {taskinstance.py:2648} INFO - Exporting env vars: AIRFLOW_CTX_DAG_OWNER='***' AIRFLOW_CTX_DAG_ID='dados_climaticos_estruturados' AIRFLOW_CTX_TASK_ID='criar_pasta' AIRFLOW_CTX_EXECUTION_DATE='2024-05-31T06:00:00+00:00' AIRFLOW_CTX_TRY_NUMBER='1' AIRFLOW_CTX_DAG_RUN_ID='scheduled__2024-05-31T06:00:00+00:00'
[2024-06-05T01:43:48.882+0000] {taskinstance.py:430} INFO - ::endgroup::
[2024-06-05T01:43:48.884+0000] {python.py:237} INFO - Done. Returned value was: None
[2024-06-05T01:43:48.884+0000] {taskinstance.py:441} INFO - ::group::Post task execution logs
[2024-06-05T01:43:48.894+0000] {taskinstance.py:1206} INFO - Marking task as SUCCESS. dag_id=dados_climaticos_estruturados, task_id=criar_pasta, run_id=scheduled__2024-05-31T06:00:00+00:00, execution_date=20240531T060000, start_date=20240605T014348, end_date=20240605T014348
[2024-06-05T01:43:48.925+0000] {local_task_job_runner.py:240} INFO - Task exited with return code 0
[2024-06-05T01:43:48.946+0000] {taskinstance.py:3498} INFO - 1 downstream tasks scheduled from follow-on schedule check
[2024-06-05T01:43:48.949+0000] {local_task_job_runner.py:222} INFO - ::endgroup::
