[2024-06-05T00:53:46.062+0000] {local_task_job_runner.py:120} INFO - ::group::Pre task execution logs
[2024-06-05T00:53:46.106+0000] {taskinstance.py:2076} INFO - Dependencies all met for dep_context=non-requeueable deps ti=<TaskInstance: dados_climaticos_estruturados.criar_pasta scheduled__2024-05-29T00:40:00+00:00 [queued]>
[2024-06-05T00:53:46.122+0000] {taskinstance.py:2076} INFO - Dependencies all met for dep_context=requeueable deps ti=<TaskInstance: dados_climaticos_estruturados.criar_pasta scheduled__2024-05-29T00:40:00+00:00 [queued]>
[2024-06-05T00:53:46.124+0000] {taskinstance.py:2306} INFO - Starting attempt 1 of 1
[2024-06-05T00:53:46.175+0000] {taskinstance.py:2330} INFO - Executing <Task(PythonOperator): criar_pasta> on 2024-05-29 00:40:00+00:00
[2024-06-05T00:53:46.204+0000] {warnings.py:110} WARNING - /home/***/.local/lib/python3.12/site-packages/***/task/task_runner/standard_task_runner.py:61: DeprecationWarning: This process (pid=279) is multi-threaded, use of fork() may lead to deadlocks in the child.
  pid = os.fork()

[2024-06-05T00:53:46.210+0000] {standard_task_runner.py:63} INFO - Started process 310 to run task
[2024-06-05T00:53:46.207+0000] {standard_task_runner.py:90} INFO - Running: ['***', 'tasks', 'run', 'dados_climaticos_estruturados', 'criar_pasta', 'scheduled__2024-05-29T00:40:00+00:00', '--job-id', '460', '--raw', '--subdir', 'DAGS_FOLDER/weather/custom_dags/dados_climaticos_estruturados.py', '--cfg-path', '/tmp/tmp3v9btlrq']
[2024-06-05T00:53:46.217+0000] {standard_task_runner.py:91} INFO - Job 460: Subtask criar_pasta
[2024-06-05T00:53:46.349+0000] {task_command.py:426} INFO - Running <TaskInstance: dados_climaticos_estruturados.criar_pasta scheduled__2024-05-29T00:40:00+00:00 [running]> on host 6665b0710315
[2024-06-05T00:53:46.590+0000] {taskinstance.py:2648} INFO - Exporting env vars: AIRFLOW_CTX_DAG_OWNER='***' AIRFLOW_CTX_DAG_ID='dados_climaticos_estruturados' AIRFLOW_CTX_TASK_ID='criar_pasta' AIRFLOW_CTX_EXECUTION_DATE='2024-05-29T00:40:00+00:00' AIRFLOW_CTX_TRY_NUMBER='1' AIRFLOW_CTX_DAG_RUN_ID='scheduled__2024-05-29T00:40:00+00:00'
[2024-06-05T00:53:46.592+0000] {taskinstance.py:430} INFO - ::endgroup::
[2024-06-05T00:53:46.594+0000] {python.py:237} INFO - Done. Returned value was: None
[2024-06-05T00:53:46.595+0000] {taskinstance.py:441} INFO - ::group::Post task execution logs
[2024-06-05T00:53:46.613+0000] {taskinstance.py:1206} INFO - Marking task as SUCCESS. dag_id=dados_climaticos_estruturados, task_id=criar_pasta, run_id=scheduled__2024-05-29T00:40:00+00:00, execution_date=20240529T004000, start_date=20240605T005346, end_date=20240605T005346
[2024-06-05T00:53:46.742+0000] {local_task_job_runner.py:240} INFO - Task exited with return code 0
[2024-06-05T00:53:46.821+0000] {taskinstance.py:3498} INFO - 1 downstream tasks scheduled from follow-on schedule check
[2024-06-05T00:53:46.828+0000] {local_task_job_runner.py:222} INFO - ::endgroup::
[2024-06-05T01:33:28.890+0000] {local_task_job_runner.py:120} INFO - ::group::Pre task execution logs
[2024-06-05T01:33:28.933+0000] {taskinstance.py:2076} INFO - Dependencies all met for dep_context=non-requeueable deps ti=<TaskInstance: dados_climaticos_estruturados.criar_pasta scheduled__2024-05-29T00:40:00+00:00 [queued]>
[2024-06-05T01:33:28.948+0000] {taskinstance.py:2076} INFO - Dependencies all met for dep_context=requeueable deps ti=<TaskInstance: dados_climaticos_estruturados.criar_pasta scheduled__2024-05-29T00:40:00+00:00 [queued]>
[2024-06-05T01:33:28.949+0000] {taskinstance.py:2306} INFO - Starting attempt 1 of 1
[2024-06-05T01:33:29.003+0000] {taskinstance.py:2330} INFO - Executing <Task(PythonOperator): criar_pasta> on 2024-05-29 00:40:00+00:00
[2024-06-05T01:33:29.028+0000] {warnings.py:110} WARNING - /home/***/.local/lib/python3.12/site-packages/***/task/task_runner/standard_task_runner.py:61: DeprecationWarning: This process (pid=275) is multi-threaded, use of fork() may lead to deadlocks in the child.
  pid = os.fork()

[2024-06-05T01:33:29.030+0000] {standard_task_runner.py:63} INFO - Started process 299 to run task
[2024-06-05T01:33:29.037+0000] {standard_task_runner.py:90} INFO - Running: ['***', 'tasks', 'run', 'dados_climaticos_estruturados', 'criar_pasta', 'scheduled__2024-05-29T00:40:00+00:00', '--job-id', '74', '--raw', '--subdir', 'DAGS_FOLDER/weather/custom_dags/dados_climaticos_estruturados.py', '--cfg-path', '/tmp/tmpv851w64v']
[2024-06-05T01:33:29.040+0000] {standard_task_runner.py:91} INFO - Job 74: Subtask criar_pasta
[2024-06-05T01:33:29.177+0000] {task_command.py:426} INFO - Running <TaskInstance: dados_climaticos_estruturados.criar_pasta scheduled__2024-05-29T00:40:00+00:00 [running]> on host 80232deae70a
[2024-06-05T01:33:29.394+0000] {taskinstance.py:2648} INFO - Exporting env vars: AIRFLOW_CTX_DAG_OWNER='***' AIRFLOW_CTX_DAG_ID='dados_climaticos_estruturados' AIRFLOW_CTX_TASK_ID='criar_pasta' AIRFLOW_CTX_EXECUTION_DATE='2024-05-29T00:40:00+00:00' AIRFLOW_CTX_TRY_NUMBER='1' AIRFLOW_CTX_DAG_RUN_ID='scheduled__2024-05-29T00:40:00+00:00'
[2024-06-05T01:33:29.398+0000] {taskinstance.py:430} INFO - ::endgroup::
[2024-06-05T01:33:29.400+0000] {python.py:237} INFO - Done. Returned value was: None
[2024-06-05T01:33:29.404+0000] {taskinstance.py:441} INFO - ::group::Post task execution logs
[2024-06-05T01:33:29.433+0000] {taskinstance.py:1206} INFO - Marking task as SUCCESS. dag_id=dados_climaticos_estruturados, task_id=criar_pasta, run_id=scheduled__2024-05-29T00:40:00+00:00, execution_date=20240529T004000, start_date=20240605T013328, end_date=20240605T013329
[2024-06-05T01:33:29.546+0000] {local_task_job_runner.py:240} INFO - Task exited with return code 0
[2024-06-05T01:33:29.584+0000] {taskinstance.py:3498} INFO - 1 downstream tasks scheduled from follow-on schedule check
[2024-06-05T01:33:29.590+0000] {local_task_job_runner.py:222} INFO - ::endgroup::
