[2024-06-05T01:07:07.222+0000] {local_task_job_runner.py:120} INFO - ::group::Pre task execution logs
[2024-06-05T01:07:07.268+0000] {taskinstance.py:2076} INFO - Dependencies all met for dep_context=non-requeueable deps ti=<TaskInstance: dados_climaticos_estruturados.criar_pasta scheduled__2024-05-31T17:50:00+00:00 [queued]>
[2024-06-05T01:07:07.284+0000] {taskinstance.py:2076} INFO - Dependencies all met for dep_context=requeueable deps ti=<TaskInstance: dados_climaticos_estruturados.criar_pasta scheduled__2024-05-31T17:50:00+00:00 [queued]>
[2024-06-05T01:07:07.290+0000] {taskinstance.py:2306} INFO - Starting attempt 1 of 1
[2024-06-05T01:07:07.498+0000] {taskinstance.py:2330} INFO - Executing <Task(PythonOperator): criar_pasta> on 2024-05-31 17:50:00+00:00
[2024-06-05T01:07:07.508+0000] {warnings.py:110} WARNING - /home/***/.local/lib/python3.12/site-packages/***/task/task_runner/standard_task_runner.py:61: DeprecationWarning: This process (pid=5154) is multi-threaded, use of fork() may lead to deadlocks in the child.
  pid = os.fork()

[2024-06-05T01:07:07.510+0000] {standard_task_runner.py:63} INFO - Started process 5174 to run task
[2024-06-05T01:07:07.512+0000] {standard_task_runner.py:90} INFO - Running: ['***', 'tasks', 'run', 'dados_climaticos_estruturados', 'criar_pasta', 'scheduled__2024-05-31T17:50:00+00:00', '--job-id', '2031', '--raw', '--subdir', 'DAGS_FOLDER/weather/custom_dags/dados_climaticos_estruturados.py', '--cfg-path', '/tmp/tmp_swdleyj']
[2024-06-05T01:07:07.514+0000] {standard_task_runner.py:91} INFO - Job 2031: Subtask criar_pasta
[2024-06-05T01:07:07.604+0000] {task_command.py:426} INFO - Running <TaskInstance: dados_climaticos_estruturados.criar_pasta scheduled__2024-05-31T17:50:00+00:00 [running]> on host 6665b0710315
[2024-06-05T01:07:07.806+0000] {taskinstance.py:2648} INFO - Exporting env vars: AIRFLOW_CTX_DAG_OWNER='***' AIRFLOW_CTX_DAG_ID='dados_climaticos_estruturados' AIRFLOW_CTX_TASK_ID='criar_pasta' AIRFLOW_CTX_EXECUTION_DATE='2024-05-31T17:50:00+00:00' AIRFLOW_CTX_TRY_NUMBER='1' AIRFLOW_CTX_DAG_RUN_ID='scheduled__2024-05-31T17:50:00+00:00'
[2024-06-05T01:07:07.814+0000] {taskinstance.py:430} INFO - ::endgroup::
[2024-06-05T01:07:07.816+0000] {python.py:237} INFO - Done. Returned value was: None
[2024-06-05T01:07:07.816+0000] {taskinstance.py:441} INFO - ::group::Post task execution logs
[2024-06-05T01:07:07.833+0000] {taskinstance.py:1206} INFO - Marking task as SUCCESS. dag_id=dados_climaticos_estruturados, task_id=criar_pasta, run_id=scheduled__2024-05-31T17:50:00+00:00, execution_date=20240531T175000, start_date=20240605T010707, end_date=20240605T010707
[2024-06-05T01:07:07.899+0000] {local_task_job_runner.py:240} INFO - Task exited with return code 0
[2024-06-05T01:07:07.940+0000] {taskinstance.py:3498} INFO - 1 downstream tasks scheduled from follow-on schedule check
[2024-06-05T01:07:07.950+0000] {local_task_job_runner.py:222} INFO - ::endgroup::
[2024-06-05T01:46:24.860+0000] {local_task_job_runner.py:120} INFO - ::group::Pre task execution logs
[2024-06-05T01:46:24.897+0000] {taskinstance.py:2076} INFO - Dependencies all met for dep_context=non-requeueable deps ti=<TaskInstance: dados_climaticos_estruturados.criar_pasta scheduled__2024-05-31T17:50:00+00:00 [queued]>
[2024-06-05T01:46:24.913+0000] {taskinstance.py:2076} INFO - Dependencies all met for dep_context=requeueable deps ti=<TaskInstance: dados_climaticos_estruturados.criar_pasta scheduled__2024-05-31T17:50:00+00:00 [queued]>
[2024-06-05T01:46:24.914+0000] {taskinstance.py:2306} INFO - Starting attempt 1 of 1
[2024-06-05T01:46:24.945+0000] {taskinstance.py:2330} INFO - Executing <Task(PythonOperator): criar_pasta> on 2024-05-31 17:50:00+00:00
[2024-06-05T01:46:24.959+0000] {warnings.py:110} WARNING - /home/***/.local/lib/python3.12/site-packages/***/task/task_runner/standard_task_runner.py:61: DeprecationWarning: This process (pid=5155) is multi-threaded, use of fork() may lead to deadlocks in the child.
  pid = os.fork()

[2024-06-05T01:46:24.962+0000] {standard_task_runner.py:63} INFO - Started process 5174 to run task
[2024-06-05T01:46:24.963+0000] {standard_task_runner.py:90} INFO - Running: ['***', 'tasks', 'run', 'dados_climaticos_estruturados', 'criar_pasta', 'scheduled__2024-05-31T17:50:00+00:00', '--job-id', '1646', '--raw', '--subdir', 'DAGS_FOLDER/weather/custom_dags/dados_climaticos_estruturados.py', '--cfg-path', '/tmp/tmpsp6iqorv']
[2024-06-05T01:46:24.966+0000] {standard_task_runner.py:91} INFO - Job 1646: Subtask criar_pasta
[2024-06-05T01:46:25.050+0000] {task_command.py:426} INFO - Running <TaskInstance: dados_climaticos_estruturados.criar_pasta scheduled__2024-05-31T17:50:00+00:00 [running]> on host 80232deae70a
[2024-06-05T01:46:25.205+0000] {taskinstance.py:2648} INFO - Exporting env vars: AIRFLOW_CTX_DAG_OWNER='***' AIRFLOW_CTX_DAG_ID='dados_climaticos_estruturados' AIRFLOW_CTX_TASK_ID='criar_pasta' AIRFLOW_CTX_EXECUTION_DATE='2024-05-31T17:50:00+00:00' AIRFLOW_CTX_TRY_NUMBER='1' AIRFLOW_CTX_DAG_RUN_ID='scheduled__2024-05-31T17:50:00+00:00'
[2024-06-05T01:46:25.209+0000] {taskinstance.py:430} INFO - ::endgroup::
[2024-06-05T01:46:25.212+0000] {python.py:237} INFO - Done. Returned value was: None
[2024-06-05T01:46:25.213+0000] {taskinstance.py:441} INFO - ::group::Post task execution logs
[2024-06-05T01:46:25.228+0000] {taskinstance.py:1206} INFO - Marking task as SUCCESS. dag_id=dados_climaticos_estruturados, task_id=criar_pasta, run_id=scheduled__2024-05-31T17:50:00+00:00, execution_date=20240531T175000, start_date=20240605T014624, end_date=20240605T014625
[2024-06-05T01:46:25.273+0000] {local_task_job_runner.py:240} INFO - Task exited with return code 0
[2024-06-05T01:46:25.330+0000] {taskinstance.py:3498} INFO - 1 downstream tasks scheduled from follow-on schedule check
[2024-06-05T01:46:25.336+0000] {local_task_job_runner.py:222} INFO - ::endgroup::
