[2024-06-18T00:06:48.485+0000] {local_task_job_runner.py:120} INFO - ::group::Pre task execution logs
[2024-06-18T00:06:48.508+0000] {taskinstance.py:2076} INFO - Dependencies all met for dep_context=non-requeueable deps ti=<TaskInstance: dados_climaticos_estruturados.transformar_dados scheduled__2024-06-18T00:00:00+00:00 [queued]>
[2024-06-18T00:06:48.516+0000] {taskinstance.py:2076} INFO - Dependencies all met for dep_context=requeueable deps ti=<TaskInstance: dados_climaticos_estruturados.transformar_dados scheduled__2024-06-18T00:00:00+00:00 [queued]>
[2024-06-18T00:06:48.517+0000] {taskinstance.py:2306} INFO - Starting attempt 1 of 1
[2024-06-18T00:06:48.530+0000] {taskinstance.py:2330} INFO - Executing <Task(PythonOperator): transformar_dados> on 2024-06-18 00:00:00+00:00
[2024-06-18T00:06:48.536+0000] {warnings.py:110} WARNING - /home/***/.local/lib/python3.12/site-packages/***/task/task_runner/standard_task_runner.py:61: DeprecationWarning: This process (pid=481) is multi-threaded, use of fork() may lead to deadlocks in the child.
  pid = os.fork()

[2024-06-18T00:06:48.537+0000] {standard_task_runner.py:63} INFO - Started process 483 to run task
[2024-06-18T00:06:48.538+0000] {standard_task_runner.py:90} INFO - Running: ['***', 'tasks', 'run', 'dados_climaticos_estruturados', 'transformar_dados', 'scheduled__2024-06-18T00:00:00+00:00', '--job-id', '2077', '--raw', '--subdir', 'DAGS_FOLDER/weather/custom_dags/dados_climaticos_estruturados.py', '--cfg-path', '/tmp/tmpk432vvox']
[2024-06-18T00:06:48.539+0000] {standard_task_runner.py:91} INFO - Job 2077: Subtask transformar_dados
[2024-06-18T00:06:48.582+0000] {task_command.py:426} INFO - Running <TaskInstance: dados_climaticos_estruturados.transformar_dados scheduled__2024-06-18T00:00:00+00:00 [running]> on host 350a9091aaab
[2024-06-18T00:06:48.668+0000] {taskinstance.py:2648} INFO - Exporting env vars: AIRFLOW_CTX_DAG_OWNER='***' AIRFLOW_CTX_DAG_ID='dados_climaticos_estruturados' AIRFLOW_CTX_TASK_ID='transformar_dados' AIRFLOW_CTX_EXECUTION_DATE='2024-06-18T00:00:00+00:00' AIRFLOW_CTX_TRY_NUMBER='1' AIRFLOW_CTX_DAG_RUN_ID='scheduled__2024-06-18T00:00:00+00:00'
[2024-06-18T00:06:48.670+0000] {taskinstance.py:430} INFO - ::endgroup::
[2024-06-18T00:06:48.671+0000] {logging_mixin.py:188} INFO - Erro: O arquivo dados_brutos.csv não foi encontrado.
[2024-06-18T00:06:48.672+0000] {python.py:237} INFO - Done. Returned value was: None
[2024-06-18T00:06:48.672+0000] {taskinstance.py:441} INFO - ::group::Post task execution logs
[2024-06-18T00:06:48.682+0000] {taskinstance.py:1206} INFO - Marking task as SUCCESS. dag_id=dados_climaticos_estruturados, task_id=transformar_dados, run_id=scheduled__2024-06-18T00:00:00+00:00, execution_date=20240618T000000, start_date=20240618T000648, end_date=20240618T000648
[2024-06-18T00:06:48.718+0000] {local_task_job_runner.py:240} INFO - Task exited with return code 0
[2024-06-18T00:06:48.734+0000] {taskinstance.py:3498} INFO - 0 downstream tasks scheduled from follow-on schedule check
[2024-06-18T00:06:48.736+0000] {local_task_job_runner.py:222} INFO - ::endgroup::
[2024-06-18T01:29:43.681+0000] {local_task_job_runner.py:120} INFO - ::group::Pre task execution logs
[2024-06-18T01:29:43.843+0000] {taskinstance.py:2076} INFO - Dependencies all met for dep_context=non-requeueable deps ti=<TaskInstance: dados_climaticos_estruturados.transformar_dados scheduled__2024-06-18T00:00:00+00:00 [queued]>
[2024-06-18T01:29:43.873+0000] {taskinstance.py:2076} INFO - Dependencies all met for dep_context=requeueable deps ti=<TaskInstance: dados_climaticos_estruturados.transformar_dados scheduled__2024-06-18T00:00:00+00:00 [queued]>
[2024-06-18T01:29:43.877+0000] {taskinstance.py:2306} INFO - Starting attempt 1 of 1
[2024-06-18T01:29:44.090+0000] {taskinstance.py:2330} INFO - Executing <Task(PythonOperator): transformar_dados> on 2024-06-18 00:00:00+00:00
[2024-06-18T01:29:44.142+0000] {warnings.py:110} WARNING - /home/***/.local/lib/python3.12/site-packages/***/task/task_runner/standard_task_runner.py:61: DeprecationWarning: This process (pid=167) is multi-threaded, use of fork() may lead to deadlocks in the child.
  pid = os.fork()

[2024-06-18T01:29:44.151+0000] {standard_task_runner.py:63} INFO - Started process 199 to run task
[2024-06-18T01:29:44.151+0000] {standard_task_runner.py:90} INFO - Running: ['***', 'tasks', 'run', 'dados_climaticos_estruturados', 'transformar_dados', 'scheduled__2024-06-18T00:00:00+00:00', '--job-id', '40', '--raw', '--subdir', 'DAGS_FOLDER/weather/custom_dags/dados_climaticos_estruturados.py', '--cfg-path', '/tmp/tmpm1qfvow3']
[2024-06-18T01:29:44.162+0000] {standard_task_runner.py:91} INFO - Job 40: Subtask transformar_dados
[2024-06-18T01:29:44.411+0000] {task_command.py:426} INFO - Running <TaskInstance: dados_climaticos_estruturados.transformar_dados scheduled__2024-06-18T00:00:00+00:00 [running]> on host bd8fdde9baa6
[2024-06-18T01:29:44.797+0000] {taskinstance.py:2648} INFO - Exporting env vars: AIRFLOW_CTX_DAG_OWNER='***' AIRFLOW_CTX_DAG_ID='dados_climaticos_estruturados' AIRFLOW_CTX_TASK_ID='transformar_dados' AIRFLOW_CTX_EXECUTION_DATE='2024-06-18T00:00:00+00:00' AIRFLOW_CTX_TRY_NUMBER='1' AIRFLOW_CTX_DAG_RUN_ID='scheduled__2024-06-18T00:00:00+00:00'
[2024-06-18T01:29:44.808+0000] {taskinstance.py:430} INFO - ::endgroup::
[2024-06-18T01:29:44.844+0000] {python.py:237} INFO - Done. Returned value was: None
[2024-06-18T01:29:44.851+0000] {taskinstance.py:441} INFO - ::group::Post task execution logs
[2024-06-18T01:29:44.941+0000] {taskinstance.py:1206} INFO - Marking task as SUCCESS. dag_id=dados_climaticos_estruturados, task_id=transformar_dados, run_id=scheduled__2024-06-18T00:00:00+00:00, execution_date=20240618T000000, start_date=20240618T012943, end_date=20240618T012944
[2024-06-18T01:29:45.056+0000] {local_task_job_runner.py:240} INFO - Task exited with return code 0
[2024-06-18T01:29:45.118+0000] {taskinstance.py:3498} INFO - 1 downstream tasks scheduled from follow-on schedule check
[2024-06-18T01:29:45.122+0000] {local_task_job_runner.py:222} INFO - ::endgroup::
