[2024-06-05T01:06:50.234+0000] {local_task_job_runner.py:120} INFO - ::group::Pre task execution logs
[2024-06-05T01:06:50.299+0000] {taskinstance.py:2076} INFO - Dependencies all met for dep_context=non-requeueable deps ti=<TaskInstance: dados_climaticos_estruturados.criar_pasta scheduled__2024-05-31T17:10:00+00:00 [queued]>
[2024-06-05T01:06:50.317+0000] {taskinstance.py:2076} INFO - Dependencies all met for dep_context=requeueable deps ti=<TaskInstance: dados_climaticos_estruturados.criar_pasta scheduled__2024-05-31T17:10:00+00:00 [queued]>
[2024-06-05T01:06:50.318+0000] {taskinstance.py:2306} INFO - Starting attempt 1 of 1
[2024-06-05T01:06:50.348+0000] {taskinstance.py:2330} INFO - Executing <Task(PythonOperator): criar_pasta> on 2024-05-31 17:10:00+00:00
[2024-06-05T01:06:50.376+0000] {warnings.py:110} WARNING - /home/***/.local/lib/python3.12/site-packages/***/task/task_runner/standard_task_runner.py:61: DeprecationWarning: This process (pid=5087) is multi-threaded, use of fork() may lead to deadlocks in the child.
  pid = os.fork()

[2024-06-05T01:06:50.381+0000] {standard_task_runner.py:63} INFO - Started process 5117 to run task
[2024-06-05T01:06:50.384+0000] {standard_task_runner.py:90} INFO - Running: ['***', 'tasks', 'run', 'dados_climaticos_estruturados', 'criar_pasta', 'scheduled__2024-05-31T17:10:00+00:00', '--job-id', '2009', '--raw', '--subdir', 'DAGS_FOLDER/weather/custom_dags/dados_climaticos_estruturados.py', '--cfg-path', '/tmp/tmpbjhbpee3']
[2024-06-05T01:06:50.390+0000] {standard_task_runner.py:91} INFO - Job 2009: Subtask criar_pasta
[2024-06-05T01:06:50.551+0000] {task_command.py:426} INFO - Running <TaskInstance: dados_climaticos_estruturados.criar_pasta scheduled__2024-05-31T17:10:00+00:00 [running]> on host 6665b0710315
[2024-06-05T01:06:50.872+0000] {taskinstance.py:2648} INFO - Exporting env vars: AIRFLOW_CTX_DAG_OWNER='***' AIRFLOW_CTX_DAG_ID='dados_climaticos_estruturados' AIRFLOW_CTX_TASK_ID='criar_pasta' AIRFLOW_CTX_EXECUTION_DATE='2024-05-31T17:10:00+00:00' AIRFLOW_CTX_TRY_NUMBER='1' AIRFLOW_CTX_DAG_RUN_ID='scheduled__2024-05-31T17:10:00+00:00'
[2024-06-05T01:06:50.879+0000] {taskinstance.py:430} INFO - ::endgroup::
[2024-06-05T01:06:50.884+0000] {python.py:237} INFO - Done. Returned value was: None
[2024-06-05T01:06:50.885+0000] {taskinstance.py:441} INFO - ::group::Post task execution logs
[2024-06-05T01:06:50.917+0000] {taskinstance.py:1206} INFO - Marking task as SUCCESS. dag_id=dados_climaticos_estruturados, task_id=criar_pasta, run_id=scheduled__2024-05-31T17:10:00+00:00, execution_date=20240531T171000, start_date=20240605T010650, end_date=20240605T010650
[2024-06-05T01:06:50.977+0000] {local_task_job_runner.py:240} INFO - Task exited with return code 0
[2024-06-05T01:06:51.017+0000] {taskinstance.py:3498} INFO - 1 downstream tasks scheduled from follow-on schedule check
[2024-06-05T01:06:51.020+0000] {local_task_job_runner.py:222} INFO - ::endgroup::
[2024-06-05T01:46:09.025+0000] {local_task_job_runner.py:120} INFO - ::group::Pre task execution logs
[2024-06-05T01:46:09.101+0000] {taskinstance.py:2076} INFO - Dependencies all met for dep_context=non-requeueable deps ti=<TaskInstance: dados_climaticos_estruturados.criar_pasta scheduled__2024-05-31T17:10:00+00:00 [queued]>
[2024-06-05T01:46:09.121+0000] {taskinstance.py:2076} INFO - Dependencies all met for dep_context=requeueable deps ti=<TaskInstance: dados_climaticos_estruturados.criar_pasta scheduled__2024-05-31T17:10:00+00:00 [queued]>
[2024-06-05T01:46:09.122+0000] {taskinstance.py:2306} INFO - Starting attempt 1 of 1
[2024-06-05T01:46:09.161+0000] {taskinstance.py:2330} INFO - Executing <Task(PythonOperator): criar_pasta> on 2024-05-31 17:10:00+00:00
[2024-06-05T01:46:09.176+0000] {warnings.py:110} WARNING - /home/***/.local/lib/python3.12/site-packages/***/task/task_runner/standard_task_runner.py:61: DeprecationWarning: This process (pid=5069) is multi-threaded, use of fork() may lead to deadlocks in the child.
  pid = os.fork()

[2024-06-05T01:46:09.179+0000] {standard_task_runner.py:63} INFO - Started process 5096 to run task
[2024-06-05T01:46:09.181+0000] {standard_task_runner.py:90} INFO - Running: ['***', 'tasks', 'run', 'dados_climaticos_estruturados', 'criar_pasta', 'scheduled__2024-05-31T17:10:00+00:00', '--job-id', '1625', '--raw', '--subdir', 'DAGS_FOLDER/weather/custom_dags/dados_climaticos_estruturados.py', '--cfg-path', '/tmp/tmpqn1h1jnm']
[2024-06-05T01:46:09.185+0000] {standard_task_runner.py:91} INFO - Job 1625: Subtask criar_pasta
[2024-06-05T01:46:09.274+0000] {task_command.py:426} INFO - Running <TaskInstance: dados_climaticos_estruturados.criar_pasta scheduled__2024-05-31T17:10:00+00:00 [running]> on host 80232deae70a
[2024-06-05T01:46:09.440+0000] {taskinstance.py:2648} INFO - Exporting env vars: AIRFLOW_CTX_DAG_OWNER='***' AIRFLOW_CTX_DAG_ID='dados_climaticos_estruturados' AIRFLOW_CTX_TASK_ID='criar_pasta' AIRFLOW_CTX_EXECUTION_DATE='2024-05-31T17:10:00+00:00' AIRFLOW_CTX_TRY_NUMBER='1' AIRFLOW_CTX_DAG_RUN_ID='scheduled__2024-05-31T17:10:00+00:00'
[2024-06-05T01:46:09.445+0000] {taskinstance.py:430} INFO - ::endgroup::
[2024-06-05T01:46:09.448+0000] {python.py:237} INFO - Done. Returned value was: None
[2024-06-05T01:46:09.449+0000] {taskinstance.py:441} INFO - ::group::Post task execution logs
[2024-06-05T01:46:09.476+0000] {taskinstance.py:1206} INFO - Marking task as SUCCESS. dag_id=dados_climaticos_estruturados, task_id=criar_pasta, run_id=scheduled__2024-05-31T17:10:00+00:00, execution_date=20240531T171000, start_date=20240605T014609, end_date=20240605T014609
[2024-06-05T01:46:09.529+0000] {local_task_job_runner.py:240} INFO - Task exited with return code 0
[2024-06-05T01:46:09.552+0000] {local_task_job_runner.py:222} INFO - ::endgroup::
