[2024-06-05T01:06:37.153+0000] {local_task_job_runner.py:120} INFO - ::group::Pre task execution logs
[2024-06-05T01:06:37.210+0000] {taskinstance.py:2076} INFO - Dependencies all met for dep_context=non-requeueable deps ti=<TaskInstance: dados_climaticos_estruturados.criar_pasta scheduled__2024-05-31T15:50:00+00:00 [queued]>
[2024-06-05T01:06:37.235+0000] {taskinstance.py:2076} INFO - Dependencies all met for dep_context=requeueable deps ti=<TaskInstance: dados_climaticos_estruturados.criar_pasta scheduled__2024-05-31T15:50:00+00:00 [queued]>
[2024-06-05T01:06:37.238+0000] {taskinstance.py:2306} INFO - Starting attempt 1 of 1
[2024-06-05T01:06:37.271+0000] {taskinstance.py:2330} INFO - Executing <Task(PythonOperator): criar_pasta> on 2024-05-31 15:50:00+00:00
[2024-06-05T01:06:37.284+0000] {warnings.py:110} WARNING - /home/***/.local/lib/python3.12/site-packages/***/task/task_runner/standard_task_runner.py:61: DeprecationWarning: This process (pid=4998) is multi-threaded, use of fork() may lead to deadlocks in the child.
  pid = os.fork()

[2024-06-05T01:06:37.288+0000] {standard_task_runner.py:63} INFO - Started process 5029 to run task
[2024-06-05T01:06:37.287+0000] {standard_task_runner.py:90} INFO - Running: ['***', 'tasks', 'run', 'dados_climaticos_estruturados', 'criar_pasta', 'scheduled__2024-05-31T15:50:00+00:00', '--job-id', '1981', '--raw', '--subdir', 'DAGS_FOLDER/weather/custom_dags/dados_climaticos_estruturados.py', '--cfg-path', '/tmp/tmpggglxhx4']
[2024-06-05T01:06:37.290+0000] {standard_task_runner.py:91} INFO - Job 1981: Subtask criar_pasta
[2024-06-05T01:06:37.408+0000] {task_command.py:426} INFO - Running <TaskInstance: dados_climaticos_estruturados.criar_pasta scheduled__2024-05-31T15:50:00+00:00 [running]> on host 6665b0710315
[2024-06-05T01:06:37.625+0000] {taskinstance.py:2648} INFO - Exporting env vars: AIRFLOW_CTX_DAG_OWNER='***' AIRFLOW_CTX_DAG_ID='dados_climaticos_estruturados' AIRFLOW_CTX_TASK_ID='criar_pasta' AIRFLOW_CTX_EXECUTION_DATE='2024-05-31T15:50:00+00:00' AIRFLOW_CTX_TRY_NUMBER='1' AIRFLOW_CTX_DAG_RUN_ID='scheduled__2024-05-31T15:50:00+00:00'
[2024-06-05T01:06:37.628+0000] {taskinstance.py:430} INFO - ::endgroup::
[2024-06-05T01:06:37.632+0000] {python.py:237} INFO - Done. Returned value was: None
[2024-06-05T01:06:37.635+0000] {taskinstance.py:441} INFO - ::group::Post task execution logs
[2024-06-05T01:06:37.655+0000] {taskinstance.py:1206} INFO - Marking task as SUCCESS. dag_id=dados_climaticos_estruturados, task_id=criar_pasta, run_id=scheduled__2024-05-31T15:50:00+00:00, execution_date=20240531T155000, start_date=20240605T010637, end_date=20240605T010637
[2024-06-05T01:06:37.723+0000] {local_task_job_runner.py:240} INFO - Task exited with return code 0
[2024-06-05T01:06:37.761+0000] {taskinstance.py:3498} INFO - 1 downstream tasks scheduled from follow-on schedule check
[2024-06-05T01:06:37.765+0000] {local_task_job_runner.py:222} INFO - ::endgroup::
[2024-06-05T01:45:57.905+0000] {local_task_job_runner.py:120} INFO - ::group::Pre task execution logs
[2024-06-05T01:45:57.925+0000] {taskinstance.py:2076} INFO - Dependencies all met for dep_context=non-requeueable deps ti=<TaskInstance: dados_climaticos_estruturados.criar_pasta scheduled__2024-05-31T15:50:00+00:00 [queued]>
[2024-06-05T01:45:57.933+0000] {taskinstance.py:2076} INFO - Dependencies all met for dep_context=requeueable deps ti=<TaskInstance: dados_climaticos_estruturados.criar_pasta scheduled__2024-05-31T15:50:00+00:00 [queued]>
[2024-06-05T01:45:57.934+0000] {taskinstance.py:2306} INFO - Starting attempt 1 of 1
[2024-06-05T01:45:57.946+0000] {taskinstance.py:2330} INFO - Executing <Task(PythonOperator): criar_pasta> on 2024-05-31 15:50:00+00:00
[2024-06-05T01:45:57.953+0000] {warnings.py:110} WARNING - /home/***/.local/lib/python3.12/site-packages/***/task/task_runner/standard_task_runner.py:61: DeprecationWarning: This process (pid=5008) is multi-threaded, use of fork() may lead to deadlocks in the child.
  pid = os.fork()

[2024-06-05T01:45:57.955+0000] {standard_task_runner.py:63} INFO - Started process 5010 to run task
[2024-06-05T01:45:57.955+0000] {standard_task_runner.py:90} INFO - Running: ['***', 'tasks', 'run', 'dados_climaticos_estruturados', 'criar_pasta', 'scheduled__2024-05-31T15:50:00+00:00', '--job-id', '1599', '--raw', '--subdir', 'DAGS_FOLDER/weather/custom_dags/dados_climaticos_estruturados.py', '--cfg-path', '/tmp/tmp24sib5hy']
[2024-06-05T01:45:57.957+0000] {standard_task_runner.py:91} INFO - Job 1599: Subtask criar_pasta
[2024-06-05T01:45:58.004+0000] {task_command.py:426} INFO - Running <TaskInstance: dados_climaticos_estruturados.criar_pasta scheduled__2024-05-31T15:50:00+00:00 [running]> on host 80232deae70a
[2024-06-05T01:45:58.093+0000] {taskinstance.py:2648} INFO - Exporting env vars: AIRFLOW_CTX_DAG_OWNER='***' AIRFLOW_CTX_DAG_ID='dados_climaticos_estruturados' AIRFLOW_CTX_TASK_ID='criar_pasta' AIRFLOW_CTX_EXECUTION_DATE='2024-05-31T15:50:00+00:00' AIRFLOW_CTX_TRY_NUMBER='1' AIRFLOW_CTX_DAG_RUN_ID='scheduled__2024-05-31T15:50:00+00:00'
[2024-06-05T01:45:58.095+0000] {taskinstance.py:430} INFO - ::endgroup::
[2024-06-05T01:45:58.096+0000] {python.py:237} INFO - Done. Returned value was: None
[2024-06-05T01:45:58.097+0000] {taskinstance.py:441} INFO - ::group::Post task execution logs
[2024-06-05T01:45:58.107+0000] {taskinstance.py:1206} INFO - Marking task as SUCCESS. dag_id=dados_climaticos_estruturados, task_id=criar_pasta, run_id=scheduled__2024-05-31T15:50:00+00:00, execution_date=20240531T155000, start_date=20240605T014557, end_date=20240605T014558
[2024-06-05T01:45:58.136+0000] {local_task_job_runner.py:240} INFO - Task exited with return code 0
[2024-06-05T01:45:58.155+0000] {taskinstance.py:3498} INFO - 1 downstream tasks scheduled from follow-on schedule check
[2024-06-05T01:45:58.157+0000] {local_task_job_runner.py:222} INFO - ::endgroup::
