[2024-06-05T00:54:39.624+0000] {local_task_job_runner.py:120} INFO - ::group::Pre task execution logs
[2024-06-05T00:54:39.672+0000] {taskinstance.py:2076} INFO - Dependencies all met for dep_context=non-requeueable deps ti=<TaskInstance: dados_climaticos_estruturados.criar_pasta scheduled__2024-05-29T05:15:00+00:00 [queued]>
[2024-06-05T00:54:39.686+0000] {taskinstance.py:2076} INFO - Dependencies all met for dep_context=requeueable deps ti=<TaskInstance: dados_climaticos_estruturados.criar_pasta scheduled__2024-05-29T05:15:00+00:00 [queued]>
[2024-06-05T00:54:39.687+0000] {taskinstance.py:2306} INFO - Starting attempt 1 of 1
[2024-06-05T00:54:39.710+0000] {taskinstance.py:2330} INFO - Executing <Task(PythonOperator): criar_pasta> on 2024-05-29 05:15:00+00:00
[2024-06-05T00:54:39.730+0000] {warnings.py:110} WARNING - /home/***/.local/lib/python3.12/site-packages/***/task/task_runner/standard_task_runner.py:61: DeprecationWarning: This process (pid=617) is multi-threaded, use of fork() may lead to deadlocks in the child.
  pid = os.fork()

[2024-06-05T00:54:39.740+0000] {standard_task_runner.py:63} INFO - Started process 644 to run task
[2024-06-05T00:54:39.735+0000] {standard_task_runner.py:90} INFO - Running: ['***', 'tasks', 'run', 'dados_climaticos_estruturados', 'criar_pasta', 'scheduled__2024-05-29T05:15:00+00:00', '--job-id', '569', '--raw', '--subdir', 'DAGS_FOLDER/weather/custom_dags/dados_climaticos_estruturados.py', '--cfg-path', '/tmp/tmp2tluilse']
[2024-06-05T00:54:39.742+0000] {standard_task_runner.py:91} INFO - Job 569: Subtask criar_pasta
[2024-06-05T00:54:39.848+0000] {task_command.py:426} INFO - Running <TaskInstance: dados_climaticos_estruturados.criar_pasta scheduled__2024-05-29T05:15:00+00:00 [running]> on host 6665b0710315
[2024-06-05T00:54:40.041+0000] {taskinstance.py:2648} INFO - Exporting env vars: AIRFLOW_CTX_DAG_OWNER='***' AIRFLOW_CTX_DAG_ID='dados_climaticos_estruturados' AIRFLOW_CTX_TASK_ID='criar_pasta' AIRFLOW_CTX_EXECUTION_DATE='2024-05-29T05:15:00+00:00' AIRFLOW_CTX_TRY_NUMBER='1' AIRFLOW_CTX_DAG_RUN_ID='scheduled__2024-05-29T05:15:00+00:00'
[2024-06-05T00:54:40.048+0000] {taskinstance.py:430} INFO - ::endgroup::
[2024-06-05T00:54:40.050+0000] {python.py:237} INFO - Done. Returned value was: None
[2024-06-05T00:54:40.052+0000] {taskinstance.py:441} INFO - ::group::Post task execution logs
[2024-06-05T00:54:40.075+0000] {taskinstance.py:1206} INFO - Marking task as SUCCESS. dag_id=dados_climaticos_estruturados, task_id=criar_pasta, run_id=scheduled__2024-05-29T05:15:00+00:00, execution_date=20240529T051500, start_date=20240605T005439, end_date=20240605T005440
[2024-06-05T00:54:40.136+0000] {local_task_job_runner.py:240} INFO - Task exited with return code 0
[2024-06-05T00:54:40.166+0000] {local_task_job_runner.py:222} INFO - ::endgroup::
[2024-06-05T01:34:19.394+0000] {local_task_job_runner.py:120} INFO - ::group::Pre task execution logs
[2024-06-05T01:34:19.430+0000] {taskinstance.py:2076} INFO - Dependencies all met for dep_context=non-requeueable deps ti=<TaskInstance: dados_climaticos_estruturados.criar_pasta scheduled__2024-05-29T05:15:00+00:00 [queued]>
[2024-06-05T01:34:19.447+0000] {taskinstance.py:2076} INFO - Dependencies all met for dep_context=requeueable deps ti=<TaskInstance: dados_climaticos_estruturados.criar_pasta scheduled__2024-05-29T05:15:00+00:00 [queued]>
[2024-06-05T01:34:19.448+0000] {taskinstance.py:2306} INFO - Starting attempt 1 of 1
[2024-06-05T01:34:19.468+0000] {taskinstance.py:2330} INFO - Executing <Task(PythonOperator): criar_pasta> on 2024-05-29 05:15:00+00:00
[2024-06-05T01:34:19.479+0000] {warnings.py:110} WARNING - /home/***/.local/lib/python3.12/site-packages/***/task/task_runner/standard_task_runner.py:61: DeprecationWarning: This process (pid=610) is multi-threaded, use of fork() may lead to deadlocks in the child.
  pid = os.fork()

[2024-06-05T01:34:19.483+0000] {standard_task_runner.py:63} INFO - Started process 640 to run task
[2024-06-05T01:34:19.484+0000] {standard_task_runner.py:90} INFO - Running: ['***', 'tasks', 'run', 'dados_climaticos_estruturados', 'criar_pasta', 'scheduled__2024-05-29T05:15:00+00:00', '--job-id', '185', '--raw', '--subdir', 'DAGS_FOLDER/weather/custom_dags/dados_climaticos_estruturados.py', '--cfg-path', '/tmp/tmpbjvr9t88']
[2024-06-05T01:34:19.486+0000] {standard_task_runner.py:91} INFO - Job 185: Subtask criar_pasta
[2024-06-05T01:34:19.575+0000] {task_command.py:426} INFO - Running <TaskInstance: dados_climaticos_estruturados.criar_pasta scheduled__2024-05-29T05:15:00+00:00 [running]> on host 80232deae70a
[2024-06-05T01:34:19.810+0000] {taskinstance.py:2648} INFO - Exporting env vars: AIRFLOW_CTX_DAG_OWNER='***' AIRFLOW_CTX_DAG_ID='dados_climaticos_estruturados' AIRFLOW_CTX_TASK_ID='criar_pasta' AIRFLOW_CTX_EXECUTION_DATE='2024-05-29T05:15:00+00:00' AIRFLOW_CTX_TRY_NUMBER='1' AIRFLOW_CTX_DAG_RUN_ID='scheduled__2024-05-29T05:15:00+00:00'
[2024-06-05T01:34:19.815+0000] {taskinstance.py:430} INFO - ::endgroup::
[2024-06-05T01:34:19.822+0000] {python.py:237} INFO - Done. Returned value was: None
[2024-06-05T01:34:19.829+0000] {taskinstance.py:441} INFO - ::group::Post task execution logs
[2024-06-05T01:34:19.866+0000] {taskinstance.py:1206} INFO - Marking task as SUCCESS. dag_id=dados_climaticos_estruturados, task_id=criar_pasta, run_id=scheduled__2024-05-29T05:15:00+00:00, execution_date=20240529T051500, start_date=20240605T013419, end_date=20240605T013419
[2024-06-05T01:34:20.025+0000] {local_task_job_runner.py:240} INFO - Task exited with return code 0
[2024-06-05T01:34:20.129+0000] {taskinstance.py:3498} INFO - 1 downstream tasks scheduled from follow-on schedule check
[2024-06-05T01:34:20.150+0000] {local_task_job_runner.py:222} INFO - ::endgroup::
