[2024-06-05T01:06:45.757+0000] {local_task_job_runner.py:120} INFO - ::group::Pre task execution logs
[2024-06-05T01:06:45.798+0000] {taskinstance.py:2076} INFO - Dependencies all met for dep_context=non-requeueable deps ti=<TaskInstance: dados_climaticos_estruturados.criar_pasta scheduled__2024-05-31T16:10:00+00:00 [queued]>
[2024-06-05T01:06:45.815+0000] {taskinstance.py:2076} INFO - Dependencies all met for dep_context=requeueable deps ti=<TaskInstance: dados_climaticos_estruturados.criar_pasta scheduled__2024-05-31T16:10:00+00:00 [queued]>
[2024-06-05T01:06:45.816+0000] {taskinstance.py:2306} INFO - Starting attempt 1 of 1
[2024-06-05T01:06:45.847+0000] {taskinstance.py:2330} INFO - Executing <Task(PythonOperator): criar_pasta> on 2024-05-31 16:10:00+00:00
[2024-06-05T01:06:45.866+0000] {warnings.py:110} WARNING - /home/***/.local/lib/python3.12/site-packages/***/task/task_runner/standard_task_runner.py:61: DeprecationWarning: This process (pid=5051) is multi-threaded, use of fork() may lead to deadlocks in the child.
  pid = os.fork()

[2024-06-05T01:06:45.873+0000] {standard_task_runner.py:63} INFO - Started process 5068 to run task
[2024-06-05T01:06:45.872+0000] {standard_task_runner.py:90} INFO - Running: ['***', 'tasks', 'run', 'dados_climaticos_estruturados', 'criar_pasta', 'scheduled__2024-05-31T16:10:00+00:00', '--job-id', '1995', '--raw', '--subdir', 'DAGS_FOLDER/weather/custom_dags/dados_climaticos_estruturados.py', '--cfg-path', '/tmp/tmpm1bius6g']
[2024-06-05T01:06:45.877+0000] {standard_task_runner.py:91} INFO - Job 1995: Subtask criar_pasta
[2024-06-05T01:06:45.977+0000] {task_command.py:426} INFO - Running <TaskInstance: dados_climaticos_estruturados.criar_pasta scheduled__2024-05-31T16:10:00+00:00 [running]> on host 6665b0710315
[2024-06-05T01:06:46.151+0000] {taskinstance.py:2648} INFO - Exporting env vars: AIRFLOW_CTX_DAG_OWNER='***' AIRFLOW_CTX_DAG_ID='dados_climaticos_estruturados' AIRFLOW_CTX_TASK_ID='criar_pasta' AIRFLOW_CTX_EXECUTION_DATE='2024-05-31T16:10:00+00:00' AIRFLOW_CTX_TRY_NUMBER='1' AIRFLOW_CTX_DAG_RUN_ID='scheduled__2024-05-31T16:10:00+00:00'
[2024-06-05T01:06:46.156+0000] {taskinstance.py:430} INFO - ::endgroup::
[2024-06-05T01:06:46.158+0000] {python.py:237} INFO - Done. Returned value was: None
[2024-06-05T01:06:46.159+0000] {taskinstance.py:441} INFO - ::group::Post task execution logs
[2024-06-05T01:06:46.174+0000] {taskinstance.py:1206} INFO - Marking task as SUCCESS. dag_id=dados_climaticos_estruturados, task_id=criar_pasta, run_id=scheduled__2024-05-31T16:10:00+00:00, execution_date=20240531T161000, start_date=20240605T010645, end_date=20240605T010646
[2024-06-05T01:06:46.236+0000] {local_task_job_runner.py:240} INFO - Task exited with return code 0
[2024-06-05T01:06:46.250+0000] {local_task_job_runner.py:222} INFO - ::endgroup::
[2024-06-05T01:46:03.122+0000] {local_task_job_runner.py:120} INFO - ::group::Pre task execution logs
[2024-06-05T01:46:03.161+0000] {taskinstance.py:2076} INFO - Dependencies all met for dep_context=non-requeueable deps ti=<TaskInstance: dados_climaticos_estruturados.criar_pasta scheduled__2024-05-31T16:10:00+00:00 [queued]>
[2024-06-05T01:46:03.177+0000] {taskinstance.py:2076} INFO - Dependencies all met for dep_context=requeueable deps ti=<TaskInstance: dados_climaticos_estruturados.criar_pasta scheduled__2024-05-31T16:10:00+00:00 [queued]>
[2024-06-05T01:46:03.178+0000] {taskinstance.py:2306} INFO - Starting attempt 1 of 1
[2024-06-05T01:46:03.208+0000] {taskinstance.py:2330} INFO - Executing <Task(PythonOperator): criar_pasta> on 2024-05-31 16:10:00+00:00
[2024-06-05T01:46:03.222+0000] {warnings.py:110} WARNING - /home/***/.local/lib/python3.12/site-packages/***/task/task_runner/standard_task_runner.py:61: DeprecationWarning: This process (pid=5019) is multi-threaded, use of fork() may lead to deadlocks in the child.
  pid = os.fork()

[2024-06-05T01:46:03.225+0000] {standard_task_runner.py:63} INFO - Started process 5038 to run task
[2024-06-05T01:46:03.225+0000] {standard_task_runner.py:90} INFO - Running: ['***', 'tasks', 'run', 'dados_climaticos_estruturados', 'criar_pasta', 'scheduled__2024-05-31T16:10:00+00:00', '--job-id', '1604', '--raw', '--subdir', 'DAGS_FOLDER/weather/custom_dags/dados_climaticos_estruturados.py', '--cfg-path', '/tmp/tmpblsi26wn']
[2024-06-05T01:46:03.227+0000] {standard_task_runner.py:91} INFO - Job 1604: Subtask criar_pasta
[2024-06-05T01:46:03.323+0000] {task_command.py:426} INFO - Running <TaskInstance: dados_climaticos_estruturados.criar_pasta scheduled__2024-05-31T16:10:00+00:00 [running]> on host 80232deae70a
[2024-06-05T01:46:03.505+0000] {taskinstance.py:2648} INFO - Exporting env vars: AIRFLOW_CTX_DAG_OWNER='***' AIRFLOW_CTX_DAG_ID='dados_climaticos_estruturados' AIRFLOW_CTX_TASK_ID='criar_pasta' AIRFLOW_CTX_EXECUTION_DATE='2024-05-31T16:10:00+00:00' AIRFLOW_CTX_TRY_NUMBER='1' AIRFLOW_CTX_DAG_RUN_ID='scheduled__2024-05-31T16:10:00+00:00'
[2024-06-05T01:46:03.507+0000] {taskinstance.py:430} INFO - ::endgroup::
[2024-06-05T01:46:03.513+0000] {python.py:237} INFO - Done. Returned value was: None
[2024-06-05T01:46:03.516+0000] {taskinstance.py:441} INFO - ::group::Post task execution logs
[2024-06-05T01:46:03.532+0000] {taskinstance.py:1206} INFO - Marking task as SUCCESS. dag_id=dados_climaticos_estruturados, task_id=criar_pasta, run_id=scheduled__2024-05-31T16:10:00+00:00, execution_date=20240531T161000, start_date=20240605T014603, end_date=20240605T014603
[2024-06-05T01:46:03.581+0000] {local_task_job_runner.py:240} INFO - Task exited with return code 0
[2024-06-05T01:46:03.637+0000] {taskinstance.py:3498} INFO - 1 downstream tasks scheduled from follow-on schedule check
[2024-06-05T01:46:03.644+0000] {local_task_job_runner.py:222} INFO - ::endgroup::
