[2024-06-05T00:55:00.719+0000] {local_task_job_runner.py:120} INFO - ::group::Pre task execution logs
[2024-06-05T00:55:00.754+0000] {taskinstance.py:2076} INFO - Dependencies all met for dep_context=non-requeueable deps ti=<TaskInstance: dados_climaticos_estruturados.criar_pasta scheduled__2024-05-29T06:55:00+00:00 [queued]>
[2024-06-05T00:55:00.769+0000] {taskinstance.py:2076} INFO - Dependencies all met for dep_context=requeueable deps ti=<TaskInstance: dados_climaticos_estruturados.criar_pasta scheduled__2024-05-29T06:55:00+00:00 [queued]>
[2024-06-05T00:55:00.770+0000] {taskinstance.py:2306} INFO - Starting attempt 1 of 1
[2024-06-05T00:55:00.792+0000] {taskinstance.py:2330} INFO - Executing <Task(PythonOperator): criar_pasta> on 2024-05-29 06:55:00+00:00
[2024-06-05T00:55:00.805+0000] {warnings.py:110} WARNING - /home/***/.local/lib/python3.12/site-packages/***/task/task_runner/standard_task_runner.py:61: DeprecationWarning: This process (pid=765) is multi-threaded, use of fork() may lead to deadlocks in the child.
  pid = os.fork()

[2024-06-05T00:55:00.808+0000] {standard_task_runner.py:63} INFO - Started process 783 to run task
[2024-06-05T00:55:00.808+0000] {standard_task_runner.py:90} INFO - Running: ['***', 'tasks', 'run', 'dados_climaticos_estruturados', 'criar_pasta', 'scheduled__2024-05-29T06:55:00+00:00', '--job-id', '615', '--raw', '--subdir', 'DAGS_FOLDER/weather/custom_dags/dados_climaticos_estruturados.py', '--cfg-path', '/tmp/tmp0kb1bmz0']
[2024-06-05T00:55:00.811+0000] {standard_task_runner.py:91} INFO - Job 615: Subtask criar_pasta
[2024-06-05T00:55:00.910+0000] {task_command.py:426} INFO - Running <TaskInstance: dados_climaticos_estruturados.criar_pasta scheduled__2024-05-29T06:55:00+00:00 [running]> on host 6665b0710315
[2024-06-05T00:55:01.078+0000] {taskinstance.py:2648} INFO - Exporting env vars: AIRFLOW_CTX_DAG_OWNER='***' AIRFLOW_CTX_DAG_ID='dados_climaticos_estruturados' AIRFLOW_CTX_TASK_ID='criar_pasta' AIRFLOW_CTX_EXECUTION_DATE='2024-05-29T06:55:00+00:00' AIRFLOW_CTX_TRY_NUMBER='1' AIRFLOW_CTX_DAG_RUN_ID='scheduled__2024-05-29T06:55:00+00:00'
[2024-06-05T00:55:01.080+0000] {taskinstance.py:430} INFO - ::endgroup::
[2024-06-05T00:55:01.082+0000] {python.py:237} INFO - Done. Returned value was: None
[2024-06-05T00:55:01.083+0000] {taskinstance.py:441} INFO - ::group::Post task execution logs
[2024-06-05T00:55:01.098+0000] {taskinstance.py:1206} INFO - Marking task as SUCCESS. dag_id=dados_climaticos_estruturados, task_id=criar_pasta, run_id=scheduled__2024-05-29T06:55:00+00:00, execution_date=20240529T065500, start_date=20240605T005500, end_date=20240605T005501
[2024-06-05T00:55:01.158+0000] {local_task_job_runner.py:240} INFO - Task exited with return code 0
[2024-06-05T00:55:01.192+0000] {taskinstance.py:3498} INFO - 0 downstream tasks scheduled from follow-on schedule check
[2024-06-05T00:55:01.195+0000] {local_task_job_runner.py:222} INFO - ::endgroup::
[2024-06-05T01:34:44.136+0000] {local_task_job_runner.py:120} INFO - ::group::Pre task execution logs
[2024-06-05T01:34:44.183+0000] {taskinstance.py:2076} INFO - Dependencies all met for dep_context=non-requeueable deps ti=<TaskInstance: dados_climaticos_estruturados.criar_pasta scheduled__2024-05-29T06:55:00+00:00 [queued]>
[2024-06-05T01:34:44.201+0000] {taskinstance.py:2076} INFO - Dependencies all met for dep_context=requeueable deps ti=<TaskInstance: dados_climaticos_estruturados.criar_pasta scheduled__2024-05-29T06:55:00+00:00 [queued]>
[2024-06-05T01:34:44.209+0000] {taskinstance.py:2306} INFO - Starting attempt 1 of 1
[2024-06-05T01:34:44.236+0000] {taskinstance.py:2330} INFO - Executing <Task(PythonOperator): criar_pasta> on 2024-05-29 06:55:00+00:00
[2024-06-05T01:34:44.260+0000] {warnings.py:110} WARNING - /home/***/.local/lib/python3.12/site-packages/***/task/task_runner/standard_task_runner.py:61: DeprecationWarning: This process (pid=759) is multi-threaded, use of fork() may lead to deadlocks in the child.
  pid = os.fork()

[2024-06-05T01:34:44.264+0000] {standard_task_runner.py:63} INFO - Started process 777 to run task
[2024-06-05T01:34:44.266+0000] {standard_task_runner.py:90} INFO - Running: ['***', 'tasks', 'run', 'dados_climaticos_estruturados', 'criar_pasta', 'scheduled__2024-05-29T06:55:00+00:00', '--job-id', '229', '--raw', '--subdir', 'DAGS_FOLDER/weather/custom_dags/dados_climaticos_estruturados.py', '--cfg-path', '/tmp/tmpp5vtvuzd']
[2024-06-05T01:34:44.270+0000] {standard_task_runner.py:91} INFO - Job 229: Subtask criar_pasta
[2024-06-05T01:34:44.414+0000] {task_command.py:426} INFO - Running <TaskInstance: dados_climaticos_estruturados.criar_pasta scheduled__2024-05-29T06:55:00+00:00 [running]> on host 80232deae70a
[2024-06-05T01:34:44.634+0000] {taskinstance.py:2648} INFO - Exporting env vars: AIRFLOW_CTX_DAG_OWNER='***' AIRFLOW_CTX_DAG_ID='dados_climaticos_estruturados' AIRFLOW_CTX_TASK_ID='criar_pasta' AIRFLOW_CTX_EXECUTION_DATE='2024-05-29T06:55:00+00:00' AIRFLOW_CTX_TRY_NUMBER='1' AIRFLOW_CTX_DAG_RUN_ID='scheduled__2024-05-29T06:55:00+00:00'
[2024-06-05T01:34:44.637+0000] {taskinstance.py:430} INFO - ::endgroup::
[2024-06-05T01:34:44.644+0000] {python.py:237} INFO - Done. Returned value was: None
[2024-06-05T01:34:44.644+0000] {taskinstance.py:441} INFO - ::group::Post task execution logs
[2024-06-05T01:34:44.664+0000] {taskinstance.py:1206} INFO - Marking task as SUCCESS. dag_id=dados_climaticos_estruturados, task_id=criar_pasta, run_id=scheduled__2024-05-29T06:55:00+00:00, execution_date=20240529T065500, start_date=20240605T013444, end_date=20240605T013444
[2024-06-05T01:34:44.727+0000] {local_task_job_runner.py:240} INFO - Task exited with return code 0
[2024-06-05T01:34:44.752+0000] {local_task_job_runner.py:222} INFO - ::endgroup::
