[2024-05-29T01:44:11.873+0000] {local_task_job_runner.py:120} INFO - ::group::Pre task execution logs
[2024-05-29T01:44:11.923+0000] {taskinstance.py:2076} INFO - Dependencies all met for dep_context=non-requeueable deps ti=<TaskInstance: dados_climaticos_estruturados.criar_pasta scheduled__2024-05-28T21:35:00+00:00 [queued]>
[2024-05-29T01:44:11.934+0000] {taskinstance.py:2076} INFO - Dependencies all met for dep_context=requeueable deps ti=<TaskInstance: dados_climaticos_estruturados.criar_pasta scheduled__2024-05-28T21:35:00+00:00 [queued]>
[2024-05-29T01:44:11.935+0000] {taskinstance.py:2306} INFO - Starting attempt 1 of 1
[2024-05-29T01:44:11.951+0000] {taskinstance.py:2330} INFO - Executing <Task(PythonOperator): criar_pasta> on 2024-05-28 21:35:00+00:00
[2024-05-29T01:44:11.961+0000] {warnings.py:110} WARNING - /home/***/.local/lib/python3.12/site-packages/***/task/task_runner/standard_task_runner.py:61: DeprecationWarning: This process (pid=780) is multi-threaded, use of fork() may lead to deadlocks in the child.
  pid = os.fork()

[2024-05-29T01:44:11.963+0000] {standard_task_runner.py:63} INFO - Started process 789 to run task
[2024-05-29T01:44:11.964+0000] {standard_task_runner.py:90} INFO - Running: ['***', 'tasks', 'run', 'dados_climaticos_estruturados', 'criar_pasta', 'scheduled__2024-05-28T21:35:00+00:00', '--job-id', '379', '--raw', '--subdir', 'DAGS_FOLDER/weather/custom_dags/dados_climaticos_estruturados.py', '--cfg-path', '/tmp/tmpv28rw7ys']
[2024-05-29T01:44:11.966+0000] {standard_task_runner.py:91} INFO - Job 379: Subtask criar_pasta
[2024-05-29T01:44:12.050+0000] {task_command.py:426} INFO - Running <TaskInstance: dados_climaticos_estruturados.criar_pasta scheduled__2024-05-28T21:35:00+00:00 [running]> on host 6665b0710315
[2024-05-29T01:44:12.193+0000] {taskinstance.py:2648} INFO - Exporting env vars: AIRFLOW_CTX_DAG_OWNER='***' AIRFLOW_CTX_DAG_ID='dados_climaticos_estruturados' AIRFLOW_CTX_TASK_ID='criar_pasta' AIRFLOW_CTX_EXECUTION_DATE='2024-05-28T21:35:00+00:00' AIRFLOW_CTX_TRY_NUMBER='1' AIRFLOW_CTX_DAG_RUN_ID='scheduled__2024-05-28T21:35:00+00:00'
[2024-05-29T01:44:12.195+0000] {taskinstance.py:430} INFO - ::endgroup::
[2024-05-29T01:44:12.196+0000] {python.py:237} INFO - Done. Returned value was: None
[2024-05-29T01:44:12.197+0000] {taskinstance.py:441} INFO - ::group::Post task execution logs
[2024-05-29T01:44:12.206+0000] {taskinstance.py:1206} INFO - Marking task as SUCCESS. dag_id=dados_climaticos_estruturados, task_id=criar_pasta, run_id=scheduled__2024-05-28T21:35:00+00:00, execution_date=20240528T213500, start_date=20240529T014411, end_date=20240529T014412
[2024-05-29T01:44:12.266+0000] {local_task_job_runner.py:240} INFO - Task exited with return code 0
[2024-05-29T01:44:12.287+0000] {taskinstance.py:3498} INFO - 1 downstream tasks scheduled from follow-on schedule check
[2024-05-29T01:44:12.289+0000] {local_task_job_runner.py:222} INFO - ::endgroup::
[2024-06-05T00:53:00.887+0000] {local_task_job_runner.py:120} INFO - ::group::Pre task execution logs
[2024-06-05T00:53:00.932+0000] {taskinstance.py:2076} INFO - Dependencies all met for dep_context=non-requeueable deps ti=<TaskInstance: dados_climaticos_estruturados.criar_pasta scheduled__2024-05-28T21:35:00+00:00 [queued]>
[2024-06-05T00:53:00.947+0000] {taskinstance.py:2076} INFO - Dependencies all met for dep_context=requeueable deps ti=<TaskInstance: dados_climaticos_estruturados.criar_pasta scheduled__2024-05-28T21:35:00+00:00 [queued]>
[2024-06-05T00:53:00.948+0000] {taskinstance.py:2306} INFO - Starting attempt 1 of 1
[2024-06-05T00:53:01.217+0000] {taskinstance.py:2330} INFO - Executing <Task(PythonOperator): criar_pasta> on 2024-05-28 21:35:00+00:00
[2024-06-05T00:53:01.248+0000] {warnings.py:110} WARNING - /home/***/.local/lib/python3.12/site-packages/***/task/task_runner/standard_task_runner.py:61: DeprecationWarning: This process (pid=62) is multi-threaded, use of fork() may lead to deadlocks in the child.
  pid = os.fork()

[2024-06-05T00:53:01.260+0000] {standard_task_runner.py:63} INFO - Started process 83 to run task
[2024-06-05T00:53:01.259+0000] {standard_task_runner.py:90} INFO - Running: ['***', 'tasks', 'run', 'dados_climaticos_estruturados', 'criar_pasta', 'scheduled__2024-05-28T21:35:00+00:00', '--job-id', '389', '--raw', '--subdir', 'DAGS_FOLDER/weather/custom_dags/dados_climaticos_estruturados.py', '--cfg-path', '/tmp/tmp1x970xlz']
[2024-06-05T00:53:01.264+0000] {standard_task_runner.py:91} INFO - Job 389: Subtask criar_pasta
[2024-06-05T00:53:01.449+0000] {task_command.py:426} INFO - Running <TaskInstance: dados_climaticos_estruturados.criar_pasta scheduled__2024-05-28T21:35:00+00:00 [running]> on host 6665b0710315
[2024-06-05T00:53:01.722+0000] {taskinstance.py:2648} INFO - Exporting env vars: AIRFLOW_CTX_DAG_OWNER='***' AIRFLOW_CTX_DAG_ID='dados_climaticos_estruturados' AIRFLOW_CTX_TASK_ID='criar_pasta' AIRFLOW_CTX_EXECUTION_DATE='2024-05-28T21:35:00+00:00' AIRFLOW_CTX_TRY_NUMBER='1' AIRFLOW_CTX_DAG_RUN_ID='scheduled__2024-05-28T21:35:00+00:00'
[2024-06-05T00:53:01.733+0000] {taskinstance.py:430} INFO - ::endgroup::
[2024-06-05T00:53:01.740+0000] {python.py:237} INFO - Done. Returned value was: None
[2024-06-05T00:53:01.742+0000] {taskinstance.py:441} INFO - ::group::Post task execution logs
[2024-06-05T00:53:01.788+0000] {taskinstance.py:1206} INFO - Marking task as SUCCESS. dag_id=dados_climaticos_estruturados, task_id=criar_pasta, run_id=scheduled__2024-05-28T21:35:00+00:00, execution_date=20240528T213500, start_date=20240605T005300, end_date=20240605T005301
[2024-06-05T00:53:01.916+0000] {local_task_job_runner.py:240} INFO - Task exited with return code 0
[2024-06-05T00:53:01.958+0000] {local_task_job_runner.py:222} INFO - ::endgroup::
[2024-06-05T01:32:49.822+0000] {local_task_job_runner.py:120} INFO - ::group::Pre task execution logs
[2024-06-05T01:32:49.973+0000] {taskinstance.py:2076} INFO - Dependencies all met for dep_context=non-requeueable deps ti=<TaskInstance: dados_climaticos_estruturados.criar_pasta scheduled__2024-05-28T21:35:00+00:00 [queued]>
[2024-06-05T01:32:50.009+0000] {taskinstance.py:2076} INFO - Dependencies all met for dep_context=requeueable deps ti=<TaskInstance: dados_climaticos_estruturados.criar_pasta scheduled__2024-05-28T21:35:00+00:00 [queued]>
[2024-06-05T01:32:50.011+0000] {taskinstance.py:2306} INFO - Starting attempt 1 of 1
[2024-06-05T01:32:50.377+0000] {taskinstance.py:2330} INFO - Executing <Task(PythonOperator): criar_pasta> on 2024-05-28 21:35:00+00:00
[2024-06-05T01:32:50.458+0000] {warnings.py:110} WARNING - /home/***/.local/lib/python3.12/site-packages/***/task/task_runner/standard_task_runner.py:61: DeprecationWarning: This process (pid=63) is multi-threaded, use of fork() may lead to deadlocks in the child.
  pid = os.fork()

[2024-06-05T01:32:50.490+0000] {standard_task_runner.py:63} INFO - Started process 85 to run task
[2024-06-05T01:32:50.469+0000] {standard_task_runner.py:90} INFO - Running: ['***', 'tasks', 'run', 'dados_climaticos_estruturados', 'criar_pasta', 'scheduled__2024-05-28T21:35:00+00:00', '--job-id', '3', '--raw', '--subdir', 'DAGS_FOLDER/weather/custom_dags/dados_climaticos_estruturados.py', '--cfg-path', '/tmp/tmpnx9lc5h2']
[2024-06-05T01:32:50.494+0000] {standard_task_runner.py:91} INFO - Job 3: Subtask criar_pasta
[2024-06-05T01:32:50.815+0000] {task_command.py:426} INFO - Running <TaskInstance: dados_climaticos_estruturados.criar_pasta scheduled__2024-05-28T21:35:00+00:00 [running]> on host 80232deae70a
[2024-06-05T01:32:51.337+0000] {taskinstance.py:2648} INFO - Exporting env vars: AIRFLOW_CTX_DAG_OWNER='***' AIRFLOW_CTX_DAG_ID='dados_climaticos_estruturados' AIRFLOW_CTX_TASK_ID='criar_pasta' AIRFLOW_CTX_EXECUTION_DATE='2024-05-28T21:35:00+00:00' AIRFLOW_CTX_TRY_NUMBER='1' AIRFLOW_CTX_DAG_RUN_ID='scheduled__2024-05-28T21:35:00+00:00'
[2024-06-05T01:32:51.341+0000] {taskinstance.py:430} INFO - ::endgroup::
[2024-06-05T01:32:51.344+0000] {python.py:237} INFO - Done. Returned value was: None
[2024-06-05T01:32:51.345+0000] {taskinstance.py:441} INFO - ::group::Post task execution logs
[2024-06-05T01:32:51.372+0000] {taskinstance.py:1206} INFO - Marking task as SUCCESS. dag_id=dados_climaticos_estruturados, task_id=criar_pasta, run_id=scheduled__2024-05-28T21:35:00+00:00, execution_date=20240528T213500, start_date=20240605T013249, end_date=20240605T013251
[2024-06-05T01:32:51.495+0000] {local_task_job_runner.py:240} INFO - Task exited with return code 0
[2024-06-05T01:32:51.540+0000] {local_task_job_runner.py:222} INFO - ::endgroup::
