[2024-06-05T00:55:47.591+0000] {local_task_job_runner.py:120} INFO - ::group::Pre task execution logs
[2024-06-05T00:55:47.631+0000] {taskinstance.py:2076} INFO - Dependencies all met for dep_context=non-requeueable deps ti=<TaskInstance: dados_climaticos_estruturados.criar_pasta scheduled__2024-05-29T11:40:00+00:00 [queued]>
[2024-06-05T00:55:47.648+0000] {taskinstance.py:2076} INFO - Dependencies all met for dep_context=requeueable deps ti=<TaskInstance: dados_climaticos_estruturados.criar_pasta scheduled__2024-05-29T11:40:00+00:00 [queued]>
[2024-06-05T00:55:47.653+0000] {taskinstance.py:2306} INFO - Starting attempt 1 of 1
[2024-06-05T00:55:47.689+0000] {taskinstance.py:2330} INFO - Executing <Task(PythonOperator): criar_pasta> on 2024-05-29 11:40:00+00:00
[2024-06-05T00:55:47.704+0000] {warnings.py:110} WARNING - /home/***/.local/lib/python3.12/site-packages/***/task/task_runner/standard_task_runner.py:61: DeprecationWarning: This process (pid=1087) is multi-threaded, use of fork() may lead to deadlocks in the child.
  pid = os.fork()

[2024-06-05T00:55:47.707+0000] {standard_task_runner.py:63} INFO - Started process 1122 to run task
[2024-06-05T00:55:47.712+0000] {standard_task_runner.py:90} INFO - Running: ['***', 'tasks', 'run', 'dados_climaticos_estruturados', 'criar_pasta', 'scheduled__2024-05-29T11:40:00+00:00', '--job-id', '721', '--raw', '--subdir', 'DAGS_FOLDER/weather/custom_dags/dados_climaticos_estruturados.py', '--cfg-path', '/tmp/tmp50amx2og']
[2024-06-05T00:55:47.714+0000] {standard_task_runner.py:91} INFO - Job 721: Subtask criar_pasta
[2024-06-05T00:55:47.865+0000] {task_command.py:426} INFO - Running <TaskInstance: dados_climaticos_estruturados.criar_pasta scheduled__2024-05-29T11:40:00+00:00 [running]> on host 6665b0710315
[2024-06-05T00:55:48.144+0000] {taskinstance.py:2648} INFO - Exporting env vars: AIRFLOW_CTX_DAG_OWNER='***' AIRFLOW_CTX_DAG_ID='dados_climaticos_estruturados' AIRFLOW_CTX_TASK_ID='criar_pasta' AIRFLOW_CTX_EXECUTION_DATE='2024-05-29T11:40:00+00:00' AIRFLOW_CTX_TRY_NUMBER='1' AIRFLOW_CTX_DAG_RUN_ID='scheduled__2024-05-29T11:40:00+00:00'
[2024-06-05T00:55:48.151+0000] {taskinstance.py:430} INFO - ::endgroup::
[2024-06-05T00:55:48.157+0000] {python.py:237} INFO - Done. Returned value was: None
[2024-06-05T00:55:48.157+0000] {taskinstance.py:441} INFO - ::group::Post task execution logs
[2024-06-05T00:55:48.178+0000] {taskinstance.py:1206} INFO - Marking task as SUCCESS. dag_id=dados_climaticos_estruturados, task_id=criar_pasta, run_id=scheduled__2024-05-29T11:40:00+00:00, execution_date=20240529T114000, start_date=20240605T005547, end_date=20240605T005548
[2024-06-05T00:55:48.276+0000] {local_task_job_runner.py:240} INFO - Task exited with return code 0
[2024-06-05T00:55:48.324+0000] {taskinstance.py:3498} INFO - 1 downstream tasks scheduled from follow-on schedule check
[2024-06-05T00:55:48.330+0000] {local_task_job_runner.py:222} INFO - ::endgroup::
[2024-06-05T01:35:39.410+0000] {local_task_job_runner.py:120} INFO - ::group::Pre task execution logs
[2024-06-05T01:35:39.464+0000] {taskinstance.py:2076} INFO - Dependencies all met for dep_context=non-requeueable deps ti=<TaskInstance: dados_climaticos_estruturados.criar_pasta scheduled__2024-05-29T11:40:00+00:00 [queued]>
[2024-06-05T01:35:39.488+0000] {taskinstance.py:2076} INFO - Dependencies all met for dep_context=requeueable deps ti=<TaskInstance: dados_climaticos_estruturados.criar_pasta scheduled__2024-05-29T11:40:00+00:00 [queued]>
[2024-06-05T01:35:39.492+0000] {taskinstance.py:2306} INFO - Starting attempt 1 of 1
[2024-06-05T01:35:39.598+0000] {taskinstance.py:2330} INFO - Executing <Task(PythonOperator): criar_pasta> on 2024-05-29 11:40:00+00:00
[2024-06-05T01:35:39.675+0000] {warnings.py:110} WARNING - /home/***/.local/lib/python3.12/site-packages/***/task/task_runner/standard_task_runner.py:61: DeprecationWarning: This process (pid=1081) is multi-threaded, use of fork() may lead to deadlocks in the child.
  pid = os.fork()

[2024-06-05T01:35:39.689+0000] {standard_task_runner.py:90} INFO - Running: ['***', 'tasks', 'run', 'dados_climaticos_estruturados', 'criar_pasta', 'scheduled__2024-05-29T11:40:00+00:00', '--job-id', '338', '--raw', '--subdir', 'DAGS_FOLDER/weather/custom_dags/dados_climaticos_estruturados.py', '--cfg-path', '/tmp/tmpxmmw4ks7']
[2024-06-05T01:35:39.699+0000] {standard_task_runner.py:91} INFO - Job 338: Subtask criar_pasta
[2024-06-05T01:35:39.694+0000] {standard_task_runner.py:63} INFO - Started process 1123 to run task
[2024-06-05T01:35:39.891+0000] {task_command.py:426} INFO - Running <TaskInstance: dados_climaticos_estruturados.criar_pasta scheduled__2024-05-29T11:40:00+00:00 [running]> on host 80232deae70a
[2024-06-05T01:35:40.266+0000] {taskinstance.py:2648} INFO - Exporting env vars: AIRFLOW_CTX_DAG_OWNER='***' AIRFLOW_CTX_DAG_ID='dados_climaticos_estruturados' AIRFLOW_CTX_TASK_ID='criar_pasta' AIRFLOW_CTX_EXECUTION_DATE='2024-05-29T11:40:00+00:00' AIRFLOW_CTX_TRY_NUMBER='1' AIRFLOW_CTX_DAG_RUN_ID='scheduled__2024-05-29T11:40:00+00:00'
[2024-06-05T01:35:40.274+0000] {taskinstance.py:430} INFO - ::endgroup::
[2024-06-05T01:35:40.276+0000] {python.py:237} INFO - Done. Returned value was: None
[2024-06-05T01:35:40.279+0000] {taskinstance.py:441} INFO - ::group::Post task execution logs
[2024-06-05T01:35:40.294+0000] {taskinstance.py:1206} INFO - Marking task as SUCCESS. dag_id=dados_climaticos_estruturados, task_id=criar_pasta, run_id=scheduled__2024-05-29T11:40:00+00:00, execution_date=20240529T114000, start_date=20240605T013539, end_date=20240605T013540
[2024-06-05T01:35:40.333+0000] {local_task_job_runner.py:240} INFO - Task exited with return code 0
[2024-06-05T01:35:40.404+0000] {taskinstance.py:3498} INFO - 1 downstream tasks scheduled from follow-on schedule check
[2024-06-05T01:35:40.412+0000] {local_task_job_runner.py:222} INFO - ::endgroup::
