[2024-06-05T01:05:56.629+0000] {local_task_job_runner.py:120} INFO - ::group::Pre task execution logs
[2024-06-05T01:05:56.666+0000] {taskinstance.py:2076} INFO - Dependencies all met for dep_context=non-requeueable deps ti=<TaskInstance: dados_climaticos_estruturados.criar_pasta scheduled__2024-05-31T13:00:00+00:00 [queued]>
[2024-06-05T01:05:56.683+0000] {taskinstance.py:2076} INFO - Dependencies all met for dep_context=requeueable deps ti=<TaskInstance: dados_climaticos_estruturados.criar_pasta scheduled__2024-05-31T13:00:00+00:00 [queued]>
[2024-06-05T01:05:56.686+0000] {taskinstance.py:2306} INFO - Starting attempt 1 of 1
[2024-06-05T01:05:56.729+0000] {taskinstance.py:2330} INFO - Executing <Task(PythonOperator): criar_pasta> on 2024-05-31 13:00:00+00:00
[2024-06-05T01:05:56.752+0000] {warnings.py:110} WARNING - /home/***/.local/lib/python3.12/site-packages/***/task/task_runner/standard_task_runner.py:61: DeprecationWarning: This process (pid=4779) is multi-threaded, use of fork() may lead to deadlocks in the child.
  pid = os.fork()

[2024-06-05T01:05:56.759+0000] {standard_task_runner.py:63} INFO - Started process 4806 to run task
[2024-06-05T01:05:56.761+0000] {standard_task_runner.py:90} INFO - Running: ['***', 'tasks', 'run', 'dados_climaticos_estruturados', 'criar_pasta', 'scheduled__2024-05-31T13:00:00+00:00', '--job-id', '1910', '--raw', '--subdir', 'DAGS_FOLDER/weather/custom_dags/dados_climaticos_estruturados.py', '--cfg-path', '/tmp/tmpipmqjao4']
[2024-06-05T01:05:56.768+0000] {standard_task_runner.py:91} INFO - Job 1910: Subtask criar_pasta
[2024-06-05T01:05:56.995+0000] {task_command.py:426} INFO - Running <TaskInstance: dados_climaticos_estruturados.criar_pasta scheduled__2024-05-31T13:00:00+00:00 [running]> on host 6665b0710315
[2024-06-05T01:05:57.323+0000] {taskinstance.py:2648} INFO - Exporting env vars: AIRFLOW_CTX_DAG_OWNER='***' AIRFLOW_CTX_DAG_ID='dados_climaticos_estruturados' AIRFLOW_CTX_TASK_ID='criar_pasta' AIRFLOW_CTX_EXECUTION_DATE='2024-05-31T13:00:00+00:00' AIRFLOW_CTX_TRY_NUMBER='1' AIRFLOW_CTX_DAG_RUN_ID='scheduled__2024-05-31T13:00:00+00:00'
[2024-06-05T01:05:57.327+0000] {taskinstance.py:430} INFO - ::endgroup::
[2024-06-05T01:05:57.329+0000] {python.py:237} INFO - Done. Returned value was: None
[2024-06-05T01:05:57.329+0000] {taskinstance.py:441} INFO - ::group::Post task execution logs
[2024-06-05T01:05:57.346+0000] {taskinstance.py:1206} INFO - Marking task as SUCCESS. dag_id=dados_climaticos_estruturados, task_id=criar_pasta, run_id=scheduled__2024-05-31T13:00:00+00:00, execution_date=20240531T130000, start_date=20240605T010556, end_date=20240605T010557
[2024-06-05T01:05:57.442+0000] {local_task_job_runner.py:240} INFO - Task exited with return code 0
[2024-06-05T01:05:57.511+0000] {taskinstance.py:3498} INFO - 1 downstream tasks scheduled from follow-on schedule check
[2024-06-05T01:05:57.522+0000] {local_task_job_runner.py:222} INFO - ::endgroup::
[2024-06-05T01:45:19.069+0000] {local_task_job_runner.py:120} INFO - ::group::Pre task execution logs
[2024-06-05T01:45:19.104+0000] {taskinstance.py:2076} INFO - Dependencies all met for dep_context=non-requeueable deps ti=<TaskInstance: dados_climaticos_estruturados.criar_pasta scheduled__2024-05-31T13:00:00+00:00 [queued]>
[2024-06-05T01:45:19.117+0000] {taskinstance.py:2076} INFO - Dependencies all met for dep_context=requeueable deps ti=<TaskInstance: dados_climaticos_estruturados.criar_pasta scheduled__2024-05-31T13:00:00+00:00 [queued]>
[2024-06-05T01:45:19.119+0000] {taskinstance.py:2306} INFO - Starting attempt 1 of 1
[2024-06-05T01:45:19.141+0000] {taskinstance.py:2330} INFO - Executing <Task(PythonOperator): criar_pasta> on 2024-05-31 13:00:00+00:00
[2024-06-05T01:45:19.152+0000] {warnings.py:110} WARNING - /home/***/.local/lib/python3.12/site-packages/***/task/task_runner/standard_task_runner.py:61: DeprecationWarning: This process (pid=4775) is multi-threaded, use of fork() may lead to deadlocks in the child.
  pid = os.fork()

[2024-06-05T01:45:19.154+0000] {standard_task_runner.py:63} INFO - Started process 4787 to run task
[2024-06-05T01:45:19.155+0000] {standard_task_runner.py:90} INFO - Running: ['***', 'tasks', 'run', 'dados_climaticos_estruturados', 'criar_pasta', 'scheduled__2024-05-31T13:00:00+00:00', '--job-id', '1526', '--raw', '--subdir', 'DAGS_FOLDER/weather/custom_dags/dados_climaticos_estruturados.py', '--cfg-path', '/tmp/tmpqvev4lb_']
[2024-06-05T01:45:19.157+0000] {standard_task_runner.py:91} INFO - Job 1526: Subtask criar_pasta
[2024-06-05T01:45:19.224+0000] {task_command.py:426} INFO - Running <TaskInstance: dados_climaticos_estruturados.criar_pasta scheduled__2024-05-31T13:00:00+00:00 [running]> on host 80232deae70a
[2024-06-05T01:45:19.350+0000] {taskinstance.py:2648} INFO - Exporting env vars: AIRFLOW_CTX_DAG_OWNER='***' AIRFLOW_CTX_DAG_ID='dados_climaticos_estruturados' AIRFLOW_CTX_TASK_ID='criar_pasta' AIRFLOW_CTX_EXECUTION_DATE='2024-05-31T13:00:00+00:00' AIRFLOW_CTX_TRY_NUMBER='1' AIRFLOW_CTX_DAG_RUN_ID='scheduled__2024-05-31T13:00:00+00:00'
[2024-06-05T01:45:19.353+0000] {taskinstance.py:430} INFO - ::endgroup::
[2024-06-05T01:45:19.354+0000] {python.py:237} INFO - Done. Returned value was: None
[2024-06-05T01:45:19.355+0000] {taskinstance.py:441} INFO - ::group::Post task execution logs
[2024-06-05T01:45:19.368+0000] {taskinstance.py:1206} INFO - Marking task as SUCCESS. dag_id=dados_climaticos_estruturados, task_id=criar_pasta, run_id=scheduled__2024-05-31T13:00:00+00:00, execution_date=20240531T130000, start_date=20240605T014519, end_date=20240605T014519
[2024-06-05T01:45:19.418+0000] {local_task_job_runner.py:240} INFO - Task exited with return code 0
[2024-06-05T01:45:19.452+0000] {taskinstance.py:3498} INFO - 1 downstream tasks scheduled from follow-on schedule check
[2024-06-05T01:45:19.454+0000] {local_task_job_runner.py:222} INFO - ::endgroup::
