[2024-06-05T00:56:59.910+0000] {local_task_job_runner.py:120} INFO - ::group::Pre task execution logs
[2024-06-05T00:56:59.940+0000] {taskinstance.py:2076} INFO - Dependencies all met for dep_context=non-requeueable deps ti=<TaskInstance: dados_climaticos_estruturados.criar_pasta scheduled__2024-05-29T18:05:00+00:00 [queued]>
[2024-06-05T00:56:59.954+0000] {taskinstance.py:2076} INFO - Dependencies all met for dep_context=requeueable deps ti=<TaskInstance: dados_climaticos_estruturados.criar_pasta scheduled__2024-05-29T18:05:00+00:00 [queued]>
[2024-06-05T00:56:59.954+0000] {taskinstance.py:2306} INFO - Starting attempt 1 of 1
[2024-06-05T00:56:59.977+0000] {taskinstance.py:2330} INFO - Executing <Task(PythonOperator): criar_pasta> on 2024-05-29 18:05:00+00:00
[2024-06-05T00:56:59.990+0000] {warnings.py:110} WARNING - /home/***/.local/lib/python3.12/site-packages/***/task/task_runner/standard_task_runner.py:61: DeprecationWarning: This process (pid=1602) is multi-threaded, use of fork() may lead to deadlocks in the child.
  pid = os.fork()

[2024-06-05T00:56:59.994+0000] {standard_task_runner.py:63} INFO - Started process 1618 to run task
[2024-06-05T00:56:59.994+0000] {standard_task_runner.py:90} INFO - Running: ['***', 'tasks', 'run', 'dados_climaticos_estruturados', 'criar_pasta', 'scheduled__2024-05-29T18:05:00+00:00', '--job-id', '885', '--raw', '--subdir', 'DAGS_FOLDER/weather/custom_dags/dados_climaticos_estruturados.py', '--cfg-path', '/tmp/tmp58h5cavy']
[2024-06-05T00:56:59.995+0000] {standard_task_runner.py:91} INFO - Job 885: Subtask criar_pasta
[2024-06-05T00:57:00.081+0000] {task_command.py:426} INFO - Running <TaskInstance: dados_climaticos_estruturados.criar_pasta scheduled__2024-05-29T18:05:00+00:00 [running]> on host 6665b0710315
[2024-06-05T00:57:00.224+0000] {taskinstance.py:2648} INFO - Exporting env vars: AIRFLOW_CTX_DAG_OWNER='***' AIRFLOW_CTX_DAG_ID='dados_climaticos_estruturados' AIRFLOW_CTX_TASK_ID='criar_pasta' AIRFLOW_CTX_EXECUTION_DATE='2024-05-29T18:05:00+00:00' AIRFLOW_CTX_TRY_NUMBER='1' AIRFLOW_CTX_DAG_RUN_ID='scheduled__2024-05-29T18:05:00+00:00'
[2024-06-05T00:57:00.226+0000] {taskinstance.py:430} INFO - ::endgroup::
[2024-06-05T00:57:00.228+0000] {python.py:237} INFO - Done. Returned value was: None
[2024-06-05T00:57:00.228+0000] {taskinstance.py:441} INFO - ::group::Post task execution logs
[2024-06-05T00:57:00.246+0000] {taskinstance.py:1206} INFO - Marking task as SUCCESS. dag_id=dados_climaticos_estruturados, task_id=criar_pasta, run_id=scheduled__2024-05-29T18:05:00+00:00, execution_date=20240529T180500, start_date=20240605T005659, end_date=20240605T005700
[2024-06-05T00:57:00.303+0000] {local_task_job_runner.py:240} INFO - Task exited with return code 0
[2024-06-05T00:57:00.336+0000] {taskinstance.py:3498} INFO - 1 downstream tasks scheduled from follow-on schedule check
[2024-06-05T00:57:00.339+0000] {local_task_job_runner.py:222} INFO - ::endgroup::
[2024-06-05T01:37:01.486+0000] {local_task_job_runner.py:120} INFO - ::group::Pre task execution logs
[2024-06-05T01:37:01.570+0000] {taskinstance.py:2076} INFO - Dependencies all met for dep_context=non-requeueable deps ti=<TaskInstance: dados_climaticos_estruturados.criar_pasta scheduled__2024-05-29T18:05:00+00:00 [queued]>
[2024-06-05T01:37:01.611+0000] {taskinstance.py:2076} INFO - Dependencies all met for dep_context=requeueable deps ti=<TaskInstance: dados_climaticos_estruturados.criar_pasta scheduled__2024-05-29T18:05:00+00:00 [queued]>
[2024-06-05T01:37:01.612+0000] {taskinstance.py:2306} INFO - Starting attempt 1 of 1
[2024-06-05T01:37:01.673+0000] {taskinstance.py:2330} INFO - Executing <Task(PythonOperator): criar_pasta> on 2024-05-29 18:05:00+00:00
[2024-06-05T01:37:01.695+0000] {warnings.py:110} WARNING - /home/***/.local/lib/python3.12/site-packages/***/task/task_runner/standard_task_runner.py:61: DeprecationWarning: This process (pid=1569) is multi-threaded, use of fork() may lead to deadlocks in the child.
  pid = os.fork()

[2024-06-05T01:37:01.700+0000] {standard_task_runner.py:63} INFO - Started process 1604 to run task
[2024-06-05T01:37:01.706+0000] {standard_task_runner.py:90} INFO - Running: ['***', 'tasks', 'run', 'dados_climaticos_estruturados', 'criar_pasta', 'scheduled__2024-05-29T18:05:00+00:00', '--job-id', '493', '--raw', '--subdir', 'DAGS_FOLDER/weather/custom_dags/dados_climaticos_estruturados.py', '--cfg-path', '/tmp/tmpdo2hknqe']
[2024-06-05T01:37:01.713+0000] {standard_task_runner.py:91} INFO - Job 493: Subtask criar_pasta
[2024-06-05T01:37:01.911+0000] {task_command.py:426} INFO - Running <TaskInstance: dados_climaticos_estruturados.criar_pasta scheduled__2024-05-29T18:05:00+00:00 [running]> on host 80232deae70a
[2024-06-05T01:37:02.245+0000] {taskinstance.py:2648} INFO - Exporting env vars: AIRFLOW_CTX_DAG_OWNER='***' AIRFLOW_CTX_DAG_ID='dados_climaticos_estruturados' AIRFLOW_CTX_TASK_ID='criar_pasta' AIRFLOW_CTX_EXECUTION_DATE='2024-05-29T18:05:00+00:00' AIRFLOW_CTX_TRY_NUMBER='1' AIRFLOW_CTX_DAG_RUN_ID='scheduled__2024-05-29T18:05:00+00:00'
[2024-06-05T01:37:02.249+0000] {taskinstance.py:430} INFO - ::endgroup::
[2024-06-05T01:37:02.256+0000] {python.py:237} INFO - Done. Returned value was: None
[2024-06-05T01:37:02.259+0000] {taskinstance.py:441} INFO - ::group::Post task execution logs
[2024-06-05T01:37:02.289+0000] {taskinstance.py:1206} INFO - Marking task as SUCCESS. dag_id=dados_climaticos_estruturados, task_id=criar_pasta, run_id=scheduled__2024-05-29T18:05:00+00:00, execution_date=20240529T180500, start_date=20240605T013701, end_date=20240605T013702
[2024-06-05T01:37:02.395+0000] {local_task_job_runner.py:240} INFO - Task exited with return code 0
[2024-06-05T01:37:02.457+0000] {local_task_job_runner.py:222} INFO - ::endgroup::
