[2024-06-05T00:57:11.567+0000] {local_task_job_runner.py:120} INFO - ::group::Pre task execution logs
[2024-06-05T00:57:11.597+0000] {taskinstance.py:2076} INFO - Dependencies all met for dep_context=non-requeueable deps ti=<TaskInstance: dados_climaticos_estruturados.criar_pasta scheduled__2024-05-29T19:35:00+00:00 [queued]>
[2024-06-05T00:57:11.608+0000] {taskinstance.py:2076} INFO - Dependencies all met for dep_context=requeueable deps ti=<TaskInstance: dados_climaticos_estruturados.criar_pasta scheduled__2024-05-29T19:35:00+00:00 [queued]>
[2024-06-05T00:57:11.610+0000] {taskinstance.py:2306} INFO - Starting attempt 1 of 1
[2024-06-05T00:57:11.633+0000] {taskinstance.py:2330} INFO - Executing <Task(PythonOperator): criar_pasta> on 2024-05-29 19:35:00+00:00
[2024-06-05T00:57:11.644+0000] {warnings.py:110} WARNING - /home/***/.local/lib/python3.12/site-packages/***/task/task_runner/standard_task_runner.py:61: DeprecationWarning: This process (pid=1701) is multi-threaded, use of fork() may lead to deadlocks in the child.
  pid = os.fork()

[2024-06-05T00:57:11.647+0000] {standard_task_runner.py:63} INFO - Started process 1714 to run task
[2024-06-05T00:57:11.647+0000] {standard_task_runner.py:90} INFO - Running: ['***', 'tasks', 'run', 'dados_climaticos_estruturados', 'criar_pasta', 'scheduled__2024-05-29T19:35:00+00:00', '--job-id', '919', '--raw', '--subdir', 'DAGS_FOLDER/weather/custom_dags/dados_climaticos_estruturados.py', '--cfg-path', '/tmp/tmp8brpodq3']
[2024-06-05T00:57:11.649+0000] {standard_task_runner.py:91} INFO - Job 919: Subtask criar_pasta
[2024-06-05T00:57:11.717+0000] {task_command.py:426} INFO - Running <TaskInstance: dados_climaticos_estruturados.criar_pasta scheduled__2024-05-29T19:35:00+00:00 [running]> on host 6665b0710315
[2024-06-05T00:57:11.838+0000] {taskinstance.py:2648} INFO - Exporting env vars: AIRFLOW_CTX_DAG_OWNER='***' AIRFLOW_CTX_DAG_ID='dados_climaticos_estruturados' AIRFLOW_CTX_TASK_ID='criar_pasta' AIRFLOW_CTX_EXECUTION_DATE='2024-05-29T19:35:00+00:00' AIRFLOW_CTX_TRY_NUMBER='1' AIRFLOW_CTX_DAG_RUN_ID='scheduled__2024-05-29T19:35:00+00:00'
[2024-06-05T00:57:11.841+0000] {taskinstance.py:430} INFO - ::endgroup::
[2024-06-05T00:57:11.843+0000] {python.py:237} INFO - Done. Returned value was: None
[2024-06-05T00:57:11.843+0000] {taskinstance.py:441} INFO - ::group::Post task execution logs
[2024-06-05T00:57:11.858+0000] {taskinstance.py:1206} INFO - Marking task as SUCCESS. dag_id=dados_climaticos_estruturados, task_id=criar_pasta, run_id=scheduled__2024-05-29T19:35:00+00:00, execution_date=20240529T193500, start_date=20240605T005711, end_date=20240605T005711
[2024-06-05T00:57:11.910+0000] {local_task_job_runner.py:240} INFO - Task exited with return code 0
[2024-06-05T00:57:11.933+0000] {taskinstance.py:3498} INFO - 1 downstream tasks scheduled from follow-on schedule check
[2024-06-05T00:57:11.935+0000] {local_task_job_runner.py:222} INFO - ::endgroup::
[2024-06-05T01:37:17.769+0000] {local_task_job_runner.py:120} INFO - ::group::Pre task execution logs
[2024-06-05T01:37:17.811+0000] {taskinstance.py:2076} INFO - Dependencies all met for dep_context=non-requeueable deps ti=<TaskInstance: dados_climaticos_estruturados.criar_pasta scheduled__2024-05-29T19:35:00+00:00 [queued]>
[2024-06-05T01:37:17.826+0000] {taskinstance.py:2076} INFO - Dependencies all met for dep_context=requeueable deps ti=<TaskInstance: dados_climaticos_estruturados.criar_pasta scheduled__2024-05-29T19:35:00+00:00 [queued]>
[2024-06-05T01:37:17.827+0000] {taskinstance.py:2306} INFO - Starting attempt 1 of 1
[2024-06-05T01:37:17.865+0000] {taskinstance.py:2330} INFO - Executing <Task(PythonOperator): criar_pasta> on 2024-05-29 19:35:00+00:00
[2024-06-05T01:37:17.889+0000] {warnings.py:110} WARNING - /home/***/.local/lib/python3.12/site-packages/***/task/task_runner/standard_task_runner.py:61: DeprecationWarning: This process (pid=1681) is multi-threaded, use of fork() may lead to deadlocks in the child.
  pid = os.fork()

[2024-06-05T01:37:17.898+0000] {standard_task_runner.py:63} INFO - Started process 1712 to run task
[2024-06-05T01:37:17.897+0000] {standard_task_runner.py:90} INFO - Running: ['***', 'tasks', 'run', 'dados_climaticos_estruturados', 'criar_pasta', 'scheduled__2024-05-29T19:35:00+00:00', '--job-id', '527', '--raw', '--subdir', 'DAGS_FOLDER/weather/custom_dags/dados_climaticos_estruturados.py', '--cfg-path', '/tmp/tmp47jl_uch']
[2024-06-05T01:37:17.911+0000] {standard_task_runner.py:91} INFO - Job 527: Subtask criar_pasta
[2024-06-05T01:37:18.019+0000] {task_command.py:426} INFO - Running <TaskInstance: dados_climaticos_estruturados.criar_pasta scheduled__2024-05-29T19:35:00+00:00 [running]> on host 80232deae70a
[2024-06-05T01:37:18.224+0000] {taskinstance.py:2648} INFO - Exporting env vars: AIRFLOW_CTX_DAG_OWNER='***' AIRFLOW_CTX_DAG_ID='dados_climaticos_estruturados' AIRFLOW_CTX_TASK_ID='criar_pasta' AIRFLOW_CTX_EXECUTION_DATE='2024-05-29T19:35:00+00:00' AIRFLOW_CTX_TRY_NUMBER='1' AIRFLOW_CTX_DAG_RUN_ID='scheduled__2024-05-29T19:35:00+00:00'
[2024-06-05T01:37:18.230+0000] {taskinstance.py:430} INFO - ::endgroup::
[2024-06-05T01:37:18.235+0000] {python.py:237} INFO - Done. Returned value was: None
[2024-06-05T01:37:18.237+0000] {taskinstance.py:441} INFO - ::group::Post task execution logs
[2024-06-05T01:37:18.261+0000] {taskinstance.py:1206} INFO - Marking task as SUCCESS. dag_id=dados_climaticos_estruturados, task_id=criar_pasta, run_id=scheduled__2024-05-29T19:35:00+00:00, execution_date=20240529T193500, start_date=20240605T013717, end_date=20240605T013718
[2024-06-05T01:37:18.331+0000] {local_task_job_runner.py:240} INFO - Task exited with return code 0
[2024-06-05T01:37:18.410+0000] {taskinstance.py:3498} INFO - 1 downstream tasks scheduled from follow-on schedule check
[2024-06-05T01:37:18.421+0000] {local_task_job_runner.py:222} INFO - ::endgroup::
