[2024-06-05T01:05:27.315+0000] {local_task_job_runner.py:120} INFO - ::group::Pre task execution logs
[2024-06-05T01:05:27.382+0000] {taskinstance.py:2076} INFO - Dependencies all met for dep_context=non-requeueable deps ti=<TaskInstance: dados_climaticos_estruturados.criar_pasta scheduled__2024-05-31T10:45:00+00:00 [queued]>
[2024-06-05T01:05:27.398+0000] {taskinstance.py:2076} INFO - Dependencies all met for dep_context=requeueable deps ti=<TaskInstance: dados_climaticos_estruturados.criar_pasta scheduled__2024-05-31T10:45:00+00:00 [queued]>
[2024-06-05T01:05:27.399+0000] {taskinstance.py:2306} INFO - Starting attempt 1 of 1
[2024-06-05T01:05:27.432+0000] {taskinstance.py:2330} INFO - Executing <Task(PythonOperator): criar_pasta> on 2024-05-31 10:45:00+00:00
[2024-06-05T01:05:27.452+0000] {warnings.py:110} WARNING - /home/***/.local/lib/python3.12/site-packages/***/task/task_runner/standard_task_runner.py:61: DeprecationWarning: This process (pid=4606) is multi-threaded, use of fork() may lead to deadlocks in the child.
  pid = os.fork()

[2024-06-05T01:05:27.454+0000] {standard_task_runner.py:63} INFO - Started process 4640 to run task
[2024-06-05T01:05:27.456+0000] {standard_task_runner.py:90} INFO - Running: ['***', 'tasks', 'run', 'dados_climaticos_estruturados', 'criar_pasta', 'scheduled__2024-05-31T10:45:00+00:00', '--job-id', '1855', '--raw', '--subdir', 'DAGS_FOLDER/weather/custom_dags/dados_climaticos_estruturados.py', '--cfg-path', '/tmp/tmpvwvsi1r8']
[2024-06-05T01:05:27.458+0000] {standard_task_runner.py:91} INFO - Job 1855: Subtask criar_pasta
[2024-06-05T01:05:27.644+0000] {task_command.py:426} INFO - Running <TaskInstance: dados_climaticos_estruturados.criar_pasta scheduled__2024-05-31T10:45:00+00:00 [running]> on host 6665b0710315
[2024-06-05T01:05:27.981+0000] {taskinstance.py:2648} INFO - Exporting env vars: AIRFLOW_CTX_DAG_OWNER='***' AIRFLOW_CTX_DAG_ID='dados_climaticos_estruturados' AIRFLOW_CTX_TASK_ID='criar_pasta' AIRFLOW_CTX_EXECUTION_DATE='2024-05-31T10:45:00+00:00' AIRFLOW_CTX_TRY_NUMBER='1' AIRFLOW_CTX_DAG_RUN_ID='scheduled__2024-05-31T10:45:00+00:00'
[2024-06-05T01:05:27.988+0000] {taskinstance.py:430} INFO - ::endgroup::
[2024-06-05T01:05:28.000+0000] {python.py:237} INFO - Done. Returned value was: None
[2024-06-05T01:05:28.003+0000] {taskinstance.py:441} INFO - ::group::Post task execution logs
[2024-06-05T01:05:28.036+0000] {taskinstance.py:1206} INFO - Marking task as SUCCESS. dag_id=dados_climaticos_estruturados, task_id=criar_pasta, run_id=scheduled__2024-05-31T10:45:00+00:00, execution_date=20240531T104500, start_date=20240605T010527, end_date=20240605T010528
[2024-06-05T01:05:28.144+0000] {local_task_job_runner.py:240} INFO - Task exited with return code 0
[2024-06-05T01:05:28.215+0000] {taskinstance.py:3498} INFO - 1 downstream tasks scheduled from follow-on schedule check
[2024-06-05T01:05:28.229+0000] {local_task_job_runner.py:222} INFO - ::endgroup::
[2024-06-05T01:44:52.759+0000] {local_task_job_runner.py:120} INFO - ::group::Pre task execution logs
[2024-06-05T01:44:52.860+0000] {taskinstance.py:2076} INFO - Dependencies all met for dep_context=non-requeueable deps ti=<TaskInstance: dados_climaticos_estruturados.criar_pasta scheduled__2024-05-31T10:45:00+00:00 [queued]>
[2024-06-05T01:44:52.896+0000] {taskinstance.py:2076} INFO - Dependencies all met for dep_context=requeueable deps ti=<TaskInstance: dados_climaticos_estruturados.criar_pasta scheduled__2024-05-31T10:45:00+00:00 [queued]>
[2024-06-05T01:44:52.900+0000] {taskinstance.py:2306} INFO - Starting attempt 1 of 1
[2024-06-05T01:44:52.954+0000] {taskinstance.py:2330} INFO - Executing <Task(PythonOperator): criar_pasta> on 2024-05-31 10:45:00+00:00
[2024-06-05T01:44:53.002+0000] {standard_task_runner.py:90} INFO - Running: ['***', 'tasks', 'run', 'dados_climaticos_estruturados', 'criar_pasta', 'scheduled__2024-05-31T10:45:00+00:00', '--job-id', '1467', '--raw', '--subdir', 'DAGS_FOLDER/weather/custom_dags/dados_climaticos_estruturados.py', '--cfg-path', '/tmp/tmp9sxo_057']
[2024-06-05T01:44:53.002+0000] {warnings.py:110} WARNING - /home/***/.local/lib/python3.12/site-packages/***/task/task_runner/standard_task_runner.py:61: DeprecationWarning: This process (pid=4587) is multi-threaded, use of fork() may lead to deadlocks in the child.
  pid = os.fork()

[2024-06-05T01:44:53.007+0000] {standard_task_runner.py:91} INFO - Job 1467: Subtask criar_pasta
[2024-06-05T01:44:53.008+0000] {standard_task_runner.py:63} INFO - Started process 4627 to run task
[2024-06-05T01:44:53.185+0000] {task_command.py:426} INFO - Running <TaskInstance: dados_climaticos_estruturados.criar_pasta scheduled__2024-05-31T10:45:00+00:00 [running]> on host 80232deae70a
[2024-06-05T01:44:53.511+0000] {taskinstance.py:2648} INFO - Exporting env vars: AIRFLOW_CTX_DAG_OWNER='***' AIRFLOW_CTX_DAG_ID='dados_climaticos_estruturados' AIRFLOW_CTX_TASK_ID='criar_pasta' AIRFLOW_CTX_EXECUTION_DATE='2024-05-31T10:45:00+00:00' AIRFLOW_CTX_TRY_NUMBER='1' AIRFLOW_CTX_DAG_RUN_ID='scheduled__2024-05-31T10:45:00+00:00'
[2024-06-05T01:44:53.516+0000] {taskinstance.py:430} INFO - ::endgroup::
[2024-06-05T01:44:53.525+0000] {python.py:237} INFO - Done. Returned value was: None
[2024-06-05T01:44:53.528+0000] {taskinstance.py:441} INFO - ::group::Post task execution logs
[2024-06-05T01:44:53.555+0000] {taskinstance.py:1206} INFO - Marking task as SUCCESS. dag_id=dados_climaticos_estruturados, task_id=criar_pasta, run_id=scheduled__2024-05-31T10:45:00+00:00, execution_date=20240531T104500, start_date=20240605T014452, end_date=20240605T014453
[2024-06-05T01:44:53.641+0000] {local_task_job_runner.py:240} INFO - Task exited with return code 0
[2024-06-05T01:44:53.702+0000] {taskinstance.py:3498} INFO - 1 downstream tasks scheduled from follow-on schedule check
[2024-06-05T01:44:53.712+0000] {local_task_job_runner.py:222} INFO - ::endgroup::
