[2024-06-05T01:04:14.858+0000] {local_task_job_runner.py:120} INFO - ::group::Pre task execution logs
[2024-06-05T01:04:14.922+0000] {taskinstance.py:2076} INFO - Dependencies all met for dep_context=non-requeueable deps ti=<TaskInstance: dados_climaticos_estruturados.criar_pasta scheduled__2024-05-31T05:00:00+00:00 [queued]>
[2024-06-05T01:04:14.945+0000] {taskinstance.py:2076} INFO - Dependencies all met for dep_context=requeueable deps ti=<TaskInstance: dados_climaticos_estruturados.criar_pasta scheduled__2024-05-31T05:00:00+00:00 [queued]>
[2024-06-05T01:04:14.949+0000] {taskinstance.py:2306} INFO - Starting attempt 1 of 1
[2024-06-05T01:04:15.023+0000] {taskinstance.py:2330} INFO - Executing <Task(PythonOperator): criar_pasta> on 2024-05-31 05:00:00+00:00
[2024-06-05T01:04:15.036+0000] {warnings.py:110} WARNING - /home/***/.local/lib/python3.12/site-packages/***/task/task_runner/standard_task_runner.py:61: DeprecationWarning: This process (pid=4198) is multi-threaded, use of fork() may lead to deadlocks in the child.
  pid = os.fork()

[2024-06-05T01:04:15.039+0000] {standard_task_runner.py:63} INFO - Started process 4219 to run task
[2024-06-05T01:04:15.044+0000] {standard_task_runner.py:90} INFO - Running: ['***', 'tasks', 'run', 'dados_climaticos_estruturados', 'criar_pasta', 'scheduled__2024-05-31T05:00:00+00:00', '--job-id', '1723', '--raw', '--subdir', 'DAGS_FOLDER/weather/custom_dags/dados_climaticos_estruturados.py', '--cfg-path', '/tmp/tmpo9_pmy4e']
[2024-06-05T01:04:15.050+0000] {standard_task_runner.py:91} INFO - Job 1723: Subtask criar_pasta
[2024-06-05T01:04:15.181+0000] {task_command.py:426} INFO - Running <TaskInstance: dados_climaticos_estruturados.criar_pasta scheduled__2024-05-31T05:00:00+00:00 [running]> on host 6665b0710315
[2024-06-05T01:04:15.419+0000] {taskinstance.py:2648} INFO - Exporting env vars: AIRFLOW_CTX_DAG_OWNER='***' AIRFLOW_CTX_DAG_ID='dados_climaticos_estruturados' AIRFLOW_CTX_TASK_ID='criar_pasta' AIRFLOW_CTX_EXECUTION_DATE='2024-05-31T05:00:00+00:00' AIRFLOW_CTX_TRY_NUMBER='1' AIRFLOW_CTX_DAG_RUN_ID='scheduled__2024-05-31T05:00:00+00:00'
[2024-06-05T01:04:15.422+0000] {taskinstance.py:430} INFO - ::endgroup::
[2024-06-05T01:04:15.423+0000] {python.py:237} INFO - Done. Returned value was: None
[2024-06-05T01:04:15.424+0000] {taskinstance.py:441} INFO - ::group::Post task execution logs
[2024-06-05T01:04:15.439+0000] {taskinstance.py:1206} INFO - Marking task as SUCCESS. dag_id=dados_climaticos_estruturados, task_id=criar_pasta, run_id=scheduled__2024-05-31T05:00:00+00:00, execution_date=20240531T050000, start_date=20240605T010414, end_date=20240605T010415
[2024-06-05T01:04:15.513+0000] {local_task_job_runner.py:240} INFO - Task exited with return code 0
[2024-06-05T01:04:15.561+0000] {taskinstance.py:3498} INFO - 1 downstream tasks scheduled from follow-on schedule check
[2024-06-05T01:04:15.569+0000] {local_task_job_runner.py:222} INFO - ::endgroup::
[2024-06-05T01:43:31.520+0000] {local_task_job_runner.py:120} INFO - ::group::Pre task execution logs
[2024-06-05T01:43:31.607+0000] {taskinstance.py:2076} INFO - Dependencies all met for dep_context=non-requeueable deps ti=<TaskInstance: dados_climaticos_estruturados.criar_pasta scheduled__2024-05-31T05:00:00+00:00 [queued]>
[2024-06-05T01:43:31.650+0000] {taskinstance.py:2076} INFO - Dependencies all met for dep_context=requeueable deps ti=<TaskInstance: dados_climaticos_estruturados.criar_pasta scheduled__2024-05-31T05:00:00+00:00 [queued]>
[2024-06-05T01:43:31.654+0000] {taskinstance.py:2306} INFO - Starting attempt 1 of 1
[2024-06-05T01:43:31.717+0000] {taskinstance.py:2330} INFO - Executing <Task(PythonOperator): criar_pasta> on 2024-05-31 05:00:00+00:00
[2024-06-05T01:43:31.757+0000] {warnings.py:110} WARNING - /home/***/.local/lib/python3.12/site-packages/***/task/task_runner/standard_task_runner.py:61: DeprecationWarning: This process (pid=4161) is multi-threaded, use of fork() may lead to deadlocks in the child.
  pid = os.fork()

[2024-06-05T01:43:31.767+0000] {standard_task_runner.py:63} INFO - Started process 4189 to run task
[2024-06-05T01:43:31.773+0000] {standard_task_runner.py:90} INFO - Running: ['***', 'tasks', 'run', 'dados_climaticos_estruturados', 'criar_pasta', 'scheduled__2024-05-31T05:00:00+00:00', '--job-id', '1330', '--raw', '--subdir', 'DAGS_FOLDER/weather/custom_dags/dados_climaticos_estruturados.py', '--cfg-path', '/tmp/tmpwovttfnx']
[2024-06-05T01:43:31.783+0000] {standard_task_runner.py:91} INFO - Job 1330: Subtask criar_pasta
[2024-06-05T01:43:31.924+0000] {task_command.py:426} INFO - Running <TaskInstance: dados_climaticos_estruturados.criar_pasta scheduled__2024-05-31T05:00:00+00:00 [running]> on host 80232deae70a
[2024-06-05T01:43:32.135+0000] {taskinstance.py:2648} INFO - Exporting env vars: AIRFLOW_CTX_DAG_OWNER='***' AIRFLOW_CTX_DAG_ID='dados_climaticos_estruturados' AIRFLOW_CTX_TASK_ID='criar_pasta' AIRFLOW_CTX_EXECUTION_DATE='2024-05-31T05:00:00+00:00' AIRFLOW_CTX_TRY_NUMBER='1' AIRFLOW_CTX_DAG_RUN_ID='scheduled__2024-05-31T05:00:00+00:00'
[2024-06-05T01:43:32.138+0000] {taskinstance.py:430} INFO - ::endgroup::
[2024-06-05T01:43:32.143+0000] {python.py:237} INFO - Done. Returned value was: None
[2024-06-05T01:43:32.145+0000] {taskinstance.py:441} INFO - ::group::Post task execution logs
[2024-06-05T01:43:32.194+0000] {taskinstance.py:1206} INFO - Marking task as SUCCESS. dag_id=dados_climaticos_estruturados, task_id=criar_pasta, run_id=scheduled__2024-05-31T05:00:00+00:00, execution_date=20240531T050000, start_date=20240605T014331, end_date=20240605T014332
[2024-06-05T01:43:32.288+0000] {local_task_job_runner.py:240} INFO - Task exited with return code 0
[2024-06-05T01:43:32.341+0000] {local_task_job_runner.py:222} INFO - ::endgroup::
