[2024-06-05T00:53:58.935+0000] {local_task_job_runner.py:120} INFO - ::group::Pre task execution logs
[2024-06-05T00:53:58.977+0000] {taskinstance.py:2076} INFO - Dependencies all met for dep_context=non-requeueable deps ti=<TaskInstance: dados_climaticos_estruturados.criar_pasta scheduled__2024-05-29T01:45:00+00:00 [queued]>
[2024-06-05T00:53:58.991+0000] {taskinstance.py:2076} INFO - Dependencies all met for dep_context=requeueable deps ti=<TaskInstance: dados_climaticos_estruturados.criar_pasta scheduled__2024-05-29T01:45:00+00:00 [queued]>
[2024-06-05T00:53:58.992+0000] {taskinstance.py:2306} INFO - Starting attempt 1 of 1
[2024-06-05T00:53:59.014+0000] {taskinstance.py:2330} INFO - Executing <Task(PythonOperator): criar_pasta> on 2024-05-29 01:45:00+00:00
[2024-06-05T00:53:59.031+0000] {warnings.py:110} WARNING - /home/***/.local/lib/python3.12/site-packages/***/task/task_runner/standard_task_runner.py:61: DeprecationWarning: This process (pid=376) is multi-threaded, use of fork() may lead to deadlocks in the child.
  pid = os.fork()

[2024-06-05T00:53:59.031+0000] {standard_task_runner.py:90} INFO - Running: ['***', 'tasks', 'run', 'dados_climaticos_estruturados', 'criar_pasta', 'scheduled__2024-05-29T01:45:00+00:00', '--job-id', '489', '--raw', '--subdir', 'DAGS_FOLDER/weather/custom_dags/dados_climaticos_estruturados.py', '--cfg-path', '/tmp/tmpbbmq7248']
[2024-06-05T00:53:59.033+0000] {standard_task_runner.py:63} INFO - Started process 398 to run task
[2024-06-05T00:53:59.034+0000] {standard_task_runner.py:91} INFO - Job 489: Subtask criar_pasta
[2024-06-05T00:53:59.151+0000] {task_command.py:426} INFO - Running <TaskInstance: dados_climaticos_estruturados.criar_pasta scheduled__2024-05-29T01:45:00+00:00 [running]> on host 6665b0710315
[2024-06-05T00:53:59.425+0000] {taskinstance.py:2648} INFO - Exporting env vars: AIRFLOW_CTX_DAG_OWNER='***' AIRFLOW_CTX_DAG_ID='dados_climaticos_estruturados' AIRFLOW_CTX_TASK_ID='criar_pasta' AIRFLOW_CTX_EXECUTION_DATE='2024-05-29T01:45:00+00:00' AIRFLOW_CTX_TRY_NUMBER='1' AIRFLOW_CTX_DAG_RUN_ID='scheduled__2024-05-29T01:45:00+00:00'
[2024-06-05T00:53:59.430+0000] {taskinstance.py:430} INFO - ::endgroup::
[2024-06-05T00:53:59.436+0000] {python.py:237} INFO - Done. Returned value was: None
[2024-06-05T00:53:59.437+0000] {taskinstance.py:441} INFO - ::group::Post task execution logs
[2024-06-05T00:53:59.465+0000] {taskinstance.py:1206} INFO - Marking task as SUCCESS. dag_id=dados_climaticos_estruturados, task_id=criar_pasta, run_id=scheduled__2024-05-29T01:45:00+00:00, execution_date=20240529T014500, start_date=20240605T005358, end_date=20240605T005359
[2024-06-05T00:53:59.568+0000] {local_task_job_runner.py:240} INFO - Task exited with return code 0
[2024-06-05T00:53:59.601+0000] {local_task_job_runner.py:222} INFO - ::endgroup::
[2024-06-05T01:33:43.086+0000] {local_task_job_runner.py:120} INFO - ::group::Pre task execution logs
[2024-06-05T01:33:43.127+0000] {taskinstance.py:2076} INFO - Dependencies all met for dep_context=non-requeueable deps ti=<TaskInstance: dados_climaticos_estruturados.criar_pasta scheduled__2024-05-29T01:45:00+00:00 [queued]>
[2024-06-05T01:33:43.142+0000] {taskinstance.py:2076} INFO - Dependencies all met for dep_context=requeueable deps ti=<TaskInstance: dados_climaticos_estruturados.criar_pasta scheduled__2024-05-29T01:45:00+00:00 [queued]>
[2024-06-05T01:33:43.143+0000] {taskinstance.py:2306} INFO - Starting attempt 1 of 1
[2024-06-05T01:33:43.167+0000] {taskinstance.py:2330} INFO - Executing <Task(PythonOperator): criar_pasta> on 2024-05-29 01:45:00+00:00
[2024-06-05T01:33:43.183+0000] {warnings.py:110} WARNING - /home/***/.local/lib/python3.12/site-packages/***/task/task_runner/standard_task_runner.py:61: DeprecationWarning: This process (pid=371) is multi-threaded, use of fork() may lead to deadlocks in the child.
  pid = os.fork()

[2024-06-05T01:33:43.186+0000] {standard_task_runner.py:63} INFO - Started process 391 to run task
[2024-06-05T01:33:43.186+0000] {standard_task_runner.py:90} INFO - Running: ['***', 'tasks', 'run', 'dados_climaticos_estruturados', 'criar_pasta', 'scheduled__2024-05-29T01:45:00+00:00', '--job-id', '103', '--raw', '--subdir', 'DAGS_FOLDER/weather/custom_dags/dados_climaticos_estruturados.py', '--cfg-path', '/tmp/tmpcyhbvlzf']
[2024-06-05T01:33:43.191+0000] {standard_task_runner.py:91} INFO - Job 103: Subtask criar_pasta
[2024-06-05T01:33:43.292+0000] {task_command.py:426} INFO - Running <TaskInstance: dados_climaticos_estruturados.criar_pasta scheduled__2024-05-29T01:45:00+00:00 [running]> on host 80232deae70a
[2024-06-05T01:33:43.491+0000] {taskinstance.py:2648} INFO - Exporting env vars: AIRFLOW_CTX_DAG_OWNER='***' AIRFLOW_CTX_DAG_ID='dados_climaticos_estruturados' AIRFLOW_CTX_TASK_ID='criar_pasta' AIRFLOW_CTX_EXECUTION_DATE='2024-05-29T01:45:00+00:00' AIRFLOW_CTX_TRY_NUMBER='1' AIRFLOW_CTX_DAG_RUN_ID='scheduled__2024-05-29T01:45:00+00:00'
[2024-06-05T01:33:43.498+0000] {taskinstance.py:430} INFO - ::endgroup::
[2024-06-05T01:33:43.501+0000] {python.py:237} INFO - Done. Returned value was: None
[2024-06-05T01:33:43.502+0000] {taskinstance.py:441} INFO - ::group::Post task execution logs
[2024-06-05T01:33:43.518+0000] {taskinstance.py:1206} INFO - Marking task as SUCCESS. dag_id=dados_climaticos_estruturados, task_id=criar_pasta, run_id=scheduled__2024-05-29T01:45:00+00:00, execution_date=20240529T014500, start_date=20240605T013343, end_date=20240605T013343
[2024-06-05T01:33:43.588+0000] {local_task_job_runner.py:240} INFO - Task exited with return code 0
[2024-06-05T01:33:43.638+0000] {taskinstance.py:3498} INFO - 1 downstream tasks scheduled from follow-on schedule check
[2024-06-05T01:33:43.642+0000] {local_task_job_runner.py:222} INFO - ::endgroup::
