[2024-06-05T01:04:22.440+0000] {local_task_job_runner.py:120} INFO - ::group::Pre task execution logs
[2024-06-05T01:04:22.500+0000] {taskinstance.py:2076} INFO - Dependencies all met for dep_context=non-requeueable deps ti=<TaskInstance: dados_climaticos_estruturados.criar_pasta scheduled__2024-05-31T05:50:00+00:00 [queued]>
[2024-06-05T01:04:22.537+0000] {taskinstance.py:2076} INFO - Dependencies all met for dep_context=requeueable deps ti=<TaskInstance: dados_climaticos_estruturados.criar_pasta scheduled__2024-05-31T05:50:00+00:00 [queued]>
[2024-06-05T01:04:22.539+0000] {taskinstance.py:2306} INFO - Starting attempt 1 of 1
[2024-06-05T01:04:22.575+0000] {taskinstance.py:2330} INFO - Executing <Task(PythonOperator): criar_pasta> on 2024-05-31 05:50:00+00:00
[2024-06-05T01:04:22.595+0000] {warnings.py:110} WARNING - /home/***/.local/lib/python3.12/site-packages/***/task/task_runner/standard_task_runner.py:61: DeprecationWarning: This process (pid=4242) is multi-threaded, use of fork() may lead to deadlocks in the child.
  pid = os.fork()

[2024-06-05T01:04:22.609+0000] {standard_task_runner.py:90} INFO - Running: ['***', 'tasks', 'run', 'dados_climaticos_estruturados', 'criar_pasta', 'scheduled__2024-05-31T05:50:00+00:00', '--job-id', '1740', '--raw', '--subdir', 'DAGS_FOLDER/weather/custom_dags/dados_climaticos_estruturados.py', '--cfg-path', '/tmp/tmp1md2kx1f']
[2024-06-05T01:04:22.613+0000] {standard_task_runner.py:91} INFO - Job 1740: Subtask criar_pasta
[2024-06-05T01:04:22.611+0000] {standard_task_runner.py:63} INFO - Started process 4268 to run task
[2024-06-05T01:04:22.843+0000] {task_command.py:426} INFO - Running <TaskInstance: dados_climaticos_estruturados.criar_pasta scheduled__2024-05-31T05:50:00+00:00 [running]> on host 6665b0710315
[2024-06-05T01:04:23.305+0000] {taskinstance.py:2648} INFO - Exporting env vars: AIRFLOW_CTX_DAG_OWNER='***' AIRFLOW_CTX_DAG_ID='dados_climaticos_estruturados' AIRFLOW_CTX_TASK_ID='criar_pasta' AIRFLOW_CTX_EXECUTION_DATE='2024-05-31T05:50:00+00:00' AIRFLOW_CTX_TRY_NUMBER='1' AIRFLOW_CTX_DAG_RUN_ID='scheduled__2024-05-31T05:50:00+00:00'
[2024-06-05T01:04:23.311+0000] {taskinstance.py:430} INFO - ::endgroup::
[2024-06-05T01:04:23.317+0000] {python.py:237} INFO - Done. Returned value was: None
[2024-06-05T01:04:23.320+0000] {taskinstance.py:441} INFO - ::group::Post task execution logs
[2024-06-05T01:04:23.354+0000] {taskinstance.py:1206} INFO - Marking task as SUCCESS. dag_id=dados_climaticos_estruturados, task_id=criar_pasta, run_id=scheduled__2024-05-31T05:50:00+00:00, execution_date=20240531T055000, start_date=20240605T010422, end_date=20240605T010423
[2024-06-05T01:04:23.466+0000] {local_task_job_runner.py:240} INFO - Task exited with return code 0
[2024-06-05T01:04:23.541+0000] {taskinstance.py:3498} INFO - 1 downstream tasks scheduled from follow-on schedule check
[2024-06-05T01:04:23.566+0000] {local_task_job_runner.py:222} INFO - ::endgroup::
[2024-06-05T01:43:48.365+0000] {local_task_job_runner.py:120} INFO - ::group::Pre task execution logs
[2024-06-05T01:43:48.396+0000] {taskinstance.py:2076} INFO - Dependencies all met for dep_context=non-requeueable deps ti=<TaskInstance: dados_climaticos_estruturados.criar_pasta scheduled__2024-05-31T05:50:00+00:00 [queued]>
[2024-06-05T01:43:48.407+0000] {taskinstance.py:2076} INFO - Dependencies all met for dep_context=requeueable deps ti=<TaskInstance: dados_climaticos_estruturados.criar_pasta scheduled__2024-05-31T05:50:00+00:00 [queued]>
[2024-06-05T01:43:48.408+0000] {taskinstance.py:2306} INFO - Starting attempt 1 of 1
[2024-06-05T01:43:48.425+0000] {taskinstance.py:2330} INFO - Executing <Task(PythonOperator): criar_pasta> on 2024-05-31 05:50:00+00:00
[2024-06-05T01:43:48.435+0000] {warnings.py:110} WARNING - /home/***/.local/lib/python3.12/site-packages/***/task/task_runner/standard_task_runner.py:61: DeprecationWarning: This process (pid=4255) is multi-threaded, use of fork() may lead to deadlocks in the child.
  pid = os.fork()

[2024-06-05T01:43:48.437+0000] {standard_task_runner.py:63} INFO - Started process 4264 to run task
[2024-06-05T01:43:48.438+0000] {standard_task_runner.py:90} INFO - Running: ['***', 'tasks', 'run', 'dados_climaticos_estruturados', 'criar_pasta', 'scheduled__2024-05-31T05:50:00+00:00', '--job-id', '1357', '--raw', '--subdir', 'DAGS_FOLDER/weather/custom_dags/dados_climaticos_estruturados.py', '--cfg-path', '/tmp/tmp2znnubza']
[2024-06-05T01:43:48.440+0000] {standard_task_runner.py:91} INFO - Job 1357: Subtask criar_pasta
[2024-06-05T01:43:48.509+0000] {task_command.py:426} INFO - Running <TaskInstance: dados_climaticos_estruturados.criar_pasta scheduled__2024-05-31T05:50:00+00:00 [running]> on host 80232deae70a
[2024-06-05T01:43:48.642+0000] {taskinstance.py:2648} INFO - Exporting env vars: AIRFLOW_CTX_DAG_OWNER='***' AIRFLOW_CTX_DAG_ID='dados_climaticos_estruturados' AIRFLOW_CTX_TASK_ID='criar_pasta' AIRFLOW_CTX_EXECUTION_DATE='2024-05-31T05:50:00+00:00' AIRFLOW_CTX_TRY_NUMBER='1' AIRFLOW_CTX_DAG_RUN_ID='scheduled__2024-05-31T05:50:00+00:00'
[2024-06-05T01:43:48.645+0000] {taskinstance.py:430} INFO - ::endgroup::
[2024-06-05T01:43:48.646+0000] {python.py:237} INFO - Done. Returned value was: None
[2024-06-05T01:43:48.646+0000] {taskinstance.py:441} INFO - ::group::Post task execution logs
[2024-06-05T01:43:48.658+0000] {taskinstance.py:1206} INFO - Marking task as SUCCESS. dag_id=dados_climaticos_estruturados, task_id=criar_pasta, run_id=scheduled__2024-05-31T05:50:00+00:00, execution_date=20240531T055000, start_date=20240605T014348, end_date=20240605T014348
[2024-06-05T01:43:48.700+0000] {local_task_job_runner.py:240} INFO - Task exited with return code 0
[2024-06-05T01:43:48.731+0000] {taskinstance.py:3498} INFO - 1 downstream tasks scheduled from follow-on schedule check
[2024-06-05T01:43:48.734+0000] {local_task_job_runner.py:222} INFO - ::endgroup::
