[2024-06-05T00:58:22.799+0000] {local_task_job_runner.py:120} INFO - ::group::Pre task execution logs
[2024-06-05T00:58:22.835+0000] {taskinstance.py:2076} INFO - Dependencies all met for dep_context=non-requeueable deps ti=<TaskInstance: dados_climaticos_estruturados.criar_pasta scheduled__2024-05-30T00:30:00+00:00 [queued]>
[2024-06-05T00:58:22.849+0000] {taskinstance.py:2076} INFO - Dependencies all met for dep_context=requeueable deps ti=<TaskInstance: dados_climaticos_estruturados.criar_pasta scheduled__2024-05-30T00:30:00+00:00 [queued]>
[2024-06-05T00:58:22.850+0000] {taskinstance.py:2306} INFO - Starting attempt 1 of 1
[2024-06-05T00:58:22.987+0000] {taskinstance.py:2330} INFO - Executing <Task(PythonOperator): criar_pasta> on 2024-05-30 00:30:00+00:00
[2024-06-05T00:58:23.001+0000] {warnings.py:110} WARNING - /home/***/.local/lib/python3.12/site-packages/***/task/task_runner/standard_task_runner.py:61: DeprecationWarning: This process (pid=2086) is multi-threaded, use of fork() may lead to deadlocks in the child.
  pid = os.fork()

[2024-06-05T00:58:23.003+0000] {standard_task_runner.py:63} INFO - Started process 2104 to run task
[2024-06-05T00:58:23.004+0000] {standard_task_runner.py:90} INFO - Running: ['***', 'tasks', 'run', 'dados_climaticos_estruturados', 'criar_pasta', 'scheduled__2024-05-30T00:30:00+00:00', '--job-id', '1041', '--raw', '--subdir', 'DAGS_FOLDER/weather/custom_dags/dados_climaticos_estruturados.py', '--cfg-path', '/tmp/tmp3bpfr9z4']
[2024-06-05T00:58:23.007+0000] {standard_task_runner.py:91} INFO - Job 1041: Subtask criar_pasta
[2024-06-05T00:58:23.146+0000] {task_command.py:426} INFO - Running <TaskInstance: dados_climaticos_estruturados.criar_pasta scheduled__2024-05-30T00:30:00+00:00 [running]> on host 6665b0710315
[2024-06-05T00:58:23.304+0000] {taskinstance.py:2648} INFO - Exporting env vars: AIRFLOW_CTX_DAG_OWNER='***' AIRFLOW_CTX_DAG_ID='dados_climaticos_estruturados' AIRFLOW_CTX_TASK_ID='criar_pasta' AIRFLOW_CTX_EXECUTION_DATE='2024-05-30T00:30:00+00:00' AIRFLOW_CTX_TRY_NUMBER='1' AIRFLOW_CTX_DAG_RUN_ID='scheduled__2024-05-30T00:30:00+00:00'
[2024-06-05T00:58:23.308+0000] {taskinstance.py:430} INFO - ::endgroup::
[2024-06-05T00:58:23.309+0000] {python.py:237} INFO - Done. Returned value was: None
[2024-06-05T00:58:23.310+0000] {taskinstance.py:441} INFO - ::group::Post task execution logs
[2024-06-05T00:58:23.327+0000] {taskinstance.py:1206} INFO - Marking task as SUCCESS. dag_id=dados_climaticos_estruturados, task_id=criar_pasta, run_id=scheduled__2024-05-30T00:30:00+00:00, execution_date=20240530T003000, start_date=20240605T005822, end_date=20240605T005823
[2024-06-05T00:58:23.392+0000] {local_task_job_runner.py:240} INFO - Task exited with return code 0
[2024-06-05T00:58:23.432+0000] {taskinstance.py:3498} INFO - 1 downstream tasks scheduled from follow-on schedule check
[2024-06-05T00:58:23.443+0000] {local_task_job_runner.py:222} INFO - ::endgroup::
[2024-06-05T01:38:14.470+0000] {local_task_job_runner.py:120} INFO - ::group::Pre task execution logs
[2024-06-05T01:38:14.536+0000] {taskinstance.py:2076} INFO - Dependencies all met for dep_context=non-requeueable deps ti=<TaskInstance: dados_climaticos_estruturados.criar_pasta scheduled__2024-05-30T00:30:00+00:00 [queued]>
[2024-06-05T01:38:14.558+0000] {taskinstance.py:2076} INFO - Dependencies all met for dep_context=requeueable deps ti=<TaskInstance: dados_climaticos_estruturados.criar_pasta scheduled__2024-05-30T00:30:00+00:00 [queued]>
[2024-06-05T01:38:14.559+0000] {taskinstance.py:2306} INFO - Starting attempt 1 of 1
[2024-06-05T01:38:14.646+0000] {taskinstance.py:2330} INFO - Executing <Task(PythonOperator): criar_pasta> on 2024-05-30 00:30:00+00:00
[2024-06-05T01:38:14.666+0000] {warnings.py:110} WARNING - /home/***/.local/lib/python3.12/site-packages/***/task/task_runner/standard_task_runner.py:61: DeprecationWarning: This process (pid=2044) is multi-threaded, use of fork() may lead to deadlocks in the child.
  pid = os.fork()

[2024-06-05T01:38:14.669+0000] {standard_task_runner.py:63} INFO - Started process 2073 to run task
[2024-06-05T01:38:14.670+0000] {standard_task_runner.py:90} INFO - Running: ['***', 'tasks', 'run', 'dados_climaticos_estruturados', 'criar_pasta', 'scheduled__2024-05-30T00:30:00+00:00', '--job-id', '649', '--raw', '--subdir', 'DAGS_FOLDER/weather/custom_dags/dados_climaticos_estruturados.py', '--cfg-path', '/tmp/tmp39qffuzf']
[2024-06-05T01:38:14.673+0000] {standard_task_runner.py:91} INFO - Job 649: Subtask criar_pasta
[2024-06-05T01:38:14.801+0000] {task_command.py:426} INFO - Running <TaskInstance: dados_climaticos_estruturados.criar_pasta scheduled__2024-05-30T00:30:00+00:00 [running]> on host 80232deae70a
[2024-06-05T01:38:14.977+0000] {taskinstance.py:2648} INFO - Exporting env vars: AIRFLOW_CTX_DAG_OWNER='***' AIRFLOW_CTX_DAG_ID='dados_climaticos_estruturados' AIRFLOW_CTX_TASK_ID='criar_pasta' AIRFLOW_CTX_EXECUTION_DATE='2024-05-30T00:30:00+00:00' AIRFLOW_CTX_TRY_NUMBER='1' AIRFLOW_CTX_DAG_RUN_ID='scheduled__2024-05-30T00:30:00+00:00'
[2024-06-05T01:38:14.980+0000] {taskinstance.py:430} INFO - ::endgroup::
[2024-06-05T01:38:14.981+0000] {python.py:237} INFO - Done. Returned value was: None
[2024-06-05T01:38:14.982+0000] {taskinstance.py:441} INFO - ::group::Post task execution logs
[2024-06-05T01:38:14.998+0000] {taskinstance.py:1206} INFO - Marking task as SUCCESS. dag_id=dados_climaticos_estruturados, task_id=criar_pasta, run_id=scheduled__2024-05-30T00:30:00+00:00, execution_date=20240530T003000, start_date=20240605T013814, end_date=20240605T013814
[2024-06-05T01:38:15.043+0000] {local_task_job_runner.py:240} INFO - Task exited with return code 0
[2024-06-05T01:38:15.071+0000] {taskinstance.py:3498} INFO - 1 downstream tasks scheduled from follow-on schedule check
[2024-06-05T01:38:15.073+0000] {local_task_job_runner.py:222} INFO - ::endgroup::
