[2024-06-05T00:53:59.697+0000] {local_task_job_runner.py:120} INFO - ::group::Pre task execution logs
[2024-06-05T00:53:59.808+0000] {taskinstance.py:2076} INFO - Dependencies all met for dep_context=non-requeueable deps ti=<TaskInstance: dados_climaticos_estruturados.criar_pasta scheduled__2024-05-29T02:00:00+00:00 [queued]>
[2024-06-05T00:53:59.833+0000] {taskinstance.py:2076} INFO - Dependencies all met for dep_context=requeueable deps ti=<TaskInstance: dados_climaticos_estruturados.criar_pasta scheduled__2024-05-29T02:00:00+00:00 [queued]>
[2024-06-05T00:53:59.836+0000] {taskinstance.py:2306} INFO - Starting attempt 1 of 1
[2024-06-05T00:53:59.919+0000] {taskinstance.py:2330} INFO - Executing <Task(PythonOperator): criar_pasta> on 2024-05-29 02:00:00+00:00
[2024-06-05T00:53:59.948+0000] {standard_task_runner.py:90} INFO - Running: ['***', 'tasks', 'run', 'dados_climaticos_estruturados', 'criar_pasta', 'scheduled__2024-05-29T02:00:00+00:00', '--job-id', '492', '--raw', '--subdir', 'DAGS_FOLDER/weather/custom_dags/dados_climaticos_estruturados.py', '--cfg-path', '/tmp/tmpviybo4yj']
[2024-06-05T00:53:59.955+0000] {standard_task_runner.py:91} INFO - Job 492: Subtask criar_pasta
[2024-06-05T00:53:59.950+0000] {warnings.py:110} WARNING - /home/***/.local/lib/python3.12/site-packages/***/task/task_runner/standard_task_runner.py:61: DeprecationWarning: This process (pid=383) is multi-threaded, use of fork() may lead to deadlocks in the child.
  pid = os.fork()

[2024-06-05T00:53:59.974+0000] {standard_task_runner.py:63} INFO - Started process 413 to run task
[2024-06-05T00:54:00.066+0000] {task_command.py:426} INFO - Running <TaskInstance: dados_climaticos_estruturados.criar_pasta scheduled__2024-05-29T02:00:00+00:00 [running]> on host 6665b0710315
[2024-06-05T00:54:00.241+0000] {taskinstance.py:2648} INFO - Exporting env vars: AIRFLOW_CTX_DAG_OWNER='***' AIRFLOW_CTX_DAG_ID='dados_climaticos_estruturados' AIRFLOW_CTX_TASK_ID='criar_pasta' AIRFLOW_CTX_EXECUTION_DATE='2024-05-29T02:00:00+00:00' AIRFLOW_CTX_TRY_NUMBER='1' AIRFLOW_CTX_DAG_RUN_ID='scheduled__2024-05-29T02:00:00+00:00'
[2024-06-05T00:54:00.245+0000] {taskinstance.py:430} INFO - ::endgroup::
[2024-06-05T00:54:00.251+0000] {python.py:237} INFO - Done. Returned value was: None
[2024-06-05T00:54:00.252+0000] {taskinstance.py:441} INFO - ::group::Post task execution logs
[2024-06-05T00:54:00.274+0000] {taskinstance.py:1206} INFO - Marking task as SUCCESS. dag_id=dados_climaticos_estruturados, task_id=criar_pasta, run_id=scheduled__2024-05-29T02:00:00+00:00, execution_date=20240529T020000, start_date=20240605T005359, end_date=20240605T005400
[2024-06-05T00:54:00.378+0000] {local_task_job_runner.py:240} INFO - Task exited with return code 0
[2024-06-05T00:54:00.458+0000] {taskinstance.py:3498} INFO - 1 downstream tasks scheduled from follow-on schedule check
[2024-06-05T00:54:00.470+0000] {local_task_job_runner.py:222} INFO - ::endgroup::
[2024-06-05T01:33:44.152+0000] {local_task_job_runner.py:120} INFO - ::group::Pre task execution logs
[2024-06-05T01:33:44.215+0000] {taskinstance.py:2076} INFO - Dependencies all met for dep_context=non-requeueable deps ti=<TaskInstance: dados_climaticos_estruturados.criar_pasta scheduled__2024-05-29T02:00:00+00:00 [queued]>
[2024-06-05T01:33:44.247+0000] {taskinstance.py:2076} INFO - Dependencies all met for dep_context=requeueable deps ti=<TaskInstance: dados_climaticos_estruturados.criar_pasta scheduled__2024-05-29T02:00:00+00:00 [queued]>
[2024-06-05T01:33:44.249+0000] {taskinstance.py:2306} INFO - Starting attempt 1 of 1
[2024-06-05T01:33:44.318+0000] {taskinstance.py:2330} INFO - Executing <Task(PythonOperator): criar_pasta> on 2024-05-29 02:00:00+00:00
[2024-06-05T01:33:44.339+0000] {warnings.py:110} WARNING - /home/***/.local/lib/python3.12/site-packages/***/task/task_runner/standard_task_runner.py:61: DeprecationWarning: This process (pid=377) is multi-threaded, use of fork() may lead to deadlocks in the child.
  pid = os.fork()

[2024-06-05T01:33:44.345+0000] {standard_task_runner.py:63} INFO - Started process 406 to run task
[2024-06-05T01:33:44.348+0000] {standard_task_runner.py:90} INFO - Running: ['***', 'tasks', 'run', 'dados_climaticos_estruturados', 'criar_pasta', 'scheduled__2024-05-29T02:00:00+00:00', '--job-id', '106', '--raw', '--subdir', 'DAGS_FOLDER/weather/custom_dags/dados_climaticos_estruturados.py', '--cfg-path', '/tmp/tmpqmu53u0a']
[2024-06-05T01:33:44.355+0000] {standard_task_runner.py:91} INFO - Job 106: Subtask criar_pasta
[2024-06-05T01:33:44.504+0000] {task_command.py:426} INFO - Running <TaskInstance: dados_climaticos_estruturados.criar_pasta scheduled__2024-05-29T02:00:00+00:00 [running]> on host 80232deae70a
[2024-06-05T01:33:44.806+0000] {taskinstance.py:2648} INFO - Exporting env vars: AIRFLOW_CTX_DAG_OWNER='***' AIRFLOW_CTX_DAG_ID='dados_climaticos_estruturados' AIRFLOW_CTX_TASK_ID='criar_pasta' AIRFLOW_CTX_EXECUTION_DATE='2024-05-29T02:00:00+00:00' AIRFLOW_CTX_TRY_NUMBER='1' AIRFLOW_CTX_DAG_RUN_ID='scheduled__2024-05-29T02:00:00+00:00'
[2024-06-05T01:33:44.811+0000] {taskinstance.py:430} INFO - ::endgroup::
[2024-06-05T01:33:44.815+0000] {python.py:237} INFO - Done. Returned value was: None
[2024-06-05T01:33:44.816+0000] {taskinstance.py:441} INFO - ::group::Post task execution logs
[2024-06-05T01:33:44.835+0000] {taskinstance.py:1206} INFO - Marking task as SUCCESS. dag_id=dados_climaticos_estruturados, task_id=criar_pasta, run_id=scheduled__2024-05-29T02:00:00+00:00, execution_date=20240529T020000, start_date=20240605T013344, end_date=20240605T013344
[2024-06-05T01:33:44.903+0000] {local_task_job_runner.py:240} INFO - Task exited with return code 0
[2024-06-05T01:33:44.948+0000] {taskinstance.py:3498} INFO - 1 downstream tasks scheduled from follow-on schedule check
[2024-06-05T01:33:44.952+0000] {local_task_job_runner.py:222} INFO - ::endgroup::
