[2024-05-25T19:05:00.318+0000] {local_task_job_runner.py:120} INFO - ::group::Pre task execution logs
[2024-05-25T19:05:00.337+0000] {taskinstance.py:2076} INFO - Dependencies all met for dep_context=non-requeueable deps ti=<TaskInstance: dados_climaticos_estruturados.criar_pasta scheduled__2024-05-16T23:35:00+00:00 [queued]>
[2024-05-25T19:05:00.344+0000] {taskinstance.py:2076} INFO - Dependencies all met for dep_context=requeueable deps ti=<TaskInstance: dados_climaticos_estruturados.criar_pasta scheduled__2024-05-16T23:35:00+00:00 [queued]>
[2024-05-25T19:05:00.344+0000] {taskinstance.py:2306} INFO - Starting attempt 1 of 1
[2024-05-25T19:05:00.355+0000] {taskinstance.py:2330} INFO - Executing <Task(PythonOperator): criar_pasta> on 2024-05-16 23:35:00+00:00
[2024-05-25T19:05:00.361+0000] {warnings.py:110} WARNING - /home/***/.local/lib/python3.12/site-packages/***/task/task_runner/standard_task_runner.py:61: DeprecationWarning: This process (pid=150) is multi-threaded, use of fork() may lead to deadlocks in the child.
  pid = os.fork()

[2024-05-25T19:05:00.363+0000] {standard_task_runner.py:63} INFO - Started process 152 to run task
[2024-05-25T19:05:00.363+0000] {standard_task_runner.py:90} INFO - Running: ['***', 'tasks', 'run', 'dados_climaticos_estruturados', 'criar_pasta', 'scheduled__2024-05-16T23:35:00+00:00', '--job-id', '30', '--raw', '--subdir', 'DAGS_FOLDER/weather/custom_dags/dados_climaticos_estruturados.py', '--cfg-path', '/tmp/tmp68i1m3o7']
[2024-05-25T19:05:00.365+0000] {standard_task_runner.py:91} INFO - Job 30: Subtask criar_pasta
[2024-05-25T19:05:00.403+0000] {task_command.py:426} INFO - Running <TaskInstance: dados_climaticos_estruturados.criar_pasta scheduled__2024-05-16T23:35:00+00:00 [running]> on host 0473b835f7f4
[2024-05-25T19:05:00.470+0000] {taskinstance.py:2648} INFO - Exporting env vars: AIRFLOW_CTX_DAG_OWNER='***' AIRFLOW_CTX_DAG_ID='dados_climaticos_estruturados' AIRFLOW_CTX_TASK_ID='criar_pasta' AIRFLOW_CTX_EXECUTION_DATE='2024-05-16T23:35:00+00:00' AIRFLOW_CTX_TRY_NUMBER='1' AIRFLOW_CTX_DAG_RUN_ID='scheduled__2024-05-16T23:35:00+00:00'
[2024-05-25T19:05:00.472+0000] {taskinstance.py:430} INFO - ::endgroup::
[2024-05-25T19:05:00.472+0000] {taskinstance.py:441} INFO - ::group::Post task execution logs
[2024-05-25T19:05:00.473+0000] {taskinstance.py:2905} ERROR - Task failed with exception
Traceback (most recent call last):
  File "/home/airflow/.local/lib/python3.12/site-packages/airflow/models/taskinstance.py", line 465, in _execute_task
    result = _execute_callable(context=context, **execute_callable_kwargs)
             ^^^^^^^^^^^^^^^^^^^^^^^^^^^^^^^^^^^^^^^^^^^^^^^^^^^^^^^^^^^^^
  File "/home/airflow/.local/lib/python3.12/site-packages/airflow/models/taskinstance.py", line 432, in _execute_callable
    return execute_callable(context=context, **execute_callable_kwargs)
           ^^^^^^^^^^^^^^^^^^^^^^^^^^^^^^^^^^^^^^^^^^^^^^^^^^^^^^^^^^^^
  File "/home/airflow/.local/lib/python3.12/site-packages/airflow/models/baseoperator.py", line 400, in wrapper
    return func(self, *args, **kwargs)
           ^^^^^^^^^^^^^^^^^^^^^^^^^^^
  File "/home/airflow/.local/lib/python3.12/site-packages/airflow/operators/python.py", line 235, in execute
    return_value = self.execute_callable()
                   ^^^^^^^^^^^^^^^^^^^^^^^
  File "/home/airflow/.local/lib/python3.12/site-packages/airflow/operators/python.py", line 252, in execute_callable
    return self.python_callable(*self.op_args, **self.op_kwargs)
           ^^^^^^^^^^^^^^^^^^^^^^^^^^^^^^^^^^^^^^^^^^^^^^^^^^^^^
  File "/opt/airflow/dags/weather/custom_dags/dados_climaticos_estruturados.py", line 18, in pegar_data_e_criar_pasta
    Path(caminho).mkdir(parents=True, exist_ok=True)
    ^^^^
NameError: name 'Path' is not defined
[2024-05-25T19:05:00.481+0000] {taskinstance.py:1206} INFO - Marking task as FAILED. dag_id=dados_climaticos_estruturados, task_id=criar_pasta, run_id=scheduled__2024-05-16T23:35:00+00:00, execution_date=20240516T233500, start_date=20240525T190500, end_date=20240525T190500
[2024-05-25T19:05:00.491+0000] {standard_task_runner.py:110} ERROR - Failed to execute job 30 for task criar_pasta (name 'Path' is not defined; 152)
[2024-05-25T19:05:00.503+0000] {local_task_job_runner.py:240} INFO - Task exited with return code 1
[2024-05-25T19:05:00.522+0000] {taskinstance.py:3498} INFO - 0 downstream tasks scheduled from follow-on schedule check
[2024-05-25T19:05:00.526+0000] {local_task_job_runner.py:222} INFO - ::endgroup::
[2024-05-29T01:35:12.746+0000] {local_task_job_runner.py:120} INFO - ::group::Pre task execution logs
[2024-05-29T01:35:12.852+0000] {taskinstance.py:2076} INFO - Dependencies all met for dep_context=non-requeueable deps ti=<TaskInstance: dados_climaticos_estruturados.criar_pasta scheduled__2024-05-16T23:35:00+00:00 [queued]>
[2024-05-29T01:35:12.901+0000] {taskinstance.py:2076} INFO - Dependencies all met for dep_context=requeueable deps ti=<TaskInstance: dados_climaticos_estruturados.criar_pasta scheduled__2024-05-16T23:35:00+00:00 [queued]>
[2024-05-29T01:35:12.904+0000] {taskinstance.py:2306} INFO - Starting attempt 1 of 1
[2024-05-29T01:35:12.989+0000] {taskinstance.py:2330} INFO - Executing <Task(PythonOperator): criar_pasta> on 2024-05-16 23:35:00+00:00
[2024-05-29T01:35:13.040+0000] {warnings.py:110} WARNING - /home/***/.local/lib/python3.12/site-packages/***/task/task_runner/standard_task_runner.py:61: DeprecationWarning: This process (pid=193) is multi-threaded, use of fork() may lead to deadlocks in the child.
  pid = os.fork()

[2024-05-29T01:35:13.052+0000] {standard_task_runner.py:63} INFO - Started process 224 to run task
[2024-05-29T01:35:13.073+0000] {standard_task_runner.py:90} INFO - Running: ['***', 'tasks', 'run', 'dados_climaticos_estruturados', 'criar_pasta', 'scheduled__2024-05-16T23:35:00+00:00', '--job-id', '45', '--raw', '--subdir', 'DAGS_FOLDER/weather/custom_dags/dados_climaticos_estruturados.py', '--cfg-path', '/tmp/tmp0l61ka3y']
[2024-05-29T01:35:13.088+0000] {standard_task_runner.py:91} INFO - Job 45: Subtask criar_pasta
[2024-05-29T01:35:13.417+0000] {task_command.py:426} INFO - Running <TaskInstance: dados_climaticos_estruturados.criar_pasta scheduled__2024-05-16T23:35:00+00:00 [running]> on host dd333ca35f8c
[2024-05-29T01:35:13.991+0000] {taskinstance.py:2648} INFO - Exporting env vars: AIRFLOW_CTX_DAG_OWNER='***' AIRFLOW_CTX_DAG_ID='dados_climaticos_estruturados' AIRFLOW_CTX_TASK_ID='criar_pasta' AIRFLOW_CTX_EXECUTION_DATE='2024-05-16T23:35:00+00:00' AIRFLOW_CTX_TRY_NUMBER='1' AIRFLOW_CTX_DAG_RUN_ID='scheduled__2024-05-16T23:35:00+00:00'
[2024-05-29T01:35:14.000+0000] {taskinstance.py:430} INFO - ::endgroup::
[2024-05-29T01:35:14.012+0000] {python.py:237} INFO - Done. Returned value was: None
[2024-05-29T01:35:14.023+0000] {taskinstance.py:441} INFO - ::group::Post task execution logs
[2024-05-29T01:35:14.077+0000] {taskinstance.py:1206} INFO - Marking task as SUCCESS. dag_id=dados_climaticos_estruturados, task_id=criar_pasta, run_id=scheduled__2024-05-16T23:35:00+00:00, execution_date=20240516T233500, start_date=20240529T013512, end_date=20240529T013514
[2024-05-29T01:35:14.212+0000] {local_task_job_runner.py:240} INFO - Task exited with return code 0
[2024-05-29T01:35:14.339+0000] {taskinstance.py:3498} INFO - 1 downstream tasks scheduled from follow-on schedule check
[2024-05-29T01:35:14.351+0000] {local_task_job_runner.py:222} INFO - ::endgroup::
