[2024-06-05T00:59:03.008+0000] {local_task_job_runner.py:120} INFO - ::group::Pre task execution logs
[2024-06-05T00:59:03.098+0000] {taskinstance.py:2076} INFO - Dependencies all met for dep_context=non-requeueable deps ti=<TaskInstance: dados_climaticos_estruturados.criar_pasta scheduled__2024-05-30T04:30:00+00:00 [queued]>
[2024-06-05T00:59:03.131+0000] {taskinstance.py:2076} INFO - Dependencies all met for dep_context=requeueable deps ti=<TaskInstance: dados_climaticos_estruturados.criar_pasta scheduled__2024-05-30T04:30:00+00:00 [queued]>
[2024-06-05T00:59:03.135+0000] {taskinstance.py:2306} INFO - Starting attempt 1 of 1
[2024-06-05T00:59:03.237+0000] {taskinstance.py:2330} INFO - Executing <Task(PythonOperator): criar_pasta> on 2024-05-30 04:30:00+00:00
[2024-06-05T00:59:03.294+0000] {warnings.py:110} WARNING - /home/***/.local/lib/python3.12/site-packages/***/task/task_runner/standard_task_runner.py:61: DeprecationWarning: This process (pid=2357) is multi-threaded, use of fork() may lead to deadlocks in the child.
  pid = os.fork()

[2024-06-05T00:59:03.298+0000] {standard_task_runner.py:63} INFO - Started process 2380 to run task
[2024-06-05T00:59:03.302+0000] {standard_task_runner.py:90} INFO - Running: ['***', 'tasks', 'run', 'dados_climaticos_estruturados', 'criar_pasta', 'scheduled__2024-05-30T04:30:00+00:00', '--job-id', '1133', '--raw', '--subdir', 'DAGS_FOLDER/weather/custom_dags/dados_climaticos_estruturados.py', '--cfg-path', '/tmp/tmpj6wt4r1z']
[2024-06-05T00:59:03.313+0000] {standard_task_runner.py:91} INFO - Job 1133: Subtask criar_pasta
[2024-06-05T00:59:03.492+0000] {task_command.py:426} INFO - Running <TaskInstance: dados_climaticos_estruturados.criar_pasta scheduled__2024-05-30T04:30:00+00:00 [running]> on host 6665b0710315
[2024-06-05T00:59:03.718+0000] {taskinstance.py:2648} INFO - Exporting env vars: AIRFLOW_CTX_DAG_OWNER='***' AIRFLOW_CTX_DAG_ID='dados_climaticos_estruturados' AIRFLOW_CTX_TASK_ID='criar_pasta' AIRFLOW_CTX_EXECUTION_DATE='2024-05-30T04:30:00+00:00' AIRFLOW_CTX_TRY_NUMBER='1' AIRFLOW_CTX_DAG_RUN_ID='scheduled__2024-05-30T04:30:00+00:00'
[2024-06-05T00:59:03.722+0000] {taskinstance.py:430} INFO - ::endgroup::
[2024-06-05T00:59:03.724+0000] {python.py:237} INFO - Done. Returned value was: None
[2024-06-05T00:59:03.725+0000] {taskinstance.py:441} INFO - ::group::Post task execution logs
[2024-06-05T00:59:03.745+0000] {taskinstance.py:1206} INFO - Marking task as SUCCESS. dag_id=dados_climaticos_estruturados, task_id=criar_pasta, run_id=scheduled__2024-05-30T04:30:00+00:00, execution_date=20240530T043000, start_date=20240605T005903, end_date=20240605T005903
[2024-06-05T00:59:03.821+0000] {local_task_job_runner.py:240} INFO - Task exited with return code 0
[2024-06-05T00:59:03.862+0000] {taskinstance.py:3498} INFO - 1 downstream tasks scheduled from follow-on schedule check
[2024-06-05T00:59:03.866+0000] {local_task_job_runner.py:222} INFO - ::endgroup::
[2024-06-05T01:39:00.532+0000] {local_task_job_runner.py:120} INFO - ::group::Pre task execution logs
[2024-06-05T01:39:00.614+0000] {taskinstance.py:2076} INFO - Dependencies all met for dep_context=non-requeueable deps ti=<TaskInstance: dados_climaticos_estruturados.criar_pasta scheduled__2024-05-30T04:30:00+00:00 [queued]>
[2024-06-05T01:39:00.660+0000] {taskinstance.py:2076} INFO - Dependencies all met for dep_context=requeueable deps ti=<TaskInstance: dados_climaticos_estruturados.criar_pasta scheduled__2024-05-30T04:30:00+00:00 [queued]>
[2024-06-05T01:39:00.664+0000] {taskinstance.py:2306} INFO - Starting attempt 1 of 1
[2024-06-05T01:39:00.932+0000] {taskinstance.py:2330} INFO - Executing <Task(PythonOperator): criar_pasta> on 2024-05-30 04:30:00+00:00
[2024-06-05T01:39:00.950+0000] {warnings.py:110} WARNING - /home/***/.local/lib/python3.12/site-packages/***/task/task_runner/standard_task_runner.py:61: DeprecationWarning: This process (pid=2342) is multi-threaded, use of fork() may lead to deadlocks in the child.
  pid = os.fork()

[2024-06-05T01:39:00.957+0000] {standard_task_runner.py:90} INFO - Running: ['***', 'tasks', 'run', 'dados_climaticos_estruturados', 'criar_pasta', 'scheduled__2024-05-30T04:30:00+00:00', '--job-id', '743', '--raw', '--subdir', 'DAGS_FOLDER/weather/custom_dags/dados_climaticos_estruturados.py', '--cfg-path', '/tmp/tmp488x2plm']
[2024-06-05T01:39:00.959+0000] {standard_task_runner.py:63} INFO - Started process 2376 to run task
[2024-06-05T01:39:00.962+0000] {standard_task_runner.py:91} INFO - Job 743: Subtask criar_pasta
[2024-06-05T01:39:01.090+0000] {task_command.py:426} INFO - Running <TaskInstance: dados_climaticos_estruturados.criar_pasta scheduled__2024-05-30T04:30:00+00:00 [running]> on host 80232deae70a
[2024-06-05T01:39:01.286+0000] {taskinstance.py:2648} INFO - Exporting env vars: AIRFLOW_CTX_DAG_OWNER='***' AIRFLOW_CTX_DAG_ID='dados_climaticos_estruturados' AIRFLOW_CTX_TASK_ID='criar_pasta' AIRFLOW_CTX_EXECUTION_DATE='2024-05-30T04:30:00+00:00' AIRFLOW_CTX_TRY_NUMBER='1' AIRFLOW_CTX_DAG_RUN_ID='scheduled__2024-05-30T04:30:00+00:00'
[2024-06-05T01:39:01.290+0000] {taskinstance.py:430} INFO - ::endgroup::
[2024-06-05T01:39:01.292+0000] {python.py:237} INFO - Done. Returned value was: None
[2024-06-05T01:39:01.293+0000] {taskinstance.py:441} INFO - ::group::Post task execution logs
[2024-06-05T01:39:01.313+0000] {taskinstance.py:1206} INFO - Marking task as SUCCESS. dag_id=dados_climaticos_estruturados, task_id=criar_pasta, run_id=scheduled__2024-05-30T04:30:00+00:00, execution_date=20240530T043000, start_date=20240605T013900, end_date=20240605T013901
[2024-06-05T01:39:01.357+0000] {local_task_job_runner.py:240} INFO - Task exited with return code 0
[2024-06-05T01:39:01.396+0000] {taskinstance.py:3498} INFO - 1 downstream tasks scheduled from follow-on schedule check
[2024-06-05T01:39:01.399+0000] {local_task_job_runner.py:222} INFO - ::endgroup::
