[2024-06-05T00:57:01.077+0000] {local_task_job_runner.py:120} INFO - ::group::Pre task execution logs
[2024-06-05T00:57:01.121+0000] {taskinstance.py:2076} INFO - Dependencies all met for dep_context=non-requeueable deps ti=<TaskInstance: dados_climaticos_estruturados.criar_pasta scheduled__2024-05-29T18:25:00+00:00 [queued]>
[2024-06-05T00:57:01.139+0000] {taskinstance.py:2076} INFO - Dependencies all met for dep_context=requeueable deps ti=<TaskInstance: dados_climaticos_estruturados.criar_pasta scheduled__2024-05-29T18:25:00+00:00 [queued]>
[2024-06-05T00:57:01.142+0000] {taskinstance.py:2306} INFO - Starting attempt 1 of 1
[2024-06-05T00:57:01.181+0000] {taskinstance.py:2330} INFO - Executing <Task(PythonOperator): criar_pasta> on 2024-05-29 18:25:00+00:00
[2024-06-05T00:57:01.196+0000] {warnings.py:110} WARNING - /home/***/.local/lib/python3.12/site-packages/***/task/task_runner/standard_task_runner.py:61: DeprecationWarning: This process (pid=1609) is multi-threaded, use of fork() may lead to deadlocks in the child.
  pid = os.fork()

[2024-06-05T00:57:01.204+0000] {standard_task_runner.py:63} INFO - Started process 1634 to run task
[2024-06-05T00:57:01.213+0000] {standard_task_runner.py:90} INFO - Running: ['***', 'tasks', 'run', 'dados_climaticos_estruturados', 'criar_pasta', 'scheduled__2024-05-29T18:25:00+00:00', '--job-id', '889', '--raw', '--subdir', 'DAGS_FOLDER/weather/custom_dags/dados_climaticos_estruturados.py', '--cfg-path', '/tmp/tmp7iwkulo1']
[2024-06-05T00:57:01.221+0000] {standard_task_runner.py:91} INFO - Job 889: Subtask criar_pasta
[2024-06-05T00:57:01.358+0000] {task_command.py:426} INFO - Running <TaskInstance: dados_climaticos_estruturados.criar_pasta scheduled__2024-05-29T18:25:00+00:00 [running]> on host 6665b0710315
[2024-06-05T00:57:01.553+0000] {taskinstance.py:2648} INFO - Exporting env vars: AIRFLOW_CTX_DAG_OWNER='***' AIRFLOW_CTX_DAG_ID='dados_climaticos_estruturados' AIRFLOW_CTX_TASK_ID='criar_pasta' AIRFLOW_CTX_EXECUTION_DATE='2024-05-29T18:25:00+00:00' AIRFLOW_CTX_TRY_NUMBER='1' AIRFLOW_CTX_DAG_RUN_ID='scheduled__2024-05-29T18:25:00+00:00'
[2024-06-05T00:57:01.558+0000] {taskinstance.py:430} INFO - ::endgroup::
[2024-06-05T00:57:01.560+0000] {python.py:237} INFO - Done. Returned value was: None
[2024-06-05T00:57:01.561+0000] {taskinstance.py:441} INFO - ::group::Post task execution logs
[2024-06-05T00:57:01.580+0000] {taskinstance.py:1206} INFO - Marking task as SUCCESS. dag_id=dados_climaticos_estruturados, task_id=criar_pasta, run_id=scheduled__2024-05-29T18:25:00+00:00, execution_date=20240529T182500, start_date=20240605T005701, end_date=20240605T005701
[2024-06-05T00:57:01.650+0000] {local_task_job_runner.py:240} INFO - Task exited with return code 0
[2024-06-05T00:57:01.728+0000] {taskinstance.py:3498} INFO - 1 downstream tasks scheduled from follow-on schedule check
[2024-06-05T00:57:01.745+0000] {local_task_job_runner.py:222} INFO - ::endgroup::
[2024-06-05T01:37:04.093+0000] {local_task_job_runner.py:120} INFO - ::group::Pre task execution logs
[2024-06-05T01:37:04.161+0000] {taskinstance.py:2076} INFO - Dependencies all met for dep_context=non-requeueable deps ti=<TaskInstance: dados_climaticos_estruturados.criar_pasta scheduled__2024-05-29T18:25:00+00:00 [queued]>
[2024-06-05T01:37:04.194+0000] {taskinstance.py:2076} INFO - Dependencies all met for dep_context=requeueable deps ti=<TaskInstance: dados_climaticos_estruturados.criar_pasta scheduled__2024-05-29T18:25:00+00:00 [queued]>
[2024-06-05T01:37:04.196+0000] {taskinstance.py:2306} INFO - Starting attempt 1 of 1
[2024-06-05T01:37:04.334+0000] {taskinstance.py:2330} INFO - Executing <Task(PythonOperator): criar_pasta> on 2024-05-29 18:25:00+00:00
[2024-06-05T01:37:04.354+0000] {warnings.py:110} WARNING - /home/***/.local/lib/python3.12/site-packages/***/task/task_runner/standard_task_runner.py:61: DeprecationWarning: This process (pid=1593) is multi-threaded, use of fork() may lead to deadlocks in the child.
  pid = os.fork()

[2024-06-05T01:37:04.357+0000] {standard_task_runner.py:63} INFO - Started process 1624 to run task
[2024-06-05T01:37:04.366+0000] {standard_task_runner.py:90} INFO - Running: ['***', 'tasks', 'run', 'dados_climaticos_estruturados', 'criar_pasta', 'scheduled__2024-05-29T18:25:00+00:00', '--job-id', '498', '--raw', '--subdir', 'DAGS_FOLDER/weather/custom_dags/dados_climaticos_estruturados.py', '--cfg-path', '/tmp/tmpetmgvims']
[2024-06-05T01:37:04.371+0000] {standard_task_runner.py:91} INFO - Job 498: Subtask criar_pasta
[2024-06-05T01:37:04.491+0000] {task_command.py:426} INFO - Running <TaskInstance: dados_climaticos_estruturados.criar_pasta scheduled__2024-05-29T18:25:00+00:00 [running]> on host 80232deae70a
[2024-06-05T01:37:04.756+0000] {taskinstance.py:2648} INFO - Exporting env vars: AIRFLOW_CTX_DAG_OWNER='***' AIRFLOW_CTX_DAG_ID='dados_climaticos_estruturados' AIRFLOW_CTX_TASK_ID='criar_pasta' AIRFLOW_CTX_EXECUTION_DATE='2024-05-29T18:25:00+00:00' AIRFLOW_CTX_TRY_NUMBER='1' AIRFLOW_CTX_DAG_RUN_ID='scheduled__2024-05-29T18:25:00+00:00'
[2024-06-05T01:37:04.763+0000] {taskinstance.py:430} INFO - ::endgroup::
[2024-06-05T01:37:04.767+0000] {python.py:237} INFO - Done. Returned value was: None
[2024-06-05T01:37:04.768+0000] {taskinstance.py:441} INFO - ::group::Post task execution logs
[2024-06-05T01:37:04.825+0000] {taskinstance.py:1206} INFO - Marking task as SUCCESS. dag_id=dados_climaticos_estruturados, task_id=criar_pasta, run_id=scheduled__2024-05-29T18:25:00+00:00, execution_date=20240529T182500, start_date=20240605T013704, end_date=20240605T013704
[2024-06-05T01:37:04.920+0000] {local_task_job_runner.py:240} INFO - Task exited with return code 0
[2024-06-05T01:37:04.962+0000] {local_task_job_runner.py:222} INFO - ::endgroup::
