[2024-06-05T01:04:49.275+0000] {local_task_job_runner.py:120} INFO - ::group::Pre task execution logs
[2024-06-05T01:04:49.315+0000] {taskinstance.py:2076} INFO - Dependencies all met for dep_context=non-requeueable deps ti=<TaskInstance: dados_climaticos_estruturados.criar_pasta scheduled__2024-05-31T07:50:00+00:00 [queued]>
[2024-06-05T01:04:49.334+0000] {taskinstance.py:2076} INFO - Dependencies all met for dep_context=requeueable deps ti=<TaskInstance: dados_climaticos_estruturados.criar_pasta scheduled__2024-05-31T07:50:00+00:00 [queued]>
[2024-06-05T01:04:49.338+0000] {taskinstance.py:2306} INFO - Starting attempt 1 of 1
[2024-06-05T01:04:49.377+0000] {taskinstance.py:2330} INFO - Executing <Task(PythonOperator): criar_pasta> on 2024-05-31 07:50:00+00:00
[2024-06-05T01:04:49.387+0000] {warnings.py:110} WARNING - /home/***/.local/lib/python3.12/site-packages/***/task/task_runner/standard_task_runner.py:61: DeprecationWarning: This process (pid=4398) is multi-threaded, use of fork() may lead to deadlocks in the child.
  pid = os.fork()

[2024-06-05T01:04:49.390+0000] {standard_task_runner.py:63} INFO - Started process 4425 to run task
[2024-06-05T01:04:49.392+0000] {standard_task_runner.py:90} INFO - Running: ['***', 'tasks', 'run', 'dados_climaticos_estruturados', 'criar_pasta', 'scheduled__2024-05-31T07:50:00+00:00', '--job-id', '1788', '--raw', '--subdir', 'DAGS_FOLDER/weather/custom_dags/dados_climaticos_estruturados.py', '--cfg-path', '/tmp/tmp3iwcy0jc']
[2024-06-05T01:04:49.398+0000] {standard_task_runner.py:91} INFO - Job 1788: Subtask criar_pasta
[2024-06-05T01:04:49.510+0000] {task_command.py:426} INFO - Running <TaskInstance: dados_climaticos_estruturados.criar_pasta scheduled__2024-05-31T07:50:00+00:00 [running]> on host 6665b0710315
[2024-06-05T01:04:49.673+0000] {taskinstance.py:2648} INFO - Exporting env vars: AIRFLOW_CTX_DAG_OWNER='***' AIRFLOW_CTX_DAG_ID='dados_climaticos_estruturados' AIRFLOW_CTX_TASK_ID='criar_pasta' AIRFLOW_CTX_EXECUTION_DATE='2024-05-31T07:50:00+00:00' AIRFLOW_CTX_TRY_NUMBER='1' AIRFLOW_CTX_DAG_RUN_ID='scheduled__2024-05-31T07:50:00+00:00'
[2024-06-05T01:04:49.676+0000] {taskinstance.py:430} INFO - ::endgroup::
[2024-06-05T01:04:49.678+0000] {python.py:237} INFO - Done. Returned value was: None
[2024-06-05T01:04:49.679+0000] {taskinstance.py:441} INFO - ::group::Post task execution logs
[2024-06-05T01:04:49.696+0000] {taskinstance.py:1206} INFO - Marking task as SUCCESS. dag_id=dados_climaticos_estruturados, task_id=criar_pasta, run_id=scheduled__2024-05-31T07:50:00+00:00, execution_date=20240531T075000, start_date=20240605T010449, end_date=20240605T010449
[2024-06-05T01:04:49.753+0000] {local_task_job_runner.py:240} INFO - Task exited with return code 0
[2024-06-05T01:04:49.797+0000] {taskinstance.py:3498} INFO - 1 downstream tasks scheduled from follow-on schedule check
[2024-06-05T01:04:49.800+0000] {local_task_job_runner.py:222} INFO - ::endgroup::
[2024-06-05T01:44:22.739+0000] {local_task_job_runner.py:120} INFO - ::group::Pre task execution logs
[2024-06-05T01:44:22.827+0000] {taskinstance.py:2076} INFO - Dependencies all met for dep_context=non-requeueable deps ti=<TaskInstance: dados_climaticos_estruturados.criar_pasta scheduled__2024-05-31T07:50:00+00:00 [queued]>
[2024-06-05T01:44:22.868+0000] {taskinstance.py:2076} INFO - Dependencies all met for dep_context=requeueable deps ti=<TaskInstance: dados_climaticos_estruturados.criar_pasta scheduled__2024-05-31T07:50:00+00:00 [queued]>
[2024-06-05T01:44:22.869+0000] {taskinstance.py:2306} INFO - Starting attempt 1 of 1
[2024-06-05T01:44:22.936+0000] {taskinstance.py:2330} INFO - Executing <Task(PythonOperator): criar_pasta> on 2024-05-31 07:50:00+00:00
[2024-06-05T01:44:22.956+0000] {warnings.py:110} WARNING - /home/***/.local/lib/python3.12/site-packages/***/task/task_runner/standard_task_runner.py:61: DeprecationWarning: This process (pid=4387) is multi-threaded, use of fork() may lead to deadlocks in the child.
  pid = os.fork()

[2024-06-05T01:44:22.958+0000] {standard_task_runner.py:63} INFO - Started process 4415 to run task
[2024-06-05T01:44:22.965+0000] {standard_task_runner.py:90} INFO - Running: ['***', 'tasks', 'run', 'dados_climaticos_estruturados', 'criar_pasta', 'scheduled__2024-05-31T07:50:00+00:00', '--job-id', '1400', '--raw', '--subdir', 'DAGS_FOLDER/weather/custom_dags/dados_climaticos_estruturados.py', '--cfg-path', '/tmp/tmplnopyh20']
[2024-06-05T01:44:22.983+0000] {standard_task_runner.py:91} INFO - Job 1400: Subtask criar_pasta
[2024-06-05T01:44:23.170+0000] {task_command.py:426} INFO - Running <TaskInstance: dados_climaticos_estruturados.criar_pasta scheduled__2024-05-31T07:50:00+00:00 [running]> on host 80232deae70a
[2024-06-05T01:44:23.469+0000] {taskinstance.py:2648} INFO - Exporting env vars: AIRFLOW_CTX_DAG_OWNER='***' AIRFLOW_CTX_DAG_ID='dados_climaticos_estruturados' AIRFLOW_CTX_TASK_ID='criar_pasta' AIRFLOW_CTX_EXECUTION_DATE='2024-05-31T07:50:00+00:00' AIRFLOW_CTX_TRY_NUMBER='1' AIRFLOW_CTX_DAG_RUN_ID='scheduled__2024-05-31T07:50:00+00:00'
[2024-06-05T01:44:23.485+0000] {taskinstance.py:430} INFO - ::endgroup::
[2024-06-05T01:44:23.489+0000] {python.py:237} INFO - Done. Returned value was: None
[2024-06-05T01:44:23.492+0000] {taskinstance.py:441} INFO - ::group::Post task execution logs
[2024-06-05T01:44:23.528+0000] {taskinstance.py:1206} INFO - Marking task as SUCCESS. dag_id=dados_climaticos_estruturados, task_id=criar_pasta, run_id=scheduled__2024-05-31T07:50:00+00:00, execution_date=20240531T075000, start_date=20240605T014422, end_date=20240605T014423
[2024-06-05T01:44:23.657+0000] {local_task_job_runner.py:240} INFO - Task exited with return code 0
[2024-06-05T01:44:23.723+0000] {taskinstance.py:3498} INFO - 0 downstream tasks scheduled from follow-on schedule check
[2024-06-05T01:44:23.746+0000] {local_task_job_runner.py:222} INFO - ::endgroup::
