[2024-06-05T00:55:45.253+0000] {local_task_job_runner.py:120} INFO - ::group::Pre task execution logs
[2024-06-05T00:55:45.303+0000] {taskinstance.py:2076} INFO - Dependencies all met for dep_context=non-requeueable deps ti=<TaskInstance: dados_climaticos_estruturados.criar_pasta scheduled__2024-05-29T11:15:00+00:00 [queued]>
[2024-06-05T00:55:45.318+0000] {taskinstance.py:2076} INFO - Dependencies all met for dep_context=requeueable deps ti=<TaskInstance: dados_climaticos_estruturados.criar_pasta scheduled__2024-05-29T11:15:00+00:00 [queued]>
[2024-06-05T00:55:45.320+0000] {taskinstance.py:2306} INFO - Starting attempt 1 of 1
[2024-06-05T00:55:45.346+0000] {taskinstance.py:2330} INFO - Executing <Task(PythonOperator): criar_pasta> on 2024-05-29 11:15:00+00:00
[2024-06-05T00:55:45.365+0000] {warnings.py:110} WARNING - /home/***/.local/lib/python3.12/site-packages/***/task/task_runner/standard_task_runner.py:61: DeprecationWarning: This process (pid=1069) is multi-threaded, use of fork() may lead to deadlocks in the child.
  pid = os.fork()

[2024-06-05T00:55:45.368+0000] {standard_task_runner.py:63} INFO - Started process 1095 to run task
[2024-06-05T00:55:45.370+0000] {standard_task_runner.py:90} INFO - Running: ['***', 'tasks', 'run', 'dados_climaticos_estruturados', 'criar_pasta', 'scheduled__2024-05-29T11:15:00+00:00', '--job-id', '715', '--raw', '--subdir', 'DAGS_FOLDER/weather/custom_dags/dados_climaticos_estruturados.py', '--cfg-path', '/tmp/tmpsbwmjv7_']
[2024-06-05T00:55:45.375+0000] {standard_task_runner.py:91} INFO - Job 715: Subtask criar_pasta
[2024-06-05T00:55:45.517+0000] {task_command.py:426} INFO - Running <TaskInstance: dados_climaticos_estruturados.criar_pasta scheduled__2024-05-29T11:15:00+00:00 [running]> on host 6665b0710315
[2024-06-05T00:55:45.755+0000] {taskinstance.py:2648} INFO - Exporting env vars: AIRFLOW_CTX_DAG_OWNER='***' AIRFLOW_CTX_DAG_ID='dados_climaticos_estruturados' AIRFLOW_CTX_TASK_ID='criar_pasta' AIRFLOW_CTX_EXECUTION_DATE='2024-05-29T11:15:00+00:00' AIRFLOW_CTX_TRY_NUMBER='1' AIRFLOW_CTX_DAG_RUN_ID='scheduled__2024-05-29T11:15:00+00:00'
[2024-06-05T00:55:45.758+0000] {taskinstance.py:430} INFO - ::endgroup::
[2024-06-05T00:55:45.764+0000] {python.py:237} INFO - Done. Returned value was: None
[2024-06-05T00:55:45.766+0000] {taskinstance.py:441} INFO - ::group::Post task execution logs
[2024-06-05T00:55:45.784+0000] {taskinstance.py:1206} INFO - Marking task as SUCCESS. dag_id=dados_climaticos_estruturados, task_id=criar_pasta, run_id=scheduled__2024-05-29T11:15:00+00:00, execution_date=20240529T111500, start_date=20240605T005545, end_date=20240605T005545
[2024-06-05T00:55:45.893+0000] {local_task_job_runner.py:240} INFO - Task exited with return code 0
[2024-06-05T00:55:45.951+0000] {taskinstance.py:3498} INFO - 1 downstream tasks scheduled from follow-on schedule check
[2024-06-05T00:55:45.959+0000] {local_task_job_runner.py:222} INFO - ::endgroup::
[2024-06-05T01:35:36.274+0000] {local_task_job_runner.py:120} INFO - ::group::Pre task execution logs
[2024-06-05T01:35:36.349+0000] {taskinstance.py:2076} INFO - Dependencies all met for dep_context=non-requeueable deps ti=<TaskInstance: dados_climaticos_estruturados.criar_pasta scheduled__2024-05-29T11:15:00+00:00 [queued]>
[2024-06-05T01:35:36.365+0000] {taskinstance.py:2076} INFO - Dependencies all met for dep_context=requeueable deps ti=<TaskInstance: dados_climaticos_estruturados.criar_pasta scheduled__2024-05-29T11:15:00+00:00 [queued]>
[2024-06-05T01:35:36.367+0000] {taskinstance.py:2306} INFO - Starting attempt 1 of 1
[2024-06-05T01:35:36.407+0000] {taskinstance.py:2330} INFO - Executing <Task(PythonOperator): criar_pasta> on 2024-05-29 11:15:00+00:00
[2024-06-05T01:35:36.418+0000] {warnings.py:110} WARNING - /home/***/.local/lib/python3.12/site-packages/***/task/task_runner/standard_task_runner.py:61: DeprecationWarning: This process (pid=1060) is multi-threaded, use of fork() may lead to deadlocks in the child.
  pid = os.fork()

[2024-06-05T01:35:36.421+0000] {standard_task_runner.py:63} INFO - Started process 1085 to run task
[2024-06-05T01:35:36.427+0000] {standard_task_runner.py:90} INFO - Running: ['***', 'tasks', 'run', 'dados_climaticos_estruturados', 'criar_pasta', 'scheduled__2024-05-29T11:15:00+00:00', '--job-id', '328', '--raw', '--subdir', 'DAGS_FOLDER/weather/custom_dags/dados_climaticos_estruturados.py', '--cfg-path', '/tmp/tmpc1jls3rp']
[2024-06-05T01:35:36.430+0000] {standard_task_runner.py:91} INFO - Job 328: Subtask criar_pasta
[2024-06-05T01:35:36.546+0000] {task_command.py:426} INFO - Running <TaskInstance: dados_climaticos_estruturados.criar_pasta scheduled__2024-05-29T11:15:00+00:00 [running]> on host 80232deae70a
[2024-06-05T01:35:36.842+0000] {taskinstance.py:2648} INFO - Exporting env vars: AIRFLOW_CTX_DAG_OWNER='***' AIRFLOW_CTX_DAG_ID='dados_climaticos_estruturados' AIRFLOW_CTX_TASK_ID='criar_pasta' AIRFLOW_CTX_EXECUTION_DATE='2024-05-29T11:15:00+00:00' AIRFLOW_CTX_TRY_NUMBER='1' AIRFLOW_CTX_DAG_RUN_ID='scheduled__2024-05-29T11:15:00+00:00'
[2024-06-05T01:35:36.848+0000] {taskinstance.py:430} INFO - ::endgroup::
[2024-06-05T01:35:36.849+0000] {python.py:237} INFO - Done. Returned value was: None
[2024-06-05T01:35:36.853+0000] {taskinstance.py:441} INFO - ::group::Post task execution logs
[2024-06-05T01:35:36.880+0000] {taskinstance.py:1206} INFO - Marking task as SUCCESS. dag_id=dados_climaticos_estruturados, task_id=criar_pasta, run_id=scheduled__2024-05-29T11:15:00+00:00, execution_date=20240529T111500, start_date=20240605T013536, end_date=20240605T013536
[2024-06-05T01:35:36.980+0000] {local_task_job_runner.py:240} INFO - Task exited with return code 0
[2024-06-05T01:35:37.099+0000] {taskinstance.py:3498} INFO - 1 downstream tasks scheduled from follow-on schedule check
[2024-06-05T01:35:37.111+0000] {local_task_job_runner.py:222} INFO - ::endgroup::
