[2024-06-05T00:53:29.995+0000] {local_task_job_runner.py:120} INFO - ::group::Pre task execution logs
[2024-06-05T00:53:30.093+0000] {taskinstance.py:2076} INFO - Dependencies all met for dep_context=non-requeueable deps ti=<TaskInstance: dados_climaticos_estruturados.criar_pasta scheduled__2024-05-28T23:35:00+00:00 [queued]>
[2024-06-05T00:53:30.150+0000] {taskinstance.py:2076} INFO - Dependencies all met for dep_context=requeueable deps ti=<TaskInstance: dados_climaticos_estruturados.criar_pasta scheduled__2024-05-28T23:35:00+00:00 [queued]>
[2024-06-05T00:53:30.151+0000] {taskinstance.py:2306} INFO - Starting attempt 1 of 1
[2024-06-05T00:53:30.208+0000] {taskinstance.py:2330} INFO - Executing <Task(PythonOperator): criar_pasta> on 2024-05-28 23:35:00+00:00
[2024-06-05T00:53:30.249+0000] {warnings.py:110} WARNING - /home/***/.local/lib/python3.12/site-packages/***/task/task_runner/standard_task_runner.py:61: DeprecationWarning: This process (pid=192) is multi-threaded, use of fork() may lead to deadlocks in the child.
  pid = os.fork()

[2024-06-05T00:53:30.256+0000] {standard_task_runner.py:63} INFO - Started process 209 to run task
[2024-06-05T00:53:30.263+0000] {standard_task_runner.py:90} INFO - Running: ['***', 'tasks', 'run', 'dados_climaticos_estruturados', 'criar_pasta', 'scheduled__2024-05-28T23:35:00+00:00', '--job-id', '426', '--raw', '--subdir', 'DAGS_FOLDER/weather/custom_dags/dados_climaticos_estruturados.py', '--cfg-path', '/tmp/tmpalkbuate']
[2024-06-05T00:53:30.273+0000] {standard_task_runner.py:91} INFO - Job 426: Subtask criar_pasta
[2024-06-05T00:53:30.448+0000] {task_command.py:426} INFO - Running <TaskInstance: dados_climaticos_estruturados.criar_pasta scheduled__2024-05-28T23:35:00+00:00 [running]> on host 6665b0710315
[2024-06-05T00:53:30.906+0000] {taskinstance.py:2648} INFO - Exporting env vars: AIRFLOW_CTX_DAG_OWNER='***' AIRFLOW_CTX_DAG_ID='dados_climaticos_estruturados' AIRFLOW_CTX_TASK_ID='criar_pasta' AIRFLOW_CTX_EXECUTION_DATE='2024-05-28T23:35:00+00:00' AIRFLOW_CTX_TRY_NUMBER='1' AIRFLOW_CTX_DAG_RUN_ID='scheduled__2024-05-28T23:35:00+00:00'
[2024-06-05T00:53:30.917+0000] {taskinstance.py:430} INFO - ::endgroup::
[2024-06-05T00:53:30.932+0000] {python.py:237} INFO - Done. Returned value was: None
[2024-06-05T00:53:30.939+0000] {taskinstance.py:441} INFO - ::group::Post task execution logs
[2024-06-05T00:53:30.989+0000] {taskinstance.py:1206} INFO - Marking task as SUCCESS. dag_id=dados_climaticos_estruturados, task_id=criar_pasta, run_id=scheduled__2024-05-28T23:35:00+00:00, execution_date=20240528T233500, start_date=20240605T005330, end_date=20240605T005330
[2024-06-05T00:53:31.159+0000] {local_task_job_runner.py:240} INFO - Task exited with return code 0
[2024-06-05T00:53:31.257+0000] {taskinstance.py:3498} INFO - 1 downstream tasks scheduled from follow-on schedule check
[2024-06-05T00:53:31.263+0000] {local_task_job_runner.py:222} INFO - ::endgroup::
[2024-06-05T01:33:15.034+0000] {local_task_job_runner.py:120} INFO - ::group::Pre task execution logs
[2024-06-05T01:33:15.107+0000] {taskinstance.py:2076} INFO - Dependencies all met for dep_context=non-requeueable deps ti=<TaskInstance: dados_climaticos_estruturados.criar_pasta scheduled__2024-05-28T23:35:00+00:00 [queued]>
[2024-06-05T01:33:15.144+0000] {taskinstance.py:2076} INFO - Dependencies all met for dep_context=requeueable deps ti=<TaskInstance: dados_climaticos_estruturados.criar_pasta scheduled__2024-05-28T23:35:00+00:00 [queued]>
[2024-06-05T01:33:15.145+0000] {taskinstance.py:2306} INFO - Starting attempt 1 of 1
[2024-06-05T01:33:15.198+0000] {taskinstance.py:2330} INFO - Executing <Task(PythonOperator): criar_pasta> on 2024-05-28 23:35:00+00:00
[2024-06-05T01:33:15.212+0000] {warnings.py:110} WARNING - /home/***/.local/lib/python3.12/site-packages/***/task/task_runner/standard_task_runner.py:61: DeprecationWarning: This process (pid=187) is multi-threaded, use of fork() may lead to deadlocks in the child.
  pid = os.fork()

[2024-06-05T01:33:15.215+0000] {standard_task_runner.py:63} INFO - Started process 219 to run task
[2024-06-05T01:33:15.220+0000] {standard_task_runner.py:90} INFO - Running: ['***', 'tasks', 'run', 'dados_climaticos_estruturados', 'criar_pasta', 'scheduled__2024-05-28T23:35:00+00:00', '--job-id', '45', '--raw', '--subdir', 'DAGS_FOLDER/weather/custom_dags/dados_climaticos_estruturados.py', '--cfg-path', '/tmp/tmprdwdfyo_']
[2024-06-05T01:33:15.226+0000] {standard_task_runner.py:91} INFO - Job 45: Subtask criar_pasta
[2024-06-05T01:33:15.380+0000] {task_command.py:426} INFO - Running <TaskInstance: dados_climaticos_estruturados.criar_pasta scheduled__2024-05-28T23:35:00+00:00 [running]> on host 80232deae70a
[2024-06-05T01:33:15.759+0000] {taskinstance.py:2648} INFO - Exporting env vars: AIRFLOW_CTX_DAG_OWNER='***' AIRFLOW_CTX_DAG_ID='dados_climaticos_estruturados' AIRFLOW_CTX_TASK_ID='criar_pasta' AIRFLOW_CTX_EXECUTION_DATE='2024-05-28T23:35:00+00:00' AIRFLOW_CTX_TRY_NUMBER='1' AIRFLOW_CTX_DAG_RUN_ID='scheduled__2024-05-28T23:35:00+00:00'
[2024-06-05T01:33:15.765+0000] {taskinstance.py:430} INFO - ::endgroup::
[2024-06-05T01:33:15.777+0000] {python.py:237} INFO - Done. Returned value was: None
[2024-06-05T01:33:15.780+0000] {taskinstance.py:441} INFO - ::group::Post task execution logs
[2024-06-05T01:33:15.814+0000] {taskinstance.py:1206} INFO - Marking task as SUCCESS. dag_id=dados_climaticos_estruturados, task_id=criar_pasta, run_id=scheduled__2024-05-28T23:35:00+00:00, execution_date=20240528T233500, start_date=20240605T013315, end_date=20240605T013315
[2024-06-05T01:33:15.950+0000] {local_task_job_runner.py:240} INFO - Task exited with return code 0
[2024-06-05T01:33:15.978+0000] {local_task_job_runner.py:222} INFO - ::endgroup::
