[2024-06-05T00:59:15.484+0000] {local_task_job_runner.py:120} INFO - ::group::Pre task execution logs
[2024-06-05T00:59:15.543+0000] {taskinstance.py:2076} INFO - Dependencies all met for dep_context=non-requeueable deps ti=<TaskInstance: dados_climaticos_estruturados.criar_pasta scheduled__2024-05-30T05:30:00+00:00 [queued]>
[2024-06-05T00:59:15.557+0000] {taskinstance.py:2076} INFO - Dependencies all met for dep_context=requeueable deps ti=<TaskInstance: dados_climaticos_estruturados.criar_pasta scheduled__2024-05-30T05:30:00+00:00 [queued]>
[2024-06-05T00:59:15.558+0000] {taskinstance.py:2306} INFO - Starting attempt 1 of 1
[2024-06-05T00:59:15.595+0000] {taskinstance.py:2330} INFO - Executing <Task(PythonOperator): criar_pasta> on 2024-05-30 05:30:00+00:00
[2024-06-05T00:59:15.627+0000] {warnings.py:110} WARNING - /home/***/.local/lib/python3.12/site-packages/***/task/task_runner/standard_task_runner.py:61: DeprecationWarning: This process (pid=2431) is multi-threaded, use of fork() may lead to deadlocks in the child.
  pid = os.fork()

[2024-06-05T00:59:15.627+0000] {standard_task_runner.py:90} INFO - Running: ['***', 'tasks', 'run', 'dados_climaticos_estruturados', 'criar_pasta', 'scheduled__2024-05-30T05:30:00+00:00', '--job-id', '1154', '--raw', '--subdir', 'DAGS_FOLDER/weather/custom_dags/dados_climaticos_estruturados.py', '--cfg-path', '/tmp/tmp_shc40ec']
[2024-06-05T00:59:15.630+0000] {standard_task_runner.py:63} INFO - Started process 2464 to run task
[2024-06-05T00:59:15.630+0000] {standard_task_runner.py:91} INFO - Job 1154: Subtask criar_pasta
[2024-06-05T00:59:15.815+0000] {task_command.py:426} INFO - Running <TaskInstance: dados_climaticos_estruturados.criar_pasta scheduled__2024-05-30T05:30:00+00:00 [running]> on host 6665b0710315
[2024-06-05T00:59:16.030+0000] {taskinstance.py:2648} INFO - Exporting env vars: AIRFLOW_CTX_DAG_OWNER='***' AIRFLOW_CTX_DAG_ID='dados_climaticos_estruturados' AIRFLOW_CTX_TASK_ID='criar_pasta' AIRFLOW_CTX_EXECUTION_DATE='2024-05-30T05:30:00+00:00' AIRFLOW_CTX_TRY_NUMBER='1' AIRFLOW_CTX_DAG_RUN_ID='scheduled__2024-05-30T05:30:00+00:00'
[2024-06-05T00:59:16.036+0000] {taskinstance.py:430} INFO - ::endgroup::
[2024-06-05T00:59:16.041+0000] {python.py:237} INFO - Done. Returned value was: None
[2024-06-05T00:59:16.041+0000] {taskinstance.py:441} INFO - ::group::Post task execution logs
[2024-06-05T00:59:16.069+0000] {taskinstance.py:1206} INFO - Marking task as SUCCESS. dag_id=dados_climaticos_estruturados, task_id=criar_pasta, run_id=scheduled__2024-05-30T05:30:00+00:00, execution_date=20240530T053000, start_date=20240605T005915, end_date=20240605T005916
[2024-06-05T00:59:16.149+0000] {local_task_job_runner.py:240} INFO - Task exited with return code 0
[2024-06-05T00:59:16.176+0000] {local_task_job_runner.py:222} INFO - ::endgroup::
[2024-06-05T01:39:11.703+0000] {local_task_job_runner.py:120} INFO - ::group::Pre task execution logs
[2024-06-05T01:39:11.807+0000] {taskinstance.py:2076} INFO - Dependencies all met for dep_context=non-requeueable deps ti=<TaskInstance: dados_climaticos_estruturados.criar_pasta scheduled__2024-05-30T05:30:00+00:00 [queued]>
[2024-06-05T01:39:11.843+0000] {taskinstance.py:2076} INFO - Dependencies all met for dep_context=requeueable deps ti=<TaskInstance: dados_climaticos_estruturados.criar_pasta scheduled__2024-05-30T05:30:00+00:00 [queued]>
[2024-06-05T01:39:11.847+0000] {taskinstance.py:2306} INFO - Starting attempt 1 of 1
[2024-06-05T01:39:11.911+0000] {taskinstance.py:2330} INFO - Executing <Task(PythonOperator): criar_pasta> on 2024-05-30 05:30:00+00:00
[2024-06-05T01:39:11.938+0000] {warnings.py:110} WARNING - /home/***/.local/lib/python3.12/site-packages/***/task/task_runner/standard_task_runner.py:61: DeprecationWarning: This process (pid=2417) is multi-threaded, use of fork() may lead to deadlocks in the child.
  pid = os.fork()

[2024-06-05T01:39:11.942+0000] {standard_task_runner.py:63} INFO - Started process 2449 to run task
[2024-06-05T01:39:11.944+0000] {standard_task_runner.py:90} INFO - Running: ['***', 'tasks', 'run', 'dados_climaticos_estruturados', 'criar_pasta', 'scheduled__2024-05-30T05:30:00+00:00', '--job-id', '765', '--raw', '--subdir', 'DAGS_FOLDER/weather/custom_dags/dados_climaticos_estruturados.py', '--cfg-path', '/tmp/tmp9u2jig0i']
[2024-06-05T01:39:11.950+0000] {standard_task_runner.py:91} INFO - Job 765: Subtask criar_pasta
[2024-06-05T01:39:12.110+0000] {task_command.py:426} INFO - Running <TaskInstance: dados_climaticos_estruturados.criar_pasta scheduled__2024-05-30T05:30:00+00:00 [running]> on host 80232deae70a
[2024-06-05T01:39:12.452+0000] {taskinstance.py:2648} INFO - Exporting env vars: AIRFLOW_CTX_DAG_OWNER='***' AIRFLOW_CTX_DAG_ID='dados_climaticos_estruturados' AIRFLOW_CTX_TASK_ID='criar_pasta' AIRFLOW_CTX_EXECUTION_DATE='2024-05-30T05:30:00+00:00' AIRFLOW_CTX_TRY_NUMBER='1' AIRFLOW_CTX_DAG_RUN_ID='scheduled__2024-05-30T05:30:00+00:00'
[2024-06-05T01:39:12.461+0000] {taskinstance.py:430} INFO - ::endgroup::
[2024-06-05T01:39:12.467+0000] {python.py:237} INFO - Done. Returned value was: None
[2024-06-05T01:39:12.469+0000] {taskinstance.py:441} INFO - ::group::Post task execution logs
[2024-06-05T01:39:12.501+0000] {taskinstance.py:1206} INFO - Marking task as SUCCESS. dag_id=dados_climaticos_estruturados, task_id=criar_pasta, run_id=scheduled__2024-05-30T05:30:00+00:00, execution_date=20240530T053000, start_date=20240605T013911, end_date=20240605T013912
[2024-06-05T01:39:12.591+0000] {local_task_job_runner.py:240} INFO - Task exited with return code 0
[2024-06-05T01:39:12.615+0000] {local_task_job_runner.py:222} INFO - ::endgroup::
