[2024-06-05T01:00:26.252+0000] {local_task_job_runner.py:120} INFO - ::group::Pre task execution logs
[2024-06-05T01:00:26.320+0000] {taskinstance.py:2076} INFO - Dependencies all met for dep_context=non-requeueable deps ti=<TaskInstance: dados_climaticos_estruturados.criar_pasta scheduled__2024-05-30T10:55:00+00:00 [queued]>
[2024-06-05T01:00:26.362+0000] {taskinstance.py:2076} INFO - Dependencies all met for dep_context=requeueable deps ti=<TaskInstance: dados_climaticos_estruturados.criar_pasta scheduled__2024-05-30T10:55:00+00:00 [queued]>
[2024-06-05T01:00:26.365+0000] {taskinstance.py:2306} INFO - Starting attempt 1 of 1
[2024-06-05T01:00:26.399+0000] {taskinstance.py:2330} INFO - Executing <Task(PythonOperator): criar_pasta> on 2024-05-30 10:55:00+00:00
[2024-06-05T01:00:26.418+0000] {warnings.py:110} WARNING - /home/***/.local/lib/python3.12/site-packages/***/task/task_runner/standard_task_runner.py:61: DeprecationWarning: This process (pid=2829) is multi-threaded, use of fork() may lead to deadlocks in the child.
  pid = os.fork()

[2024-06-05T01:00:26.419+0000] {standard_task_runner.py:90} INFO - Running: ['***', 'tasks', 'run', 'dados_climaticos_estruturados', 'criar_pasta', 'scheduled__2024-05-30T10:55:00+00:00', '--job-id', '1284', '--raw', '--subdir', 'DAGS_FOLDER/weather/custom_dags/dados_climaticos_estruturados.py', '--cfg-path', '/tmp/tmpp3rx5wav']
[2024-06-05T01:00:26.421+0000] {standard_task_runner.py:63} INFO - Started process 2856 to run task
[2024-06-05T01:00:26.422+0000] {standard_task_runner.py:91} INFO - Job 1284: Subtask criar_pasta
[2024-06-05T01:00:26.533+0000] {task_command.py:426} INFO - Running <TaskInstance: dados_climaticos_estruturados.criar_pasta scheduled__2024-05-30T10:55:00+00:00 [running]> on host 6665b0710315
[2024-06-05T01:00:26.762+0000] {taskinstance.py:2648} INFO - Exporting env vars: AIRFLOW_CTX_DAG_OWNER='***' AIRFLOW_CTX_DAG_ID='dados_climaticos_estruturados' AIRFLOW_CTX_TASK_ID='criar_pasta' AIRFLOW_CTX_EXECUTION_DATE='2024-05-30T10:55:00+00:00' AIRFLOW_CTX_TRY_NUMBER='1' AIRFLOW_CTX_DAG_RUN_ID='scheduled__2024-05-30T10:55:00+00:00'
[2024-06-05T01:00:26.769+0000] {taskinstance.py:430} INFO - ::endgroup::
[2024-06-05T01:00:26.774+0000] {python.py:237} INFO - Done. Returned value was: None
[2024-06-05T01:00:26.777+0000] {taskinstance.py:441} INFO - ::group::Post task execution logs
[2024-06-05T01:00:26.810+0000] {taskinstance.py:1206} INFO - Marking task as SUCCESS. dag_id=dados_climaticos_estruturados, task_id=criar_pasta, run_id=scheduled__2024-05-30T10:55:00+00:00, execution_date=20240530T105500, start_date=20240605T010026, end_date=20240605T010026
[2024-06-05T01:00:26.863+0000] {local_task_job_runner.py:240} INFO - Task exited with return code 0
[2024-06-05T01:00:26.882+0000] {local_task_job_runner.py:222} INFO - ::endgroup::
[2024-06-05T01:40:14.605+0000] {local_task_job_runner.py:120} INFO - ::group::Pre task execution logs
[2024-06-05T01:40:14.641+0000] {taskinstance.py:2076} INFO - Dependencies all met for dep_context=non-requeueable deps ti=<TaskInstance: dados_climaticos_estruturados.criar_pasta scheduled__2024-05-30T10:55:00+00:00 [queued]>
[2024-06-05T01:40:14.658+0000] {taskinstance.py:2076} INFO - Dependencies all met for dep_context=requeueable deps ti=<TaskInstance: dados_climaticos_estruturados.criar_pasta scheduled__2024-05-30T10:55:00+00:00 [queued]>
[2024-06-05T01:40:14.659+0000] {taskinstance.py:2306} INFO - Starting attempt 1 of 1
[2024-06-05T01:40:14.704+0000] {taskinstance.py:2330} INFO - Executing <Task(PythonOperator): criar_pasta> on 2024-05-30 10:55:00+00:00
[2024-06-05T01:40:14.725+0000] {warnings.py:110} WARNING - /home/***/.local/lib/python3.12/site-packages/***/task/task_runner/standard_task_runner.py:61: DeprecationWarning: This process (pid=2825) is multi-threaded, use of fork() may lead to deadlocks in the child.
  pid = os.fork()

[2024-06-05T01:40:14.728+0000] {standard_task_runner.py:63} INFO - Started process 2851 to run task
[2024-06-05T01:40:14.730+0000] {standard_task_runner.py:90} INFO - Running: ['***', 'tasks', 'run', 'dados_climaticos_estruturados', 'criar_pasta', 'scheduled__2024-05-30T10:55:00+00:00', '--job-id', '898', '--raw', '--subdir', 'DAGS_FOLDER/weather/custom_dags/dados_climaticos_estruturados.py', '--cfg-path', '/tmp/tmp77sj7f91']
[2024-06-05T01:40:14.733+0000] {standard_task_runner.py:91} INFO - Job 898: Subtask criar_pasta
[2024-06-05T01:40:14.838+0000] {task_command.py:426} INFO - Running <TaskInstance: dados_climaticos_estruturados.criar_pasta scheduled__2024-05-30T10:55:00+00:00 [running]> on host 80232deae70a
[2024-06-05T01:40:15.103+0000] {taskinstance.py:2648} INFO - Exporting env vars: AIRFLOW_CTX_DAG_OWNER='***' AIRFLOW_CTX_DAG_ID='dados_climaticos_estruturados' AIRFLOW_CTX_TASK_ID='criar_pasta' AIRFLOW_CTX_EXECUTION_DATE='2024-05-30T10:55:00+00:00' AIRFLOW_CTX_TRY_NUMBER='1' AIRFLOW_CTX_DAG_RUN_ID='scheduled__2024-05-30T10:55:00+00:00'
[2024-06-05T01:40:15.106+0000] {taskinstance.py:430} INFO - ::endgroup::
[2024-06-05T01:40:15.108+0000] {python.py:237} INFO - Done. Returned value was: None
[2024-06-05T01:40:15.109+0000] {taskinstance.py:441} INFO - ::group::Post task execution logs
[2024-06-05T01:40:15.135+0000] {taskinstance.py:1206} INFO - Marking task as SUCCESS. dag_id=dados_climaticos_estruturados, task_id=criar_pasta, run_id=scheduled__2024-05-30T10:55:00+00:00, execution_date=20240530T105500, start_date=20240605T014014, end_date=20240605T014015
[2024-06-05T01:40:15.205+0000] {local_task_job_runner.py:240} INFO - Task exited with return code 0
[2024-06-05T01:40:15.226+0000] {local_task_job_runner.py:222} INFO - ::endgroup::
