[2024-06-05T00:56:33.877+0000] {local_task_job_runner.py:120} INFO - ::group::Pre task execution logs
[2024-06-05T00:56:33.934+0000] {taskinstance.py:2076} INFO - Dependencies all met for dep_context=non-requeueable deps ti=<TaskInstance: dados_climaticos_estruturados.criar_pasta scheduled__2024-05-29T15:40:00+00:00 [queued]>
[2024-06-05T00:56:33.949+0000] {taskinstance.py:2076} INFO - Dependencies all met for dep_context=requeueable deps ti=<TaskInstance: dados_climaticos_estruturados.criar_pasta scheduled__2024-05-29T15:40:00+00:00 [queued]>
[2024-06-05T00:56:33.953+0000] {taskinstance.py:2306} INFO - Starting attempt 1 of 1
[2024-06-05T00:56:33.996+0000] {taskinstance.py:2330} INFO - Executing <Task(PythonOperator): criar_pasta> on 2024-05-29 15:40:00+00:00
[2024-06-05T00:56:34.007+0000] {warnings.py:110} WARNING - /home/***/.local/lib/python3.12/site-packages/***/task/task_runner/standard_task_runner.py:61: DeprecationWarning: This process (pid=1414) is multi-threaded, use of fork() may lead to deadlocks in the child.
  pid = os.fork()

[2024-06-05T00:56:34.014+0000] {standard_task_runner.py:63} INFO - Started process 1433 to run task
[2024-06-05T00:56:34.016+0000] {standard_task_runner.py:90} INFO - Running: ['***', 'tasks', 'run', 'dados_climaticos_estruturados', 'criar_pasta', 'scheduled__2024-05-29T15:40:00+00:00', '--job-id', '824', '--raw', '--subdir', 'DAGS_FOLDER/weather/custom_dags/dados_climaticos_estruturados.py', '--cfg-path', '/tmp/tmpbeujhd_w']
[2024-06-05T00:56:34.025+0000] {standard_task_runner.py:91} INFO - Job 824: Subtask criar_pasta
[2024-06-05T00:56:34.115+0000] {task_command.py:426} INFO - Running <TaskInstance: dados_climaticos_estruturados.criar_pasta scheduled__2024-05-29T15:40:00+00:00 [running]> on host 6665b0710315
[2024-06-05T00:56:34.312+0000] {taskinstance.py:2648} INFO - Exporting env vars: AIRFLOW_CTX_DAG_OWNER='***' AIRFLOW_CTX_DAG_ID='dados_climaticos_estruturados' AIRFLOW_CTX_TASK_ID='criar_pasta' AIRFLOW_CTX_EXECUTION_DATE='2024-05-29T15:40:00+00:00' AIRFLOW_CTX_TRY_NUMBER='1' AIRFLOW_CTX_DAG_RUN_ID='scheduled__2024-05-29T15:40:00+00:00'
[2024-06-05T00:56:34.320+0000] {taskinstance.py:430} INFO - ::endgroup::
[2024-06-05T00:56:34.322+0000] {python.py:237} INFO - Done. Returned value was: None
[2024-06-05T00:56:34.323+0000] {taskinstance.py:441} INFO - ::group::Post task execution logs
[2024-06-05T00:56:34.338+0000] {taskinstance.py:1206} INFO - Marking task as SUCCESS. dag_id=dados_climaticos_estruturados, task_id=criar_pasta, run_id=scheduled__2024-05-29T15:40:00+00:00, execution_date=20240529T154000, start_date=20240605T005633, end_date=20240605T005634
[2024-06-05T00:56:34.382+0000] {local_task_job_runner.py:240} INFO - Task exited with return code 0
[2024-06-05T00:56:34.405+0000] {local_task_job_runner.py:222} INFO - ::endgroup::
[2024-06-05T01:36:37.414+0000] {local_task_job_runner.py:120} INFO - ::group::Pre task execution logs
[2024-06-05T01:36:37.454+0000] {taskinstance.py:2076} INFO - Dependencies all met for dep_context=non-requeueable deps ti=<TaskInstance: dados_climaticos_estruturados.criar_pasta scheduled__2024-05-29T15:40:00+00:00 [queued]>
[2024-06-05T01:36:37.468+0000] {taskinstance.py:2076} INFO - Dependencies all met for dep_context=requeueable deps ti=<TaskInstance: dados_climaticos_estruturados.criar_pasta scheduled__2024-05-29T15:40:00+00:00 [queued]>
[2024-06-05T01:36:37.469+0000] {taskinstance.py:2306} INFO - Starting attempt 1 of 1
[2024-06-05T01:36:37.490+0000] {taskinstance.py:2330} INFO - Executing <Task(PythonOperator): criar_pasta> on 2024-05-29 15:40:00+00:00
[2024-06-05T01:36:37.499+0000] {warnings.py:110} WARNING - /home/***/.local/lib/python3.12/site-packages/***/task/task_runner/standard_task_runner.py:61: DeprecationWarning: This process (pid=1427) is multi-threaded, use of fork() may lead to deadlocks in the child.
  pid = os.fork()

[2024-06-05T01:36:37.501+0000] {standard_task_runner.py:63} INFO - Started process 1442 to run task
[2024-06-05T01:36:37.502+0000] {standard_task_runner.py:90} INFO - Running: ['***', 'tasks', 'run', 'dados_climaticos_estruturados', 'criar_pasta', 'scheduled__2024-05-29T15:40:00+00:00', '--job-id', '443', '--raw', '--subdir', 'DAGS_FOLDER/weather/custom_dags/dados_climaticos_estruturados.py', '--cfg-path', '/tmp/tmp1wuu6hgq']
[2024-06-05T01:36:37.503+0000] {standard_task_runner.py:91} INFO - Job 443: Subtask criar_pasta
[2024-06-05T01:36:37.571+0000] {task_command.py:426} INFO - Running <TaskInstance: dados_climaticos_estruturados.criar_pasta scheduled__2024-05-29T15:40:00+00:00 [running]> on host 80232deae70a
[2024-06-05T01:36:37.724+0000] {taskinstance.py:2648} INFO - Exporting env vars: AIRFLOW_CTX_DAG_OWNER='***' AIRFLOW_CTX_DAG_ID='dados_climaticos_estruturados' AIRFLOW_CTX_TASK_ID='criar_pasta' AIRFLOW_CTX_EXECUTION_DATE='2024-05-29T15:40:00+00:00' AIRFLOW_CTX_TRY_NUMBER='1' AIRFLOW_CTX_DAG_RUN_ID='scheduled__2024-05-29T15:40:00+00:00'
[2024-06-05T01:36:37.727+0000] {taskinstance.py:430} INFO - ::endgroup::
[2024-06-05T01:36:37.729+0000] {python.py:237} INFO - Done. Returned value was: None
[2024-06-05T01:36:37.729+0000] {taskinstance.py:441} INFO - ::group::Post task execution logs
[2024-06-05T01:36:37.747+0000] {taskinstance.py:1206} INFO - Marking task as SUCCESS. dag_id=dados_climaticos_estruturados, task_id=criar_pasta, run_id=scheduled__2024-05-29T15:40:00+00:00, execution_date=20240529T154000, start_date=20240605T013637, end_date=20240605T013637
[2024-06-05T01:36:37.805+0000] {local_task_job_runner.py:240} INFO - Task exited with return code 0
[2024-06-05T01:36:37.845+0000] {taskinstance.py:3498} INFO - 1 downstream tasks scheduled from follow-on schedule check
[2024-06-05T01:36:37.849+0000] {local_task_job_runner.py:222} INFO - ::endgroup::
