[2024-06-05T00:53:02.192+0000] {local_task_job_runner.py:120} INFO - ::group::Pre task execution logs
[2024-06-05T00:53:02.252+0000] {taskinstance.py:2076} INFO - Dependencies all met for dep_context=non-requeueable deps ti=<TaskInstance: dados_climaticos_estruturados.criar_pasta scheduled__2024-05-28T21:55:00+00:00 [queued]>
[2024-06-05T00:53:02.275+0000] {taskinstance.py:2076} INFO - Dependencies all met for dep_context=requeueable deps ti=<TaskInstance: dados_climaticos_estruturados.criar_pasta scheduled__2024-05-28T21:55:00+00:00 [queued]>
[2024-06-05T00:53:02.276+0000] {taskinstance.py:2306} INFO - Starting attempt 1 of 1
[2024-06-05T00:53:02.352+0000] {taskinstance.py:2330} INFO - Executing <Task(PythonOperator): criar_pasta> on 2024-05-28 21:55:00+00:00
[2024-06-05T00:53:02.368+0000] {warnings.py:110} WARNING - /home/***/.local/lib/python3.12/site-packages/***/task/task_runner/standard_task_runner.py:61: DeprecationWarning: This process (pid=71) is multi-threaded, use of fork() may lead to deadlocks in the child.
  pid = os.fork()

[2024-06-05T00:53:02.373+0000] {standard_task_runner.py:63} INFO - Started process 91 to run task
[2024-06-05T00:53:02.389+0000] {standard_task_runner.py:90} INFO - Running: ['***', 'tasks', 'run', 'dados_climaticos_estruturados', 'criar_pasta', 'scheduled__2024-05-28T21:55:00+00:00', '--job-id', '393', '--raw', '--subdir', 'DAGS_FOLDER/weather/custom_dags/dados_climaticos_estruturados.py', '--cfg-path', '/tmp/tmp_yihc9rr']
[2024-06-05T00:53:02.395+0000] {standard_task_runner.py:91} INFO - Job 393: Subtask criar_pasta
[2024-06-05T00:53:02.639+0000] {task_command.py:426} INFO - Running <TaskInstance: dados_climaticos_estruturados.criar_pasta scheduled__2024-05-28T21:55:00+00:00 [running]> on host 6665b0710315
[2024-06-05T00:53:03.013+0000] {taskinstance.py:2648} INFO - Exporting env vars: AIRFLOW_CTX_DAG_OWNER='***' AIRFLOW_CTX_DAG_ID='dados_climaticos_estruturados' AIRFLOW_CTX_TASK_ID='criar_pasta' AIRFLOW_CTX_EXECUTION_DATE='2024-05-28T21:55:00+00:00' AIRFLOW_CTX_TRY_NUMBER='1' AIRFLOW_CTX_DAG_RUN_ID='scheduled__2024-05-28T21:55:00+00:00'
[2024-06-05T00:53:03.019+0000] {taskinstance.py:430} INFO - ::endgroup::
[2024-06-05T00:53:03.035+0000] {python.py:237} INFO - Done. Returned value was: None
[2024-06-05T00:53:03.036+0000] {taskinstance.py:441} INFO - ::group::Post task execution logs
[2024-06-05T00:53:03.063+0000] {taskinstance.py:1206} INFO - Marking task as SUCCESS. dag_id=dados_climaticos_estruturados, task_id=criar_pasta, run_id=scheduled__2024-05-28T21:55:00+00:00, execution_date=20240528T215500, start_date=20240605T005302, end_date=20240605T005303
[2024-06-05T00:53:03.228+0000] {local_task_job_runner.py:240} INFO - Task exited with return code 0
[2024-06-05T00:53:03.294+0000] {taskinstance.py:3498} INFO - 1 downstream tasks scheduled from follow-on schedule check
[2024-06-05T00:53:03.322+0000] {local_task_job_runner.py:222} INFO - ::endgroup::
[2024-06-05T01:32:51.480+0000] {local_task_job_runner.py:120} INFO - ::group::Pre task execution logs
[2024-06-05T01:32:51.566+0000] {taskinstance.py:2076} INFO - Dependencies all met for dep_context=non-requeueable deps ti=<TaskInstance: dados_climaticos_estruturados.criar_pasta scheduled__2024-05-28T21:55:00+00:00 [queued]>
[2024-06-05T01:32:51.625+0000] {taskinstance.py:2076} INFO - Dependencies all met for dep_context=requeueable deps ti=<TaskInstance: dados_climaticos_estruturados.criar_pasta scheduled__2024-05-28T21:55:00+00:00 [queued]>
[2024-06-05T01:32:51.630+0000] {taskinstance.py:2306} INFO - Starting attempt 1 of 1
[2024-06-05T01:32:51.833+0000] {taskinstance.py:2330} INFO - Executing <Task(PythonOperator): criar_pasta> on 2024-05-28 21:55:00+00:00
[2024-06-05T01:32:51.863+0000] {warnings.py:110} WARNING - /home/***/.local/lib/python3.12/site-packages/***/task/task_runner/standard_task_runner.py:61: DeprecationWarning: This process (pid=72) is multi-threaded, use of fork() may lead to deadlocks in the child.
  pid = os.fork()

[2024-06-05T01:32:51.875+0000] {standard_task_runner.py:63} INFO - Started process 92 to run task
[2024-06-05T01:32:51.889+0000] {standard_task_runner.py:90} INFO - Running: ['***', 'tasks', 'run', 'dados_climaticos_estruturados', 'criar_pasta', 'scheduled__2024-05-28T21:55:00+00:00', '--job-id', '9', '--raw', '--subdir', 'DAGS_FOLDER/weather/custom_dags/dados_climaticos_estruturados.py', '--cfg-path', '/tmp/tmpfn_yx5t8']
[2024-06-05T01:32:51.893+0000] {standard_task_runner.py:91} INFO - Job 9: Subtask criar_pasta
[2024-06-05T01:32:52.091+0000] {task_command.py:426} INFO - Running <TaskInstance: dados_climaticos_estruturados.criar_pasta scheduled__2024-05-28T21:55:00+00:00 [running]> on host 80232deae70a
[2024-06-05T01:32:52.525+0000] {taskinstance.py:2648} INFO - Exporting env vars: AIRFLOW_CTX_DAG_OWNER='***' AIRFLOW_CTX_DAG_ID='dados_climaticos_estruturados' AIRFLOW_CTX_TASK_ID='criar_pasta' AIRFLOW_CTX_EXECUTION_DATE='2024-05-28T21:55:00+00:00' AIRFLOW_CTX_TRY_NUMBER='1' AIRFLOW_CTX_DAG_RUN_ID='scheduled__2024-05-28T21:55:00+00:00'
[2024-06-05T01:32:52.535+0000] {taskinstance.py:430} INFO - ::endgroup::
[2024-06-05T01:32:52.539+0000] {python.py:237} INFO - Done. Returned value was: None
[2024-06-05T01:32:52.542+0000] {taskinstance.py:441} INFO - ::group::Post task execution logs
[2024-06-05T01:32:52.584+0000] {taskinstance.py:1206} INFO - Marking task as SUCCESS. dag_id=dados_climaticos_estruturados, task_id=criar_pasta, run_id=scheduled__2024-05-28T21:55:00+00:00, execution_date=20240528T215500, start_date=20240605T013251, end_date=20240605T013252
[2024-06-05T01:32:52.707+0000] {local_task_job_runner.py:240} INFO - Task exited with return code 0
[2024-06-05T01:32:52.761+0000] {local_task_job_runner.py:222} INFO - ::endgroup::
