[2024-06-05T01:03:04.515+0000] {local_task_job_runner.py:120} INFO - ::group::Pre task execution logs
[2024-06-05T01:03:04.588+0000] {taskinstance.py:2076} INFO - Dependencies all met for dep_context=non-requeueable deps ti=<TaskInstance: dados_climaticos_estruturados.criar_pasta scheduled__2024-05-30T23:55:00+00:00 [queued]>
[2024-06-05T01:03:04.657+0000] {taskinstance.py:2076} INFO - Dependencies all met for dep_context=requeueable deps ti=<TaskInstance: dados_climaticos_estruturados.criar_pasta scheduled__2024-05-30T23:55:00+00:00 [queued]>
[2024-06-05T01:03:04.660+0000] {taskinstance.py:2306} INFO - Starting attempt 1 of 1
[2024-06-05T01:03:04.706+0000] {taskinstance.py:2330} INFO - Executing <Task(PythonOperator): criar_pasta> on 2024-05-30 23:55:00+00:00
[2024-06-05T01:03:04.732+0000] {warnings.py:110} WARNING - /home/***/.local/lib/python3.12/site-packages/***/task/task_runner/standard_task_runner.py:61: DeprecationWarning: This process (pid=3799) is multi-threaded, use of fork() may lead to deadlocks in the child.
  pid = os.fork()

[2024-06-05T01:03:04.738+0000] {standard_task_runner.py:63} INFO - Started process 3825 to run task
[2024-06-05T01:03:04.751+0000] {standard_task_runner.py:90} INFO - Running: ['***', 'tasks', 'run', 'dados_climaticos_estruturados', 'criar_pasta', 'scheduled__2024-05-30T23:55:00+00:00', '--job-id', '1597', '--raw', '--subdir', 'DAGS_FOLDER/weather/custom_dags/dados_climaticos_estruturados.py', '--cfg-path', '/tmp/tmplwp0fdaz']
[2024-06-05T01:03:04.764+0000] {standard_task_runner.py:91} INFO - Job 1597: Subtask criar_pasta
[2024-06-05T01:03:05.002+0000] {task_command.py:426} INFO - Running <TaskInstance: dados_climaticos_estruturados.criar_pasta scheduled__2024-05-30T23:55:00+00:00 [running]> on host 6665b0710315
[2024-06-05T01:03:05.326+0000] {taskinstance.py:2648} INFO - Exporting env vars: AIRFLOW_CTX_DAG_OWNER='***' AIRFLOW_CTX_DAG_ID='dados_climaticos_estruturados' AIRFLOW_CTX_TASK_ID='criar_pasta' AIRFLOW_CTX_EXECUTION_DATE='2024-05-30T23:55:00+00:00' AIRFLOW_CTX_TRY_NUMBER='1' AIRFLOW_CTX_DAG_RUN_ID='scheduled__2024-05-30T23:55:00+00:00'
[2024-06-05T01:03:05.342+0000] {taskinstance.py:430} INFO - ::endgroup::
[2024-06-05T01:03:05.350+0000] {python.py:237} INFO - Done. Returned value was: None
[2024-06-05T01:03:05.354+0000] {taskinstance.py:441} INFO - ::group::Post task execution logs
[2024-06-05T01:03:05.403+0000] {taskinstance.py:1206} INFO - Marking task as SUCCESS. dag_id=dados_climaticos_estruturados, task_id=criar_pasta, run_id=scheduled__2024-05-30T23:55:00+00:00, execution_date=20240530T235500, start_date=20240605T010304, end_date=20240605T010305
[2024-06-05T01:03:05.496+0000] {local_task_job_runner.py:240} INFO - Task exited with return code 0
[2024-06-05T01:03:05.523+0000] {local_task_job_runner.py:222} INFO - ::endgroup::
[2024-06-05T01:42:35.308+0000] {local_task_job_runner.py:120} INFO - ::group::Pre task execution logs
[2024-06-05T01:42:35.338+0000] {taskinstance.py:2076} INFO - Dependencies all met for dep_context=non-requeueable deps ti=<TaskInstance: dados_climaticos_estruturados.criar_pasta scheduled__2024-05-30T23:55:00+00:00 [queued]>
[2024-06-05T01:42:35.352+0000] {taskinstance.py:2076} INFO - Dependencies all met for dep_context=requeueable deps ti=<TaskInstance: dados_climaticos_estruturados.criar_pasta scheduled__2024-05-30T23:55:00+00:00 [queued]>
[2024-06-05T01:42:35.353+0000] {taskinstance.py:2306} INFO - Starting attempt 1 of 1
[2024-06-05T01:42:35.376+0000] {taskinstance.py:2330} INFO - Executing <Task(PythonOperator): criar_pasta> on 2024-05-30 23:55:00+00:00
[2024-06-05T01:42:35.390+0000] {warnings.py:110} WARNING - /home/***/.local/lib/python3.12/site-packages/***/task/task_runner/standard_task_runner.py:61: DeprecationWarning: This process (pid=3787) is multi-threaded, use of fork() may lead to deadlocks in the child.
  pid = os.fork()

[2024-06-05T01:42:35.392+0000] {standard_task_runner.py:63} INFO - Started process 3817 to run task
[2024-06-05T01:42:35.393+0000] {standard_task_runner.py:90} INFO - Running: ['***', 'tasks', 'run', 'dados_climaticos_estruturados', 'criar_pasta', 'scheduled__2024-05-30T23:55:00+00:00', '--job-id', '1210', '--raw', '--subdir', 'DAGS_FOLDER/weather/custom_dags/dados_climaticos_estruturados.py', '--cfg-path', '/tmp/tmps129_7uf']
[2024-06-05T01:42:35.396+0000] {standard_task_runner.py:91} INFO - Job 1210: Subtask criar_pasta
[2024-06-05T01:42:35.480+0000] {task_command.py:426} INFO - Running <TaskInstance: dados_climaticos_estruturados.criar_pasta scheduled__2024-05-30T23:55:00+00:00 [running]> on host 80232deae70a
[2024-06-05T01:42:35.663+0000] {taskinstance.py:2648} INFO - Exporting env vars: AIRFLOW_CTX_DAG_OWNER='***' AIRFLOW_CTX_DAG_ID='dados_climaticos_estruturados' AIRFLOW_CTX_TASK_ID='criar_pasta' AIRFLOW_CTX_EXECUTION_DATE='2024-05-30T23:55:00+00:00' AIRFLOW_CTX_TRY_NUMBER='1' AIRFLOW_CTX_DAG_RUN_ID='scheduled__2024-05-30T23:55:00+00:00'
[2024-06-05T01:42:35.668+0000] {taskinstance.py:430} INFO - ::endgroup::
[2024-06-05T01:42:35.670+0000] {python.py:237} INFO - Done. Returned value was: None
[2024-06-05T01:42:35.671+0000] {taskinstance.py:441} INFO - ::group::Post task execution logs
[2024-06-05T01:42:35.687+0000] {taskinstance.py:1206} INFO - Marking task as SUCCESS. dag_id=dados_climaticos_estruturados, task_id=criar_pasta, run_id=scheduled__2024-05-30T23:55:00+00:00, execution_date=20240530T235500, start_date=20240605T014235, end_date=20240605T014235
[2024-06-05T01:42:35.745+0000] {local_task_job_runner.py:240} INFO - Task exited with return code 0
[2024-06-05T01:42:35.788+0000] {taskinstance.py:3498} INFO - 1 downstream tasks scheduled from follow-on schedule check
[2024-06-05T01:42:35.791+0000] {local_task_job_runner.py:222} INFO - ::endgroup::
