[2024-06-05T01:05:43.672+0000] {local_task_job_runner.py:120} INFO - ::group::Pre task execution logs
[2024-06-05T01:05:43.719+0000] {taskinstance.py:2076} INFO - Dependencies all met for dep_context=non-requeueable deps ti=<TaskInstance: dados_climaticos_estruturados.criar_pasta scheduled__2024-05-31T11:45:00+00:00 [queued]>
[2024-06-05T01:05:43.752+0000] {taskinstance.py:2076} INFO - Dependencies all met for dep_context=requeueable deps ti=<TaskInstance: dados_climaticos_estruturados.criar_pasta scheduled__2024-05-31T11:45:00+00:00 [queued]>
[2024-06-05T01:05:43.759+0000] {taskinstance.py:2306} INFO - Starting attempt 1 of 1
[2024-06-05T01:05:43.798+0000] {taskinstance.py:2330} INFO - Executing <Task(PythonOperator): criar_pasta> on 2024-05-31 11:45:00+00:00
[2024-06-05T01:05:43.816+0000] {warnings.py:110} WARNING - /home/***/.local/lib/python3.12/site-packages/***/task/task_runner/standard_task_runner.py:61: DeprecationWarning: This process (pid=4693) is multi-threaded, use of fork() may lead to deadlocks in the child.
  pid = os.fork()

[2024-06-05T01:05:43.821+0000] {standard_task_runner.py:63} INFO - Started process 4720 to run task
[2024-06-05T01:05:43.824+0000] {standard_task_runner.py:90} INFO - Running: ['***', 'tasks', 'run', 'dados_climaticos_estruturados', 'criar_pasta', 'scheduled__2024-05-31T11:45:00+00:00', '--job-id', '1883', '--raw', '--subdir', 'DAGS_FOLDER/weather/custom_dags/dados_climaticos_estruturados.py', '--cfg-path', '/tmp/tmp6h87q5ae']
[2024-06-05T01:05:43.826+0000] {standard_task_runner.py:91} INFO - Job 1883: Subtask criar_pasta
[2024-06-05T01:05:43.933+0000] {task_command.py:426} INFO - Running <TaskInstance: dados_climaticos_estruturados.criar_pasta scheduled__2024-05-31T11:45:00+00:00 [running]> on host 6665b0710315
[2024-06-05T01:05:44.110+0000] {taskinstance.py:2648} INFO - Exporting env vars: AIRFLOW_CTX_DAG_OWNER='***' AIRFLOW_CTX_DAG_ID='dados_climaticos_estruturados' AIRFLOW_CTX_TASK_ID='criar_pasta' AIRFLOW_CTX_EXECUTION_DATE='2024-05-31T11:45:00+00:00' AIRFLOW_CTX_TRY_NUMBER='1' AIRFLOW_CTX_DAG_RUN_ID='scheduled__2024-05-31T11:45:00+00:00'
[2024-06-05T01:05:44.113+0000] {taskinstance.py:430} INFO - ::endgroup::
[2024-06-05T01:05:44.115+0000] {python.py:237} INFO - Done. Returned value was: None
[2024-06-05T01:05:44.116+0000] {taskinstance.py:441} INFO - ::group::Post task execution logs
[2024-06-05T01:05:44.133+0000] {taskinstance.py:1206} INFO - Marking task as SUCCESS. dag_id=dados_climaticos_estruturados, task_id=criar_pasta, run_id=scheduled__2024-05-31T11:45:00+00:00, execution_date=20240531T114500, start_date=20240605T010543, end_date=20240605T010544
[2024-06-05T01:05:44.176+0000] {local_task_job_runner.py:240} INFO - Task exited with return code 0
[2024-06-05T01:05:44.220+0000] {taskinstance.py:3498} INFO - 1 downstream tasks scheduled from follow-on schedule check
[2024-06-05T01:05:44.224+0000] {local_task_job_runner.py:222} INFO - ::endgroup::
[2024-06-05T01:45:06.892+0000] {local_task_job_runner.py:120} INFO - ::group::Pre task execution logs
[2024-06-05T01:45:06.934+0000] {taskinstance.py:2076} INFO - Dependencies all met for dep_context=non-requeueable deps ti=<TaskInstance: dados_climaticos_estruturados.criar_pasta scheduled__2024-05-31T11:45:00+00:00 [queued]>
[2024-06-05T01:45:06.953+0000] {taskinstance.py:2076} INFO - Dependencies all met for dep_context=requeueable deps ti=<TaskInstance: dados_climaticos_estruturados.criar_pasta scheduled__2024-05-31T11:45:00+00:00 [queued]>
[2024-06-05T01:45:06.955+0000] {taskinstance.py:2306} INFO - Starting attempt 1 of 1
[2024-06-05T01:45:06.989+0000] {taskinstance.py:2330} INFO - Executing <Task(PythonOperator): criar_pasta> on 2024-05-31 11:45:00+00:00
[2024-06-05T01:45:07.009+0000] {warnings.py:110} WARNING - /home/***/.local/lib/python3.12/site-packages/***/task/task_runner/standard_task_runner.py:61: DeprecationWarning: This process (pid=4681) is multi-threaded, use of fork() may lead to deadlocks in the child.
  pid = os.fork()

[2024-06-05T01:45:07.016+0000] {standard_task_runner.py:63} INFO - Started process 4704 to run task
[2024-06-05T01:45:07.018+0000] {standard_task_runner.py:90} INFO - Running: ['***', 'tasks', 'run', 'dados_climaticos_estruturados', 'criar_pasta', 'scheduled__2024-05-31T11:45:00+00:00', '--job-id', '1495', '--raw', '--subdir', 'DAGS_FOLDER/weather/custom_dags/dados_climaticos_estruturados.py', '--cfg-path', '/tmp/tmpfv3yg18x']
[2024-06-05T01:45:07.028+0000] {standard_task_runner.py:91} INFO - Job 1495: Subtask criar_pasta
[2024-06-05T01:45:07.189+0000] {task_command.py:426} INFO - Running <TaskInstance: dados_climaticos_estruturados.criar_pasta scheduled__2024-05-31T11:45:00+00:00 [running]> on host 80232deae70a
[2024-06-05T01:45:07.417+0000] {taskinstance.py:2648} INFO - Exporting env vars: AIRFLOW_CTX_DAG_OWNER='***' AIRFLOW_CTX_DAG_ID='dados_climaticos_estruturados' AIRFLOW_CTX_TASK_ID='criar_pasta' AIRFLOW_CTX_EXECUTION_DATE='2024-05-31T11:45:00+00:00' AIRFLOW_CTX_TRY_NUMBER='1' AIRFLOW_CTX_DAG_RUN_ID='scheduled__2024-05-31T11:45:00+00:00'
[2024-06-05T01:45:07.433+0000] {taskinstance.py:430} INFO - ::endgroup::
[2024-06-05T01:45:07.442+0000] {python.py:237} INFO - Done. Returned value was: None
[2024-06-05T01:45:07.443+0000] {taskinstance.py:441} INFO - ::group::Post task execution logs
[2024-06-05T01:45:07.462+0000] {taskinstance.py:1206} INFO - Marking task as SUCCESS. dag_id=dados_climaticos_estruturados, task_id=criar_pasta, run_id=scheduled__2024-05-31T11:45:00+00:00, execution_date=20240531T114500, start_date=20240605T014506, end_date=20240605T014507
[2024-06-05T01:45:07.545+0000] {local_task_job_runner.py:240} INFO - Task exited with return code 0
[2024-06-05T01:45:07.576+0000] {local_task_job_runner.py:222} INFO - ::endgroup::
