[2024-06-05T00:56:37.584+0000] {local_task_job_runner.py:120} INFO - ::group::Pre task execution logs
[2024-06-05T00:56:37.675+0000] {taskinstance.py:2076} INFO - Dependencies all met for dep_context=non-requeueable deps ti=<TaskInstance: dados_climaticos_estruturados.criar_pasta scheduled__2024-05-29T16:25:00+00:00 [queued]>
[2024-06-05T00:56:37.706+0000] {taskinstance.py:2076} INFO - Dependencies all met for dep_context=requeueable deps ti=<TaskInstance: dados_climaticos_estruturados.criar_pasta scheduled__2024-05-29T16:25:00+00:00 [queued]>
[2024-06-05T00:56:37.711+0000] {taskinstance.py:2306} INFO - Starting attempt 1 of 1
[2024-06-05T00:56:37.972+0000] {taskinstance.py:2330} INFO - Executing <Task(PythonOperator): criar_pasta> on 2024-05-29 16:25:00+00:00
[2024-06-05T00:56:38.003+0000] {warnings.py:110} WARNING - /home/***/.local/lib/python3.12/site-packages/***/task/task_runner/standard_task_runner.py:61: DeprecationWarning: This process (pid=1444) is multi-threaded, use of fork() may lead to deadlocks in the child.
  pid = os.fork()

[2024-06-05T00:56:38.010+0000] {standard_task_runner.py:63} INFO - Started process 1477 to run task
[2024-06-05T00:56:38.016+0000] {standard_task_runner.py:90} INFO - Running: ['***', 'tasks', 'run', 'dados_climaticos_estruturados', 'criar_pasta', 'scheduled__2024-05-29T16:25:00+00:00', '--job-id', '835', '--raw', '--subdir', 'DAGS_FOLDER/weather/custom_dags/dados_climaticos_estruturados.py', '--cfg-path', '/tmp/tmp2xdodf6f']
[2024-06-05T00:56:38.019+0000] {standard_task_runner.py:91} INFO - Job 835: Subtask criar_pasta
[2024-06-05T00:56:38.198+0000] {task_command.py:426} INFO - Running <TaskInstance: dados_climaticos_estruturados.criar_pasta scheduled__2024-05-29T16:25:00+00:00 [running]> on host 6665b0710315
[2024-06-05T00:56:38.499+0000] {taskinstance.py:2648} INFO - Exporting env vars: AIRFLOW_CTX_DAG_OWNER='***' AIRFLOW_CTX_DAG_ID='dados_climaticos_estruturados' AIRFLOW_CTX_TASK_ID='criar_pasta' AIRFLOW_CTX_EXECUTION_DATE='2024-05-29T16:25:00+00:00' AIRFLOW_CTX_TRY_NUMBER='1' AIRFLOW_CTX_DAG_RUN_ID='scheduled__2024-05-29T16:25:00+00:00'
[2024-06-05T00:56:38.504+0000] {taskinstance.py:430} INFO - ::endgroup::
[2024-06-05T00:56:38.512+0000] {python.py:237} INFO - Done. Returned value was: None
[2024-06-05T00:56:38.513+0000] {taskinstance.py:441} INFO - ::group::Post task execution logs
[2024-06-05T00:56:38.538+0000] {taskinstance.py:1206} INFO - Marking task as SUCCESS. dag_id=dados_climaticos_estruturados, task_id=criar_pasta, run_id=scheduled__2024-05-29T16:25:00+00:00, execution_date=20240529T162500, start_date=20240605T005637, end_date=20240605T005638
[2024-06-05T00:56:38.615+0000] {local_task_job_runner.py:240} INFO - Task exited with return code 0
[2024-06-05T00:56:38.662+0000] {taskinstance.py:3498} INFO - 1 downstream tasks scheduled from follow-on schedule check
[2024-06-05T00:56:38.665+0000] {local_task_job_runner.py:222} INFO - ::endgroup::
[2024-06-05T01:36:47.324+0000] {local_task_job_runner.py:120} INFO - ::group::Pre task execution logs
[2024-06-05T01:36:47.367+0000] {taskinstance.py:2076} INFO - Dependencies all met for dep_context=non-requeueable deps ti=<TaskInstance: dados_climaticos_estruturados.criar_pasta scheduled__2024-05-29T16:25:00+00:00 [queued]>
[2024-06-05T01:36:47.383+0000] {taskinstance.py:2076} INFO - Dependencies all met for dep_context=requeueable deps ti=<TaskInstance: dados_climaticos_estruturados.criar_pasta scheduled__2024-05-29T16:25:00+00:00 [queued]>
[2024-06-05T01:36:47.384+0000] {taskinstance.py:2306} INFO - Starting attempt 1 of 1
[2024-06-05T01:36:47.411+0000] {taskinstance.py:2330} INFO - Executing <Task(PythonOperator): criar_pasta> on 2024-05-29 16:25:00+00:00
[2024-06-05T01:36:47.430+0000] {warnings.py:110} WARNING - /home/***/.local/lib/python3.12/site-packages/***/task/task_runner/standard_task_runner.py:61: DeprecationWarning: This process (pid=1475) is multi-threaded, use of fork() may lead to deadlocks in the child.
  pid = os.fork()

[2024-06-05T01:36:47.433+0000] {standard_task_runner.py:63} INFO - Started process 1494 to run task
[2024-06-05T01:36:47.434+0000] {standard_task_runner.py:90} INFO - Running: ['***', 'tasks', 'run', 'dados_climaticos_estruturados', 'criar_pasta', 'scheduled__2024-05-29T16:25:00+00:00', '--job-id', '460', '--raw', '--subdir', 'DAGS_FOLDER/weather/custom_dags/dados_climaticos_estruturados.py', '--cfg-path', '/tmp/tmpe5vp71j2']
[2024-06-05T01:36:47.436+0000] {standard_task_runner.py:91} INFO - Job 460: Subtask criar_pasta
[2024-06-05T01:36:47.551+0000] {task_command.py:426} INFO - Running <TaskInstance: dados_climaticos_estruturados.criar_pasta scheduled__2024-05-29T16:25:00+00:00 [running]> on host 80232deae70a
[2024-06-05T01:36:47.754+0000] {taskinstance.py:2648} INFO - Exporting env vars: AIRFLOW_CTX_DAG_OWNER='***' AIRFLOW_CTX_DAG_ID='dados_climaticos_estruturados' AIRFLOW_CTX_TASK_ID='criar_pasta' AIRFLOW_CTX_EXECUTION_DATE='2024-05-29T16:25:00+00:00' AIRFLOW_CTX_TRY_NUMBER='1' AIRFLOW_CTX_DAG_RUN_ID='scheduled__2024-05-29T16:25:00+00:00'
[2024-06-05T01:36:47.762+0000] {taskinstance.py:430} INFO - ::endgroup::
[2024-06-05T01:36:47.768+0000] {python.py:237} INFO - Done. Returned value was: None
[2024-06-05T01:36:47.770+0000] {taskinstance.py:441} INFO - ::group::Post task execution logs
[2024-06-05T01:36:47.796+0000] {taskinstance.py:1206} INFO - Marking task as SUCCESS. dag_id=dados_climaticos_estruturados, task_id=criar_pasta, run_id=scheduled__2024-05-29T16:25:00+00:00, execution_date=20240529T162500, start_date=20240605T013647, end_date=20240605T013647
[2024-06-05T01:36:47.829+0000] {local_task_job_runner.py:240} INFO - Task exited with return code 0
[2024-06-05T01:36:47.851+0000] {local_task_job_runner.py:222} INFO - ::endgroup::
