[2024-06-05T00:54:53.504+0000] {local_task_job_runner.py:120} INFO - ::group::Pre task execution logs
[2024-06-05T00:54:53.548+0000] {taskinstance.py:2076} INFO - Dependencies all met for dep_context=non-requeueable deps ti=<TaskInstance: dados_climaticos_estruturados.criar_pasta scheduled__2024-05-29T06:40:00+00:00 [queued]>
[2024-06-05T00:54:53.562+0000] {taskinstance.py:2076} INFO - Dependencies all met for dep_context=requeueable deps ti=<TaskInstance: dados_climaticos_estruturados.criar_pasta scheduled__2024-05-29T06:40:00+00:00 [queued]>
[2024-06-05T00:54:53.563+0000] {taskinstance.py:2306} INFO - Starting attempt 1 of 1
[2024-06-05T00:54:53.593+0000] {taskinstance.py:2330} INFO - Executing <Task(PythonOperator): criar_pasta> on 2024-05-29 06:40:00+00:00
[2024-06-05T00:54:53.605+0000] {warnings.py:110} WARNING - /home/***/.local/lib/python3.12/site-packages/***/task/task_runner/standard_task_runner.py:61: DeprecationWarning: This process (pid=723) is multi-threaded, use of fork() may lead to deadlocks in the child.
  pid = os.fork()

[2024-06-05T00:54:53.608+0000] {standard_task_runner.py:63} INFO - Started process 745 to run task
[2024-06-05T00:54:53.613+0000] {standard_task_runner.py:90} INFO - Running: ['***', 'tasks', 'run', 'dados_climaticos_estruturados', 'criar_pasta', 'scheduled__2024-05-29T06:40:00+00:00', '--job-id', '604', '--raw', '--subdir', 'DAGS_FOLDER/weather/custom_dags/dados_climaticos_estruturados.py', '--cfg-path', '/tmp/tmpk61vzsmt']
[2024-06-05T00:54:53.616+0000] {standard_task_runner.py:91} INFO - Job 604: Subtask criar_pasta
[2024-06-05T00:54:53.684+0000] {task_command.py:426} INFO - Running <TaskInstance: dados_climaticos_estruturados.criar_pasta scheduled__2024-05-29T06:40:00+00:00 [running]> on host 6665b0710315
[2024-06-05T00:54:53.815+0000] {taskinstance.py:2648} INFO - Exporting env vars: AIRFLOW_CTX_DAG_OWNER='***' AIRFLOW_CTX_DAG_ID='dados_climaticos_estruturados' AIRFLOW_CTX_TASK_ID='criar_pasta' AIRFLOW_CTX_EXECUTION_DATE='2024-05-29T06:40:00+00:00' AIRFLOW_CTX_TRY_NUMBER='1' AIRFLOW_CTX_DAG_RUN_ID='scheduled__2024-05-29T06:40:00+00:00'
[2024-06-05T00:54:53.817+0000] {taskinstance.py:430} INFO - ::endgroup::
[2024-06-05T00:54:53.818+0000] {python.py:237} INFO - Done. Returned value was: None
[2024-06-05T00:54:53.819+0000] {taskinstance.py:441} INFO - ::group::Post task execution logs
[2024-06-05T00:54:53.832+0000] {taskinstance.py:1206} INFO - Marking task as SUCCESS. dag_id=dados_climaticos_estruturados, task_id=criar_pasta, run_id=scheduled__2024-05-29T06:40:00+00:00, execution_date=20240529T064000, start_date=20240605T005453, end_date=20240605T005453
[2024-06-05T00:54:53.876+0000] {local_task_job_runner.py:240} INFO - Task exited with return code 0
[2024-06-05T00:54:53.914+0000] {taskinstance.py:3498} INFO - 1 downstream tasks scheduled from follow-on schedule check
[2024-06-05T00:54:53.916+0000] {local_task_job_runner.py:222} INFO - ::endgroup::
[2024-06-05T01:34:35.336+0000] {local_task_job_runner.py:120} INFO - ::group::Pre task execution logs
[2024-06-05T01:34:35.378+0000] {taskinstance.py:2076} INFO - Dependencies all met for dep_context=non-requeueable deps ti=<TaskInstance: dados_climaticos_estruturados.criar_pasta scheduled__2024-05-29T06:40:00+00:00 [queued]>
[2024-06-05T01:34:35.394+0000] {taskinstance.py:2076} INFO - Dependencies all met for dep_context=requeueable deps ti=<TaskInstance: dados_climaticos_estruturados.criar_pasta scheduled__2024-05-29T06:40:00+00:00 [queued]>
[2024-06-05T01:34:35.397+0000] {taskinstance.py:2306} INFO - Starting attempt 1 of 1
[2024-06-05T01:34:35.425+0000] {taskinstance.py:2330} INFO - Executing <Task(PythonOperator): criar_pasta> on 2024-05-29 06:40:00+00:00
[2024-06-05T01:34:35.438+0000] {warnings.py:110} WARNING - /home/***/.local/lib/python3.12/site-packages/***/task/task_runner/standard_task_runner.py:61: DeprecationWarning: This process (pid=719) is multi-threaded, use of fork() may lead to deadlocks in the child.
  pid = os.fork()

[2024-06-05T01:34:35.441+0000] {standard_task_runner.py:63} INFO - Started process 743 to run task
[2024-06-05T01:34:35.441+0000] {standard_task_runner.py:90} INFO - Running: ['***', 'tasks', 'run', 'dados_climaticos_estruturados', 'criar_pasta', 'scheduled__2024-05-29T06:40:00+00:00', '--job-id', '218', '--raw', '--subdir', 'DAGS_FOLDER/weather/custom_dags/dados_climaticos_estruturados.py', '--cfg-path', '/tmp/tmpaluj4xu4']
[2024-06-05T01:34:35.444+0000] {standard_task_runner.py:91} INFO - Job 218: Subtask criar_pasta
[2024-06-05T01:34:35.519+0000] {task_command.py:426} INFO - Running <TaskInstance: dados_climaticos_estruturados.criar_pasta scheduled__2024-05-29T06:40:00+00:00 [running]> on host 80232deae70a
[2024-06-05T01:34:35.686+0000] {taskinstance.py:2648} INFO - Exporting env vars: AIRFLOW_CTX_DAG_OWNER='***' AIRFLOW_CTX_DAG_ID='dados_climaticos_estruturados' AIRFLOW_CTX_TASK_ID='criar_pasta' AIRFLOW_CTX_EXECUTION_DATE='2024-05-29T06:40:00+00:00' AIRFLOW_CTX_TRY_NUMBER='1' AIRFLOW_CTX_DAG_RUN_ID='scheduled__2024-05-29T06:40:00+00:00'
[2024-06-05T01:34:35.690+0000] {taskinstance.py:430} INFO - ::endgroup::
[2024-06-05T01:34:35.691+0000] {python.py:237} INFO - Done. Returned value was: None
[2024-06-05T01:34:35.692+0000] {taskinstance.py:441} INFO - ::group::Post task execution logs
[2024-06-05T01:34:35.706+0000] {taskinstance.py:1206} INFO - Marking task as SUCCESS. dag_id=dados_climaticos_estruturados, task_id=criar_pasta, run_id=scheduled__2024-05-29T06:40:00+00:00, execution_date=20240529T064000, start_date=20240605T013435, end_date=20240605T013435
[2024-06-05T01:34:35.753+0000] {local_task_job_runner.py:240} INFO - Task exited with return code 0
[2024-06-05T01:34:35.786+0000] {taskinstance.py:3498} INFO - 1 downstream tasks scheduled from follow-on schedule check
[2024-06-05T01:34:35.789+0000] {local_task_job_runner.py:222} INFO - ::endgroup::
