[2024-06-05T01:00:51.372+0000] {local_task_job_runner.py:120} INFO - ::group::Pre task execution logs
[2024-06-05T01:00:51.417+0000] {taskinstance.py:2076} INFO - Dependencies all met for dep_context=non-requeueable deps ti=<TaskInstance: dados_climaticos_estruturados.criar_pasta scheduled__2024-05-30T13:00:00+00:00 [queued]>
[2024-06-05T01:00:51.449+0000] {taskinstance.py:2076} INFO - Dependencies all met for dep_context=requeueable deps ti=<TaskInstance: dados_climaticos_estruturados.criar_pasta scheduled__2024-05-30T13:00:00+00:00 [queued]>
[2024-06-05T01:00:51.450+0000] {taskinstance.py:2306} INFO - Starting attempt 1 of 1
[2024-06-05T01:00:51.497+0000] {taskinstance.py:2330} INFO - Executing <Task(PythonOperator): criar_pasta> on 2024-05-30 13:00:00+00:00
[2024-06-05T01:00:51.509+0000] {warnings.py:110} WARNING - /home/***/.local/lib/python3.12/site-packages/***/task/task_runner/standard_task_runner.py:61: DeprecationWarning: This process (pid=2994) is multi-threaded, use of fork() may lead to deadlocks in the child.
  pid = os.fork()

[2024-06-05T01:00:51.512+0000] {standard_task_runner.py:63} INFO - Started process 3021 to run task
[2024-06-05T01:00:51.520+0000] {standard_task_runner.py:90} INFO - Running: ['***', 'tasks', 'run', 'dados_climaticos_estruturados', 'criar_pasta', 'scheduled__2024-05-30T13:00:00+00:00', '--job-id', '1336', '--raw', '--subdir', 'DAGS_FOLDER/weather/custom_dags/dados_climaticos_estruturados.py', '--cfg-path', '/tmp/tmpkboaul7u']
[2024-06-05T01:00:51.523+0000] {standard_task_runner.py:91} INFO - Job 1336: Subtask criar_pasta
[2024-06-05T01:00:51.658+0000] {task_command.py:426} INFO - Running <TaskInstance: dados_climaticos_estruturados.criar_pasta scheduled__2024-05-30T13:00:00+00:00 [running]> on host 6665b0710315
[2024-06-05T01:00:51.852+0000] {taskinstance.py:2648} INFO - Exporting env vars: AIRFLOW_CTX_DAG_OWNER='***' AIRFLOW_CTX_DAG_ID='dados_climaticos_estruturados' AIRFLOW_CTX_TASK_ID='criar_pasta' AIRFLOW_CTX_EXECUTION_DATE='2024-05-30T13:00:00+00:00' AIRFLOW_CTX_TRY_NUMBER='1' AIRFLOW_CTX_DAG_RUN_ID='scheduled__2024-05-30T13:00:00+00:00'
[2024-06-05T01:00:51.856+0000] {taskinstance.py:430} INFO - ::endgroup::
[2024-06-05T01:00:51.859+0000] {python.py:237} INFO - Done. Returned value was: None
[2024-06-05T01:00:51.860+0000] {taskinstance.py:441} INFO - ::group::Post task execution logs
[2024-06-05T01:00:51.874+0000] {taskinstance.py:1206} INFO - Marking task as SUCCESS. dag_id=dados_climaticos_estruturados, task_id=criar_pasta, run_id=scheduled__2024-05-30T13:00:00+00:00, execution_date=20240530T130000, start_date=20240605T010051, end_date=20240605T010051
[2024-06-05T01:00:51.945+0000] {local_task_job_runner.py:240} INFO - Task exited with return code 0
[2024-06-05T01:00:51.968+0000] {local_task_job_runner.py:222} INFO - ::endgroup::
[2024-06-05T01:40:40.370+0000] {local_task_job_runner.py:120} INFO - ::group::Pre task execution logs
[2024-06-05T01:40:40.413+0000] {taskinstance.py:2076} INFO - Dependencies all met for dep_context=non-requeueable deps ti=<TaskInstance: dados_climaticos_estruturados.criar_pasta scheduled__2024-05-30T13:00:00+00:00 [queued]>
[2024-06-05T01:40:40.430+0000] {taskinstance.py:2076} INFO - Dependencies all met for dep_context=requeueable deps ti=<TaskInstance: dados_climaticos_estruturados.criar_pasta scheduled__2024-05-30T13:00:00+00:00 [queued]>
[2024-06-05T01:40:40.432+0000] {taskinstance.py:2306} INFO - Starting attempt 1 of 1
[2024-06-05T01:40:40.461+0000] {taskinstance.py:2330} INFO - Executing <Task(PythonOperator): criar_pasta> on 2024-05-30 13:00:00+00:00
[2024-06-05T01:40:40.475+0000] {warnings.py:110} WARNING - /home/***/.local/lib/python3.12/site-packages/***/task/task_runner/standard_task_runner.py:61: DeprecationWarning: This process (pid=3012) is multi-threaded, use of fork() may lead to deadlocks in the child.
  pid = os.fork()

[2024-06-05T01:40:40.478+0000] {standard_task_runner.py:63} INFO - Started process 3029 to run task
[2024-06-05T01:40:40.479+0000] {standard_task_runner.py:90} INFO - Running: ['***', 'tasks', 'run', 'dados_climaticos_estruturados', 'criar_pasta', 'scheduled__2024-05-30T13:00:00+00:00', '--job-id', '955', '--raw', '--subdir', 'DAGS_FOLDER/weather/custom_dags/dados_climaticos_estruturados.py', '--cfg-path', '/tmp/tmpzxina2k5']
[2024-06-05T01:40:40.481+0000] {standard_task_runner.py:91} INFO - Job 955: Subtask criar_pasta
[2024-06-05T01:40:40.563+0000] {task_command.py:426} INFO - Running <TaskInstance: dados_climaticos_estruturados.criar_pasta scheduled__2024-05-30T13:00:00+00:00 [running]> on host 80232deae70a
[2024-06-05T01:40:40.769+0000] {taskinstance.py:2648} INFO - Exporting env vars: AIRFLOW_CTX_DAG_OWNER='***' AIRFLOW_CTX_DAG_ID='dados_climaticos_estruturados' AIRFLOW_CTX_TASK_ID='criar_pasta' AIRFLOW_CTX_EXECUTION_DATE='2024-05-30T13:00:00+00:00' AIRFLOW_CTX_TRY_NUMBER='1' AIRFLOW_CTX_DAG_RUN_ID='scheduled__2024-05-30T13:00:00+00:00'
[2024-06-05T01:40:40.781+0000] {taskinstance.py:430} INFO - ::endgroup::
[2024-06-05T01:40:40.789+0000] {python.py:237} INFO - Done. Returned value was: None
[2024-06-05T01:40:40.789+0000] {taskinstance.py:441} INFO - ::group::Post task execution logs
[2024-06-05T01:40:40.806+0000] {taskinstance.py:1206} INFO - Marking task as SUCCESS. dag_id=dados_climaticos_estruturados, task_id=criar_pasta, run_id=scheduled__2024-05-30T13:00:00+00:00, execution_date=20240530T130000, start_date=20240605T014040, end_date=20240605T014040
[2024-06-05T01:40:40.885+0000] {local_task_job_runner.py:240} INFO - Task exited with return code 0
[2024-06-05T01:40:40.937+0000] {local_task_job_runner.py:222} INFO - ::endgroup::
