[2024-06-05T00:55:57.273+0000] {local_task_job_runner.py:120} INFO - ::group::Pre task execution logs
[2024-06-05T00:55:57.301+0000] {taskinstance.py:2076} INFO - Dependencies all met for dep_context=non-requeueable deps ti=<TaskInstance: dados_climaticos_estruturados.criar_pasta scheduled__2024-05-29T12:10:00+00:00 [queued]>
[2024-06-05T00:55:57.315+0000] {taskinstance.py:2076} INFO - Dependencies all met for dep_context=requeueable deps ti=<TaskInstance: dados_climaticos_estruturados.criar_pasta scheduled__2024-05-29T12:10:00+00:00 [queued]>
[2024-06-05T00:55:57.316+0000] {taskinstance.py:2306} INFO - Starting attempt 1 of 1
[2024-06-05T00:55:57.340+0000] {taskinstance.py:2330} INFO - Executing <Task(PythonOperator): criar_pasta> on 2024-05-29 12:10:00+00:00
[2024-06-05T00:55:57.351+0000] {warnings.py:110} WARNING - /home/***/.local/lib/python3.12/site-packages/***/task/task_runner/standard_task_runner.py:61: DeprecationWarning: This process (pid=1162) is multi-threaded, use of fork() may lead to deadlocks in the child.
  pid = os.fork()

[2024-06-05T00:55:57.353+0000] {standard_task_runner.py:63} INFO - Started process 1179 to run task
[2024-06-05T00:55:57.353+0000] {standard_task_runner.py:90} INFO - Running: ['***', 'tasks', 'run', 'dados_climaticos_estruturados', 'criar_pasta', 'scheduled__2024-05-29T12:10:00+00:00', '--job-id', '742', '--raw', '--subdir', 'DAGS_FOLDER/weather/custom_dags/dados_climaticos_estruturados.py', '--cfg-path', '/tmp/tmpelew_zo0']
[2024-06-05T00:55:57.355+0000] {standard_task_runner.py:91} INFO - Job 742: Subtask criar_pasta
[2024-06-05T00:55:57.438+0000] {task_command.py:426} INFO - Running <TaskInstance: dados_climaticos_estruturados.criar_pasta scheduled__2024-05-29T12:10:00+00:00 [running]> on host 6665b0710315
[2024-06-05T00:55:57.562+0000] {taskinstance.py:2648} INFO - Exporting env vars: AIRFLOW_CTX_DAG_OWNER='***' AIRFLOW_CTX_DAG_ID='dados_climaticos_estruturados' AIRFLOW_CTX_TASK_ID='criar_pasta' AIRFLOW_CTX_EXECUTION_DATE='2024-05-29T12:10:00+00:00' AIRFLOW_CTX_TRY_NUMBER='1' AIRFLOW_CTX_DAG_RUN_ID='scheduled__2024-05-29T12:10:00+00:00'
[2024-06-05T00:55:57.564+0000] {taskinstance.py:430} INFO - ::endgroup::
[2024-06-05T00:55:57.565+0000] {python.py:237} INFO - Done. Returned value was: None
[2024-06-05T00:55:57.566+0000] {taskinstance.py:441} INFO - ::group::Post task execution logs
[2024-06-05T00:55:57.578+0000] {taskinstance.py:1206} INFO - Marking task as SUCCESS. dag_id=dados_climaticos_estruturados, task_id=criar_pasta, run_id=scheduled__2024-05-29T12:10:00+00:00, execution_date=20240529T121000, start_date=20240605T005557, end_date=20240605T005557
[2024-06-05T00:55:57.618+0000] {local_task_job_runner.py:240} INFO - Task exited with return code 0
[2024-06-05T00:55:57.649+0000] {taskinstance.py:3498} INFO - 1 downstream tasks scheduled from follow-on schedule check
[2024-06-05T00:55:57.657+0000] {local_task_job_runner.py:222} INFO - ::endgroup::
[2024-06-05T01:35:49.765+0000] {local_task_job_runner.py:120} INFO - ::group::Pre task execution logs
[2024-06-05T01:35:49.806+0000] {taskinstance.py:2076} INFO - Dependencies all met for dep_context=non-requeueable deps ti=<TaskInstance: dados_climaticos_estruturados.criar_pasta scheduled__2024-05-29T12:10:00+00:00 [queued]>
[2024-06-05T01:35:49.824+0000] {taskinstance.py:2076} INFO - Dependencies all met for dep_context=requeueable deps ti=<TaskInstance: dados_climaticos_estruturados.criar_pasta scheduled__2024-05-29T12:10:00+00:00 [queued]>
[2024-06-05T01:35:49.825+0000] {taskinstance.py:2306} INFO - Starting attempt 1 of 1
[2024-06-05T01:35:49.850+0000] {taskinstance.py:2330} INFO - Executing <Task(PythonOperator): criar_pasta> on 2024-05-29 12:10:00+00:00
[2024-06-05T01:35:49.865+0000] {warnings.py:110} WARNING - /home/***/.local/lib/python3.12/site-packages/***/task/task_runner/standard_task_runner.py:61: DeprecationWarning: This process (pid=1149) is multi-threaded, use of fork() may lead to deadlocks in the child.
  pid = os.fork()

[2024-06-05T01:35:49.869+0000] {standard_task_runner.py:63} INFO - Started process 1168 to run task
[2024-06-05T01:35:49.869+0000] {standard_task_runner.py:90} INFO - Running: ['***', 'tasks', 'run', 'dados_climaticos_estruturados', 'criar_pasta', 'scheduled__2024-05-29T12:10:00+00:00', '--job-id', '354', '--raw', '--subdir', 'DAGS_FOLDER/weather/custom_dags/dados_climaticos_estruturados.py', '--cfg-path', '/tmp/tmps87uiq7t']
[2024-06-05T01:35:49.877+0000] {standard_task_runner.py:91} INFO - Job 354: Subtask criar_pasta
[2024-06-05T01:35:49.986+0000] {task_command.py:426} INFO - Running <TaskInstance: dados_climaticos_estruturados.criar_pasta scheduled__2024-05-29T12:10:00+00:00 [running]> on host 80232deae70a
[2024-06-05T01:35:50.212+0000] {taskinstance.py:2648} INFO - Exporting env vars: AIRFLOW_CTX_DAG_OWNER='***' AIRFLOW_CTX_DAG_ID='dados_climaticos_estruturados' AIRFLOW_CTX_TASK_ID='criar_pasta' AIRFLOW_CTX_EXECUTION_DATE='2024-05-29T12:10:00+00:00' AIRFLOW_CTX_TRY_NUMBER='1' AIRFLOW_CTX_DAG_RUN_ID='scheduled__2024-05-29T12:10:00+00:00'
[2024-06-05T01:35:50.217+0000] {taskinstance.py:430} INFO - ::endgroup::
[2024-06-05T01:35:50.218+0000] {python.py:237} INFO - Done. Returned value was: None
[2024-06-05T01:35:50.219+0000] {taskinstance.py:441} INFO - ::group::Post task execution logs
[2024-06-05T01:35:50.236+0000] {taskinstance.py:1206} INFO - Marking task as SUCCESS. dag_id=dados_climaticos_estruturados, task_id=criar_pasta, run_id=scheduled__2024-05-29T12:10:00+00:00, execution_date=20240529T121000, start_date=20240605T013549, end_date=20240605T013550
[2024-06-05T01:35:50.271+0000] {local_task_job_runner.py:240} INFO - Task exited with return code 0
[2024-06-05T01:35:50.294+0000] {local_task_job_runner.py:222} INFO - ::endgroup::
