[2024-06-05T01:05:27.610+0000] {local_task_job_runner.py:120} INFO - ::group::Pre task execution logs
[2024-06-05T01:05:27.682+0000] {taskinstance.py:2076} INFO - Dependencies all met for dep_context=non-requeueable deps ti=<TaskInstance: dados_climaticos_estruturados.criar_pasta scheduled__2024-05-31T10:50:00+00:00 [queued]>
[2024-06-05T01:05:27.714+0000] {taskinstance.py:2076} INFO - Dependencies all met for dep_context=requeueable deps ti=<TaskInstance: dados_climaticos_estruturados.criar_pasta scheduled__2024-05-31T10:50:00+00:00 [queued]>
[2024-06-05T01:05:27.715+0000] {taskinstance.py:2306} INFO - Starting attempt 1 of 1
[2024-06-05T01:05:27.784+0000] {taskinstance.py:2330} INFO - Executing <Task(PythonOperator): criar_pasta> on 2024-05-31 10:50:00+00:00
[2024-06-05T01:05:27.822+0000] {warnings.py:110} WARNING - /home/***/.local/lib/python3.12/site-packages/***/task/task_runner/standard_task_runner.py:61: DeprecationWarning: This process (pid=4613) is multi-threaded, use of fork() may lead to deadlocks in the child.
  pid = os.fork()

[2024-06-05T01:05:27.829+0000] {standard_task_runner.py:63} INFO - Started process 4643 to run task
[2024-06-05T01:05:27.826+0000] {standard_task_runner.py:90} INFO - Running: ['***', 'tasks', 'run', 'dados_climaticos_estruturados', 'criar_pasta', 'scheduled__2024-05-31T10:50:00+00:00', '--job-id', '1857', '--raw', '--subdir', 'DAGS_FOLDER/weather/custom_dags/dados_climaticos_estruturados.py', '--cfg-path', '/tmp/tmpm3d2htwt']
[2024-06-05T01:05:27.846+0000] {standard_task_runner.py:91} INFO - Job 1857: Subtask criar_pasta
[2024-06-05T01:05:27.955+0000] {task_command.py:426} INFO - Running <TaskInstance: dados_climaticos_estruturados.criar_pasta scheduled__2024-05-31T10:50:00+00:00 [running]> on host 6665b0710315
[2024-06-05T01:05:28.183+0000] {taskinstance.py:2648} INFO - Exporting env vars: AIRFLOW_CTX_DAG_OWNER='***' AIRFLOW_CTX_DAG_ID='dados_climaticos_estruturados' AIRFLOW_CTX_TASK_ID='criar_pasta' AIRFLOW_CTX_EXECUTION_DATE='2024-05-31T10:50:00+00:00' AIRFLOW_CTX_TRY_NUMBER='1' AIRFLOW_CTX_DAG_RUN_ID='scheduled__2024-05-31T10:50:00+00:00'
[2024-06-05T01:05:28.190+0000] {taskinstance.py:430} INFO - ::endgroup::
[2024-06-05T01:05:28.201+0000] {python.py:237} INFO - Done. Returned value was: None
[2024-06-05T01:05:28.206+0000] {taskinstance.py:441} INFO - ::group::Post task execution logs
[2024-06-05T01:05:28.236+0000] {taskinstance.py:1206} INFO - Marking task as SUCCESS. dag_id=dados_climaticos_estruturados, task_id=criar_pasta, run_id=scheduled__2024-05-31T10:50:00+00:00, execution_date=20240531T105000, start_date=20240605T010527, end_date=20240605T010528
[2024-06-05T01:05:28.348+0000] {local_task_job_runner.py:240} INFO - Task exited with return code 0
[2024-06-05T01:05:28.415+0000] {taskinstance.py:3498} INFO - 1 downstream tasks scheduled from follow-on schedule check
[2024-06-05T01:05:28.430+0000] {local_task_job_runner.py:222} INFO - ::endgroup::
[2024-06-05T01:44:53.784+0000] {local_task_job_runner.py:120} INFO - ::group::Pre task execution logs
[2024-06-05T01:44:53.837+0000] {taskinstance.py:2076} INFO - Dependencies all met for dep_context=non-requeueable deps ti=<TaskInstance: dados_climaticos_estruturados.criar_pasta scheduled__2024-05-31T10:50:00+00:00 [queued]>
[2024-06-05T01:44:53.855+0000] {taskinstance.py:2076} INFO - Dependencies all met for dep_context=requeueable deps ti=<TaskInstance: dados_climaticos_estruturados.criar_pasta scheduled__2024-05-31T10:50:00+00:00 [queued]>
[2024-06-05T01:44:53.856+0000] {taskinstance.py:2306} INFO - Starting attempt 1 of 1
[2024-06-05T01:44:54.109+0000] {taskinstance.py:2330} INFO - Executing <Task(PythonOperator): criar_pasta> on 2024-05-31 10:50:00+00:00
[2024-06-05T01:44:54.136+0000] {warnings.py:110} WARNING - /home/***/.local/lib/python3.12/site-packages/***/task/task_runner/standard_task_runner.py:61: DeprecationWarning: This process (pid=4593) is multi-threaded, use of fork() may lead to deadlocks in the child.
  pid = os.fork()

[2024-06-05T01:44:54.138+0000] {standard_task_runner.py:63} INFO - Started process 4637 to run task
[2024-06-05T01:44:54.146+0000] {standard_task_runner.py:90} INFO - Running: ['***', 'tasks', 'run', 'dados_climaticos_estruturados', 'criar_pasta', 'scheduled__2024-05-31T10:50:00+00:00', '--job-id', '1469', '--raw', '--subdir', 'DAGS_FOLDER/weather/custom_dags/dados_climaticos_estruturados.py', '--cfg-path', '/tmp/tmpj6an2p3b']
[2024-06-05T01:44:54.149+0000] {standard_task_runner.py:91} INFO - Job 1469: Subtask criar_pasta
[2024-06-05T01:44:54.318+0000] {task_command.py:426} INFO - Running <TaskInstance: dados_climaticos_estruturados.criar_pasta scheduled__2024-05-31T10:50:00+00:00 [running]> on host 80232deae70a
[2024-06-05T01:44:54.673+0000] {taskinstance.py:2648} INFO - Exporting env vars: AIRFLOW_CTX_DAG_OWNER='***' AIRFLOW_CTX_DAG_ID='dados_climaticos_estruturados' AIRFLOW_CTX_TASK_ID='criar_pasta' AIRFLOW_CTX_EXECUTION_DATE='2024-05-31T10:50:00+00:00' AIRFLOW_CTX_TRY_NUMBER='1' AIRFLOW_CTX_DAG_RUN_ID='scheduled__2024-05-31T10:50:00+00:00'
[2024-06-05T01:44:54.678+0000] {taskinstance.py:430} INFO - ::endgroup::
[2024-06-05T01:44:54.684+0000] {python.py:237} INFO - Done. Returned value was: None
[2024-06-05T01:44:54.686+0000] {taskinstance.py:441} INFO - ::group::Post task execution logs
[2024-06-05T01:44:54.716+0000] {taskinstance.py:1206} INFO - Marking task as SUCCESS. dag_id=dados_climaticos_estruturados, task_id=criar_pasta, run_id=scheduled__2024-05-31T10:50:00+00:00, execution_date=20240531T105000, start_date=20240605T014453, end_date=20240605T014454
[2024-06-05T01:44:54.836+0000] {local_task_job_runner.py:240} INFO - Task exited with return code 0
[2024-06-05T01:44:54.915+0000] {taskinstance.py:3498} INFO - 1 downstream tasks scheduled from follow-on schedule check
[2024-06-05T01:44:54.938+0000] {local_task_job_runner.py:222} INFO - ::endgroup::
