[2024-06-05T00:54:53.102+0000] {local_task_job_runner.py:120} INFO - ::group::Pre task execution logs
[2024-06-05T00:54:53.148+0000] {taskinstance.py:2076} INFO - Dependencies all met for dep_context=non-requeueable deps ti=<TaskInstance: dados_climaticos_estruturados.criar_pasta scheduled__2024-05-29T06:35:00+00:00 [queued]>
[2024-06-05T00:54:53.162+0000] {taskinstance.py:2076} INFO - Dependencies all met for dep_context=requeueable deps ti=<TaskInstance: dados_climaticos_estruturados.criar_pasta scheduled__2024-05-29T06:35:00+00:00 [queued]>
[2024-06-05T00:54:53.162+0000] {taskinstance.py:2306} INFO - Starting attempt 1 of 1
[2024-06-05T00:54:53.185+0000] {taskinstance.py:2330} INFO - Executing <Task(PythonOperator): criar_pasta> on 2024-05-29 06:35:00+00:00
[2024-06-05T00:54:53.199+0000] {warnings.py:110} WARNING - /home/***/.local/lib/python3.12/site-packages/***/task/task_runner/standard_task_runner.py:61: DeprecationWarning: This process (pid=714) is multi-threaded, use of fork() may lead to deadlocks in the child.
  pid = os.fork()

[2024-06-05T00:54:53.202+0000] {standard_task_runner.py:63} INFO - Started process 738 to run task
[2024-06-05T00:54:53.201+0000] {standard_task_runner.py:90} INFO - Running: ['***', 'tasks', 'run', 'dados_climaticos_estruturados', 'criar_pasta', 'scheduled__2024-05-29T06:35:00+00:00', '--job-id', '602', '--raw', '--subdir', 'DAGS_FOLDER/weather/custom_dags/dados_climaticos_estruturados.py', '--cfg-path', '/tmp/tmp8gjp7ue3']
[2024-06-05T00:54:53.203+0000] {standard_task_runner.py:91} INFO - Job 602: Subtask criar_pasta
[2024-06-05T00:54:53.280+0000] {task_command.py:426} INFO - Running <TaskInstance: dados_climaticos_estruturados.criar_pasta scheduled__2024-05-29T06:35:00+00:00 [running]> on host 6665b0710315
[2024-06-05T00:54:53.463+0000] {taskinstance.py:2648} INFO - Exporting env vars: AIRFLOW_CTX_DAG_OWNER='***' AIRFLOW_CTX_DAG_ID='dados_climaticos_estruturados' AIRFLOW_CTX_TASK_ID='criar_pasta' AIRFLOW_CTX_EXECUTION_DATE='2024-05-29T06:35:00+00:00' AIRFLOW_CTX_TRY_NUMBER='1' AIRFLOW_CTX_DAG_RUN_ID='scheduled__2024-05-29T06:35:00+00:00'
[2024-06-05T00:54:53.466+0000] {taskinstance.py:430} INFO - ::endgroup::
[2024-06-05T00:54:53.471+0000] {python.py:237} INFO - Done. Returned value was: None
[2024-06-05T00:54:53.472+0000] {taskinstance.py:441} INFO - ::group::Post task execution logs
[2024-06-05T00:54:53.486+0000] {taskinstance.py:1206} INFO - Marking task as SUCCESS. dag_id=dados_climaticos_estruturados, task_id=criar_pasta, run_id=scheduled__2024-05-29T06:35:00+00:00, execution_date=20240529T063500, start_date=20240605T005453, end_date=20240605T005453
[2024-06-05T00:54:53.554+0000] {local_task_job_runner.py:240} INFO - Task exited with return code 0
[2024-06-05T00:54:53.592+0000] {taskinstance.py:3498} INFO - 1 downstream tasks scheduled from follow-on schedule check
[2024-06-05T00:54:53.600+0000] {local_task_job_runner.py:222} INFO - ::endgroup::
[2024-06-05T01:34:35.004+0000] {local_task_job_runner.py:120} INFO - ::group::Pre task execution logs
[2024-06-05T01:34:35.081+0000] {taskinstance.py:2076} INFO - Dependencies all met for dep_context=non-requeueable deps ti=<TaskInstance: dados_climaticos_estruturados.criar_pasta scheduled__2024-05-29T06:35:00+00:00 [queued]>
[2024-06-05T01:34:35.105+0000] {taskinstance.py:2076} INFO - Dependencies all met for dep_context=requeueable deps ti=<TaskInstance: dados_climaticos_estruturados.criar_pasta scheduled__2024-05-29T06:35:00+00:00 [queued]>
[2024-06-05T01:34:35.110+0000] {taskinstance.py:2306} INFO - Starting attempt 1 of 1
[2024-06-05T01:34:35.178+0000] {taskinstance.py:2330} INFO - Executing <Task(PythonOperator): criar_pasta> on 2024-05-29 06:35:00+00:00
[2024-06-05T01:34:35.198+0000] {warnings.py:110} WARNING - /home/***/.local/lib/python3.12/site-packages/***/task/task_runner/standard_task_runner.py:61: DeprecationWarning: This process (pid=709) is multi-threaded, use of fork() may lead to deadlocks in the child.
  pid = os.fork()

[2024-06-05T01:34:35.205+0000] {standard_task_runner.py:63} INFO - Started process 738 to run task
[2024-06-05T01:34:35.207+0000] {standard_task_runner.py:90} INFO - Running: ['***', 'tasks', 'run', 'dados_climaticos_estruturados', 'criar_pasta', 'scheduled__2024-05-29T06:35:00+00:00', '--job-id', '216', '--raw', '--subdir', 'DAGS_FOLDER/weather/custom_dags/dados_climaticos_estruturados.py', '--cfg-path', '/tmp/tmp4xy8raoz']
[2024-06-05T01:34:35.213+0000] {standard_task_runner.py:91} INFO - Job 216: Subtask criar_pasta
[2024-06-05T01:34:35.317+0000] {task_command.py:426} INFO - Running <TaskInstance: dados_climaticos_estruturados.criar_pasta scheduled__2024-05-29T06:35:00+00:00 [running]> on host 80232deae70a
[2024-06-05T01:34:35.502+0000] {taskinstance.py:2648} INFO - Exporting env vars: AIRFLOW_CTX_DAG_OWNER='***' AIRFLOW_CTX_DAG_ID='dados_climaticos_estruturados' AIRFLOW_CTX_TASK_ID='criar_pasta' AIRFLOW_CTX_EXECUTION_DATE='2024-05-29T06:35:00+00:00' AIRFLOW_CTX_TRY_NUMBER='1' AIRFLOW_CTX_DAG_RUN_ID='scheduled__2024-05-29T06:35:00+00:00'
[2024-06-05T01:34:35.505+0000] {taskinstance.py:430} INFO - ::endgroup::
[2024-06-05T01:34:35.507+0000] {python.py:237} INFO - Done. Returned value was: None
[2024-06-05T01:34:35.508+0000] {taskinstance.py:441} INFO - ::group::Post task execution logs
[2024-06-05T01:34:35.523+0000] {taskinstance.py:1206} INFO - Marking task as SUCCESS. dag_id=dados_climaticos_estruturados, task_id=criar_pasta, run_id=scheduled__2024-05-29T06:35:00+00:00, execution_date=20240529T063500, start_date=20240605T013435, end_date=20240605T013435
[2024-06-05T01:34:35.566+0000] {local_task_job_runner.py:240} INFO - Task exited with return code 0
[2024-06-05T01:34:35.585+0000] {local_task_job_runner.py:222} INFO - ::endgroup::
