[2024-05-29T00:31:45.350+0000] {local_task_job_runner.py:120} INFO - ::group::Pre task execution logs
[2024-05-29T00:31:45.419+0000] {taskinstance.py:2076} INFO - Dependencies all met for dep_context=non-requeueable deps ti=<TaskInstance: dados_climaticos_estruturados.criar_pasta scheduled__2024-05-17T09:20:00+00:00 [queued]>
[2024-05-29T00:31:45.458+0000] {taskinstance.py:2076} INFO - Dependencies all met for dep_context=requeueable deps ti=<TaskInstance: dados_climaticos_estruturados.criar_pasta scheduled__2024-05-17T09:20:00+00:00 [queued]>
[2024-05-29T00:31:45.460+0000] {taskinstance.py:2306} INFO - Starting attempt 1 of 1
[2024-05-29T00:31:45.491+0000] {taskinstance.py:2330} INFO - Executing <Task(PythonOperator): criar_pasta> on 2024-05-17 09:20:00+00:00
[2024-05-29T00:31:45.502+0000] {warnings.py:110} WARNING - /home/***/.local/lib/python3.12/site-packages/***/task/task_runner/standard_task_runner.py:61: DeprecationWarning: This process (pid=368) is multi-threaded, use of fork() may lead to deadlocks in the child.
  pid = os.fork()

[2024-05-29T00:31:45.505+0000] {standard_task_runner.py:63} INFO - Started process 387 to run task
[2024-05-29T00:31:45.506+0000] {standard_task_runner.py:90} INFO - Running: ['***', 'tasks', 'run', 'dados_climaticos_estruturados', 'criar_pasta', 'scheduled__2024-05-17T09:20:00+00:00', '--job-id', '182', '--raw', '--subdir', 'DAGS_FOLDER/weather/custom_dags/dados_climaticos_estruturados.py', '--cfg-path', '/tmp/tmpyvkonr78']
[2024-05-29T00:31:45.508+0000] {standard_task_runner.py:91} INFO - Job 182: Subtask criar_pasta
[2024-05-29T00:31:45.587+0000] {task_command.py:426} INFO - Running <TaskInstance: dados_climaticos_estruturados.criar_pasta scheduled__2024-05-17T09:20:00+00:00 [running]> on host 0473b835f7f4
[2024-05-29T00:31:45.702+0000] {taskinstance.py:2648} INFO - Exporting env vars: AIRFLOW_CTX_DAG_OWNER='***' AIRFLOW_CTX_DAG_ID='dados_climaticos_estruturados' AIRFLOW_CTX_TASK_ID='criar_pasta' AIRFLOW_CTX_EXECUTION_DATE='2024-05-17T09:20:00+00:00' AIRFLOW_CTX_TRY_NUMBER='1' AIRFLOW_CTX_DAG_RUN_ID='scheduled__2024-05-17T09:20:00+00:00'
[2024-05-29T00:31:45.704+0000] {taskinstance.py:430} INFO - ::endgroup::
[2024-05-29T00:31:45.705+0000] {taskinstance.py:441} INFO - ::group::Post task execution logs
[2024-05-29T00:31:45.706+0000] {taskinstance.py:2905} ERROR - Task failed with exception
Traceback (most recent call last):
  File "/home/airflow/.local/lib/python3.12/site-packages/airflow/models/taskinstance.py", line 465, in _execute_task
    result = _execute_callable(context=context, **execute_callable_kwargs)
             ^^^^^^^^^^^^^^^^^^^^^^^^^^^^^^^^^^^^^^^^^^^^^^^^^^^^^^^^^^^^^
  File "/home/airflow/.local/lib/python3.12/site-packages/airflow/models/taskinstance.py", line 432, in _execute_callable
    return execute_callable(context=context, **execute_callable_kwargs)
           ^^^^^^^^^^^^^^^^^^^^^^^^^^^^^^^^^^^^^^^^^^^^^^^^^^^^^^^^^^^^
  File "/home/airflow/.local/lib/python3.12/site-packages/airflow/models/baseoperator.py", line 400, in wrapper
    return func(self, *args, **kwargs)
           ^^^^^^^^^^^^^^^^^^^^^^^^^^^
  File "/home/airflow/.local/lib/python3.12/site-packages/airflow/operators/python.py", line 235, in execute
    return_value = self.execute_callable()
                   ^^^^^^^^^^^^^^^^^^^^^^^
  File "/home/airflow/.local/lib/python3.12/site-packages/airflow/operators/python.py", line 252, in execute_callable
    return self.python_callable(*self.op_args, **self.op_kwargs)
           ^^^^^^^^^^^^^^^^^^^^^^^^^^^^^^^^^^^^^^^^^^^^^^^^^^^^^
  File "/opt/airflow/dags/weather/custom_dags/dados_climaticos_estruturados.py", line 18, in pegar_data_e_criar_pasta
    Path(caminho).mkdir(parents=True, exist_ok=True)
    ^^^^
NameError: name 'Path' is not defined
[2024-05-29T00:31:45.719+0000] {taskinstance.py:1206} INFO - Marking task as FAILED. dag_id=dados_climaticos_estruturados, task_id=criar_pasta, run_id=scheduled__2024-05-17T09:20:00+00:00, execution_date=20240517T092000, start_date=20240529T003145, end_date=20240529T003145
[2024-05-29T00:31:45.738+0000] {standard_task_runner.py:110} ERROR - Failed to execute job 182 for task criar_pasta (name 'Path' is not defined; 387)
[2024-05-29T00:31:45.770+0000] {local_task_job_runner.py:240} INFO - Task exited with return code 1
[2024-05-29T00:31:45.804+0000] {taskinstance.py:3498} INFO - 0 downstream tasks scheduled from follow-on schedule check
[2024-05-29T00:31:45.810+0000] {local_task_job_runner.py:222} INFO - ::endgroup::
[2024-05-29T01:43:26.347+0000] {local_task_job_runner.py:120} INFO - ::group::Pre task execution logs
[2024-05-29T01:43:26.452+0000] {taskinstance.py:2076} INFO - Dependencies all met for dep_context=non-requeueable deps ti=<TaskInstance: dados_climaticos_estruturados.criar_pasta scheduled__2024-05-17T09:20:00+00:00 [queued]>
[2024-05-29T01:43:26.486+0000] {taskinstance.py:2076} INFO - Dependencies all met for dep_context=requeueable deps ti=<TaskInstance: dados_climaticos_estruturados.criar_pasta scheduled__2024-05-17T09:20:00+00:00 [queued]>
[2024-05-29T01:43:26.492+0000] {taskinstance.py:2306} INFO - Starting attempt 1 of 1
[2024-05-29T01:43:26.567+0000] {taskinstance.py:2330} INFO - Executing <Task(PythonOperator): criar_pasta> on 2024-05-17 09:20:00+00:00
[2024-05-29T01:43:26.589+0000] {warnings.py:110} WARNING - /home/***/.local/lib/python3.12/site-packages/***/task/task_runner/standard_task_runner.py:61: DeprecationWarning: This process (pid=495) is multi-threaded, use of fork() may lead to deadlocks in the child.
  pid = os.fork()

[2024-05-29T01:43:26.596+0000] {standard_task_runner.py:63} INFO - Started process 517 to run task
[2024-05-29T01:43:26.594+0000] {standard_task_runner.py:90} INFO - Running: ['***', 'tasks', 'run', 'dados_climaticos_estruturados', 'criar_pasta', 'scheduled__2024-05-17T09:20:00+00:00', '--job-id', '286', '--raw', '--subdir', 'DAGS_FOLDER/weather/custom_dags/dados_climaticos_estruturados.py', '--cfg-path', '/tmp/tmp_w9vgzw5']
[2024-05-29T01:43:26.600+0000] {standard_task_runner.py:91} INFO - Job 286: Subtask criar_pasta
[2024-05-29T01:43:26.904+0000] {task_command.py:426} INFO - Running <TaskInstance: dados_climaticos_estruturados.criar_pasta scheduled__2024-05-17T09:20:00+00:00 [running]> on host 6665b0710315
[2024-05-29T01:43:27.188+0000] {taskinstance.py:2648} INFO - Exporting env vars: AIRFLOW_CTX_DAG_OWNER='***' AIRFLOW_CTX_DAG_ID='dados_climaticos_estruturados' AIRFLOW_CTX_TASK_ID='criar_pasta' AIRFLOW_CTX_EXECUTION_DATE='2024-05-17T09:20:00+00:00' AIRFLOW_CTX_TRY_NUMBER='1' AIRFLOW_CTX_DAG_RUN_ID='scheduled__2024-05-17T09:20:00+00:00'
[2024-05-29T01:43:27.203+0000] {taskinstance.py:430} INFO - ::endgroup::
[2024-05-29T01:43:27.212+0000] {python.py:237} INFO - Done. Returned value was: None
[2024-05-29T01:43:27.216+0000] {taskinstance.py:441} INFO - ::group::Post task execution logs
[2024-05-29T01:43:27.250+0000] {taskinstance.py:1206} INFO - Marking task as SUCCESS. dag_id=dados_climaticos_estruturados, task_id=criar_pasta, run_id=scheduled__2024-05-17T09:20:00+00:00, execution_date=20240517T092000, start_date=20240529T014326, end_date=20240529T014327
[2024-05-29T01:43:27.332+0000] {local_task_job_runner.py:240} INFO - Task exited with return code 0
[2024-05-29T01:43:27.385+0000] {taskinstance.py:3498} INFO - 1 downstream tasks scheduled from follow-on schedule check
[2024-05-29T01:43:27.399+0000] {local_task_job_runner.py:222} INFO - ::endgroup::
