[2024-06-05T01:05:26.905+0000] {local_task_job_runner.py:120} INFO - ::group::Pre task execution logs
[2024-06-05T01:05:26.964+0000] {taskinstance.py:2076} INFO - Dependencies all met for dep_context=non-requeueable deps ti=<TaskInstance: dados_climaticos_estruturados.criar_pasta scheduled__2024-05-31T10:40:00+00:00 [queued]>
[2024-06-05T01:05:26.987+0000] {taskinstance.py:2076} INFO - Dependencies all met for dep_context=requeueable deps ti=<TaskInstance: dados_climaticos_estruturados.criar_pasta scheduled__2024-05-31T10:40:00+00:00 [queued]>
[2024-06-05T01:05:26.989+0000] {taskinstance.py:2306} INFO - Starting attempt 1 of 1
[2024-06-05T01:05:27.053+0000] {taskinstance.py:2330} INFO - Executing <Task(PythonOperator): criar_pasta> on 2024-05-31 10:40:00+00:00
[2024-06-05T01:05:27.066+0000] {warnings.py:110} WARNING - /home/***/.local/lib/python3.12/site-packages/***/task/task_runner/standard_task_runner.py:61: DeprecationWarning: This process (pid=4600) is multi-threaded, use of fork() may lead to deadlocks in the child.
  pid = os.fork()

[2024-06-05T01:05:27.069+0000] {standard_task_runner.py:63} INFO - Started process 4637 to run task
[2024-06-05T01:05:27.073+0000] {standard_task_runner.py:90} INFO - Running: ['***', 'tasks', 'run', 'dados_climaticos_estruturados', 'criar_pasta', 'scheduled__2024-05-31T10:40:00+00:00', '--job-id', '1853', '--raw', '--subdir', 'DAGS_FOLDER/weather/custom_dags/dados_climaticos_estruturados.py', '--cfg-path', '/tmp/tmp7pzuuo9g']
[2024-06-05T01:05:27.081+0000] {standard_task_runner.py:91} INFO - Job 1853: Subtask criar_pasta
[2024-06-05T01:05:27.238+0000] {task_command.py:426} INFO - Running <TaskInstance: dados_climaticos_estruturados.criar_pasta scheduled__2024-05-31T10:40:00+00:00 [running]> on host 6665b0710315
[2024-06-05T01:05:27.497+0000] {taskinstance.py:2648} INFO - Exporting env vars: AIRFLOW_CTX_DAG_OWNER='***' AIRFLOW_CTX_DAG_ID='dados_climaticos_estruturados' AIRFLOW_CTX_TASK_ID='criar_pasta' AIRFLOW_CTX_EXECUTION_DATE='2024-05-31T10:40:00+00:00' AIRFLOW_CTX_TRY_NUMBER='1' AIRFLOW_CTX_DAG_RUN_ID='scheduled__2024-05-31T10:40:00+00:00'
[2024-06-05T01:05:27.505+0000] {taskinstance.py:430} INFO - ::endgroup::
[2024-06-05T01:05:27.511+0000] {python.py:237} INFO - Done. Returned value was: None
[2024-06-05T01:05:27.514+0000] {taskinstance.py:441} INFO - ::group::Post task execution logs
[2024-06-05T01:05:27.539+0000] {taskinstance.py:1206} INFO - Marking task as SUCCESS. dag_id=dados_climaticos_estruturados, task_id=criar_pasta, run_id=scheduled__2024-05-31T10:40:00+00:00, execution_date=20240531T104000, start_date=20240605T010526, end_date=20240605T010527
[2024-06-05T01:05:27.628+0000] {local_task_job_runner.py:240} INFO - Task exited with return code 0
[2024-06-05T01:05:27.669+0000] {local_task_job_runner.py:222} INFO - ::endgroup::
[2024-06-05T01:44:52.120+0000] {local_task_job_runner.py:120} INFO - ::group::Pre task execution logs
[2024-06-05T01:44:52.208+0000] {taskinstance.py:2076} INFO - Dependencies all met for dep_context=non-requeueable deps ti=<TaskInstance: dados_climaticos_estruturados.criar_pasta scheduled__2024-05-31T10:40:00+00:00 [queued]>
[2024-06-05T01:44:52.244+0000] {taskinstance.py:2076} INFO - Dependencies all met for dep_context=requeueable deps ti=<TaskInstance: dados_climaticos_estruturados.criar_pasta scheduled__2024-05-31T10:40:00+00:00 [queued]>
[2024-06-05T01:44:52.246+0000] {taskinstance.py:2306} INFO - Starting attempt 1 of 1
[2024-06-05T01:44:52.298+0000] {taskinstance.py:2330} INFO - Executing <Task(PythonOperator): criar_pasta> on 2024-05-31 10:40:00+00:00
[2024-06-05T01:44:52.324+0000] {warnings.py:110} WARNING - /home/***/.local/lib/python3.12/site-packages/***/task/task_runner/standard_task_runner.py:61: DeprecationWarning: This process (pid=4585) is multi-threaded, use of fork() may lead to deadlocks in the child.
  pid = os.fork()

[2024-06-05T01:44:52.327+0000] {standard_task_runner.py:63} INFO - Started process 4621 to run task
[2024-06-05T01:44:52.328+0000] {standard_task_runner.py:90} INFO - Running: ['***', 'tasks', 'run', 'dados_climaticos_estruturados', 'criar_pasta', 'scheduled__2024-05-31T10:40:00+00:00', '--job-id', '1466', '--raw', '--subdir', 'DAGS_FOLDER/weather/custom_dags/dados_climaticos_estruturados.py', '--cfg-path', '/tmp/tmpi5x9qend']
[2024-06-05T01:44:52.337+0000] {standard_task_runner.py:91} INFO - Job 1466: Subtask criar_pasta
[2024-06-05T01:44:52.511+0000] {task_command.py:426} INFO - Running <TaskInstance: dados_climaticos_estruturados.criar_pasta scheduled__2024-05-31T10:40:00+00:00 [running]> on host 80232deae70a
[2024-06-05T01:44:52.885+0000] {taskinstance.py:2648} INFO - Exporting env vars: AIRFLOW_CTX_DAG_OWNER='***' AIRFLOW_CTX_DAG_ID='dados_climaticos_estruturados' AIRFLOW_CTX_TASK_ID='criar_pasta' AIRFLOW_CTX_EXECUTION_DATE='2024-05-31T10:40:00+00:00' AIRFLOW_CTX_TRY_NUMBER='1' AIRFLOW_CTX_DAG_RUN_ID='scheduled__2024-05-31T10:40:00+00:00'
[2024-06-05T01:44:52.890+0000] {taskinstance.py:430} INFO - ::endgroup::
[2024-06-05T01:44:52.900+0000] {python.py:237} INFO - Done. Returned value was: None
[2024-06-05T01:44:52.903+0000] {taskinstance.py:441} INFO - ::group::Post task execution logs
[2024-06-05T01:44:52.937+0000] {taskinstance.py:1206} INFO - Marking task as SUCCESS. dag_id=dados_climaticos_estruturados, task_id=criar_pasta, run_id=scheduled__2024-05-31T10:40:00+00:00, execution_date=20240531T104000, start_date=20240605T014452, end_date=20240605T014452
[2024-06-05T01:44:53.060+0000] {local_task_job_runner.py:240} INFO - Task exited with return code 0
[2024-06-05T01:44:53.170+0000] {taskinstance.py:3498} INFO - 1 downstream tasks scheduled from follow-on schedule check
[2024-06-05T01:44:53.186+0000] {local_task_job_runner.py:222} INFO - ::endgroup::
