[2024-06-05T00:54:22.658+0000] {local_task_job_runner.py:120} INFO - ::group::Pre task execution logs
[2024-06-05T00:54:22.757+0000] {taskinstance.py:2076} INFO - Dependencies all met for dep_context=non-requeueable deps ti=<TaskInstance: dados_climaticos_estruturados.criar_pasta scheduled__2024-05-29T03:30:00+00:00 [queued]>
[2024-06-05T00:54:22.790+0000] {taskinstance.py:2076} INFO - Dependencies all met for dep_context=requeueable deps ti=<TaskInstance: dados_climaticos_estruturados.criar_pasta scheduled__2024-05-29T03:30:00+00:00 [queued]>
[2024-06-05T00:54:22.793+0000] {taskinstance.py:2306} INFO - Starting attempt 1 of 1
[2024-06-05T00:54:22.837+0000] {taskinstance.py:2330} INFO - Executing <Task(PythonOperator): criar_pasta> on 2024-05-29 03:30:00+00:00
[2024-06-05T00:54:22.852+0000] {warnings.py:110} WARNING - /home/***/.local/lib/python3.12/site-packages/***/task/task_runner/standard_task_runner.py:61: DeprecationWarning: This process (pid=487) is multi-threaded, use of fork() may lead to deadlocks in the child.
  pid = os.fork()

[2024-06-05T00:54:22.855+0000] {standard_task_runner.py:63} INFO - Started process 519 to run task
[2024-06-05T00:54:22.862+0000] {standard_task_runner.py:90} INFO - Running: ['***', 'tasks', 'run', 'dados_climaticos_estruturados', 'criar_pasta', 'scheduled__2024-05-29T03:30:00+00:00', '--job-id', '527', '--raw', '--subdir', 'DAGS_FOLDER/weather/custom_dags/dados_climaticos_estruturados.py', '--cfg-path', '/tmp/tmppp6r3g0s']
[2024-06-05T00:54:22.866+0000] {standard_task_runner.py:91} INFO - Job 527: Subtask criar_pasta
[2024-06-05T00:54:22.989+0000] {task_command.py:426} INFO - Running <TaskInstance: dados_climaticos_estruturados.criar_pasta scheduled__2024-05-29T03:30:00+00:00 [running]> on host 6665b0710315
[2024-06-05T00:54:23.312+0000] {taskinstance.py:2648} INFO - Exporting env vars: AIRFLOW_CTX_DAG_OWNER='***' AIRFLOW_CTX_DAG_ID='dados_climaticos_estruturados' AIRFLOW_CTX_TASK_ID='criar_pasta' AIRFLOW_CTX_EXECUTION_DATE='2024-05-29T03:30:00+00:00' AIRFLOW_CTX_TRY_NUMBER='1' AIRFLOW_CTX_DAG_RUN_ID='scheduled__2024-05-29T03:30:00+00:00'
[2024-06-05T00:54:23.315+0000] {taskinstance.py:430} INFO - ::endgroup::
[2024-06-05T00:54:23.321+0000] {python.py:237} INFO - Done. Returned value was: None
[2024-06-05T00:54:23.323+0000] {taskinstance.py:441} INFO - ::group::Post task execution logs
[2024-06-05T00:54:23.354+0000] {taskinstance.py:1206} INFO - Marking task as SUCCESS. dag_id=dados_climaticos_estruturados, task_id=criar_pasta, run_id=scheduled__2024-05-29T03:30:00+00:00, execution_date=20240529T033000, start_date=20240605T005422, end_date=20240605T005423
[2024-06-05T00:54:23.441+0000] {local_task_job_runner.py:240} INFO - Task exited with return code 0
[2024-06-05T00:54:23.487+0000] {local_task_job_runner.py:222} INFO - ::endgroup::
[2024-06-05T01:34:00.127+0000] {local_task_job_runner.py:120} INFO - ::group::Pre task execution logs
[2024-06-05T01:34:00.219+0000] {taskinstance.py:2076} INFO - Dependencies all met for dep_context=non-requeueable deps ti=<TaskInstance: dados_climaticos_estruturados.criar_pasta scheduled__2024-05-29T03:30:00+00:00 [queued]>
[2024-06-05T01:34:00.240+0000] {taskinstance.py:2076} INFO - Dependencies all met for dep_context=requeueable deps ti=<TaskInstance: dados_climaticos_estruturados.criar_pasta scheduled__2024-05-29T03:30:00+00:00 [queued]>
[2024-06-05T01:34:00.243+0000] {taskinstance.py:2306} INFO - Starting attempt 1 of 1
[2024-06-05T01:34:00.368+0000] {taskinstance.py:2330} INFO - Executing <Task(PythonOperator): criar_pasta> on 2024-05-29 03:30:00+00:00
[2024-06-05T01:34:00.405+0000] {warnings.py:110} WARNING - /home/***/.local/lib/python3.12/site-packages/***/task/task_runner/standard_task_runner.py:61: DeprecationWarning: This process (pid=479) is multi-threaded, use of fork() may lead to deadlocks in the child.
  pid = os.fork()

[2024-06-05T01:34:00.412+0000] {standard_task_runner.py:63} INFO - Started process 508 to run task
[2024-06-05T01:34:00.409+0000] {standard_task_runner.py:90} INFO - Running: ['***', 'tasks', 'run', 'dados_climaticos_estruturados', 'criar_pasta', 'scheduled__2024-05-29T03:30:00+00:00', '--job-id', '140', '--raw', '--subdir', 'DAGS_FOLDER/weather/custom_dags/dados_climaticos_estruturados.py', '--cfg-path', '/tmp/tmpfw9pfea9']
[2024-06-05T01:34:00.421+0000] {standard_task_runner.py:91} INFO - Job 140: Subtask criar_pasta
[2024-06-05T01:34:00.664+0000] {task_command.py:426} INFO - Running <TaskInstance: dados_climaticos_estruturados.criar_pasta scheduled__2024-05-29T03:30:00+00:00 [running]> on host 80232deae70a
[2024-06-05T01:34:00.995+0000] {taskinstance.py:2648} INFO - Exporting env vars: AIRFLOW_CTX_DAG_OWNER='***' AIRFLOW_CTX_DAG_ID='dados_climaticos_estruturados' AIRFLOW_CTX_TASK_ID='criar_pasta' AIRFLOW_CTX_EXECUTION_DATE='2024-05-29T03:30:00+00:00' AIRFLOW_CTX_TRY_NUMBER='1' AIRFLOW_CTX_DAG_RUN_ID='scheduled__2024-05-29T03:30:00+00:00'
[2024-06-05T01:34:01.000+0000] {taskinstance.py:430} INFO - ::endgroup::
[2024-06-05T01:34:01.005+0000] {python.py:237} INFO - Done. Returned value was: None
[2024-06-05T01:34:01.010+0000] {taskinstance.py:441} INFO - ::group::Post task execution logs
[2024-06-05T01:34:01.040+0000] {taskinstance.py:1206} INFO - Marking task as SUCCESS. dag_id=dados_climaticos_estruturados, task_id=criar_pasta, run_id=scheduled__2024-05-29T03:30:00+00:00, execution_date=20240529T033000, start_date=20240605T013400, end_date=20240605T013401
[2024-06-05T01:34:01.105+0000] {local_task_job_runner.py:240} INFO - Task exited with return code 0
[2024-06-05T01:34:01.129+0000] {local_task_job_runner.py:222} INFO - ::endgroup::
