[2024-06-05T00:55:44.375+0000] {local_task_job_runner.py:120} INFO - ::group::Pre task execution logs
[2024-06-05T00:55:44.418+0000] {taskinstance.py:2076} INFO - Dependencies all met for dep_context=non-requeueable deps ti=<TaskInstance: dados_climaticos_estruturados.criar_pasta scheduled__2024-05-29T11:00:00+00:00 [queued]>
[2024-06-05T00:55:44.433+0000] {taskinstance.py:2076} INFO - Dependencies all met for dep_context=requeueable deps ti=<TaskInstance: dados_climaticos_estruturados.criar_pasta scheduled__2024-05-29T11:00:00+00:00 [queued]>
[2024-06-05T00:55:44.437+0000] {taskinstance.py:2306} INFO - Starting attempt 1 of 1
[2024-06-05T00:55:44.465+0000] {taskinstance.py:2330} INFO - Executing <Task(PythonOperator): criar_pasta> on 2024-05-29 11:00:00+00:00
[2024-06-05T00:55:44.480+0000] {warnings.py:110} WARNING - /home/***/.local/lib/python3.12/site-packages/***/task/task_runner/standard_task_runner.py:61: DeprecationWarning: This process (pid=1063) is multi-threaded, use of fork() may lead to deadlocks in the child.
  pid = os.fork()

[2024-06-05T00:55:44.484+0000] {standard_task_runner.py:63} INFO - Started process 1083 to run task
[2024-06-05T00:55:44.489+0000] {standard_task_runner.py:90} INFO - Running: ['***', 'tasks', 'run', 'dados_climaticos_estruturados', 'criar_pasta', 'scheduled__2024-05-29T11:00:00+00:00', '--job-id', '712', '--raw', '--subdir', 'DAGS_FOLDER/weather/custom_dags/dados_climaticos_estruturados.py', '--cfg-path', '/tmp/tmpxyhl1bzt']
[2024-06-05T00:55:44.494+0000] {standard_task_runner.py:91} INFO - Job 712: Subtask criar_pasta
[2024-06-05T00:55:44.617+0000] {task_command.py:426} INFO - Running <TaskInstance: dados_climaticos_estruturados.criar_pasta scheduled__2024-05-29T11:00:00+00:00 [running]> on host 6665b0710315
[2024-06-05T00:55:44.830+0000] {taskinstance.py:2648} INFO - Exporting env vars: AIRFLOW_CTX_DAG_OWNER='***' AIRFLOW_CTX_DAG_ID='dados_climaticos_estruturados' AIRFLOW_CTX_TASK_ID='criar_pasta' AIRFLOW_CTX_EXECUTION_DATE='2024-05-29T11:00:00+00:00' AIRFLOW_CTX_TRY_NUMBER='1' AIRFLOW_CTX_DAG_RUN_ID='scheduled__2024-05-29T11:00:00+00:00'
[2024-06-05T00:55:44.835+0000] {taskinstance.py:430} INFO - ::endgroup::
[2024-06-05T00:55:44.837+0000] {python.py:237} INFO - Done. Returned value was: None
[2024-06-05T00:55:44.838+0000] {taskinstance.py:441} INFO - ::group::Post task execution logs
[2024-06-05T00:55:44.854+0000] {taskinstance.py:1206} INFO - Marking task as SUCCESS. dag_id=dados_climaticos_estruturados, task_id=criar_pasta, run_id=scheduled__2024-05-29T11:00:00+00:00, execution_date=20240529T110000, start_date=20240605T005544, end_date=20240605T005544
[2024-06-05T00:55:44.918+0000] {local_task_job_runner.py:240} INFO - Task exited with return code 0
[2024-06-05T00:55:44.951+0000] {taskinstance.py:3498} INFO - 1 downstream tasks scheduled from follow-on schedule check
[2024-06-05T00:55:44.955+0000] {local_task_job_runner.py:222} INFO - ::endgroup::
[2024-06-05T01:35:34.852+0000] {local_task_job_runner.py:120} INFO - ::group::Pre task execution logs
[2024-06-05T01:35:34.891+0000] {taskinstance.py:2076} INFO - Dependencies all met for dep_context=non-requeueable deps ti=<TaskInstance: dados_climaticos_estruturados.criar_pasta scheduled__2024-05-29T11:00:00+00:00 [queued]>
[2024-06-05T01:35:34.909+0000] {taskinstance.py:2076} INFO - Dependencies all met for dep_context=requeueable deps ti=<TaskInstance: dados_climaticos_estruturados.criar_pasta scheduled__2024-05-29T11:00:00+00:00 [queued]>
[2024-06-05T01:35:34.910+0000] {taskinstance.py:2306} INFO - Starting attempt 1 of 1
[2024-06-05T01:35:34.946+0000] {taskinstance.py:2330} INFO - Executing <Task(PythonOperator): criar_pasta> on 2024-05-29 11:00:00+00:00
[2024-06-05T01:35:34.963+0000] {warnings.py:110} WARNING - /home/***/.local/lib/python3.12/site-packages/***/task/task_runner/standard_task_runner.py:61: DeprecationWarning: This process (pid=1053) is multi-threaded, use of fork() may lead to deadlocks in the child.
  pid = os.fork()

[2024-06-05T01:35:34.972+0000] {standard_task_runner.py:63} INFO - Started process 1072 to run task
[2024-06-05T01:35:34.970+0000] {standard_task_runner.py:90} INFO - Running: ['***', 'tasks', 'run', 'dados_climaticos_estruturados', 'criar_pasta', 'scheduled__2024-05-29T11:00:00+00:00', '--job-id', '325', '--raw', '--subdir', 'DAGS_FOLDER/weather/custom_dags/dados_climaticos_estruturados.py', '--cfg-path', '/tmp/tmpjpon7n4g']
[2024-06-05T01:35:34.978+0000] {standard_task_runner.py:91} INFO - Job 325: Subtask criar_pasta
[2024-06-05T01:35:35.125+0000] {task_command.py:426} INFO - Running <TaskInstance: dados_climaticos_estruturados.criar_pasta scheduled__2024-05-29T11:00:00+00:00 [running]> on host 80232deae70a
[2024-06-05T01:35:35.494+0000] {taskinstance.py:2648} INFO - Exporting env vars: AIRFLOW_CTX_DAG_OWNER='***' AIRFLOW_CTX_DAG_ID='dados_climaticos_estruturados' AIRFLOW_CTX_TASK_ID='criar_pasta' AIRFLOW_CTX_EXECUTION_DATE='2024-05-29T11:00:00+00:00' AIRFLOW_CTX_TRY_NUMBER='1' AIRFLOW_CTX_DAG_RUN_ID='scheduled__2024-05-29T11:00:00+00:00'
[2024-06-05T01:35:35.504+0000] {taskinstance.py:430} INFO - ::endgroup::
[2024-06-05T01:35:35.521+0000] {python.py:237} INFO - Done. Returned value was: None
[2024-06-05T01:35:35.523+0000] {taskinstance.py:441} INFO - ::group::Post task execution logs
[2024-06-05T01:35:35.570+0000] {taskinstance.py:1206} INFO - Marking task as SUCCESS. dag_id=dados_climaticos_estruturados, task_id=criar_pasta, run_id=scheduled__2024-05-29T11:00:00+00:00, execution_date=20240529T110000, start_date=20240605T013534, end_date=20240605T013535
[2024-06-05T01:35:35.679+0000] {local_task_job_runner.py:240} INFO - Task exited with return code 0
[2024-06-05T01:35:35.741+0000] {taskinstance.py:3498} INFO - 1 downstream tasks scheduled from follow-on schedule check
[2024-06-05T01:35:35.745+0000] {local_task_job_runner.py:222} INFO - ::endgroup::
