[2024-06-05T00:53:08.218+0000] {local_task_job_runner.py:120} INFO - ::group::Pre task execution logs
[2024-06-05T00:53:08.488+0000] {taskinstance.py:2076} INFO - Dependencies all met for dep_context=non-requeueable deps ti=<TaskInstance: dados_climaticos_estruturados.criar_pasta scheduled__2024-05-28T22:30:00+00:00 [queued]>
[2024-06-05T00:53:08.518+0000] {taskinstance.py:2076} INFO - Dependencies all met for dep_context=requeueable deps ti=<TaskInstance: dados_climaticos_estruturados.criar_pasta scheduled__2024-05-28T22:30:00+00:00 [queued]>
[2024-06-05T00:53:08.524+0000] {taskinstance.py:2306} INFO - Starting attempt 1 of 1
[2024-06-05T00:53:08.892+0000] {taskinstance.py:2330} INFO - Executing <Task(PythonOperator): criar_pasta> on 2024-05-28 22:30:00+00:00
[2024-06-05T00:53:08.927+0000] {warnings.py:110} WARNING - /home/***/.local/lib/python3.12/site-packages/***/task/task_runner/standard_task_runner.py:61: DeprecationWarning: This process (pid=92) is multi-threaded, use of fork() may lead to deadlocks in the child.
  pid = os.fork()

[2024-06-05T00:53:08.932+0000] {standard_task_runner.py:63} INFO - Started process 132 to run task
[2024-06-05T00:53:08.932+0000] {standard_task_runner.py:90} INFO - Running: ['***', 'tasks', 'run', 'dados_climaticos_estruturados', 'criar_pasta', 'scheduled__2024-05-28T22:30:00+00:00', '--job-id', '403', '--raw', '--subdir', 'DAGS_FOLDER/weather/custom_dags/dados_climaticos_estruturados.py', '--cfg-path', '/tmp/tmpz_5j08ls']
[2024-06-05T00:53:08.940+0000] {standard_task_runner.py:91} INFO - Job 403: Subtask criar_pasta
[2024-06-05T00:53:09.181+0000] {task_command.py:426} INFO - Running <TaskInstance: dados_climaticos_estruturados.criar_pasta scheduled__2024-05-28T22:30:00+00:00 [running]> on host 6665b0710315
[2024-06-05T00:53:09.580+0000] {taskinstance.py:2648} INFO - Exporting env vars: AIRFLOW_CTX_DAG_OWNER='***' AIRFLOW_CTX_DAG_ID='dados_climaticos_estruturados' AIRFLOW_CTX_TASK_ID='criar_pasta' AIRFLOW_CTX_EXECUTION_DATE='2024-05-28T22:30:00+00:00' AIRFLOW_CTX_TRY_NUMBER='1' AIRFLOW_CTX_DAG_RUN_ID='scheduled__2024-05-28T22:30:00+00:00'
[2024-06-05T00:53:09.583+0000] {taskinstance.py:430} INFO - ::endgroup::
[2024-06-05T00:53:09.588+0000] {python.py:237} INFO - Done. Returned value was: None
[2024-06-05T00:53:09.589+0000] {taskinstance.py:441} INFO - ::group::Post task execution logs
[2024-06-05T00:53:09.621+0000] {taskinstance.py:1206} INFO - Marking task as SUCCESS. dag_id=dados_climaticos_estruturados, task_id=criar_pasta, run_id=scheduled__2024-05-28T22:30:00+00:00, execution_date=20240528T223000, start_date=20240605T005308, end_date=20240605T005309
[2024-06-05T00:53:09.768+0000] {local_task_job_runner.py:240} INFO - Task exited with return code 0
[2024-06-05T00:53:09.841+0000] {taskinstance.py:3498} INFO - 1 downstream tasks scheduled from follow-on schedule check
[2024-06-05T00:53:16.905+0000] {local_task_job_runner.py:222} INFO - ::endgroup::
[2024-06-05T01:32:57.517+0000] {local_task_job_runner.py:120} INFO - ::group::Pre task execution logs
[2024-06-05T01:32:57.592+0000] {taskinstance.py:2076} INFO - Dependencies all met for dep_context=non-requeueable deps ti=<TaskInstance: dados_climaticos_estruturados.criar_pasta scheduled__2024-05-28T22:30:00+00:00 [queued]>
[2024-06-05T01:32:57.632+0000] {taskinstance.py:2076} INFO - Dependencies all met for dep_context=requeueable deps ti=<TaskInstance: dados_climaticos_estruturados.criar_pasta scheduled__2024-05-28T22:30:00+00:00 [queued]>
[2024-06-05T01:32:57.635+0000] {taskinstance.py:2306} INFO - Starting attempt 1 of 1
[2024-06-05T01:32:57.812+0000] {taskinstance.py:2330} INFO - Executing <Task(PythonOperator): criar_pasta> on 2024-05-28 22:30:00+00:00
[2024-06-05T01:32:57.884+0000] {warnings.py:110} WARNING - /home/***/.local/lib/python3.12/site-packages/***/task/task_runner/standard_task_runner.py:61: DeprecationWarning: This process (pid=94) is multi-threaded, use of fork() may lead to deadlocks in the child.
  pid = os.fork()

[2024-06-05T01:32:57.894+0000] {standard_task_runner.py:63} INFO - Started process 128 to run task
[2024-06-05T01:32:57.894+0000] {standard_task_runner.py:90} INFO - Running: ['***', 'tasks', 'run', 'dados_climaticos_estruturados', 'criar_pasta', 'scheduled__2024-05-28T22:30:00+00:00', '--job-id', '16', '--raw', '--subdir', 'DAGS_FOLDER/weather/custom_dags/dados_climaticos_estruturados.py', '--cfg-path', '/tmp/tmp_yfjpu34']
[2024-06-05T01:32:57.898+0000] {standard_task_runner.py:91} INFO - Job 16: Subtask criar_pasta
[2024-06-05T01:32:58.132+0000] {task_command.py:426} INFO - Running <TaskInstance: dados_climaticos_estruturados.criar_pasta scheduled__2024-05-28T22:30:00+00:00 [running]> on host 80232deae70a
[2024-06-05T01:32:58.581+0000] {taskinstance.py:2648} INFO - Exporting env vars: AIRFLOW_CTX_DAG_OWNER='***' AIRFLOW_CTX_DAG_ID='dados_climaticos_estruturados' AIRFLOW_CTX_TASK_ID='criar_pasta' AIRFLOW_CTX_EXECUTION_DATE='2024-05-28T22:30:00+00:00' AIRFLOW_CTX_TRY_NUMBER='1' AIRFLOW_CTX_DAG_RUN_ID='scheduled__2024-05-28T22:30:00+00:00'
[2024-06-05T01:32:58.608+0000] {taskinstance.py:430} INFO - ::endgroup::
[2024-06-05T01:32:58.613+0000] {python.py:237} INFO - Done. Returned value was: None
[2024-06-05T01:32:58.615+0000] {taskinstance.py:441} INFO - ::group::Post task execution logs
[2024-06-05T01:32:58.664+0000] {taskinstance.py:1206} INFO - Marking task as SUCCESS. dag_id=dados_climaticos_estruturados, task_id=criar_pasta, run_id=scheduled__2024-05-28T22:30:00+00:00, execution_date=20240528T223000, start_date=20240605T013257, end_date=20240605T013258
[2024-06-05T01:32:58.935+0000] {local_task_job_runner.py:240} INFO - Task exited with return code 0
[2024-06-05T01:32:59.004+0000] {local_task_job_runner.py:222} INFO - ::endgroup::
