[2024-06-05T00:55:17.470+0000] {local_task_job_runner.py:120} INFO - ::group::Pre task execution logs
[2024-06-05T00:55:17.522+0000] {taskinstance.py:2076} INFO - Dependencies all met for dep_context=non-requeueable deps ti=<TaskInstance: dados_climaticos_estruturados.criar_pasta scheduled__2024-05-29T08:35:00+00:00 [queued]>
[2024-06-05T00:55:17.536+0000] {taskinstance.py:2076} INFO - Dependencies all met for dep_context=requeueable deps ti=<TaskInstance: dados_climaticos_estruturados.criar_pasta scheduled__2024-05-29T08:35:00+00:00 [queued]>
[2024-06-05T00:55:17.537+0000] {taskinstance.py:2306} INFO - Starting attempt 1 of 1
[2024-06-05T00:55:17.566+0000] {taskinstance.py:2330} INFO - Executing <Task(PythonOperator): criar_pasta> on 2024-05-29 08:35:00+00:00
[2024-06-05T00:55:17.585+0000] {warnings.py:110} WARNING - /home/***/.local/lib/python3.12/site-packages/***/task/task_runner/standard_task_runner.py:61: DeprecationWarning: This process (pid=876) is multi-threaded, use of fork() may lead to deadlocks in the child.
  pid = os.fork()

[2024-06-05T00:55:17.587+0000] {standard_task_runner.py:63} INFO - Started process 903 to run task
[2024-06-05T00:55:17.594+0000] {standard_task_runner.py:90} INFO - Running: ['***', 'tasks', 'run', 'dados_climaticos_estruturados', 'criar_pasta', 'scheduled__2024-05-29T08:35:00+00:00', '--job-id', '651', '--raw', '--subdir', 'DAGS_FOLDER/weather/custom_dags/dados_climaticos_estruturados.py', '--cfg-path', '/tmp/tmpml3m1y7b']
[2024-06-05T00:55:17.596+0000] {standard_task_runner.py:91} INFO - Job 651: Subtask criar_pasta
[2024-06-05T00:55:17.699+0000] {task_command.py:426} INFO - Running <TaskInstance: dados_climaticos_estruturados.criar_pasta scheduled__2024-05-29T08:35:00+00:00 [running]> on host 6665b0710315
[2024-06-05T00:55:17.902+0000] {taskinstance.py:2648} INFO - Exporting env vars: AIRFLOW_CTX_DAG_OWNER='***' AIRFLOW_CTX_DAG_ID='dados_climaticos_estruturados' AIRFLOW_CTX_TASK_ID='criar_pasta' AIRFLOW_CTX_EXECUTION_DATE='2024-05-29T08:35:00+00:00' AIRFLOW_CTX_TRY_NUMBER='1' AIRFLOW_CTX_DAG_RUN_ID='scheduled__2024-05-29T08:35:00+00:00'
[2024-06-05T00:55:17.906+0000] {taskinstance.py:430} INFO - ::endgroup::
[2024-06-05T00:55:17.909+0000] {python.py:237} INFO - Done. Returned value was: None
[2024-06-05T00:55:17.910+0000] {taskinstance.py:441} INFO - ::group::Post task execution logs
[2024-06-05T00:55:17.929+0000] {taskinstance.py:1206} INFO - Marking task as SUCCESS. dag_id=dados_climaticos_estruturados, task_id=criar_pasta, run_id=scheduled__2024-05-29T08:35:00+00:00, execution_date=20240529T083500, start_date=20240605T005517, end_date=20240605T005517
[2024-06-05T00:55:17.986+0000] {local_task_job_runner.py:240} INFO - Task exited with return code 0
[2024-06-05T00:55:18.012+0000] {local_task_job_runner.py:222} INFO - ::endgroup::
[2024-06-05T01:35:05.527+0000] {local_task_job_runner.py:120} INFO - ::group::Pre task execution logs
[2024-06-05T01:35:05.568+0000] {taskinstance.py:2076} INFO - Dependencies all met for dep_context=non-requeueable deps ti=<TaskInstance: dados_climaticos_estruturados.criar_pasta scheduled__2024-05-29T08:35:00+00:00 [queued]>
[2024-06-05T01:35:05.583+0000] {taskinstance.py:2076} INFO - Dependencies all met for dep_context=requeueable deps ti=<TaskInstance: dados_climaticos_estruturados.criar_pasta scheduled__2024-05-29T08:35:00+00:00 [queued]>
[2024-06-05T01:35:05.584+0000] {taskinstance.py:2306} INFO - Starting attempt 1 of 1
[2024-06-05T01:35:05.637+0000] {taskinstance.py:2330} INFO - Executing <Task(PythonOperator): criar_pasta> on 2024-05-29 08:35:00+00:00
[2024-06-05T01:35:05.661+0000] {warnings.py:110} WARNING - /home/***/.local/lib/python3.12/site-packages/***/task/task_runner/standard_task_runner.py:61: DeprecationWarning: This process (pid=875) is multi-threaded, use of fork() may lead to deadlocks in the child.
  pid = os.fork()

[2024-06-05T01:35:05.673+0000] {standard_task_runner.py:63} INFO - Started process 895 to run task
[2024-06-05T01:35:05.683+0000] {standard_task_runner.py:90} INFO - Running: ['***', 'tasks', 'run', 'dados_climaticos_estruturados', 'criar_pasta', 'scheduled__2024-05-29T08:35:00+00:00', '--job-id', '266', '--raw', '--subdir', 'DAGS_FOLDER/weather/custom_dags/dados_climaticos_estruturados.py', '--cfg-path', '/tmp/tmp5u2tteu9']
[2024-06-05T01:35:05.692+0000] {standard_task_runner.py:91} INFO - Job 266: Subtask criar_pasta
[2024-06-05T01:35:05.810+0000] {task_command.py:426} INFO - Running <TaskInstance: dados_climaticos_estruturados.criar_pasta scheduled__2024-05-29T08:35:00+00:00 [running]> on host 80232deae70a
[2024-06-05T01:35:06.021+0000] {taskinstance.py:2648} INFO - Exporting env vars: AIRFLOW_CTX_DAG_OWNER='***' AIRFLOW_CTX_DAG_ID='dados_climaticos_estruturados' AIRFLOW_CTX_TASK_ID='criar_pasta' AIRFLOW_CTX_EXECUTION_DATE='2024-05-29T08:35:00+00:00' AIRFLOW_CTX_TRY_NUMBER='1' AIRFLOW_CTX_DAG_RUN_ID='scheduled__2024-05-29T08:35:00+00:00'
[2024-06-05T01:35:06.030+0000] {taskinstance.py:430} INFO - ::endgroup::
[2024-06-05T01:35:06.033+0000] {python.py:237} INFO - Done. Returned value was: None
[2024-06-05T01:35:06.043+0000] {taskinstance.py:441} INFO - ::group::Post task execution logs
[2024-06-05T01:35:06.078+0000] {taskinstance.py:1206} INFO - Marking task as SUCCESS. dag_id=dados_climaticos_estruturados, task_id=criar_pasta, run_id=scheduled__2024-05-29T08:35:00+00:00, execution_date=20240529T083500, start_date=20240605T013505, end_date=20240605T013506
[2024-06-05T01:35:06.163+0000] {local_task_job_runner.py:240} INFO - Task exited with return code 0
[2024-06-05T01:35:06.217+0000] {taskinstance.py:3498} INFO - 1 downstream tasks scheduled from follow-on schedule check
[2024-06-05T01:35:06.222+0000] {local_task_job_runner.py:222} INFO - ::endgroup::
