[2024-06-05T00:54:40.377+0000] {local_task_job_runner.py:120} INFO - ::group::Pre task execution logs
[2024-06-05T00:54:40.417+0000] {taskinstance.py:2076} INFO - Dependencies all met for dep_context=non-requeueable deps ti=<TaskInstance: dados_climaticos_estruturados.criar_pasta scheduled__2024-05-29T05:20:00+00:00 [queued]>
[2024-06-05T00:54:40.435+0000] {taskinstance.py:2076} INFO - Dependencies all met for dep_context=requeueable deps ti=<TaskInstance: dados_climaticos_estruturados.criar_pasta scheduled__2024-05-29T05:20:00+00:00 [queued]>
[2024-06-05T00:54:40.435+0000] {taskinstance.py:2306} INFO - Starting attempt 1 of 1
[2024-06-05T00:54:40.647+0000] {taskinstance.py:2330} INFO - Executing <Task(PythonOperator): criar_pasta> on 2024-05-29 05:20:00+00:00
[2024-06-05T00:54:40.665+0000] {warnings.py:110} WARNING - /home/***/.local/lib/python3.12/site-packages/***/task/task_runner/standard_task_runner.py:61: DeprecationWarning: This process (pid=624) is multi-threaded, use of fork() may lead to deadlocks in the child.
  pid = os.fork()

[2024-06-05T00:54:40.669+0000] {standard_task_runner.py:63} INFO - Started process 655 to run task
[2024-06-05T00:54:40.672+0000] {standard_task_runner.py:90} INFO - Running: ['***', 'tasks', 'run', 'dados_climaticos_estruturados', 'criar_pasta', 'scheduled__2024-05-29T05:20:00+00:00', '--job-id', '572', '--raw', '--subdir', 'DAGS_FOLDER/weather/custom_dags/dados_climaticos_estruturados.py', '--cfg-path', '/tmp/tmp8uywia9j']
[2024-06-05T00:54:40.676+0000] {standard_task_runner.py:91} INFO - Job 572: Subtask criar_pasta
[2024-06-05T00:54:40.797+0000] {task_command.py:426} INFO - Running <TaskInstance: dados_climaticos_estruturados.criar_pasta scheduled__2024-05-29T05:20:00+00:00 [running]> on host 6665b0710315
[2024-06-05T00:54:40.996+0000] {taskinstance.py:2648} INFO - Exporting env vars: AIRFLOW_CTX_DAG_OWNER='***' AIRFLOW_CTX_DAG_ID='dados_climaticos_estruturados' AIRFLOW_CTX_TASK_ID='criar_pasta' AIRFLOW_CTX_EXECUTION_DATE='2024-05-29T05:20:00+00:00' AIRFLOW_CTX_TRY_NUMBER='1' AIRFLOW_CTX_DAG_RUN_ID='scheduled__2024-05-29T05:20:00+00:00'
[2024-06-05T00:54:41.002+0000] {taskinstance.py:430} INFO - ::endgroup::
[2024-06-05T00:54:41.004+0000] {python.py:237} INFO - Done. Returned value was: None
[2024-06-05T00:54:41.008+0000] {taskinstance.py:441} INFO - ::group::Post task execution logs
[2024-06-05T00:54:41.026+0000] {taskinstance.py:1206} INFO - Marking task as SUCCESS. dag_id=dados_climaticos_estruturados, task_id=criar_pasta, run_id=scheduled__2024-05-29T05:20:00+00:00, execution_date=20240529T052000, start_date=20240605T005440, end_date=20240605T005441
[2024-06-05T00:54:41.065+0000] {local_task_job_runner.py:240} INFO - Task exited with return code 0
[2024-06-05T00:54:41.102+0000] {taskinstance.py:3498} INFO - 1 downstream tasks scheduled from follow-on schedule check
[2024-06-05T00:54:41.106+0000] {local_task_job_runner.py:222} INFO - ::endgroup::
[2024-06-05T01:34:20.382+0000] {local_task_job_runner.py:120} INFO - ::group::Pre task execution logs
[2024-06-05T01:34:20.451+0000] {taskinstance.py:2076} INFO - Dependencies all met for dep_context=non-requeueable deps ti=<TaskInstance: dados_climaticos_estruturados.criar_pasta scheduled__2024-05-29T05:20:00+00:00 [queued]>
[2024-06-05T01:34:20.489+0000] {taskinstance.py:2076} INFO - Dependencies all met for dep_context=requeueable deps ti=<TaskInstance: dados_climaticos_estruturados.criar_pasta scheduled__2024-05-29T05:20:00+00:00 [queued]>
[2024-06-05T01:34:20.490+0000] {taskinstance.py:2306} INFO - Starting attempt 1 of 1
[2024-06-05T01:34:20.727+0000] {taskinstance.py:2330} INFO - Executing <Task(PythonOperator): criar_pasta> on 2024-05-29 05:20:00+00:00
[2024-06-05T01:34:20.749+0000] {warnings.py:110} WARNING - /home/***/.local/lib/python3.12/site-packages/***/task/task_runner/standard_task_runner.py:61: DeprecationWarning: This process (pid=619) is multi-threaded, use of fork() may lead to deadlocks in the child.
  pid = os.fork()

[2024-06-05T01:34:20.751+0000] {standard_task_runner.py:90} INFO - Running: ['***', 'tasks', 'run', 'dados_climaticos_estruturados', 'criar_pasta', 'scheduled__2024-05-29T05:20:00+00:00', '--job-id', '187', '--raw', '--subdir', 'DAGS_FOLDER/weather/custom_dags/dados_climaticos_estruturados.py', '--cfg-path', '/tmp/tmpszspdnhg']
[2024-06-05T01:34:20.753+0000] {standard_task_runner.py:63} INFO - Started process 648 to run task
[2024-06-05T01:34:20.755+0000] {standard_task_runner.py:91} INFO - Job 187: Subtask criar_pasta
[2024-06-05T01:34:20.872+0000] {task_command.py:426} INFO - Running <TaskInstance: dados_climaticos_estruturados.criar_pasta scheduled__2024-05-29T05:20:00+00:00 [running]> on host 80232deae70a
[2024-06-05T01:34:21.109+0000] {taskinstance.py:2648} INFO - Exporting env vars: AIRFLOW_CTX_DAG_OWNER='***' AIRFLOW_CTX_DAG_ID='dados_climaticos_estruturados' AIRFLOW_CTX_TASK_ID='criar_pasta' AIRFLOW_CTX_EXECUTION_DATE='2024-05-29T05:20:00+00:00' AIRFLOW_CTX_TRY_NUMBER='1' AIRFLOW_CTX_DAG_RUN_ID='scheduled__2024-05-29T05:20:00+00:00'
[2024-06-05T01:34:21.115+0000] {taskinstance.py:430} INFO - ::endgroup::
[2024-06-05T01:34:21.117+0000] {python.py:237} INFO - Done. Returned value was: None
[2024-06-05T01:34:21.118+0000] {taskinstance.py:441} INFO - ::group::Post task execution logs
[2024-06-05T01:34:21.139+0000] {taskinstance.py:1206} INFO - Marking task as SUCCESS. dag_id=dados_climaticos_estruturados, task_id=criar_pasta, run_id=scheduled__2024-05-29T05:20:00+00:00, execution_date=20240529T052000, start_date=20240605T013420, end_date=20240605T013421
[2024-06-05T01:34:21.226+0000] {local_task_job_runner.py:240} INFO - Task exited with return code 0
[2024-06-05T01:34:21.261+0000] {taskinstance.py:3498} INFO - 1 downstream tasks scheduled from follow-on schedule check
[2024-06-05T01:34:21.264+0000] {local_task_job_runner.py:222} INFO - ::endgroup::
