[2024-06-05T01:01:13.204+0000] {local_task_job_runner.py:120} INFO - ::group::Pre task execution logs
[2024-06-05T01:01:13.276+0000] {taskinstance.py:2076} INFO - Dependencies all met for dep_context=non-requeueable deps ti=<TaskInstance: dados_climaticos_estruturados.criar_pasta scheduled__2024-05-30T14:55:00+00:00 [queued]>
[2024-06-05T01:01:13.312+0000] {taskinstance.py:2076} INFO - Dependencies all met for dep_context=requeueable deps ti=<TaskInstance: dados_climaticos_estruturados.criar_pasta scheduled__2024-05-30T14:55:00+00:00 [queued]>
[2024-06-05T01:01:13.317+0000] {taskinstance.py:2306} INFO - Starting attempt 1 of 1
[2024-06-05T01:01:13.371+0000] {taskinstance.py:2330} INFO - Executing <Task(PythonOperator): criar_pasta> on 2024-05-30 14:55:00+00:00
[2024-06-05T01:01:13.401+0000] {warnings.py:110} WARNING - /home/***/.local/lib/python3.12/site-packages/***/task/task_runner/standard_task_runner.py:61: DeprecationWarning: This process (pid=3134) is multi-threaded, use of fork() may lead to deadlocks in the child.
  pid = os.fork()

[2024-06-05T01:01:13.407+0000] {standard_task_runner.py:63} INFO - Started process 3158 to run task
[2024-06-05T01:01:13.415+0000] {standard_task_runner.py:90} INFO - Running: ['***', 'tasks', 'run', 'dados_climaticos_estruturados', 'criar_pasta', 'scheduled__2024-05-30T14:55:00+00:00', '--job-id', '1381', '--raw', '--subdir', 'DAGS_FOLDER/weather/custom_dags/dados_climaticos_estruturados.py', '--cfg-path', '/tmp/tmp6_00be69']
[2024-06-05T01:01:13.430+0000] {standard_task_runner.py:91} INFO - Job 1381: Subtask criar_pasta
[2024-06-05T01:01:13.578+0000] {task_command.py:426} INFO - Running <TaskInstance: dados_climaticos_estruturados.criar_pasta scheduled__2024-05-30T14:55:00+00:00 [running]> on host 6665b0710315
[2024-06-05T01:01:13.764+0000] {taskinstance.py:2648} INFO - Exporting env vars: AIRFLOW_CTX_DAG_OWNER='***' AIRFLOW_CTX_DAG_ID='dados_climaticos_estruturados' AIRFLOW_CTX_TASK_ID='criar_pasta' AIRFLOW_CTX_EXECUTION_DATE='2024-05-30T14:55:00+00:00' AIRFLOW_CTX_TRY_NUMBER='1' AIRFLOW_CTX_DAG_RUN_ID='scheduled__2024-05-30T14:55:00+00:00'
[2024-06-05T01:01:13.769+0000] {taskinstance.py:430} INFO - ::endgroup::
[2024-06-05T01:01:13.774+0000] {python.py:237} INFO - Done. Returned value was: None
[2024-06-05T01:01:13.775+0000] {taskinstance.py:441} INFO - ::group::Post task execution logs
[2024-06-05T01:01:13.796+0000] {taskinstance.py:1206} INFO - Marking task as SUCCESS. dag_id=dados_climaticos_estruturados, task_id=criar_pasta, run_id=scheduled__2024-05-30T14:55:00+00:00, execution_date=20240530T145500, start_date=20240605T010113, end_date=20240605T010113
[2024-06-05T01:01:13.860+0000] {local_task_job_runner.py:240} INFO - Task exited with return code 0
[2024-06-05T01:01:13.899+0000] {taskinstance.py:3498} INFO - 1 downstream tasks scheduled from follow-on schedule check
[2024-06-05T01:01:13.902+0000] {local_task_job_runner.py:222} INFO - ::endgroup::
[2024-06-05T01:40:56.902+0000] {local_task_job_runner.py:120} INFO - ::group::Pre task execution logs
[2024-06-05T01:40:56.961+0000] {taskinstance.py:2076} INFO - Dependencies all met for dep_context=non-requeueable deps ti=<TaskInstance: dados_climaticos_estruturados.criar_pasta scheduled__2024-05-30T14:55:00+00:00 [queued]>
[2024-06-05T01:40:56.980+0000] {taskinstance.py:2076} INFO - Dependencies all met for dep_context=requeueable deps ti=<TaskInstance: dados_climaticos_estruturados.criar_pasta scheduled__2024-05-30T14:55:00+00:00 [queued]>
[2024-06-05T01:40:56.981+0000] {taskinstance.py:2306} INFO - Starting attempt 1 of 1
[2024-06-05T01:40:57.009+0000] {taskinstance.py:2330} INFO - Executing <Task(PythonOperator): criar_pasta> on 2024-05-30 14:55:00+00:00
[2024-06-05T01:40:57.051+0000] {warnings.py:110} WARNING - /home/***/.local/lib/python3.12/site-packages/***/task/task_runner/standard_task_runner.py:61: DeprecationWarning: This process (pid=3121) is multi-threaded, use of fork() may lead to deadlocks in the child.
  pid = os.fork()

[2024-06-05T01:40:57.059+0000] {standard_task_runner.py:90} INFO - Running: ['***', 'tasks', 'run', 'dados_climaticos_estruturados', 'criar_pasta', 'scheduled__2024-05-30T14:55:00+00:00', '--job-id', '994', '--raw', '--subdir', 'DAGS_FOLDER/weather/custom_dags/dados_climaticos_estruturados.py', '--cfg-path', '/tmp/tmpbiit0ks0']
[2024-06-05T01:40:57.066+0000] {standard_task_runner.py:91} INFO - Job 994: Subtask criar_pasta
[2024-06-05T01:40:57.060+0000] {standard_task_runner.py:63} INFO - Started process 3147 to run task
[2024-06-05T01:40:57.181+0000] {task_command.py:426} INFO - Running <TaskInstance: dados_climaticos_estruturados.criar_pasta scheduled__2024-05-30T14:55:00+00:00 [running]> on host 80232deae70a
[2024-06-05T01:40:57.474+0000] {taskinstance.py:2648} INFO - Exporting env vars: AIRFLOW_CTX_DAG_OWNER='***' AIRFLOW_CTX_DAG_ID='dados_climaticos_estruturados' AIRFLOW_CTX_TASK_ID='criar_pasta' AIRFLOW_CTX_EXECUTION_DATE='2024-05-30T14:55:00+00:00' AIRFLOW_CTX_TRY_NUMBER='1' AIRFLOW_CTX_DAG_RUN_ID='scheduled__2024-05-30T14:55:00+00:00'
[2024-06-05T01:40:57.478+0000] {taskinstance.py:430} INFO - ::endgroup::
[2024-06-05T01:40:57.481+0000] {python.py:237} INFO - Done. Returned value was: None
[2024-06-05T01:40:57.482+0000] {taskinstance.py:441} INFO - ::group::Post task execution logs
[2024-06-05T01:40:57.511+0000] {taskinstance.py:1206} INFO - Marking task as SUCCESS. dag_id=dados_climaticos_estruturados, task_id=criar_pasta, run_id=scheduled__2024-05-30T14:55:00+00:00, execution_date=20240530T145500, start_date=20240605T014056, end_date=20240605T014057
[2024-06-05T01:40:57.593+0000] {local_task_job_runner.py:240} INFO - Task exited with return code 0
[2024-06-05T01:40:57.623+0000] {local_task_job_runner.py:222} INFO - ::endgroup::
