[2024-06-05T01:03:23.053+0000] {local_task_job_runner.py:120} INFO - ::group::Pre task execution logs
[2024-06-05T01:03:23.114+0000] {taskinstance.py:2076} INFO - Dependencies all met for dep_context=non-requeueable deps ti=<TaskInstance: dados_climaticos_estruturados.criar_pasta scheduled__2024-05-31T01:40:00+00:00 [queued]>
[2024-06-05T01:03:23.143+0000] {taskinstance.py:2076} INFO - Dependencies all met for dep_context=requeueable deps ti=<TaskInstance: dados_climaticos_estruturados.criar_pasta scheduled__2024-05-31T01:40:00+00:00 [queued]>
[2024-06-05T01:03:23.144+0000] {taskinstance.py:2306} INFO - Starting attempt 1 of 1
[2024-06-05T01:03:23.183+0000] {taskinstance.py:2330} INFO - Executing <Task(PythonOperator): criar_pasta> on 2024-05-31 01:40:00+00:00
[2024-06-05T01:03:23.217+0000] {warnings.py:110} WARNING - /home/***/.local/lib/python3.12/site-packages/***/task/task_runner/standard_task_runner.py:61: DeprecationWarning: This process (pid=3930) is multi-threaded, use of fork() may lead to deadlocks in the child.
  pid = os.fork()

[2024-06-05T01:03:23.226+0000] {standard_task_runner.py:63} INFO - Started process 3957 to run task
[2024-06-05T01:03:23.222+0000] {standard_task_runner.py:90} INFO - Running: ['***', 'tasks', 'run', 'dados_climaticos_estruturados', 'criar_pasta', 'scheduled__2024-05-31T01:40:00+00:00', '--job-id', '1639', '--raw', '--subdir', 'DAGS_FOLDER/weather/custom_dags/dados_climaticos_estruturados.py', '--cfg-path', '/tmp/tmp9b5gc0sw']
[2024-06-05T01:03:23.229+0000] {standard_task_runner.py:91} INFO - Job 1639: Subtask criar_pasta
[2024-06-05T01:03:23.338+0000] {task_command.py:426} INFO - Running <TaskInstance: dados_climaticos_estruturados.criar_pasta scheduled__2024-05-31T01:40:00+00:00 [running]> on host 6665b0710315
[2024-06-05T01:03:23.567+0000] {taskinstance.py:2648} INFO - Exporting env vars: AIRFLOW_CTX_DAG_OWNER='***' AIRFLOW_CTX_DAG_ID='dados_climaticos_estruturados' AIRFLOW_CTX_TASK_ID='criar_pasta' AIRFLOW_CTX_EXECUTION_DATE='2024-05-31T01:40:00+00:00' AIRFLOW_CTX_TRY_NUMBER='1' AIRFLOW_CTX_DAG_RUN_ID='scheduled__2024-05-31T01:40:00+00:00'
[2024-06-05T01:03:23.573+0000] {taskinstance.py:430} INFO - ::endgroup::
[2024-06-05T01:03:23.581+0000] {python.py:237} INFO - Done. Returned value was: None
[2024-06-05T01:03:23.582+0000] {taskinstance.py:441} INFO - ::group::Post task execution logs
[2024-06-05T01:03:23.601+0000] {taskinstance.py:1206} INFO - Marking task as SUCCESS. dag_id=dados_climaticos_estruturados, task_id=criar_pasta, run_id=scheduled__2024-05-31T01:40:00+00:00, execution_date=20240531T014000, start_date=20240605T010323, end_date=20240605T010323
[2024-06-05T01:03:23.661+0000] {local_task_job_runner.py:240} INFO - Task exited with return code 0
[2024-06-05T01:03:23.681+0000] {local_task_job_runner.py:222} INFO - ::endgroup::
[2024-06-05T01:43:02.327+0000] {local_task_job_runner.py:120} INFO - ::group::Pre task execution logs
[2024-06-05T01:43:02.373+0000] {taskinstance.py:2076} INFO - Dependencies all met for dep_context=non-requeueable deps ti=<TaskInstance: dados_climaticos_estruturados.criar_pasta scheduled__2024-05-31T01:40:00+00:00 [queued]>
[2024-06-05T01:43:02.389+0000] {taskinstance.py:2076} INFO - Dependencies all met for dep_context=requeueable deps ti=<TaskInstance: dados_climaticos_estruturados.criar_pasta scheduled__2024-05-31T01:40:00+00:00 [queued]>
[2024-06-05T01:43:02.390+0000] {taskinstance.py:2306} INFO - Starting attempt 1 of 1
[2024-06-05T01:43:02.427+0000] {taskinstance.py:2330} INFO - Executing <Task(PythonOperator): criar_pasta> on 2024-05-31 01:40:00+00:00
[2024-06-05T01:43:02.439+0000] {warnings.py:110} WARNING - /home/***/.local/lib/python3.12/site-packages/***/task/task_runner/standard_task_runner.py:61: DeprecationWarning: This process (pid=3951) is multi-threaded, use of fork() may lead to deadlocks in the child.
  pid = os.fork()

[2024-06-05T01:43:02.442+0000] {standard_task_runner.py:63} INFO - Started process 3970 to run task
[2024-06-05T01:43:02.445+0000] {standard_task_runner.py:90} INFO - Running: ['***', 'tasks', 'run', 'dados_climaticos_estruturados', 'criar_pasta', 'scheduled__2024-05-31T01:40:00+00:00', '--job-id', '1258', '--raw', '--subdir', 'DAGS_FOLDER/weather/custom_dags/dados_climaticos_estruturados.py', '--cfg-path', '/tmp/tmp1h7hrftw']
[2024-06-05T01:43:02.447+0000] {standard_task_runner.py:91} INFO - Job 1258: Subtask criar_pasta
[2024-06-05T01:43:02.589+0000] {task_command.py:426} INFO - Running <TaskInstance: dados_climaticos_estruturados.criar_pasta scheduled__2024-05-31T01:40:00+00:00 [running]> on host 80232deae70a
[2024-06-05T01:43:02.811+0000] {taskinstance.py:2648} INFO - Exporting env vars: AIRFLOW_CTX_DAG_OWNER='***' AIRFLOW_CTX_DAG_ID='dados_climaticos_estruturados' AIRFLOW_CTX_TASK_ID='criar_pasta' AIRFLOW_CTX_EXECUTION_DATE='2024-05-31T01:40:00+00:00' AIRFLOW_CTX_TRY_NUMBER='1' AIRFLOW_CTX_DAG_RUN_ID='scheduled__2024-05-31T01:40:00+00:00'
[2024-06-05T01:43:02.815+0000] {taskinstance.py:430} INFO - ::endgroup::
[2024-06-05T01:43:02.816+0000] {python.py:237} INFO - Done. Returned value was: None
[2024-06-05T01:43:02.817+0000] {taskinstance.py:441} INFO - ::group::Post task execution logs
[2024-06-05T01:43:02.848+0000] {taskinstance.py:1206} INFO - Marking task as SUCCESS. dag_id=dados_climaticos_estruturados, task_id=criar_pasta, run_id=scheduled__2024-05-31T01:40:00+00:00, execution_date=20240531T014000, start_date=20240605T014302, end_date=20240605T014302
[2024-06-05T01:43:02.998+0000] {local_task_job_runner.py:240} INFO - Task exited with return code 0
[2024-06-05T01:43:03.018+0000] {local_task_job_runner.py:222} INFO - ::endgroup::
