[2024-05-25T19:05:27.102+0000] {local_task_job_runner.py:120} INFO - ::group::Pre task execution logs
[2024-05-25T19:05:27.130+0000] {taskinstance.py:2076} INFO - Dependencies all met for dep_context=non-requeueable deps ti=<TaskInstance: dados_climaticos_estruturados.criar_pasta scheduled__2024-05-17T02:15:00+00:00 [queued]>
[2024-05-25T19:05:27.141+0000] {taskinstance.py:2076} INFO - Dependencies all met for dep_context=requeueable deps ti=<TaskInstance: dados_climaticos_estruturados.criar_pasta scheduled__2024-05-17T02:15:00+00:00 [queued]>
[2024-05-25T19:05:27.142+0000] {taskinstance.py:2306} INFO - Starting attempt 1 of 1
[2024-05-25T19:05:27.160+0000] {taskinstance.py:2330} INFO - Executing <Task(PythonOperator): criar_pasta> on 2024-05-17 02:15:00+00:00
[2024-05-25T19:05:27.169+0000] {warnings.py:110} WARNING - /home/***/.local/lib/python3.12/site-packages/***/task/task_runner/standard_task_runner.py:61: DeprecationWarning: This process (pid=254) is multi-threaded, use of fork() may lead to deadlocks in the child.
  pid = os.fork()

[2024-05-25T19:05:27.171+0000] {standard_task_runner.py:63} INFO - Started process 271 to run task
[2024-05-25T19:05:27.170+0000] {standard_task_runner.py:90} INFO - Running: ['***', 'tasks', 'run', 'dados_climaticos_estruturados', 'criar_pasta', 'scheduled__2024-05-17T02:15:00+00:00', '--job-id', '62', '--raw', '--subdir', 'DAGS_FOLDER/weather/custom_dags/dados_climaticos_estruturados.py', '--cfg-path', '/tmp/tmp129qg2h0']
[2024-05-25T19:05:27.173+0000] {standard_task_runner.py:91} INFO - Job 62: Subtask criar_pasta
[2024-05-25T19:05:27.235+0000] {task_command.py:426} INFO - Running <TaskInstance: dados_climaticos_estruturados.criar_pasta scheduled__2024-05-17T02:15:00+00:00 [running]> on host 0473b835f7f4
[2024-05-25T19:05:27.364+0000] {taskinstance.py:2648} INFO - Exporting env vars: AIRFLOW_CTX_DAG_OWNER='***' AIRFLOW_CTX_DAG_ID='dados_climaticos_estruturados' AIRFLOW_CTX_TASK_ID='criar_pasta' AIRFLOW_CTX_EXECUTION_DATE='2024-05-17T02:15:00+00:00' AIRFLOW_CTX_TRY_NUMBER='1' AIRFLOW_CTX_DAG_RUN_ID='scheduled__2024-05-17T02:15:00+00:00'
[2024-05-25T19:05:27.366+0000] {taskinstance.py:430} INFO - ::endgroup::
[2024-05-25T19:05:27.368+0000] {taskinstance.py:441} INFO - ::group::Post task execution logs
[2024-05-25T19:05:27.369+0000] {taskinstance.py:2905} ERROR - Task failed with exception
Traceback (most recent call last):
  File "/home/airflow/.local/lib/python3.12/site-packages/airflow/models/taskinstance.py", line 465, in _execute_task
    result = _execute_callable(context=context, **execute_callable_kwargs)
             ^^^^^^^^^^^^^^^^^^^^^^^^^^^^^^^^^^^^^^^^^^^^^^^^^^^^^^^^^^^^^
  File "/home/airflow/.local/lib/python3.12/site-packages/airflow/models/taskinstance.py", line 432, in _execute_callable
    return execute_callable(context=context, **execute_callable_kwargs)
           ^^^^^^^^^^^^^^^^^^^^^^^^^^^^^^^^^^^^^^^^^^^^^^^^^^^^^^^^^^^^
  File "/home/airflow/.local/lib/python3.12/site-packages/airflow/models/baseoperator.py", line 400, in wrapper
    return func(self, *args, **kwargs)
           ^^^^^^^^^^^^^^^^^^^^^^^^^^^
  File "/home/airflow/.local/lib/python3.12/site-packages/airflow/operators/python.py", line 235, in execute
    return_value = self.execute_callable()
                   ^^^^^^^^^^^^^^^^^^^^^^^
  File "/home/airflow/.local/lib/python3.12/site-packages/airflow/operators/python.py", line 252, in execute_callable
    return self.python_callable(*self.op_args, **self.op_kwargs)
           ^^^^^^^^^^^^^^^^^^^^^^^^^^^^^^^^^^^^^^^^^^^^^^^^^^^^^
  File "/opt/airflow/dags/weather/custom_dags/dados_climaticos_estruturados.py", line 18, in pegar_data_e_criar_pasta
    Path(caminho).mkdir(parents=True, exist_ok=True)
    ^^^^
NameError: name 'Path' is not defined
[2024-05-25T19:05:27.382+0000] {taskinstance.py:1206} INFO - Marking task as FAILED. dag_id=dados_climaticos_estruturados, task_id=criar_pasta, run_id=scheduled__2024-05-17T02:15:00+00:00, execution_date=20240517T021500, start_date=20240525T190527, end_date=20240525T190527
[2024-05-25T19:05:27.401+0000] {standard_task_runner.py:110} ERROR - Failed to execute job 62 for task criar_pasta (name 'Path' is not defined; 271)
[2024-05-25T19:05:27.437+0000] {local_task_job_runner.py:240} INFO - Task exited with return code 1
[2024-05-25T19:05:27.454+0000] {local_task_job_runner.py:222} INFO - ::endgroup::
[2024-05-29T01:36:09.086+0000] {local_task_job_runner.py:120} INFO - ::group::Pre task execution logs
[2024-05-29T01:36:09.267+0000] {taskinstance.py:2076} INFO - Dependencies all met for dep_context=non-requeueable deps ti=<TaskInstance: dados_climaticos_estruturados.criar_pasta scheduled__2024-05-17T02:15:00+00:00 [queued]>
[2024-05-29T01:36:09.442+0000] {taskinstance.py:2076} INFO - Dependencies all met for dep_context=requeueable deps ti=<TaskInstance: dados_climaticos_estruturados.criar_pasta scheduled__2024-05-17T02:15:00+00:00 [queued]>
[2024-05-29T01:36:09.444+0000] {taskinstance.py:2306} INFO - Starting attempt 1 of 1
[2024-05-29T01:36:10.351+0000] {taskinstance.py:2330} INFO - Executing <Task(PythonOperator): criar_pasta> on 2024-05-17 02:15:00+00:00
[2024-05-29T01:36:10.456+0000] {warnings.py:110} WARNING - /home/***/.local/lib/python3.12/site-packages/***/task/task_runner/standard_task_runner.py:61: DeprecationWarning: This process (pid=392) is multi-threaded, use of fork() may lead to deadlocks in the child.
  pid = os.fork()

[2024-05-29T01:36:10.486+0000] {standard_task_runner.py:63} INFO - Started process 424 to run task
[2024-05-29T01:36:10.509+0000] {standard_task_runner.py:90} INFO - Running: ['***', 'tasks', 'run', 'dados_climaticos_estruturados', 'criar_pasta', 'scheduled__2024-05-17T02:15:00+00:00', '--job-id', '107', '--raw', '--subdir', 'DAGS_FOLDER/weather/custom_dags/dados_climaticos_estruturados.py', '--cfg-path', '/tmp/tmpcb_6e44x']
[2024-05-29T01:36:10.531+0000] {standard_task_runner.py:91} INFO - Job 107: Subtask criar_pasta
[2024-05-29T01:36:10.888+0000] {task_command.py:426} INFO - Running <TaskInstance: dados_climaticos_estruturados.criar_pasta scheduled__2024-05-17T02:15:00+00:00 [running]> on host dd333ca35f8c
[2024-05-29T01:36:11.676+0000] {taskinstance.py:2648} INFO - Exporting env vars: AIRFLOW_CTX_DAG_OWNER='***' AIRFLOW_CTX_DAG_ID='dados_climaticos_estruturados' AIRFLOW_CTX_TASK_ID='criar_pasta' AIRFLOW_CTX_EXECUTION_DATE='2024-05-17T02:15:00+00:00' AIRFLOW_CTX_TRY_NUMBER='1' AIRFLOW_CTX_DAG_RUN_ID='scheduled__2024-05-17T02:15:00+00:00'
[2024-05-29T01:36:11.689+0000] {taskinstance.py:430} INFO - ::endgroup::
[2024-05-29T01:36:11.696+0000] {python.py:237} INFO - Done. Returned value was: None
[2024-05-29T01:36:11.698+0000] {taskinstance.py:441} INFO - ::group::Post task execution logs
[2024-05-29T01:36:11.741+0000] {taskinstance.py:1206} INFO - Marking task as SUCCESS. dag_id=dados_climaticos_estruturados, task_id=criar_pasta, run_id=scheduled__2024-05-17T02:15:00+00:00, execution_date=20240517T021500, start_date=20240529T013609, end_date=20240529T013611
[2024-05-29T01:36:11.854+0000] {local_task_job_runner.py:240} INFO - Task exited with return code 0
[2024-05-29T01:36:11.914+0000] {local_task_job_runner.py:222} INFO - ::endgroup::
