[2024-06-05T01:04:16.383+0000] {local_task_job_runner.py:120} INFO - ::group::Pre task execution logs
[2024-06-05T01:04:16.471+0000] {taskinstance.py:2076} INFO - Dependencies all met for dep_context=non-requeueable deps ti=<TaskInstance: dados_climaticos_estruturados.criar_pasta scheduled__2024-05-31T05:15:00+00:00 [queued]>
[2024-06-05T01:04:16.514+0000] {taskinstance.py:2076} INFO - Dependencies all met for dep_context=requeueable deps ti=<TaskInstance: dados_climaticos_estruturados.criar_pasta scheduled__2024-05-31T05:15:00+00:00 [queued]>
[2024-06-05T01:04:16.518+0000] {taskinstance.py:2306} INFO - Starting attempt 1 of 1
[2024-06-05T01:04:16.572+0000] {taskinstance.py:2330} INFO - Executing <Task(PythonOperator): criar_pasta> on 2024-05-31 05:15:00+00:00
[2024-06-05T01:04:16.597+0000] {warnings.py:110} WARNING - /home/***/.local/lib/python3.12/site-packages/***/task/task_runner/standard_task_runner.py:61: DeprecationWarning: This process (pid=4205) is multi-threaded, use of fork() may lead to deadlocks in the child.
  pid = os.fork()

[2024-06-05T01:04:16.607+0000] {standard_task_runner.py:63} INFO - Started process 4234 to run task
[2024-06-05T01:04:16.614+0000] {standard_task_runner.py:90} INFO - Running: ['***', 'tasks', 'run', 'dados_climaticos_estruturados', 'criar_pasta', 'scheduled__2024-05-31T05:15:00+00:00', '--job-id', '1726', '--raw', '--subdir', 'DAGS_FOLDER/weather/custom_dags/dados_climaticos_estruturados.py', '--cfg-path', '/tmp/tmplhiu5vwo']
[2024-06-05T01:04:16.622+0000] {standard_task_runner.py:91} INFO - Job 1726: Subtask criar_pasta
[2024-06-05T01:04:16.783+0000] {task_command.py:426} INFO - Running <TaskInstance: dados_climaticos_estruturados.criar_pasta scheduled__2024-05-31T05:15:00+00:00 [running]> on host 6665b0710315
[2024-06-05T01:04:17.110+0000] {taskinstance.py:2648} INFO - Exporting env vars: AIRFLOW_CTX_DAG_OWNER='***' AIRFLOW_CTX_DAG_ID='dados_climaticos_estruturados' AIRFLOW_CTX_TASK_ID='criar_pasta' AIRFLOW_CTX_EXECUTION_DATE='2024-05-31T05:15:00+00:00' AIRFLOW_CTX_TRY_NUMBER='1' AIRFLOW_CTX_DAG_RUN_ID='scheduled__2024-05-31T05:15:00+00:00'
[2024-06-05T01:04:17.116+0000] {taskinstance.py:430} INFO - ::endgroup::
[2024-06-05T01:04:17.121+0000] {python.py:237} INFO - Done. Returned value was: None
[2024-06-05T01:04:17.123+0000] {taskinstance.py:441} INFO - ::group::Post task execution logs
[2024-06-05T01:04:17.147+0000] {taskinstance.py:1206} INFO - Marking task as SUCCESS. dag_id=dados_climaticos_estruturados, task_id=criar_pasta, run_id=scheduled__2024-05-31T05:15:00+00:00, execution_date=20240531T051500, start_date=20240605T010416, end_date=20240605T010417
[2024-06-05T01:04:17.235+0000] {local_task_job_runner.py:240} INFO - Task exited with return code 0
[2024-06-05T01:04:17.298+0000] {taskinstance.py:3498} INFO - 1 downstream tasks scheduled from follow-on schedule check
[2024-06-05T01:04:17.315+0000] {local_task_job_runner.py:222} INFO - ::endgroup::
[2024-06-05T01:43:33.458+0000] {local_task_job_runner.py:120} INFO - ::group::Pre task execution logs
[2024-06-05T01:43:33.512+0000] {taskinstance.py:2076} INFO - Dependencies all met for dep_context=non-requeueable deps ti=<TaskInstance: dados_climaticos_estruturados.criar_pasta scheduled__2024-05-31T05:15:00+00:00 [queued]>
[2024-06-05T01:43:33.530+0000] {taskinstance.py:2076} INFO - Dependencies all met for dep_context=requeueable deps ti=<TaskInstance: dados_climaticos_estruturados.criar_pasta scheduled__2024-05-31T05:15:00+00:00 [queued]>
[2024-06-05T01:43:33.531+0000] {taskinstance.py:2306} INFO - Starting attempt 1 of 1
[2024-06-05T01:43:33.579+0000] {taskinstance.py:2330} INFO - Executing <Task(PythonOperator): criar_pasta> on 2024-05-31 05:15:00+00:00
[2024-06-05T01:43:33.597+0000] {warnings.py:110} WARNING - /home/***/.local/lib/python3.12/site-packages/***/task/task_runner/standard_task_runner.py:61: DeprecationWarning: This process (pid=4177) is multi-threaded, use of fork() may lead to deadlocks in the child.
  pid = os.fork()

[2024-06-05T01:43:33.603+0000] {standard_task_runner.py:63} INFO - Started process 4209 to run task
[2024-06-05T01:43:33.602+0000] {standard_task_runner.py:90} INFO - Running: ['***', 'tasks', 'run', 'dados_climaticos_estruturados', 'criar_pasta', 'scheduled__2024-05-31T05:15:00+00:00', '--job-id', '1335', '--raw', '--subdir', 'DAGS_FOLDER/weather/custom_dags/dados_climaticos_estruturados.py', '--cfg-path', '/tmp/tmpyk2h6bip']
[2024-06-05T01:43:33.608+0000] {standard_task_runner.py:91} INFO - Job 1335: Subtask criar_pasta
[2024-06-05T01:43:33.781+0000] {task_command.py:426} INFO - Running <TaskInstance: dados_climaticos_estruturados.criar_pasta scheduled__2024-05-31T05:15:00+00:00 [running]> on host 80232deae70a
[2024-06-05T01:43:34.022+0000] {taskinstance.py:2648} INFO - Exporting env vars: AIRFLOW_CTX_DAG_OWNER='***' AIRFLOW_CTX_DAG_ID='dados_climaticos_estruturados' AIRFLOW_CTX_TASK_ID='criar_pasta' AIRFLOW_CTX_EXECUTION_DATE='2024-05-31T05:15:00+00:00' AIRFLOW_CTX_TRY_NUMBER='1' AIRFLOW_CTX_DAG_RUN_ID='scheduled__2024-05-31T05:15:00+00:00'
[2024-06-05T01:43:34.028+0000] {taskinstance.py:430} INFO - ::endgroup::
[2024-06-05T01:43:34.038+0000] {python.py:237} INFO - Done. Returned value was: None
[2024-06-05T01:43:34.039+0000] {taskinstance.py:441} INFO - ::group::Post task execution logs
[2024-06-05T01:43:34.063+0000] {taskinstance.py:1206} INFO - Marking task as SUCCESS. dag_id=dados_climaticos_estruturados, task_id=criar_pasta, run_id=scheduled__2024-05-31T05:15:00+00:00, execution_date=20240531T051500, start_date=20240605T014333, end_date=20240605T014334
[2024-06-05T01:43:34.162+0000] {local_task_job_runner.py:240} INFO - Task exited with return code 0
[2024-06-05T01:43:34.193+0000] {local_task_job_runner.py:222} INFO - ::endgroup::
