[2024-06-17T23:40:04.414+0000] {local_task_job_runner.py:120} INFO - ::group::Pre task execution logs
[2024-06-17T23:40:04.436+0000] {taskinstance.py:2076} INFO - Dependencies all met for dep_context=non-requeueable deps ti=<TaskInstance: dados_climaticos_estruturados.extrair_dados scheduled__2024-06-17T23:35:00+00:00 [queued]>
[2024-06-17T23:40:04.444+0000] {taskinstance.py:2076} INFO - Dependencies all met for dep_context=requeueable deps ti=<TaskInstance: dados_climaticos_estruturados.extrair_dados scheduled__2024-06-17T23:35:00+00:00 [queued]>
[2024-06-17T23:40:04.445+0000] {taskinstance.py:2306} INFO - Starting attempt 1 of 1
[2024-06-17T23:40:04.458+0000] {taskinstance.py:2330} INFO - Executing <Task(PythonOperator): extrair_dados> on 2024-06-17 23:35:00+00:00
[2024-06-17T23:40:04.464+0000] {warnings.py:110} WARNING - /home/***/.local/lib/python3.12/site-packages/***/task/task_runner/standard_task_runner.py:61: DeprecationWarning: This process (pid=84) is multi-threaded, use of fork() may lead to deadlocks in the child.
  pid = os.fork()

[2024-06-17T23:40:04.465+0000] {standard_task_runner.py:63} INFO - Started process 86 to run task
[2024-06-17T23:40:04.466+0000] {standard_task_runner.py:90} INFO - Running: ['***', 'tasks', 'run', 'dados_climaticos_estruturados', 'extrair_dados', 'scheduled__2024-06-17T23:35:00+00:00', '--job-id', '2059', '--raw', '--subdir', 'DAGS_FOLDER/weather/custom_dags/dados_climaticos_estruturados.py', '--cfg-path', '/tmp/tmpo7a_7pdo']
[2024-06-17T23:40:04.467+0000] {standard_task_runner.py:91} INFO - Job 2059: Subtask extrair_dados
[2024-06-17T23:40:04.514+0000] {task_command.py:426} INFO - Running <TaskInstance: dados_climaticos_estruturados.extrair_dados scheduled__2024-06-17T23:35:00+00:00 [running]> on host 350a9091aaab
[2024-06-17T23:40:04.606+0000] {taskinstance.py:2648} INFO - Exporting env vars: AIRFLOW_CTX_DAG_OWNER='***' AIRFLOW_CTX_DAG_ID='dados_climaticos_estruturados' AIRFLOW_CTX_TASK_ID='extrair_dados' AIRFLOW_CTX_EXECUTION_DATE='2024-06-17T23:35:00+00:00' AIRFLOW_CTX_TRY_NUMBER='1' AIRFLOW_CTX_DAG_RUN_ID='scheduled__2024-06-17T23:35:00+00:00'
[2024-06-17T23:40:04.607+0000] {taskinstance.py:430} INFO - ::endgroup::
[2024-06-17T23:40:05.822+0000] {python.py:237} INFO - Done. Returned value was: None
[2024-06-17T23:40:05.823+0000] {taskinstance.py:441} INFO - ::group::Post task execution logs
[2024-06-17T23:40:05.838+0000] {taskinstance.py:1206} INFO - Marking task as SUCCESS. dag_id=dados_climaticos_estruturados, task_id=extrair_dados, run_id=scheduled__2024-06-17T23:35:00+00:00, execution_date=20240617T233500, start_date=20240617T234004, end_date=20240617T234005
[2024-06-17T23:40:05.875+0000] {local_task_job_runner.py:240} INFO - Task exited with return code 0
[2024-06-17T23:40:05.899+0000] {taskinstance.py:3498} INFO - 0 downstream tasks scheduled from follow-on schedule check
[2024-06-17T23:40:05.901+0000] {local_task_job_runner.py:222} INFO - ::endgroup::
[2024-06-18T01:29:34.491+0000] {local_task_job_runner.py:120} INFO - ::group::Pre task execution logs
[2024-06-18T01:29:34.556+0000] {taskinstance.py:2076} INFO - Dependencies all met for dep_context=non-requeueable deps ti=<TaskInstance: dados_climaticos_estruturados.extrair_dados scheduled__2024-06-17T23:35:00+00:00 [queued]>
[2024-06-18T01:29:34.573+0000] {taskinstance.py:2076} INFO - Dependencies all met for dep_context=requeueable deps ti=<TaskInstance: dados_climaticos_estruturados.extrair_dados scheduled__2024-06-17T23:35:00+00:00 [queued]>
[2024-06-18T01:29:34.575+0000] {taskinstance.py:2306} INFO - Starting attempt 1 of 1
[2024-06-18T01:29:34.843+0000] {taskinstance.py:2330} INFO - Executing <Task(PythonOperator): extrair_dados> on 2024-06-17 23:35:00+00:00
[2024-06-18T01:29:34.891+0000] {warnings.py:110} WARNING - /home/***/.local/lib/python3.12/site-packages/***/task/task_runner/standard_task_runner.py:61: DeprecationWarning: This process (pid=94) is multi-threaded, use of fork() may lead to deadlocks in the child.
  pid = os.fork()

[2024-06-18T01:29:34.898+0000] {standard_task_runner.py:63} INFO - Started process 129 to run task
[2024-06-18T01:29:34.896+0000] {standard_task_runner.py:90} INFO - Running: ['***', 'tasks', 'run', 'dados_climaticos_estruturados', 'extrair_dados', 'scheduled__2024-06-17T23:35:00+00:00', '--job-id', '18', '--raw', '--subdir', 'DAGS_FOLDER/weather/custom_dags/dados_climaticos_estruturados.py', '--cfg-path', '/tmp/tmpf_c4cj6n']
[2024-06-18T01:29:34.904+0000] {standard_task_runner.py:91} INFO - Job 18: Subtask extrair_dados
[2024-06-18T01:29:35.375+0000] {task_command.py:426} INFO - Running <TaskInstance: dados_climaticos_estruturados.extrair_dados scheduled__2024-06-17T23:35:00+00:00 [running]> on host bd8fdde9baa6
[2024-06-18T01:29:35.976+0000] {taskinstance.py:2648} INFO - Exporting env vars: AIRFLOW_CTX_DAG_OWNER='***' AIRFLOW_CTX_DAG_ID='dados_climaticos_estruturados' AIRFLOW_CTX_TASK_ID='extrair_dados' AIRFLOW_CTX_EXECUTION_DATE='2024-06-17T23:35:00+00:00' AIRFLOW_CTX_TRY_NUMBER='1' AIRFLOW_CTX_DAG_RUN_ID='scheduled__2024-06-17T23:35:00+00:00'
[2024-06-18T01:29:35.978+0000] {taskinstance.py:430} INFO - ::endgroup::
[2024-06-18T01:29:38.538+0000] {python.py:237} INFO - Done. Returned value was: None
[2024-06-18T01:29:38.539+0000] {taskinstance.py:441} INFO - ::group::Post task execution logs
[2024-06-18T01:29:38.561+0000] {taskinstance.py:1206} INFO - Marking task as SUCCESS. dag_id=dados_climaticos_estruturados, task_id=extrair_dados, run_id=scheduled__2024-06-17T23:35:00+00:00, execution_date=20240617T233500, start_date=20240618T012934, end_date=20240618T012938
[2024-06-18T01:29:38.642+0000] {local_task_job_runner.py:240} INFO - Task exited with return code 0
[2024-06-18T01:29:38.718+0000] {taskinstance.py:3498} INFO - 1 downstream tasks scheduled from follow-on schedule check
[2024-06-18T01:29:38.726+0000] {local_task_job_runner.py:222} INFO - ::endgroup::
