[2024-06-05T00:57:17.168+0000] {local_task_job_runner.py:120} INFO - ::group::Pre task execution logs
[2024-06-05T00:57:17.225+0000] {taskinstance.py:2076} INFO - Dependencies all met for dep_context=non-requeueable deps ti=<TaskInstance: dados_climaticos_estruturados.criar_pasta scheduled__2024-05-29T20:10:00+00:00 [queued]>
[2024-06-05T00:57:17.238+0000] {taskinstance.py:2076} INFO - Dependencies all met for dep_context=requeueable deps ti=<TaskInstance: dados_climaticos_estruturados.criar_pasta scheduled__2024-05-29T20:10:00+00:00 [queued]>
[2024-06-05T00:57:17.239+0000] {taskinstance.py:2306} INFO - Starting attempt 1 of 1
[2024-06-05T00:57:17.268+0000] {taskinstance.py:2330} INFO - Executing <Task(PythonOperator): criar_pasta> on 2024-05-29 20:10:00+00:00
[2024-06-05T00:57:17.317+0000] {warnings.py:110} WARNING - /home/***/.local/lib/python3.12/site-packages/***/task/task_runner/standard_task_runner.py:61: DeprecationWarning: This process (pid=1732) is multi-threaded, use of fork() may lead to deadlocks in the child.
  pid = os.fork()

[2024-06-05T00:57:17.321+0000] {standard_task_runner.py:63} INFO - Started process 1753 to run task
[2024-06-05T00:57:17.323+0000] {standard_task_runner.py:90} INFO - Running: ['***', 'tasks', 'run', 'dados_climaticos_estruturados', 'criar_pasta', 'scheduled__2024-05-29T20:10:00+00:00', '--job-id', '929', '--raw', '--subdir', 'DAGS_FOLDER/weather/custom_dags/dados_climaticos_estruturados.py', '--cfg-path', '/tmp/tmplqq7h914']
[2024-06-05T00:57:17.326+0000] {standard_task_runner.py:91} INFO - Job 929: Subtask criar_pasta
[2024-06-05T00:57:17.449+0000] {task_command.py:426} INFO - Running <TaskInstance: dados_climaticos_estruturados.criar_pasta scheduled__2024-05-29T20:10:00+00:00 [running]> on host 6665b0710315
[2024-06-05T00:57:17.687+0000] {taskinstance.py:2648} INFO - Exporting env vars: AIRFLOW_CTX_DAG_OWNER='***' AIRFLOW_CTX_DAG_ID='dados_climaticos_estruturados' AIRFLOW_CTX_TASK_ID='criar_pasta' AIRFLOW_CTX_EXECUTION_DATE='2024-05-29T20:10:00+00:00' AIRFLOW_CTX_TRY_NUMBER='1' AIRFLOW_CTX_DAG_RUN_ID='scheduled__2024-05-29T20:10:00+00:00'
[2024-06-05T00:57:17.691+0000] {taskinstance.py:430} INFO - ::endgroup::
[2024-06-05T00:57:17.693+0000] {python.py:237} INFO - Done. Returned value was: None
[2024-06-05T00:57:17.693+0000] {taskinstance.py:441} INFO - ::group::Post task execution logs
[2024-06-05T00:57:17.717+0000] {taskinstance.py:1206} INFO - Marking task as SUCCESS. dag_id=dados_climaticos_estruturados, task_id=criar_pasta, run_id=scheduled__2024-05-29T20:10:00+00:00, execution_date=20240529T201000, start_date=20240605T005717, end_date=20240605T005717
[2024-06-05T00:57:17.764+0000] {local_task_job_runner.py:240} INFO - Task exited with return code 0
[2024-06-05T00:57:17.795+0000] {local_task_job_runner.py:222} INFO - ::endgroup::
[2024-06-05T01:37:27.837+0000] {local_task_job_runner.py:120} INFO - ::group::Pre task execution logs
[2024-06-05T01:37:27.878+0000] {taskinstance.py:2076} INFO - Dependencies all met for dep_context=non-requeueable deps ti=<TaskInstance: dados_climaticos_estruturados.criar_pasta scheduled__2024-05-29T20:10:00+00:00 [queued]>
[2024-06-05T01:37:27.895+0000] {taskinstance.py:2076} INFO - Dependencies all met for dep_context=requeueable deps ti=<TaskInstance: dados_climaticos_estruturados.criar_pasta scheduled__2024-05-29T20:10:00+00:00 [queued]>
[2024-06-05T01:37:27.896+0000] {taskinstance.py:2306} INFO - Starting attempt 1 of 1
[2024-06-05T01:37:27.925+0000] {taskinstance.py:2330} INFO - Executing <Task(PythonOperator): criar_pasta> on 2024-05-29 20:10:00+00:00
[2024-06-05T01:37:27.939+0000] {warnings.py:110} WARNING - /home/***/.local/lib/python3.12/site-packages/***/task/task_runner/standard_task_runner.py:61: DeprecationWarning: This process (pid=1755) is multi-threaded, use of fork() may lead to deadlocks in the child.
  pid = os.fork()

[2024-06-05T01:37:27.942+0000] {standard_task_runner.py:63} INFO - Started process 1774 to run task
[2024-06-05T01:37:27.942+0000] {standard_task_runner.py:90} INFO - Running: ['***', 'tasks', 'run', 'dados_climaticos_estruturados', 'criar_pasta', 'scheduled__2024-05-29T20:10:00+00:00', '--job-id', '550', '--raw', '--subdir', 'DAGS_FOLDER/weather/custom_dags/dados_climaticos_estruturados.py', '--cfg-path', '/tmp/tmp0l3ta1bs']
[2024-06-05T01:37:27.945+0000] {standard_task_runner.py:91} INFO - Job 550: Subtask criar_pasta
[2024-06-05T01:37:28.033+0000] {task_command.py:426} INFO - Running <TaskInstance: dados_climaticos_estruturados.criar_pasta scheduled__2024-05-29T20:10:00+00:00 [running]> on host 80232deae70a
[2024-06-05T01:37:28.261+0000] {taskinstance.py:2648} INFO - Exporting env vars: AIRFLOW_CTX_DAG_OWNER='***' AIRFLOW_CTX_DAG_ID='dados_climaticos_estruturados' AIRFLOW_CTX_TASK_ID='criar_pasta' AIRFLOW_CTX_EXECUTION_DATE='2024-05-29T20:10:00+00:00' AIRFLOW_CTX_TRY_NUMBER='1' AIRFLOW_CTX_DAG_RUN_ID='scheduled__2024-05-29T20:10:00+00:00'
[2024-06-05T01:37:28.264+0000] {taskinstance.py:430} INFO - ::endgroup::
[2024-06-05T01:37:28.270+0000] {python.py:237} INFO - Done. Returned value was: None
[2024-06-05T01:37:28.272+0000] {taskinstance.py:441} INFO - ::group::Post task execution logs
[2024-06-05T01:37:28.295+0000] {taskinstance.py:1206} INFO - Marking task as SUCCESS. dag_id=dados_climaticos_estruturados, task_id=criar_pasta, run_id=scheduled__2024-05-29T20:10:00+00:00, execution_date=20240529T201000, start_date=20240605T013727, end_date=20240605T013728
[2024-06-05T01:37:28.381+0000] {local_task_job_runner.py:240} INFO - Task exited with return code 0
[2024-06-05T01:37:28.403+0000] {local_task_job_runner.py:222} INFO - ::endgroup::
