[2024-06-05T01:07:06.522+0000] {local_task_job_runner.py:120} INFO - ::group::Pre task execution logs
[2024-06-05T01:07:06.580+0000] {taskinstance.py:2076} INFO - Dependencies all met for dep_context=non-requeueable deps ti=<TaskInstance: dados_climaticos_estruturados.criar_pasta scheduled__2024-05-31T17:30:00+00:00 [queued]>
[2024-06-05T01:07:06.596+0000] {taskinstance.py:2076} INFO - Dependencies all met for dep_context=requeueable deps ti=<TaskInstance: dados_climaticos_estruturados.criar_pasta scheduled__2024-05-31T17:30:00+00:00 [queued]>
[2024-06-05T01:07:06.599+0000] {taskinstance.py:2306} INFO - Starting attempt 1 of 1
[2024-06-05T01:07:06.754+0000] {taskinstance.py:2330} INFO - Executing <Task(PythonOperator): criar_pasta> on 2024-05-31 17:30:00+00:00
[2024-06-05T01:07:06.776+0000] {warnings.py:110} WARNING - /home/***/.local/lib/python3.12/site-packages/***/task/task_runner/standard_task_runner.py:61: DeprecationWarning: This process (pid=5147) is multi-threaded, use of fork() may lead to deadlocks in the child.
  pid = os.fork()

[2024-06-05T01:07:06.780+0000] {standard_task_runner.py:63} INFO - Started process 5167 to run task
[2024-06-05T01:07:06.781+0000] {standard_task_runner.py:90} INFO - Running: ['***', 'tasks', 'run', 'dados_climaticos_estruturados', 'criar_pasta', 'scheduled__2024-05-31T17:30:00+00:00', '--job-id', '2028', '--raw', '--subdir', 'DAGS_FOLDER/weather/custom_dags/dados_climaticos_estruturados.py', '--cfg-path', '/tmp/tmpr10n4_vw']
[2024-06-05T01:07:06.786+0000] {standard_task_runner.py:91} INFO - Job 2028: Subtask criar_pasta
[2024-06-05T01:07:06.888+0000] {task_command.py:426} INFO - Running <TaskInstance: dados_climaticos_estruturados.criar_pasta scheduled__2024-05-31T17:30:00+00:00 [running]> on host 6665b0710315
[2024-06-05T01:07:07.105+0000] {taskinstance.py:2648} INFO - Exporting env vars: AIRFLOW_CTX_DAG_OWNER='***' AIRFLOW_CTX_DAG_ID='dados_climaticos_estruturados' AIRFLOW_CTX_TASK_ID='criar_pasta' AIRFLOW_CTX_EXECUTION_DATE='2024-05-31T17:30:00+00:00' AIRFLOW_CTX_TRY_NUMBER='1' AIRFLOW_CTX_DAG_RUN_ID='scheduled__2024-05-31T17:30:00+00:00'
[2024-06-05T01:07:07.107+0000] {taskinstance.py:430} INFO - ::endgroup::
[2024-06-05T01:07:07.113+0000] {python.py:237} INFO - Done. Returned value was: None
[2024-06-05T01:07:07.115+0000] {taskinstance.py:441} INFO - ::group::Post task execution logs
[2024-06-05T01:07:07.140+0000] {taskinstance.py:1206} INFO - Marking task as SUCCESS. dag_id=dados_climaticos_estruturados, task_id=criar_pasta, run_id=scheduled__2024-05-31T17:30:00+00:00, execution_date=20240531T173000, start_date=20240605T010706, end_date=20240605T010707
[2024-06-05T01:07:07.214+0000] {local_task_job_runner.py:240} INFO - Task exited with return code 0
[2024-06-05T01:07:07.255+0000] {taskinstance.py:3498} INFO - 1 downstream tasks scheduled from follow-on schedule check
[2024-06-05T01:07:07.261+0000] {local_task_job_runner.py:222} INFO - ::endgroup::
[2024-06-05T01:46:16.075+0000] {local_task_job_runner.py:120} INFO - ::group::Pre task execution logs
[2024-06-05T01:46:16.102+0000] {taskinstance.py:2076} INFO - Dependencies all met for dep_context=non-requeueable deps ti=<TaskInstance: dados_climaticos_estruturados.criar_pasta scheduled__2024-05-31T17:30:00+00:00 [queued]>
[2024-06-05T01:46:16.114+0000] {taskinstance.py:2076} INFO - Dependencies all met for dep_context=requeueable deps ti=<TaskInstance: dados_climaticos_estruturados.criar_pasta scheduled__2024-05-31T17:30:00+00:00 [queued]>
[2024-06-05T01:46:16.114+0000] {taskinstance.py:2306} INFO - Starting attempt 1 of 1
[2024-06-05T01:46:16.136+0000] {taskinstance.py:2330} INFO - Executing <Task(PythonOperator): criar_pasta> on 2024-05-31 17:30:00+00:00
[2024-06-05T01:46:16.146+0000] {warnings.py:110} WARNING - /home/***/.local/lib/python3.12/site-packages/***/task/task_runner/standard_task_runner.py:61: DeprecationWarning: This process (pid=5122) is multi-threaded, use of fork() may lead to deadlocks in the child.
  pid = os.fork()

[2024-06-05T01:46:16.149+0000] {standard_task_runner.py:90} INFO - Running: ['***', 'tasks', 'run', 'dados_climaticos_estruturados', 'criar_pasta', 'scheduled__2024-05-31T17:30:00+00:00', '--job-id', '1636', '--raw', '--subdir', 'DAGS_FOLDER/weather/custom_dags/dados_climaticos_estruturados.py', '--cfg-path', '/tmp/tmpp1j7mzgx']
[2024-06-05T01:46:16.152+0000] {standard_task_runner.py:63} INFO - Started process 5135 to run task
[2024-06-05T01:46:16.152+0000] {standard_task_runner.py:91} INFO - Job 1636: Subtask criar_pasta
[2024-06-05T01:46:16.231+0000] {task_command.py:426} INFO - Running <TaskInstance: dados_climaticos_estruturados.criar_pasta scheduled__2024-05-31T17:30:00+00:00 [running]> on host 80232deae70a
[2024-06-05T01:46:16.379+0000] {taskinstance.py:2648} INFO - Exporting env vars: AIRFLOW_CTX_DAG_OWNER='***' AIRFLOW_CTX_DAG_ID='dados_climaticos_estruturados' AIRFLOW_CTX_TASK_ID='criar_pasta' AIRFLOW_CTX_EXECUTION_DATE='2024-05-31T17:30:00+00:00' AIRFLOW_CTX_TRY_NUMBER='1' AIRFLOW_CTX_DAG_RUN_ID='scheduled__2024-05-31T17:30:00+00:00'
[2024-06-05T01:46:16.381+0000] {taskinstance.py:430} INFO - ::endgroup::
[2024-06-05T01:46:16.382+0000] {python.py:237} INFO - Done. Returned value was: None
[2024-06-05T01:46:16.384+0000] {taskinstance.py:441} INFO - ::group::Post task execution logs
[2024-06-05T01:46:16.397+0000] {taskinstance.py:1206} INFO - Marking task as SUCCESS. dag_id=dados_climaticos_estruturados, task_id=criar_pasta, run_id=scheduled__2024-05-31T17:30:00+00:00, execution_date=20240531T173000, start_date=20240605T014616, end_date=20240605T014616
[2024-06-05T01:46:16.456+0000] {local_task_job_runner.py:240} INFO - Task exited with return code 0
[2024-06-05T01:46:16.488+0000] {taskinstance.py:3498} INFO - 1 downstream tasks scheduled from follow-on schedule check
[2024-06-05T01:46:16.491+0000] {local_task_job_runner.py:222} INFO - ::endgroup::
