[2024-06-05T01:00:08.816+0000] {local_task_job_runner.py:120} INFO - ::group::Pre task execution logs
[2024-06-05T01:00:08.909+0000] {taskinstance.py:2076} INFO - Dependencies all met for dep_context=non-requeueable deps ti=<TaskInstance: dados_climaticos_estruturados.criar_pasta scheduled__2024-05-30T09:10:00+00:00 [queued]>
[2024-06-05T01:00:08.947+0000] {taskinstance.py:2076} INFO - Dependencies all met for dep_context=requeueable deps ti=<TaskInstance: dados_climaticos_estruturados.criar_pasta scheduled__2024-05-30T09:10:00+00:00 [queued]>
[2024-06-05T01:00:08.948+0000] {taskinstance.py:2306} INFO - Starting attempt 1 of 1
[2024-06-05T01:00:09.012+0000] {taskinstance.py:2330} INFO - Executing <Task(PythonOperator): criar_pasta> on 2024-05-30 09:10:00+00:00
[2024-06-05T01:00:09.029+0000] {warnings.py:110} WARNING - /home/***/.local/lib/python3.12/site-packages/***/task/task_runner/standard_task_runner.py:61: DeprecationWarning: This process (pid=2705) is multi-threaded, use of fork() may lead to deadlocks in the child.
  pid = os.fork()

[2024-06-05T01:00:09.035+0000] {standard_task_runner.py:63} INFO - Started process 2735 to run task
[2024-06-05T01:00:09.033+0000] {standard_task_runner.py:90} INFO - Running: ['***', 'tasks', 'run', 'dados_climaticos_estruturados', 'criar_pasta', 'scheduled__2024-05-30T09:10:00+00:00', '--job-id', '1242', '--raw', '--subdir', 'DAGS_FOLDER/weather/custom_dags/dados_climaticos_estruturados.py', '--cfg-path', '/tmp/tmpjhjopens']
[2024-06-05T01:00:09.039+0000] {standard_task_runner.py:91} INFO - Job 1242: Subtask criar_pasta
[2024-06-05T01:00:09.182+0000] {task_command.py:426} INFO - Running <TaskInstance: dados_climaticos_estruturados.criar_pasta scheduled__2024-05-30T09:10:00+00:00 [running]> on host 6665b0710315
[2024-06-05T01:00:09.411+0000] {taskinstance.py:2648} INFO - Exporting env vars: AIRFLOW_CTX_DAG_OWNER='***' AIRFLOW_CTX_DAG_ID='dados_climaticos_estruturados' AIRFLOW_CTX_TASK_ID='criar_pasta' AIRFLOW_CTX_EXECUTION_DATE='2024-05-30T09:10:00+00:00' AIRFLOW_CTX_TRY_NUMBER='1' AIRFLOW_CTX_DAG_RUN_ID='scheduled__2024-05-30T09:10:00+00:00'
[2024-06-05T01:00:09.416+0000] {taskinstance.py:430} INFO - ::endgroup::
[2024-06-05T01:00:09.425+0000] {python.py:237} INFO - Done. Returned value was: None
[2024-06-05T01:00:09.425+0000] {taskinstance.py:441} INFO - ::group::Post task execution logs
[2024-06-05T01:00:09.461+0000] {taskinstance.py:1206} INFO - Marking task as SUCCESS. dag_id=dados_climaticos_estruturados, task_id=criar_pasta, run_id=scheduled__2024-05-30T09:10:00+00:00, execution_date=20240530T091000, start_date=20240605T010008, end_date=20240605T010009
[2024-06-05T01:00:09.574+0000] {local_task_job_runner.py:240} INFO - Task exited with return code 0
[2024-06-05T01:00:09.590+0000] {local_task_job_runner.py:222} INFO - ::endgroup::
[2024-06-05T01:39:58.446+0000] {local_task_job_runner.py:120} INFO - ::group::Pre task execution logs
[2024-06-05T01:39:58.494+0000] {taskinstance.py:2076} INFO - Dependencies all met for dep_context=non-requeueable deps ti=<TaskInstance: dados_climaticos_estruturados.criar_pasta scheduled__2024-05-30T09:10:00+00:00 [queued]>
[2024-06-05T01:39:58.535+0000] {taskinstance.py:2076} INFO - Dependencies all met for dep_context=requeueable deps ti=<TaskInstance: dados_climaticos_estruturados.criar_pasta scheduled__2024-05-30T09:10:00+00:00 [queued]>
[2024-06-05T01:39:58.536+0000] {taskinstance.py:2306} INFO - Starting attempt 1 of 1
[2024-06-05T01:39:58.708+0000] {taskinstance.py:2330} INFO - Executing <Task(PythonOperator): criar_pasta> on 2024-05-30 09:10:00+00:00
[2024-06-05T01:39:58.727+0000] {warnings.py:110} WARNING - /home/***/.local/lib/python3.12/site-packages/***/task/task_runner/standard_task_runner.py:61: DeprecationWarning: This process (pid=2719) is multi-threaded, use of fork() may lead to deadlocks in the child.
  pid = os.fork()

[2024-06-05T01:39:58.737+0000] {standard_task_runner.py:63} INFO - Started process 2737 to run task
[2024-06-05T01:39:58.736+0000] {standard_task_runner.py:90} INFO - Running: ['***', 'tasks', 'run', 'dados_climaticos_estruturados', 'criar_pasta', 'scheduled__2024-05-30T09:10:00+00:00', '--job-id', '861', '--raw', '--subdir', 'DAGS_FOLDER/weather/custom_dags/dados_climaticos_estruturados.py', '--cfg-path', '/tmp/tmpbqgmwxcx']
[2024-06-05T01:39:58.742+0000] {standard_task_runner.py:91} INFO - Job 861: Subtask criar_pasta
[2024-06-05T01:39:58.845+0000] {task_command.py:426} INFO - Running <TaskInstance: dados_climaticos_estruturados.criar_pasta scheduled__2024-05-30T09:10:00+00:00 [running]> on host 80232deae70a
[2024-06-05T01:39:59.052+0000] {taskinstance.py:2648} INFO - Exporting env vars: AIRFLOW_CTX_DAG_OWNER='***' AIRFLOW_CTX_DAG_ID='dados_climaticos_estruturados' AIRFLOW_CTX_TASK_ID='criar_pasta' AIRFLOW_CTX_EXECUTION_DATE='2024-05-30T09:10:00+00:00' AIRFLOW_CTX_TRY_NUMBER='1' AIRFLOW_CTX_DAG_RUN_ID='scheduled__2024-05-30T09:10:00+00:00'
[2024-06-05T01:39:59.055+0000] {taskinstance.py:430} INFO - ::endgroup::
[2024-06-05T01:39:59.061+0000] {python.py:237} INFO - Done. Returned value was: None
[2024-06-05T01:39:59.063+0000] {taskinstance.py:441} INFO - ::group::Post task execution logs
[2024-06-05T01:39:59.083+0000] {taskinstance.py:1206} INFO - Marking task as SUCCESS. dag_id=dados_climaticos_estruturados, task_id=criar_pasta, run_id=scheduled__2024-05-30T09:10:00+00:00, execution_date=20240530T091000, start_date=20240605T013958, end_date=20240605T013959
[2024-06-05T01:39:59.142+0000] {local_task_job_runner.py:240} INFO - Task exited with return code 0
[2024-06-05T01:39:59.163+0000] {local_task_job_runner.py:222} INFO - ::endgroup::
