[2024-06-05T00:57:03.301+0000] {local_task_job_runner.py:120} INFO - ::group::Pre task execution logs
[2024-06-05T00:57:03.365+0000] {taskinstance.py:2076} INFO - Dependencies all met for dep_context=non-requeueable deps ti=<TaskInstance: dados_climaticos_estruturados.criar_pasta scheduled__2024-05-29T18:55:00+00:00 [queued]>
[2024-06-05T00:57:03.396+0000] {taskinstance.py:2076} INFO - Dependencies all met for dep_context=requeueable deps ti=<TaskInstance: dados_climaticos_estruturados.criar_pasta scheduled__2024-05-29T18:55:00+00:00 [queued]>
[2024-06-05T00:57:03.398+0000] {taskinstance.py:2306} INFO - Starting attempt 1 of 1
[2024-06-05T00:57:03.451+0000] {taskinstance.py:2330} INFO - Executing <Task(PythonOperator): criar_pasta> on 2024-05-29 18:55:00+00:00
[2024-06-05T00:57:03.477+0000] {warnings.py:110} WARNING - /home/***/.local/lib/python3.12/site-packages/***/task/task_runner/standard_task_runner.py:61: DeprecationWarning: This process (pid=1625) is multi-threaded, use of fork() may lead to deadlocks in the child.
  pid = os.fork()

[2024-06-05T00:57:03.480+0000] {standard_task_runner.py:63} INFO - Started process 1660 to run task
[2024-06-05T00:57:03.481+0000] {standard_task_runner.py:90} INFO - Running: ['***', 'tasks', 'run', 'dados_climaticos_estruturados', 'criar_pasta', 'scheduled__2024-05-29T18:55:00+00:00', '--job-id', '897', '--raw', '--subdir', 'DAGS_FOLDER/weather/custom_dags/dados_climaticos_estruturados.py', '--cfg-path', '/tmp/tmpi94emktk']
[2024-06-05T00:57:03.485+0000] {standard_task_runner.py:91} INFO - Job 897: Subtask criar_pasta
[2024-06-05T00:57:03.636+0000] {task_command.py:426} INFO - Running <TaskInstance: dados_climaticos_estruturados.criar_pasta scheduled__2024-05-29T18:55:00+00:00 [running]> on host 6665b0710315
[2024-06-05T00:57:03.866+0000] {taskinstance.py:2648} INFO - Exporting env vars: AIRFLOW_CTX_DAG_OWNER='***' AIRFLOW_CTX_DAG_ID='dados_climaticos_estruturados' AIRFLOW_CTX_TASK_ID='criar_pasta' AIRFLOW_CTX_EXECUTION_DATE='2024-05-29T18:55:00+00:00' AIRFLOW_CTX_TRY_NUMBER='1' AIRFLOW_CTX_DAG_RUN_ID='scheduled__2024-05-29T18:55:00+00:00'
[2024-06-05T00:57:03.869+0000] {taskinstance.py:430} INFO - ::endgroup::
[2024-06-05T00:57:03.875+0000] {python.py:237} INFO - Done. Returned value was: None
[2024-06-05T00:57:03.876+0000] {taskinstance.py:441} INFO - ::group::Post task execution logs
[2024-06-05T00:57:03.908+0000] {taskinstance.py:1206} INFO - Marking task as SUCCESS. dag_id=dados_climaticos_estruturados, task_id=criar_pasta, run_id=scheduled__2024-05-29T18:55:00+00:00, execution_date=20240529T185500, start_date=20240605T005703, end_date=20240605T005703
[2024-06-05T00:57:04.012+0000] {local_task_job_runner.py:240} INFO - Task exited with return code 0
[2024-06-05T00:57:04.048+0000] {local_task_job_runner.py:222} INFO - ::endgroup::
[2024-06-05T01:37:15.049+0000] {local_task_job_runner.py:120} INFO - ::group::Pre task execution logs
[2024-06-05T01:37:15.096+0000] {taskinstance.py:2076} INFO - Dependencies all met for dep_context=non-requeueable deps ti=<TaskInstance: dados_climaticos_estruturados.criar_pasta scheduled__2024-05-29T18:55:00+00:00 [queued]>
[2024-06-05T01:37:15.113+0000] {taskinstance.py:2076} INFO - Dependencies all met for dep_context=requeueable deps ti=<TaskInstance: dados_climaticos_estruturados.criar_pasta scheduled__2024-05-29T18:55:00+00:00 [queued]>
[2024-06-05T01:37:15.116+0000] {taskinstance.py:2306} INFO - Starting attempt 1 of 1
[2024-06-05T01:37:15.286+0000] {taskinstance.py:2330} INFO - Executing <Task(PythonOperator): criar_pasta> on 2024-05-29 18:55:00+00:00
[2024-06-05T01:37:15.302+0000] {warnings.py:110} WARNING - /home/***/.local/lib/python3.12/site-packages/***/task/task_runner/standard_task_runner.py:61: DeprecationWarning: This process (pid=1661) is multi-threaded, use of fork() may lead to deadlocks in the child.
  pid = os.fork()

[2024-06-05T01:37:15.312+0000] {standard_task_runner.py:63} INFO - Started process 1680 to run task
[2024-06-05T01:37:15.308+0000] {standard_task_runner.py:90} INFO - Running: ['***', 'tasks', 'run', 'dados_climaticos_estruturados', 'criar_pasta', 'scheduled__2024-05-29T18:55:00+00:00', '--job-id', '519', '--raw', '--subdir', 'DAGS_FOLDER/weather/custom_dags/dados_climaticos_estruturados.py', '--cfg-path', '/tmp/tmpjjqfvq9y']
[2024-06-05T01:37:15.317+0000] {standard_task_runner.py:91} INFO - Job 519: Subtask criar_pasta
[2024-06-05T01:37:15.449+0000] {task_command.py:426} INFO - Running <TaskInstance: dados_climaticos_estruturados.criar_pasta scheduled__2024-05-29T18:55:00+00:00 [running]> on host 80232deae70a
[2024-06-05T01:37:15.656+0000] {taskinstance.py:2648} INFO - Exporting env vars: AIRFLOW_CTX_DAG_OWNER='***' AIRFLOW_CTX_DAG_ID='dados_climaticos_estruturados' AIRFLOW_CTX_TASK_ID='criar_pasta' AIRFLOW_CTX_EXECUTION_DATE='2024-05-29T18:55:00+00:00' AIRFLOW_CTX_TRY_NUMBER='1' AIRFLOW_CTX_DAG_RUN_ID='scheduled__2024-05-29T18:55:00+00:00'
[2024-06-05T01:37:15.658+0000] {taskinstance.py:430} INFO - ::endgroup::
[2024-06-05T01:37:15.660+0000] {python.py:237} INFO - Done. Returned value was: None
[2024-06-05T01:37:15.662+0000] {taskinstance.py:441} INFO - ::group::Post task execution logs
[2024-06-05T01:37:15.679+0000] {taskinstance.py:1206} INFO - Marking task as SUCCESS. dag_id=dados_climaticos_estruturados, task_id=criar_pasta, run_id=scheduled__2024-05-29T18:55:00+00:00, execution_date=20240529T185500, start_date=20240605T013715, end_date=20240605T013715
[2024-06-05T01:37:15.754+0000] {local_task_job_runner.py:240} INFO - Task exited with return code 0
[2024-06-05T01:37:15.793+0000] {taskinstance.py:3498} INFO - 1 downstream tasks scheduled from follow-on schedule check
[2024-06-05T01:37:15.802+0000] {local_task_job_runner.py:222} INFO - ::endgroup::
