[2024-06-05T00:56:25.689+0000] {local_task_job_runner.py:120} INFO - ::group::Pre task execution logs
[2024-06-05T00:56:25.720+0000] {taskinstance.py:2076} INFO - Dependencies all met for dep_context=non-requeueable deps ti=<TaskInstance: dados_climaticos_estruturados.criar_pasta scheduled__2024-05-29T15:20:00+00:00 [queued]>
[2024-06-05T00:56:25.737+0000] {taskinstance.py:2076} INFO - Dependencies all met for dep_context=requeueable deps ti=<TaskInstance: dados_climaticos_estruturados.criar_pasta scheduled__2024-05-29T15:20:00+00:00 [queued]>
[2024-06-05T00:56:25.738+0000] {taskinstance.py:2306} INFO - Starting attempt 1 of 1
[2024-06-05T00:56:25.763+0000] {taskinstance.py:2330} INFO - Executing <Task(PythonOperator): criar_pasta> on 2024-05-29 15:20:00+00:00
[2024-06-05T00:56:25.777+0000] {warnings.py:110} WARNING - /home/***/.local/lib/python3.12/site-packages/***/task/task_runner/standard_task_runner.py:61: DeprecationWarning: This process (pid=1365) is multi-threaded, use of fork() may lead to deadlocks in the child.
  pid = os.fork()

[2024-06-05T00:56:25.781+0000] {standard_task_runner.py:63} INFO - Started process 1387 to run task
[2024-06-05T00:56:25.780+0000] {standard_task_runner.py:90} INFO - Running: ['***', 'tasks', 'run', 'dados_climaticos_estruturados', 'criar_pasta', 'scheduled__2024-05-29T15:20:00+00:00', '--job-id', '812', '--raw', '--subdir', 'DAGS_FOLDER/weather/custom_dags/dados_climaticos_estruturados.py', '--cfg-path', '/tmp/tmpb18m25li']
[2024-06-05T00:56:25.783+0000] {standard_task_runner.py:91} INFO - Job 812: Subtask criar_pasta
[2024-06-05T00:56:25.881+0000] {task_command.py:426} INFO - Running <TaskInstance: dados_climaticos_estruturados.criar_pasta scheduled__2024-05-29T15:20:00+00:00 [running]> on host 6665b0710315
[2024-06-05T00:56:26.059+0000] {taskinstance.py:2648} INFO - Exporting env vars: AIRFLOW_CTX_DAG_OWNER='***' AIRFLOW_CTX_DAG_ID='dados_climaticos_estruturados' AIRFLOW_CTX_TASK_ID='criar_pasta' AIRFLOW_CTX_EXECUTION_DATE='2024-05-29T15:20:00+00:00' AIRFLOW_CTX_TRY_NUMBER='1' AIRFLOW_CTX_DAG_RUN_ID='scheduled__2024-05-29T15:20:00+00:00'
[2024-06-05T00:56:26.061+0000] {taskinstance.py:430} INFO - ::endgroup::
[2024-06-05T00:56:26.064+0000] {python.py:237} INFO - Done. Returned value was: None
[2024-06-05T00:56:26.064+0000] {taskinstance.py:441} INFO - ::group::Post task execution logs
[2024-06-05T00:56:26.077+0000] {taskinstance.py:1206} INFO - Marking task as SUCCESS. dag_id=dados_climaticos_estruturados, task_id=criar_pasta, run_id=scheduled__2024-05-29T15:20:00+00:00, execution_date=20240529T152000, start_date=20240605T005625, end_date=20240605T005626
[2024-06-05T00:56:26.134+0000] {local_task_job_runner.py:240} INFO - Task exited with return code 0
[2024-06-05T00:56:26.157+0000] {taskinstance.py:3498} INFO - 1 downstream tasks scheduled from follow-on schedule check
[2024-06-05T00:56:26.159+0000] {local_task_job_runner.py:222} INFO - ::endgroup::
[2024-06-05T01:36:27.704+0000] {local_task_job_runner.py:120} INFO - ::group::Pre task execution logs
[2024-06-05T01:36:27.754+0000] {taskinstance.py:2076} INFO - Dependencies all met for dep_context=non-requeueable deps ti=<TaskInstance: dados_climaticos_estruturados.criar_pasta scheduled__2024-05-29T15:20:00+00:00 [queued]>
[2024-06-05T01:36:27.789+0000] {taskinstance.py:2076} INFO - Dependencies all met for dep_context=requeueable deps ti=<TaskInstance: dados_climaticos_estruturados.criar_pasta scheduled__2024-05-29T15:20:00+00:00 [queued]>
[2024-06-05T01:36:27.793+0000] {taskinstance.py:2306} INFO - Starting attempt 1 of 1
[2024-06-05T01:36:27.929+0000] {taskinstance.py:2330} INFO - Executing <Task(PythonOperator): criar_pasta> on 2024-05-29 15:20:00+00:00
[2024-06-05T01:36:27.957+0000] {warnings.py:110} WARNING - /home/***/.local/lib/python3.12/site-packages/***/task/task_runner/standard_task_runner.py:61: DeprecationWarning: This process (pid=1369) is multi-threaded, use of fork() may lead to deadlocks in the child.
  pid = os.fork()

[2024-06-05T01:36:27.968+0000] {standard_task_runner.py:63} INFO - Started process 1399 to run task
[2024-06-05T01:36:27.973+0000] {standard_task_runner.py:90} INFO - Running: ['***', 'tasks', 'run', 'dados_climaticos_estruturados', 'criar_pasta', 'scheduled__2024-05-29T15:20:00+00:00', '--job-id', '427', '--raw', '--subdir', 'DAGS_FOLDER/weather/custom_dags/dados_climaticos_estruturados.py', '--cfg-path', '/tmp/tmp14d_tyt5']
[2024-06-05T01:36:27.982+0000] {standard_task_runner.py:91} INFO - Job 427: Subtask criar_pasta
[2024-06-05T01:36:28.322+0000] {task_command.py:426} INFO - Running <TaskInstance: dados_climaticos_estruturados.criar_pasta scheduled__2024-05-29T15:20:00+00:00 [running]> on host 80232deae70a
[2024-06-05T01:36:28.572+0000] {taskinstance.py:2648} INFO - Exporting env vars: AIRFLOW_CTX_DAG_OWNER='***' AIRFLOW_CTX_DAG_ID='dados_climaticos_estruturados' AIRFLOW_CTX_TASK_ID='criar_pasta' AIRFLOW_CTX_EXECUTION_DATE='2024-05-29T15:20:00+00:00' AIRFLOW_CTX_TRY_NUMBER='1' AIRFLOW_CTX_DAG_RUN_ID='scheduled__2024-05-29T15:20:00+00:00'
[2024-06-05T01:36:28.574+0000] {taskinstance.py:430} INFO - ::endgroup::
[2024-06-05T01:36:28.577+0000] {python.py:237} INFO - Done. Returned value was: None
[2024-06-05T01:36:28.578+0000] {taskinstance.py:441} INFO - ::group::Post task execution logs
[2024-06-05T01:36:28.595+0000] {taskinstance.py:1206} INFO - Marking task as SUCCESS. dag_id=dados_climaticos_estruturados, task_id=criar_pasta, run_id=scheduled__2024-05-29T15:20:00+00:00, execution_date=20240529T152000, start_date=20240605T013627, end_date=20240605T013628
[2024-06-05T01:36:28.663+0000] {local_task_job_runner.py:240} INFO - Task exited with return code 0
[2024-06-05T01:36:28.739+0000] {taskinstance.py:3498} INFO - 1 downstream tasks scheduled from follow-on schedule check
[2024-06-05T01:36:28.743+0000] {local_task_job_runner.py:222} INFO - ::endgroup::
