[2024-06-05T00:56:21.164+0000] {local_task_job_runner.py:120} INFO - ::group::Pre task execution logs
[2024-06-05T00:56:21.213+0000] {taskinstance.py:2076} INFO - Dependencies all met for dep_context=non-requeueable deps ti=<TaskInstance: dados_climaticos_estruturados.criar_pasta scheduled__2024-05-29T14:35:00+00:00 [queued]>
[2024-06-05T00:56:21.226+0000] {taskinstance.py:2076} INFO - Dependencies all met for dep_context=requeueable deps ti=<TaskInstance: dados_climaticos_estruturados.criar_pasta scheduled__2024-05-29T14:35:00+00:00 [queued]>
[2024-06-05T00:56:21.228+0000] {taskinstance.py:2306} INFO - Starting attempt 1 of 1
[2024-06-05T00:56:21.264+0000] {taskinstance.py:2330} INFO - Executing <Task(PythonOperator): criar_pasta> on 2024-05-29 14:35:00+00:00
[2024-06-05T00:56:21.275+0000] {warnings.py:110} WARNING - /home/***/.local/lib/python3.12/site-packages/***/task/task_runner/standard_task_runner.py:61: DeprecationWarning: This process (pid=1317) is multi-threaded, use of fork() may lead to deadlocks in the child.
  pid = os.fork()

[2024-06-05T00:56:21.278+0000] {standard_task_runner.py:63} INFO - Started process 1339 to run task
[2024-06-05T00:56:21.279+0000] {standard_task_runner.py:90} INFO - Running: ['***', 'tasks', 'run', 'dados_climaticos_estruturados', 'criar_pasta', 'scheduled__2024-05-29T14:35:00+00:00', '--job-id', '795', '--raw', '--subdir', 'DAGS_FOLDER/weather/custom_dags/dados_climaticos_estruturados.py', '--cfg-path', '/tmp/tmp2oq1urzb']
[2024-06-05T00:56:21.280+0000] {standard_task_runner.py:91} INFO - Job 795: Subtask criar_pasta
[2024-06-05T00:56:21.381+0000] {task_command.py:426} INFO - Running <TaskInstance: dados_climaticos_estruturados.criar_pasta scheduled__2024-05-29T14:35:00+00:00 [running]> on host 6665b0710315
[2024-06-05T00:56:21.588+0000] {taskinstance.py:2648} INFO - Exporting env vars: AIRFLOW_CTX_DAG_OWNER='***' AIRFLOW_CTX_DAG_ID='dados_climaticos_estruturados' AIRFLOW_CTX_TASK_ID='criar_pasta' AIRFLOW_CTX_EXECUTION_DATE='2024-05-29T14:35:00+00:00' AIRFLOW_CTX_TRY_NUMBER='1' AIRFLOW_CTX_DAG_RUN_ID='scheduled__2024-05-29T14:35:00+00:00'
[2024-06-05T00:56:21.595+0000] {taskinstance.py:430} INFO - ::endgroup::
[2024-06-05T00:56:21.597+0000] {python.py:237} INFO - Done. Returned value was: None
[2024-06-05T00:56:21.598+0000] {taskinstance.py:441} INFO - ::group::Post task execution logs
[2024-06-05T00:56:21.615+0000] {taskinstance.py:1206} INFO - Marking task as SUCCESS. dag_id=dados_climaticos_estruturados, task_id=criar_pasta, run_id=scheduled__2024-05-29T14:35:00+00:00, execution_date=20240529T143500, start_date=20240605T005621, end_date=20240605T005621
[2024-06-05T00:56:21.671+0000] {local_task_job_runner.py:240} INFO - Task exited with return code 0
[2024-06-05T00:56:21.693+0000] {local_task_job_runner.py:222} INFO - ::endgroup::
[2024-06-05T01:36:21.896+0000] {local_task_job_runner.py:120} INFO - ::group::Pre task execution logs
[2024-06-05T01:36:21.936+0000] {taskinstance.py:2076} INFO - Dependencies all met for dep_context=non-requeueable deps ti=<TaskInstance: dados_climaticos_estruturados.criar_pasta scheduled__2024-05-29T14:35:00+00:00 [queued]>
[2024-06-05T01:36:21.953+0000] {taskinstance.py:2076} INFO - Dependencies all met for dep_context=requeueable deps ti=<TaskInstance: dados_climaticos_estruturados.criar_pasta scheduled__2024-05-29T14:35:00+00:00 [queued]>
[2024-06-05T01:36:21.955+0000] {taskinstance.py:2306} INFO - Starting attempt 1 of 1
[2024-06-05T01:36:21.983+0000] {taskinstance.py:2330} INFO - Executing <Task(PythonOperator): criar_pasta> on 2024-05-29 14:35:00+00:00
[2024-06-05T01:36:21.998+0000] {warnings.py:110} WARNING - /home/***/.local/lib/python3.12/site-packages/***/task/task_runner/standard_task_runner.py:61: DeprecationWarning: This process (pid=1332) is multi-threaded, use of fork() may lead to deadlocks in the child.
  pid = os.fork()

[2024-06-05T01:36:22.001+0000] {standard_task_runner.py:63} INFO - Started process 1351 to run task
[2024-06-05T01:36:22.003+0000] {standard_task_runner.py:90} INFO - Running: ['***', 'tasks', 'run', 'dados_climaticos_estruturados', 'criar_pasta', 'scheduled__2024-05-29T14:35:00+00:00', '--job-id', '413', '--raw', '--subdir', 'DAGS_FOLDER/weather/custom_dags/dados_climaticos_estruturados.py', '--cfg-path', '/tmp/tmpj4l6jfux']
[2024-06-05T01:36:22.006+0000] {standard_task_runner.py:91} INFO - Job 413: Subtask criar_pasta
[2024-06-05T01:36:22.102+0000] {task_command.py:426} INFO - Running <TaskInstance: dados_climaticos_estruturados.criar_pasta scheduled__2024-05-29T14:35:00+00:00 [running]> on host 80232deae70a
[2024-06-05T01:36:22.384+0000] {taskinstance.py:2648} INFO - Exporting env vars: AIRFLOW_CTX_DAG_OWNER='***' AIRFLOW_CTX_DAG_ID='dados_climaticos_estruturados' AIRFLOW_CTX_TASK_ID='criar_pasta' AIRFLOW_CTX_EXECUTION_DATE='2024-05-29T14:35:00+00:00' AIRFLOW_CTX_TRY_NUMBER='1' AIRFLOW_CTX_DAG_RUN_ID='scheduled__2024-05-29T14:35:00+00:00'
[2024-06-05T01:36:22.388+0000] {taskinstance.py:430} INFO - ::endgroup::
[2024-06-05T01:36:22.392+0000] {python.py:237} INFO - Done. Returned value was: None
[2024-06-05T01:36:22.396+0000] {taskinstance.py:441} INFO - ::group::Post task execution logs
[2024-06-05T01:36:22.418+0000] {taskinstance.py:1206} INFO - Marking task as SUCCESS. dag_id=dados_climaticos_estruturados, task_id=criar_pasta, run_id=scheduled__2024-05-29T14:35:00+00:00, execution_date=20240529T143500, start_date=20240605T013621, end_date=20240605T013622
[2024-06-05T01:36:22.513+0000] {local_task_job_runner.py:240} INFO - Task exited with return code 0
[2024-06-05T01:36:22.529+0000] {local_task_job_runner.py:222} INFO - ::endgroup::
