[2024-06-05T01:07:09.523+0000] {local_task_job_runner.py:120} INFO - ::group::Pre task execution logs
[2024-06-05T01:07:09.604+0000] {taskinstance.py:2076} INFO - Dependencies all met for dep_context=non-requeueable deps ti=<TaskInstance: dados_climaticos_estruturados.criar_pasta scheduled__2024-05-31T18:25:00+00:00 [queued]>
[2024-06-05T01:07:09.634+0000] {taskinstance.py:2076} INFO - Dependencies all met for dep_context=requeueable deps ti=<TaskInstance: dados_climaticos_estruturados.criar_pasta scheduled__2024-05-31T18:25:00+00:00 [queued]>
[2024-06-05T01:07:09.637+0000] {taskinstance.py:2306} INFO - Starting attempt 1 of 1
[2024-06-05T01:07:09.721+0000] {taskinstance.py:2330} INFO - Executing <Task(PythonOperator): criar_pasta> on 2024-05-31 18:25:00+00:00
[2024-06-05T01:07:09.764+0000] {warnings.py:110} WARNING - /home/***/.local/lib/python3.12/site-packages/***/task/task_runner/standard_task_runner.py:61: DeprecationWarning: This process (pid=5172) is multi-threaded, use of fork() may lead to deadlocks in the child.
  pid = os.fork()

[2024-06-05T01:07:09.760+0000] {standard_task_runner.py:90} INFO - Running: ['***', 'tasks', 'run', 'dados_climaticos_estruturados', 'criar_pasta', 'scheduled__2024-05-31T18:25:00+00:00', '--job-id', '2038', '--raw', '--subdir', 'DAGS_FOLDER/weather/custom_dags/dados_climaticos_estruturados.py', '--cfg-path', '/tmp/tmpfi8etfoj']
[2024-06-05T01:07:09.765+0000] {standard_task_runner.py:63} INFO - Started process 5213 to run task
[2024-06-05T01:07:09.766+0000] {standard_task_runner.py:91} INFO - Job 2038: Subtask criar_pasta
[2024-06-05T01:07:09.914+0000] {task_command.py:426} INFO - Running <TaskInstance: dados_climaticos_estruturados.criar_pasta scheduled__2024-05-31T18:25:00+00:00 [running]> on host 6665b0710315
[2024-06-05T01:07:10.198+0000] {taskinstance.py:2648} INFO - Exporting env vars: AIRFLOW_CTX_DAG_OWNER='***' AIRFLOW_CTX_DAG_ID='dados_climaticos_estruturados' AIRFLOW_CTX_TASK_ID='criar_pasta' AIRFLOW_CTX_EXECUTION_DATE='2024-05-31T18:25:00+00:00' AIRFLOW_CTX_TRY_NUMBER='1' AIRFLOW_CTX_DAG_RUN_ID='scheduled__2024-05-31T18:25:00+00:00'
[2024-06-05T01:07:10.201+0000] {taskinstance.py:430} INFO - ::endgroup::
[2024-06-05T01:07:10.208+0000] {python.py:237} INFO - Done. Returned value was: None
[2024-06-05T01:07:10.209+0000] {taskinstance.py:441} INFO - ::group::Post task execution logs
[2024-06-05T01:07:10.259+0000] {taskinstance.py:1206} INFO - Marking task as SUCCESS. dag_id=dados_climaticos_estruturados, task_id=criar_pasta, run_id=scheduled__2024-05-31T18:25:00+00:00, execution_date=20240531T182500, start_date=20240605T010709, end_date=20240605T010710
[2024-06-05T01:07:10.491+0000] {local_task_job_runner.py:240} INFO - Task exited with return code 0
[2024-06-05T01:07:10.577+0000] {taskinstance.py:3498} INFO - 1 downstream tasks scheduled from follow-on schedule check
[2024-06-05T01:07:10.582+0000] {local_task_job_runner.py:222} INFO - ::endgroup::
[2024-06-05T01:46:26.968+0000] {local_task_job_runner.py:120} INFO - ::group::Pre task execution logs
[2024-06-05T01:46:27.041+0000] {taskinstance.py:2076} INFO - Dependencies all met for dep_context=non-requeueable deps ti=<TaskInstance: dados_climaticos_estruturados.criar_pasta scheduled__2024-05-31T18:25:00+00:00 [queued]>
[2024-06-05T01:46:27.093+0000] {taskinstance.py:2076} INFO - Dependencies all met for dep_context=requeueable deps ti=<TaskInstance: dados_climaticos_estruturados.criar_pasta scheduled__2024-05-31T18:25:00+00:00 [queued]>
[2024-06-05T01:46:27.094+0000] {taskinstance.py:2306} INFO - Starting attempt 1 of 1
[2024-06-05T01:46:27.155+0000] {taskinstance.py:2330} INFO - Executing <Task(PythonOperator): criar_pasta> on 2024-05-31 18:25:00+00:00
[2024-06-05T01:46:27.182+0000] {warnings.py:110} WARNING - /home/***/.local/lib/python3.12/site-packages/***/task/task_runner/standard_task_runner.py:61: DeprecationWarning: This process (pid=5170) is multi-threaded, use of fork() may lead to deadlocks in the child.
  pid = os.fork()

[2024-06-05T01:46:27.188+0000] {standard_task_runner.py:63} INFO - Started process 5199 to run task
[2024-06-05T01:46:27.193+0000] {standard_task_runner.py:90} INFO - Running: ['***', 'tasks', 'run', 'dados_climaticos_estruturados', 'criar_pasta', 'scheduled__2024-05-31T18:25:00+00:00', '--job-id', '1653', '--raw', '--subdir', 'DAGS_FOLDER/weather/custom_dags/dados_climaticos_estruturados.py', '--cfg-path', '/tmp/tmplrjozp9y']
[2024-06-05T01:46:27.209+0000] {standard_task_runner.py:91} INFO - Job 1653: Subtask criar_pasta
[2024-06-05T01:46:27.374+0000] {task_command.py:426} INFO - Running <TaskInstance: dados_climaticos_estruturados.criar_pasta scheduled__2024-05-31T18:25:00+00:00 [running]> on host 80232deae70a
[2024-06-05T01:46:27.681+0000] {taskinstance.py:2648} INFO - Exporting env vars: AIRFLOW_CTX_DAG_OWNER='***' AIRFLOW_CTX_DAG_ID='dados_climaticos_estruturados' AIRFLOW_CTX_TASK_ID='criar_pasta' AIRFLOW_CTX_EXECUTION_DATE='2024-05-31T18:25:00+00:00' AIRFLOW_CTX_TRY_NUMBER='1' AIRFLOW_CTX_DAG_RUN_ID='scheduled__2024-05-31T18:25:00+00:00'
[2024-06-05T01:46:27.686+0000] {taskinstance.py:430} INFO - ::endgroup::
[2024-06-05T01:46:27.689+0000] {python.py:237} INFO - Done. Returned value was: None
[2024-06-05T01:46:27.691+0000] {taskinstance.py:441} INFO - ::group::Post task execution logs
[2024-06-05T01:46:27.723+0000] {taskinstance.py:1206} INFO - Marking task as SUCCESS. dag_id=dados_climaticos_estruturados, task_id=criar_pasta, run_id=scheduled__2024-05-31T18:25:00+00:00, execution_date=20240531T182500, start_date=20240605T014627, end_date=20240605T014627
[2024-06-05T01:46:27.832+0000] {local_task_job_runner.py:240} INFO - Task exited with return code 0
[2024-06-05T01:46:27.910+0000] {taskinstance.py:3498} INFO - 1 downstream tasks scheduled from follow-on schedule check
[2024-06-05T01:46:27.923+0000] {local_task_job_runner.py:222} INFO - ::endgroup::
