[2024-05-25T19:04:50.225+0000] {local_task_job_runner.py:120} INFO - ::group::Pre task execution logs
[2024-05-25T19:04:50.246+0000] {taskinstance.py:2076} INFO - Dependencies all met for dep_context=non-requeueable deps ti=<TaskInstance: dados_climaticos_estruturados.criar_pasta scheduled__2024-05-16T22:40:00+00:00 [queued]>
[2024-05-25T19:04:50.255+0000] {taskinstance.py:2076} INFO - Dependencies all met for dep_context=requeueable deps ti=<TaskInstance: dados_climaticos_estruturados.criar_pasta scheduled__2024-05-16T22:40:00+00:00 [queued]>
[2024-05-25T19:04:50.255+0000] {taskinstance.py:2306} INFO - Starting attempt 1 of 1
[2024-05-25T19:04:50.267+0000] {taskinstance.py:2330} INFO - Executing <Task(PythonOperator): criar_pasta> on 2024-05-16 22:40:00+00:00
[2024-05-25T19:04:50.281+0000] {warnings.py:110} WARNING - /home/***/.local/lib/python3.12/site-packages/***/task/task_runner/standard_task_runner.py:61: DeprecationWarning: This process (pid=110) is multi-threaded, use of fork() may lead to deadlocks in the child.
  pid = os.fork()

[2024-05-25T19:04:50.285+0000] {standard_task_runner.py:63} INFO - Started process 116 to run task
[2024-05-25T19:04:50.285+0000] {standard_task_runner.py:90} INFO - Running: ['***', 'tasks', 'run', 'dados_climaticos_estruturados', 'criar_pasta', 'scheduled__2024-05-16T22:40:00+00:00', '--job-id', '18', '--raw', '--subdir', 'DAGS_FOLDER/weather/custom_dags/dados_climaticos_estruturados.py', '--cfg-path', '/tmp/tmp_sbeekvm']
[2024-05-25T19:04:50.287+0000] {standard_task_runner.py:91} INFO - Job 18: Subtask criar_pasta
[2024-05-25T19:04:50.361+0000] {task_command.py:426} INFO - Running <TaskInstance: dados_climaticos_estruturados.criar_pasta scheduled__2024-05-16T22:40:00+00:00 [running]> on host 0473b835f7f4
[2024-05-25T19:04:50.469+0000] {taskinstance.py:2648} INFO - Exporting env vars: AIRFLOW_CTX_DAG_OWNER='***' AIRFLOW_CTX_DAG_ID='dados_climaticos_estruturados' AIRFLOW_CTX_TASK_ID='criar_pasta' AIRFLOW_CTX_EXECUTION_DATE='2024-05-16T22:40:00+00:00' AIRFLOW_CTX_TRY_NUMBER='1' AIRFLOW_CTX_DAG_RUN_ID='scheduled__2024-05-16T22:40:00+00:00'
[2024-05-25T19:04:50.471+0000] {taskinstance.py:430} INFO - ::endgroup::
[2024-05-25T19:04:50.472+0000] {taskinstance.py:441} INFO - ::group::Post task execution logs
[2024-05-25T19:04:50.473+0000] {taskinstance.py:2905} ERROR - Task failed with exception
Traceback (most recent call last):
  File "/home/airflow/.local/lib/python3.12/site-packages/airflow/models/taskinstance.py", line 465, in _execute_task
    result = _execute_callable(context=context, **execute_callable_kwargs)
             ^^^^^^^^^^^^^^^^^^^^^^^^^^^^^^^^^^^^^^^^^^^^^^^^^^^^^^^^^^^^^
  File "/home/airflow/.local/lib/python3.12/site-packages/airflow/models/taskinstance.py", line 432, in _execute_callable
    return execute_callable(context=context, **execute_callable_kwargs)
           ^^^^^^^^^^^^^^^^^^^^^^^^^^^^^^^^^^^^^^^^^^^^^^^^^^^^^^^^^^^^
  File "/home/airflow/.local/lib/python3.12/site-packages/airflow/models/baseoperator.py", line 400, in wrapper
    return func(self, *args, **kwargs)
           ^^^^^^^^^^^^^^^^^^^^^^^^^^^
  File "/home/airflow/.local/lib/python3.12/site-packages/airflow/operators/python.py", line 235, in execute
    return_value = self.execute_callable()
                   ^^^^^^^^^^^^^^^^^^^^^^^
  File "/home/airflow/.local/lib/python3.12/site-packages/airflow/operators/python.py", line 252, in execute_callable
    return self.python_callable(*self.op_args, **self.op_kwargs)
           ^^^^^^^^^^^^^^^^^^^^^^^^^^^^^^^^^^^^^^^^^^^^^^^^^^^^^
  File "/opt/airflow/dags/weather/custom_dags/dados_climaticos_estruturados.py", line 18, in pegar_data_e_criar_pasta
    Path(caminho).mkdir(parents=True, exist_ok=True)
    ^^^^
NameError: name 'Path' is not defined
[2024-05-25T19:04:50.481+0000] {taskinstance.py:1206} INFO - Marking task as FAILED. dag_id=dados_climaticos_estruturados, task_id=criar_pasta, run_id=scheduled__2024-05-16T22:40:00+00:00, execution_date=20240516T224000, start_date=20240525T190450, end_date=20240525T190450
[2024-05-25T19:04:50.493+0000] {standard_task_runner.py:110} ERROR - Failed to execute job 18 for task criar_pasta (name 'Path' is not defined; 116)
[2024-05-25T19:04:50.507+0000] {local_task_job_runner.py:240} INFO - Task exited with return code 1
[2024-05-25T19:04:50.525+0000] {taskinstance.py:3498} INFO - 0 downstream tasks scheduled from follow-on schedule check
[2024-05-25T19:04:50.529+0000] {local_task_job_runner.py:222} INFO - ::endgroup::
[2024-05-29T01:34:48.938+0000] {local_task_job_runner.py:120} INFO - ::group::Pre task execution logs
[2024-05-29T01:34:48.990+0000] {taskinstance.py:2076} INFO - Dependencies all met for dep_context=non-requeueable deps ti=<TaskInstance: dados_climaticos_estruturados.criar_pasta scheduled__2024-05-16T22:40:00+00:00 [queued]>
[2024-05-29T01:34:49.007+0000] {taskinstance.py:2076} INFO - Dependencies all met for dep_context=requeueable deps ti=<TaskInstance: dados_climaticos_estruturados.criar_pasta scheduled__2024-05-16T22:40:00+00:00 [queued]>
[2024-05-29T01:34:49.009+0000] {taskinstance.py:2306} INFO - Starting attempt 1 of 1
[2024-05-29T01:34:49.117+0000] {taskinstance.py:2330} INFO - Executing <Task(PythonOperator): criar_pasta> on 2024-05-16 22:40:00+00:00
[2024-05-29T01:34:49.137+0000] {warnings.py:110} WARNING - /home/***/.local/lib/python3.12/site-packages/***/task/task_runner/standard_task_runner.py:61: DeprecationWarning: This process (pid=124) is multi-threaded, use of fork() may lead to deadlocks in the child.
  pid = os.fork()

[2024-05-29T01:34:49.142+0000] {standard_task_runner.py:63} INFO - Started process 142 to run task
[2024-05-29T01:34:49.145+0000] {standard_task_runner.py:90} INFO - Running: ['***', 'tasks', 'run', 'dados_climaticos_estruturados', 'criar_pasta', 'scheduled__2024-05-16T22:40:00+00:00', '--job-id', '25', '--raw', '--subdir', 'DAGS_FOLDER/weather/custom_dags/dados_climaticos_estruturados.py', '--cfg-path', '/tmp/tmpo6gurule']
[2024-05-29T01:34:49.150+0000] {standard_task_runner.py:91} INFO - Job 25: Subtask criar_pasta
[2024-05-29T01:34:49.250+0000] {task_command.py:426} INFO - Running <TaskInstance: dados_climaticos_estruturados.criar_pasta scheduled__2024-05-16T22:40:00+00:00 [running]> on host dd333ca35f8c
[2024-05-29T01:34:49.444+0000] {taskinstance.py:2648} INFO - Exporting env vars: AIRFLOW_CTX_DAG_OWNER='***' AIRFLOW_CTX_DAG_ID='dados_climaticos_estruturados' AIRFLOW_CTX_TASK_ID='criar_pasta' AIRFLOW_CTX_EXECUTION_DATE='2024-05-16T22:40:00+00:00' AIRFLOW_CTX_TRY_NUMBER='1' AIRFLOW_CTX_DAG_RUN_ID='scheduled__2024-05-16T22:40:00+00:00'
[2024-05-29T01:34:49.447+0000] {taskinstance.py:430} INFO - ::endgroup::
[2024-05-29T01:34:49.450+0000] {python.py:237} INFO - Done. Returned value was: None
[2024-05-29T01:34:49.451+0000] {taskinstance.py:441} INFO - ::group::Post task execution logs
[2024-05-29T01:34:49.472+0000] {taskinstance.py:1206} INFO - Marking task as SUCCESS. dag_id=dados_climaticos_estruturados, task_id=criar_pasta, run_id=scheduled__2024-05-16T22:40:00+00:00, execution_date=20240516T224000, start_date=20240529T013448, end_date=20240529T013449
[2024-05-29T01:34:49.571+0000] {local_task_job_runner.py:240} INFO - Task exited with return code 0
[2024-05-29T01:34:49.612+0000] {taskinstance.py:3498} INFO - 1 downstream tasks scheduled from follow-on schedule check
[2024-05-29T01:34:49.632+0000] {local_task_job_runner.py:222} INFO - ::endgroup::
