[2024-06-05T01:02:15.334+0000] {local_task_job_runner.py:120} INFO - ::group::Pre task execution logs
[2024-06-05T01:02:15.369+0000] {taskinstance.py:2076} INFO - Dependencies all met for dep_context=non-requeueable deps ti=<TaskInstance: dados_climaticos_estruturados.criar_pasta scheduled__2024-05-30T20:20:00+00:00 [queued]>
[2024-06-05T01:02:15.382+0000] {taskinstance.py:2076} INFO - Dependencies all met for dep_context=requeueable deps ti=<TaskInstance: dados_climaticos_estruturados.criar_pasta scheduled__2024-05-30T20:20:00+00:00 [queued]>
[2024-06-05T01:02:15.385+0000] {taskinstance.py:2306} INFO - Starting attempt 1 of 1
[2024-06-05T01:02:15.409+0000] {taskinstance.py:2330} INFO - Executing <Task(PythonOperator): criar_pasta> on 2024-05-30 20:20:00+00:00
[2024-06-05T01:02:15.423+0000] {warnings.py:110} WARNING - /home/***/.local/lib/python3.12/site-packages/***/task/task_runner/standard_task_runner.py:61: DeprecationWarning: This process (pid=3531) is multi-threaded, use of fork() may lead to deadlocks in the child.
  pid = os.fork()

[2024-06-05T01:02:15.425+0000] {standard_task_runner.py:63} INFO - Started process 3557 to run task
[2024-06-05T01:02:15.425+0000] {standard_task_runner.py:90} INFO - Running: ['***', 'tasks', 'run', 'dados_climaticos_estruturados', 'criar_pasta', 'scheduled__2024-05-30T20:20:00+00:00', '--job-id', '1513', '--raw', '--subdir', 'DAGS_FOLDER/weather/custom_dags/dados_climaticos_estruturados.py', '--cfg-path', '/tmp/tmp6fbhvshf']
[2024-06-05T01:02:15.427+0000] {standard_task_runner.py:91} INFO - Job 1513: Subtask criar_pasta
[2024-06-05T01:02:15.507+0000] {task_command.py:426} INFO - Running <TaskInstance: dados_climaticos_estruturados.criar_pasta scheduled__2024-05-30T20:20:00+00:00 [running]> on host 6665b0710315
[2024-06-05T01:02:15.645+0000] {taskinstance.py:2648} INFO - Exporting env vars: AIRFLOW_CTX_DAG_OWNER='***' AIRFLOW_CTX_DAG_ID='dados_climaticos_estruturados' AIRFLOW_CTX_TASK_ID='criar_pasta' AIRFLOW_CTX_EXECUTION_DATE='2024-05-30T20:20:00+00:00' AIRFLOW_CTX_TRY_NUMBER='1' AIRFLOW_CTX_DAG_RUN_ID='scheduled__2024-05-30T20:20:00+00:00'
[2024-06-05T01:02:15.647+0000] {taskinstance.py:430} INFO - ::endgroup::
[2024-06-05T01:02:15.649+0000] {python.py:237} INFO - Done. Returned value was: None
[2024-06-05T01:02:15.649+0000] {taskinstance.py:441} INFO - ::group::Post task execution logs
[2024-06-05T01:02:15.663+0000] {taskinstance.py:1206} INFO - Marking task as SUCCESS. dag_id=dados_climaticos_estruturados, task_id=criar_pasta, run_id=scheduled__2024-05-30T20:20:00+00:00, execution_date=20240530T202000, start_date=20240605T010215, end_date=20240605T010215
[2024-06-05T01:02:15.689+0000] {local_task_job_runner.py:240} INFO - Task exited with return code 0
[2024-06-05T01:02:15.719+0000] {taskinstance.py:3498} INFO - 1 downstream tasks scheduled from follow-on schedule check
[2024-06-05T01:02:15.722+0000] {local_task_job_runner.py:222} INFO - ::endgroup::
[2024-06-05T01:42:00.520+0000] {local_task_job_runner.py:120} INFO - ::group::Pre task execution logs
[2024-06-05T01:42:00.559+0000] {taskinstance.py:2076} INFO - Dependencies all met for dep_context=non-requeueable deps ti=<TaskInstance: dados_climaticos_estruturados.criar_pasta scheduled__2024-05-30T20:20:00+00:00 [queued]>
[2024-06-05T01:42:00.572+0000] {taskinstance.py:2076} INFO - Dependencies all met for dep_context=requeueable deps ti=<TaskInstance: dados_climaticos_estruturados.criar_pasta scheduled__2024-05-30T20:20:00+00:00 [queued]>
[2024-06-05T01:42:00.575+0000] {taskinstance.py:2306} INFO - Starting attempt 1 of 1
[2024-06-05T01:42:00.597+0000] {taskinstance.py:2330} INFO - Executing <Task(PythonOperator): criar_pasta> on 2024-05-30 20:20:00+00:00
[2024-06-05T01:42:00.606+0000] {warnings.py:110} WARNING - /home/***/.local/lib/python3.12/site-packages/***/task/task_runner/standard_task_runner.py:61: DeprecationWarning: This process (pid=3547) is multi-threaded, use of fork() may lead to deadlocks in the child.
  pid = os.fork()

[2024-06-05T01:42:00.611+0000] {standard_task_runner.py:63} INFO - Started process 3565 to run task
[2024-06-05T01:42:00.610+0000] {standard_task_runner.py:90} INFO - Running: ['***', 'tasks', 'run', 'dados_climaticos_estruturados', 'criar_pasta', 'scheduled__2024-05-30T20:20:00+00:00', '--job-id', '1129', '--raw', '--subdir', 'DAGS_FOLDER/weather/custom_dags/dados_climaticos_estruturados.py', '--cfg-path', '/tmp/tmpw7o2mkfw']
[2024-06-05T01:42:00.614+0000] {standard_task_runner.py:91} INFO - Job 1129: Subtask criar_pasta
[2024-06-05T01:42:00.701+0000] {task_command.py:426} INFO - Running <TaskInstance: dados_climaticos_estruturados.criar_pasta scheduled__2024-05-30T20:20:00+00:00 [running]> on host 80232deae70a
[2024-06-05T01:42:00.901+0000] {taskinstance.py:2648} INFO - Exporting env vars: AIRFLOW_CTX_DAG_OWNER='***' AIRFLOW_CTX_DAG_ID='dados_climaticos_estruturados' AIRFLOW_CTX_TASK_ID='criar_pasta' AIRFLOW_CTX_EXECUTION_DATE='2024-05-30T20:20:00+00:00' AIRFLOW_CTX_TRY_NUMBER='1' AIRFLOW_CTX_DAG_RUN_ID='scheduled__2024-05-30T20:20:00+00:00'
[2024-06-05T01:42:00.905+0000] {taskinstance.py:430} INFO - ::endgroup::
[2024-06-05T01:42:00.906+0000] {python.py:237} INFO - Done. Returned value was: None
[2024-06-05T01:42:00.907+0000] {taskinstance.py:441} INFO - ::group::Post task execution logs
[2024-06-05T01:42:00.925+0000] {taskinstance.py:1206} INFO - Marking task as SUCCESS. dag_id=dados_climaticos_estruturados, task_id=criar_pasta, run_id=scheduled__2024-05-30T20:20:00+00:00, execution_date=20240530T202000, start_date=20240605T014200, end_date=20240605T014200
[2024-06-05T01:42:01.000+0000] {local_task_job_runner.py:240} INFO - Task exited with return code 0
[2024-06-05T01:42:01.016+0000] {local_task_job_runner.py:222} INFO - ::endgroup::
