[2024-06-05T00:53:32.137+0000] {local_task_job_runner.py:120} INFO - ::group::Pre task execution logs
[2024-06-05T00:53:32.277+0000] {taskinstance.py:2076} INFO - Dependencies all met for dep_context=non-requeueable deps ti=<TaskInstance: dados_climaticos_estruturados.criar_pasta scheduled__2024-05-28T23:05:00+00:00 [queued]>
[2024-06-05T00:53:32.303+0000] {taskinstance.py:2076} INFO - Dependencies all met for dep_context=requeueable deps ti=<TaskInstance: dados_climaticos_estruturados.criar_pasta scheduled__2024-05-28T23:05:00+00:00 [queued]>
[2024-06-05T00:53:32.312+0000] {taskinstance.py:2306} INFO - Starting attempt 1 of 1
[2024-06-05T00:53:32.434+0000] {taskinstance.py:2330} INFO - Executing <Task(PythonOperator): criar_pasta> on 2024-05-28 23:05:00+00:00
[2024-06-05T00:53:32.568+0000] {standard_task_runner.py:90} INFO - Running: ['***', 'tasks', 'run', 'dados_climaticos_estruturados', 'criar_pasta', 'scheduled__2024-05-28T23:05:00+00:00', '--job-id', '433', '--raw', '--subdir', 'DAGS_FOLDER/weather/custom_dags/dados_climaticos_estruturados.py', '--cfg-path', '/tmp/tmpyl3f28bd']
[2024-06-05T00:53:32.570+0000] {warnings.py:110} WARNING - /home/***/.local/lib/python3.12/site-packages/***/task/task_runner/standard_task_runner.py:61: DeprecationWarning: This process (pid=176) is multi-threaded, use of fork() may lead to deadlocks in the child.
  pid = os.fork()

[2024-06-05T00:53:32.596+0000] {standard_task_runner.py:63} INFO - Started process 224 to run task
[2024-06-05T00:53:32.590+0000] {standard_task_runner.py:91} INFO - Job 433: Subtask criar_pasta
[2024-06-05T00:53:33.054+0000] {task_command.py:426} INFO - Running <TaskInstance: dados_climaticos_estruturados.criar_pasta scheduled__2024-05-28T23:05:00+00:00 [running]> on host 6665b0710315
[2024-06-05T00:53:33.595+0000] {taskinstance.py:2648} INFO - Exporting env vars: AIRFLOW_CTX_DAG_OWNER='***' AIRFLOW_CTX_DAG_ID='dados_climaticos_estruturados' AIRFLOW_CTX_TASK_ID='criar_pasta' AIRFLOW_CTX_EXECUTION_DATE='2024-05-28T23:05:00+00:00' AIRFLOW_CTX_TRY_NUMBER='1' AIRFLOW_CTX_DAG_RUN_ID='scheduled__2024-05-28T23:05:00+00:00'
[2024-06-05T00:53:33.600+0000] {taskinstance.py:430} INFO - ::endgroup::
[2024-06-05T00:53:33.607+0000] {python.py:237} INFO - Done. Returned value was: None
[2024-06-05T00:53:33.609+0000] {taskinstance.py:441} INFO - ::group::Post task execution logs
[2024-06-05T00:53:33.651+0000] {taskinstance.py:1206} INFO - Marking task as SUCCESS. dag_id=dados_climaticos_estruturados, task_id=criar_pasta, run_id=scheduled__2024-05-28T23:05:00+00:00, execution_date=20240528T230500, start_date=20240605T005332, end_date=20240605T005333
[2024-06-05T00:53:33.751+0000] {local_task_job_runner.py:240} INFO - Task exited with return code 0
[2024-06-05T00:53:33.852+0000] {taskinstance.py:3498} INFO - 1 downstream tasks scheduled from follow-on schedule check
[2024-06-05T00:53:33.863+0000] {local_task_job_runner.py:222} INFO - ::endgroup::
[2024-06-05T01:33:12.726+0000] {local_task_job_runner.py:120} INFO - ::group::Pre task execution logs
[2024-06-05T01:33:12.813+0000] {taskinstance.py:2076} INFO - Dependencies all met for dep_context=non-requeueable deps ti=<TaskInstance: dados_climaticos_estruturados.criar_pasta scheduled__2024-05-28T23:05:00+00:00 [queued]>
[2024-06-05T01:33:12.841+0000] {taskinstance.py:2076} INFO - Dependencies all met for dep_context=requeueable deps ti=<TaskInstance: dados_climaticos_estruturados.criar_pasta scheduled__2024-05-28T23:05:00+00:00 [queued]>
[2024-06-05T01:33:12.843+0000] {taskinstance.py:2306} INFO - Starting attempt 1 of 1
[2024-06-05T01:33:12.913+0000] {taskinstance.py:2330} INFO - Executing <Task(PythonOperator): criar_pasta> on 2024-05-28 23:05:00+00:00
[2024-06-05T01:33:12.932+0000] {warnings.py:110} WARNING - /home/***/.local/lib/python3.12/site-packages/***/task/task_runner/standard_task_runner.py:61: DeprecationWarning: This process (pid=172) is multi-threaded, use of fork() may lead to deadlocks in the child.
  pid = os.fork()

[2024-06-05T01:33:12.941+0000] {standard_task_runner.py:63} INFO - Started process 191 to run task
[2024-06-05T01:33:12.939+0000] {standard_task_runner.py:90} INFO - Running: ['***', 'tasks', 'run', 'dados_climaticos_estruturados', 'criar_pasta', 'scheduled__2024-05-28T23:05:00+00:00', '--job-id', '39', '--raw', '--subdir', 'DAGS_FOLDER/weather/custom_dags/dados_climaticos_estruturados.py', '--cfg-path', '/tmp/tmptqad2j83']
[2024-06-05T01:33:12.952+0000] {standard_task_runner.py:91} INFO - Job 39: Subtask criar_pasta
[2024-06-05T01:33:13.091+0000] {task_command.py:426} INFO - Running <TaskInstance: dados_climaticos_estruturados.criar_pasta scheduled__2024-05-28T23:05:00+00:00 [running]> on host 80232deae70a
[2024-06-05T01:33:13.285+0000] {taskinstance.py:2648} INFO - Exporting env vars: AIRFLOW_CTX_DAG_OWNER='***' AIRFLOW_CTX_DAG_ID='dados_climaticos_estruturados' AIRFLOW_CTX_TASK_ID='criar_pasta' AIRFLOW_CTX_EXECUTION_DATE='2024-05-28T23:05:00+00:00' AIRFLOW_CTX_TRY_NUMBER='1' AIRFLOW_CTX_DAG_RUN_ID='scheduled__2024-05-28T23:05:00+00:00'
[2024-06-05T01:33:13.288+0000] {taskinstance.py:430} INFO - ::endgroup::
[2024-06-05T01:33:13.290+0000] {python.py:237} INFO - Done. Returned value was: None
[2024-06-05T01:33:13.291+0000] {taskinstance.py:441} INFO - ::group::Post task execution logs
[2024-06-05T01:33:13.308+0000] {taskinstance.py:1206} INFO - Marking task as SUCCESS. dag_id=dados_climaticos_estruturados, task_id=criar_pasta, run_id=scheduled__2024-05-28T23:05:00+00:00, execution_date=20240528T230500, start_date=20240605T013312, end_date=20240605T013313
[2024-06-05T01:33:13.381+0000] {local_task_job_runner.py:240} INFO - Task exited with return code 0
[2024-06-05T01:33:13.414+0000] {local_task_job_runner.py:222} INFO - ::endgroup::
