[2024-06-05T00:58:36.997+0000] {local_task_job_runner.py:120} INFO - ::group::Pre task execution logs
[2024-06-05T00:58:37.039+0000] {taskinstance.py:2076} INFO - Dependencies all met for dep_context=non-requeueable deps ti=<TaskInstance: dados_climaticos_estruturados.criar_pasta scheduled__2024-05-30T02:05:00+00:00 [queued]>
[2024-06-05T00:58:37.056+0000] {taskinstance.py:2076} INFO - Dependencies all met for dep_context=requeueable deps ti=<TaskInstance: dados_climaticos_estruturados.criar_pasta scheduled__2024-05-30T02:05:00+00:00 [queued]>
[2024-06-05T00:58:37.057+0000] {taskinstance.py:2306} INFO - Starting attempt 1 of 1
[2024-06-05T00:58:37.083+0000] {taskinstance.py:2330} INFO - Executing <Task(PythonOperator): criar_pasta> on 2024-05-30 02:05:00+00:00
[2024-06-05T00:58:37.098+0000] {warnings.py:110} WARNING - /home/***/.local/lib/python3.12/site-packages/***/task/task_runner/standard_task_runner.py:61: DeprecationWarning: This process (pid=2193) is multi-threaded, use of fork() may lead to deadlocks in the child.
  pid = os.fork()

[2024-06-05T00:58:37.100+0000] {standard_task_runner.py:63} INFO - Started process 2214 to run task
[2024-06-05T00:58:37.101+0000] {standard_task_runner.py:90} INFO - Running: ['***', 'tasks', 'run', 'dados_climaticos_estruturados', 'criar_pasta', 'scheduled__2024-05-30T02:05:00+00:00', '--job-id', '1076', '--raw', '--subdir', 'DAGS_FOLDER/weather/custom_dags/dados_climaticos_estruturados.py', '--cfg-path', '/tmp/tmp16fr43tg']
[2024-06-05T00:58:37.104+0000] {standard_task_runner.py:91} INFO - Job 1076: Subtask criar_pasta
[2024-06-05T00:58:37.205+0000] {task_command.py:426} INFO - Running <TaskInstance: dados_climaticos_estruturados.criar_pasta scheduled__2024-05-30T02:05:00+00:00 [running]> on host 6665b0710315
[2024-06-05T00:58:37.373+0000] {taskinstance.py:2648} INFO - Exporting env vars: AIRFLOW_CTX_DAG_OWNER='***' AIRFLOW_CTX_DAG_ID='dados_climaticos_estruturados' AIRFLOW_CTX_TASK_ID='criar_pasta' AIRFLOW_CTX_EXECUTION_DATE='2024-05-30T02:05:00+00:00' AIRFLOW_CTX_TRY_NUMBER='1' AIRFLOW_CTX_DAG_RUN_ID='scheduled__2024-05-30T02:05:00+00:00'
[2024-06-05T00:58:37.378+0000] {taskinstance.py:430} INFO - ::endgroup::
[2024-06-05T00:58:37.379+0000] {python.py:237} INFO - Done. Returned value was: None
[2024-06-05T00:58:37.380+0000] {taskinstance.py:441} INFO - ::group::Post task execution logs
[2024-06-05T00:58:37.393+0000] {taskinstance.py:1206} INFO - Marking task as SUCCESS. dag_id=dados_climaticos_estruturados, task_id=criar_pasta, run_id=scheduled__2024-05-30T02:05:00+00:00, execution_date=20240530T020500, start_date=20240605T005837, end_date=20240605T005837
[2024-06-05T00:58:37.451+0000] {local_task_job_runner.py:240} INFO - Task exited with return code 0
[2024-06-05T00:58:37.567+0000] {taskinstance.py:3498} INFO - 1 downstream tasks scheduled from follow-on schedule check
[2024-06-05T00:58:37.578+0000] {local_task_job_runner.py:222} INFO - ::endgroup::
[2024-06-05T01:38:35.421+0000] {local_task_job_runner.py:120} INFO - ::group::Pre task execution logs
[2024-06-05T01:38:35.463+0000] {taskinstance.py:2076} INFO - Dependencies all met for dep_context=non-requeueable deps ti=<TaskInstance: dados_climaticos_estruturados.criar_pasta scheduled__2024-05-30T02:05:00+00:00 [queued]>
[2024-06-05T01:38:35.479+0000] {taskinstance.py:2076} INFO - Dependencies all met for dep_context=requeueable deps ti=<TaskInstance: dados_climaticos_estruturados.criar_pasta scheduled__2024-05-30T02:05:00+00:00 [queued]>
[2024-06-05T01:38:35.480+0000] {taskinstance.py:2306} INFO - Starting attempt 1 of 1
[2024-06-05T01:38:35.503+0000] {taskinstance.py:2330} INFO - Executing <Task(PythonOperator): criar_pasta> on 2024-05-30 02:05:00+00:00
[2024-06-05T01:38:35.518+0000] {warnings.py:110} WARNING - /home/***/.local/lib/python3.12/site-packages/***/task/task_runner/standard_task_runner.py:61: DeprecationWarning: This process (pid=2193) is multi-threaded, use of fork() may lead to deadlocks in the child.
  pid = os.fork()

[2024-06-05T01:38:35.519+0000] {standard_task_runner.py:90} INFO - Running: ['***', 'tasks', 'run', 'dados_climaticos_estruturados', 'criar_pasta', 'scheduled__2024-05-30T02:05:00+00:00', '--job-id', '691', '--raw', '--subdir', 'DAGS_FOLDER/weather/custom_dags/dados_climaticos_estruturados.py', '--cfg-path', '/tmp/tmp6z1kk5sn']
[2024-06-05T01:38:35.522+0000] {standard_task_runner.py:91} INFO - Job 691: Subtask criar_pasta
[2024-06-05T01:38:35.521+0000] {standard_task_runner.py:63} INFO - Started process 2211 to run task
[2024-06-05T01:38:35.632+0000] {task_command.py:426} INFO - Running <TaskInstance: dados_climaticos_estruturados.criar_pasta scheduled__2024-05-30T02:05:00+00:00 [running]> on host 80232deae70a
[2024-06-05T01:38:35.841+0000] {taskinstance.py:2648} INFO - Exporting env vars: AIRFLOW_CTX_DAG_OWNER='***' AIRFLOW_CTX_DAG_ID='dados_climaticos_estruturados' AIRFLOW_CTX_TASK_ID='criar_pasta' AIRFLOW_CTX_EXECUTION_DATE='2024-05-30T02:05:00+00:00' AIRFLOW_CTX_TRY_NUMBER='1' AIRFLOW_CTX_DAG_RUN_ID='scheduled__2024-05-30T02:05:00+00:00'
[2024-06-05T01:38:35.843+0000] {taskinstance.py:430} INFO - ::endgroup::
[2024-06-05T01:38:35.847+0000] {python.py:237} INFO - Done. Returned value was: None
[2024-06-05T01:38:35.848+0000] {taskinstance.py:441} INFO - ::group::Post task execution logs
[2024-06-05T01:38:35.866+0000] {taskinstance.py:1206} INFO - Marking task as SUCCESS. dag_id=dados_climaticos_estruturados, task_id=criar_pasta, run_id=scheduled__2024-05-30T02:05:00+00:00, execution_date=20240530T020500, start_date=20240605T013835, end_date=20240605T013835
[2024-06-05T01:38:35.924+0000] {local_task_job_runner.py:240} INFO - Task exited with return code 0
[2024-06-05T01:38:35.956+0000] {taskinstance.py:3498} INFO - 0 downstream tasks scheduled from follow-on schedule check
[2024-06-05T01:38:35.960+0000] {local_task_job_runner.py:222} INFO - ::endgroup::
