[2024-06-05T01:00:50.014+0000] {local_task_job_runner.py:120} INFO - ::group::Pre task execution logs
[2024-06-05T01:00:50.053+0000] {taskinstance.py:2076} INFO - Dependencies all met for dep_context=non-requeueable deps ti=<TaskInstance: dados_climaticos_estruturados.criar_pasta scheduled__2024-05-30T12:40:00+00:00 [queued]>
[2024-06-05T01:00:50.080+0000] {taskinstance.py:2076} INFO - Dependencies all met for dep_context=requeueable deps ti=<TaskInstance: dados_climaticos_estruturados.criar_pasta scheduled__2024-05-30T12:40:00+00:00 [queued]>
[2024-06-05T01:00:50.081+0000] {taskinstance.py:2306} INFO - Starting attempt 1 of 1
[2024-06-05T01:00:50.109+0000] {taskinstance.py:2330} INFO - Executing <Task(PythonOperator): criar_pasta> on 2024-05-30 12:40:00+00:00
[2024-06-05T01:00:50.128+0000] {warnings.py:110} WARNING - /home/***/.local/lib/python3.12/site-packages/***/task/task_runner/standard_task_runner.py:61: DeprecationWarning: This process (pid=2986) is multi-threaded, use of fork() may lead to deadlocks in the child.
  pid = os.fork()

[2024-06-05T01:00:50.133+0000] {standard_task_runner.py:63} INFO - Started process 3005 to run task
[2024-06-05T01:00:50.132+0000] {standard_task_runner.py:90} INFO - Running: ['***', 'tasks', 'run', 'dados_climaticos_estruturados', 'criar_pasta', 'scheduled__2024-05-30T12:40:00+00:00', '--job-id', '1332', '--raw', '--subdir', 'DAGS_FOLDER/weather/custom_dags/dados_climaticos_estruturados.py', '--cfg-path', '/tmp/tmpalcw64o5']
[2024-06-05T01:00:50.137+0000] {standard_task_runner.py:91} INFO - Job 1332: Subtask criar_pasta
[2024-06-05T01:00:50.238+0000] {task_command.py:426} INFO - Running <TaskInstance: dados_climaticos_estruturados.criar_pasta scheduled__2024-05-30T12:40:00+00:00 [running]> on host 6665b0710315
[2024-06-05T01:00:50.435+0000] {taskinstance.py:2648} INFO - Exporting env vars: AIRFLOW_CTX_DAG_OWNER='***' AIRFLOW_CTX_DAG_ID='dados_climaticos_estruturados' AIRFLOW_CTX_TASK_ID='criar_pasta' AIRFLOW_CTX_EXECUTION_DATE='2024-05-30T12:40:00+00:00' AIRFLOW_CTX_TRY_NUMBER='1' AIRFLOW_CTX_DAG_RUN_ID='scheduled__2024-05-30T12:40:00+00:00'
[2024-06-05T01:00:50.438+0000] {taskinstance.py:430} INFO - ::endgroup::
[2024-06-05T01:00:50.440+0000] {python.py:237} INFO - Done. Returned value was: None
[2024-06-05T01:00:50.441+0000] {taskinstance.py:441} INFO - ::group::Post task execution logs
[2024-06-05T01:00:50.463+0000] {taskinstance.py:1206} INFO - Marking task as SUCCESS. dag_id=dados_climaticos_estruturados, task_id=criar_pasta, run_id=scheduled__2024-05-30T12:40:00+00:00, execution_date=20240530T124000, start_date=20240605T010050, end_date=20240605T010050
[2024-06-05T01:00:50.521+0000] {local_task_job_runner.py:240} INFO - Task exited with return code 0
[2024-06-05T01:00:50.597+0000] {taskinstance.py:3498} INFO - 1 downstream tasks scheduled from follow-on schedule check
[2024-06-05T01:00:50.606+0000] {local_task_job_runner.py:222} INFO - ::endgroup::
[2024-06-05T01:40:31.127+0000] {local_task_job_runner.py:120} INFO - ::group::Pre task execution logs
[2024-06-05T01:40:31.200+0000] {taskinstance.py:2076} INFO - Dependencies all met for dep_context=non-requeueable deps ti=<TaskInstance: dados_climaticos_estruturados.criar_pasta scheduled__2024-05-30T12:40:00+00:00 [queued]>
[2024-06-05T01:40:31.234+0000] {taskinstance.py:2076} INFO - Dependencies all met for dep_context=requeueable deps ti=<TaskInstance: dados_climaticos_estruturados.criar_pasta scheduled__2024-05-30T12:40:00+00:00 [queued]>
[2024-06-05T01:40:31.238+0000] {taskinstance.py:2306} INFO - Starting attempt 1 of 1
[2024-06-05T01:40:31.316+0000] {taskinstance.py:2330} INFO - Executing <Task(PythonOperator): criar_pasta> on 2024-05-30 12:40:00+00:00
[2024-06-05T01:40:31.340+0000] {warnings.py:110} WARNING - /home/***/.local/lib/python3.12/site-packages/***/task/task_runner/standard_task_runner.py:61: DeprecationWarning: This process (pid=2952) is multi-threaded, use of fork() may lead to deadlocks in the child.
  pid = os.fork()

[2024-06-05T01:40:31.343+0000] {standard_task_runner.py:63} INFO - Started process 2985 to run task
[2024-06-05T01:40:31.350+0000] {standard_task_runner.py:90} INFO - Running: ['***', 'tasks', 'run', 'dados_climaticos_estruturados', 'criar_pasta', 'scheduled__2024-05-30T12:40:00+00:00', '--job-id', '938', '--raw', '--subdir', 'DAGS_FOLDER/weather/custom_dags/dados_climaticos_estruturados.py', '--cfg-path', '/tmp/tmp9rarbyf9']
[2024-06-05T01:40:31.354+0000] {standard_task_runner.py:91} INFO - Job 938: Subtask criar_pasta
[2024-06-05T01:40:31.544+0000] {task_command.py:426} INFO - Running <TaskInstance: dados_climaticos_estruturados.criar_pasta scheduled__2024-05-30T12:40:00+00:00 [running]> on host 80232deae70a
[2024-06-05T01:40:31.905+0000] {taskinstance.py:2648} INFO - Exporting env vars: AIRFLOW_CTX_DAG_OWNER='***' AIRFLOW_CTX_DAG_ID='dados_climaticos_estruturados' AIRFLOW_CTX_TASK_ID='criar_pasta' AIRFLOW_CTX_EXECUTION_DATE='2024-05-30T12:40:00+00:00' AIRFLOW_CTX_TRY_NUMBER='1' AIRFLOW_CTX_DAG_RUN_ID='scheduled__2024-05-30T12:40:00+00:00'
[2024-06-05T01:40:31.915+0000] {taskinstance.py:430} INFO - ::endgroup::
[2024-06-05T01:40:31.918+0000] {python.py:237} INFO - Done. Returned value was: None
[2024-06-05T01:40:31.918+0000] {taskinstance.py:441} INFO - ::group::Post task execution logs
[2024-06-05T01:40:31.936+0000] {taskinstance.py:1206} INFO - Marking task as SUCCESS. dag_id=dados_climaticos_estruturados, task_id=criar_pasta, run_id=scheduled__2024-05-30T12:40:00+00:00, execution_date=20240530T124000, start_date=20240605T014031, end_date=20240605T014031
[2024-06-05T01:40:31.995+0000] {local_task_job_runner.py:240} INFO - Task exited with return code 0
[2024-06-05T01:40:32.038+0000] {taskinstance.py:3498} INFO - 1 downstream tasks scheduled from follow-on schedule check
[2024-06-05T01:40:32.045+0000] {local_task_job_runner.py:222} INFO - ::endgroup::
