[2024-06-05T01:03:04.034+0000] {local_task_job_runner.py:120} INFO - ::group::Pre task execution logs
[2024-06-05T01:03:04.092+0000] {taskinstance.py:2076} INFO - Dependencies all met for dep_context=non-requeueable deps ti=<TaskInstance: dados_climaticos_estruturados.criar_pasta scheduled__2024-05-30T23:50:00+00:00 [queued]>
[2024-06-05T01:03:04.132+0000] {taskinstance.py:2076} INFO - Dependencies all met for dep_context=requeueable deps ti=<TaskInstance: dados_climaticos_estruturados.criar_pasta scheduled__2024-05-30T23:50:00+00:00 [queued]>
[2024-06-05T01:03:04.137+0000] {taskinstance.py:2306} INFO - Starting attempt 1 of 1
[2024-06-05T01:03:04.203+0000] {taskinstance.py:2330} INFO - Executing <Task(PythonOperator): criar_pasta> on 2024-05-30 23:50:00+00:00
[2024-06-05T01:03:04.218+0000] {warnings.py:110} WARNING - /home/***/.local/lib/python3.12/site-packages/***/task/task_runner/standard_task_runner.py:61: DeprecationWarning: This process (pid=3797) is multi-threaded, use of fork() may lead to deadlocks in the child.
  pid = os.fork()

[2024-06-05T01:03:04.224+0000] {standard_task_runner.py:63} INFO - Started process 3821 to run task
[2024-06-05T01:03:04.229+0000] {standard_task_runner.py:90} INFO - Running: ['***', 'tasks', 'run', 'dados_climaticos_estruturados', 'criar_pasta', 'scheduled__2024-05-30T23:50:00+00:00', '--job-id', '1596', '--raw', '--subdir', 'DAGS_FOLDER/weather/custom_dags/dados_climaticos_estruturados.py', '--cfg-path', '/tmp/tmpv1e0vg5y']
[2024-06-05T01:03:04.232+0000] {standard_task_runner.py:91} INFO - Job 1596: Subtask criar_pasta
[2024-06-05T01:03:04.408+0000] {task_command.py:426} INFO - Running <TaskInstance: dados_climaticos_estruturados.criar_pasta scheduled__2024-05-30T23:50:00+00:00 [running]> on host 6665b0710315
[2024-06-05T01:03:04.719+0000] {taskinstance.py:2648} INFO - Exporting env vars: AIRFLOW_CTX_DAG_OWNER='***' AIRFLOW_CTX_DAG_ID='dados_climaticos_estruturados' AIRFLOW_CTX_TASK_ID='criar_pasta' AIRFLOW_CTX_EXECUTION_DATE='2024-05-30T23:50:00+00:00' AIRFLOW_CTX_TRY_NUMBER='1' AIRFLOW_CTX_DAG_RUN_ID='scheduled__2024-05-30T23:50:00+00:00'
[2024-06-05T01:03:04.722+0000] {taskinstance.py:430} INFO - ::endgroup::
[2024-06-05T01:03:04.726+0000] {python.py:237} INFO - Done. Returned value was: None
[2024-06-05T01:03:04.729+0000] {taskinstance.py:441} INFO - ::group::Post task execution logs
[2024-06-05T01:03:04.805+0000] {taskinstance.py:1206} INFO - Marking task as SUCCESS. dag_id=dados_climaticos_estruturados, task_id=criar_pasta, run_id=scheduled__2024-05-30T23:50:00+00:00, execution_date=20240530T235000, start_date=20240605T010304, end_date=20240605T010304
[2024-06-05T01:03:04.967+0000] {local_task_job_runner.py:240} INFO - Task exited with return code 0
[2024-06-05T01:03:05.135+0000] {taskinstance.py:3498} INFO - 1 downstream tasks scheduled from follow-on schedule check
[2024-06-05T01:03:05.145+0000] {local_task_job_runner.py:222} INFO - ::endgroup::
[2024-06-05T01:42:34.077+0000] {local_task_job_runner.py:120} INFO - ::group::Pre task execution logs
[2024-06-05T01:42:34.156+0000] {taskinstance.py:2076} INFO - Dependencies all met for dep_context=non-requeueable deps ti=<TaskInstance: dados_climaticos_estruturados.criar_pasta scheduled__2024-05-30T23:50:00+00:00 [queued]>
[2024-06-05T01:42:34.189+0000] {taskinstance.py:2076} INFO - Dependencies all met for dep_context=requeueable deps ti=<TaskInstance: dados_climaticos_estruturados.criar_pasta scheduled__2024-05-30T23:50:00+00:00 [queued]>
[2024-06-05T01:42:34.191+0000] {taskinstance.py:2306} INFO - Starting attempt 1 of 1
[2024-06-05T01:42:34.497+0000] {taskinstance.py:2330} INFO - Executing <Task(PythonOperator): criar_pasta> on 2024-05-30 23:50:00+00:00
[2024-06-05T01:42:34.541+0000] {standard_task_runner.py:90} INFO - Running: ['***', 'tasks', 'run', 'dados_climaticos_estruturados', 'criar_pasta', 'scheduled__2024-05-30T23:50:00+00:00', '--job-id', '1206', '--raw', '--subdir', 'DAGS_FOLDER/weather/custom_dags/dados_climaticos_estruturados.py', '--cfg-path', '/tmp/tmpbt2q2kzc']
[2024-06-05T01:42:34.551+0000] {standard_task_runner.py:91} INFO - Job 1206: Subtask criar_pasta
[2024-06-05T01:42:34.543+0000] {warnings.py:110} WARNING - /home/***/.local/lib/python3.12/site-packages/***/task/task_runner/standard_task_runner.py:61: DeprecationWarning: This process (pid=3780) is multi-threaded, use of fork() may lead to deadlocks in the child.
  pid = os.fork()

[2024-06-05T01:42:34.553+0000] {standard_task_runner.py:63} INFO - Started process 3812 to run task
[2024-06-05T01:42:34.696+0000] {task_command.py:426} INFO - Running <TaskInstance: dados_climaticos_estruturados.criar_pasta scheduled__2024-05-30T23:50:00+00:00 [running]> on host 80232deae70a
[2024-06-05T01:42:35.097+0000] {taskinstance.py:2648} INFO - Exporting env vars: AIRFLOW_CTX_DAG_OWNER='***' AIRFLOW_CTX_DAG_ID='dados_climaticos_estruturados' AIRFLOW_CTX_TASK_ID='criar_pasta' AIRFLOW_CTX_EXECUTION_DATE='2024-05-30T23:50:00+00:00' AIRFLOW_CTX_TRY_NUMBER='1' AIRFLOW_CTX_DAG_RUN_ID='scheduled__2024-05-30T23:50:00+00:00'
[2024-06-05T01:42:35.102+0000] {taskinstance.py:430} INFO - ::endgroup::
[2024-06-05T01:42:35.105+0000] {python.py:237} INFO - Done. Returned value was: None
[2024-06-05T01:42:35.106+0000] {taskinstance.py:441} INFO - ::group::Post task execution logs
[2024-06-05T01:42:35.124+0000] {taskinstance.py:1206} INFO - Marking task as SUCCESS. dag_id=dados_climaticos_estruturados, task_id=criar_pasta, run_id=scheduled__2024-05-30T23:50:00+00:00, execution_date=20240530T235000, start_date=20240605T014234, end_date=20240605T014235
[2024-06-05T01:42:35.178+0000] {local_task_job_runner.py:240} INFO - Task exited with return code 0
[2024-06-05T01:42:35.214+0000] {taskinstance.py:3498} INFO - 1 downstream tasks scheduled from follow-on schedule check
[2024-06-05T01:42:35.218+0000] {local_task_job_runner.py:222} INFO - ::endgroup::
