[2024-06-05T00:53:28.291+0000] {local_task_job_runner.py:120} INFO - ::group::Pre task execution logs
[2024-06-05T00:53:28.392+0000] {taskinstance.py:2076} INFO - Dependencies all met for dep_context=non-requeueable deps ti=<TaskInstance: dados_climaticos_estruturados.criar_pasta scheduled__2024-05-28T23:20:00+00:00 [queued]>
[2024-06-05T00:53:28.428+0000] {taskinstance.py:2076} INFO - Dependencies all met for dep_context=requeueable deps ti=<TaskInstance: dados_climaticos_estruturados.criar_pasta scheduled__2024-05-28T23:20:00+00:00 [queued]>
[2024-06-05T00:53:28.432+0000] {taskinstance.py:2306} INFO - Starting attempt 1 of 1
[2024-06-05T00:53:28.493+0000] {taskinstance.py:2330} INFO - Executing <Task(PythonOperator): criar_pasta> on 2024-05-28 23:20:00+00:00
[2024-06-05T00:53:28.519+0000] {warnings.py:110} WARNING - /home/***/.local/lib/python3.12/site-packages/***/task/task_runner/standard_task_runner.py:61: DeprecationWarning: This process (pid=182) is multi-threaded, use of fork() may lead to deadlocks in the child.
  pid = os.fork()

[2024-06-05T00:53:28.524+0000] {standard_task_runner.py:90} INFO - Running: ['***', 'tasks', 'run', 'dados_climaticos_estruturados', 'criar_pasta', 'scheduled__2024-05-28T23:20:00+00:00', '--job-id', '423', '--raw', '--subdir', 'DAGS_FOLDER/weather/custom_dags/dados_climaticos_estruturados.py', '--cfg-path', '/tmp/tmpiz0diihq']
[2024-06-05T00:53:28.541+0000] {standard_task_runner.py:91} INFO - Job 423: Subtask criar_pasta
[2024-06-05T00:53:28.531+0000] {standard_task_runner.py:63} INFO - Started process 201 to run task
[2024-06-05T00:53:28.738+0000] {task_command.py:426} INFO - Running <TaskInstance: dados_climaticos_estruturados.criar_pasta scheduled__2024-05-28T23:20:00+00:00 [running]> on host 6665b0710315
[2024-06-05T00:53:29.015+0000] {taskinstance.py:2648} INFO - Exporting env vars: AIRFLOW_CTX_DAG_OWNER='***' AIRFLOW_CTX_DAG_ID='dados_climaticos_estruturados' AIRFLOW_CTX_TASK_ID='criar_pasta' AIRFLOW_CTX_EXECUTION_DATE='2024-05-28T23:20:00+00:00' AIRFLOW_CTX_TRY_NUMBER='1' AIRFLOW_CTX_DAG_RUN_ID='scheduled__2024-05-28T23:20:00+00:00'
[2024-06-05T00:53:29.021+0000] {taskinstance.py:430} INFO - ::endgroup::
[2024-06-05T00:53:29.025+0000] {python.py:237} INFO - Done. Returned value was: None
[2024-06-05T00:53:29.027+0000] {taskinstance.py:441} INFO - ::group::Post task execution logs
[2024-06-05T00:53:29.052+0000] {taskinstance.py:1206} INFO - Marking task as SUCCESS. dag_id=dados_climaticos_estruturados, task_id=criar_pasta, run_id=scheduled__2024-05-28T23:20:00+00:00, execution_date=20240528T232000, start_date=20240605T005328, end_date=20240605T005329
[2024-06-05T00:53:29.112+0000] {local_task_job_runner.py:240} INFO - Task exited with return code 0
[2024-06-05T00:53:29.138+0000] {local_task_job_runner.py:222} INFO - ::endgroup::
[2024-06-05T01:33:13.846+0000] {local_task_job_runner.py:120} INFO - ::group::Pre task execution logs
[2024-06-05T01:33:13.881+0000] {taskinstance.py:2076} INFO - Dependencies all met for dep_context=non-requeueable deps ti=<TaskInstance: dados_climaticos_estruturados.criar_pasta scheduled__2024-05-28T23:20:00+00:00 [queued]>
[2024-06-05T01:33:13.895+0000] {taskinstance.py:2076} INFO - Dependencies all met for dep_context=requeueable deps ti=<TaskInstance: dados_climaticos_estruturados.criar_pasta scheduled__2024-05-28T23:20:00+00:00 [queued]>
[2024-06-05T01:33:13.896+0000] {taskinstance.py:2306} INFO - Starting attempt 1 of 1
[2024-06-05T01:33:13.919+0000] {taskinstance.py:2330} INFO - Executing <Task(PythonOperator): criar_pasta> on 2024-05-28 23:20:00+00:00
[2024-06-05T01:33:13.939+0000] {warnings.py:110} WARNING - /home/***/.local/lib/python3.12/site-packages/***/task/task_runner/standard_task_runner.py:61: DeprecationWarning: This process (pid=178) is multi-threaded, use of fork() may lead to deadlocks in the child.
  pid = os.fork()

[2024-06-05T01:33:13.952+0000] {standard_task_runner.py:90} INFO - Running: ['***', 'tasks', 'run', 'dados_climaticos_estruturados', 'criar_pasta', 'scheduled__2024-05-28T23:20:00+00:00', '--job-id', '42', '--raw', '--subdir', 'DAGS_FOLDER/weather/custom_dags/dados_climaticos_estruturados.py', '--cfg-path', '/tmp/tmpdzmm29n7']
[2024-06-05T01:33:13.954+0000] {standard_task_runner.py:63} INFO - Started process 203 to run task
[2024-06-05T01:33:13.962+0000] {standard_task_runner.py:91} INFO - Job 42: Subtask criar_pasta
[2024-06-05T01:33:14.069+0000] {task_command.py:426} INFO - Running <TaskInstance: dados_climaticos_estruturados.criar_pasta scheduled__2024-05-28T23:20:00+00:00 [running]> on host 80232deae70a
[2024-06-05T01:33:14.279+0000] {taskinstance.py:2648} INFO - Exporting env vars: AIRFLOW_CTX_DAG_OWNER='***' AIRFLOW_CTX_DAG_ID='dados_climaticos_estruturados' AIRFLOW_CTX_TASK_ID='criar_pasta' AIRFLOW_CTX_EXECUTION_DATE='2024-05-28T23:20:00+00:00' AIRFLOW_CTX_TRY_NUMBER='1' AIRFLOW_CTX_DAG_RUN_ID='scheduled__2024-05-28T23:20:00+00:00'
[2024-06-05T01:33:14.282+0000] {taskinstance.py:430} INFO - ::endgroup::
[2024-06-05T01:33:14.287+0000] {python.py:237} INFO - Done. Returned value was: None
[2024-06-05T01:33:14.288+0000] {taskinstance.py:441} INFO - ::group::Post task execution logs
[2024-06-05T01:33:14.305+0000] {taskinstance.py:1206} INFO - Marking task as SUCCESS. dag_id=dados_climaticos_estruturados, task_id=criar_pasta, run_id=scheduled__2024-05-28T23:20:00+00:00, execution_date=20240528T232000, start_date=20240605T013313, end_date=20240605T013314
[2024-06-05T01:33:14.361+0000] {local_task_job_runner.py:240} INFO - Task exited with return code 0
[2024-06-05T01:33:14.409+0000] {taskinstance.py:3498} INFO - 1 downstream tasks scheduled from follow-on schedule check
[2024-06-05T01:33:14.420+0000] {local_task_job_runner.py:222} INFO - ::endgroup::
