[2024-06-05T00:56:07.929+0000] {local_task_job_runner.py:120} INFO - ::group::Pre task execution logs
[2024-06-05T00:56:08.007+0000] {taskinstance.py:2076} INFO - Dependencies all met for dep_context=non-requeueable deps ti=<TaskInstance: dados_climaticos_estruturados.criar_pasta scheduled__2024-05-29T13:30:00+00:00 [queued]>
[2024-06-05T00:56:08.038+0000] {taskinstance.py:2076} INFO - Dependencies all met for dep_context=requeueable deps ti=<TaskInstance: dados_climaticos_estruturados.criar_pasta scheduled__2024-05-29T13:30:00+00:00 [queued]>
[2024-06-05T00:56:08.039+0000] {taskinstance.py:2306} INFO - Starting attempt 1 of 1
[2024-06-05T00:56:08.104+0000] {taskinstance.py:2330} INFO - Executing <Task(PythonOperator): criar_pasta> on 2024-05-29 13:30:00+00:00
[2024-06-05T00:56:08.136+0000] {warnings.py:110} WARNING - /home/***/.local/lib/python3.12/site-packages/***/task/task_runner/standard_task_runner.py:61: DeprecationWarning: This process (pid=1228) is multi-threaded, use of fork() may lead to deadlocks in the child.
  pid = os.fork()

[2024-06-05T00:56:08.144+0000] {standard_task_runner.py:63} INFO - Started process 1261 to run task
[2024-06-05T00:56:08.141+0000] {standard_task_runner.py:90} INFO - Running: ['***', 'tasks', 'run', 'dados_climaticos_estruturados', 'criar_pasta', 'scheduled__2024-05-29T13:30:00+00:00', '--job-id', '766', '--raw', '--subdir', 'DAGS_FOLDER/weather/custom_dags/dados_climaticos_estruturados.py', '--cfg-path', '/tmp/tmpgamawcnz']
[2024-06-05T00:56:08.147+0000] {standard_task_runner.py:91} INFO - Job 766: Subtask criar_pasta
[2024-06-05T00:56:08.289+0000] {task_command.py:426} INFO - Running <TaskInstance: dados_climaticos_estruturados.criar_pasta scheduled__2024-05-29T13:30:00+00:00 [running]> on host 6665b0710315
[2024-06-05T00:56:08.509+0000] {taskinstance.py:2648} INFO - Exporting env vars: AIRFLOW_CTX_DAG_OWNER='***' AIRFLOW_CTX_DAG_ID='dados_climaticos_estruturados' AIRFLOW_CTX_TASK_ID='criar_pasta' AIRFLOW_CTX_EXECUTION_DATE='2024-05-29T13:30:00+00:00' AIRFLOW_CTX_TRY_NUMBER='1' AIRFLOW_CTX_DAG_RUN_ID='scheduled__2024-05-29T13:30:00+00:00'
[2024-06-05T00:56:08.517+0000] {taskinstance.py:430} INFO - ::endgroup::
[2024-06-05T00:56:08.521+0000] {python.py:237} INFO - Done. Returned value was: None
[2024-06-05T00:56:08.525+0000] {taskinstance.py:441} INFO - ::group::Post task execution logs
[2024-06-05T00:56:08.569+0000] {taskinstance.py:1206} INFO - Marking task as SUCCESS. dag_id=dados_climaticos_estruturados, task_id=criar_pasta, run_id=scheduled__2024-05-29T13:30:00+00:00, execution_date=20240529T133000, start_date=20240605T005608, end_date=20240605T005608
[2024-06-05T00:56:08.668+0000] {local_task_job_runner.py:240} INFO - Task exited with return code 0
[2024-06-05T00:56:08.739+0000] {taskinstance.py:3498} INFO - 1 downstream tasks scheduled from follow-on schedule check
[2024-06-05T00:56:08.745+0000] {local_task_job_runner.py:222} INFO - ::endgroup::
[2024-06-05T01:36:06.990+0000] {local_task_job_runner.py:120} INFO - ::group::Pre task execution logs
[2024-06-05T01:36:07.100+0000] {taskinstance.py:2076} INFO - Dependencies all met for dep_context=non-requeueable deps ti=<TaskInstance: dados_climaticos_estruturados.criar_pasta scheduled__2024-05-29T13:30:00+00:00 [queued]>
[2024-06-05T01:36:07.128+0000] {taskinstance.py:2076} INFO - Dependencies all met for dep_context=requeueable deps ti=<TaskInstance: dados_climaticos_estruturados.criar_pasta scheduled__2024-05-29T13:30:00+00:00 [queued]>
[2024-06-05T01:36:07.130+0000] {taskinstance.py:2306} INFO - Starting attempt 1 of 1
[2024-06-05T01:36:07.169+0000] {taskinstance.py:2330} INFO - Executing <Task(PythonOperator): criar_pasta> on 2024-05-29 13:30:00+00:00
[2024-06-05T01:36:07.225+0000] {warnings.py:110} WARNING - /home/***/.local/lib/python3.12/site-packages/***/task/task_runner/standard_task_runner.py:61: DeprecationWarning: This process (pid=1250) is multi-threaded, use of fork() may lead to deadlocks in the child.
  pid = os.fork()

[2024-06-05T01:36:07.236+0000] {standard_task_runner.py:63} INFO - Started process 1268 to run task
[2024-06-05T01:36:07.237+0000] {standard_task_runner.py:90} INFO - Running: ['***', 'tasks', 'run', 'dados_climaticos_estruturados', 'criar_pasta', 'scheduled__2024-05-29T13:30:00+00:00', '--job-id', '388', '--raw', '--subdir', 'DAGS_FOLDER/weather/custom_dags/dados_climaticos_estruturados.py', '--cfg-path', '/tmp/tmp9282a1pr']
[2024-06-05T01:36:07.249+0000] {standard_task_runner.py:91} INFO - Job 388: Subtask criar_pasta
[2024-06-05T01:36:07.452+0000] {task_command.py:426} INFO - Running <TaskInstance: dados_climaticos_estruturados.criar_pasta scheduled__2024-05-29T13:30:00+00:00 [running]> on host 80232deae70a
[2024-06-05T01:36:07.771+0000] {taskinstance.py:2648} INFO - Exporting env vars: AIRFLOW_CTX_DAG_OWNER='***' AIRFLOW_CTX_DAG_ID='dados_climaticos_estruturados' AIRFLOW_CTX_TASK_ID='criar_pasta' AIRFLOW_CTX_EXECUTION_DATE='2024-05-29T13:30:00+00:00' AIRFLOW_CTX_TRY_NUMBER='1' AIRFLOW_CTX_DAG_RUN_ID='scheduled__2024-05-29T13:30:00+00:00'
[2024-06-05T01:36:07.778+0000] {taskinstance.py:430} INFO - ::endgroup::
[2024-06-05T01:36:07.782+0000] {python.py:237} INFO - Done. Returned value was: None
[2024-06-05T01:36:07.783+0000] {taskinstance.py:441} INFO - ::group::Post task execution logs
[2024-06-05T01:36:07.807+0000] {taskinstance.py:1206} INFO - Marking task as SUCCESS. dag_id=dados_climaticos_estruturados, task_id=criar_pasta, run_id=scheduled__2024-05-29T13:30:00+00:00, execution_date=20240529T133000, start_date=20240605T013607, end_date=20240605T013607
[2024-06-05T01:36:07.911+0000] {local_task_job_runner.py:240} INFO - Task exited with return code 0
[2024-06-05T01:36:07.988+0000] {taskinstance.py:3498} INFO - 1 downstream tasks scheduled from follow-on schedule check
[2024-06-05T01:36:08.004+0000] {local_task_job_runner.py:222} INFO - ::endgroup::
