[2024-06-05T01:00:36.853+0000] {local_task_job_runner.py:120} INFO - ::group::Pre task execution logs
[2024-06-05T01:00:36.918+0000] {taskinstance.py:2076} INFO - Dependencies all met for dep_context=non-requeueable deps ti=<TaskInstance: dados_climaticos_estruturados.criar_pasta scheduled__2024-05-30T11:25:00+00:00 [queued]>
[2024-06-05T01:00:36.936+0000] {taskinstance.py:2076} INFO - Dependencies all met for dep_context=requeueable deps ti=<TaskInstance: dados_climaticos_estruturados.criar_pasta scheduled__2024-05-30T11:25:00+00:00 [queued]>
[2024-06-05T01:00:36.938+0000] {taskinstance.py:2306} INFO - Starting attempt 1 of 1
[2024-06-05T01:00:36.979+0000] {taskinstance.py:2330} INFO - Executing <Task(PythonOperator): criar_pasta> on 2024-05-30 11:25:00+00:00
[2024-06-05T01:00:36.997+0000] {warnings.py:110} WARNING - /home/***/.local/lib/python3.12/site-packages/***/task/task_runner/standard_task_runner.py:61: DeprecationWarning: This process (pid=2892) is multi-threaded, use of fork() may lead to deadlocks in the child.
  pid = os.fork()

[2024-06-05T01:00:37.001+0000] {standard_task_runner.py:63} INFO - Started process 2913 to run task
[2024-06-05T01:00:37.008+0000] {standard_task_runner.py:90} INFO - Running: ['***', 'tasks', 'run', 'dados_climaticos_estruturados', 'criar_pasta', 'scheduled__2024-05-30T11:25:00+00:00', '--job-id', '1301', '--raw', '--subdir', 'DAGS_FOLDER/weather/custom_dags/dados_climaticos_estruturados.py', '--cfg-path', '/tmp/tmprpwkq12m']
[2024-06-05T01:00:37.012+0000] {standard_task_runner.py:91} INFO - Job 1301: Subtask criar_pasta
[2024-06-05T01:00:37.161+0000] {task_command.py:426} INFO - Running <TaskInstance: dados_climaticos_estruturados.criar_pasta scheduled__2024-05-30T11:25:00+00:00 [running]> on host 6665b0710315
[2024-06-05T01:00:37.373+0000] {taskinstance.py:2648} INFO - Exporting env vars: AIRFLOW_CTX_DAG_OWNER='***' AIRFLOW_CTX_DAG_ID='dados_climaticos_estruturados' AIRFLOW_CTX_TASK_ID='criar_pasta' AIRFLOW_CTX_EXECUTION_DATE='2024-05-30T11:25:00+00:00' AIRFLOW_CTX_TRY_NUMBER='1' AIRFLOW_CTX_DAG_RUN_ID='scheduled__2024-05-30T11:25:00+00:00'
[2024-06-05T01:00:37.378+0000] {taskinstance.py:430} INFO - ::endgroup::
[2024-06-05T01:00:37.383+0000] {python.py:237} INFO - Done. Returned value was: None
[2024-06-05T01:00:37.384+0000] {taskinstance.py:441} INFO - ::group::Post task execution logs
[2024-06-05T01:00:37.419+0000] {taskinstance.py:1206} INFO - Marking task as SUCCESS. dag_id=dados_climaticos_estruturados, task_id=criar_pasta, run_id=scheduled__2024-05-30T11:25:00+00:00, execution_date=20240530T112500, start_date=20240605T010036, end_date=20240605T010037
[2024-06-05T01:00:37.495+0000] {local_task_job_runner.py:240} INFO - Task exited with return code 0
[2024-06-05T01:00:37.548+0000] {taskinstance.py:3498} INFO - 1 downstream tasks scheduled from follow-on schedule check
[2024-06-05T01:00:37.556+0000] {local_task_job_runner.py:222} INFO - ::endgroup::
[2024-06-05T01:40:17.582+0000] {local_task_job_runner.py:120} INFO - ::group::Pre task execution logs
[2024-06-05T01:40:17.623+0000] {taskinstance.py:2076} INFO - Dependencies all met for dep_context=non-requeueable deps ti=<TaskInstance: dados_climaticos_estruturados.criar_pasta scheduled__2024-05-30T11:25:00+00:00 [queued]>
[2024-06-05T01:40:17.638+0000] {taskinstance.py:2076} INFO - Dependencies all met for dep_context=requeueable deps ti=<TaskInstance: dados_climaticos_estruturados.criar_pasta scheduled__2024-05-30T11:25:00+00:00 [queued]>
[2024-06-05T01:40:17.638+0000] {taskinstance.py:2306} INFO - Starting attempt 1 of 1
[2024-06-05T01:40:17.661+0000] {taskinstance.py:2330} INFO - Executing <Task(PythonOperator): criar_pasta> on 2024-05-30 11:25:00+00:00
[2024-06-05T01:40:17.675+0000] {warnings.py:110} WARNING - /home/***/.local/lib/python3.12/site-packages/***/task/task_runner/standard_task_runner.py:61: DeprecationWarning: This process (pid=2855) is multi-threaded, use of fork() may lead to deadlocks in the child.
  pid = os.fork()

[2024-06-05T01:40:17.677+0000] {standard_task_runner.py:63} INFO - Started process 2881 to run task
[2024-06-05T01:40:17.680+0000] {standard_task_runner.py:90} INFO - Running: ['***', 'tasks', 'run', 'dados_climaticos_estruturados', 'criar_pasta', 'scheduled__2024-05-30T11:25:00+00:00', '--job-id', '908', '--raw', '--subdir', 'DAGS_FOLDER/weather/custom_dags/dados_climaticos_estruturados.py', '--cfg-path', '/tmp/tmp00k02a7r']
[2024-06-05T01:40:17.682+0000] {standard_task_runner.py:91} INFO - Job 908: Subtask criar_pasta
[2024-06-05T01:40:17.768+0000] {task_command.py:426} INFO - Running <TaskInstance: dados_climaticos_estruturados.criar_pasta scheduled__2024-05-30T11:25:00+00:00 [running]> on host 80232deae70a
[2024-06-05T01:40:17.960+0000] {taskinstance.py:2648} INFO - Exporting env vars: AIRFLOW_CTX_DAG_OWNER='***' AIRFLOW_CTX_DAG_ID='dados_climaticos_estruturados' AIRFLOW_CTX_TASK_ID='criar_pasta' AIRFLOW_CTX_EXECUTION_DATE='2024-05-30T11:25:00+00:00' AIRFLOW_CTX_TRY_NUMBER='1' AIRFLOW_CTX_DAG_RUN_ID='scheduled__2024-05-30T11:25:00+00:00'
[2024-06-05T01:40:17.965+0000] {taskinstance.py:430} INFO - ::endgroup::
[2024-06-05T01:40:17.969+0000] {python.py:237} INFO - Done. Returned value was: None
[2024-06-05T01:40:17.977+0000] {taskinstance.py:441} INFO - ::group::Post task execution logs
[2024-06-05T01:40:18.002+0000] {taskinstance.py:1206} INFO - Marking task as SUCCESS. dag_id=dados_climaticos_estruturados, task_id=criar_pasta, run_id=scheduled__2024-05-30T11:25:00+00:00, execution_date=20240530T112500, start_date=20240605T014017, end_date=20240605T014018
[2024-06-05T01:40:18.058+0000] {local_task_job_runner.py:240} INFO - Task exited with return code 0
[2024-06-05T01:40:18.093+0000] {local_task_job_runner.py:222} INFO - ::endgroup::
