[2024-06-05T01:03:22.325+0000] {local_task_job_runner.py:120} INFO - ::group::Pre task execution logs
[2024-06-05T01:03:22.382+0000] {taskinstance.py:2076} INFO - Dependencies all met for dep_context=non-requeueable deps ti=<TaskInstance: dados_climaticos_estruturados.criar_pasta scheduled__2024-05-31T01:30:00+00:00 [queued]>
[2024-06-05T01:03:22.399+0000] {taskinstance.py:2076} INFO - Dependencies all met for dep_context=requeueable deps ti=<TaskInstance: dados_climaticos_estruturados.criar_pasta scheduled__2024-05-31T01:30:00+00:00 [queued]>
[2024-06-05T01:03:22.400+0000] {taskinstance.py:2306} INFO - Starting attempt 1 of 1
[2024-06-05T01:03:22.428+0000] {taskinstance.py:2330} INFO - Executing <Task(PythonOperator): criar_pasta> on 2024-05-31 01:30:00+00:00
[2024-06-05T01:03:22.443+0000] {warnings.py:110} WARNING - /home/***/.local/lib/python3.12/site-packages/***/task/task_runner/standard_task_runner.py:61: DeprecationWarning: This process (pid=3920) is multi-threaded, use of fork() may lead to deadlocks in the child.
  pid = os.fork()

[2024-06-05T01:03:22.448+0000] {standard_task_runner.py:63} INFO - Started process 3952 to run task
[2024-06-05T01:03:22.452+0000] {standard_task_runner.py:90} INFO - Running: ['***', 'tasks', 'run', 'dados_climaticos_estruturados', 'criar_pasta', 'scheduled__2024-05-31T01:30:00+00:00', '--job-id', '1634', '--raw', '--subdir', 'DAGS_FOLDER/weather/custom_dags/dados_climaticos_estruturados.py', '--cfg-path', '/tmp/tmpd3se63k2']
[2024-06-05T01:03:22.458+0000] {standard_task_runner.py:91} INFO - Job 1634: Subtask criar_pasta
[2024-06-05T01:03:22.570+0000] {task_command.py:426} INFO - Running <TaskInstance: dados_climaticos_estruturados.criar_pasta scheduled__2024-05-31T01:30:00+00:00 [running]> on host 6665b0710315
[2024-06-05T01:03:22.764+0000] {taskinstance.py:2648} INFO - Exporting env vars: AIRFLOW_CTX_DAG_OWNER='***' AIRFLOW_CTX_DAG_ID='dados_climaticos_estruturados' AIRFLOW_CTX_TASK_ID='criar_pasta' AIRFLOW_CTX_EXECUTION_DATE='2024-05-31T01:30:00+00:00' AIRFLOW_CTX_TRY_NUMBER='1' AIRFLOW_CTX_DAG_RUN_ID='scheduled__2024-05-31T01:30:00+00:00'
[2024-06-05T01:03:22.772+0000] {taskinstance.py:430} INFO - ::endgroup::
[2024-06-05T01:03:22.774+0000] {python.py:237} INFO - Done. Returned value was: None
[2024-06-05T01:03:22.776+0000] {taskinstance.py:441} INFO - ::group::Post task execution logs
[2024-06-05T01:03:22.793+0000] {taskinstance.py:1206} INFO - Marking task as SUCCESS. dag_id=dados_climaticos_estruturados, task_id=criar_pasta, run_id=scheduled__2024-05-31T01:30:00+00:00, execution_date=20240531T013000, start_date=20240605T010322, end_date=20240605T010322
[2024-06-05T01:03:22.840+0000] {local_task_job_runner.py:240} INFO - Task exited with return code 0
[2024-06-05T01:03:22.876+0000] {taskinstance.py:3498} INFO - 1 downstream tasks scheduled from follow-on schedule check
[2024-06-05T01:03:22.882+0000] {local_task_job_runner.py:222} INFO - ::endgroup::
[2024-06-05T01:42:55.810+0000] {local_task_job_runner.py:120} INFO - ::group::Pre task execution logs
[2024-06-05T01:42:55.836+0000] {taskinstance.py:2076} INFO - Dependencies all met for dep_context=non-requeueable deps ti=<TaskInstance: dados_climaticos_estruturados.criar_pasta scheduled__2024-05-31T01:30:00+00:00 [queued]>
[2024-06-05T01:42:55.846+0000] {taskinstance.py:2076} INFO - Dependencies all met for dep_context=requeueable deps ti=<TaskInstance: dados_climaticos_estruturados.criar_pasta scheduled__2024-05-31T01:30:00+00:00 [queued]>
[2024-06-05T01:42:55.846+0000] {taskinstance.py:2306} INFO - Starting attempt 1 of 1
[2024-06-05T01:42:55.861+0000] {taskinstance.py:2330} INFO - Executing <Task(PythonOperator): criar_pasta> on 2024-05-31 01:30:00+00:00
[2024-06-05T01:42:55.868+0000] {warnings.py:110} WARNING - /home/***/.local/lib/python3.12/site-packages/***/task/task_runner/standard_task_runner.py:61: DeprecationWarning: This process (pid=3936) is multi-threaded, use of fork() may lead to deadlocks in the child.
  pid = os.fork()

[2024-06-05T01:42:55.869+0000] {standard_task_runner.py:63} INFO - Started process 3938 to run task
[2024-06-05T01:42:55.870+0000] {standard_task_runner.py:90} INFO - Running: ['***', 'tasks', 'run', 'dados_climaticos_estruturados', 'criar_pasta', 'scheduled__2024-05-31T01:30:00+00:00', '--job-id', '1255', '--raw', '--subdir', 'DAGS_FOLDER/weather/custom_dags/dados_climaticos_estruturados.py', '--cfg-path', '/tmp/tmpkjejjfxt']
[2024-06-05T01:42:55.871+0000] {standard_task_runner.py:91} INFO - Job 1255: Subtask criar_pasta
[2024-06-05T01:42:55.918+0000] {task_command.py:426} INFO - Running <TaskInstance: dados_climaticos_estruturados.criar_pasta scheduled__2024-05-31T01:30:00+00:00 [running]> on host 80232deae70a
[2024-06-05T01:42:55.999+0000] {taskinstance.py:2648} INFO - Exporting env vars: AIRFLOW_CTX_DAG_OWNER='***' AIRFLOW_CTX_DAG_ID='dados_climaticos_estruturados' AIRFLOW_CTX_TASK_ID='criar_pasta' AIRFLOW_CTX_EXECUTION_DATE='2024-05-31T01:30:00+00:00' AIRFLOW_CTX_TRY_NUMBER='1' AIRFLOW_CTX_DAG_RUN_ID='scheduled__2024-05-31T01:30:00+00:00'
[2024-06-05T01:42:56.001+0000] {taskinstance.py:430} INFO - ::endgroup::
[2024-06-05T01:42:56.002+0000] {python.py:237} INFO - Done. Returned value was: None
[2024-06-05T01:42:56.002+0000] {taskinstance.py:441} INFO - ::group::Post task execution logs
[2024-06-05T01:42:56.013+0000] {taskinstance.py:1206} INFO - Marking task as SUCCESS. dag_id=dados_climaticos_estruturados, task_id=criar_pasta, run_id=scheduled__2024-05-31T01:30:00+00:00, execution_date=20240531T013000, start_date=20240605T014255, end_date=20240605T014256
[2024-06-05T01:42:56.049+0000] {local_task_job_runner.py:240} INFO - Task exited with return code 0
[2024-06-05T01:42:56.071+0000] {taskinstance.py:3498} INFO - 1 downstream tasks scheduled from follow-on schedule check
[2024-06-05T01:42:56.073+0000] {local_task_job_runner.py:222} INFO - ::endgroup::
