[2024-05-29T00:31:36.522+0000] {local_task_job_runner.py:120} INFO - ::group::Pre task execution logs
[2024-05-29T00:31:36.577+0000] {taskinstance.py:2076} INFO - Dependencies all met for dep_context=non-requeueable deps ti=<TaskInstance: dados_climaticos_estruturados.criar_pasta scheduled__2024-05-17T08:00:00+00:00 [queued]>
[2024-05-29T00:31:36.594+0000] {taskinstance.py:2076} INFO - Dependencies all met for dep_context=requeueable deps ti=<TaskInstance: dados_climaticos_estruturados.criar_pasta scheduled__2024-05-17T08:00:00+00:00 [queued]>
[2024-05-29T00:31:36.597+0000] {taskinstance.py:2306} INFO - Starting attempt 1 of 1
[2024-05-29T00:31:36.644+0000] {taskinstance.py:2330} INFO - Executing <Task(PythonOperator): criar_pasta> on 2024-05-17 08:00:00+00:00
[2024-05-29T00:31:36.659+0000] {warnings.py:110} WARNING - /home/***/.local/lib/python3.12/site-packages/***/task/task_runner/standard_task_runner.py:61: DeprecationWarning: This process (pid=323) is multi-threaded, use of fork() may lead to deadlocks in the child.
  pid = os.fork()

[2024-05-29T00:31:36.663+0000] {standard_task_runner.py:90} INFO - Running: ['***', 'tasks', 'run', 'dados_climaticos_estruturados', 'criar_pasta', 'scheduled__2024-05-17T08:00:00+00:00', '--job-id', '166', '--raw', '--subdir', 'DAGS_FOLDER/weather/custom_dags/dados_climaticos_estruturados.py', '--cfg-path', '/tmp/tmp4hl9z73i']
[2024-05-29T00:31:36.665+0000] {standard_task_runner.py:91} INFO - Job 166: Subtask criar_pasta
[2024-05-29T00:31:36.665+0000] {standard_task_runner.py:63} INFO - Started process 341 to run task
[2024-05-29T00:31:36.796+0000] {task_command.py:426} INFO - Running <TaskInstance: dados_climaticos_estruturados.criar_pasta scheduled__2024-05-17T08:00:00+00:00 [running]> on host 0473b835f7f4
[2024-05-29T00:31:37.030+0000] {taskinstance.py:2648} INFO - Exporting env vars: AIRFLOW_CTX_DAG_OWNER='***' AIRFLOW_CTX_DAG_ID='dados_climaticos_estruturados' AIRFLOW_CTX_TASK_ID='criar_pasta' AIRFLOW_CTX_EXECUTION_DATE='2024-05-17T08:00:00+00:00' AIRFLOW_CTX_TRY_NUMBER='1' AIRFLOW_CTX_DAG_RUN_ID='scheduled__2024-05-17T08:00:00+00:00'
[2024-05-29T00:31:37.036+0000] {taskinstance.py:430} INFO - ::endgroup::
[2024-05-29T00:31:37.038+0000] {taskinstance.py:441} INFO - ::group::Post task execution logs
[2024-05-29T00:31:37.045+0000] {taskinstance.py:2905} ERROR - Task failed with exception
Traceback (most recent call last):
  File "/home/airflow/.local/lib/python3.12/site-packages/airflow/models/taskinstance.py", line 465, in _execute_task
    result = _execute_callable(context=context, **execute_callable_kwargs)
             ^^^^^^^^^^^^^^^^^^^^^^^^^^^^^^^^^^^^^^^^^^^^^^^^^^^^^^^^^^^^^
  File "/home/airflow/.local/lib/python3.12/site-packages/airflow/models/taskinstance.py", line 432, in _execute_callable
    return execute_callable(context=context, **execute_callable_kwargs)
           ^^^^^^^^^^^^^^^^^^^^^^^^^^^^^^^^^^^^^^^^^^^^^^^^^^^^^^^^^^^^
  File "/home/airflow/.local/lib/python3.12/site-packages/airflow/models/baseoperator.py", line 400, in wrapper
    return func(self, *args, **kwargs)
           ^^^^^^^^^^^^^^^^^^^^^^^^^^^
  File "/home/airflow/.local/lib/python3.12/site-packages/airflow/operators/python.py", line 235, in execute
    return_value = self.execute_callable()
                   ^^^^^^^^^^^^^^^^^^^^^^^
  File "/home/airflow/.local/lib/python3.12/site-packages/airflow/operators/python.py", line 252, in execute_callable
    return self.python_callable(*self.op_args, **self.op_kwargs)
           ^^^^^^^^^^^^^^^^^^^^^^^^^^^^^^^^^^^^^^^^^^^^^^^^^^^^^
  File "/opt/airflow/dags/weather/custom_dags/dados_climaticos_estruturados.py", line 18, in pegar_data_e_criar_pasta
    Path(caminho).mkdir(parents=True, exist_ok=True)
    ^^^^
NameError: name 'Path' is not defined
[2024-05-29T00:31:37.121+0000] {taskinstance.py:1206} INFO - Marking task as FAILED. dag_id=dados_climaticos_estruturados, task_id=criar_pasta, run_id=scheduled__2024-05-17T08:00:00+00:00, execution_date=20240517T080000, start_date=20240529T003136, end_date=20240529T003137
[2024-05-29T00:31:37.514+0000] {standard_task_runner.py:110} ERROR - Failed to execute job 166 for task criar_pasta (name 'Path' is not defined; 341)
[2024-05-29T00:31:37.548+0000] {local_task_job_runner.py:240} INFO - Task exited with return code 1
[2024-05-29T00:31:37.614+0000] {taskinstance.py:3498} INFO - 0 downstream tasks scheduled from follow-on schedule check
[2024-05-29T00:31:37.637+0000] {local_task_job_runner.py:222} INFO - ::endgroup::
[2024-05-29T01:43:09.912+0000] {local_task_job_runner.py:120} INFO - ::group::Pre task execution logs
[2024-05-29T01:43:09.962+0000] {taskinstance.py:2076} INFO - Dependencies all met for dep_context=non-requeueable deps ti=<TaskInstance: dados_climaticos_estruturados.criar_pasta scheduled__2024-05-17T08:00:00+00:00 [queued]>
[2024-05-29T01:43:09.976+0000] {taskinstance.py:2076} INFO - Dependencies all met for dep_context=requeueable deps ti=<TaskInstance: dados_climaticos_estruturados.criar_pasta scheduled__2024-05-17T08:00:00+00:00 [queued]>
[2024-05-29T01:43:09.981+0000] {taskinstance.py:2306} INFO - Starting attempt 1 of 1
[2024-05-29T01:43:10.002+0000] {taskinstance.py:2330} INFO - Executing <Task(PythonOperator): criar_pasta> on 2024-05-17 08:00:00+00:00
[2024-05-29T01:43:10.016+0000] {warnings.py:110} WARNING - /home/***/.local/lib/python3.12/site-packages/***/task/task_runner/standard_task_runner.py:61: DeprecationWarning: This process (pid=393) is multi-threaded, use of fork() may lead to deadlocks in the child.
  pid = os.fork()

[2024-05-29T01:43:10.024+0000] {standard_task_runner.py:63} INFO - Started process 416 to run task
[2024-05-29T01:43:10.022+0000] {standard_task_runner.py:90} INFO - Running: ['***', 'tasks', 'run', 'dados_climaticos_estruturados', 'criar_pasta', 'scheduled__2024-05-17T08:00:00+00:00', '--job-id', '254', '--raw', '--subdir', 'DAGS_FOLDER/weather/custom_dags/dados_climaticos_estruturados.py', '--cfg-path', '/tmp/tmpwm7bjmmx']
[2024-05-29T01:43:10.026+0000] {standard_task_runner.py:91} INFO - Job 254: Subtask criar_pasta
[2024-05-29T01:43:10.108+0000] {task_command.py:426} INFO - Running <TaskInstance: dados_climaticos_estruturados.criar_pasta scheduled__2024-05-17T08:00:00+00:00 [running]> on host 6665b0710315
[2024-05-29T01:43:10.300+0000] {taskinstance.py:2648} INFO - Exporting env vars: AIRFLOW_CTX_DAG_OWNER='***' AIRFLOW_CTX_DAG_ID='dados_climaticos_estruturados' AIRFLOW_CTX_TASK_ID='criar_pasta' AIRFLOW_CTX_EXECUTION_DATE='2024-05-17T08:00:00+00:00' AIRFLOW_CTX_TRY_NUMBER='1' AIRFLOW_CTX_DAG_RUN_ID='scheduled__2024-05-17T08:00:00+00:00'
[2024-05-29T01:43:10.304+0000] {taskinstance.py:430} INFO - ::endgroup::
[2024-05-29T01:43:10.307+0000] {python.py:237} INFO - Done. Returned value was: None
[2024-05-29T01:43:10.309+0000] {taskinstance.py:441} INFO - ::group::Post task execution logs
[2024-05-29T01:43:10.333+0000] {taskinstance.py:1206} INFO - Marking task as SUCCESS. dag_id=dados_climaticos_estruturados, task_id=criar_pasta, run_id=scheduled__2024-05-17T08:00:00+00:00, execution_date=20240517T080000, start_date=20240529T014309, end_date=20240529T014310
[2024-05-29T01:43:10.417+0000] {local_task_job_runner.py:240} INFO - Task exited with return code 0
[2024-05-29T01:43:10.461+0000] {taskinstance.py:3498} INFO - 1 downstream tasks scheduled from follow-on schedule check
[2024-05-29T01:43:10.473+0000] {local_task_job_runner.py:222} INFO - ::endgroup::
