[2024-06-05T01:05:42.875+0000] {local_task_job_runner.py:120} INFO - ::group::Pre task execution logs
[2024-06-05T01:05:42.916+0000] {taskinstance.py:2076} INFO - Dependencies all met for dep_context=non-requeueable deps ti=<TaskInstance: dados_climaticos_estruturados.criar_pasta scheduled__2024-05-31T11:40:00+00:00 [queued]>
[2024-06-05T01:05:42.934+0000] {taskinstance.py:2076} INFO - Dependencies all met for dep_context=requeueable deps ti=<TaskInstance: dados_climaticos_estruturados.criar_pasta scheduled__2024-05-31T11:40:00+00:00 [queued]>
[2024-06-05T01:05:42.936+0000] {taskinstance.py:2306} INFO - Starting attempt 1 of 1
[2024-06-05T01:05:42.968+0000] {taskinstance.py:2330} INFO - Executing <Task(PythonOperator): criar_pasta> on 2024-05-31 11:40:00+00:00
[2024-06-05T01:05:42.987+0000] {warnings.py:110} WARNING - /home/***/.local/lib/python3.12/site-packages/***/task/task_runner/standard_task_runner.py:61: DeprecationWarning: This process (pid=4690) is multi-threaded, use of fork() may lead to deadlocks in the child.
  pid = os.fork()

[2024-06-05T01:05:42.989+0000] {standard_task_runner.py:63} INFO - Started process 4710 to run task
[2024-06-05T01:05:42.988+0000] {standard_task_runner.py:90} INFO - Running: ['***', 'tasks', 'run', 'dados_climaticos_estruturados', 'criar_pasta', 'scheduled__2024-05-31T11:40:00+00:00', '--job-id', '1882', '--raw', '--subdir', 'DAGS_FOLDER/weather/custom_dags/dados_climaticos_estruturados.py', '--cfg-path', '/tmp/tmp0fg8nbd5']
[2024-06-05T01:05:42.994+0000] {standard_task_runner.py:91} INFO - Job 1882: Subtask criar_pasta
[2024-06-05T01:05:43.092+0000] {task_command.py:426} INFO - Running <TaskInstance: dados_climaticos_estruturados.criar_pasta scheduled__2024-05-31T11:40:00+00:00 [running]> on host 6665b0710315
[2024-06-05T01:05:43.367+0000] {taskinstance.py:2648} INFO - Exporting env vars: AIRFLOW_CTX_DAG_OWNER='***' AIRFLOW_CTX_DAG_ID='dados_climaticos_estruturados' AIRFLOW_CTX_TASK_ID='criar_pasta' AIRFLOW_CTX_EXECUTION_DATE='2024-05-31T11:40:00+00:00' AIRFLOW_CTX_TRY_NUMBER='1' AIRFLOW_CTX_DAG_RUN_ID='scheduled__2024-05-31T11:40:00+00:00'
[2024-06-05T01:05:43.372+0000] {taskinstance.py:430} INFO - ::endgroup::
[2024-06-05T01:05:43.377+0000] {python.py:237} INFO - Done. Returned value was: None
[2024-06-05T01:05:43.378+0000] {taskinstance.py:441} INFO - ::group::Post task execution logs
[2024-06-05T01:05:43.407+0000] {taskinstance.py:1206} INFO - Marking task as SUCCESS. dag_id=dados_climaticos_estruturados, task_id=criar_pasta, run_id=scheduled__2024-05-31T11:40:00+00:00, execution_date=20240531T114000, start_date=20240605T010542, end_date=20240605T010543
[2024-06-05T01:05:43.515+0000] {local_task_job_runner.py:240} INFO - Task exited with return code 0
[2024-06-05T01:05:43.557+0000] {taskinstance.py:3498} INFO - 1 downstream tasks scheduled from follow-on schedule check
[2024-06-05T01:05:43.566+0000] {local_task_job_runner.py:222} INFO - ::endgroup::
[2024-06-05T01:45:06.510+0000] {local_task_job_runner.py:120} INFO - ::group::Pre task execution logs
[2024-06-05T01:45:06.558+0000] {taskinstance.py:2076} INFO - Dependencies all met for dep_context=non-requeueable deps ti=<TaskInstance: dados_climaticos_estruturados.criar_pasta scheduled__2024-05-31T11:40:00+00:00 [queued]>
[2024-06-05T01:45:06.574+0000] {taskinstance.py:2076} INFO - Dependencies all met for dep_context=requeueable deps ti=<TaskInstance: dados_climaticos_estruturados.criar_pasta scheduled__2024-05-31T11:40:00+00:00 [queued]>
[2024-06-05T01:45:06.578+0000] {taskinstance.py:2306} INFO - Starting attempt 1 of 1
[2024-06-05T01:45:06.620+0000] {taskinstance.py:2330} INFO - Executing <Task(PythonOperator): criar_pasta> on 2024-05-31 11:40:00+00:00
[2024-06-05T01:45:06.638+0000] {warnings.py:110} WARNING - /home/***/.local/lib/python3.12/site-packages/***/task/task_runner/standard_task_runner.py:61: DeprecationWarning: This process (pid=4679) is multi-threaded, use of fork() may lead to deadlocks in the child.
  pid = os.fork()

[2024-06-05T01:45:06.641+0000] {standard_task_runner.py:63} INFO - Started process 4700 to run task
[2024-06-05T01:45:06.643+0000] {standard_task_runner.py:90} INFO - Running: ['***', 'tasks', 'run', 'dados_climaticos_estruturados', 'criar_pasta', 'scheduled__2024-05-31T11:40:00+00:00', '--job-id', '1494', '--raw', '--subdir', 'DAGS_FOLDER/weather/custom_dags/dados_climaticos_estruturados.py', '--cfg-path', '/tmp/tmp8gbqh7jk']
[2024-06-05T01:45:06.653+0000] {standard_task_runner.py:91} INFO - Job 1494: Subtask criar_pasta
[2024-06-05T01:45:06.762+0000] {task_command.py:426} INFO - Running <TaskInstance: dados_climaticos_estruturados.criar_pasta scheduled__2024-05-31T11:40:00+00:00 [running]> on host 80232deae70a
[2024-06-05T01:45:06.954+0000] {taskinstance.py:2648} INFO - Exporting env vars: AIRFLOW_CTX_DAG_OWNER='***' AIRFLOW_CTX_DAG_ID='dados_climaticos_estruturados' AIRFLOW_CTX_TASK_ID='criar_pasta' AIRFLOW_CTX_EXECUTION_DATE='2024-05-31T11:40:00+00:00' AIRFLOW_CTX_TRY_NUMBER='1' AIRFLOW_CTX_DAG_RUN_ID='scheduled__2024-05-31T11:40:00+00:00'
[2024-06-05T01:45:06.957+0000] {taskinstance.py:430} INFO - ::endgroup::
[2024-06-05T01:45:06.961+0000] {python.py:237} INFO - Done. Returned value was: None
[2024-06-05T01:45:06.962+0000] {taskinstance.py:441} INFO - ::group::Post task execution logs
[2024-06-05T01:45:06.980+0000] {taskinstance.py:1206} INFO - Marking task as SUCCESS. dag_id=dados_climaticos_estruturados, task_id=criar_pasta, run_id=scheduled__2024-05-31T11:40:00+00:00, execution_date=20240531T114000, start_date=20240605T014506, end_date=20240605T014506
[2024-06-05T01:45:07.072+0000] {local_task_job_runner.py:240} INFO - Task exited with return code 0
[2024-06-05T01:45:07.134+0000] {taskinstance.py:3498} INFO - 1 downstream tasks scheduled from follow-on schedule check
[2024-06-05T01:45:07.149+0000] {local_task_job_runner.py:222} INFO - ::endgroup::
