[2024-06-05T01:01:08.728+0000] {local_task_job_runner.py:120} INFO - ::group::Pre task execution logs
[2024-06-05T01:01:08.787+0000] {taskinstance.py:2076} INFO - Dependencies all met for dep_context=non-requeueable deps ti=<TaskInstance: dados_climaticos_estruturados.criar_pasta scheduled__2024-05-30T14:15:00+00:00 [queued]>
[2024-06-05T01:01:08.809+0000] {taskinstance.py:2076} INFO - Dependencies all met for dep_context=requeueable deps ti=<TaskInstance: dados_climaticos_estruturados.criar_pasta scheduled__2024-05-30T14:15:00+00:00 [queued]>
[2024-06-05T01:01:08.811+0000] {taskinstance.py:2306} INFO - Starting attempt 1 of 1
[2024-06-05T01:01:08.845+0000] {taskinstance.py:2330} INFO - Executing <Task(PythonOperator): criar_pasta> on 2024-05-30 14:15:00+00:00
[2024-06-05T01:01:08.860+0000] {warnings.py:110} WARNING - /home/***/.local/lib/python3.12/site-packages/***/task/task_runner/standard_task_runner.py:61: DeprecationWarning: This process (pid=3088) is multi-threaded, use of fork() may lead to deadlocks in the child.
  pid = os.fork()

[2024-06-05T01:01:08.862+0000] {standard_task_runner.py:63} INFO - Started process 3113 to run task
[2024-06-05T01:01:08.869+0000] {standard_task_runner.py:90} INFO - Running: ['***', 'tasks', 'run', 'dados_climaticos_estruturados', 'criar_pasta', 'scheduled__2024-05-30T14:15:00+00:00', '--job-id', '1367', '--raw', '--subdir', 'DAGS_FOLDER/weather/custom_dags/dados_climaticos_estruturados.py', '--cfg-path', '/tmp/tmp8j1vgz8l']
[2024-06-05T01:01:08.876+0000] {standard_task_runner.py:91} INFO - Job 1367: Subtask criar_pasta
[2024-06-05T01:01:09.005+0000] {task_command.py:426} INFO - Running <TaskInstance: dados_climaticos_estruturados.criar_pasta scheduled__2024-05-30T14:15:00+00:00 [running]> on host 6665b0710315
[2024-06-05T01:01:09.190+0000] {taskinstance.py:2648} INFO - Exporting env vars: AIRFLOW_CTX_DAG_OWNER='***' AIRFLOW_CTX_DAG_ID='dados_climaticos_estruturados' AIRFLOW_CTX_TASK_ID='criar_pasta' AIRFLOW_CTX_EXECUTION_DATE='2024-05-30T14:15:00+00:00' AIRFLOW_CTX_TRY_NUMBER='1' AIRFLOW_CTX_DAG_RUN_ID='scheduled__2024-05-30T14:15:00+00:00'
[2024-06-05T01:01:09.195+0000] {taskinstance.py:430} INFO - ::endgroup::
[2024-06-05T01:01:09.197+0000] {python.py:237} INFO - Done. Returned value was: None
[2024-06-05T01:01:09.198+0000] {taskinstance.py:441} INFO - ::group::Post task execution logs
[2024-06-05T01:01:09.232+0000] {taskinstance.py:1206} INFO - Marking task as SUCCESS. dag_id=dados_climaticos_estruturados, task_id=criar_pasta, run_id=scheduled__2024-05-30T14:15:00+00:00, execution_date=20240530T141500, start_date=20240605T010108, end_date=20240605T010109
[2024-06-05T01:01:09.304+0000] {local_task_job_runner.py:240} INFO - Task exited with return code 0
[2024-06-05T01:01:09.386+0000] {taskinstance.py:3498} INFO - 1 downstream tasks scheduled from follow-on schedule check
[2024-06-05T01:01:09.402+0000] {local_task_job_runner.py:222} INFO - ::endgroup::
[2024-06-05T01:40:47.380+0000] {local_task_job_runner.py:120} INFO - ::group::Pre task execution logs
[2024-06-05T01:40:47.414+0000] {taskinstance.py:2076} INFO - Dependencies all met for dep_context=non-requeueable deps ti=<TaskInstance: dados_climaticos_estruturados.criar_pasta scheduled__2024-05-30T14:15:00+00:00 [queued]>
[2024-06-05T01:40:47.427+0000] {taskinstance.py:2076} INFO - Dependencies all met for dep_context=requeueable deps ti=<TaskInstance: dados_climaticos_estruturados.criar_pasta scheduled__2024-05-30T14:15:00+00:00 [queued]>
[2024-06-05T01:40:47.430+0000] {taskinstance.py:2306} INFO - Starting attempt 1 of 1
[2024-06-05T01:40:47.450+0000] {taskinstance.py:2330} INFO - Executing <Task(PythonOperator): criar_pasta> on 2024-05-30 14:15:00+00:00
[2024-06-05T01:40:47.460+0000] {warnings.py:110} WARNING - /home/***/.local/lib/python3.12/site-packages/***/task/task_runner/standard_task_runner.py:61: DeprecationWarning: This process (pid=3071) is multi-threaded, use of fork() may lead to deadlocks in the child.
  pid = os.fork()

[2024-06-05T01:40:47.464+0000] {standard_task_runner.py:63} INFO - Started process 3095 to run task
[2024-06-05T01:40:47.463+0000] {standard_task_runner.py:90} INFO - Running: ['***', 'tasks', 'run', 'dados_climaticos_estruturados', 'criar_pasta', 'scheduled__2024-05-30T14:15:00+00:00', '--job-id', '980', '--raw', '--subdir', 'DAGS_FOLDER/weather/custom_dags/dados_climaticos_estruturados.py', '--cfg-path', '/tmp/tmpeydv43kp']
[2024-06-05T01:40:47.465+0000] {standard_task_runner.py:91} INFO - Job 980: Subtask criar_pasta
[2024-06-05T01:40:47.528+0000] {task_command.py:426} INFO - Running <TaskInstance: dados_climaticos_estruturados.criar_pasta scheduled__2024-05-30T14:15:00+00:00 [running]> on host 80232deae70a
[2024-06-05T01:40:47.667+0000] {taskinstance.py:2648} INFO - Exporting env vars: AIRFLOW_CTX_DAG_OWNER='***' AIRFLOW_CTX_DAG_ID='dados_climaticos_estruturados' AIRFLOW_CTX_TASK_ID='criar_pasta' AIRFLOW_CTX_EXECUTION_DATE='2024-05-30T14:15:00+00:00' AIRFLOW_CTX_TRY_NUMBER='1' AIRFLOW_CTX_DAG_RUN_ID='scheduled__2024-05-30T14:15:00+00:00'
[2024-06-05T01:40:47.669+0000] {taskinstance.py:430} INFO - ::endgroup::
[2024-06-05T01:40:47.671+0000] {python.py:237} INFO - Done. Returned value was: None
[2024-06-05T01:40:47.672+0000] {taskinstance.py:441} INFO - ::group::Post task execution logs
[2024-06-05T01:40:47.688+0000] {taskinstance.py:1206} INFO - Marking task as SUCCESS. dag_id=dados_climaticos_estruturados, task_id=criar_pasta, run_id=scheduled__2024-05-30T14:15:00+00:00, execution_date=20240530T141500, start_date=20240605T014047, end_date=20240605T014047
[2024-06-05T01:40:47.728+0000] {local_task_job_runner.py:240} INFO - Task exited with return code 0
[2024-06-05T01:40:47.741+0000] {local_task_job_runner.py:222} INFO - ::endgroup::
