[2024-06-05T01:05:58.334+0000] {local_task_job_runner.py:120} INFO - ::group::Pre task execution logs
[2024-06-05T01:05:58.449+0000] {taskinstance.py:2076} INFO - Dependencies all met for dep_context=non-requeueable deps ti=<TaskInstance: dados_climaticos_estruturados.criar_pasta scheduled__2024-05-31T13:10:00+00:00 [queued]>
[2024-06-05T01:05:58.483+0000] {taskinstance.py:2076} INFO - Dependencies all met for dep_context=requeueable deps ti=<TaskInstance: dados_climaticos_estruturados.criar_pasta scheduled__2024-05-31T13:10:00+00:00 [queued]>
[2024-06-05T01:05:58.485+0000] {taskinstance.py:2306} INFO - Starting attempt 1 of 1
[2024-06-05T01:05:58.750+0000] {taskinstance.py:2330} INFO - Executing <Task(PythonOperator): criar_pasta> on 2024-05-31 13:10:00+00:00
[2024-06-05T01:05:58.773+0000] {warnings.py:110} WARNING - /home/***/.local/lib/python3.12/site-packages/***/task/task_runner/standard_task_runner.py:61: DeprecationWarning: This process (pid=4790) is multi-threaded, use of fork() may lead to deadlocks in the child.
  pid = os.fork()

[2024-06-05T01:05:58.778+0000] {standard_task_runner.py:63} INFO - Started process 4827 to run task
[2024-06-05T01:05:58.779+0000] {standard_task_runner.py:90} INFO - Running: ['***', 'tasks', 'run', 'dados_climaticos_estruturados', 'criar_pasta', 'scheduled__2024-05-31T13:10:00+00:00', '--job-id', '1914', '--raw', '--subdir', 'DAGS_FOLDER/weather/custom_dags/dados_climaticos_estruturados.py', '--cfg-path', '/tmp/tmpn006aqta']
[2024-06-05T01:05:58.786+0000] {standard_task_runner.py:91} INFO - Job 1914: Subtask criar_pasta
[2024-06-05T01:05:58.954+0000] {task_command.py:426} INFO - Running <TaskInstance: dados_climaticos_estruturados.criar_pasta scheduled__2024-05-31T13:10:00+00:00 [running]> on host 6665b0710315
[2024-06-05T01:05:59.230+0000] {taskinstance.py:2648} INFO - Exporting env vars: AIRFLOW_CTX_DAG_OWNER='***' AIRFLOW_CTX_DAG_ID='dados_climaticos_estruturados' AIRFLOW_CTX_TASK_ID='criar_pasta' AIRFLOW_CTX_EXECUTION_DATE='2024-05-31T13:10:00+00:00' AIRFLOW_CTX_TRY_NUMBER='1' AIRFLOW_CTX_DAG_RUN_ID='scheduled__2024-05-31T13:10:00+00:00'
[2024-06-05T01:05:59.232+0000] {taskinstance.py:430} INFO - ::endgroup::
[2024-06-05T01:05:59.236+0000] {python.py:237} INFO - Done. Returned value was: None
[2024-06-05T01:05:59.236+0000] {taskinstance.py:441} INFO - ::group::Post task execution logs
[2024-06-05T01:05:59.264+0000] {taskinstance.py:1206} INFO - Marking task as SUCCESS. dag_id=dados_climaticos_estruturados, task_id=criar_pasta, run_id=scheduled__2024-05-31T13:10:00+00:00, execution_date=20240531T131000, start_date=20240605T010558, end_date=20240605T010559
[2024-06-05T01:05:59.333+0000] {local_task_job_runner.py:240} INFO - Task exited with return code 0
[2024-06-05T01:05:59.376+0000] {taskinstance.py:3498} INFO - 1 downstream tasks scheduled from follow-on schedule check
[2024-06-05T01:05:59.380+0000] {local_task_job_runner.py:222} INFO - ::endgroup::
[2024-06-05T01:45:27.330+0000] {local_task_job_runner.py:120} INFO - ::group::Pre task execution logs
[2024-06-05T01:45:27.362+0000] {taskinstance.py:2076} INFO - Dependencies all met for dep_context=non-requeueable deps ti=<TaskInstance: dados_climaticos_estruturados.criar_pasta scheduled__2024-05-31T13:10:00+00:00 [queued]>
[2024-06-05T01:45:27.377+0000] {taskinstance.py:2076} INFO - Dependencies all met for dep_context=requeueable deps ti=<TaskInstance: dados_climaticos_estruturados.criar_pasta scheduled__2024-05-31T13:10:00+00:00 [queued]>
[2024-06-05T01:45:27.377+0000] {taskinstance.py:2306} INFO - Starting attempt 1 of 1
[2024-06-05T01:45:27.404+0000] {taskinstance.py:2330} INFO - Executing <Task(PythonOperator): criar_pasta> on 2024-05-31 13:10:00+00:00
[2024-06-05T01:45:27.417+0000] {warnings.py:110} WARNING - /home/***/.local/lib/python3.12/site-packages/***/task/task_runner/standard_task_runner.py:61: DeprecationWarning: This process (pid=4808) is multi-threaded, use of fork() may lead to deadlocks in the child.
  pid = os.fork()

[2024-06-05T01:45:27.420+0000] {standard_task_runner.py:90} INFO - Running: ['***', 'tasks', 'run', 'dados_climaticos_estruturados', 'criar_pasta', 'scheduled__2024-05-31T13:10:00+00:00', '--job-id', '1535', '--raw', '--subdir', 'DAGS_FOLDER/weather/custom_dags/dados_climaticos_estruturados.py', '--cfg-path', '/tmp/tmpekk0js_y']
[2024-06-05T01:45:27.421+0000] {standard_task_runner.py:63} INFO - Started process 4825 to run task
[2024-06-05T01:45:27.423+0000] {standard_task_runner.py:91} INFO - Job 1535: Subtask criar_pasta
[2024-06-05T01:45:27.498+0000] {task_command.py:426} INFO - Running <TaskInstance: dados_climaticos_estruturados.criar_pasta scheduled__2024-05-31T13:10:00+00:00 [running]> on host 80232deae70a
[2024-06-05T01:45:27.651+0000] {taskinstance.py:2648} INFO - Exporting env vars: AIRFLOW_CTX_DAG_OWNER='***' AIRFLOW_CTX_DAG_ID='dados_climaticos_estruturados' AIRFLOW_CTX_TASK_ID='criar_pasta' AIRFLOW_CTX_EXECUTION_DATE='2024-05-31T13:10:00+00:00' AIRFLOW_CTX_TRY_NUMBER='1' AIRFLOW_CTX_DAG_RUN_ID='scheduled__2024-05-31T13:10:00+00:00'
[2024-06-05T01:45:27.657+0000] {taskinstance.py:430} INFO - ::endgroup::
[2024-06-05T01:45:27.659+0000] {python.py:237} INFO - Done. Returned value was: None
[2024-06-05T01:45:27.661+0000] {taskinstance.py:441} INFO - ::group::Post task execution logs
[2024-06-05T01:45:27.680+0000] {taskinstance.py:1206} INFO - Marking task as SUCCESS. dag_id=dados_climaticos_estruturados, task_id=criar_pasta, run_id=scheduled__2024-05-31T13:10:00+00:00, execution_date=20240531T131000, start_date=20240605T014527, end_date=20240605T014527
[2024-06-05T01:45:27.729+0000] {local_task_job_runner.py:240} INFO - Task exited with return code 0
[2024-06-05T01:45:27.773+0000] {taskinstance.py:3498} INFO - 1 downstream tasks scheduled from follow-on schedule check
[2024-06-05T01:45:27.781+0000] {local_task_job_runner.py:222} INFO - ::endgroup::
