[2024-06-05T01:00:20.607+0000] {local_task_job_runner.py:120} INFO - ::group::Pre task execution logs
[2024-06-05T01:00:20.665+0000] {taskinstance.py:2076} INFO - Dependencies all met for dep_context=non-requeueable deps ti=<TaskInstance: dados_climaticos_estruturados.criar_pasta scheduled__2024-05-30T10:00:00+00:00 [queued]>
[2024-06-05T01:00:20.690+0000] {taskinstance.py:2076} INFO - Dependencies all met for dep_context=requeueable deps ti=<TaskInstance: dados_climaticos_estruturados.criar_pasta scheduled__2024-05-30T10:00:00+00:00 [queued]>
[2024-06-05T01:00:20.691+0000] {taskinstance.py:2306} INFO - Starting attempt 1 of 1
[2024-06-05T01:00:20.719+0000] {taskinstance.py:2330} INFO - Executing <Task(PythonOperator): criar_pasta> on 2024-05-30 10:00:00+00:00
[2024-06-05T01:00:20.735+0000] {warnings.py:110} WARNING - /home/***/.local/lib/python3.12/site-packages/***/task/task_runner/standard_task_runner.py:61: DeprecationWarning: This process (pid=2786) is multi-threaded, use of fork() may lead to deadlocks in the child.
  pid = os.fork()

[2024-06-05T01:00:20.738+0000] {standard_task_runner.py:63} INFO - Started process 2806 to run task
[2024-06-05T01:00:20.745+0000] {standard_task_runner.py:90} INFO - Running: ['***', 'tasks', 'run', 'dados_climaticos_estruturados', 'criar_pasta', 'scheduled__2024-05-30T10:00:00+00:00', '--job-id', '1268', '--raw', '--subdir', 'DAGS_FOLDER/weather/custom_dags/dados_climaticos_estruturados.py', '--cfg-path', '/tmp/tmpeqct4qq3']
[2024-06-05T01:00:20.750+0000] {standard_task_runner.py:91} INFO - Job 1268: Subtask criar_pasta
[2024-06-05T01:00:20.869+0000] {task_command.py:426} INFO - Running <TaskInstance: dados_climaticos_estruturados.criar_pasta scheduled__2024-05-30T10:00:00+00:00 [running]> on host 6665b0710315
[2024-06-05T01:00:21.142+0000] {taskinstance.py:2648} INFO - Exporting env vars: AIRFLOW_CTX_DAG_OWNER='***' AIRFLOW_CTX_DAG_ID='dados_climaticos_estruturados' AIRFLOW_CTX_TASK_ID='criar_pasta' AIRFLOW_CTX_EXECUTION_DATE='2024-05-30T10:00:00+00:00' AIRFLOW_CTX_TRY_NUMBER='1' AIRFLOW_CTX_DAG_RUN_ID='scheduled__2024-05-30T10:00:00+00:00'
[2024-06-05T01:00:21.151+0000] {taskinstance.py:430} INFO - ::endgroup::
[2024-06-05T01:00:21.153+0000] {python.py:237} INFO - Done. Returned value was: None
[2024-06-05T01:00:21.155+0000] {taskinstance.py:441} INFO - ::group::Post task execution logs
[2024-06-05T01:00:21.176+0000] {taskinstance.py:1206} INFO - Marking task as SUCCESS. dag_id=dados_climaticos_estruturados, task_id=criar_pasta, run_id=scheduled__2024-05-30T10:00:00+00:00, execution_date=20240530T100000, start_date=20240605T010020, end_date=20240605T010021
[2024-06-05T01:00:21.258+0000] {local_task_job_runner.py:240} INFO - Task exited with return code 0
[2024-06-05T01:00:21.293+0000] {local_task_job_runner.py:222} INFO - ::endgroup::
[2024-06-05T01:40:02.888+0000] {local_task_job_runner.py:120} INFO - ::group::Pre task execution logs
[2024-06-05T01:40:03.032+0000] {taskinstance.py:2076} INFO - Dependencies all met for dep_context=non-requeueable deps ti=<TaskInstance: dados_climaticos_estruturados.criar_pasta scheduled__2024-05-30T10:00:00+00:00 [queued]>
[2024-06-05T01:40:03.070+0000] {taskinstance.py:2076} INFO - Dependencies all met for dep_context=requeueable deps ti=<TaskInstance: dados_climaticos_estruturados.criar_pasta scheduled__2024-05-30T10:00:00+00:00 [queued]>
[2024-06-05T01:40:03.072+0000] {taskinstance.py:2306} INFO - Starting attempt 1 of 1
[2024-06-05T01:40:03.134+0000] {taskinstance.py:2330} INFO - Executing <Task(PythonOperator): criar_pasta> on 2024-05-30 10:00:00+00:00
[2024-06-05T01:40:03.166+0000] {warnings.py:110} WARNING - /home/***/.local/lib/python3.12/site-packages/***/task/task_runner/standard_task_runner.py:61: DeprecationWarning: This process (pid=2751) is multi-threaded, use of fork() may lead to deadlocks in the child.
  pid = os.fork()

[2024-06-05T01:40:03.174+0000] {standard_task_runner.py:63} INFO - Started process 2784 to run task
[2024-06-05T01:40:03.172+0000] {standard_task_runner.py:90} INFO - Running: ['***', 'tasks', 'run', 'dados_climaticos_estruturados', 'criar_pasta', 'scheduled__2024-05-30T10:00:00+00:00', '--job-id', '874', '--raw', '--subdir', 'DAGS_FOLDER/weather/custom_dags/dados_climaticos_estruturados.py', '--cfg-path', '/tmp/tmpn7byvtzq']
[2024-06-05T01:40:03.179+0000] {standard_task_runner.py:91} INFO - Job 874: Subtask criar_pasta
[2024-06-05T01:40:03.306+0000] {task_command.py:426} INFO - Running <TaskInstance: dados_climaticos_estruturados.criar_pasta scheduled__2024-05-30T10:00:00+00:00 [running]> on host 80232deae70a
[2024-06-05T01:40:03.547+0000] {taskinstance.py:2648} INFO - Exporting env vars: AIRFLOW_CTX_DAG_OWNER='***' AIRFLOW_CTX_DAG_ID='dados_climaticos_estruturados' AIRFLOW_CTX_TASK_ID='criar_pasta' AIRFLOW_CTX_EXECUTION_DATE='2024-05-30T10:00:00+00:00' AIRFLOW_CTX_TRY_NUMBER='1' AIRFLOW_CTX_DAG_RUN_ID='scheduled__2024-05-30T10:00:00+00:00'
[2024-06-05T01:40:03.551+0000] {taskinstance.py:430} INFO - ::endgroup::
[2024-06-05T01:40:03.553+0000] {python.py:237} INFO - Done. Returned value was: None
[2024-06-05T01:40:03.554+0000] {taskinstance.py:441} INFO - ::group::Post task execution logs
[2024-06-05T01:40:03.570+0000] {taskinstance.py:1206} INFO - Marking task as SUCCESS. dag_id=dados_climaticos_estruturados, task_id=criar_pasta, run_id=scheduled__2024-05-30T10:00:00+00:00, execution_date=20240530T100000, start_date=20240605T014003, end_date=20240605T014003
[2024-06-05T01:40:03.622+0000] {local_task_job_runner.py:240} INFO - Task exited with return code 0
[2024-06-05T01:40:03.658+0000] {taskinstance.py:3498} INFO - 1 downstream tasks scheduled from follow-on schedule check
[2024-06-05T01:40:03.662+0000] {local_task_job_runner.py:222} INFO - ::endgroup::
