[2024-06-05T00:59:14.253+0000] {local_task_job_runner.py:120} INFO - ::group::Pre task execution logs
[2024-06-05T00:59:14.315+0000] {taskinstance.py:2076} INFO - Dependencies all met for dep_context=non-requeueable deps ti=<TaskInstance: dados_climaticos_estruturados.criar_pasta scheduled__2024-05-30T05:20:00+00:00 [queued]>
[2024-06-05T00:59:14.342+0000] {taskinstance.py:2076} INFO - Dependencies all met for dep_context=requeueable deps ti=<TaskInstance: dados_climaticos_estruturados.criar_pasta scheduled__2024-05-30T05:20:00+00:00 [queued]>
[2024-06-05T00:59:14.345+0000] {taskinstance.py:2306} INFO - Starting attempt 1 of 1
[2024-06-05T00:59:14.403+0000] {taskinstance.py:2330} INFO - Executing <Task(PythonOperator): criar_pasta> on 2024-05-30 05:20:00+00:00
[2024-06-05T00:59:14.427+0000] {warnings.py:110} WARNING - /home/***/.local/lib/python3.12/site-packages/***/task/task_runner/standard_task_runner.py:61: DeprecationWarning: This process (pid=2419) is multi-threaded, use of fork() may lead to deadlocks in the child.
  pid = os.fork()

[2024-06-05T00:59:14.429+0000] {standard_task_runner.py:63} INFO - Started process 2451 to run task
[2024-06-05T00:59:14.439+0000] {standard_task_runner.py:90} INFO - Running: ['***', 'tasks', 'run', 'dados_climaticos_estruturados', 'criar_pasta', 'scheduled__2024-05-30T05:20:00+00:00', '--job-id', '1150', '--raw', '--subdir', 'DAGS_FOLDER/weather/custom_dags/dados_climaticos_estruturados.py', '--cfg-path', '/tmp/tmpe5i_j4nt']
[2024-06-05T00:59:14.450+0000] {standard_task_runner.py:91} INFO - Job 1150: Subtask criar_pasta
[2024-06-05T00:59:14.698+0000] {task_command.py:426} INFO - Running <TaskInstance: dados_climaticos_estruturados.criar_pasta scheduled__2024-05-30T05:20:00+00:00 [running]> on host 6665b0710315
[2024-06-05T00:59:15.028+0000] {taskinstance.py:2648} INFO - Exporting env vars: AIRFLOW_CTX_DAG_OWNER='***' AIRFLOW_CTX_DAG_ID='dados_climaticos_estruturados' AIRFLOW_CTX_TASK_ID='criar_pasta' AIRFLOW_CTX_EXECUTION_DATE='2024-05-30T05:20:00+00:00' AIRFLOW_CTX_TRY_NUMBER='1' AIRFLOW_CTX_DAG_RUN_ID='scheduled__2024-05-30T05:20:00+00:00'
[2024-06-05T00:59:15.033+0000] {taskinstance.py:430} INFO - ::endgroup::
[2024-06-05T00:59:15.046+0000] {python.py:237} INFO - Done. Returned value was: None
[2024-06-05T00:59:15.060+0000] {taskinstance.py:441} INFO - ::group::Post task execution logs
[2024-06-05T00:59:15.089+0000] {taskinstance.py:1206} INFO - Marking task as SUCCESS. dag_id=dados_climaticos_estruturados, task_id=criar_pasta, run_id=scheduled__2024-05-30T05:20:00+00:00, execution_date=20240530T052000, start_date=20240605T005914, end_date=20240605T005915
[2024-06-05T00:59:15.226+0000] {local_task_job_runner.py:240} INFO - Task exited with return code 0
[2024-06-05T00:59:15.277+0000] {local_task_job_runner.py:222} INFO - ::endgroup::
[2024-06-05T01:39:11.076+0000] {local_task_job_runner.py:120} INFO - ::group::Pre task execution logs
[2024-06-05T01:39:11.121+0000] {taskinstance.py:2076} INFO - Dependencies all met for dep_context=non-requeueable deps ti=<TaskInstance: dados_climaticos_estruturados.criar_pasta scheduled__2024-05-30T05:20:00+00:00 [queued]>
[2024-06-05T01:39:11.149+0000] {taskinstance.py:2076} INFO - Dependencies all met for dep_context=requeueable deps ti=<TaskInstance: dados_climaticos_estruturados.criar_pasta scheduled__2024-05-30T05:20:00+00:00 [queued]>
[2024-06-05T01:39:11.150+0000] {taskinstance.py:2306} INFO - Starting attempt 1 of 1
[2024-06-05T01:39:11.193+0000] {taskinstance.py:2330} INFO - Executing <Task(PythonOperator): criar_pasta> on 2024-05-30 05:20:00+00:00
[2024-06-05T01:39:11.215+0000] {warnings.py:110} WARNING - /home/***/.local/lib/python3.12/site-packages/***/task/task_runner/standard_task_runner.py:61: DeprecationWarning: This process (pid=2412) is multi-threaded, use of fork() may lead to deadlocks in the child.
  pid = os.fork()

[2024-06-05T01:39:11.222+0000] {standard_task_runner.py:63} INFO - Started process 2441 to run task
[2024-06-05T01:39:11.221+0000] {standard_task_runner.py:90} INFO - Running: ['***', 'tasks', 'run', 'dados_climaticos_estruturados', 'criar_pasta', 'scheduled__2024-05-30T05:20:00+00:00', '--job-id', '763', '--raw', '--subdir', 'DAGS_FOLDER/weather/custom_dags/dados_climaticos_estruturados.py', '--cfg-path', '/tmp/tmp_i4zg9hx']
[2024-06-05T01:39:11.225+0000] {standard_task_runner.py:91} INFO - Job 763: Subtask criar_pasta
[2024-06-05T01:39:11.354+0000] {task_command.py:426} INFO - Running <TaskInstance: dados_climaticos_estruturados.criar_pasta scheduled__2024-05-30T05:20:00+00:00 [running]> on host 80232deae70a
[2024-06-05T01:39:11.601+0000] {taskinstance.py:2648} INFO - Exporting env vars: AIRFLOW_CTX_DAG_OWNER='***' AIRFLOW_CTX_DAG_ID='dados_climaticos_estruturados' AIRFLOW_CTX_TASK_ID='criar_pasta' AIRFLOW_CTX_EXECUTION_DATE='2024-05-30T05:20:00+00:00' AIRFLOW_CTX_TRY_NUMBER='1' AIRFLOW_CTX_DAG_RUN_ID='scheduled__2024-05-30T05:20:00+00:00'
[2024-06-05T01:39:11.616+0000] {taskinstance.py:430} INFO - ::endgroup::
[2024-06-05T01:39:11.620+0000] {python.py:237} INFO - Done. Returned value was: None
[2024-06-05T01:39:11.622+0000] {taskinstance.py:441} INFO - ::group::Post task execution logs
[2024-06-05T01:39:11.650+0000] {taskinstance.py:1206} INFO - Marking task as SUCCESS. dag_id=dados_climaticos_estruturados, task_id=criar_pasta, run_id=scheduled__2024-05-30T05:20:00+00:00, execution_date=20240530T052000, start_date=20240605T013911, end_date=20240605T013911
[2024-06-05T01:39:11.788+0000] {local_task_job_runner.py:240} INFO - Task exited with return code 0
[2024-06-05T01:39:11.834+0000] {local_task_job_runner.py:222} INFO - ::endgroup::
