[2024-06-05T00:54:09.399+0000] {local_task_job_runner.py:120} INFO - ::group::Pre task execution logs
[2024-06-05T00:54:09.442+0000] {taskinstance.py:2076} INFO - Dependencies all met for dep_context=non-requeueable deps ti=<TaskInstance: dados_climaticos_estruturados.criar_pasta scheduled__2024-05-29T02:40:00+00:00 [queued]>
[2024-06-05T00:54:09.455+0000] {taskinstance.py:2076} INFO - Dependencies all met for dep_context=requeueable deps ti=<TaskInstance: dados_climaticos_estruturados.criar_pasta scheduled__2024-05-29T02:40:00+00:00 [queued]>
[2024-06-05T00:54:09.458+0000] {taskinstance.py:2306} INFO - Starting attempt 1 of 1
[2024-06-05T00:54:09.490+0000] {taskinstance.py:2330} INFO - Executing <Task(PythonOperator): criar_pasta> on 2024-05-29 02:40:00+00:00
[2024-06-05T00:54:09.519+0000] {warnings.py:110} WARNING - /home/***/.local/lib/python3.12/site-packages/***/task/task_runner/standard_task_runner.py:61: DeprecationWarning: This process (pid=422) is multi-threaded, use of fork() may lead to deadlocks in the child.
  pid = os.fork()

[2024-06-05T00:54:09.525+0000] {standard_task_runner.py:63} INFO - Started process 450 to run task
[2024-06-05T00:54:09.530+0000] {standard_task_runner.py:90} INFO - Running: ['***', 'tasks', 'run', 'dados_climaticos_estruturados', 'criar_pasta', 'scheduled__2024-05-29T02:40:00+00:00', '--job-id', '509', '--raw', '--subdir', 'DAGS_FOLDER/weather/custom_dags/dados_climaticos_estruturados.py', '--cfg-path', '/tmp/tmp9zs_kwam']
[2024-06-05T00:54:09.535+0000] {standard_task_runner.py:91} INFO - Job 509: Subtask criar_pasta
[2024-06-05T00:54:09.649+0000] {task_command.py:426} INFO - Running <TaskInstance: dados_climaticos_estruturados.criar_pasta scheduled__2024-05-29T02:40:00+00:00 [running]> on host 6665b0710315
[2024-06-05T00:54:09.851+0000] {taskinstance.py:2648} INFO - Exporting env vars: AIRFLOW_CTX_DAG_OWNER='***' AIRFLOW_CTX_DAG_ID='dados_climaticos_estruturados' AIRFLOW_CTX_TASK_ID='criar_pasta' AIRFLOW_CTX_EXECUTION_DATE='2024-05-29T02:40:00+00:00' AIRFLOW_CTX_TRY_NUMBER='1' AIRFLOW_CTX_DAG_RUN_ID='scheduled__2024-05-29T02:40:00+00:00'
[2024-06-05T00:54:09.856+0000] {taskinstance.py:430} INFO - ::endgroup::
[2024-06-05T00:54:09.858+0000] {python.py:237} INFO - Done. Returned value was: None
[2024-06-05T00:54:09.860+0000] {taskinstance.py:441} INFO - ::group::Post task execution logs
[2024-06-05T00:54:09.889+0000] {taskinstance.py:1206} INFO - Marking task as SUCCESS. dag_id=dados_climaticos_estruturados, task_id=criar_pasta, run_id=scheduled__2024-05-29T02:40:00+00:00, execution_date=20240529T024000, start_date=20240605T005409, end_date=20240605T005409
[2024-06-05T00:54:09.963+0000] {local_task_job_runner.py:240} INFO - Task exited with return code 0
[2024-06-05T00:54:09.994+0000] {taskinstance.py:3498} INFO - 1 downstream tasks scheduled from follow-on schedule check
[2024-06-05T00:54:09.996+0000] {local_task_job_runner.py:222} INFO - ::endgroup::
[2024-06-05T01:33:49.025+0000] {local_task_job_runner.py:120} INFO - ::group::Pre task execution logs
[2024-06-05T01:33:49.079+0000] {taskinstance.py:2076} INFO - Dependencies all met for dep_context=non-requeueable deps ti=<TaskInstance: dados_climaticos_estruturados.criar_pasta scheduled__2024-05-29T02:40:00+00:00 [queued]>
[2024-06-05T01:33:49.100+0000] {taskinstance.py:2076} INFO - Dependencies all met for dep_context=requeueable deps ti=<TaskInstance: dados_climaticos_estruturados.criar_pasta scheduled__2024-05-29T02:40:00+00:00 [queued]>
[2024-06-05T01:33:49.102+0000] {taskinstance.py:2306} INFO - Starting attempt 1 of 1
[2024-06-05T01:33:49.145+0000] {taskinstance.py:2330} INFO - Executing <Task(PythonOperator): criar_pasta> on 2024-05-29 02:40:00+00:00
[2024-06-05T01:33:49.170+0000] {warnings.py:110} WARNING - /home/***/.local/lib/python3.12/site-packages/***/task/task_runner/standard_task_runner.py:61: DeprecationWarning: This process (pid=422) is multi-threaded, use of fork() may lead to deadlocks in the child.
  pid = os.fork()

[2024-06-05T01:33:49.172+0000] {standard_task_runner.py:63} INFO - Started process 446 to run task
[2024-06-05T01:33:49.181+0000] {standard_task_runner.py:90} INFO - Running: ['***', 'tasks', 'run', 'dados_climaticos_estruturados', 'criar_pasta', 'scheduled__2024-05-29T02:40:00+00:00', '--job-id', '123', '--raw', '--subdir', 'DAGS_FOLDER/weather/custom_dags/dados_climaticos_estruturados.py', '--cfg-path', '/tmp/tmp8o5dldkk']
[2024-06-05T01:33:49.187+0000] {standard_task_runner.py:91} INFO - Job 123: Subtask criar_pasta
[2024-06-05T01:33:49.397+0000] {task_command.py:426} INFO - Running <TaskInstance: dados_climaticos_estruturados.criar_pasta scheduled__2024-05-29T02:40:00+00:00 [running]> on host 80232deae70a
[2024-06-05T01:33:49.636+0000] {taskinstance.py:2648} INFO - Exporting env vars: AIRFLOW_CTX_DAG_OWNER='***' AIRFLOW_CTX_DAG_ID='dados_climaticos_estruturados' AIRFLOW_CTX_TASK_ID='criar_pasta' AIRFLOW_CTX_EXECUTION_DATE='2024-05-29T02:40:00+00:00' AIRFLOW_CTX_TRY_NUMBER='1' AIRFLOW_CTX_DAG_RUN_ID='scheduled__2024-05-29T02:40:00+00:00'
[2024-06-05T01:33:49.643+0000] {taskinstance.py:430} INFO - ::endgroup::
[2024-06-05T01:33:49.646+0000] {python.py:237} INFO - Done. Returned value was: None
[2024-06-05T01:33:49.647+0000] {taskinstance.py:441} INFO - ::group::Post task execution logs
[2024-06-05T01:33:49.679+0000] {taskinstance.py:1206} INFO - Marking task as SUCCESS. dag_id=dados_climaticos_estruturados, task_id=criar_pasta, run_id=scheduled__2024-05-29T02:40:00+00:00, execution_date=20240529T024000, start_date=20240605T013349, end_date=20240605T013349
[2024-06-05T01:33:49.738+0000] {local_task_job_runner.py:240} INFO - Task exited with return code 0
[2024-06-05T01:33:49.813+0000] {taskinstance.py:3498} INFO - 1 downstream tasks scheduled from follow-on schedule check
[2024-06-05T01:33:49.824+0000] {local_task_job_runner.py:222} INFO - ::endgroup::
