[2024-06-05T01:06:18.005+0000] {local_task_job_runner.py:120} INFO - ::group::Pre task execution logs
[2024-06-05T01:06:18.045+0000] {taskinstance.py:2076} INFO - Dependencies all met for dep_context=non-requeueable deps ti=<TaskInstance: dados_climaticos_estruturados.criar_pasta scheduled__2024-05-31T14:05:00+00:00 [queued]>
[2024-06-05T01:06:18.062+0000] {taskinstance.py:2076} INFO - Dependencies all met for dep_context=requeueable deps ti=<TaskInstance: dados_climaticos_estruturados.criar_pasta scheduled__2024-05-31T14:05:00+00:00 [queued]>
[2024-06-05T01:06:18.065+0000] {taskinstance.py:2306} INFO - Starting attempt 1 of 1
[2024-06-05T01:06:18.107+0000] {taskinstance.py:2330} INFO - Executing <Task(PythonOperator): criar_pasta> on 2024-05-31 14:05:00+00:00
[2024-06-05T01:06:18.125+0000] {warnings.py:110} WARNING - /home/***/.local/lib/python3.12/site-packages/***/task/task_runner/standard_task_runner.py:61: DeprecationWarning: This process (pid=4871) is multi-threaded, use of fork() may lead to deadlocks in the child.
  pid = os.fork()

[2024-06-05T01:06:18.128+0000] {standard_task_runner.py:63} INFO - Started process 4893 to run task
[2024-06-05T01:06:18.128+0000] {standard_task_runner.py:90} INFO - Running: ['***', 'tasks', 'run', 'dados_climaticos_estruturados', 'criar_pasta', 'scheduled__2024-05-31T14:05:00+00:00', '--job-id', '1940', '--raw', '--subdir', 'DAGS_FOLDER/weather/custom_dags/dados_climaticos_estruturados.py', '--cfg-path', '/tmp/tmpepm7poa4']
[2024-06-05T01:06:18.133+0000] {standard_task_runner.py:91} INFO - Job 1940: Subtask criar_pasta
[2024-06-05T01:06:18.241+0000] {task_command.py:426} INFO - Running <TaskInstance: dados_climaticos_estruturados.criar_pasta scheduled__2024-05-31T14:05:00+00:00 [running]> on host 6665b0710315
[2024-06-05T01:06:18.423+0000] {taskinstance.py:2648} INFO - Exporting env vars: AIRFLOW_CTX_DAG_OWNER='***' AIRFLOW_CTX_DAG_ID='dados_climaticos_estruturados' AIRFLOW_CTX_TASK_ID='criar_pasta' AIRFLOW_CTX_EXECUTION_DATE='2024-05-31T14:05:00+00:00' AIRFLOW_CTX_TRY_NUMBER='1' AIRFLOW_CTX_DAG_RUN_ID='scheduled__2024-05-31T14:05:00+00:00'
[2024-06-05T01:06:18.436+0000] {taskinstance.py:430} INFO - ::endgroup::
[2024-06-05T01:06:18.438+0000] {python.py:237} INFO - Done. Returned value was: None
[2024-06-05T01:06:18.438+0000] {taskinstance.py:441} INFO - ::group::Post task execution logs
[2024-06-05T01:06:18.456+0000] {taskinstance.py:1206} INFO - Marking task as SUCCESS. dag_id=dados_climaticos_estruturados, task_id=criar_pasta, run_id=scheduled__2024-05-31T14:05:00+00:00, execution_date=20240531T140500, start_date=20240605T010618, end_date=20240605T010618
[2024-06-05T01:06:18.544+0000] {local_task_job_runner.py:240} INFO - Task exited with return code 0
[2024-06-05T01:06:18.603+0000] {taskinstance.py:3498} INFO - 1 downstream tasks scheduled from follow-on schedule check
[2024-06-05T01:06:18.608+0000] {local_task_job_runner.py:222} INFO - ::endgroup::
[2024-06-05T01:45:31.330+0000] {local_task_job_runner.py:120} INFO - ::group::Pre task execution logs
[2024-06-05T01:45:31.388+0000] {taskinstance.py:2076} INFO - Dependencies all met for dep_context=non-requeueable deps ti=<TaskInstance: dados_climaticos_estruturados.criar_pasta scheduled__2024-05-31T14:05:00+00:00 [queued]>
[2024-06-05T01:45:31.402+0000] {taskinstance.py:2076} INFO - Dependencies all met for dep_context=requeueable deps ti=<TaskInstance: dados_climaticos_estruturados.criar_pasta scheduled__2024-05-31T14:05:00+00:00 [queued]>
[2024-06-05T01:45:31.404+0000] {taskinstance.py:2306} INFO - Starting attempt 1 of 1
[2024-06-05T01:45:31.474+0000] {taskinstance.py:2330} INFO - Executing <Task(PythonOperator): criar_pasta> on 2024-05-31 14:05:00+00:00
[2024-06-05T01:45:31.493+0000] {warnings.py:110} WARNING - /home/***/.local/lib/python3.12/site-packages/***/task/task_runner/standard_task_runner.py:61: DeprecationWarning: This process (pid=4841) is multi-threaded, use of fork() may lead to deadlocks in the child.
  pid = os.fork()

[2024-06-05T01:45:31.495+0000] {standard_task_runner.py:63} INFO - Started process 4868 to run task
[2024-06-05T01:45:31.499+0000] {standard_task_runner.py:90} INFO - Running: ['***', 'tasks', 'run', 'dados_climaticos_estruturados', 'criar_pasta', 'scheduled__2024-05-31T14:05:00+00:00', '--job-id', '1549', '--raw', '--subdir', 'DAGS_FOLDER/weather/custom_dags/dados_climaticos_estruturados.py', '--cfg-path', '/tmp/tmpt9z_qbw0']
[2024-06-05T01:45:31.506+0000] {standard_task_runner.py:91} INFO - Job 1549: Subtask criar_pasta
[2024-06-05T01:45:31.691+0000] {task_command.py:426} INFO - Running <TaskInstance: dados_climaticos_estruturados.criar_pasta scheduled__2024-05-31T14:05:00+00:00 [running]> on host 80232deae70a
[2024-06-05T01:45:31.980+0000] {taskinstance.py:2648} INFO - Exporting env vars: AIRFLOW_CTX_DAG_OWNER='***' AIRFLOW_CTX_DAG_ID='dados_climaticos_estruturados' AIRFLOW_CTX_TASK_ID='criar_pasta' AIRFLOW_CTX_EXECUTION_DATE='2024-05-31T14:05:00+00:00' AIRFLOW_CTX_TRY_NUMBER='1' AIRFLOW_CTX_DAG_RUN_ID='scheduled__2024-05-31T14:05:00+00:00'
[2024-06-05T01:45:31.987+0000] {taskinstance.py:430} INFO - ::endgroup::
[2024-06-05T01:45:31.996+0000] {python.py:237} INFO - Done. Returned value was: None
[2024-06-05T01:45:31.997+0000] {taskinstance.py:441} INFO - ::group::Post task execution logs
[2024-06-05T01:45:32.032+0000] {taskinstance.py:1206} INFO - Marking task as SUCCESS. dag_id=dados_climaticos_estruturados, task_id=criar_pasta, run_id=scheduled__2024-05-31T14:05:00+00:00, execution_date=20240531T140500, start_date=20240605T014531, end_date=20240605T014532
[2024-06-05T01:45:32.360+0000] {local_task_job_runner.py:240} INFO - Task exited with return code 0
[2024-06-05T01:45:32.417+0000] {taskinstance.py:3498} INFO - 1 downstream tasks scheduled from follow-on schedule check
[2024-06-05T01:45:32.426+0000] {local_task_job_runner.py:222} INFO - ::endgroup::
