[2024-06-05T01:01:58.716+0000] {local_task_job_runner.py:120} INFO - ::group::Pre task execution logs
[2024-06-05T01:01:58.792+0000] {taskinstance.py:2076} INFO - Dependencies all met for dep_context=non-requeueable deps ti=<TaskInstance: dados_climaticos_estruturados.criar_pasta scheduled__2024-05-30T18:35:00+00:00 [queued]>
[2024-06-05T01:01:58.821+0000] {taskinstance.py:2076} INFO - Dependencies all met for dep_context=requeueable deps ti=<TaskInstance: dados_climaticos_estruturados.criar_pasta scheduled__2024-05-30T18:35:00+00:00 [queued]>
[2024-06-05T01:01:58.822+0000] {taskinstance.py:2306} INFO - Starting attempt 1 of 1
[2024-06-05T01:01:59.001+0000] {taskinstance.py:2330} INFO - Executing <Task(PythonOperator): criar_pasta> on 2024-05-30 18:35:00+00:00
[2024-06-05T01:01:59.040+0000] {warnings.py:110} WARNING - /home/***/.local/lib/python3.12/site-packages/***/task/task_runner/standard_task_runner.py:61: DeprecationWarning: This process (pid=3404) is multi-threaded, use of fork() may lead to deadlocks in the child.
  pid = os.fork()

[2024-06-05T01:01:59.042+0000] {standard_task_runner.py:63} INFO - Started process 3445 to run task
[2024-06-05T01:01:59.049+0000] {standard_task_runner.py:90} INFO - Running: ['***', 'tasks', 'run', 'dados_climaticos_estruturados', 'criar_pasta', 'scheduled__2024-05-30T18:35:00+00:00', '--job-id', '1469', '--raw', '--subdir', 'DAGS_FOLDER/weather/custom_dags/dados_climaticos_estruturados.py', '--cfg-path', '/tmp/tmp_437j9jh']
[2024-06-05T01:01:59.051+0000] {standard_task_runner.py:91} INFO - Job 1469: Subtask criar_pasta
[2024-06-05T01:01:59.183+0000] {task_command.py:426} INFO - Running <TaskInstance: dados_climaticos_estruturados.criar_pasta scheduled__2024-05-30T18:35:00+00:00 [running]> on host 6665b0710315
[2024-06-05T01:01:59.405+0000] {taskinstance.py:2648} INFO - Exporting env vars: AIRFLOW_CTX_DAG_OWNER='***' AIRFLOW_CTX_DAG_ID='dados_climaticos_estruturados' AIRFLOW_CTX_TASK_ID='criar_pasta' AIRFLOW_CTX_EXECUTION_DATE='2024-05-30T18:35:00+00:00' AIRFLOW_CTX_TRY_NUMBER='1' AIRFLOW_CTX_DAG_RUN_ID='scheduled__2024-05-30T18:35:00+00:00'
[2024-06-05T01:01:59.413+0000] {taskinstance.py:430} INFO - ::endgroup::
[2024-06-05T01:01:59.424+0000] {python.py:237} INFO - Done. Returned value was: None
[2024-06-05T01:01:59.428+0000] {taskinstance.py:441} INFO - ::group::Post task execution logs
[2024-06-05T01:01:59.454+0000] {taskinstance.py:1206} INFO - Marking task as SUCCESS. dag_id=dados_climaticos_estruturados, task_id=criar_pasta, run_id=scheduled__2024-05-30T18:35:00+00:00, execution_date=20240530T183500, start_date=20240605T010158, end_date=20240605T010159
[2024-06-05T01:01:59.523+0000] {local_task_job_runner.py:240} INFO - Task exited with return code 0
[2024-06-05T01:01:59.571+0000] {taskinstance.py:3498} INFO - 1 downstream tasks scheduled from follow-on schedule check
[2024-06-05T01:01:59.583+0000] {local_task_job_runner.py:222} INFO - ::endgroup::
[2024-06-05T01:41:37.127+0000] {local_task_job_runner.py:120} INFO - ::group::Pre task execution logs
[2024-06-05T01:41:37.183+0000] {taskinstance.py:2076} INFO - Dependencies all met for dep_context=non-requeueable deps ti=<TaskInstance: dados_climaticos_estruturados.criar_pasta scheduled__2024-05-30T18:35:00+00:00 [queued]>
[2024-06-05T01:41:37.207+0000] {taskinstance.py:2076} INFO - Dependencies all met for dep_context=requeueable deps ti=<TaskInstance: dados_climaticos_estruturados.criar_pasta scheduled__2024-05-30T18:35:00+00:00 [queued]>
[2024-06-05T01:41:37.208+0000] {taskinstance.py:2306} INFO - Starting attempt 1 of 1
[2024-06-05T01:41:37.240+0000] {taskinstance.py:2330} INFO - Executing <Task(PythonOperator): criar_pasta> on 2024-05-30 18:35:00+00:00
[2024-06-05T01:41:37.254+0000] {warnings.py:110} WARNING - /home/***/.local/lib/python3.12/site-packages/***/task/task_runner/standard_task_runner.py:61: DeprecationWarning: This process (pid=3386) is multi-threaded, use of fork() may lead to deadlocks in the child.
  pid = os.fork()

[2024-06-05T01:41:37.266+0000] {standard_task_runner.py:63} INFO - Started process 3413 to run task
[2024-06-05T01:41:37.257+0000] {standard_task_runner.py:90} INFO - Running: ['***', 'tasks', 'run', 'dados_climaticos_estruturados', 'criar_pasta', 'scheduled__2024-05-30T18:35:00+00:00', '--job-id', '1080', '--raw', '--subdir', 'DAGS_FOLDER/weather/custom_dags/dados_climaticos_estruturados.py', '--cfg-path', '/tmp/tmpbo7d93mk']
[2024-06-05T01:41:37.272+0000] {standard_task_runner.py:91} INFO - Job 1080: Subtask criar_pasta
[2024-06-05T01:41:37.399+0000] {task_command.py:426} INFO - Running <TaskInstance: dados_climaticos_estruturados.criar_pasta scheduled__2024-05-30T18:35:00+00:00 [running]> on host 80232deae70a
[2024-06-05T01:41:37.639+0000] {taskinstance.py:2648} INFO - Exporting env vars: AIRFLOW_CTX_DAG_OWNER='***' AIRFLOW_CTX_DAG_ID='dados_climaticos_estruturados' AIRFLOW_CTX_TASK_ID='criar_pasta' AIRFLOW_CTX_EXECUTION_DATE='2024-05-30T18:35:00+00:00' AIRFLOW_CTX_TRY_NUMBER='1' AIRFLOW_CTX_DAG_RUN_ID='scheduled__2024-05-30T18:35:00+00:00'
[2024-06-05T01:41:37.660+0000] {taskinstance.py:430} INFO - ::endgroup::
[2024-06-05T01:41:37.662+0000] {python.py:237} INFO - Done. Returned value was: None
[2024-06-05T01:41:37.664+0000] {taskinstance.py:441} INFO - ::group::Post task execution logs
[2024-06-05T01:41:37.697+0000] {taskinstance.py:1206} INFO - Marking task as SUCCESS. dag_id=dados_climaticos_estruturados, task_id=criar_pasta, run_id=scheduled__2024-05-30T18:35:00+00:00, execution_date=20240530T183500, start_date=20240605T014137, end_date=20240605T014137
[2024-06-05T01:41:37.790+0000] {local_task_job_runner.py:240} INFO - Task exited with return code 0
[2024-06-05T01:41:37.840+0000] {taskinstance.py:3498} INFO - 1 downstream tasks scheduled from follow-on schedule check
[2024-06-05T01:41:37.853+0000] {local_task_job_runner.py:222} INFO - ::endgroup::
