[2024-05-21T00:00:22.116+0000] {processor.py:161} INFO - Started process (PID=67) to work on /home/airflow/.local/lib/python3.12/site-packages/airflow/example_dags/example_branch_operator.py
[2024-05-21T00:00:22.117+0000] {processor.py:830} INFO - Processing file /home/airflow/.local/lib/python3.12/site-packages/airflow/example_dags/example_branch_operator.py for tasks to queue
[2024-05-21T00:00:22.120+0000] {logging_mixin.py:188} INFO - [2024-05-21T00:00:22.120+0000] {dagbag.py:545} INFO - Filling up the DagBag from /home/airflow/.local/lib/python3.12/site-packages/airflow/example_dags/example_branch_operator.py
[2024-05-21T00:00:22.145+0000] {processor.py:840} INFO - DAG(s) 'example_branch_operator' retrieved from /home/airflow/.local/lib/python3.12/site-packages/airflow/example_dags/example_branch_operator.py
[2024-05-21T00:00:22.156+0000] {logging_mixin.py:188} INFO - [2024-05-21T00:00:22.155+0000] {dag.py:3096} INFO - Sync 1 DAGs
[2024-05-21T00:00:22.183+0000] {logging_mixin.py:188} INFO - [2024-05-21T00:00:22.182+0000] {dag.py:3954} INFO - Setting next_dagrun for example_branch_operator to 2024-05-20 00:00:00+00:00, run_after=2024-05-21 00:00:00+00:00
[2024-05-21T00:00:22.201+0000] {processor.py:183} INFO - Processing /home/airflow/.local/lib/python3.12/site-packages/airflow/example_dags/example_branch_operator.py took 0.093 seconds
[2024-05-21T00:00:55.020+0000] {processor.py:161} INFO - Started process (PID=131) to work on /home/airflow/.local/lib/python3.12/site-packages/airflow/example_dags/example_branch_operator.py
[2024-05-21T00:00:55.021+0000] {processor.py:830} INFO - Processing file /home/airflow/.local/lib/python3.12/site-packages/airflow/example_dags/example_branch_operator.py for tasks to queue
[2024-05-21T00:00:55.023+0000] {logging_mixin.py:188} INFO - [2024-05-21T00:00:55.023+0000] {dagbag.py:545} INFO - Filling up the DagBag from /home/airflow/.local/lib/python3.12/site-packages/airflow/example_dags/example_branch_operator.py
[2024-05-21T00:00:55.038+0000] {processor.py:840} INFO - DAG(s) 'example_branch_operator' retrieved from /home/airflow/.local/lib/python3.12/site-packages/airflow/example_dags/example_branch_operator.py
[2024-05-21T00:00:55.134+0000] {logging_mixin.py:188} INFO - [2024-05-21T00:00:55.134+0000] {dag.py:3096} INFO - Sync 1 DAGs
[2024-05-21T00:00:55.155+0000] {logging_mixin.py:188} INFO - [2024-05-21T00:00:55.155+0000] {dag.py:3954} INFO - Setting next_dagrun for example_branch_operator to 2024-05-20 00:00:00+00:00, run_after=2024-05-21 00:00:00+00:00
[2024-05-21T00:00:55.175+0000] {processor.py:183} INFO - Processing /home/airflow/.local/lib/python3.12/site-packages/airflow/example_dags/example_branch_operator.py took 0.161 seconds
[2024-05-21T00:01:25.873+0000] {processor.py:161} INFO - Started process (PID=191) to work on /home/airflow/.local/lib/python3.12/site-packages/airflow/example_dags/example_branch_operator.py
[2024-05-21T00:01:25.874+0000] {processor.py:830} INFO - Processing file /home/airflow/.local/lib/python3.12/site-packages/airflow/example_dags/example_branch_operator.py for tasks to queue
[2024-05-21T00:01:25.878+0000] {logging_mixin.py:188} INFO - [2024-05-21T00:01:25.877+0000] {dagbag.py:545} INFO - Filling up the DagBag from /home/airflow/.local/lib/python3.12/site-packages/airflow/example_dags/example_branch_operator.py
[2024-05-21T00:01:25.910+0000] {processor.py:840} INFO - DAG(s) 'example_branch_operator' retrieved from /home/airflow/.local/lib/python3.12/site-packages/airflow/example_dags/example_branch_operator.py
[2024-05-21T00:01:25.952+0000] {logging_mixin.py:188} INFO - [2024-05-21T00:01:25.951+0000] {dag.py:3096} INFO - Sync 1 DAGs
[2024-05-21T00:01:26.003+0000] {logging_mixin.py:188} INFO - [2024-05-21T00:01:26.003+0000] {dag.py:3954} INFO - Setting next_dagrun for example_branch_operator to 2024-05-20 00:00:00+00:00, run_after=2024-05-21 00:00:00+00:00
[2024-05-21T00:01:26.042+0000] {processor.py:183} INFO - Processing /home/airflow/.local/lib/python3.12/site-packages/airflow/example_dags/example_branch_operator.py took 0.180 seconds
[2024-05-21T00:01:57.351+0000] {processor.py:161} INFO - Started process (PID=250) to work on /home/airflow/.local/lib/python3.12/site-packages/airflow/example_dags/example_branch_operator.py
[2024-05-21T00:01:57.353+0000] {processor.py:830} INFO - Processing file /home/airflow/.local/lib/python3.12/site-packages/airflow/example_dags/example_branch_operator.py for tasks to queue
[2024-05-21T00:01:57.359+0000] {logging_mixin.py:188} INFO - [2024-05-21T00:01:57.358+0000] {dagbag.py:545} INFO - Filling up the DagBag from /home/airflow/.local/lib/python3.12/site-packages/airflow/example_dags/example_branch_operator.py
[2024-05-21T00:01:57.386+0000] {processor.py:840} INFO - DAG(s) 'example_branch_operator' retrieved from /home/airflow/.local/lib/python3.12/site-packages/airflow/example_dags/example_branch_operator.py
[2024-05-21T00:01:57.431+0000] {logging_mixin.py:188} INFO - [2024-05-21T00:01:57.430+0000] {dag.py:3096} INFO - Sync 1 DAGs
[2024-05-21T00:01:57.474+0000] {logging_mixin.py:188} INFO - [2024-05-21T00:01:57.473+0000] {dag.py:3954} INFO - Setting next_dagrun for example_branch_operator to 2024-05-20 00:00:00+00:00, run_after=2024-05-21 00:00:00+00:00
[2024-05-21T00:01:57.515+0000] {processor.py:183} INFO - Processing /home/airflow/.local/lib/python3.12/site-packages/airflow/example_dags/example_branch_operator.py took 0.180 seconds
[2024-05-21T00:02:27.582+0000] {processor.py:161} INFO - Started process (PID=310) to work on /home/airflow/.local/lib/python3.12/site-packages/airflow/example_dags/example_branch_operator.py
[2024-05-21T00:02:27.583+0000] {processor.py:830} INFO - Processing file /home/airflow/.local/lib/python3.12/site-packages/airflow/example_dags/example_branch_operator.py for tasks to queue
[2024-05-21T00:02:27.584+0000] {logging_mixin.py:188} INFO - [2024-05-21T00:02:27.584+0000] {dagbag.py:545} INFO - Filling up the DagBag from /home/airflow/.local/lib/python3.12/site-packages/airflow/example_dags/example_branch_operator.py
[2024-05-21T00:02:27.598+0000] {processor.py:840} INFO - DAG(s) 'example_branch_operator' retrieved from /home/airflow/.local/lib/python3.12/site-packages/airflow/example_dags/example_branch_operator.py
[2024-05-21T00:02:27.623+0000] {logging_mixin.py:188} INFO - [2024-05-21T00:02:27.622+0000] {dag.py:3096} INFO - Sync 1 DAGs
[2024-05-21T00:02:27.643+0000] {logging_mixin.py:188} INFO - [2024-05-21T00:02:27.643+0000] {dag.py:3954} INFO - Setting next_dagrun for example_branch_operator to 2024-05-20 00:00:00+00:00, run_after=2024-05-21 00:00:00+00:00
[2024-05-21T00:02:27.659+0000] {processor.py:183} INFO - Processing /home/airflow/.local/lib/python3.12/site-packages/airflow/example_dags/example_branch_operator.py took 0.084 seconds
[2024-05-21T00:02:58.102+0000] {processor.py:161} INFO - Started process (PID=372) to work on /home/airflow/.local/lib/python3.12/site-packages/airflow/example_dags/example_branch_operator.py
[2024-05-21T00:02:58.104+0000] {processor.py:830} INFO - Processing file /home/airflow/.local/lib/python3.12/site-packages/airflow/example_dags/example_branch_operator.py for tasks to queue
[2024-05-21T00:02:58.106+0000] {logging_mixin.py:188} INFO - [2024-05-21T00:02:58.106+0000] {dagbag.py:545} INFO - Filling up the DagBag from /home/airflow/.local/lib/python3.12/site-packages/airflow/example_dags/example_branch_operator.py
[2024-05-21T00:02:58.129+0000] {processor.py:840} INFO - DAG(s) 'example_branch_operator' retrieved from /home/airflow/.local/lib/python3.12/site-packages/airflow/example_dags/example_branch_operator.py
[2024-05-21T00:02:58.162+0000] {logging_mixin.py:188} INFO - [2024-05-21T00:02:58.162+0000] {dag.py:3096} INFO - Sync 1 DAGs
[2024-05-21T00:02:58.187+0000] {logging_mixin.py:188} INFO - [2024-05-21T00:02:58.187+0000] {dag.py:3954} INFO - Setting next_dagrun for example_branch_operator to 2024-05-20 00:00:00+00:00, run_after=2024-05-21 00:00:00+00:00
[2024-05-21T00:02:58.203+0000] {processor.py:183} INFO - Processing /home/airflow/.local/lib/python3.12/site-packages/airflow/example_dags/example_branch_operator.py took 0.112 seconds
[2024-05-21T00:03:28.995+0000] {processor.py:161} INFO - Started process (PID=442) to work on /home/airflow/.local/lib/python3.12/site-packages/airflow/example_dags/example_branch_operator.py
[2024-05-21T00:03:28.995+0000] {processor.py:830} INFO - Processing file /home/airflow/.local/lib/python3.12/site-packages/airflow/example_dags/example_branch_operator.py for tasks to queue
[2024-05-21T00:03:28.997+0000] {logging_mixin.py:188} INFO - [2024-05-21T00:03:28.997+0000] {dagbag.py:545} INFO - Filling up the DagBag from /home/airflow/.local/lib/python3.12/site-packages/airflow/example_dags/example_branch_operator.py
[2024-05-21T00:03:29.011+0000] {processor.py:840} INFO - DAG(s) 'example_branch_operator' retrieved from /home/airflow/.local/lib/python3.12/site-packages/airflow/example_dags/example_branch_operator.py
[2024-05-21T00:03:29.033+0000] {logging_mixin.py:188} INFO - [2024-05-21T00:03:29.033+0000] {dag.py:3096} INFO - Sync 1 DAGs
[2024-05-21T00:03:29.051+0000] {logging_mixin.py:188} INFO - [2024-05-21T00:03:29.051+0000] {dag.py:3954} INFO - Setting next_dagrun for example_branch_operator to 2024-05-20 00:00:00+00:00, run_after=2024-05-21 00:00:00+00:00
[2024-05-21T00:03:29.066+0000] {processor.py:183} INFO - Processing /home/airflow/.local/lib/python3.12/site-packages/airflow/example_dags/example_branch_operator.py took 0.078 seconds
[2024-05-21T00:04:00.215+0000] {processor.py:161} INFO - Started process (PID=502) to work on /home/airflow/.local/lib/python3.12/site-packages/airflow/example_dags/example_branch_operator.py
[2024-05-21T00:04:00.217+0000] {processor.py:830} INFO - Processing file /home/airflow/.local/lib/python3.12/site-packages/airflow/example_dags/example_branch_operator.py for tasks to queue
[2024-05-21T00:04:00.223+0000] {logging_mixin.py:188} INFO - [2024-05-21T00:04:00.222+0000] {dagbag.py:545} INFO - Filling up the DagBag from /home/airflow/.local/lib/python3.12/site-packages/airflow/example_dags/example_branch_operator.py
[2024-05-21T00:04:00.250+0000] {processor.py:840} INFO - DAG(s) 'example_branch_operator' retrieved from /home/airflow/.local/lib/python3.12/site-packages/airflow/example_dags/example_branch_operator.py
[2024-05-21T00:04:00.302+0000] {logging_mixin.py:188} INFO - [2024-05-21T00:04:00.302+0000] {dag.py:3096} INFO - Sync 1 DAGs
[2024-05-21T00:04:00.340+0000] {logging_mixin.py:188} INFO - [2024-05-21T00:04:00.339+0000] {dag.py:3954} INFO - Setting next_dagrun for example_branch_operator to 2024-05-20 00:00:00+00:00, run_after=2024-05-21 00:00:00+00:00
[2024-05-21T00:04:00.382+0000] {processor.py:183} INFO - Processing /home/airflow/.local/lib/python3.12/site-packages/airflow/example_dags/example_branch_operator.py took 0.178 seconds
[2024-05-21T00:04:31.226+0000] {processor.py:161} INFO - Started process (PID=561) to work on /home/airflow/.local/lib/python3.12/site-packages/airflow/example_dags/example_branch_operator.py
[2024-05-21T00:04:31.228+0000] {processor.py:830} INFO - Processing file /home/airflow/.local/lib/python3.12/site-packages/airflow/example_dags/example_branch_operator.py for tasks to queue
[2024-05-21T00:04:31.231+0000] {logging_mixin.py:188} INFO - [2024-05-21T00:04:31.230+0000] {dagbag.py:545} INFO - Filling up the DagBag from /home/airflow/.local/lib/python3.12/site-packages/airflow/example_dags/example_branch_operator.py
[2024-05-21T00:04:31.263+0000] {processor.py:840} INFO - DAG(s) 'example_branch_operator' retrieved from /home/airflow/.local/lib/python3.12/site-packages/airflow/example_dags/example_branch_operator.py
[2024-05-21T00:04:31.310+0000] {logging_mixin.py:188} INFO - [2024-05-21T00:04:31.310+0000] {dag.py:3096} INFO - Sync 1 DAGs
[2024-05-21T00:04:31.352+0000] {logging_mixin.py:188} INFO - [2024-05-21T00:04:31.351+0000] {dag.py:3954} INFO - Setting next_dagrun for example_branch_operator to 2024-05-20 00:00:00+00:00, run_after=2024-05-21 00:00:00+00:00
[2024-05-21T00:04:31.396+0000] {processor.py:183} INFO - Processing /home/airflow/.local/lib/python3.12/site-packages/airflow/example_dags/example_branch_operator.py took 0.180 seconds
[2024-05-21T00:05:02.297+0000] {processor.py:161} INFO - Started process (PID=621) to work on /home/airflow/.local/lib/python3.12/site-packages/airflow/example_dags/example_branch_operator.py
[2024-05-21T00:05:02.299+0000] {processor.py:830} INFO - Processing file /home/airflow/.local/lib/python3.12/site-packages/airflow/example_dags/example_branch_operator.py for tasks to queue
[2024-05-21T00:05:02.305+0000] {logging_mixin.py:188} INFO - [2024-05-21T00:05:02.304+0000] {dagbag.py:545} INFO - Filling up the DagBag from /home/airflow/.local/lib/python3.12/site-packages/airflow/example_dags/example_branch_operator.py
[2024-05-21T00:05:02.333+0000] {processor.py:840} INFO - DAG(s) 'example_branch_operator' retrieved from /home/airflow/.local/lib/python3.12/site-packages/airflow/example_dags/example_branch_operator.py
[2024-05-21T00:05:02.379+0000] {logging_mixin.py:188} INFO - [2024-05-21T00:05:02.379+0000] {dag.py:3096} INFO - Sync 1 DAGs
[2024-05-21T00:05:02.417+0000] {logging_mixin.py:188} INFO - [2024-05-21T00:05:02.417+0000] {dag.py:3954} INFO - Setting next_dagrun for example_branch_operator to 2024-05-20 00:00:00+00:00, run_after=2024-05-21 00:00:00+00:00
[2024-05-21T00:05:02.496+0000] {processor.py:183} INFO - Processing /home/airflow/.local/lib/python3.12/site-packages/airflow/example_dags/example_branch_operator.py took 0.208 seconds
[2024-05-21T00:05:33.458+0000] {processor.py:161} INFO - Started process (PID=685) to work on /home/airflow/.local/lib/python3.12/site-packages/airflow/example_dags/example_branch_operator.py
[2024-05-21T00:05:33.460+0000] {processor.py:830} INFO - Processing file /home/airflow/.local/lib/python3.12/site-packages/airflow/example_dags/example_branch_operator.py for tasks to queue
[2024-05-21T00:05:33.463+0000] {logging_mixin.py:188} INFO - [2024-05-21T00:05:33.463+0000] {dagbag.py:545} INFO - Filling up the DagBag from /home/airflow/.local/lib/python3.12/site-packages/airflow/example_dags/example_branch_operator.py
[2024-05-21T00:05:33.487+0000] {processor.py:840} INFO - DAG(s) 'example_branch_operator' retrieved from /home/airflow/.local/lib/python3.12/site-packages/airflow/example_dags/example_branch_operator.py
[2024-05-21T00:05:33.518+0000] {logging_mixin.py:188} INFO - [2024-05-21T00:05:33.517+0000] {dag.py:3096} INFO - Sync 1 DAGs
[2024-05-21T00:05:33.547+0000] {logging_mixin.py:188} INFO - [2024-05-21T00:05:33.547+0000] {dag.py:3954} INFO - Setting next_dagrun for example_branch_operator to 2024-05-20 00:00:00+00:00, run_after=2024-05-21 00:00:00+00:00
[2024-05-21T00:05:33.574+0000] {processor.py:183} INFO - Processing /home/airflow/.local/lib/python3.12/site-packages/airflow/example_dags/example_branch_operator.py took 0.123 seconds
