[2024-05-21T00:00:21.648+0000] {processor.py:161} INFO - Started process (PID=58) to work on /home/airflow/.local/lib/python3.12/site-packages/airflow/example_dags/example_external_task_marker_dag.py
[2024-05-21T00:00:21.649+0000] {processor.py:830} INFO - Processing file /home/airflow/.local/lib/python3.12/site-packages/airflow/example_dags/example_external_task_marker_dag.py for tasks to queue
[2024-05-21T00:00:21.652+0000] {logging_mixin.py:188} INFO - [2024-05-21T00:00:21.651+0000] {dagbag.py:545} INFO - Filling up the DagBag from /home/airflow/.local/lib/python3.12/site-packages/airflow/example_dags/example_external_task_marker_dag.py
[2024-05-21T00:00:21.660+0000] {processor.py:840} INFO - DAG(s) 'example_external_task_marker_parent', 'example_external_task_marker_child' retrieved from /home/airflow/.local/lib/python3.12/site-packages/airflow/example_dags/example_external_task_marker_dag.py
[2024-05-21T00:00:21.674+0000] {logging_mixin.py:188} INFO - [2024-05-21T00:00:21.673+0000] {dag.py:3096} INFO - Sync 2 DAGs
[2024-05-21T00:00:21.692+0000] {logging_mixin.py:188} INFO - [2024-05-21T00:00:21.692+0000] {dag.py:3954} INFO - Setting next_dagrun for example_external_task_marker_child to None, run_after=None
[2024-05-21T00:00:21.696+0000] {logging_mixin.py:188} INFO - [2024-05-21T00:00:21.696+0000] {dag.py:3954} INFO - Setting next_dagrun for example_external_task_marker_parent to None, run_after=None
[2024-05-21T00:00:21.710+0000] {processor.py:183} INFO - Processing /home/airflow/.local/lib/python3.12/site-packages/airflow/example_dags/example_external_task_marker_dag.py took 0.069 seconds
[2024-05-21T00:00:54.291+0000] {processor.py:161} INFO - Started process (PID=122) to work on /home/airflow/.local/lib/python3.12/site-packages/airflow/example_dags/example_external_task_marker_dag.py
[2024-05-21T00:00:54.292+0000] {processor.py:830} INFO - Processing file /home/airflow/.local/lib/python3.12/site-packages/airflow/example_dags/example_external_task_marker_dag.py for tasks to queue
[2024-05-21T00:00:54.294+0000] {logging_mixin.py:188} INFO - [2024-05-21T00:00:54.294+0000] {dagbag.py:545} INFO - Filling up the DagBag from /home/airflow/.local/lib/python3.12/site-packages/airflow/example_dags/example_external_task_marker_dag.py
[2024-05-21T00:00:54.300+0000] {processor.py:840} INFO - DAG(s) 'example_external_task_marker_child', 'example_external_task_marker_parent' retrieved from /home/airflow/.local/lib/python3.12/site-packages/airflow/example_dags/example_external_task_marker_dag.py
[2024-05-21T00:00:54.410+0000] {logging_mixin.py:188} INFO - [2024-05-21T00:00:54.409+0000] {dag.py:3096} INFO - Sync 2 DAGs
[2024-05-21T00:00:54.421+0000] {logging_mixin.py:188} INFO - [2024-05-21T00:00:54.421+0000] {dag.py:3954} INFO - Setting next_dagrun for example_external_task_marker_child to None, run_after=None
[2024-05-21T00:00:54.424+0000] {logging_mixin.py:188} INFO - [2024-05-21T00:00:54.424+0000] {dag.py:3954} INFO - Setting next_dagrun for example_external_task_marker_parent to None, run_after=None
[2024-05-21T00:00:54.440+0000] {processor.py:183} INFO - Processing /home/airflow/.local/lib/python3.12/site-packages/airflow/example_dags/example_external_task_marker_dag.py took 0.154 seconds
[2024-05-21T00:01:25.191+0000] {processor.py:161} INFO - Started process (PID=182) to work on /home/airflow/.local/lib/python3.12/site-packages/airflow/example_dags/example_external_task_marker_dag.py
[2024-05-21T00:01:25.192+0000] {processor.py:830} INFO - Processing file /home/airflow/.local/lib/python3.12/site-packages/airflow/example_dags/example_external_task_marker_dag.py for tasks to queue
[2024-05-21T00:01:25.195+0000] {logging_mixin.py:188} INFO - [2024-05-21T00:01:25.195+0000] {dagbag.py:545} INFO - Filling up the DagBag from /home/airflow/.local/lib/python3.12/site-packages/airflow/example_dags/example_external_task_marker_dag.py
[2024-05-21T00:01:25.204+0000] {processor.py:840} INFO - DAG(s) 'example_external_task_marker_child', 'example_external_task_marker_parent' retrieved from /home/airflow/.local/lib/python3.12/site-packages/airflow/example_dags/example_external_task_marker_dag.py
[2024-05-21T00:01:25.237+0000] {logging_mixin.py:188} INFO - [2024-05-21T00:01:25.236+0000] {dag.py:3096} INFO - Sync 2 DAGs
[2024-05-21T00:01:25.256+0000] {logging_mixin.py:188} INFO - [2024-05-21T00:01:25.256+0000] {dag.py:3954} INFO - Setting next_dagrun for example_external_task_marker_child to None, run_after=None
[2024-05-21T00:01:25.263+0000] {logging_mixin.py:188} INFO - [2024-05-21T00:01:25.263+0000] {dag.py:3954} INFO - Setting next_dagrun for example_external_task_marker_parent to None, run_after=None
[2024-05-21T00:01:25.282+0000] {processor.py:183} INFO - Processing /home/airflow/.local/lib/python3.12/site-packages/airflow/example_dags/example_external_task_marker_dag.py took 0.099 seconds
[2024-05-21T00:01:56.268+0000] {processor.py:161} INFO - Started process (PID=241) to work on /home/airflow/.local/lib/python3.12/site-packages/airflow/example_dags/example_external_task_marker_dag.py
[2024-05-21T00:01:56.270+0000] {processor.py:830} INFO - Processing file /home/airflow/.local/lib/python3.12/site-packages/airflow/example_dags/example_external_task_marker_dag.py for tasks to queue
[2024-05-21T00:01:56.275+0000] {logging_mixin.py:188} INFO - [2024-05-21T00:01:56.274+0000] {dagbag.py:545} INFO - Filling up the DagBag from /home/airflow/.local/lib/python3.12/site-packages/airflow/example_dags/example_external_task_marker_dag.py
[2024-05-21T00:01:56.289+0000] {processor.py:840} INFO - DAG(s) 'example_external_task_marker_child', 'example_external_task_marker_parent' retrieved from /home/airflow/.local/lib/python3.12/site-packages/airflow/example_dags/example_external_task_marker_dag.py
[2024-05-21T00:01:56.346+0000] {logging_mixin.py:188} INFO - [2024-05-21T00:01:56.345+0000] {dag.py:3096} INFO - Sync 2 DAGs
[2024-05-21T00:01:56.381+0000] {logging_mixin.py:188} INFO - [2024-05-21T00:01:56.380+0000] {dag.py:3954} INFO - Setting next_dagrun for example_external_task_marker_child to None, run_after=None
[2024-05-21T00:01:56.394+0000] {logging_mixin.py:188} INFO - [2024-05-21T00:01:56.393+0000] {dag.py:3954} INFO - Setting next_dagrun for example_external_task_marker_parent to None, run_after=None
[2024-05-21T00:01:56.437+0000] {processor.py:183} INFO - Processing /home/airflow/.local/lib/python3.12/site-packages/airflow/example_dags/example_external_task_marker_dag.py took 0.196 seconds
[2024-05-21T00:02:27.170+0000] {processor.py:161} INFO - Started process (PID=301) to work on /home/airflow/.local/lib/python3.12/site-packages/airflow/example_dags/example_external_task_marker_dag.py
[2024-05-21T00:02:27.171+0000] {processor.py:830} INFO - Processing file /home/airflow/.local/lib/python3.12/site-packages/airflow/example_dags/example_external_task_marker_dag.py for tasks to queue
[2024-05-21T00:02:27.172+0000] {logging_mixin.py:188} INFO - [2024-05-21T00:02:27.172+0000] {dagbag.py:545} INFO - Filling up the DagBag from /home/airflow/.local/lib/python3.12/site-packages/airflow/example_dags/example_external_task_marker_dag.py
[2024-05-21T00:02:27.178+0000] {processor.py:840} INFO - DAG(s) 'example_external_task_marker_parent', 'example_external_task_marker_child' retrieved from /home/airflow/.local/lib/python3.12/site-packages/airflow/example_dags/example_external_task_marker_dag.py
[2024-05-21T00:02:27.197+0000] {logging_mixin.py:188} INFO - [2024-05-21T00:02:27.197+0000] {dag.py:3096} INFO - Sync 2 DAGs
[2024-05-21T00:02:27.209+0000] {logging_mixin.py:188} INFO - [2024-05-21T00:02:27.209+0000] {dag.py:3954} INFO - Setting next_dagrun for example_external_task_marker_child to None, run_after=None
[2024-05-21T00:02:27.213+0000] {logging_mixin.py:188} INFO - [2024-05-21T00:02:27.213+0000] {dag.py:3954} INFO - Setting next_dagrun for example_external_task_marker_parent to None, run_after=None
[2024-05-21T00:02:27.230+0000] {processor.py:183} INFO - Processing /home/airflow/.local/lib/python3.12/site-packages/airflow/example_dags/example_external_task_marker_dag.py took 0.065 seconds
[2024-05-21T00:02:57.348+0000] {processor.py:161} INFO - Started process (PID=363) to work on /home/airflow/.local/lib/python3.12/site-packages/airflow/example_dags/example_external_task_marker_dag.py
[2024-05-21T00:02:57.349+0000] {processor.py:830} INFO - Processing file /home/airflow/.local/lib/python3.12/site-packages/airflow/example_dags/example_external_task_marker_dag.py for tasks to queue
[2024-05-21T00:02:57.351+0000] {logging_mixin.py:188} INFO - [2024-05-21T00:02:57.350+0000] {dagbag.py:545} INFO - Filling up the DagBag from /home/airflow/.local/lib/python3.12/site-packages/airflow/example_dags/example_external_task_marker_dag.py
[2024-05-21T00:02:57.358+0000] {processor.py:840} INFO - DAG(s) 'example_external_task_marker_child', 'example_external_task_marker_parent' retrieved from /home/airflow/.local/lib/python3.12/site-packages/airflow/example_dags/example_external_task_marker_dag.py
[2024-05-21T00:02:57.388+0000] {logging_mixin.py:188} INFO - [2024-05-21T00:02:57.387+0000] {dag.py:3096} INFO - Sync 2 DAGs
[2024-05-21T00:02:57.404+0000] {logging_mixin.py:188} INFO - [2024-05-21T00:02:57.404+0000] {dag.py:3954} INFO - Setting next_dagrun for example_external_task_marker_child to None, run_after=None
[2024-05-21T00:02:57.409+0000] {logging_mixin.py:188} INFO - [2024-05-21T00:02:57.409+0000] {dag.py:3954} INFO - Setting next_dagrun for example_external_task_marker_parent to None, run_after=None
[2024-05-21T00:02:57.425+0000] {processor.py:183} INFO - Processing /home/airflow/.local/lib/python3.12/site-packages/airflow/example_dags/example_external_task_marker_dag.py took 0.083 seconds
[2024-05-21T00:03:27.504+0000] {processor.py:161} INFO - Started process (PID=433) to work on /home/airflow/.local/lib/python3.12/site-packages/airflow/example_dags/example_external_task_marker_dag.py
[2024-05-21T00:03:27.505+0000] {processor.py:830} INFO - Processing file /home/airflow/.local/lib/python3.12/site-packages/airflow/example_dags/example_external_task_marker_dag.py for tasks to queue
[2024-05-21T00:03:27.508+0000] {logging_mixin.py:188} INFO - [2024-05-21T00:03:27.507+0000] {dagbag.py:545} INFO - Filling up the DagBag from /home/airflow/.local/lib/python3.12/site-packages/airflow/example_dags/example_external_task_marker_dag.py
[2024-05-21T00:03:27.515+0000] {processor.py:840} INFO - DAG(s) 'example_external_task_marker_parent', 'example_external_task_marker_child' retrieved from /home/airflow/.local/lib/python3.12/site-packages/airflow/example_dags/example_external_task_marker_dag.py
[2024-05-21T00:03:27.542+0000] {logging_mixin.py:188} INFO - [2024-05-21T00:03:27.542+0000] {dag.py:3096} INFO - Sync 2 DAGs
[2024-05-21T00:03:27.556+0000] {logging_mixin.py:188} INFO - [2024-05-21T00:03:27.556+0000] {dag.py:3954} INFO - Setting next_dagrun for example_external_task_marker_child to None, run_after=None
[2024-05-21T00:03:27.562+0000] {logging_mixin.py:188} INFO - [2024-05-21T00:03:27.561+0000] {dag.py:3954} INFO - Setting next_dagrun for example_external_task_marker_parent to None, run_after=None
[2024-05-21T00:03:27.582+0000] {processor.py:183} INFO - Processing /home/airflow/.local/lib/python3.12/site-packages/airflow/example_dags/example_external_task_marker_dag.py took 0.084 seconds
[2024-05-21T00:03:58.329+0000] {processor.py:161} INFO - Started process (PID=493) to work on /home/airflow/.local/lib/python3.12/site-packages/airflow/example_dags/example_external_task_marker_dag.py
[2024-05-21T00:03:58.330+0000] {processor.py:830} INFO - Processing file /home/airflow/.local/lib/python3.12/site-packages/airflow/example_dags/example_external_task_marker_dag.py for tasks to queue
[2024-05-21T00:03:58.332+0000] {logging_mixin.py:188} INFO - [2024-05-21T00:03:58.331+0000] {dagbag.py:545} INFO - Filling up the DagBag from /home/airflow/.local/lib/python3.12/site-packages/airflow/example_dags/example_external_task_marker_dag.py
[2024-05-21T00:03:58.337+0000] {processor.py:840} INFO - DAG(s) 'example_external_task_marker_parent', 'example_external_task_marker_child' retrieved from /home/airflow/.local/lib/python3.12/site-packages/airflow/example_dags/example_external_task_marker_dag.py
[2024-05-21T00:03:58.358+0000] {logging_mixin.py:188} INFO - [2024-05-21T00:03:58.357+0000] {dag.py:3096} INFO - Sync 2 DAGs
[2024-05-21T00:03:58.370+0000] {logging_mixin.py:188} INFO - [2024-05-21T00:03:58.369+0000] {dag.py:3954} INFO - Setting next_dagrun for example_external_task_marker_child to None, run_after=None
[2024-05-21T00:03:58.373+0000] {logging_mixin.py:188} INFO - [2024-05-21T00:03:58.373+0000] {dag.py:3954} INFO - Setting next_dagrun for example_external_task_marker_parent to None, run_after=None
[2024-05-21T00:03:58.388+0000] {processor.py:183} INFO - Processing /home/airflow/.local/lib/python3.12/site-packages/airflow/example_dags/example_external_task_marker_dag.py took 0.065 seconds
[2024-05-21T00:04:29.359+0000] {processor.py:161} INFO - Started process (PID=552) to work on /home/airflow/.local/lib/python3.12/site-packages/airflow/example_dags/example_external_task_marker_dag.py
[2024-05-21T00:04:29.361+0000] {processor.py:830} INFO - Processing file /home/airflow/.local/lib/python3.12/site-packages/airflow/example_dags/example_external_task_marker_dag.py for tasks to queue
[2024-05-21T00:04:29.364+0000] {logging_mixin.py:188} INFO - [2024-05-21T00:04:29.363+0000] {dagbag.py:545} INFO - Filling up the DagBag from /home/airflow/.local/lib/python3.12/site-packages/airflow/example_dags/example_external_task_marker_dag.py
[2024-05-21T00:04:29.372+0000] {processor.py:840} INFO - DAG(s) 'example_external_task_marker_child', 'example_external_task_marker_parent' retrieved from /home/airflow/.local/lib/python3.12/site-packages/airflow/example_dags/example_external_task_marker_dag.py
[2024-05-21T00:04:29.399+0000] {logging_mixin.py:188} INFO - [2024-05-21T00:04:29.398+0000] {dag.py:3096} INFO - Sync 2 DAGs
[2024-05-21T00:04:29.415+0000] {logging_mixin.py:188} INFO - [2024-05-21T00:04:29.414+0000] {dag.py:3954} INFO - Setting next_dagrun for example_external_task_marker_child to None, run_after=None
[2024-05-21T00:04:29.419+0000] {logging_mixin.py:188} INFO - [2024-05-21T00:04:29.419+0000] {dag.py:3954} INFO - Setting next_dagrun for example_external_task_marker_parent to None, run_after=None
[2024-05-21T00:04:29.438+0000] {processor.py:183} INFO - Processing /home/airflow/.local/lib/python3.12/site-packages/airflow/example_dags/example_external_task_marker_dag.py took 0.084 seconds
[2024-05-21T00:04:59.675+0000] {processor.py:161} INFO - Started process (PID=612) to work on /home/airflow/.local/lib/python3.12/site-packages/airflow/example_dags/example_external_task_marker_dag.py
[2024-05-21T00:04:59.676+0000] {processor.py:830} INFO - Processing file /home/airflow/.local/lib/python3.12/site-packages/airflow/example_dags/example_external_task_marker_dag.py for tasks to queue
[2024-05-21T00:04:59.677+0000] {logging_mixin.py:188} INFO - [2024-05-21T00:04:59.677+0000] {dagbag.py:545} INFO - Filling up the DagBag from /home/airflow/.local/lib/python3.12/site-packages/airflow/example_dags/example_external_task_marker_dag.py
[2024-05-21T00:04:59.683+0000] {processor.py:840} INFO - DAG(s) 'example_external_task_marker_parent', 'example_external_task_marker_child' retrieved from /home/airflow/.local/lib/python3.12/site-packages/airflow/example_dags/example_external_task_marker_dag.py
[2024-05-21T00:04:59.709+0000] {logging_mixin.py:188} INFO - [2024-05-21T00:04:59.708+0000] {dag.py:3096} INFO - Sync 2 DAGs
[2024-05-21T00:04:59.721+0000] {logging_mixin.py:188} INFO - [2024-05-21T00:04:59.721+0000] {dag.py:3954} INFO - Setting next_dagrun for example_external_task_marker_child to None, run_after=None
[2024-05-21T00:04:59.725+0000] {logging_mixin.py:188} INFO - [2024-05-21T00:04:59.725+0000] {dag.py:3954} INFO - Setting next_dagrun for example_external_task_marker_parent to None, run_after=None
[2024-05-21T00:04:59.756+0000] {processor.py:183} INFO - Processing /home/airflow/.local/lib/python3.12/site-packages/airflow/example_dags/example_external_task_marker_dag.py took 0.086 seconds
[2024-05-21T00:05:29.945+0000] {processor.py:161} INFO - Started process (PID=676) to work on /home/airflow/.local/lib/python3.12/site-packages/airflow/example_dags/example_external_task_marker_dag.py
[2024-05-21T00:05:29.946+0000] {processor.py:830} INFO - Processing file /home/airflow/.local/lib/python3.12/site-packages/airflow/example_dags/example_external_task_marker_dag.py for tasks to queue
[2024-05-21T00:05:29.947+0000] {logging_mixin.py:188} INFO - [2024-05-21T00:05:29.947+0000] {dagbag.py:545} INFO - Filling up the DagBag from /home/airflow/.local/lib/python3.12/site-packages/airflow/example_dags/example_external_task_marker_dag.py
[2024-05-21T00:05:29.953+0000] {processor.py:840} INFO - DAG(s) 'example_external_task_marker_parent', 'example_external_task_marker_child' retrieved from /home/airflow/.local/lib/python3.12/site-packages/airflow/example_dags/example_external_task_marker_dag.py
[2024-05-21T00:05:29.972+0000] {logging_mixin.py:188} INFO - [2024-05-21T00:05:29.972+0000] {dag.py:3096} INFO - Sync 2 DAGs
[2024-05-21T00:05:29.984+0000] {logging_mixin.py:188} INFO - [2024-05-21T00:05:29.984+0000] {dag.py:3954} INFO - Setting next_dagrun for example_external_task_marker_child to None, run_after=None
[2024-05-21T00:05:29.988+0000] {logging_mixin.py:188} INFO - [2024-05-21T00:05:29.987+0000] {dag.py:3954} INFO - Setting next_dagrun for example_external_task_marker_parent to None, run_after=None
[2024-05-21T00:05:30.002+0000] {processor.py:183} INFO - Processing /home/airflow/.local/lib/python3.12/site-packages/airflow/example_dags/example_external_task_marker_dag.py took 0.062 seconds
