[2024-05-21T00:00:22.133+0000] {processor.py:161} INFO - Started process (PID=68) to work on /home/airflow/.local/lib/python3.12/site-packages/airflow/example_dags/example_branch_python_dop_operator_3.py
[2024-05-21T00:00:22.134+0000] {processor.py:830} INFO - Processing file /home/airflow/.local/lib/python3.12/site-packages/airflow/example_dags/example_branch_python_dop_operator_3.py for tasks to queue
[2024-05-21T00:00:22.137+0000] {logging_mixin.py:188} INFO - [2024-05-21T00:00:22.136+0000] {dagbag.py:545} INFO - Filling up the DagBag from /home/airflow/.local/lib/python3.12/site-packages/airflow/example_dags/example_branch_python_dop_operator_3.py
[2024-05-21T00:00:22.148+0000] {processor.py:840} INFO - DAG(s) 'example_branch_dop_operator_v3' retrieved from /home/airflow/.local/lib/python3.12/site-packages/airflow/example_dags/example_branch_python_dop_operator_3.py
[2024-05-21T00:00:22.160+0000] {logging_mixin.py:188} INFO - [2024-05-21T00:00:22.160+0000] {dag.py:3096} INFO - Sync 1 DAGs
[2024-05-21T00:00:22.193+0000] {logging_mixin.py:188} INFO - [2024-05-21T00:00:22.193+0000] {dag.py:3954} INFO - Setting next_dagrun for example_branch_dop_operator_v3 to 2024-05-20 23:59:00+00:00, run_after=2024-05-21 00:00:00+00:00
[2024-05-21T00:00:22.212+0000] {processor.py:183} INFO - Processing /home/airflow/.local/lib/python3.12/site-packages/airflow/example_dags/example_branch_python_dop_operator_3.py took 0.086 seconds
[2024-05-21T00:00:55.153+0000] {processor.py:161} INFO - Started process (PID=132) to work on /home/airflow/.local/lib/python3.12/site-packages/airflow/example_dags/example_branch_python_dop_operator_3.py
[2024-05-21T00:00:55.154+0000] {processor.py:830} INFO - Processing file /home/airflow/.local/lib/python3.12/site-packages/airflow/example_dags/example_branch_python_dop_operator_3.py for tasks to queue
[2024-05-21T00:00:55.157+0000] {logging_mixin.py:188} INFO - [2024-05-21T00:00:55.156+0000] {dagbag.py:545} INFO - Filling up the DagBag from /home/airflow/.local/lib/python3.12/site-packages/airflow/example_dags/example_branch_python_dop_operator_3.py
[2024-05-21T00:00:55.168+0000] {processor.py:840} INFO - DAG(s) 'example_branch_dop_operator_v3' retrieved from /home/airflow/.local/lib/python3.12/site-packages/airflow/example_dags/example_branch_python_dop_operator_3.py
[2024-05-21T00:00:55.283+0000] {logging_mixin.py:188} INFO - [2024-05-21T00:00:55.283+0000] {dag.py:3096} INFO - Sync 1 DAGs
[2024-05-21T00:00:55.316+0000] {logging_mixin.py:188} INFO - [2024-05-21T00:00:55.316+0000] {dag.py:3954} INFO - Setting next_dagrun for example_branch_dop_operator_v3 to 2024-05-20 23:59:00+00:00, run_after=2024-05-21 00:00:00+00:00
[2024-05-21T00:00:55.343+0000] {processor.py:183} INFO - Processing /home/airflow/.local/lib/python3.12/site-packages/airflow/example_dags/example_branch_python_dop_operator_3.py took 0.194 seconds
[2024-05-21T00:01:25.949+0000] {processor.py:161} INFO - Started process (PID=192) to work on /home/airflow/.local/lib/python3.12/site-packages/airflow/example_dags/example_branch_python_dop_operator_3.py
[2024-05-21T00:01:25.951+0000] {processor.py:830} INFO - Processing file /home/airflow/.local/lib/python3.12/site-packages/airflow/example_dags/example_branch_python_dop_operator_3.py for tasks to queue
[2024-05-21T00:01:25.954+0000] {logging_mixin.py:188} INFO - [2024-05-21T00:01:25.954+0000] {dagbag.py:545} INFO - Filling up the DagBag from /home/airflow/.local/lib/python3.12/site-packages/airflow/example_dags/example_branch_python_dop_operator_3.py
[2024-05-21T00:01:25.971+0000] {processor.py:840} INFO - DAG(s) 'example_branch_dop_operator_v3' retrieved from /home/airflow/.local/lib/python3.12/site-packages/airflow/example_dags/example_branch_python_dop_operator_3.py
[2024-05-21T00:01:26.014+0000] {logging_mixin.py:188} INFO - [2024-05-21T00:01:26.013+0000] {dag.py:3096} INFO - Sync 1 DAGs
[2024-05-21T00:01:26.064+0000] {logging_mixin.py:188} INFO - [2024-05-21T00:01:26.064+0000] {dag.py:3954} INFO - Setting next_dagrun for example_branch_dop_operator_v3 to 2024-05-21 00:00:00+00:00, run_after=2024-05-21 00:01:00+00:00
[2024-05-21T00:01:26.115+0000] {processor.py:183} INFO - Processing /home/airflow/.local/lib/python3.12/site-packages/airflow/example_dags/example_branch_python_dop_operator_3.py took 0.175 seconds
[2024-05-21T00:01:57.355+0000] {processor.py:161} INFO - Started process (PID=251) to work on /home/airflow/.local/lib/python3.12/site-packages/airflow/example_dags/example_branch_python_dop_operator_3.py
[2024-05-21T00:01:57.356+0000] {processor.py:830} INFO - Processing file /home/airflow/.local/lib/python3.12/site-packages/airflow/example_dags/example_branch_python_dop_operator_3.py for tasks to queue
[2024-05-21T00:01:57.360+0000] {logging_mixin.py:188} INFO - [2024-05-21T00:01:57.359+0000] {dagbag.py:545} INFO - Filling up the DagBag from /home/airflow/.local/lib/python3.12/site-packages/airflow/example_dags/example_branch_python_dop_operator_3.py
[2024-05-21T00:01:57.373+0000] {processor.py:840} INFO - DAG(s) 'example_branch_dop_operator_v3' retrieved from /home/airflow/.local/lib/python3.12/site-packages/airflow/example_dags/example_branch_python_dop_operator_3.py
[2024-05-21T00:01:57.409+0000] {logging_mixin.py:188} INFO - [2024-05-21T00:01:57.408+0000] {dag.py:3096} INFO - Sync 1 DAGs
[2024-05-21T00:01:57.449+0000] {logging_mixin.py:188} INFO - [2024-05-21T00:01:57.449+0000] {dag.py:3954} INFO - Setting next_dagrun for example_branch_dop_operator_v3 to 2024-05-21 00:00:00+00:00, run_after=2024-05-21 00:01:00+00:00
[2024-05-21T00:01:57.483+0000] {processor.py:183} INFO - Processing /home/airflow/.local/lib/python3.12/site-packages/airflow/example_dags/example_branch_python_dop_operator_3.py took 0.139 seconds
[2024-05-21T00:02:27.598+0000] {processor.py:161} INFO - Started process (PID=311) to work on /home/airflow/.local/lib/python3.12/site-packages/airflow/example_dags/example_branch_python_dop_operator_3.py
[2024-05-21T00:02:27.599+0000] {processor.py:830} INFO - Processing file /home/airflow/.local/lib/python3.12/site-packages/airflow/example_dags/example_branch_python_dop_operator_3.py for tasks to queue
[2024-05-21T00:02:27.601+0000] {logging_mixin.py:188} INFO - [2024-05-21T00:02:27.601+0000] {dagbag.py:545} INFO - Filling up the DagBag from /home/airflow/.local/lib/python3.12/site-packages/airflow/example_dags/example_branch_python_dop_operator_3.py
[2024-05-21T00:02:27.609+0000] {processor.py:840} INFO - DAG(s) 'example_branch_dop_operator_v3' retrieved from /home/airflow/.local/lib/python3.12/site-packages/airflow/example_dags/example_branch_python_dop_operator_3.py
[2024-05-21T00:02:27.627+0000] {logging_mixin.py:188} INFO - [2024-05-21T00:02:27.627+0000] {dag.py:3096} INFO - Sync 1 DAGs
[2024-05-21T00:02:27.649+0000] {logging_mixin.py:188} INFO - [2024-05-21T00:02:27.649+0000] {dag.py:3954} INFO - Setting next_dagrun for example_branch_dop_operator_v3 to 2024-05-21 00:01:00+00:00, run_after=2024-05-21 00:02:00+00:00
[2024-05-21T00:02:27.670+0000] {processor.py:183} INFO - Processing /home/airflow/.local/lib/python3.12/site-packages/airflow/example_dags/example_branch_python_dop_operator_3.py took 0.077 seconds
[2024-05-21T00:02:58.188+0000] {processor.py:161} INFO - Started process (PID=373) to work on /home/airflow/.local/lib/python3.12/site-packages/airflow/example_dags/example_branch_python_dop_operator_3.py
[2024-05-21T00:02:58.189+0000] {processor.py:830} INFO - Processing file /home/airflow/.local/lib/python3.12/site-packages/airflow/example_dags/example_branch_python_dop_operator_3.py for tasks to queue
[2024-05-21T00:02:58.191+0000] {logging_mixin.py:188} INFO - [2024-05-21T00:02:58.190+0000] {dagbag.py:545} INFO - Filling up the DagBag from /home/airflow/.local/lib/python3.12/site-packages/airflow/example_dags/example_branch_python_dop_operator_3.py
[2024-05-21T00:02:58.199+0000] {processor.py:840} INFO - DAG(s) 'example_branch_dop_operator_v3' retrieved from /home/airflow/.local/lib/python3.12/site-packages/airflow/example_dags/example_branch_python_dop_operator_3.py
[2024-05-21T00:02:58.218+0000] {logging_mixin.py:188} INFO - [2024-05-21T00:02:58.218+0000] {dag.py:3096} INFO - Sync 1 DAGs
[2024-05-21T00:02:58.240+0000] {logging_mixin.py:188} INFO - [2024-05-21T00:02:58.239+0000] {dag.py:3954} INFO - Setting next_dagrun for example_branch_dop_operator_v3 to 2024-05-21 00:01:00+00:00, run_after=2024-05-21 00:02:00+00:00
[2024-05-21T00:02:58.254+0000] {processor.py:183} INFO - Processing /home/airflow/.local/lib/python3.12/site-packages/airflow/example_dags/example_branch_python_dop_operator_3.py took 0.071 seconds
[2024-05-21T00:03:29.085+0000] {processor.py:161} INFO - Started process (PID=443) to work on /home/airflow/.local/lib/python3.12/site-packages/airflow/example_dags/example_branch_python_dop_operator_3.py
[2024-05-21T00:03:29.085+0000] {processor.py:830} INFO - Processing file /home/airflow/.local/lib/python3.12/site-packages/airflow/example_dags/example_branch_python_dop_operator_3.py for tasks to queue
[2024-05-21T00:03:29.087+0000] {logging_mixin.py:188} INFO - [2024-05-21T00:03:29.087+0000] {dagbag.py:545} INFO - Filling up the DagBag from /home/airflow/.local/lib/python3.12/site-packages/airflow/example_dags/example_branch_python_dop_operator_3.py
[2024-05-21T00:03:29.095+0000] {processor.py:840} INFO - DAG(s) 'example_branch_dop_operator_v3' retrieved from /home/airflow/.local/lib/python3.12/site-packages/airflow/example_dags/example_branch_python_dop_operator_3.py
[2024-05-21T00:03:29.112+0000] {logging_mixin.py:188} INFO - [2024-05-21T00:03:29.111+0000] {dag.py:3096} INFO - Sync 1 DAGs
[2024-05-21T00:03:29.131+0000] {logging_mixin.py:188} INFO - [2024-05-21T00:03:29.131+0000] {dag.py:3954} INFO - Setting next_dagrun for example_branch_dop_operator_v3 to 2024-05-21 00:02:00+00:00, run_after=2024-05-21 00:03:00+00:00
[2024-05-21T00:03:29.146+0000] {processor.py:183} INFO - Processing /home/airflow/.local/lib/python3.12/site-packages/airflow/example_dags/example_branch_python_dop_operator_3.py took 0.066 seconds
[2024-05-21T00:04:00.421+0000] {processor.py:161} INFO - Started process (PID=503) to work on /home/airflow/.local/lib/python3.12/site-packages/airflow/example_dags/example_branch_python_dop_operator_3.py
[2024-05-21T00:04:00.423+0000] {processor.py:830} INFO - Processing file /home/airflow/.local/lib/python3.12/site-packages/airflow/example_dags/example_branch_python_dop_operator_3.py for tasks to queue
[2024-05-21T00:04:00.430+0000] {logging_mixin.py:188} INFO - [2024-05-21T00:04:00.429+0000] {dagbag.py:545} INFO - Filling up the DagBag from /home/airflow/.local/lib/python3.12/site-packages/airflow/example_dags/example_branch_python_dop_operator_3.py
[2024-05-21T00:04:00.444+0000] {processor.py:840} INFO - DAG(s) 'example_branch_dop_operator_v3' retrieved from /home/airflow/.local/lib/python3.12/site-packages/airflow/example_dags/example_branch_python_dop_operator_3.py
[2024-05-21T00:04:00.495+0000] {logging_mixin.py:188} INFO - [2024-05-21T00:04:00.494+0000] {dag.py:3096} INFO - Sync 1 DAGs
[2024-05-21T00:04:00.539+0000] {logging_mixin.py:188} INFO - [2024-05-21T00:04:00.538+0000] {dag.py:3954} INFO - Setting next_dagrun for example_branch_dop_operator_v3 to 2024-05-21 00:03:00+00:00, run_after=2024-05-21 00:04:00+00:00
[2024-05-21T00:04:00.591+0000] {processor.py:183} INFO - Processing /home/airflow/.local/lib/python3.12/site-packages/airflow/example_dags/example_branch_python_dop_operator_3.py took 0.179 seconds
[2024-05-21T00:04:31.460+0000] {processor.py:161} INFO - Started process (PID=562) to work on /home/airflow/.local/lib/python3.12/site-packages/airflow/example_dags/example_branch_python_dop_operator_3.py
[2024-05-21T00:04:31.461+0000] {processor.py:830} INFO - Processing file /home/airflow/.local/lib/python3.12/site-packages/airflow/example_dags/example_branch_python_dop_operator_3.py for tasks to queue
[2024-05-21T00:04:31.465+0000] {logging_mixin.py:188} INFO - [2024-05-21T00:04:31.464+0000] {dagbag.py:545} INFO - Filling up the DagBag from /home/airflow/.local/lib/python3.12/site-packages/airflow/example_dags/example_branch_python_dop_operator_3.py
[2024-05-21T00:04:31.475+0000] {processor.py:840} INFO - DAG(s) 'example_branch_dop_operator_v3' retrieved from /home/airflow/.local/lib/python3.12/site-packages/airflow/example_dags/example_branch_python_dop_operator_3.py
[2024-05-21T00:04:31.511+0000] {logging_mixin.py:188} INFO - [2024-05-21T00:04:31.510+0000] {dag.py:3096} INFO - Sync 1 DAGs
[2024-05-21T00:04:31.552+0000] {logging_mixin.py:188} INFO - [2024-05-21T00:04:31.551+0000] {dag.py:3954} INFO - Setting next_dagrun for example_branch_dop_operator_v3 to 2024-05-21 00:03:00+00:00, run_after=2024-05-21 00:04:00+00:00
[2024-05-21T00:04:31.578+0000] {processor.py:183} INFO - Processing /home/airflow/.local/lib/python3.12/site-packages/airflow/example_dags/example_branch_python_dop_operator_3.py took 0.135 seconds
[2024-05-21T00:05:02.306+0000] {processor.py:161} INFO - Started process (PID=622) to work on /home/airflow/.local/lib/python3.12/site-packages/airflow/example_dags/example_branch_python_dop_operator_3.py
[2024-05-21T00:05:02.308+0000] {processor.py:830} INFO - Processing file /home/airflow/.local/lib/python3.12/site-packages/airflow/example_dags/example_branch_python_dop_operator_3.py for tasks to queue
[2024-05-21T00:05:02.311+0000] {logging_mixin.py:188} INFO - [2024-05-21T00:05:02.310+0000] {dagbag.py:545} INFO - Filling up the DagBag from /home/airflow/.local/lib/python3.12/site-packages/airflow/example_dags/example_branch_python_dop_operator_3.py
[2024-05-21T00:05:02.326+0000] {processor.py:840} INFO - DAG(s) 'example_branch_dop_operator_v3' retrieved from /home/airflow/.local/lib/python3.12/site-packages/airflow/example_dags/example_branch_python_dop_operator_3.py
[2024-05-21T00:05:02.371+0000] {logging_mixin.py:188} INFO - [2024-05-21T00:05:02.370+0000] {dag.py:3096} INFO - Sync 1 DAGs
[2024-05-21T00:05:02.417+0000] {logging_mixin.py:188} INFO - [2024-05-21T00:05:02.417+0000] {dag.py:3954} INFO - Setting next_dagrun for example_branch_dop_operator_v3 to 2024-05-21 00:04:00+00:00, run_after=2024-05-21 00:05:00+00:00
[2024-05-21T00:05:02.496+0000] {processor.py:183} INFO - Processing /home/airflow/.local/lib/python3.12/site-packages/airflow/example_dags/example_branch_python_dop_operator_3.py took 0.199 seconds
[2024-05-21T00:05:33.467+0000] {processor.py:161} INFO - Started process (PID=686) to work on /home/airflow/.local/lib/python3.12/site-packages/airflow/example_dags/example_branch_python_dop_operator_3.py
[2024-05-21T00:05:33.469+0000] {processor.py:830} INFO - Processing file /home/airflow/.local/lib/python3.12/site-packages/airflow/example_dags/example_branch_python_dop_operator_3.py for tasks to queue
[2024-05-21T00:05:33.472+0000] {logging_mixin.py:188} INFO - [2024-05-21T00:05:33.471+0000] {dagbag.py:545} INFO - Filling up the DagBag from /home/airflow/.local/lib/python3.12/site-packages/airflow/example_dags/example_branch_python_dop_operator_3.py
[2024-05-21T00:05:33.482+0000] {processor.py:840} INFO - DAG(s) 'example_branch_dop_operator_v3' retrieved from /home/airflow/.local/lib/python3.12/site-packages/airflow/example_dags/example_branch_python_dop_operator_3.py
[2024-05-21T00:05:33.507+0000] {logging_mixin.py:188} INFO - [2024-05-21T00:05:33.506+0000] {dag.py:3096} INFO - Sync 1 DAGs
[2024-05-21T00:05:33.545+0000] {logging_mixin.py:188} INFO - [2024-05-21T00:05:33.545+0000] {dag.py:3954} INFO - Setting next_dagrun for example_branch_dop_operator_v3 to 2024-05-21 00:04:00+00:00, run_after=2024-05-21 00:05:00+00:00
[2024-05-21T00:05:33.572+0000] {processor.py:183} INFO - Processing /home/airflow/.local/lib/python3.12/site-packages/airflow/example_dags/example_branch_python_dop_operator_3.py took 0.112 seconds
