[2024-05-21T00:00:19.962+0000] {processor.py:161} INFO - Started process (PID=37) to work on /home/airflow/.local/lib/python3.12/site-packages/airflow/example_dags/example_datasets.py
[2024-05-21T00:00:19.963+0000] {processor.py:830} INFO - Processing file /home/airflow/.local/lib/python3.12/site-packages/airflow/example_dags/example_datasets.py for tasks to queue
[2024-05-21T00:00:19.965+0000] {logging_mixin.py:188} INFO - [2024-05-21T00:00:19.964+0000] {dagbag.py:545} INFO - Filling up the DagBag from /home/airflow/.local/lib/python3.12/site-packages/airflow/example_dags/example_datasets.py
[2024-05-21T00:00:19.980+0000] {processor.py:840} INFO - DAG(s) 'consume_1_or_both_2_and_3_with_dataset_expressions', 'dataset_consumes_1', 'consume_1_and_2_with_dataset_expressions', 'dataset_produces_1', 'conditional_dataset_and_time_based_timetable', 'dataset_consumes_1_and_2', 'consume_1_or_2_with_dataset_expressions', 'dataset_consumes_1_never_scheduled', 'dataset_produces_2', 'dataset_consumes_unknown_never_scheduled' retrieved from /home/airflow/.local/lib/python3.12/site-packages/airflow/example_dags/example_datasets.py
[2024-05-21T00:00:19.994+0000] {logging_mixin.py:188} INFO - [2024-05-21T00:00:19.994+0000] {dag.py:3096} INFO - Sync 10 DAGs
[2024-05-21T00:00:20.019+0000] {logging_mixin.py:188} INFO - [2024-05-21T00:00:20.018+0000] {dag.py:3954} INFO - Setting next_dagrun for conditional_dataset_and_time_based_timetable to 2024-05-15 01:00:00+00:00, run_after=2024-05-15 01:00:00+00:00
[2024-05-21T00:00:20.023+0000] {logging_mixin.py:188} INFO - [2024-05-21T00:00:20.022+0000] {dag.py:3954} INFO - Setting next_dagrun for consume_1_and_2_with_dataset_expressions to None, run_after=None
[2024-05-21T00:00:20.024+0000] {logging_mixin.py:188} INFO - [2024-05-21T00:00:20.024+0000] {dag.py:3954} INFO - Setting next_dagrun for consume_1_or_2_with_dataset_expressions to None, run_after=None
[2024-05-21T00:00:20.026+0000] {logging_mixin.py:188} INFO - [2024-05-21T00:00:20.026+0000] {dag.py:3954} INFO - Setting next_dagrun for consume_1_or_both_2_and_3_with_dataset_expressions to None, run_after=None
[2024-05-21T00:00:20.027+0000] {logging_mixin.py:188} INFO - [2024-05-21T00:00:20.027+0000] {dag.py:3954} INFO - Setting next_dagrun for dataset_consumes_1 to None, run_after=None
[2024-05-21T00:00:20.028+0000] {logging_mixin.py:188} INFO - [2024-05-21T00:00:20.028+0000] {dag.py:3954} INFO - Setting next_dagrun for dataset_consumes_1_and_2 to None, run_after=None
[2024-05-21T00:00:20.030+0000] {logging_mixin.py:188} INFO - [2024-05-21T00:00:20.029+0000] {dag.py:3954} INFO - Setting next_dagrun for dataset_consumes_1_never_scheduled to None, run_after=None
[2024-05-21T00:00:20.031+0000] {logging_mixin.py:188} INFO - [2024-05-21T00:00:20.030+0000] {dag.py:3954} INFO - Setting next_dagrun for dataset_consumes_unknown_never_scheduled to None, run_after=None
[2024-05-21T00:00:20.033+0000] {logging_mixin.py:188} INFO - [2024-05-21T00:00:20.032+0000] {dag.py:3954} INFO - Setting next_dagrun for dataset_produces_1 to 2024-05-20 00:00:00+00:00, run_after=2024-05-21 00:00:00+00:00
[2024-05-21T00:00:20.034+0000] {logging_mixin.py:188} INFO - [2024-05-21T00:00:20.034+0000] {dag.py:3954} INFO - Setting next_dagrun for dataset_produces_2 to None, run_after=None
[2024-05-21T00:00:20.060+0000] {processor.py:183} INFO - Processing /home/airflow/.local/lib/python3.12/site-packages/airflow/example_dags/example_datasets.py took 0.102 seconds
[2024-05-21T00:00:50.664+0000] {processor.py:161} INFO - Started process (PID=99) to work on /home/airflow/.local/lib/python3.12/site-packages/airflow/example_dags/example_datasets.py
[2024-05-21T00:00:50.670+0000] {processor.py:830} INFO - Processing file /home/airflow/.local/lib/python3.12/site-packages/airflow/example_dags/example_datasets.py for tasks to queue
[2024-05-21T00:00:50.675+0000] {logging_mixin.py:188} INFO - [2024-05-21T00:00:50.674+0000] {dagbag.py:545} INFO - Filling up the DagBag from /home/airflow/.local/lib/python3.12/site-packages/airflow/example_dags/example_datasets.py
[2024-05-21T00:00:50.744+0000] {processor.py:840} INFO - DAG(s) 'dataset_produces_1', 'dataset_consumes_1_and_2', 'dataset_consumes_1', 'consume_1_and_2_with_dataset_expressions', 'conditional_dataset_and_time_based_timetable', 'dataset_produces_2', 'consume_1_or_both_2_and_3_with_dataset_expressions', 'dataset_consumes_1_never_scheduled', 'consume_1_or_2_with_dataset_expressions', 'dataset_consumes_unknown_never_scheduled' retrieved from /home/airflow/.local/lib/python3.12/site-packages/airflow/example_dags/example_datasets.py
[2024-05-21T00:00:51.290+0000] {logging_mixin.py:188} INFO - [2024-05-21T00:00:51.289+0000] {dag.py:3096} INFO - Sync 10 DAGs
[2024-05-21T00:00:51.341+0000] {logging_mixin.py:188} INFO - [2024-05-21T00:00:51.341+0000] {dag.py:3954} INFO - Setting next_dagrun for conditional_dataset_and_time_based_timetable to 2024-05-15 01:00:00+00:00, run_after=2024-05-15 01:00:00+00:00
[2024-05-21T00:00:51.353+0000] {logging_mixin.py:188} INFO - [2024-05-21T00:00:51.348+0000] {dag.py:3954} INFO - Setting next_dagrun for consume_1_and_2_with_dataset_expressions to None, run_after=None
[2024-05-21T00:00:51.361+0000] {logging_mixin.py:188} INFO - [2024-05-21T00:00:51.361+0000] {dag.py:3954} INFO - Setting next_dagrun for consume_1_or_2_with_dataset_expressions to None, run_after=None
[2024-05-21T00:00:51.369+0000] {logging_mixin.py:188} INFO - [2024-05-21T00:00:51.368+0000] {dag.py:3954} INFO - Setting next_dagrun for consume_1_or_both_2_and_3_with_dataset_expressions to None, run_after=None
[2024-05-21T00:00:51.374+0000] {logging_mixin.py:188} INFO - [2024-05-21T00:00:51.374+0000] {dag.py:3954} INFO - Setting next_dagrun for dataset_consumes_1 to None, run_after=None
[2024-05-21T00:00:51.378+0000] {logging_mixin.py:188} INFO - [2024-05-21T00:00:51.377+0000] {dag.py:3954} INFO - Setting next_dagrun for dataset_consumes_1_and_2 to None, run_after=None
[2024-05-21T00:00:51.382+0000] {logging_mixin.py:188} INFO - [2024-05-21T00:00:51.381+0000] {dag.py:3954} INFO - Setting next_dagrun for dataset_consumes_1_never_scheduled to None, run_after=None
[2024-05-21T00:00:51.386+0000] {logging_mixin.py:188} INFO - [2024-05-21T00:00:51.385+0000] {dag.py:3954} INFO - Setting next_dagrun for dataset_consumes_unknown_never_scheduled to None, run_after=None
[2024-05-21T00:00:51.393+0000] {logging_mixin.py:188} INFO - [2024-05-21T00:00:51.392+0000] {dag.py:3954} INFO - Setting next_dagrun for dataset_produces_1 to 2024-05-20 00:00:00+00:00, run_after=2024-05-21 00:00:00+00:00
[2024-05-21T00:00:51.397+0000] {logging_mixin.py:188} INFO - [2024-05-21T00:00:51.397+0000] {dag.py:3954} INFO - Setting next_dagrun for dataset_produces_2 to None, run_after=None
[2024-05-21T00:00:51.533+0000] {processor.py:183} INFO - Processing /home/airflow/.local/lib/python3.12/site-packages/airflow/example_dags/example_datasets.py took 0.881 seconds
[2024-05-21T00:01:21.678+0000] {processor.py:161} INFO - Started process (PID=159) to work on /home/airflow/.local/lib/python3.12/site-packages/airflow/example_dags/example_datasets.py
[2024-05-21T00:01:21.680+0000] {processor.py:830} INFO - Processing file /home/airflow/.local/lib/python3.12/site-packages/airflow/example_dags/example_datasets.py for tasks to queue
[2024-05-21T00:01:21.683+0000] {logging_mixin.py:188} INFO - [2024-05-21T00:01:21.683+0000] {dagbag.py:545} INFO - Filling up the DagBag from /home/airflow/.local/lib/python3.12/site-packages/airflow/example_dags/example_datasets.py
[2024-05-21T00:01:21.705+0000] {processor.py:840} INFO - DAG(s) 'consume_1_or_both_2_and_3_with_dataset_expressions', 'dataset_produces_2', 'conditional_dataset_and_time_based_timetable', 'dataset_consumes_1_and_2', 'dataset_consumes_unknown_never_scheduled', 'dataset_consumes_1', 'dataset_consumes_1_never_scheduled', 'consume_1_or_2_with_dataset_expressions', 'consume_1_and_2_with_dataset_expressions', 'dataset_produces_1' retrieved from /home/airflow/.local/lib/python3.12/site-packages/airflow/example_dags/example_datasets.py
[2024-05-21T00:01:21.761+0000] {logging_mixin.py:188} INFO - [2024-05-21T00:01:21.760+0000] {dag.py:3096} INFO - Sync 10 DAGs
[2024-05-21T00:01:21.795+0000] {logging_mixin.py:188} INFO - [2024-05-21T00:01:21.795+0000] {dag.py:3954} INFO - Setting next_dagrun for conditional_dataset_and_time_based_timetable to 2024-05-15 01:00:00+00:00, run_after=2024-05-15 01:00:00+00:00
[2024-05-21T00:01:21.801+0000] {logging_mixin.py:188} INFO - [2024-05-21T00:01:21.801+0000] {dag.py:3954} INFO - Setting next_dagrun for consume_1_and_2_with_dataset_expressions to None, run_after=None
[2024-05-21T00:01:21.803+0000] {logging_mixin.py:188} INFO - [2024-05-21T00:01:21.803+0000] {dag.py:3954} INFO - Setting next_dagrun for consume_1_or_2_with_dataset_expressions to None, run_after=None
[2024-05-21T00:01:21.805+0000] {logging_mixin.py:188} INFO - [2024-05-21T00:01:21.805+0000] {dag.py:3954} INFO - Setting next_dagrun for consume_1_or_both_2_and_3_with_dataset_expressions to None, run_after=None
[2024-05-21T00:01:21.807+0000] {logging_mixin.py:188} INFO - [2024-05-21T00:01:21.807+0000] {dag.py:3954} INFO - Setting next_dagrun for dataset_consumes_1 to None, run_after=None
[2024-05-21T00:01:21.809+0000] {logging_mixin.py:188} INFO - [2024-05-21T00:01:21.808+0000] {dag.py:3954} INFO - Setting next_dagrun for dataset_consumes_1_and_2 to None, run_after=None
[2024-05-21T00:01:21.810+0000] {logging_mixin.py:188} INFO - [2024-05-21T00:01:21.810+0000] {dag.py:3954} INFO - Setting next_dagrun for dataset_consumes_1_never_scheduled to None, run_after=None
[2024-05-21T00:01:21.812+0000] {logging_mixin.py:188} INFO - [2024-05-21T00:01:21.812+0000] {dag.py:3954} INFO - Setting next_dagrun for dataset_consumes_unknown_never_scheduled to None, run_after=None
[2024-05-21T00:01:21.815+0000] {logging_mixin.py:188} INFO - [2024-05-21T00:01:21.815+0000] {dag.py:3954} INFO - Setting next_dagrun for dataset_produces_1 to 2024-05-20 00:00:00+00:00, run_after=2024-05-21 00:00:00+00:00
[2024-05-21T00:01:21.817+0000] {logging_mixin.py:188} INFO - [2024-05-21T00:01:21.817+0000] {dag.py:3954} INFO - Setting next_dagrun for dataset_produces_2 to None, run_after=None
[2024-05-21T00:01:21.848+0000] {processor.py:183} INFO - Processing /home/airflow/.local/lib/python3.12/site-packages/airflow/example_dags/example_datasets.py took 0.178 seconds
[2024-05-21T00:01:52.187+0000] {processor.py:161} INFO - Started process (PID=220) to work on /home/airflow/.local/lib/python3.12/site-packages/airflow/example_dags/example_datasets.py
[2024-05-21T00:01:52.188+0000] {processor.py:830} INFO - Processing file /home/airflow/.local/lib/python3.12/site-packages/airflow/example_dags/example_datasets.py for tasks to queue
[2024-05-21T00:01:52.190+0000] {logging_mixin.py:188} INFO - [2024-05-21T00:01:52.190+0000] {dagbag.py:545} INFO - Filling up the DagBag from /home/airflow/.local/lib/python3.12/site-packages/airflow/example_dags/example_datasets.py
[2024-05-21T00:01:52.202+0000] {processor.py:840} INFO - DAG(s) 'dataset_produces_2', 'dataset_consumes_1_and_2', 'dataset_produces_1', 'consume_1_or_2_with_dataset_expressions', 'dataset_consumes_unknown_never_scheduled', 'dataset_consumes_1_never_scheduled', 'dataset_consumes_1', 'consume_1_and_2_with_dataset_expressions', 'consume_1_or_both_2_and_3_with_dataset_expressions', 'conditional_dataset_and_time_based_timetable' retrieved from /home/airflow/.local/lib/python3.12/site-packages/airflow/example_dags/example_datasets.py
[2024-05-21T00:01:52.247+0000] {logging_mixin.py:188} INFO - [2024-05-21T00:01:52.247+0000] {dag.py:3096} INFO - Sync 10 DAGs
[2024-05-21T00:01:52.276+0000] {logging_mixin.py:188} INFO - [2024-05-21T00:01:52.276+0000] {dag.py:3954} INFO - Setting next_dagrun for conditional_dataset_and_time_based_timetable to 2024-05-15 01:00:00+00:00, run_after=2024-05-15 01:00:00+00:00
[2024-05-21T00:01:52.282+0000] {logging_mixin.py:188} INFO - [2024-05-21T00:01:52.282+0000] {dag.py:3954} INFO - Setting next_dagrun for consume_1_and_2_with_dataset_expressions to None, run_after=None
[2024-05-21T00:01:52.285+0000] {logging_mixin.py:188} INFO - [2024-05-21T00:01:52.284+0000] {dag.py:3954} INFO - Setting next_dagrun for consume_1_or_2_with_dataset_expressions to None, run_after=None
[2024-05-21T00:01:52.287+0000] {logging_mixin.py:188} INFO - [2024-05-21T00:01:52.287+0000] {dag.py:3954} INFO - Setting next_dagrun for consume_1_or_both_2_and_3_with_dataset_expressions to None, run_after=None
[2024-05-21T00:01:52.288+0000] {logging_mixin.py:188} INFO - [2024-05-21T00:01:52.288+0000] {dag.py:3954} INFO - Setting next_dagrun for dataset_consumes_1 to None, run_after=None
[2024-05-21T00:01:52.290+0000] {logging_mixin.py:188} INFO - [2024-05-21T00:01:52.290+0000] {dag.py:3954} INFO - Setting next_dagrun for dataset_consumes_1_and_2 to None, run_after=None
[2024-05-21T00:01:52.291+0000] {logging_mixin.py:188} INFO - [2024-05-21T00:01:52.291+0000] {dag.py:3954} INFO - Setting next_dagrun for dataset_consumes_1_never_scheduled to None, run_after=None
[2024-05-21T00:01:52.292+0000] {logging_mixin.py:188} INFO - [2024-05-21T00:01:52.292+0000] {dag.py:3954} INFO - Setting next_dagrun for dataset_consumes_unknown_never_scheduled to None, run_after=None
[2024-05-21T00:01:52.295+0000] {logging_mixin.py:188} INFO - [2024-05-21T00:01:52.294+0000] {dag.py:3954} INFO - Setting next_dagrun for dataset_produces_1 to 2024-05-20 00:00:00+00:00, run_after=2024-05-21 00:00:00+00:00
[2024-05-21T00:01:52.296+0000] {logging_mixin.py:188} INFO - [2024-05-21T00:01:52.296+0000] {dag.py:3954} INFO - Setting next_dagrun for dataset_produces_2 to None, run_after=None
[2024-05-21T00:01:52.324+0000] {processor.py:183} INFO - Processing /home/airflow/.local/lib/python3.12/site-packages/airflow/example_dags/example_datasets.py took 0.142 seconds
[2024-05-21T00:02:22.750+0000] {processor.py:161} INFO - Started process (PID=280) to work on /home/airflow/.local/lib/python3.12/site-packages/airflow/example_dags/example_datasets.py
[2024-05-21T00:02:22.752+0000] {processor.py:830} INFO - Processing file /home/airflow/.local/lib/python3.12/site-packages/airflow/example_dags/example_datasets.py for tasks to queue
[2024-05-21T00:02:22.755+0000] {logging_mixin.py:188} INFO - [2024-05-21T00:02:22.755+0000] {dagbag.py:545} INFO - Filling up the DagBag from /home/airflow/.local/lib/python3.12/site-packages/airflow/example_dags/example_datasets.py
[2024-05-21T00:02:22.780+0000] {processor.py:840} INFO - DAG(s) 'consume_1_or_2_with_dataset_expressions', 'dataset_produces_2', 'dataset_consumes_1', 'dataset_consumes_unknown_never_scheduled', 'dataset_produces_1', 'dataset_consumes_1_and_2', 'consume_1_and_2_with_dataset_expressions', 'consume_1_or_both_2_and_3_with_dataset_expressions', 'dataset_consumes_1_never_scheduled', 'conditional_dataset_and_time_based_timetable' retrieved from /home/airflow/.local/lib/python3.12/site-packages/airflow/example_dags/example_datasets.py
[2024-05-21T00:02:22.855+0000] {logging_mixin.py:188} INFO - [2024-05-21T00:02:22.855+0000] {dag.py:3096} INFO - Sync 10 DAGs
[2024-05-21T00:02:22.902+0000] {logging_mixin.py:188} INFO - [2024-05-21T00:02:22.901+0000] {dag.py:3954} INFO - Setting next_dagrun for conditional_dataset_and_time_based_timetable to 2024-05-15 01:00:00+00:00, run_after=2024-05-15 01:00:00+00:00
[2024-05-21T00:02:22.910+0000] {logging_mixin.py:188} INFO - [2024-05-21T00:02:22.910+0000] {dag.py:3954} INFO - Setting next_dagrun for consume_1_and_2_with_dataset_expressions to None, run_after=None
[2024-05-21T00:02:22.913+0000] {logging_mixin.py:188} INFO - [2024-05-21T00:02:22.913+0000] {dag.py:3954} INFO - Setting next_dagrun for consume_1_or_2_with_dataset_expressions to None, run_after=None
[2024-05-21T00:02:22.917+0000] {logging_mixin.py:188} INFO - [2024-05-21T00:02:22.916+0000] {dag.py:3954} INFO - Setting next_dagrun for consume_1_or_both_2_and_3_with_dataset_expressions to None, run_after=None
[2024-05-21T00:02:22.920+0000] {logging_mixin.py:188} INFO - [2024-05-21T00:02:22.920+0000] {dag.py:3954} INFO - Setting next_dagrun for dataset_consumes_1 to None, run_after=None
[2024-05-21T00:02:22.923+0000] {logging_mixin.py:188} INFO - [2024-05-21T00:02:22.923+0000] {dag.py:3954} INFO - Setting next_dagrun for dataset_consumes_1_and_2 to None, run_after=None
[2024-05-21T00:02:22.927+0000] {logging_mixin.py:188} INFO - [2024-05-21T00:02:22.926+0000] {dag.py:3954} INFO - Setting next_dagrun for dataset_consumes_1_never_scheduled to None, run_after=None
[2024-05-21T00:02:22.930+0000] {logging_mixin.py:188} INFO - [2024-05-21T00:02:22.930+0000] {dag.py:3954} INFO - Setting next_dagrun for dataset_consumes_unknown_never_scheduled to None, run_after=None
[2024-05-21T00:02:22.947+0000] {logging_mixin.py:188} INFO - [2024-05-21T00:02:22.947+0000] {dag.py:3954} INFO - Setting next_dagrun for dataset_produces_1 to 2024-05-20 00:00:00+00:00, run_after=2024-05-21 00:00:00+00:00
[2024-05-21T00:02:22.954+0000] {logging_mixin.py:188} INFO - [2024-05-21T00:02:22.954+0000] {dag.py:3954} INFO - Setting next_dagrun for dataset_produces_2 to None, run_after=None
[2024-05-21T00:02:23.024+0000] {processor.py:183} INFO - Processing /home/airflow/.local/lib/python3.12/site-packages/airflow/example_dags/example_datasets.py took 0.293 seconds
[2024-05-21T00:02:53.311+0000] {processor.py:161} INFO - Started process (PID=340) to work on /home/airflow/.local/lib/python3.12/site-packages/airflow/example_dags/example_datasets.py
[2024-05-21T00:02:53.314+0000] {processor.py:830} INFO - Processing file /home/airflow/.local/lib/python3.12/site-packages/airflow/example_dags/example_datasets.py for tasks to queue
[2024-05-21T00:02:53.316+0000] {logging_mixin.py:188} INFO - [2024-05-21T00:02:53.316+0000] {dagbag.py:545} INFO - Filling up the DagBag from /home/airflow/.local/lib/python3.12/site-packages/airflow/example_dags/example_datasets.py
[2024-05-21T00:02:53.328+0000] {processor.py:840} INFO - DAG(s) 'dataset_consumes_unknown_never_scheduled', 'conditional_dataset_and_time_based_timetable', 'consume_1_and_2_with_dataset_expressions', 'dataset_consumes_1_and_2', 'consume_1_or_both_2_and_3_with_dataset_expressions', 'dataset_produces_1', 'dataset_consumes_1_never_scheduled', 'dataset_consumes_1', 'dataset_produces_2', 'consume_1_or_2_with_dataset_expressions' retrieved from /home/airflow/.local/lib/python3.12/site-packages/airflow/example_dags/example_datasets.py
[2024-05-21T00:02:53.367+0000] {logging_mixin.py:188} INFO - [2024-05-21T00:02:53.366+0000] {dag.py:3096} INFO - Sync 10 DAGs
[2024-05-21T00:02:53.396+0000] {logging_mixin.py:188} INFO - [2024-05-21T00:02:53.396+0000] {dag.py:3954} INFO - Setting next_dagrun for conditional_dataset_and_time_based_timetable to 2024-05-15 01:00:00+00:00, run_after=2024-05-15 01:00:00+00:00
[2024-05-21T00:02:53.400+0000] {logging_mixin.py:188} INFO - [2024-05-21T00:02:53.400+0000] {dag.py:3954} INFO - Setting next_dagrun for consume_1_and_2_with_dataset_expressions to None, run_after=None
[2024-05-21T00:02:53.401+0000] {logging_mixin.py:188} INFO - [2024-05-21T00:02:53.401+0000] {dag.py:3954} INFO - Setting next_dagrun for consume_1_or_2_with_dataset_expressions to None, run_after=None
[2024-05-21T00:02:53.402+0000] {logging_mixin.py:188} INFO - [2024-05-21T00:02:53.402+0000] {dag.py:3954} INFO - Setting next_dagrun for consume_1_or_both_2_and_3_with_dataset_expressions to None, run_after=None
[2024-05-21T00:02:53.404+0000] {logging_mixin.py:188} INFO - [2024-05-21T00:02:53.403+0000] {dag.py:3954} INFO - Setting next_dagrun for dataset_consumes_1 to None, run_after=None
[2024-05-21T00:02:53.405+0000] {logging_mixin.py:188} INFO - [2024-05-21T00:02:53.405+0000] {dag.py:3954} INFO - Setting next_dagrun for dataset_consumes_1_and_2 to None, run_after=None
[2024-05-21T00:02:53.406+0000] {logging_mixin.py:188} INFO - [2024-05-21T00:02:53.406+0000] {dag.py:3954} INFO - Setting next_dagrun for dataset_consumes_1_never_scheduled to None, run_after=None
[2024-05-21T00:02:53.408+0000] {logging_mixin.py:188} INFO - [2024-05-21T00:02:53.408+0000] {dag.py:3954} INFO - Setting next_dagrun for dataset_consumes_unknown_never_scheduled to None, run_after=None
[2024-05-21T00:02:53.411+0000] {logging_mixin.py:188} INFO - [2024-05-21T00:02:53.410+0000] {dag.py:3954} INFO - Setting next_dagrun for dataset_produces_1 to 2024-05-20 00:00:00+00:00, run_after=2024-05-21 00:00:00+00:00
[2024-05-21T00:02:53.413+0000] {logging_mixin.py:188} INFO - [2024-05-21T00:02:53.413+0000] {dag.py:3954} INFO - Setting next_dagrun for dataset_produces_2 to None, run_after=None
[2024-05-21T00:02:53.444+0000] {processor.py:183} INFO - Processing /home/airflow/.local/lib/python3.12/site-packages/airflow/example_dags/example_datasets.py took 0.139 seconds
[2024-05-21T00:03:24.138+0000] {processor.py:161} INFO - Started process (PID=412) to work on /home/airflow/.local/lib/python3.12/site-packages/airflow/example_dags/example_datasets.py
[2024-05-21T00:03:24.141+0000] {processor.py:830} INFO - Processing file /home/airflow/.local/lib/python3.12/site-packages/airflow/example_dags/example_datasets.py for tasks to queue
[2024-05-21T00:03:24.147+0000] {logging_mixin.py:188} INFO - [2024-05-21T00:03:24.146+0000] {dagbag.py:545} INFO - Filling up the DagBag from /home/airflow/.local/lib/python3.12/site-packages/airflow/example_dags/example_datasets.py
[2024-05-21T00:03:24.173+0000] {processor.py:840} INFO - DAG(s) 'dataset_consumes_unknown_never_scheduled', 'consume_1_and_2_with_dataset_expressions', 'dataset_produces_2', 'consume_1_or_both_2_and_3_with_dataset_expressions', 'conditional_dataset_and_time_based_timetable', 'dataset_consumes_1', 'dataset_consumes_1_and_2', 'dataset_produces_1', 'consume_1_or_2_with_dataset_expressions', 'dataset_consumes_1_never_scheduled' retrieved from /home/airflow/.local/lib/python3.12/site-packages/airflow/example_dags/example_datasets.py
[2024-05-21T00:03:24.291+0000] {logging_mixin.py:188} INFO - [2024-05-21T00:03:24.290+0000] {dag.py:3096} INFO - Sync 10 DAGs
[2024-05-21T00:03:24.350+0000] {logging_mixin.py:188} INFO - [2024-05-21T00:03:24.350+0000] {dag.py:3954} INFO - Setting next_dagrun for conditional_dataset_and_time_based_timetable to 2024-05-15 01:00:00+00:00, run_after=2024-05-15 01:00:00+00:00
[2024-05-21T00:03:24.361+0000] {logging_mixin.py:188} INFO - [2024-05-21T00:03:24.361+0000] {dag.py:3954} INFO - Setting next_dagrun for consume_1_and_2_with_dataset_expressions to None, run_after=None
[2024-05-21T00:03:24.368+0000] {logging_mixin.py:188} INFO - [2024-05-21T00:03:24.367+0000] {dag.py:3954} INFO - Setting next_dagrun for consume_1_or_2_with_dataset_expressions to None, run_after=None
[2024-05-21T00:03:24.373+0000] {logging_mixin.py:188} INFO - [2024-05-21T00:03:24.373+0000] {dag.py:3954} INFO - Setting next_dagrun for consume_1_or_both_2_and_3_with_dataset_expressions to None, run_after=None
[2024-05-21T00:03:24.379+0000] {logging_mixin.py:188} INFO - [2024-05-21T00:03:24.378+0000] {dag.py:3954} INFO - Setting next_dagrun for dataset_consumes_1 to None, run_after=None
[2024-05-21T00:03:24.383+0000] {logging_mixin.py:188} INFO - [2024-05-21T00:03:24.382+0000] {dag.py:3954} INFO - Setting next_dagrun for dataset_consumes_1_and_2 to None, run_after=None
[2024-05-21T00:03:24.388+0000] {logging_mixin.py:188} INFO - [2024-05-21T00:03:24.387+0000] {dag.py:3954} INFO - Setting next_dagrun for dataset_consumes_1_never_scheduled to None, run_after=None
[2024-05-21T00:03:24.392+0000] {logging_mixin.py:188} INFO - [2024-05-21T00:03:24.391+0000] {dag.py:3954} INFO - Setting next_dagrun for dataset_consumes_unknown_never_scheduled to None, run_after=None
[2024-05-21T00:03:24.398+0000] {logging_mixin.py:188} INFO - [2024-05-21T00:03:24.398+0000] {dag.py:3954} INFO - Setting next_dagrun for dataset_produces_1 to 2024-05-20 00:00:00+00:00, run_after=2024-05-21 00:00:00+00:00
[2024-05-21T00:03:24.402+0000] {logging_mixin.py:188} INFO - [2024-05-21T00:03:24.401+0000] {dag.py:3954} INFO - Setting next_dagrun for dataset_produces_2 to None, run_after=None
[2024-05-21T00:03:24.459+0000] {processor.py:183} INFO - Processing /home/airflow/.local/lib/python3.12/site-packages/airflow/example_dags/example_datasets.py took 0.332 seconds
[2024-05-21T00:03:55.003+0000] {processor.py:161} INFO - Started process (PID=472) to work on /home/airflow/.local/lib/python3.12/site-packages/airflow/example_dags/example_datasets.py
[2024-05-21T00:03:55.006+0000] {processor.py:830} INFO - Processing file /home/airflow/.local/lib/python3.12/site-packages/airflow/example_dags/example_datasets.py for tasks to queue
[2024-05-21T00:03:55.012+0000] {logging_mixin.py:188} INFO - [2024-05-21T00:03:55.011+0000] {dagbag.py:545} INFO - Filling up the DagBag from /home/airflow/.local/lib/python3.12/site-packages/airflow/example_dags/example_datasets.py
[2024-05-21T00:03:55.047+0000] {processor.py:840} INFO - DAG(s) 'consume_1_or_both_2_and_3_with_dataset_expressions', 'dataset_produces_1', 'conditional_dataset_and_time_based_timetable', 'dataset_produces_2', 'dataset_consumes_1', 'consume_1_or_2_with_dataset_expressions', 'dataset_consumes_1_and_2', 'dataset_consumes_1_never_scheduled', 'consume_1_and_2_with_dataset_expressions', 'dataset_consumes_unknown_never_scheduled' retrieved from /home/airflow/.local/lib/python3.12/site-packages/airflow/example_dags/example_datasets.py
[2024-05-21T00:03:55.147+0000] {logging_mixin.py:188} INFO - [2024-05-21T00:03:55.147+0000] {dag.py:3096} INFO - Sync 10 DAGs
[2024-05-21T00:03:55.194+0000] {logging_mixin.py:188} INFO - [2024-05-21T00:03:55.194+0000] {dag.py:3954} INFO - Setting next_dagrun for conditional_dataset_and_time_based_timetable to 2024-05-15 01:00:00+00:00, run_after=2024-05-15 01:00:00+00:00
[2024-05-21T00:03:55.202+0000] {logging_mixin.py:188} INFO - [2024-05-21T00:03:55.202+0000] {dag.py:3954} INFO - Setting next_dagrun for consume_1_and_2_with_dataset_expressions to None, run_after=None
[2024-05-21T00:03:55.211+0000] {logging_mixin.py:188} INFO - [2024-05-21T00:03:55.210+0000] {dag.py:3954} INFO - Setting next_dagrun for consume_1_or_2_with_dataset_expressions to None, run_after=None
[2024-05-21T00:03:55.214+0000] {logging_mixin.py:188} INFO - [2024-05-21T00:03:55.213+0000] {dag.py:3954} INFO - Setting next_dagrun for consume_1_or_both_2_and_3_with_dataset_expressions to None, run_after=None
[2024-05-21T00:03:55.216+0000] {logging_mixin.py:188} INFO - [2024-05-21T00:03:55.216+0000] {dag.py:3954} INFO - Setting next_dagrun for dataset_consumes_1 to None, run_after=None
[2024-05-21T00:03:55.219+0000] {logging_mixin.py:188} INFO - [2024-05-21T00:03:55.218+0000] {dag.py:3954} INFO - Setting next_dagrun for dataset_consumes_1_and_2 to None, run_after=None
[2024-05-21T00:03:55.222+0000] {logging_mixin.py:188} INFO - [2024-05-21T00:03:55.222+0000] {dag.py:3954} INFO - Setting next_dagrun for dataset_consumes_1_never_scheduled to None, run_after=None
[2024-05-21T00:03:55.225+0000] {logging_mixin.py:188} INFO - [2024-05-21T00:03:55.225+0000] {dag.py:3954} INFO - Setting next_dagrun for dataset_consumes_unknown_never_scheduled to None, run_after=None
[2024-05-21T00:03:55.229+0000] {logging_mixin.py:188} INFO - [2024-05-21T00:03:55.228+0000] {dag.py:3954} INFO - Setting next_dagrun for dataset_produces_1 to 2024-05-20 00:00:00+00:00, run_after=2024-05-21 00:00:00+00:00
[2024-05-21T00:03:55.232+0000] {logging_mixin.py:188} INFO - [2024-05-21T00:03:55.231+0000] {dag.py:3954} INFO - Setting next_dagrun for dataset_produces_2 to None, run_after=None
[2024-05-21T00:03:55.281+0000] {processor.py:183} INFO - Processing /home/airflow/.local/lib/python3.12/site-packages/airflow/example_dags/example_datasets.py took 0.295 seconds
[2024-05-21T00:04:25.987+0000] {processor.py:161} INFO - Started process (PID=531) to work on /home/airflow/.local/lib/python3.12/site-packages/airflow/example_dags/example_datasets.py
[2024-05-21T00:04:25.989+0000] {processor.py:830} INFO - Processing file /home/airflow/.local/lib/python3.12/site-packages/airflow/example_dags/example_datasets.py for tasks to queue
[2024-05-21T00:04:25.992+0000] {logging_mixin.py:188} INFO - [2024-05-21T00:04:25.992+0000] {dagbag.py:545} INFO - Filling up the DagBag from /home/airflow/.local/lib/python3.12/site-packages/airflow/example_dags/example_datasets.py
[2024-05-21T00:04:26.016+0000] {processor.py:840} INFO - DAG(s) 'dataset_produces_2', 'consume_1_or_2_with_dataset_expressions', 'dataset_consumes_1_never_scheduled', 'consume_1_and_2_with_dataset_expressions', 'dataset_produces_1', 'conditional_dataset_and_time_based_timetable', 'dataset_consumes_unknown_never_scheduled', 'consume_1_or_both_2_and_3_with_dataset_expressions', 'dataset_consumes_1', 'dataset_consumes_1_and_2' retrieved from /home/airflow/.local/lib/python3.12/site-packages/airflow/example_dags/example_datasets.py
[2024-05-21T00:04:26.088+0000] {logging_mixin.py:188} INFO - [2024-05-21T00:04:26.088+0000] {dag.py:3096} INFO - Sync 10 DAGs
[2024-05-21T00:04:26.123+0000] {logging_mixin.py:188} INFO - [2024-05-21T00:04:26.122+0000] {dag.py:3954} INFO - Setting next_dagrun for conditional_dataset_and_time_based_timetable to 2024-05-15 01:00:00+00:00, run_after=2024-05-15 01:00:00+00:00
[2024-05-21T00:04:26.130+0000] {logging_mixin.py:188} INFO - [2024-05-21T00:04:26.130+0000] {dag.py:3954} INFO - Setting next_dagrun for consume_1_and_2_with_dataset_expressions to None, run_after=None
[2024-05-21T00:04:26.136+0000] {logging_mixin.py:188} INFO - [2024-05-21T00:04:26.135+0000] {dag.py:3954} INFO - Setting next_dagrun for consume_1_or_2_with_dataset_expressions to None, run_after=None
[2024-05-21T00:04:26.139+0000] {logging_mixin.py:188} INFO - [2024-05-21T00:04:26.138+0000] {dag.py:3954} INFO - Setting next_dagrun for consume_1_or_both_2_and_3_with_dataset_expressions to None, run_after=None
[2024-05-21T00:04:26.142+0000] {logging_mixin.py:188} INFO - [2024-05-21T00:04:26.141+0000] {dag.py:3954} INFO - Setting next_dagrun for dataset_consumes_1 to None, run_after=None
[2024-05-21T00:04:26.145+0000] {logging_mixin.py:188} INFO - [2024-05-21T00:04:26.144+0000] {dag.py:3954} INFO - Setting next_dagrun for dataset_consumes_1_and_2 to None, run_after=None
[2024-05-21T00:04:26.148+0000] {logging_mixin.py:188} INFO - [2024-05-21T00:04:26.147+0000] {dag.py:3954} INFO - Setting next_dagrun for dataset_consumes_1_never_scheduled to None, run_after=None
[2024-05-21T00:04:26.150+0000] {logging_mixin.py:188} INFO - [2024-05-21T00:04:26.150+0000] {dag.py:3954} INFO - Setting next_dagrun for dataset_consumes_unknown_never_scheduled to None, run_after=None
[2024-05-21T00:04:26.154+0000] {logging_mixin.py:188} INFO - [2024-05-21T00:04:26.154+0000] {dag.py:3954} INFO - Setting next_dagrun for dataset_produces_1 to 2024-05-20 00:00:00+00:00, run_after=2024-05-21 00:00:00+00:00
[2024-05-21T00:04:26.156+0000] {logging_mixin.py:188} INFO - [2024-05-21T00:04:26.156+0000] {dag.py:3954} INFO - Setting next_dagrun for dataset_produces_2 to None, run_after=None
[2024-05-21T00:04:26.192+0000] {processor.py:183} INFO - Processing /home/airflow/.local/lib/python3.12/site-packages/airflow/example_dags/example_datasets.py took 0.213 seconds
[2024-05-21T00:04:56.451+0000] {processor.py:161} INFO - Started process (PID=591) to work on /home/airflow/.local/lib/python3.12/site-packages/airflow/example_dags/example_datasets.py
[2024-05-21T00:04:56.453+0000] {processor.py:830} INFO - Processing file /home/airflow/.local/lib/python3.12/site-packages/airflow/example_dags/example_datasets.py for tasks to queue
[2024-05-21T00:04:56.455+0000] {logging_mixin.py:188} INFO - [2024-05-21T00:04:56.455+0000] {dagbag.py:545} INFO - Filling up the DagBag from /home/airflow/.local/lib/python3.12/site-packages/airflow/example_dags/example_datasets.py
[2024-05-21T00:04:56.474+0000] {processor.py:840} INFO - DAG(s) 'dataset_produces_1', 'consume_1_and_2_with_dataset_expressions', 'consume_1_or_both_2_and_3_with_dataset_expressions', 'conditional_dataset_and_time_based_timetable', 'dataset_consumes_unknown_never_scheduled', 'consume_1_or_2_with_dataset_expressions', 'dataset_consumes_1', 'dataset_produces_2', 'dataset_consumes_1_never_scheduled', 'dataset_consumes_1_and_2' retrieved from /home/airflow/.local/lib/python3.12/site-packages/airflow/example_dags/example_datasets.py
[2024-05-21T00:04:56.528+0000] {logging_mixin.py:188} INFO - [2024-05-21T00:04:56.527+0000] {dag.py:3096} INFO - Sync 10 DAGs
[2024-05-21T00:04:56.554+0000] {logging_mixin.py:188} INFO - [2024-05-21T00:04:56.553+0000] {dag.py:3954} INFO - Setting next_dagrun for conditional_dataset_and_time_based_timetable to 2024-05-15 01:00:00+00:00, run_after=2024-05-15 01:00:00+00:00
[2024-05-21T00:04:56.559+0000] {logging_mixin.py:188} INFO - [2024-05-21T00:04:56.559+0000] {dag.py:3954} INFO - Setting next_dagrun for consume_1_and_2_with_dataset_expressions to None, run_after=None
[2024-05-21T00:04:56.564+0000] {logging_mixin.py:188} INFO - [2024-05-21T00:04:56.564+0000] {dag.py:3954} INFO - Setting next_dagrun for consume_1_or_2_with_dataset_expressions to None, run_after=None
[2024-05-21T00:04:56.566+0000] {logging_mixin.py:188} INFO - [2024-05-21T00:04:56.566+0000] {dag.py:3954} INFO - Setting next_dagrun for consume_1_or_both_2_and_3_with_dataset_expressions to None, run_after=None
[2024-05-21T00:04:56.567+0000] {logging_mixin.py:188} INFO - [2024-05-21T00:04:56.567+0000] {dag.py:3954} INFO - Setting next_dagrun for dataset_consumes_1 to None, run_after=None
[2024-05-21T00:04:56.569+0000] {logging_mixin.py:188} INFO - [2024-05-21T00:04:56.568+0000] {dag.py:3954} INFO - Setting next_dagrun for dataset_consumes_1_and_2 to None, run_after=None
[2024-05-21T00:04:56.570+0000] {logging_mixin.py:188} INFO - [2024-05-21T00:04:56.570+0000] {dag.py:3954} INFO - Setting next_dagrun for dataset_consumes_1_never_scheduled to None, run_after=None
[2024-05-21T00:04:56.571+0000] {logging_mixin.py:188} INFO - [2024-05-21T00:04:56.571+0000] {dag.py:3954} INFO - Setting next_dagrun for dataset_consumes_unknown_never_scheduled to None, run_after=None
[2024-05-21T00:04:56.573+0000] {logging_mixin.py:188} INFO - [2024-05-21T00:04:56.573+0000] {dag.py:3954} INFO - Setting next_dagrun for dataset_produces_1 to 2024-05-20 00:00:00+00:00, run_after=2024-05-21 00:00:00+00:00
[2024-05-21T00:04:56.575+0000] {logging_mixin.py:188} INFO - [2024-05-21T00:04:56.574+0000] {dag.py:3954} INFO - Setting next_dagrun for dataset_produces_2 to None, run_after=None
[2024-05-21T00:04:56.635+0000] {processor.py:183} INFO - Processing /home/airflow/.local/lib/python3.12/site-packages/airflow/example_dags/example_datasets.py took 0.191 seconds
[2024-05-21T00:05:26.971+0000] {processor.py:161} INFO - Started process (PID=655) to work on /home/airflow/.local/lib/python3.12/site-packages/airflow/example_dags/example_datasets.py
[2024-05-21T00:05:26.972+0000] {processor.py:830} INFO - Processing file /home/airflow/.local/lib/python3.12/site-packages/airflow/example_dags/example_datasets.py for tasks to queue
[2024-05-21T00:05:26.975+0000] {logging_mixin.py:188} INFO - [2024-05-21T00:05:26.974+0000] {dagbag.py:545} INFO - Filling up the DagBag from /home/airflow/.local/lib/python3.12/site-packages/airflow/example_dags/example_datasets.py
[2024-05-21T00:05:26.993+0000] {processor.py:840} INFO - DAG(s) 'conditional_dataset_and_time_based_timetable', 'dataset_consumes_unknown_never_scheduled', 'dataset_produces_2', 'consume_1_or_2_with_dataset_expressions', 'dataset_consumes_1', 'dataset_consumes_1_and_2', 'consume_1_or_both_2_and_3_with_dataset_expressions', 'dataset_consumes_1_never_scheduled', 'consume_1_and_2_with_dataset_expressions', 'dataset_produces_1' retrieved from /home/airflow/.local/lib/python3.12/site-packages/airflow/example_dags/example_datasets.py
[2024-05-21T00:05:27.052+0000] {logging_mixin.py:188} INFO - [2024-05-21T00:05:27.052+0000] {dag.py:3096} INFO - Sync 10 DAGs
[2024-05-21T00:05:27.090+0000] {logging_mixin.py:188} INFO - [2024-05-21T00:05:27.089+0000] {dag.py:3954} INFO - Setting next_dagrun for conditional_dataset_and_time_based_timetable to 2024-05-15 01:00:00+00:00, run_after=2024-05-15 01:00:00+00:00
[2024-05-21T00:05:27.096+0000] {logging_mixin.py:188} INFO - [2024-05-21T00:05:27.096+0000] {dag.py:3954} INFO - Setting next_dagrun for consume_1_and_2_with_dataset_expressions to None, run_after=None
[2024-05-21T00:05:27.099+0000] {logging_mixin.py:188} INFO - [2024-05-21T00:05:27.099+0000] {dag.py:3954} INFO - Setting next_dagrun for consume_1_or_2_with_dataset_expressions to None, run_after=None
[2024-05-21T00:05:27.102+0000] {logging_mixin.py:188} INFO - [2024-05-21T00:05:27.101+0000] {dag.py:3954} INFO - Setting next_dagrun for consume_1_or_both_2_and_3_with_dataset_expressions to None, run_after=None
[2024-05-21T00:05:27.104+0000] {logging_mixin.py:188} INFO - [2024-05-21T00:05:27.104+0000] {dag.py:3954} INFO - Setting next_dagrun for dataset_consumes_1 to None, run_after=None
[2024-05-21T00:05:27.106+0000] {logging_mixin.py:188} INFO - [2024-05-21T00:05:27.105+0000] {dag.py:3954} INFO - Setting next_dagrun for dataset_consumes_1_and_2 to None, run_after=None
[2024-05-21T00:05:27.108+0000] {logging_mixin.py:188} INFO - [2024-05-21T00:05:27.107+0000] {dag.py:3954} INFO - Setting next_dagrun for dataset_consumes_1_never_scheduled to None, run_after=None
[2024-05-21T00:05:27.110+0000] {logging_mixin.py:188} INFO - [2024-05-21T00:05:27.110+0000] {dag.py:3954} INFO - Setting next_dagrun for dataset_consumes_unknown_never_scheduled to None, run_after=None
[2024-05-21T00:05:27.115+0000] {logging_mixin.py:188} INFO - [2024-05-21T00:05:27.115+0000] {dag.py:3954} INFO - Setting next_dagrun for dataset_produces_1 to 2024-05-20 00:00:00+00:00, run_after=2024-05-21 00:00:00+00:00
[2024-05-21T00:05:27.119+0000] {logging_mixin.py:188} INFO - [2024-05-21T00:05:27.119+0000] {dag.py:3954} INFO - Setting next_dagrun for dataset_produces_2 to None, run_after=None
[2024-05-21T00:05:27.162+0000] {processor.py:183} INFO - Processing /home/airflow/.local/lib/python3.12/site-packages/airflow/example_dags/example_datasets.py took 0.197 seconds
