[2024-05-21T00:00:20.395+0000] {processor.py:161} INFO - Started process (PID=41) to work on /home/airflow/.local/lib/python3.12/site-packages/airflow/example_dags/tutorial.py
[2024-05-21T00:00:20.396+0000] {processor.py:830} INFO - Processing file /home/airflow/.local/lib/python3.12/site-packages/airflow/example_dags/tutorial.py for tasks to queue
[2024-05-21T00:00:20.399+0000] {logging_mixin.py:188} INFO - [2024-05-21T00:00:20.398+0000] {dagbag.py:545} INFO - Filling up the DagBag from /home/airflow/.local/lib/python3.12/site-packages/airflow/example_dags/tutorial.py
[2024-05-21T00:00:20.409+0000] {processor.py:840} INFO - DAG(s) 'tutorial' retrieved from /home/airflow/.local/lib/python3.12/site-packages/airflow/example_dags/tutorial.py
[2024-05-21T00:00:20.424+0000] {logging_mixin.py:188} INFO - [2024-05-21T00:00:20.424+0000] {dag.py:3096} INFO - Sync 1 DAGs
[2024-05-21T00:00:20.454+0000] {logging_mixin.py:188} INFO - [2024-05-21T00:00:20.453+0000] {dag.py:3954} INFO - Setting next_dagrun for tutorial to 2024-05-20 00:00:00+00:00, run_after=2024-05-21 00:00:00+00:00
[2024-05-21T00:00:20.473+0000] {processor.py:183} INFO - Processing /home/airflow/.local/lib/python3.12/site-packages/airflow/example_dags/tutorial.py took 0.084 seconds
[2024-05-21T00:00:52.270+0000] {processor.py:161} INFO - Started process (PID=103) to work on /home/airflow/.local/lib/python3.12/site-packages/airflow/example_dags/tutorial.py
[2024-05-21T00:00:52.271+0000] {processor.py:830} INFO - Processing file /home/airflow/.local/lib/python3.12/site-packages/airflow/example_dags/tutorial.py for tasks to queue
[2024-05-21T00:00:52.275+0000] {logging_mixin.py:188} INFO - [2024-05-21T00:00:52.274+0000] {dagbag.py:545} INFO - Filling up the DagBag from /home/airflow/.local/lib/python3.12/site-packages/airflow/example_dags/tutorial.py
[2024-05-21T00:00:52.288+0000] {processor.py:840} INFO - DAG(s) 'tutorial' retrieved from /home/airflow/.local/lib/python3.12/site-packages/airflow/example_dags/tutorial.py
[2024-05-21T00:00:52.443+0000] {logging_mixin.py:188} INFO - [2024-05-21T00:00:52.442+0000] {dag.py:3096} INFO - Sync 1 DAGs
[2024-05-21T00:00:52.468+0000] {logging_mixin.py:188} INFO - [2024-05-21T00:00:52.468+0000] {dag.py:3954} INFO - Setting next_dagrun for tutorial to 2024-05-20 00:00:00+00:00, run_after=2024-05-21 00:00:00+00:00
[2024-05-21T00:00:52.506+0000] {processor.py:183} INFO - Processing /home/airflow/.local/lib/python3.12/site-packages/airflow/example_dags/tutorial.py took 0.248 seconds
[2024-05-21T00:01:22.983+0000] {processor.py:161} INFO - Started process (PID=163) to work on /home/airflow/.local/lib/python3.12/site-packages/airflow/example_dags/tutorial.py
[2024-05-21T00:01:22.984+0000] {processor.py:830} INFO - Processing file /home/airflow/.local/lib/python3.12/site-packages/airflow/example_dags/tutorial.py for tasks to queue
[2024-05-21T00:01:22.985+0000] {logging_mixin.py:188} INFO - [2024-05-21T00:01:22.985+0000] {dagbag.py:545} INFO - Filling up the DagBag from /home/airflow/.local/lib/python3.12/site-packages/airflow/example_dags/tutorial.py
[2024-05-21T00:01:22.991+0000] {processor.py:840} INFO - DAG(s) 'tutorial' retrieved from /home/airflow/.local/lib/python3.12/site-packages/airflow/example_dags/tutorial.py
[2024-05-21T00:01:23.008+0000] {logging_mixin.py:188} INFO - [2024-05-21T00:01:23.008+0000] {dag.py:3096} INFO - Sync 1 DAGs
[2024-05-21T00:01:23.029+0000] {logging_mixin.py:188} INFO - [2024-05-21T00:01:23.028+0000] {dag.py:3954} INFO - Setting next_dagrun for tutorial to 2024-05-20 00:00:00+00:00, run_after=2024-05-21 00:00:00+00:00
[2024-05-21T00:01:23.044+0000] {processor.py:183} INFO - Processing /home/airflow/.local/lib/python3.12/site-packages/airflow/example_dags/tutorial.py took 0.067 seconds
[2024-05-21T00:01:53.481+0000] {processor.py:161} INFO - Started process (PID=224) to work on /home/airflow/.local/lib/python3.12/site-packages/airflow/example_dags/tutorial.py
[2024-05-21T00:01:53.482+0000] {processor.py:830} INFO - Processing file /home/airflow/.local/lib/python3.12/site-packages/airflow/example_dags/tutorial.py for tasks to queue
[2024-05-21T00:01:53.484+0000] {logging_mixin.py:188} INFO - [2024-05-21T00:01:53.484+0000] {dagbag.py:545} INFO - Filling up the DagBag from /home/airflow/.local/lib/python3.12/site-packages/airflow/example_dags/tutorial.py
[2024-05-21T00:01:53.491+0000] {processor.py:840} INFO - DAG(s) 'tutorial' retrieved from /home/airflow/.local/lib/python3.12/site-packages/airflow/example_dags/tutorial.py
[2024-05-21T00:01:53.509+0000] {logging_mixin.py:188} INFO - [2024-05-21T00:01:53.509+0000] {dag.py:3096} INFO - Sync 1 DAGs
[2024-05-21T00:01:53.530+0000] {logging_mixin.py:188} INFO - [2024-05-21T00:01:53.529+0000] {dag.py:3954} INFO - Setting next_dagrun for tutorial to 2024-05-20 00:00:00+00:00, run_after=2024-05-21 00:00:00+00:00
[2024-05-21T00:01:53.548+0000] {processor.py:183} INFO - Processing /home/airflow/.local/lib/python3.12/site-packages/airflow/example_dags/tutorial.py took 0.072 seconds
[2024-05-21T00:02:24.286+0000] {processor.py:161} INFO - Started process (PID=284) to work on /home/airflow/.local/lib/python3.12/site-packages/airflow/example_dags/tutorial.py
[2024-05-21T00:02:24.287+0000] {processor.py:830} INFO - Processing file /home/airflow/.local/lib/python3.12/site-packages/airflow/example_dags/tutorial.py for tasks to queue
[2024-05-21T00:02:24.291+0000] {logging_mixin.py:188} INFO - [2024-05-21T00:02:24.290+0000] {dagbag.py:545} INFO - Filling up the DagBag from /home/airflow/.local/lib/python3.12/site-packages/airflow/example_dags/tutorial.py
[2024-05-21T00:02:24.299+0000] {processor.py:840} INFO - DAG(s) 'tutorial' retrieved from /home/airflow/.local/lib/python3.12/site-packages/airflow/example_dags/tutorial.py
[2024-05-21T00:02:24.327+0000] {logging_mixin.py:188} INFO - [2024-05-21T00:02:24.326+0000] {dag.py:3096} INFO - Sync 1 DAGs
[2024-05-21T00:02:24.359+0000] {logging_mixin.py:188} INFO - [2024-05-21T00:02:24.359+0000] {dag.py:3954} INFO - Setting next_dagrun for tutorial to 2024-05-20 00:00:00+00:00, run_after=2024-05-21 00:00:00+00:00
[2024-05-21T00:02:24.385+0000] {processor.py:183} INFO - Processing /home/airflow/.local/lib/python3.12/site-packages/airflow/example_dags/tutorial.py took 0.109 seconds
[2024-05-21T00:02:54.561+0000] {processor.py:161} INFO - Started process (PID=344) to work on /home/airflow/.local/lib/python3.12/site-packages/airflow/example_dags/tutorial.py
[2024-05-21T00:02:54.562+0000] {processor.py:830} INFO - Processing file /home/airflow/.local/lib/python3.12/site-packages/airflow/example_dags/tutorial.py for tasks to queue
[2024-05-21T00:02:54.563+0000] {logging_mixin.py:188} INFO - [2024-05-21T00:02:54.563+0000] {dagbag.py:545} INFO - Filling up the DagBag from /home/airflow/.local/lib/python3.12/site-packages/airflow/example_dags/tutorial.py
[2024-05-21T00:02:54.569+0000] {processor.py:840} INFO - DAG(s) 'tutorial' retrieved from /home/airflow/.local/lib/python3.12/site-packages/airflow/example_dags/tutorial.py
[2024-05-21T00:02:54.585+0000] {logging_mixin.py:188} INFO - [2024-05-21T00:02:54.585+0000] {dag.py:3096} INFO - Sync 1 DAGs
[2024-05-21T00:02:54.606+0000] {logging_mixin.py:188} INFO - [2024-05-21T00:02:54.605+0000] {dag.py:3954} INFO - Setting next_dagrun for tutorial to 2024-05-20 00:00:00+00:00, run_after=2024-05-21 00:00:00+00:00
[2024-05-21T00:02:54.625+0000] {processor.py:183} INFO - Processing /home/airflow/.local/lib/python3.12/site-packages/airflow/example_dags/tutorial.py took 0.069 seconds
[2024-05-21T00:03:24.944+0000] {processor.py:161} INFO - Started process (PID=416) to work on /home/airflow/.local/lib/python3.12/site-packages/airflow/example_dags/tutorial.py
[2024-05-21T00:03:24.953+0000] {processor.py:830} INFO - Processing file /home/airflow/.local/lib/python3.12/site-packages/airflow/example_dags/tutorial.py for tasks to queue
[2024-05-21T00:03:24.961+0000] {logging_mixin.py:188} INFO - [2024-05-21T00:03:24.960+0000] {dagbag.py:545} INFO - Filling up the DagBag from /home/airflow/.local/lib/python3.12/site-packages/airflow/example_dags/tutorial.py
[2024-05-21T00:03:24.974+0000] {processor.py:840} INFO - DAG(s) 'tutorial' retrieved from /home/airflow/.local/lib/python3.12/site-packages/airflow/example_dags/tutorial.py
[2024-05-21T00:03:25.050+0000] {logging_mixin.py:188} INFO - [2024-05-21T00:03:25.049+0000] {dag.py:3096} INFO - Sync 1 DAGs
[2024-05-21T00:03:25.155+0000] {logging_mixin.py:188} INFO - [2024-05-21T00:03:25.155+0000] {dag.py:3954} INFO - Setting next_dagrun for tutorial to 2024-05-20 00:00:00+00:00, run_after=2024-05-21 00:00:00+00:00
[2024-05-21T00:03:25.191+0000] {processor.py:183} INFO - Processing /home/airflow/.local/lib/python3.12/site-packages/airflow/example_dags/tutorial.py took 0.273 seconds
[2024-05-21T00:03:55.475+0000] {processor.py:161} INFO - Started process (PID=476) to work on /home/airflow/.local/lib/python3.12/site-packages/airflow/example_dags/tutorial.py
[2024-05-21T00:03:55.476+0000] {processor.py:830} INFO - Processing file /home/airflow/.local/lib/python3.12/site-packages/airflow/example_dags/tutorial.py for tasks to queue
[2024-05-21T00:03:55.479+0000] {logging_mixin.py:188} INFO - [2024-05-21T00:03:55.479+0000] {dagbag.py:545} INFO - Filling up the DagBag from /home/airflow/.local/lib/python3.12/site-packages/airflow/example_dags/tutorial.py
[2024-05-21T00:03:55.488+0000] {processor.py:840} INFO - DAG(s) 'tutorial' retrieved from /home/airflow/.local/lib/python3.12/site-packages/airflow/example_dags/tutorial.py
[2024-05-21T00:03:55.520+0000] {logging_mixin.py:188} INFO - [2024-05-21T00:03:55.519+0000] {dag.py:3096} INFO - Sync 1 DAGs
[2024-05-21T00:03:55.553+0000] {logging_mixin.py:188} INFO - [2024-05-21T00:03:55.553+0000] {dag.py:3954} INFO - Setting next_dagrun for tutorial to 2024-05-20 00:00:00+00:00, run_after=2024-05-21 00:00:00+00:00
[2024-05-21T00:03:55.582+0000] {processor.py:183} INFO - Processing /home/airflow/.local/lib/python3.12/site-packages/airflow/example_dags/tutorial.py took 0.116 seconds
[2024-05-21T00:04:26.428+0000] {processor.py:161} INFO - Started process (PID=535) to work on /home/airflow/.local/lib/python3.12/site-packages/airflow/example_dags/tutorial.py
[2024-05-21T00:04:26.430+0000] {processor.py:830} INFO - Processing file /home/airflow/.local/lib/python3.12/site-packages/airflow/example_dags/tutorial.py for tasks to queue
[2024-05-21T00:04:26.434+0000] {logging_mixin.py:188} INFO - [2024-05-21T00:04:26.433+0000] {dagbag.py:545} INFO - Filling up the DagBag from /home/airflow/.local/lib/python3.12/site-packages/airflow/example_dags/tutorial.py
[2024-05-21T00:04:26.445+0000] {processor.py:840} INFO - DAG(s) 'tutorial' retrieved from /home/airflow/.local/lib/python3.12/site-packages/airflow/example_dags/tutorial.py
[2024-05-21T00:04:26.478+0000] {logging_mixin.py:188} INFO - [2024-05-21T00:04:26.478+0000] {dag.py:3096} INFO - Sync 1 DAGs
[2024-05-21T00:04:26.515+0000] {logging_mixin.py:188} INFO - [2024-05-21T00:04:26.514+0000] {dag.py:3954} INFO - Setting next_dagrun for tutorial to 2024-05-20 00:00:00+00:00, run_after=2024-05-21 00:00:00+00:00
[2024-05-21T00:04:26.536+0000] {processor.py:183} INFO - Processing /home/airflow/.local/lib/python3.12/site-packages/airflow/example_dags/tutorial.py took 0.120 seconds
[2024-05-21T00:04:56.776+0000] {processor.py:161} INFO - Started process (PID=595) to work on /home/airflow/.local/lib/python3.12/site-packages/airflow/example_dags/tutorial.py
[2024-05-21T00:04:56.777+0000] {processor.py:830} INFO - Processing file /home/airflow/.local/lib/python3.12/site-packages/airflow/example_dags/tutorial.py for tasks to queue
[2024-05-21T00:04:56.779+0000] {logging_mixin.py:188} INFO - [2024-05-21T00:04:56.779+0000] {dagbag.py:545} INFO - Filling up the DagBag from /home/airflow/.local/lib/python3.12/site-packages/airflow/example_dags/tutorial.py
[2024-05-21T00:04:56.784+0000] {processor.py:840} INFO - DAG(s) 'tutorial' retrieved from /home/airflow/.local/lib/python3.12/site-packages/airflow/example_dags/tutorial.py
[2024-05-21T00:04:56.802+0000] {logging_mixin.py:188} INFO - [2024-05-21T00:04:56.801+0000] {dag.py:3096} INFO - Sync 1 DAGs
[2024-05-21T00:04:56.824+0000] {logging_mixin.py:188} INFO - [2024-05-21T00:04:56.824+0000] {dag.py:3954} INFO - Setting next_dagrun for tutorial to 2024-05-20 00:00:00+00:00, run_after=2024-05-21 00:00:00+00:00
[2024-05-21T00:04:56.855+0000] {processor.py:183} INFO - Processing /home/airflow/.local/lib/python3.12/site-packages/airflow/example_dags/tutorial.py took 0.084 seconds
[2024-05-21T00:05:27.287+0000] {processor.py:161} INFO - Started process (PID=659) to work on /home/airflow/.local/lib/python3.12/site-packages/airflow/example_dags/tutorial.py
[2024-05-21T00:05:27.288+0000] {processor.py:830} INFO - Processing file /home/airflow/.local/lib/python3.12/site-packages/airflow/example_dags/tutorial.py for tasks to queue
[2024-05-21T00:05:27.291+0000] {logging_mixin.py:188} INFO - [2024-05-21T00:05:27.290+0000] {dagbag.py:545} INFO - Filling up the DagBag from /home/airflow/.local/lib/python3.12/site-packages/airflow/example_dags/tutorial.py
[2024-05-21T00:05:27.297+0000] {processor.py:840} INFO - DAG(s) 'tutorial' retrieved from /home/airflow/.local/lib/python3.12/site-packages/airflow/example_dags/tutorial.py
[2024-05-21T00:05:27.315+0000] {logging_mixin.py:188} INFO - [2024-05-21T00:05:27.315+0000] {dag.py:3096} INFO - Sync 1 DAGs
[2024-05-21T00:05:27.339+0000] {logging_mixin.py:188} INFO - [2024-05-21T00:05:27.338+0000] {dag.py:3954} INFO - Setting next_dagrun for tutorial to 2024-05-20 00:00:00+00:00, run_after=2024-05-21 00:00:00+00:00
[2024-05-21T00:05:27.356+0000] {processor.py:183} INFO - Processing /home/airflow/.local/lib/python3.12/site-packages/airflow/example_dags/tutorial.py took 0.076 seconds
