[2024-06-05T00:59:11.775+0000] {local_task_job_runner.py:120} INFO - ::group::Pre task execution logs
[2024-06-05T00:59:11.816+0000] {taskinstance.py:2076} INFO - Dependencies all met for dep_context=non-requeueable deps ti=<TaskInstance: dados_climaticos_estruturados.criar_pasta scheduled__2024-05-30T04:45:00+00:00 [queued]>
[2024-06-05T00:59:11.831+0000] {taskinstance.py:2076} INFO - Dependencies all met for dep_context=requeueable deps ti=<TaskInstance: dados_climaticos_estruturados.criar_pasta scheduled__2024-05-30T04:45:00+00:00 [queued]>
[2024-06-05T00:59:11.833+0000] {taskinstance.py:2306} INFO - Starting attempt 1 of 1
[2024-06-05T00:59:11.856+0000] {taskinstance.py:2330} INFO - Executing <Task(PythonOperator): criar_pasta> on 2024-05-30 04:45:00+00:00
[2024-06-05T00:59:11.871+0000] {warnings.py:110} WARNING - /home/***/.local/lib/python3.12/site-packages/***/task/task_runner/standard_task_runner.py:61: DeprecationWarning: This process (pid=2396) is multi-threaded, use of fork() may lead to deadlocks in the child.
  pid = os.fork()

[2024-06-05T00:59:11.874+0000] {standard_task_runner.py:90} INFO - Running: ['***', 'tasks', 'run', 'dados_climaticos_estruturados', 'criar_pasta', 'scheduled__2024-05-30T04:45:00+00:00', '--job-id', '1143', '--raw', '--subdir', 'DAGS_FOLDER/weather/custom_dags/dados_climaticos_estruturados.py', '--cfg-path', '/tmp/tmp_62_24pl']
[2024-06-05T00:59:11.875+0000] {standard_task_runner.py:63} INFO - Started process 2421 to run task
[2024-06-05T00:59:11.876+0000] {standard_task_runner.py:91} INFO - Job 1143: Subtask criar_pasta
[2024-06-05T00:59:11.977+0000] {task_command.py:426} INFO - Running <TaskInstance: dados_climaticos_estruturados.criar_pasta scheduled__2024-05-30T04:45:00+00:00 [running]> on host 6665b0710315
[2024-06-05T00:59:12.178+0000] {taskinstance.py:2648} INFO - Exporting env vars: AIRFLOW_CTX_DAG_OWNER='***' AIRFLOW_CTX_DAG_ID='dados_climaticos_estruturados' AIRFLOW_CTX_TASK_ID='criar_pasta' AIRFLOW_CTX_EXECUTION_DATE='2024-05-30T04:45:00+00:00' AIRFLOW_CTX_TRY_NUMBER='1' AIRFLOW_CTX_DAG_RUN_ID='scheduled__2024-05-30T04:45:00+00:00'
[2024-06-05T00:59:12.181+0000] {taskinstance.py:430} INFO - ::endgroup::
[2024-06-05T00:59:12.184+0000] {python.py:237} INFO - Done. Returned value was: None
[2024-06-05T00:59:12.185+0000] {taskinstance.py:441} INFO - ::group::Post task execution logs
[2024-06-05T00:59:12.208+0000] {taskinstance.py:1206} INFO - Marking task as SUCCESS. dag_id=dados_climaticos_estruturados, task_id=criar_pasta, run_id=scheduled__2024-05-30T04:45:00+00:00, execution_date=20240530T044500, start_date=20240605T005911, end_date=20240605T005912
[2024-06-05T00:59:12.276+0000] {local_task_job_runner.py:240} INFO - Task exited with return code 0
[2024-06-05T00:59:12.305+0000] {local_task_job_runner.py:222} INFO - ::endgroup::
[2024-06-05T01:39:08.798+0000] {local_task_job_runner.py:120} INFO - ::group::Pre task execution logs
[2024-06-05T01:39:08.834+0000] {taskinstance.py:2076} INFO - Dependencies all met for dep_context=non-requeueable deps ti=<TaskInstance: dados_climaticos_estruturados.criar_pasta scheduled__2024-05-30T04:45:00+00:00 [queued]>
[2024-06-05T01:39:08.852+0000] {taskinstance.py:2076} INFO - Dependencies all met for dep_context=requeueable deps ti=<TaskInstance: dados_climaticos_estruturados.criar_pasta scheduled__2024-05-30T04:45:00+00:00 [queued]>
[2024-06-05T01:39:08.853+0000] {taskinstance.py:2306} INFO - Starting attempt 1 of 1
[2024-06-05T01:39:09.049+0000] {taskinstance.py:2330} INFO - Executing <Task(PythonOperator): criar_pasta> on 2024-05-30 04:45:00+00:00
[2024-06-05T01:39:09.068+0000] {warnings.py:110} WARNING - /home/***/.local/lib/python3.12/site-packages/***/task/task_runner/standard_task_runner.py:61: DeprecationWarning: This process (pid=2397) is multi-threaded, use of fork() may lead to deadlocks in the child.
  pid = os.fork()

[2024-06-05T01:39:09.080+0000] {standard_task_runner.py:63} INFO - Started process 2416 to run task
[2024-06-05T01:39:09.075+0000] {standard_task_runner.py:90} INFO - Running: ['***', 'tasks', 'run', 'dados_climaticos_estruturados', 'criar_pasta', 'scheduled__2024-05-30T04:45:00+00:00', '--job-id', '756', '--raw', '--subdir', 'DAGS_FOLDER/weather/custom_dags/dados_climaticos_estruturados.py', '--cfg-path', '/tmp/tmpsm7ybock']
[2024-06-05T01:39:09.092+0000] {standard_task_runner.py:91} INFO - Job 756: Subtask criar_pasta
[2024-06-05T01:39:09.210+0000] {task_command.py:426} INFO - Running <TaskInstance: dados_climaticos_estruturados.criar_pasta scheduled__2024-05-30T04:45:00+00:00 [running]> on host 80232deae70a
[2024-06-05T01:39:09.415+0000] {taskinstance.py:2648} INFO - Exporting env vars: AIRFLOW_CTX_DAG_OWNER='***' AIRFLOW_CTX_DAG_ID='dados_climaticos_estruturados' AIRFLOW_CTX_TASK_ID='criar_pasta' AIRFLOW_CTX_EXECUTION_DATE='2024-05-30T04:45:00+00:00' AIRFLOW_CTX_TRY_NUMBER='1' AIRFLOW_CTX_DAG_RUN_ID='scheduled__2024-05-30T04:45:00+00:00'
[2024-06-05T01:39:09.423+0000] {taskinstance.py:430} INFO - ::endgroup::
[2024-06-05T01:39:09.428+0000] {python.py:237} INFO - Done. Returned value was: None
[2024-06-05T01:39:09.428+0000] {taskinstance.py:441} INFO - ::group::Post task execution logs
[2024-06-05T01:39:09.459+0000] {taskinstance.py:1206} INFO - Marking task as SUCCESS. dag_id=dados_climaticos_estruturados, task_id=criar_pasta, run_id=scheduled__2024-05-30T04:45:00+00:00, execution_date=20240530T044500, start_date=20240605T013908, end_date=20240605T013909
[2024-06-05T01:39:09.526+0000] {local_task_job_runner.py:240} INFO - Task exited with return code 0
[2024-06-05T01:39:09.602+0000] {taskinstance.py:3498} INFO - 1 downstream tasks scheduled from follow-on schedule check
[2024-06-05T01:39:09.608+0000] {local_task_job_runner.py:222} INFO - ::endgroup::
