[2024-06-05T01:02:28.168+0000] {local_task_job_runner.py:120} INFO - ::group::Pre task execution logs
[2024-06-05T01:02:28.250+0000] {taskinstance.py:2076} INFO - Dependencies all met for dep_context=non-requeueable deps ti=<TaskInstance: dados_climaticos_estruturados.criar_pasta scheduled__2024-05-30T21:15:00+00:00 [queued]>
[2024-06-05T01:02:28.267+0000] {taskinstance.py:2076} INFO - Dependencies all met for dep_context=requeueable deps ti=<TaskInstance: dados_climaticos_estruturados.criar_pasta scheduled__2024-05-30T21:15:00+00:00 [queued]>
[2024-06-05T01:02:28.270+0000] {taskinstance.py:2306} INFO - Starting attempt 1 of 1
[2024-06-05T01:02:28.303+0000] {taskinstance.py:2330} INFO - Executing <Task(PythonOperator): criar_pasta> on 2024-05-30 21:15:00+00:00
[2024-06-05T01:02:28.338+0000] {warnings.py:110} WARNING - /home/***/.local/lib/python3.12/site-packages/***/task/task_runner/standard_task_runner.py:61: DeprecationWarning: This process (pid=3598) is multi-threaded, use of fork() may lead to deadlocks in the child.
  pid = os.fork()

[2024-06-05T01:02:28.345+0000] {standard_task_runner.py:63} INFO - Started process 3629 to run task
[2024-06-05T01:02:28.343+0000] {standard_task_runner.py:90} INFO - Running: ['***', 'tasks', 'run', 'dados_climaticos_estruturados', 'criar_pasta', 'scheduled__2024-05-30T21:15:00+00:00', '--job-id', '1531', '--raw', '--subdir', 'DAGS_FOLDER/weather/custom_dags/dados_climaticos_estruturados.py', '--cfg-path', '/tmp/tmpqwajre9y']
[2024-06-05T01:02:28.348+0000] {standard_task_runner.py:91} INFO - Job 1531: Subtask criar_pasta
[2024-06-05T01:02:28.491+0000] {task_command.py:426} INFO - Running <TaskInstance: dados_climaticos_estruturados.criar_pasta scheduled__2024-05-30T21:15:00+00:00 [running]> on host 6665b0710315
[2024-06-05T01:02:28.816+0000] {taskinstance.py:2648} INFO - Exporting env vars: AIRFLOW_CTX_DAG_OWNER='***' AIRFLOW_CTX_DAG_ID='dados_climaticos_estruturados' AIRFLOW_CTX_TASK_ID='criar_pasta' AIRFLOW_CTX_EXECUTION_DATE='2024-05-30T21:15:00+00:00' AIRFLOW_CTX_TRY_NUMBER='1' AIRFLOW_CTX_DAG_RUN_ID='scheduled__2024-05-30T21:15:00+00:00'
[2024-06-05T01:02:28.819+0000] {taskinstance.py:430} INFO - ::endgroup::
[2024-06-05T01:02:28.823+0000] {python.py:237} INFO - Done. Returned value was: None
[2024-06-05T01:02:28.825+0000] {taskinstance.py:441} INFO - ::group::Post task execution logs
[2024-06-05T01:02:28.847+0000] {taskinstance.py:1206} INFO - Marking task as SUCCESS. dag_id=dados_climaticos_estruturados, task_id=criar_pasta, run_id=scheduled__2024-05-30T21:15:00+00:00, execution_date=20240530T211500, start_date=20240605T010228, end_date=20240605T010228
[2024-06-05T01:02:28.902+0000] {local_task_job_runner.py:240} INFO - Task exited with return code 0
[2024-06-05T01:02:28.933+0000] {local_task_job_runner.py:222} INFO - ::endgroup::
[2024-06-05T01:42:05.301+0000] {local_task_job_runner.py:120} INFO - ::group::Pre task execution logs
[2024-06-05T01:42:05.344+0000] {taskinstance.py:2076} INFO - Dependencies all met for dep_context=non-requeueable deps ti=<TaskInstance: dados_climaticos_estruturados.criar_pasta scheduled__2024-05-30T21:15:00+00:00 [queued]>
[2024-06-05T01:42:05.359+0000] {taskinstance.py:2076} INFO - Dependencies all met for dep_context=requeueable deps ti=<TaskInstance: dados_climaticos_estruturados.criar_pasta scheduled__2024-05-30T21:15:00+00:00 [queued]>
[2024-06-05T01:42:05.361+0000] {taskinstance.py:2306} INFO - Starting attempt 1 of 1
[2024-06-05T01:42:05.392+0000] {taskinstance.py:2330} INFO - Executing <Task(PythonOperator): criar_pasta> on 2024-05-30 21:15:00+00:00
[2024-06-05T01:42:05.405+0000] {warnings.py:110} WARNING - /home/***/.local/lib/python3.12/site-packages/***/task/task_runner/standard_task_runner.py:61: DeprecationWarning: This process (pid=3587) is multi-threaded, use of fork() may lead to deadlocks in the child.
  pid = os.fork()

[2024-06-05T01:42:05.408+0000] {standard_task_runner.py:90} INFO - Running: ['***', 'tasks', 'run', 'dados_climaticos_estruturados', 'criar_pasta', 'scheduled__2024-05-30T21:15:00+00:00', '--job-id', '1144', '--raw', '--subdir', 'DAGS_FOLDER/weather/custom_dags/dados_climaticos_estruturados.py', '--cfg-path', '/tmp/tmprdqr5bfd']
[2024-06-05T01:42:05.411+0000] {standard_task_runner.py:63} INFO - Started process 3615 to run task
[2024-06-05T01:42:05.417+0000] {standard_task_runner.py:91} INFO - Job 1144: Subtask criar_pasta
[2024-06-05T01:42:05.516+0000] {task_command.py:426} INFO - Running <TaskInstance: dados_climaticos_estruturados.criar_pasta scheduled__2024-05-30T21:15:00+00:00 [running]> on host 80232deae70a
[2024-06-05T01:42:05.831+0000] {taskinstance.py:2648} INFO - Exporting env vars: AIRFLOW_CTX_DAG_OWNER='***' AIRFLOW_CTX_DAG_ID='dados_climaticos_estruturados' AIRFLOW_CTX_TASK_ID='criar_pasta' AIRFLOW_CTX_EXECUTION_DATE='2024-05-30T21:15:00+00:00' AIRFLOW_CTX_TRY_NUMBER='1' AIRFLOW_CTX_DAG_RUN_ID='scheduled__2024-05-30T21:15:00+00:00'
[2024-06-05T01:42:05.838+0000] {taskinstance.py:430} INFO - ::endgroup::
[2024-06-05T01:42:05.847+0000] {python.py:237} INFO - Done. Returned value was: None
[2024-06-05T01:42:05.850+0000] {taskinstance.py:441} INFO - ::group::Post task execution logs
[2024-06-05T01:42:05.878+0000] {taskinstance.py:1206} INFO - Marking task as SUCCESS. dag_id=dados_climaticos_estruturados, task_id=criar_pasta, run_id=scheduled__2024-05-30T21:15:00+00:00, execution_date=20240530T211500, start_date=20240605T014205, end_date=20240605T014205
[2024-06-05T01:42:05.935+0000] {local_task_job_runner.py:240} INFO - Task exited with return code 0
[2024-06-05T01:42:05.982+0000] {taskinstance.py:3498} INFO - 1 downstream tasks scheduled from follow-on schedule check
[2024-06-05T01:42:05.986+0000] {local_task_job_runner.py:222} INFO - ::endgroup::
