[2024-06-18T01:05:03.298+0000] {local_task_job_runner.py:120} INFO - ::group::Pre task execution logs
[2024-06-18T01:05:03.341+0000] {taskinstance.py:2076} INFO - Dependencies all met for dep_context=non-requeueable deps ti=<TaskInstance: dados_climaticos_estruturados.criar_pasta scheduled__2024-06-18T01:00:00+00:00 [queued]>
[2024-06-18T01:05:03.357+0000] {taskinstance.py:2076} INFO - Dependencies all met for dep_context=requeueable deps ti=<TaskInstance: dados_climaticos_estruturados.criar_pasta scheduled__2024-06-18T01:00:00+00:00 [queued]>
[2024-06-18T01:05:03.358+0000] {taskinstance.py:2306} INFO - Starting attempt 1 of 1
[2024-06-18T01:05:03.388+0000] {taskinstance.py:2330} INFO - Executing <Task(PythonOperator): criar_pasta> on 2024-06-18 01:00:00+00:00
[2024-06-18T01:05:03.399+0000] {warnings.py:110} WARNING - /home/***/.local/lib/python3.12/site-packages/***/task/task_runner/standard_task_runner.py:61: DeprecationWarning: This process (pid=262) is multi-threaded, use of fork() may lead to deadlocks in the child.
  pid = os.fork()

[2024-06-18T01:05:03.403+0000] {standard_task_runner.py:63} INFO - Started process 264 to run task
[2024-06-18T01:05:03.405+0000] {standard_task_runner.py:90} INFO - Running: ['***', 'tasks', 'run', 'dados_climaticos_estruturados', 'criar_pasta', 'scheduled__2024-06-18T01:00:00+00:00', '--job-id', '2129', '--raw', '--subdir', 'DAGS_FOLDER/weather/custom_dags/dados_climaticos_estruturados.py', '--cfg-path', '/tmp/tmp61gh6nqm']
[2024-06-18T01:05:03.407+0000] {standard_task_runner.py:91} INFO - Job 2129: Subtask criar_pasta
[2024-06-18T01:05:03.508+0000] {task_command.py:426} INFO - Running <TaskInstance: dados_climaticos_estruturados.criar_pasta scheduled__2024-06-18T01:00:00+00:00 [running]> on host b64f33cb53b1
[2024-06-18T01:05:03.703+0000] {taskinstance.py:2648} INFO - Exporting env vars: AIRFLOW_CTX_DAG_OWNER='***' AIRFLOW_CTX_DAG_ID='dados_climaticos_estruturados' AIRFLOW_CTX_TASK_ID='criar_pasta' AIRFLOW_CTX_EXECUTION_DATE='2024-06-18T01:00:00+00:00' AIRFLOW_CTX_TRY_NUMBER='1' AIRFLOW_CTX_DAG_RUN_ID='scheduled__2024-06-18T01:00:00+00:00'
[2024-06-18T01:05:03.706+0000] {taskinstance.py:430} INFO - ::endgroup::
[2024-06-18T01:05:03.708+0000] {python.py:237} INFO - Done. Returned value was: None
[2024-06-18T01:05:03.709+0000] {taskinstance.py:441} INFO - ::group::Post task execution logs
[2024-06-18T01:05:03.728+0000] {taskinstance.py:1206} INFO - Marking task as SUCCESS. dag_id=dados_climaticos_estruturados, task_id=criar_pasta, run_id=scheduled__2024-06-18T01:00:00+00:00, execution_date=20240618T010000, start_date=20240618T010503, end_date=20240618T010503
[2024-06-18T01:05:03.791+0000] {local_task_job_runner.py:240} INFO - Task exited with return code 0
[2024-06-18T01:05:03.843+0000] {taskinstance.py:3498} INFO - 1 downstream tasks scheduled from follow-on schedule check
[2024-06-18T01:05:03.847+0000] {local_task_job_runner.py:222} INFO - ::endgroup::
[2024-06-18T01:30:08.795+0000] {local_task_job_runner.py:120} INFO - ::group::Pre task execution logs
[2024-06-18T01:30:08.844+0000] {taskinstance.py:2076} INFO - Dependencies all met for dep_context=non-requeueable deps ti=<TaskInstance: dados_climaticos_estruturados.criar_pasta scheduled__2024-06-18T01:00:00+00:00 [queued]>
[2024-06-18T01:30:08.884+0000] {taskinstance.py:2076} INFO - Dependencies all met for dep_context=requeueable deps ti=<TaskInstance: dados_climaticos_estruturados.criar_pasta scheduled__2024-06-18T01:00:00+00:00 [queued]>
[2024-06-18T01:30:08.886+0000] {taskinstance.py:2306} INFO - Starting attempt 1 of 1
[2024-06-18T01:30:08.932+0000] {taskinstance.py:2330} INFO - Executing <Task(PythonOperator): criar_pasta> on 2024-06-18 01:00:00+00:00
[2024-06-18T01:30:08.957+0000] {warnings.py:110} WARNING - /home/***/.local/lib/python3.12/site-packages/***/task/task_runner/standard_task_runner.py:61: DeprecationWarning: This process (pid=389) is multi-threaded, use of fork() may lead to deadlocks in the child.
  pid = os.fork()

[2024-06-18T01:30:08.962+0000] {standard_task_runner.py:63} INFO - Started process 410 to run task
[2024-06-18T01:30:08.963+0000] {standard_task_runner.py:90} INFO - Running: ['***', 'tasks', 'run', 'dados_climaticos_estruturados', 'criar_pasta', 'scheduled__2024-06-18T01:00:00+00:00', '--job-id', '75', '--raw', '--subdir', 'DAGS_FOLDER/weather/custom_dags/dados_climaticos_estruturados.py', '--cfg-path', '/tmp/tmpz41lu1i9']
[2024-06-18T01:30:08.970+0000] {standard_task_runner.py:91} INFO - Job 75: Subtask criar_pasta
[2024-06-18T01:30:09.103+0000] {task_command.py:426} INFO - Running <TaskInstance: dados_climaticos_estruturados.criar_pasta scheduled__2024-06-18T01:00:00+00:00 [running]> on host bd8fdde9baa6
[2024-06-18T01:30:09.266+0000] {taskinstance.py:2648} INFO - Exporting env vars: AIRFLOW_CTX_DAG_OWNER='***' AIRFLOW_CTX_DAG_ID='dados_climaticos_estruturados' AIRFLOW_CTX_TASK_ID='criar_pasta' AIRFLOW_CTX_EXECUTION_DATE='2024-06-18T01:00:00+00:00' AIRFLOW_CTX_TRY_NUMBER='1' AIRFLOW_CTX_DAG_RUN_ID='scheduled__2024-06-18T01:00:00+00:00'
[2024-06-18T01:30:09.271+0000] {taskinstance.py:430} INFO - ::endgroup::
[2024-06-18T01:30:09.277+0000] {python.py:237} INFO - Done. Returned value was: None
[2024-06-18T01:30:09.278+0000] {taskinstance.py:441} INFO - ::group::Post task execution logs
[2024-06-18T01:30:09.298+0000] {taskinstance.py:1206} INFO - Marking task as SUCCESS. dag_id=dados_climaticos_estruturados, task_id=criar_pasta, run_id=scheduled__2024-06-18T01:00:00+00:00, execution_date=20240618T010000, start_date=20240618T013008, end_date=20240618T013009
[2024-06-18T01:30:09.355+0000] {local_task_job_runner.py:240} INFO - Task exited with return code 0
[2024-06-18T01:30:09.403+0000] {taskinstance.py:3498} INFO - 1 downstream tasks scheduled from follow-on schedule check
[2024-06-18T01:30:09.408+0000] {local_task_job_runner.py:222} INFO - ::endgroup::
