[2024-06-05T00:53:59.079+0000] {local_task_job_runner.py:120} INFO - ::group::Pre task execution logs
[2024-06-05T00:53:59.115+0000] {taskinstance.py:2076} INFO - Dependencies all met for dep_context=non-requeueable deps ti=<TaskInstance: dados_climaticos_estruturados.criar_pasta scheduled__2024-05-29T01:50:00+00:00 [queued]>
[2024-06-05T00:53:59.134+0000] {taskinstance.py:2076} INFO - Dependencies all met for dep_context=requeueable deps ti=<TaskInstance: dados_climaticos_estruturados.criar_pasta scheduled__2024-05-29T01:50:00+00:00 [queued]>
[2024-06-05T00:53:59.142+0000] {taskinstance.py:2306} INFO - Starting attempt 1 of 1
[2024-06-05T00:53:59.199+0000] {taskinstance.py:2330} INFO - Executing <Task(PythonOperator): criar_pasta> on 2024-05-29 01:50:00+00:00
[2024-06-05T00:53:59.229+0000] {warnings.py:110} WARNING - /home/***/.local/lib/python3.12/site-packages/***/task/task_runner/standard_task_runner.py:61: DeprecationWarning: This process (pid=379) is multi-threaded, use of fork() may lead to deadlocks in the child.
  pid = os.fork()

[2024-06-05T00:53:59.236+0000] {standard_task_runner.py:63} INFO - Started process 405 to run task
[2024-06-05T00:53:59.239+0000] {standard_task_runner.py:90} INFO - Running: ['***', 'tasks', 'run', 'dados_climaticos_estruturados', 'criar_pasta', 'scheduled__2024-05-29T01:50:00+00:00', '--job-id', '490', '--raw', '--subdir', 'DAGS_FOLDER/weather/custom_dags/dados_climaticos_estruturados.py', '--cfg-path', '/tmp/tmpe52z9vhi']
[2024-06-05T00:53:59.244+0000] {standard_task_runner.py:91} INFO - Job 490: Subtask criar_pasta
[2024-06-05T00:53:59.391+0000] {task_command.py:426} INFO - Running <TaskInstance: dados_climaticos_estruturados.criar_pasta scheduled__2024-05-29T01:50:00+00:00 [running]> on host 6665b0710315
[2024-06-05T00:53:59.622+0000] {taskinstance.py:2648} INFO - Exporting env vars: AIRFLOW_CTX_DAG_OWNER='***' AIRFLOW_CTX_DAG_ID='dados_climaticos_estruturados' AIRFLOW_CTX_TASK_ID='criar_pasta' AIRFLOW_CTX_EXECUTION_DATE='2024-05-29T01:50:00+00:00' AIRFLOW_CTX_TRY_NUMBER='1' AIRFLOW_CTX_DAG_RUN_ID='scheduled__2024-05-29T01:50:00+00:00'
[2024-06-05T00:53:59.625+0000] {taskinstance.py:430} INFO - ::endgroup::
[2024-06-05T00:53:59.629+0000] {python.py:237} INFO - Done. Returned value was: None
[2024-06-05T00:53:59.633+0000] {taskinstance.py:441} INFO - ::group::Post task execution logs
[2024-06-05T00:53:59.659+0000] {taskinstance.py:1206} INFO - Marking task as SUCCESS. dag_id=dados_climaticos_estruturados, task_id=criar_pasta, run_id=scheduled__2024-05-29T01:50:00+00:00, execution_date=20240529T015000, start_date=20240605T005359, end_date=20240605T005359
[2024-06-05T00:53:59.749+0000] {local_task_job_runner.py:240} INFO - Task exited with return code 0
[2024-06-05T00:53:59.819+0000] {taskinstance.py:3498} INFO - 1 downstream tasks scheduled from follow-on schedule check
[2024-06-05T00:53:59.837+0000] {local_task_job_runner.py:222} INFO - ::endgroup::
[2024-06-05T01:33:43.303+0000] {local_task_job_runner.py:120} INFO - ::group::Pre task execution logs
[2024-06-05T01:33:43.344+0000] {taskinstance.py:2076} INFO - Dependencies all met for dep_context=non-requeueable deps ti=<TaskInstance: dados_climaticos_estruturados.criar_pasta scheduled__2024-05-29T01:50:00+00:00 [queued]>
[2024-06-05T01:33:43.362+0000] {taskinstance.py:2076} INFO - Dependencies all met for dep_context=requeueable deps ti=<TaskInstance: dados_climaticos_estruturados.criar_pasta scheduled__2024-05-29T01:50:00+00:00 [queued]>
[2024-06-05T01:33:43.366+0000] {taskinstance.py:2306} INFO - Starting attempt 1 of 1
[2024-06-05T01:33:43.399+0000] {taskinstance.py:2330} INFO - Executing <Task(PythonOperator): criar_pasta> on 2024-05-29 01:50:00+00:00
[2024-06-05T01:33:43.421+0000] {warnings.py:110} WARNING - /home/***/.local/lib/python3.12/site-packages/***/task/task_runner/standard_task_runner.py:61: DeprecationWarning: This process (pid=373) is multi-threaded, use of fork() may lead to deadlocks in the child.
  pid = os.fork()

[2024-06-05T01:33:43.425+0000] {standard_task_runner.py:63} INFO - Started process 392 to run task
[2024-06-05T01:33:43.423+0000] {standard_task_runner.py:90} INFO - Running: ['***', 'tasks', 'run', 'dados_climaticos_estruturados', 'criar_pasta', 'scheduled__2024-05-29T01:50:00+00:00', '--job-id', '104', '--raw', '--subdir', 'DAGS_FOLDER/weather/custom_dags/dados_climaticos_estruturados.py', '--cfg-path', '/tmp/tmpc3hh_fjd']
[2024-06-05T01:33:43.431+0000] {standard_task_runner.py:91} INFO - Job 104: Subtask criar_pasta
[2024-06-05T01:33:43.558+0000] {task_command.py:426} INFO - Running <TaskInstance: dados_climaticos_estruturados.criar_pasta scheduled__2024-05-29T01:50:00+00:00 [running]> on host 80232deae70a
[2024-06-05T01:33:43.809+0000] {taskinstance.py:2648} INFO - Exporting env vars: AIRFLOW_CTX_DAG_OWNER='***' AIRFLOW_CTX_DAG_ID='dados_climaticos_estruturados' AIRFLOW_CTX_TASK_ID='criar_pasta' AIRFLOW_CTX_EXECUTION_DATE='2024-05-29T01:50:00+00:00' AIRFLOW_CTX_TRY_NUMBER='1' AIRFLOW_CTX_DAG_RUN_ID='scheduled__2024-05-29T01:50:00+00:00'
[2024-06-05T01:33:43.815+0000] {taskinstance.py:430} INFO - ::endgroup::
[2024-06-05T01:33:43.820+0000] {python.py:237} INFO - Done. Returned value was: None
[2024-06-05T01:33:43.820+0000] {taskinstance.py:441} INFO - ::group::Post task execution logs
[2024-06-05T01:33:43.847+0000] {taskinstance.py:1206} INFO - Marking task as SUCCESS. dag_id=dados_climaticos_estruturados, task_id=criar_pasta, run_id=scheduled__2024-05-29T01:50:00+00:00, execution_date=20240529T015000, start_date=20240605T013343, end_date=20240605T013343
[2024-06-05T01:33:43.906+0000] {local_task_job_runner.py:240} INFO - Task exited with return code 0
[2024-06-05T01:33:43.930+0000] {local_task_job_runner.py:222} INFO - ::endgroup::
