[2024-06-05T00:58:37.390+0000] {local_task_job_runner.py:120} INFO - ::group::Pre task execution logs
[2024-06-05T00:58:37.451+0000] {taskinstance.py:2076} INFO - Dependencies all met for dep_context=non-requeueable deps ti=<TaskInstance: dados_climaticos_estruturados.criar_pasta scheduled__2024-05-30T02:10:00+00:00 [queued]>
[2024-06-05T00:58:37.485+0000] {taskinstance.py:2076} INFO - Dependencies all met for dep_context=requeueable deps ti=<TaskInstance: dados_climaticos_estruturados.criar_pasta scheduled__2024-05-30T02:10:00+00:00 [queued]>
[2024-06-05T00:58:37.485+0000] {taskinstance.py:2306} INFO - Starting attempt 1 of 1
[2024-06-05T00:58:37.537+0000] {taskinstance.py:2330} INFO - Executing <Task(PythonOperator): criar_pasta> on 2024-05-30 02:10:00+00:00
[2024-06-05T00:58:37.560+0000] {standard_task_runner.py:90} INFO - Running: ['***', 'tasks', 'run', 'dados_climaticos_estruturados', 'criar_pasta', 'scheduled__2024-05-30T02:10:00+00:00', '--job-id', '1077', '--raw', '--subdir', 'DAGS_FOLDER/weather/custom_dags/dados_climaticos_estruturados.py', '--cfg-path', '/tmp/tmp4y9blxw6']
[2024-06-05T00:58:37.567+0000] {standard_task_runner.py:91} INFO - Job 1077: Subtask criar_pasta
[2024-06-05T00:58:37.555+0000] {warnings.py:110} WARNING - /home/***/.local/lib/python3.12/site-packages/***/task/task_runner/standard_task_runner.py:61: DeprecationWarning: This process (pid=2195) is multi-threaded, use of fork() may lead to deadlocks in the child.
  pid = os.fork()

[2024-06-05T00:58:37.571+0000] {standard_task_runner.py:63} INFO - Started process 2220 to run task
[2024-06-05T00:58:37.696+0000] {task_command.py:426} INFO - Running <TaskInstance: dados_climaticos_estruturados.criar_pasta scheduled__2024-05-30T02:10:00+00:00 [running]> on host 6665b0710315
[2024-06-05T00:58:37.965+0000] {taskinstance.py:2648} INFO - Exporting env vars: AIRFLOW_CTX_DAG_OWNER='***' AIRFLOW_CTX_DAG_ID='dados_climaticos_estruturados' AIRFLOW_CTX_TASK_ID='criar_pasta' AIRFLOW_CTX_EXECUTION_DATE='2024-05-30T02:10:00+00:00' AIRFLOW_CTX_TRY_NUMBER='1' AIRFLOW_CTX_DAG_RUN_ID='scheduled__2024-05-30T02:10:00+00:00'
[2024-06-05T00:58:37.969+0000] {taskinstance.py:430} INFO - ::endgroup::
[2024-06-05T00:58:37.971+0000] {python.py:237} INFO - Done. Returned value was: None
[2024-06-05T00:58:37.972+0000] {taskinstance.py:441} INFO - ::group::Post task execution logs
[2024-06-05T00:58:37.987+0000] {taskinstance.py:1206} INFO - Marking task as SUCCESS. dag_id=dados_climaticos_estruturados, task_id=criar_pasta, run_id=scheduled__2024-05-30T02:10:00+00:00, execution_date=20240530T021000, start_date=20240605T005837, end_date=20240605T005837
[2024-06-05T00:58:38.048+0000] {local_task_job_runner.py:240} INFO - Task exited with return code 0
[2024-06-05T00:58:38.111+0000] {taskinstance.py:3498} INFO - 1 downstream tasks scheduled from follow-on schedule check
[2024-06-05T00:58:38.116+0000] {local_task_job_runner.py:222} INFO - ::endgroup::
[2024-06-05T01:38:35.706+0000] {local_task_job_runner.py:120} INFO - ::group::Pre task execution logs
[2024-06-05T01:38:35.754+0000] {taskinstance.py:2076} INFO - Dependencies all met for dep_context=non-requeueable deps ti=<TaskInstance: dados_climaticos_estruturados.criar_pasta scheduled__2024-05-30T02:10:00+00:00 [queued]>
[2024-06-05T01:38:35.769+0000] {taskinstance.py:2076} INFO - Dependencies all met for dep_context=requeueable deps ti=<TaskInstance: dados_climaticos_estruturados.criar_pasta scheduled__2024-05-30T02:10:00+00:00 [queued]>
[2024-06-05T01:38:35.770+0000] {taskinstance.py:2306} INFO - Starting attempt 1 of 1
[2024-06-05T01:38:35.931+0000] {taskinstance.py:2330} INFO - Executing <Task(PythonOperator): criar_pasta> on 2024-05-30 02:10:00+00:00
[2024-06-05T01:38:35.944+0000] {warnings.py:110} WARNING - /home/***/.local/lib/python3.12/site-packages/***/task/task_runner/standard_task_runner.py:61: DeprecationWarning: This process (pid=2195) is multi-threaded, use of fork() may lead to deadlocks in the child.
  pid = os.fork()

[2024-06-05T01:38:35.949+0000] {standard_task_runner.py:63} INFO - Started process 2214 to run task
[2024-06-05T01:38:35.950+0000] {standard_task_runner.py:90} INFO - Running: ['***', 'tasks', 'run', 'dados_climaticos_estruturados', 'criar_pasta', 'scheduled__2024-05-30T02:10:00+00:00', '--job-id', '692', '--raw', '--subdir', 'DAGS_FOLDER/weather/custom_dags/dados_climaticos_estruturados.py', '--cfg-path', '/tmp/tmp577f8cwq']
[2024-06-05T01:38:35.955+0000] {standard_task_runner.py:91} INFO - Job 692: Subtask criar_pasta
[2024-06-05T01:38:36.085+0000] {task_command.py:426} INFO - Running <TaskInstance: dados_climaticos_estruturados.criar_pasta scheduled__2024-05-30T02:10:00+00:00 [running]> on host 80232deae70a
[2024-06-05T01:38:36.377+0000] {taskinstance.py:2648} INFO - Exporting env vars: AIRFLOW_CTX_DAG_OWNER='***' AIRFLOW_CTX_DAG_ID='dados_climaticos_estruturados' AIRFLOW_CTX_TASK_ID='criar_pasta' AIRFLOW_CTX_EXECUTION_DATE='2024-05-30T02:10:00+00:00' AIRFLOW_CTX_TRY_NUMBER='1' AIRFLOW_CTX_DAG_RUN_ID='scheduled__2024-05-30T02:10:00+00:00'
[2024-06-05T01:38:36.383+0000] {taskinstance.py:430} INFO - ::endgroup::
[2024-06-05T01:38:36.385+0000] {python.py:237} INFO - Done. Returned value was: None
[2024-06-05T01:38:36.388+0000] {taskinstance.py:441} INFO - ::group::Post task execution logs
[2024-06-05T01:38:36.416+0000] {taskinstance.py:1206} INFO - Marking task as SUCCESS. dag_id=dados_climaticos_estruturados, task_id=criar_pasta, run_id=scheduled__2024-05-30T02:10:00+00:00, execution_date=20240530T021000, start_date=20240605T013835, end_date=20240605T013836
[2024-06-05T01:38:36.484+0000] {local_task_job_runner.py:240} INFO - Task exited with return code 0
[2024-06-05T01:38:36.518+0000] {local_task_job_runner.py:222} INFO - ::endgroup::
