[2024-05-25T19:04:49.403+0000] {local_task_job_runner.py:120} INFO - ::group::Pre task execution logs
[2024-05-25T19:04:49.425+0000] {taskinstance.py:2076} INFO - Dependencies all met for dep_context=non-requeueable deps ti=<TaskInstance: dados_climaticos_estruturados.criar_pasta scheduled__2024-05-16T22:25:00+00:00 [queued]>
[2024-05-25T19:04:49.432+0000] {taskinstance.py:2076} INFO - Dependencies all met for dep_context=requeueable deps ti=<TaskInstance: dados_climaticos_estruturados.criar_pasta scheduled__2024-05-16T22:25:00+00:00 [queued]>
[2024-05-25T19:04:49.432+0000] {taskinstance.py:2306} INFO - Starting attempt 1 of 1
[2024-05-25T19:04:49.443+0000] {taskinstance.py:2330} INFO - Executing <Task(PythonOperator): criar_pasta> on 2024-05-16 22:25:00+00:00
[2024-05-25T19:04:49.448+0000] {warnings.py:110} WARNING - /home/***/.local/lib/python3.12/site-packages/***/task/task_runner/standard_task_runner.py:61: DeprecationWarning: This process (pid=93) is multi-threaded, use of fork() may lead to deadlocks in the child.
  pid = os.fork()

[2024-05-25T19:04:49.450+0000] {standard_task_runner.py:63} INFO - Started process 113 to run task
[2024-05-25T19:04:49.450+0000] {standard_task_runner.py:90} INFO - Running: ['***', 'tasks', 'run', 'dados_climaticos_estruturados', 'criar_pasta', 'scheduled__2024-05-16T22:25:00+00:00', '--job-id', '15', '--raw', '--subdir', 'DAGS_FOLDER/weather/custom_dags/dados_climaticos_estruturados.py', '--cfg-path', '/tmp/tmp6iamj88y']
[2024-05-25T19:04:49.451+0000] {standard_task_runner.py:91} INFO - Job 15: Subtask criar_pasta
[2024-05-25T19:04:49.495+0000] {task_command.py:426} INFO - Running <TaskInstance: dados_climaticos_estruturados.criar_pasta scheduled__2024-05-16T22:25:00+00:00 [running]> on host 0473b835f7f4
[2024-05-25T19:04:49.589+0000] {taskinstance.py:2648} INFO - Exporting env vars: AIRFLOW_CTX_DAG_OWNER='***' AIRFLOW_CTX_DAG_ID='dados_climaticos_estruturados' AIRFLOW_CTX_TASK_ID='criar_pasta' AIRFLOW_CTX_EXECUTION_DATE='2024-05-16T22:25:00+00:00' AIRFLOW_CTX_TRY_NUMBER='1' AIRFLOW_CTX_DAG_RUN_ID='scheduled__2024-05-16T22:25:00+00:00'
[2024-05-25T19:04:49.591+0000] {taskinstance.py:430} INFO - ::endgroup::
[2024-05-25T19:04:49.591+0000] {taskinstance.py:441} INFO - ::group::Post task execution logs
[2024-05-25T19:04:49.592+0000] {taskinstance.py:2905} ERROR - Task failed with exception
Traceback (most recent call last):
  File "/home/airflow/.local/lib/python3.12/site-packages/airflow/models/taskinstance.py", line 465, in _execute_task
    result = _execute_callable(context=context, **execute_callable_kwargs)
             ^^^^^^^^^^^^^^^^^^^^^^^^^^^^^^^^^^^^^^^^^^^^^^^^^^^^^^^^^^^^^
  File "/home/airflow/.local/lib/python3.12/site-packages/airflow/models/taskinstance.py", line 432, in _execute_callable
    return execute_callable(context=context, **execute_callable_kwargs)
           ^^^^^^^^^^^^^^^^^^^^^^^^^^^^^^^^^^^^^^^^^^^^^^^^^^^^^^^^^^^^
  File "/home/airflow/.local/lib/python3.12/site-packages/airflow/models/baseoperator.py", line 400, in wrapper
    return func(self, *args, **kwargs)
           ^^^^^^^^^^^^^^^^^^^^^^^^^^^
  File "/home/airflow/.local/lib/python3.12/site-packages/airflow/operators/python.py", line 235, in execute
    return_value = self.execute_callable()
                   ^^^^^^^^^^^^^^^^^^^^^^^
  File "/home/airflow/.local/lib/python3.12/site-packages/airflow/operators/python.py", line 252, in execute_callable
    return self.python_callable(*self.op_args, **self.op_kwargs)
           ^^^^^^^^^^^^^^^^^^^^^^^^^^^^^^^^^^^^^^^^^^^^^^^^^^^^^
  File "/opt/airflow/dags/weather/custom_dags/dados_climaticos_estruturados.py", line 18, in pegar_data_e_criar_pasta
    Path(caminho).mkdir(parents=True, exist_ok=True)
    ^^^^
NameError: name 'Path' is not defined
[2024-05-25T19:04:49.601+0000] {taskinstance.py:1206} INFO - Marking task as FAILED. dag_id=dados_climaticos_estruturados, task_id=criar_pasta, run_id=scheduled__2024-05-16T22:25:00+00:00, execution_date=20240516T222500, start_date=20240525T190449, end_date=20240525T190449
[2024-05-25T19:04:49.613+0000] {standard_task_runner.py:110} ERROR - Failed to execute job 15 for task criar_pasta (name 'Path' is not defined; 113)
[2024-05-25T19:04:49.631+0000] {local_task_job_runner.py:240} INFO - Task exited with return code 1
[2024-05-25T19:04:49.648+0000] {taskinstance.py:3498} INFO - 0 downstream tasks scheduled from follow-on schedule check
[2024-05-25T19:04:49.652+0000] {local_task_job_runner.py:222} INFO - ::endgroup::
[2024-05-29T01:34:45.938+0000] {local_task_job_runner.py:120} INFO - ::group::Pre task execution logs
[2024-05-29T01:34:46.095+0000] {taskinstance.py:2076} INFO - Dependencies all met for dep_context=non-requeueable deps ti=<TaskInstance: dados_climaticos_estruturados.criar_pasta scheduled__2024-05-16T22:25:00+00:00 [queued]>
[2024-05-29T01:34:46.124+0000] {taskinstance.py:2076} INFO - Dependencies all met for dep_context=requeueable deps ti=<TaskInstance: dados_climaticos_estruturados.criar_pasta scheduled__2024-05-16T22:25:00+00:00 [queued]>
[2024-05-29T01:34:46.127+0000] {taskinstance.py:2306} INFO - Starting attempt 1 of 1
[2024-05-29T01:34:46.194+0000] {taskinstance.py:2330} INFO - Executing <Task(PythonOperator): criar_pasta> on 2024-05-16 22:25:00+00:00
[2024-05-29T01:34:46.233+0000] {warnings.py:110} WARNING - /home/***/.local/lib/python3.12/site-packages/***/task/task_runner/standard_task_runner.py:61: DeprecationWarning: This process (pid=101) is multi-threaded, use of fork() may lead to deadlocks in the child.
  pid = os.fork()

[2024-05-29T01:34:46.244+0000] {standard_task_runner.py:63} INFO - Started process 133 to run task
[2024-05-29T01:34:46.242+0000] {standard_task_runner.py:90} INFO - Running: ['***', 'tasks', 'run', 'dados_climaticos_estruturados', 'criar_pasta', 'scheduled__2024-05-16T22:25:00+00:00', '--job-id', '16', '--raw', '--subdir', 'DAGS_FOLDER/weather/custom_dags/dados_climaticos_estruturados.py', '--cfg-path', '/tmp/tmpxkqdh_8l']
[2024-05-29T01:34:46.253+0000] {standard_task_runner.py:91} INFO - Job 16: Subtask criar_pasta
[2024-05-29T01:34:46.580+0000] {task_command.py:426} INFO - Running <TaskInstance: dados_climaticos_estruturados.criar_pasta scheduled__2024-05-16T22:25:00+00:00 [running]> on host dd333ca35f8c
[2024-05-29T01:34:46.947+0000] {taskinstance.py:2648} INFO - Exporting env vars: AIRFLOW_CTX_DAG_OWNER='***' AIRFLOW_CTX_DAG_ID='dados_climaticos_estruturados' AIRFLOW_CTX_TASK_ID='criar_pasta' AIRFLOW_CTX_EXECUTION_DATE='2024-05-16T22:25:00+00:00' AIRFLOW_CTX_TRY_NUMBER='1' AIRFLOW_CTX_DAG_RUN_ID='scheduled__2024-05-16T22:25:00+00:00'
[2024-05-29T01:34:46.951+0000] {taskinstance.py:430} INFO - ::endgroup::
[2024-05-29T01:34:46.957+0000] {python.py:237} INFO - Done. Returned value was: None
[2024-05-29T01:34:46.959+0000] {taskinstance.py:441} INFO - ::group::Post task execution logs
[2024-05-29T01:34:46.999+0000] {taskinstance.py:1206} INFO - Marking task as SUCCESS. dag_id=dados_climaticos_estruturados, task_id=criar_pasta, run_id=scheduled__2024-05-16T22:25:00+00:00, execution_date=20240516T222500, start_date=20240529T013446, end_date=20240529T013446
[2024-05-29T01:34:47.159+0000] {local_task_job_runner.py:240} INFO - Task exited with return code 0
[2024-05-29T01:34:47.211+0000] {local_task_job_runner.py:222} INFO - ::endgroup::
