[2024-06-05T00:53:04.659+0000] {local_task_job_runner.py:120} INFO - ::group::Pre task execution logs
[2024-06-05T00:53:04.768+0000] {taskinstance.py:2076} INFO - Dependencies all met for dep_context=non-requeueable deps ti=<TaskInstance: dados_climaticos_estruturados.criar_pasta scheduled__2024-05-28T22:10:00+00:00 [queued]>
[2024-06-05T00:53:04.817+0000] {taskinstance.py:2076} INFO - Dependencies all met for dep_context=requeueable deps ti=<TaskInstance: dados_climaticos_estruturados.criar_pasta scheduled__2024-05-28T22:10:00+00:00 [queued]>
[2024-06-05T00:53:04.823+0000] {taskinstance.py:2306} INFO - Starting attempt 1 of 1
[2024-06-05T00:53:04.916+0000] {taskinstance.py:2330} INFO - Executing <Task(PythonOperator): criar_pasta> on 2024-05-28 22:10:00+00:00
[2024-06-05T00:53:05.011+0000] {warnings.py:110} WARNING - /home/***/.local/lib/python3.12/site-packages/***/task/task_runner/standard_task_runner.py:61: DeprecationWarning: This process (pid=77) is multi-threaded, use of fork() may lead to deadlocks in the child.
  pid = os.fork()

[2024-06-05T00:53:05.023+0000] {standard_task_runner.py:63} INFO - Started process 114 to run task
[2024-06-05T00:53:05.027+0000] {standard_task_runner.py:90} INFO - Running: ['***', 'tasks', 'run', 'dados_climaticos_estruturados', 'criar_pasta', 'scheduled__2024-05-28T22:10:00+00:00', '--job-id', '397', '--raw', '--subdir', 'DAGS_FOLDER/weather/custom_dags/dados_climaticos_estruturados.py', '--cfg-path', '/tmp/tmppyua7fza']
[2024-06-05T00:53:05.042+0000] {standard_task_runner.py:91} INFO - Job 397: Subtask criar_pasta
[2024-06-05T00:53:05.236+0000] {task_command.py:426} INFO - Running <TaskInstance: dados_climaticos_estruturados.criar_pasta scheduled__2024-05-28T22:10:00+00:00 [running]> on host 6665b0710315
[2024-06-05T00:53:05.808+0000] {taskinstance.py:2648} INFO - Exporting env vars: AIRFLOW_CTX_DAG_OWNER='***' AIRFLOW_CTX_DAG_ID='dados_climaticos_estruturados' AIRFLOW_CTX_TASK_ID='criar_pasta' AIRFLOW_CTX_EXECUTION_DATE='2024-05-28T22:10:00+00:00' AIRFLOW_CTX_TRY_NUMBER='1' AIRFLOW_CTX_DAG_RUN_ID='scheduled__2024-05-28T22:10:00+00:00'
[2024-06-05T00:53:05.813+0000] {taskinstance.py:430} INFO - ::endgroup::
[2024-06-05T00:53:05.853+0000] {python.py:237} INFO - Done. Returned value was: None
[2024-06-05T00:53:05.854+0000] {taskinstance.py:441} INFO - ::group::Post task execution logs
[2024-06-05T00:53:05.910+0000] {taskinstance.py:1206} INFO - Marking task as SUCCESS. dag_id=dados_climaticos_estruturados, task_id=criar_pasta, run_id=scheduled__2024-05-28T22:10:00+00:00, execution_date=20240528T221000, start_date=20240605T005304, end_date=20240605T005305
[2024-06-05T00:53:06.131+0000] {local_task_job_runner.py:240} INFO - Task exited with return code 0
[2024-06-05T00:53:06.174+0000] {local_task_job_runner.py:222} INFO - ::endgroup::
[2024-06-05T01:32:53.575+0000] {local_task_job_runner.py:120} INFO - ::group::Pre task execution logs
[2024-06-05T01:32:53.654+0000] {taskinstance.py:2076} INFO - Dependencies all met for dep_context=non-requeueable deps ti=<TaskInstance: dados_climaticos_estruturados.criar_pasta scheduled__2024-05-28T22:10:00+00:00 [queued]>
[2024-06-05T01:32:53.695+0000] {taskinstance.py:2076} INFO - Dependencies all met for dep_context=requeueable deps ti=<TaskInstance: dados_climaticos_estruturados.criar_pasta scheduled__2024-05-28T22:10:00+00:00 [queued]>
[2024-06-05T01:32:53.702+0000] {taskinstance.py:2306} INFO - Starting attempt 1 of 1
[2024-06-05T01:32:53.809+0000] {taskinstance.py:2330} INFO - Executing <Task(PythonOperator): criar_pasta> on 2024-05-28 22:10:00+00:00
[2024-06-05T01:32:53.854+0000] {warnings.py:110} WARNING - /home/***/.local/lib/python3.12/site-packages/***/task/task_runner/standard_task_runner.py:61: DeprecationWarning: This process (pid=79) is multi-threaded, use of fork() may lead to deadlocks in the child.
  pid = os.fork()

[2024-06-05T01:32:53.875+0000] {standard_task_runner.py:63} INFO - Started process 110 to run task
[2024-06-05T01:32:53.870+0000] {standard_task_runner.py:90} INFO - Running: ['***', 'tasks', 'run', 'dados_climaticos_estruturados', 'criar_pasta', 'scheduled__2024-05-28T22:10:00+00:00', '--job-id', '12', '--raw', '--subdir', 'DAGS_FOLDER/weather/custom_dags/dados_climaticos_estruturados.py', '--cfg-path', '/tmp/tmp8z52fpg8']
[2024-06-05T01:32:53.888+0000] {standard_task_runner.py:91} INFO - Job 12: Subtask criar_pasta
[2024-06-05T01:32:54.082+0000] {task_command.py:426} INFO - Running <TaskInstance: dados_climaticos_estruturados.criar_pasta scheduled__2024-05-28T22:10:00+00:00 [running]> on host 80232deae70a
[2024-06-05T01:32:54.589+0000] {taskinstance.py:2648} INFO - Exporting env vars: AIRFLOW_CTX_DAG_OWNER='***' AIRFLOW_CTX_DAG_ID='dados_climaticos_estruturados' AIRFLOW_CTX_TASK_ID='criar_pasta' AIRFLOW_CTX_EXECUTION_DATE='2024-05-28T22:10:00+00:00' AIRFLOW_CTX_TRY_NUMBER='1' AIRFLOW_CTX_DAG_RUN_ID='scheduled__2024-05-28T22:10:00+00:00'
[2024-06-05T01:32:54.597+0000] {taskinstance.py:430} INFO - ::endgroup::
[2024-06-05T01:32:54.622+0000] {python.py:237} INFO - Done. Returned value was: None
[2024-06-05T01:32:54.623+0000] {taskinstance.py:441} INFO - ::group::Post task execution logs
[2024-06-05T01:32:54.669+0000] {taskinstance.py:1206} INFO - Marking task as SUCCESS. dag_id=dados_climaticos_estruturados, task_id=criar_pasta, run_id=scheduled__2024-05-28T22:10:00+00:00, execution_date=20240528T221000, start_date=20240605T013253, end_date=20240605T013254
[2024-06-05T01:32:54.943+0000] {local_task_job_runner.py:240} INFO - Task exited with return code 0
[2024-06-05T01:32:55.065+0000] {local_task_job_runner.py:222} INFO - ::endgroup::
