[2024-06-05T00:54:34.725+0000] {local_task_job_runner.py:120} INFO - ::group::Pre task execution logs
[2024-06-05T00:54:34.766+0000] {taskinstance.py:2076} INFO - Dependencies all met for dep_context=non-requeueable deps ti=<TaskInstance: dados_climaticos_estruturados.criar_pasta scheduled__2024-05-29T04:15:00+00:00 [queued]>
[2024-06-05T00:54:34.782+0000] {taskinstance.py:2076} INFO - Dependencies all met for dep_context=requeueable deps ti=<TaskInstance: dados_climaticos_estruturados.criar_pasta scheduled__2024-05-29T04:15:00+00:00 [queued]>
[2024-06-05T00:54:34.783+0000] {taskinstance.py:2306} INFO - Starting attempt 1 of 1
[2024-06-05T00:54:34.952+0000] {taskinstance.py:2330} INFO - Executing <Task(PythonOperator): criar_pasta> on 2024-05-29 04:15:00+00:00
[2024-06-05T00:54:34.968+0000] {warnings.py:110} WARNING - /home/***/.local/lib/python3.12/site-packages/***/task/task_runner/standard_task_runner.py:61: DeprecationWarning: This process (pid=572) is multi-threaded, use of fork() may lead to deadlocks in the child.
  pid = os.fork()

[2024-06-05T00:54:34.971+0000] {standard_task_runner.py:63} INFO - Started process 593 to run task
[2024-06-05T00:54:34.971+0000] {standard_task_runner.py:90} INFO - Running: ['***', 'tasks', 'run', 'dados_climaticos_estruturados', 'criar_pasta', 'scheduled__2024-05-29T04:15:00+00:00', '--job-id', '551', '--raw', '--subdir', 'DAGS_FOLDER/weather/custom_dags/dados_climaticos_estruturados.py', '--cfg-path', '/tmp/tmp0koij1rw']
[2024-06-05T00:54:34.973+0000] {standard_task_runner.py:91} INFO - Job 551: Subtask criar_pasta
[2024-06-05T00:54:35.088+0000] {task_command.py:426} INFO - Running <TaskInstance: dados_climaticos_estruturados.criar_pasta scheduled__2024-05-29T04:15:00+00:00 [running]> on host 6665b0710315
[2024-06-05T00:54:35.259+0000] {taskinstance.py:2648} INFO - Exporting env vars: AIRFLOW_CTX_DAG_OWNER='***' AIRFLOW_CTX_DAG_ID='dados_climaticos_estruturados' AIRFLOW_CTX_TASK_ID='criar_pasta' AIRFLOW_CTX_EXECUTION_DATE='2024-05-29T04:15:00+00:00' AIRFLOW_CTX_TRY_NUMBER='1' AIRFLOW_CTX_DAG_RUN_ID='scheduled__2024-05-29T04:15:00+00:00'
[2024-06-05T00:54:35.267+0000] {taskinstance.py:430} INFO - ::endgroup::
[2024-06-05T00:54:35.269+0000] {python.py:237} INFO - Done. Returned value was: None
[2024-06-05T00:54:35.270+0000] {taskinstance.py:441} INFO - ::group::Post task execution logs
[2024-06-05T00:54:35.293+0000] {taskinstance.py:1206} INFO - Marking task as SUCCESS. dag_id=dados_climaticos_estruturados, task_id=criar_pasta, run_id=scheduled__2024-05-29T04:15:00+00:00, execution_date=20240529T041500, start_date=20240605T005434, end_date=20240605T005435
[2024-06-05T00:54:35.363+0000] {local_task_job_runner.py:240} INFO - Task exited with return code 0
[2024-06-05T00:54:35.402+0000] {local_task_job_runner.py:222} INFO - ::endgroup::
[2024-06-05T01:34:13.031+0000] {local_task_job_runner.py:120} INFO - ::group::Pre task execution logs
[2024-06-05T01:34:13.083+0000] {taskinstance.py:2076} INFO - Dependencies all met for dep_context=non-requeueable deps ti=<TaskInstance: dados_climaticos_estruturados.criar_pasta scheduled__2024-05-29T04:15:00+00:00 [queued]>
[2024-06-05T01:34:13.103+0000] {taskinstance.py:2076} INFO - Dependencies all met for dep_context=requeueable deps ti=<TaskInstance: dados_climaticos_estruturados.criar_pasta scheduled__2024-05-29T04:15:00+00:00 [queued]>
[2024-06-05T01:34:13.106+0000] {taskinstance.py:2306} INFO - Starting attempt 1 of 1
[2024-06-05T01:34:13.257+0000] {taskinstance.py:2330} INFO - Executing <Task(PythonOperator): criar_pasta> on 2024-05-29 04:15:00+00:00
[2024-06-05T01:34:13.269+0000] {warnings.py:110} WARNING - /home/***/.local/lib/python3.12/site-packages/***/task/task_runner/standard_task_runner.py:61: DeprecationWarning: This process (pid=560) is multi-threaded, use of fork() may lead to deadlocks in the child.
  pid = os.fork()

[2024-06-05T01:34:13.272+0000] {standard_task_runner.py:63} INFO - Started process 578 to run task
[2024-06-05T01:34:13.272+0000] {standard_task_runner.py:90} INFO - Running: ['***', 'tasks', 'run', 'dados_climaticos_estruturados', 'criar_pasta', 'scheduled__2024-05-29T04:15:00+00:00', '--job-id', '165', '--raw', '--subdir', 'DAGS_FOLDER/weather/custom_dags/dados_climaticos_estruturados.py', '--cfg-path', '/tmp/tmpzobh596w']
[2024-06-05T01:34:13.278+0000] {standard_task_runner.py:91} INFO - Job 165: Subtask criar_pasta
[2024-06-05T01:34:13.383+0000] {task_command.py:426} INFO - Running <TaskInstance: dados_climaticos_estruturados.criar_pasta scheduled__2024-05-29T04:15:00+00:00 [running]> on host 80232deae70a
[2024-06-05T01:34:13.564+0000] {taskinstance.py:2648} INFO - Exporting env vars: AIRFLOW_CTX_DAG_OWNER='***' AIRFLOW_CTX_DAG_ID='dados_climaticos_estruturados' AIRFLOW_CTX_TASK_ID='criar_pasta' AIRFLOW_CTX_EXECUTION_DATE='2024-05-29T04:15:00+00:00' AIRFLOW_CTX_TRY_NUMBER='1' AIRFLOW_CTX_DAG_RUN_ID='scheduled__2024-05-29T04:15:00+00:00'
[2024-06-05T01:34:13.568+0000] {taskinstance.py:430} INFO - ::endgroup::
[2024-06-05T01:34:13.571+0000] {python.py:237} INFO - Done. Returned value was: None
[2024-06-05T01:34:13.572+0000] {taskinstance.py:441} INFO - ::group::Post task execution logs
[2024-06-05T01:34:13.587+0000] {taskinstance.py:1206} INFO - Marking task as SUCCESS. dag_id=dados_climaticos_estruturados, task_id=criar_pasta, run_id=scheduled__2024-05-29T04:15:00+00:00, execution_date=20240529T041500, start_date=20240605T013413, end_date=20240605T013413
[2024-06-05T01:34:13.628+0000] {local_task_job_runner.py:240} INFO - Task exited with return code 0
[2024-06-05T01:34:13.643+0000] {local_task_job_runner.py:222} INFO - ::endgroup::
