[2024-06-05T01:03:54.468+0000] {local_task_job_runner.py:120} INFO - ::group::Pre task execution logs
[2024-06-05T01:03:54.575+0000] {taskinstance.py:2076} INFO - Dependencies all met for dep_context=non-requeueable deps ti=<TaskInstance: dados_climaticos_estruturados.criar_pasta scheduled__2024-05-31T03:55:00+00:00 [queued]>
[2024-06-05T01:03:54.644+0000] {taskinstance.py:2076} INFO - Dependencies all met for dep_context=requeueable deps ti=<TaskInstance: dados_climaticos_estruturados.criar_pasta scheduled__2024-05-31T03:55:00+00:00 [queued]>
[2024-06-05T01:03:54.652+0000] {taskinstance.py:2306} INFO - Starting attempt 1 of 1
[2024-06-05T01:03:54.767+0000] {taskinstance.py:2330} INFO - Executing <Task(PythonOperator): criar_pasta> on 2024-05-31 03:55:00+00:00
[2024-06-05T01:03:54.811+0000] {warnings.py:110} WARNING - /home/***/.local/lib/python3.12/site-packages/***/task/task_runner/standard_task_runner.py:61: DeprecationWarning: This process (pid=4103) is multi-threaded, use of fork() may lead to deadlocks in the child.
  pid = os.fork()

[2024-06-05T01:03:54.820+0000] {standard_task_runner.py:63} INFO - Started process 4133 to run task
[2024-06-05T01:03:54.836+0000] {standard_task_runner.py:90} INFO - Running: ['***', 'tasks', 'run', 'dados_climaticos_estruturados', 'criar_pasta', 'scheduled__2024-05-31T03:55:00+00:00', '--job-id', '1693', '--raw', '--subdir', 'DAGS_FOLDER/weather/custom_dags/dados_climaticos_estruturados.py', '--cfg-path', '/tmp/tmp_5swfswt']
[2024-06-05T01:03:54.860+0000] {standard_task_runner.py:91} INFO - Job 1693: Subtask criar_pasta
[2024-06-05T01:03:55.162+0000] {task_command.py:426} INFO - Running <TaskInstance: dados_climaticos_estruturados.criar_pasta scheduled__2024-05-31T03:55:00+00:00 [running]> on host 6665b0710315
[2024-06-05T01:03:55.562+0000] {taskinstance.py:2648} INFO - Exporting env vars: AIRFLOW_CTX_DAG_OWNER='***' AIRFLOW_CTX_DAG_ID='dados_climaticos_estruturados' AIRFLOW_CTX_TASK_ID='criar_pasta' AIRFLOW_CTX_EXECUTION_DATE='2024-05-31T03:55:00+00:00' AIRFLOW_CTX_TRY_NUMBER='1' AIRFLOW_CTX_DAG_RUN_ID='scheduled__2024-05-31T03:55:00+00:00'
[2024-06-05T01:03:55.565+0000] {taskinstance.py:430} INFO - ::endgroup::
[2024-06-05T01:03:55.572+0000] {python.py:237} INFO - Done. Returned value was: None
[2024-06-05T01:03:55.573+0000] {taskinstance.py:441} INFO - ::group::Post task execution logs
[2024-06-05T01:03:55.607+0000] {taskinstance.py:1206} INFO - Marking task as SUCCESS. dag_id=dados_climaticos_estruturados, task_id=criar_pasta, run_id=scheduled__2024-05-31T03:55:00+00:00, execution_date=20240531T035500, start_date=20240605T010354, end_date=20240605T010355
[2024-06-05T01:03:55.814+0000] {local_task_job_runner.py:240} INFO - Task exited with return code 0
[2024-06-05T01:03:55.898+0000] {taskinstance.py:3498} INFO - 1 downstream tasks scheduled from follow-on schedule check
[2024-06-05T01:03:55.947+0000] {local_task_job_runner.py:222} INFO - ::endgroup::
[2024-06-05T01:43:20.545+0000] {local_task_job_runner.py:120} INFO - ::group::Pre task execution logs
[2024-06-05T01:43:20.596+0000] {taskinstance.py:2076} INFO - Dependencies all met for dep_context=non-requeueable deps ti=<TaskInstance: dados_climaticos_estruturados.criar_pasta scheduled__2024-05-31T03:55:00+00:00 [queued]>
[2024-06-05T01:43:20.621+0000] {taskinstance.py:2076} INFO - Dependencies all met for dep_context=requeueable deps ti=<TaskInstance: dados_climaticos_estruturados.criar_pasta scheduled__2024-05-31T03:55:00+00:00 [queued]>
[2024-06-05T01:43:20.623+0000] {taskinstance.py:2306} INFO - Starting attempt 1 of 1
[2024-06-05T01:43:20.682+0000] {taskinstance.py:2330} INFO - Executing <Task(PythonOperator): criar_pasta> on 2024-05-31 03:55:00+00:00
[2024-06-05T01:43:20.700+0000] {warnings.py:110} WARNING - /home/***/.local/lib/python3.12/site-packages/***/task/task_runner/standard_task_runner.py:61: DeprecationWarning: This process (pid=4085) is multi-threaded, use of fork() may lead to deadlocks in the child.
  pid = os.fork()

[2024-06-05T01:43:20.705+0000] {standard_task_runner.py:63} INFO - Started process 4113 to run task
[2024-06-05T01:43:20.706+0000] {standard_task_runner.py:90} INFO - Running: ['***', 'tasks', 'run', 'dados_climaticos_estruturados', 'criar_pasta', 'scheduled__2024-05-31T03:55:00+00:00', '--job-id', '1304', '--raw', '--subdir', 'DAGS_FOLDER/weather/custom_dags/dados_climaticos_estruturados.py', '--cfg-path', '/tmp/tmpxzgddevu']
[2024-06-05T01:43:20.711+0000] {standard_task_runner.py:91} INFO - Job 1304: Subtask criar_pasta
[2024-06-05T01:43:20.852+0000] {task_command.py:426} INFO - Running <TaskInstance: dados_climaticos_estruturados.criar_pasta scheduled__2024-05-31T03:55:00+00:00 [running]> on host 80232deae70a
[2024-06-05T01:43:21.195+0000] {taskinstance.py:2648} INFO - Exporting env vars: AIRFLOW_CTX_DAG_OWNER='***' AIRFLOW_CTX_DAG_ID='dados_climaticos_estruturados' AIRFLOW_CTX_TASK_ID='criar_pasta' AIRFLOW_CTX_EXECUTION_DATE='2024-05-31T03:55:00+00:00' AIRFLOW_CTX_TRY_NUMBER='1' AIRFLOW_CTX_DAG_RUN_ID='scheduled__2024-05-31T03:55:00+00:00'
[2024-06-05T01:43:21.198+0000] {taskinstance.py:430} INFO - ::endgroup::
[2024-06-05T01:43:21.205+0000] {python.py:237} INFO - Done. Returned value was: None
[2024-06-05T01:43:21.205+0000] {taskinstance.py:441} INFO - ::group::Post task execution logs
[2024-06-05T01:43:21.228+0000] {taskinstance.py:1206} INFO - Marking task as SUCCESS. dag_id=dados_climaticos_estruturados, task_id=criar_pasta, run_id=scheduled__2024-05-31T03:55:00+00:00, execution_date=20240531T035500, start_date=20240605T014320, end_date=20240605T014321
[2024-06-05T01:43:21.287+0000] {local_task_job_runner.py:240} INFO - Task exited with return code 0
[2024-06-05T01:43:21.311+0000] {local_task_job_runner.py:222} INFO - ::endgroup::
