[2024-06-05T01:07:08.462+0000] {local_task_job_runner.py:120} INFO - ::group::Pre task execution logs
[2024-06-05T01:07:08.515+0000] {taskinstance.py:2076} INFO - Dependencies all met for dep_context=non-requeueable deps ti=<TaskInstance: dados_climaticos_estruturados.criar_pasta scheduled__2024-05-31T18:10:00+00:00 [queued]>
[2024-06-05T01:07:08.547+0000] {taskinstance.py:2076} INFO - Dependencies all met for dep_context=requeueable deps ti=<TaskInstance: dados_climaticos_estruturados.criar_pasta scheduled__2024-05-31T18:10:00+00:00 [queued]>
[2024-06-05T01:07:08.550+0000] {taskinstance.py:2306} INFO - Starting attempt 1 of 1
[2024-06-05T01:07:08.598+0000] {taskinstance.py:2330} INFO - Executing <Task(PythonOperator): criar_pasta> on 2024-05-31 18:10:00+00:00
[2024-06-05T01:07:08.621+0000] {warnings.py:110} WARNING - /home/***/.local/lib/python3.12/site-packages/***/task/task_runner/standard_task_runner.py:61: DeprecationWarning: This process (pid=5162) is multi-threaded, use of fork() may lead to deadlocks in the child.
  pid = os.fork()

[2024-06-05T01:07:08.627+0000] {standard_task_runner.py:63} INFO - Started process 5200 to run task
[2024-06-05T01:07:08.631+0000] {standard_task_runner.py:90} INFO - Running: ['***', 'tasks', 'run', 'dados_climaticos_estruturados', 'criar_pasta', 'scheduled__2024-05-31T18:10:00+00:00', '--job-id', '2035', '--raw', '--subdir', 'DAGS_FOLDER/weather/custom_dags/dados_climaticos_estruturados.py', '--cfg-path', '/tmp/tmpd4kamend']
[2024-06-05T01:07:08.633+0000] {standard_task_runner.py:91} INFO - Job 2035: Subtask criar_pasta
[2024-06-05T01:07:08.797+0000] {task_command.py:426} INFO - Running <TaskInstance: dados_climaticos_estruturados.criar_pasta scheduled__2024-05-31T18:10:00+00:00 [running]> on host 6665b0710315
[2024-06-05T01:07:09.004+0000] {taskinstance.py:2648} INFO - Exporting env vars: AIRFLOW_CTX_DAG_OWNER='***' AIRFLOW_CTX_DAG_ID='dados_climaticos_estruturados' AIRFLOW_CTX_TASK_ID='criar_pasta' AIRFLOW_CTX_EXECUTION_DATE='2024-05-31T18:10:00+00:00' AIRFLOW_CTX_TRY_NUMBER='1' AIRFLOW_CTX_DAG_RUN_ID='scheduled__2024-05-31T18:10:00+00:00'
[2024-06-05T01:07:09.006+0000] {taskinstance.py:430} INFO - ::endgroup::
[2024-06-05T01:07:09.009+0000] {python.py:237} INFO - Done. Returned value was: None
[2024-06-05T01:07:09.011+0000] {taskinstance.py:441} INFO - ::group::Post task execution logs
[2024-06-05T01:07:09.032+0000] {taskinstance.py:1206} INFO - Marking task as SUCCESS. dag_id=dados_climaticos_estruturados, task_id=criar_pasta, run_id=scheduled__2024-05-31T18:10:00+00:00, execution_date=20240531T181000, start_date=20240605T010708, end_date=20240605T010709
[2024-06-05T01:07:09.104+0000] {local_task_job_runner.py:240} INFO - Task exited with return code 0
[2024-06-05T01:07:09.147+0000] {taskinstance.py:3498} INFO - 1 downstream tasks scheduled from follow-on schedule check
[2024-06-05T01:07:09.157+0000] {local_task_job_runner.py:222} INFO - ::endgroup::
[2024-06-05T01:46:26.103+0000] {local_task_job_runner.py:120} INFO - ::group::Pre task execution logs
[2024-06-05T01:46:26.140+0000] {taskinstance.py:2076} INFO - Dependencies all met for dep_context=non-requeueable deps ti=<TaskInstance: dados_climaticos_estruturados.criar_pasta scheduled__2024-05-31T18:10:00+00:00 [queued]>
[2024-06-05T01:46:26.156+0000] {taskinstance.py:2076} INFO - Dependencies all met for dep_context=requeueable deps ti=<TaskInstance: dados_climaticos_estruturados.criar_pasta scheduled__2024-05-31T18:10:00+00:00 [queued]>
[2024-06-05T01:46:26.159+0000] {taskinstance.py:2306} INFO - Starting attempt 1 of 1
[2024-06-05T01:46:26.187+0000] {taskinstance.py:2330} INFO - Executing <Task(PythonOperator): criar_pasta> on 2024-05-31 18:10:00+00:00
[2024-06-05T01:46:26.203+0000] {warnings.py:110} WARNING - /home/***/.local/lib/python3.12/site-packages/***/task/task_runner/standard_task_runner.py:61: DeprecationWarning: This process (pid=5163) is multi-threaded, use of fork() may lead to deadlocks in the child.
  pid = os.fork()

[2024-06-05T01:46:26.206+0000] {standard_task_runner.py:90} INFO - Running: ['***', 'tasks', 'run', 'dados_climaticos_estruturados', 'criar_pasta', 'scheduled__2024-05-31T18:10:00+00:00', '--job-id', '1651', '--raw', '--subdir', 'DAGS_FOLDER/weather/custom_dags/dados_climaticos_estruturados.py', '--cfg-path', '/tmp/tmpttsu5ua1']
[2024-06-05T01:46:26.207+0000] {standard_task_runner.py:63} INFO - Started process 5186 to run task
[2024-06-05T01:46:26.208+0000] {standard_task_runner.py:91} INFO - Job 1651: Subtask criar_pasta
[2024-06-05T01:46:26.330+0000] {task_command.py:426} INFO - Running <TaskInstance: dados_climaticos_estruturados.criar_pasta scheduled__2024-05-31T18:10:00+00:00 [running]> on host 80232deae70a
[2024-06-05T01:46:26.572+0000] {taskinstance.py:2648} INFO - Exporting env vars: AIRFLOW_CTX_DAG_OWNER='***' AIRFLOW_CTX_DAG_ID='dados_climaticos_estruturados' AIRFLOW_CTX_TASK_ID='criar_pasta' AIRFLOW_CTX_EXECUTION_DATE='2024-05-31T18:10:00+00:00' AIRFLOW_CTX_TRY_NUMBER='1' AIRFLOW_CTX_DAG_RUN_ID='scheduled__2024-05-31T18:10:00+00:00'
[2024-06-05T01:46:26.584+0000] {taskinstance.py:430} INFO - ::endgroup::
[2024-06-05T01:46:26.589+0000] {python.py:237} INFO - Done. Returned value was: None
[2024-06-05T01:46:26.590+0000] {taskinstance.py:441} INFO - ::group::Post task execution logs
[2024-06-05T01:46:26.612+0000] {taskinstance.py:1206} INFO - Marking task as SUCCESS. dag_id=dados_climaticos_estruturados, task_id=criar_pasta, run_id=scheduled__2024-05-31T18:10:00+00:00, execution_date=20240531T181000, start_date=20240605T014626, end_date=20240605T014626
[2024-06-05T01:46:26.692+0000] {local_task_job_runner.py:240} INFO - Task exited with return code 0
[2024-06-05T01:46:26.731+0000] {local_task_job_runner.py:222} INFO - ::endgroup::
