[2024-06-18T01:00:07.114+0000] {local_task_job_runner.py:120} INFO - ::group::Pre task execution logs
[2024-06-18T01:00:07.164+0000] {taskinstance.py:2076} INFO - Dependencies all met for dep_context=non-requeueable deps ti=<TaskInstance: dados_climaticos_estruturados.extrair_dados scheduled__2024-06-18T00:55:00+00:00 [queued]>
[2024-06-18T01:00:07.186+0000] {taskinstance.py:2076} INFO - Dependencies all met for dep_context=requeueable deps ti=<TaskInstance: dados_climaticos_estruturados.extrair_dados scheduled__2024-06-18T00:55:00+00:00 [queued]>
[2024-06-18T01:00:07.187+0000] {taskinstance.py:2306} INFO - Starting attempt 1 of 1
[2024-06-18T01:00:07.219+0000] {taskinstance.py:2330} INFO - Executing <Task(PythonOperator): extrair_dados> on 2024-06-18 00:55:00+00:00
[2024-06-18T01:00:07.233+0000] {warnings.py:110} WARNING - /home/***/.local/lib/python3.12/site-packages/***/task/task_runner/standard_task_runner.py:61: DeprecationWarning: This process (pid=201) is multi-threaded, use of fork() may lead to deadlocks in the child.
  pid = os.fork()

[2024-06-18T01:00:07.237+0000] {standard_task_runner.py:63} INFO - Started process 203 to run task
[2024-06-18T01:00:07.239+0000] {standard_task_runner.py:90} INFO - Running: ['***', 'tasks', 'run', 'dados_climaticos_estruturados', 'extrair_dados', 'scheduled__2024-06-18T00:55:00+00:00', '--job-id', '2127', '--raw', '--subdir', 'DAGS_FOLDER/weather/custom_dags/dados_climaticos_estruturados.py', '--cfg-path', '/tmp/tmp3t7aemwq']
[2024-06-18T01:00:07.242+0000] {standard_task_runner.py:91} INFO - Job 2127: Subtask extrair_dados
[2024-06-18T01:00:07.362+0000] {task_command.py:426} INFO - Running <TaskInstance: dados_climaticos_estruturados.extrair_dados scheduled__2024-06-18T00:55:00+00:00 [running]> on host b64f33cb53b1
[2024-06-18T01:00:07.593+0000] {taskinstance.py:2648} INFO - Exporting env vars: AIRFLOW_CTX_DAG_OWNER='***' AIRFLOW_CTX_DAG_ID='dados_climaticos_estruturados' AIRFLOW_CTX_TASK_ID='extrair_dados' AIRFLOW_CTX_EXECUTION_DATE='2024-06-18T00:55:00+00:00' AIRFLOW_CTX_TRY_NUMBER='1' AIRFLOW_CTX_DAG_RUN_ID='scheduled__2024-06-18T00:55:00+00:00'
[2024-06-18T01:00:07.597+0000] {taskinstance.py:430} INFO - ::endgroup::
[2024-06-18T01:00:09.118+0000] {python.py:237} INFO - Done. Returned value was: None
[2024-06-18T01:00:09.119+0000] {taskinstance.py:441} INFO - ::group::Post task execution logs
[2024-06-18T01:00:09.137+0000] {taskinstance.py:1206} INFO - Marking task as SUCCESS. dag_id=dados_climaticos_estruturados, task_id=extrair_dados, run_id=scheduled__2024-06-18T00:55:00+00:00, execution_date=20240618T005500, start_date=20240618T010007, end_date=20240618T010009
[2024-06-18T01:00:09.183+0000] {local_task_job_runner.py:240} INFO - Task exited with return code 0
[2024-06-18T01:00:09.224+0000] {taskinstance.py:3498} INFO - 1 downstream tasks scheduled from follow-on schedule check
[2024-06-18T01:00:09.228+0000] {local_task_job_runner.py:222} INFO - ::endgroup::
[2024-06-18T01:30:12.148+0000] {local_task_job_runner.py:120} INFO - ::group::Pre task execution logs
[2024-06-18T01:30:12.209+0000] {taskinstance.py:2076} INFO - Dependencies all met for dep_context=non-requeueable deps ti=<TaskInstance: dados_climaticos_estruturados.extrair_dados scheduled__2024-06-18T00:55:00+00:00 [queued]>
[2024-06-18T01:30:12.241+0000] {taskinstance.py:2076} INFO - Dependencies all met for dep_context=requeueable deps ti=<TaskInstance: dados_climaticos_estruturados.extrair_dados scheduled__2024-06-18T00:55:00+00:00 [queued]>
[2024-06-18T01:30:12.242+0000] {taskinstance.py:2306} INFO - Starting attempt 1 of 1
[2024-06-18T01:30:12.281+0000] {taskinstance.py:2330} INFO - Executing <Task(PythonOperator): extrair_dados> on 2024-06-18 00:55:00+00:00
[2024-06-18T01:30:12.301+0000] {warnings.py:110} WARNING - /home/***/.local/lib/python3.12/site-packages/***/task/task_runner/standard_task_runner.py:61: DeprecationWarning: This process (pid=419) is multi-threaded, use of fork() may lead to deadlocks in the child.
  pid = os.fork()

[2024-06-18T01:30:12.303+0000] {standard_task_runner.py:63} INFO - Started process 435 to run task
[2024-06-18T01:30:12.305+0000] {standard_task_runner.py:90} INFO - Running: ['***', 'tasks', 'run', 'dados_climaticos_estruturados', 'extrair_dados', 'scheduled__2024-06-18T00:55:00+00:00', '--job-id', '81', '--raw', '--subdir', 'DAGS_FOLDER/weather/custom_dags/dados_climaticos_estruturados.py', '--cfg-path', '/tmp/tmpf0h6u0s4']
[2024-06-18T01:30:12.308+0000] {standard_task_runner.py:91} INFO - Job 81: Subtask extrair_dados
[2024-06-18T01:30:12.434+0000] {task_command.py:426} INFO - Running <TaskInstance: dados_climaticos_estruturados.extrair_dados scheduled__2024-06-18T00:55:00+00:00 [running]> on host bd8fdde9baa6
[2024-06-18T01:30:12.647+0000] {taskinstance.py:2648} INFO - Exporting env vars: AIRFLOW_CTX_DAG_OWNER='***' AIRFLOW_CTX_DAG_ID='dados_climaticos_estruturados' AIRFLOW_CTX_TASK_ID='extrair_dados' AIRFLOW_CTX_EXECUTION_DATE='2024-06-18T00:55:00+00:00' AIRFLOW_CTX_TRY_NUMBER='1' AIRFLOW_CTX_DAG_RUN_ID='scheduled__2024-06-18T00:55:00+00:00'
[2024-06-18T01:30:12.649+0000] {taskinstance.py:430} INFO - ::endgroup::
[2024-06-18T01:30:13.516+0000] {python.py:237} INFO - Done. Returned value was: None
[2024-06-18T01:30:13.516+0000] {taskinstance.py:441} INFO - ::group::Post task execution logs
[2024-06-18T01:30:13.525+0000] {taskinstance.py:1206} INFO - Marking task as SUCCESS. dag_id=dados_climaticos_estruturados, task_id=extrair_dados, run_id=scheduled__2024-06-18T00:55:00+00:00, execution_date=20240618T005500, start_date=20240618T013012, end_date=20240618T013013
[2024-06-18T01:30:13.560+0000] {local_task_job_runner.py:240} INFO - Task exited with return code 0
[2024-06-18T01:30:13.594+0000] {taskinstance.py:3498} INFO - 1 downstream tasks scheduled from follow-on schedule check
[2024-06-18T01:30:13.597+0000] {local_task_job_runner.py:222} INFO - ::endgroup::
