[2024-06-05T01:07:07.536+0000] {local_task_job_runner.py:120} INFO - ::group::Pre task execution logs
[2024-06-05T01:07:07.575+0000] {taskinstance.py:2076} INFO - Dependencies all met for dep_context=non-requeueable deps ti=<TaskInstance: dados_climaticos_estruturados.criar_pasta scheduled__2024-05-31T18:00:00+00:00 [queued]>
[2024-06-05T01:07:07.590+0000] {taskinstance.py:2076} INFO - Dependencies all met for dep_context=requeueable deps ti=<TaskInstance: dados_climaticos_estruturados.criar_pasta scheduled__2024-05-31T18:00:00+00:00 [queued]>
[2024-06-05T01:07:07.591+0000] {taskinstance.py:2306} INFO - Starting attempt 1 of 1
[2024-06-05T01:07:07.616+0000] {taskinstance.py:2330} INFO - Executing <Task(PythonOperator): criar_pasta> on 2024-05-31 18:00:00+00:00
[2024-06-05T01:07:07.630+0000] {warnings.py:110} WARNING - /home/***/.local/lib/python3.12/site-packages/***/task/task_runner/standard_task_runner.py:61: DeprecationWarning: This process (pid=5158) is multi-threaded, use of fork() may lead to deadlocks in the child.
  pid = os.fork()

[2024-06-05T01:07:07.633+0000] {standard_task_runner.py:63} INFO - Started process 5179 to run task
[2024-06-05T01:07:07.643+0000] {standard_task_runner.py:90} INFO - Running: ['***', 'tasks', 'run', 'dados_climaticos_estruturados', 'criar_pasta', 'scheduled__2024-05-31T18:00:00+00:00', '--job-id', '2033', '--raw', '--subdir', 'DAGS_FOLDER/weather/custom_dags/dados_climaticos_estruturados.py', '--cfg-path', '/tmp/tmpgc754t8t']
[2024-06-05T01:07:07.645+0000] {standard_task_runner.py:91} INFO - Job 2033: Subtask criar_pasta
[2024-06-05T01:07:07.737+0000] {task_command.py:426} INFO - Running <TaskInstance: dados_climaticos_estruturados.criar_pasta scheduled__2024-05-31T18:00:00+00:00 [running]> on host 6665b0710315
[2024-06-05T01:07:07.912+0000] {taskinstance.py:2648} INFO - Exporting env vars: AIRFLOW_CTX_DAG_OWNER='***' AIRFLOW_CTX_DAG_ID='dados_climaticos_estruturados' AIRFLOW_CTX_TASK_ID='criar_pasta' AIRFLOW_CTX_EXECUTION_DATE='2024-05-31T18:00:00+00:00' AIRFLOW_CTX_TRY_NUMBER='1' AIRFLOW_CTX_DAG_RUN_ID='scheduled__2024-05-31T18:00:00+00:00'
[2024-06-05T01:07:07.918+0000] {taskinstance.py:430} INFO - ::endgroup::
[2024-06-05T01:07:07.922+0000] {python.py:237} INFO - Done. Returned value was: None
[2024-06-05T01:07:07.923+0000] {taskinstance.py:441} INFO - ::group::Post task execution logs
[2024-06-05T01:07:07.947+0000] {taskinstance.py:1206} INFO - Marking task as SUCCESS. dag_id=dados_climaticos_estruturados, task_id=criar_pasta, run_id=scheduled__2024-05-31T18:00:00+00:00, execution_date=20240531T180000, start_date=20240605T010707, end_date=20240605T010707
[2024-06-05T01:07:08.029+0000] {local_task_job_runner.py:240} INFO - Task exited with return code 0
[2024-06-05T01:07:08.054+0000] {local_task_job_runner.py:222} INFO - ::endgroup::
[2024-06-05T01:46:25.062+0000] {local_task_job_runner.py:120} INFO - ::group::Pre task execution logs
[2024-06-05T01:46:25.096+0000] {taskinstance.py:2076} INFO - Dependencies all met for dep_context=non-requeueable deps ti=<TaskInstance: dados_climaticos_estruturados.criar_pasta scheduled__2024-05-31T18:00:00+00:00 [queued]>
[2024-06-05T01:46:25.111+0000] {taskinstance.py:2076} INFO - Dependencies all met for dep_context=requeueable deps ti=<TaskInstance: dados_climaticos_estruturados.criar_pasta scheduled__2024-05-31T18:00:00+00:00 [queued]>
[2024-06-05T01:46:25.112+0000] {taskinstance.py:2306} INFO - Starting attempt 1 of 1
[2024-06-05T01:46:25.135+0000] {taskinstance.py:2330} INFO - Executing <Task(PythonOperator): criar_pasta> on 2024-05-31 18:00:00+00:00
[2024-06-05T01:46:25.147+0000] {warnings.py:110} WARNING - /home/***/.local/lib/python3.12/site-packages/***/task/task_runner/standard_task_runner.py:61: DeprecationWarning: This process (pid=5159) is multi-threaded, use of fork() may lead to deadlocks in the child.
  pid = os.fork()

[2024-06-05T01:46:25.150+0000] {standard_task_runner.py:63} INFO - Started process 5175 to run task
[2024-06-05T01:46:25.151+0000] {standard_task_runner.py:90} INFO - Running: ['***', 'tasks', 'run', 'dados_climaticos_estruturados', 'criar_pasta', 'scheduled__2024-05-31T18:00:00+00:00', '--job-id', '1648', '--raw', '--subdir', 'DAGS_FOLDER/weather/custom_dags/dados_climaticos_estruturados.py', '--cfg-path', '/tmp/tmp4x7a_rbt']
[2024-06-05T01:46:25.155+0000] {standard_task_runner.py:91} INFO - Job 1648: Subtask criar_pasta
[2024-06-05T01:46:25.247+0000] {task_command.py:426} INFO - Running <TaskInstance: dados_climaticos_estruturados.criar_pasta scheduled__2024-05-31T18:00:00+00:00 [running]> on host 80232deae70a
[2024-06-05T01:46:25.454+0000] {taskinstance.py:2648} INFO - Exporting env vars: AIRFLOW_CTX_DAG_OWNER='***' AIRFLOW_CTX_DAG_ID='dados_climaticos_estruturados' AIRFLOW_CTX_TASK_ID='criar_pasta' AIRFLOW_CTX_EXECUTION_DATE='2024-05-31T18:00:00+00:00' AIRFLOW_CTX_TRY_NUMBER='1' AIRFLOW_CTX_DAG_RUN_ID='scheduled__2024-05-31T18:00:00+00:00'
[2024-06-05T01:46:25.458+0000] {taskinstance.py:430} INFO - ::endgroup::
[2024-06-05T01:46:25.460+0000] {python.py:237} INFO - Done. Returned value was: None
[2024-06-05T01:46:25.461+0000] {taskinstance.py:441} INFO - ::group::Post task execution logs
[2024-06-05T01:46:25.481+0000] {taskinstance.py:1206} INFO - Marking task as SUCCESS. dag_id=dados_climaticos_estruturados, task_id=criar_pasta, run_id=scheduled__2024-05-31T18:00:00+00:00, execution_date=20240531T180000, start_date=20240605T014625, end_date=20240605T014625
[2024-06-05T01:46:25.544+0000] {local_task_job_runner.py:240} INFO - Task exited with return code 0
[2024-06-05T01:46:25.564+0000] {local_task_job_runner.py:222} INFO - ::endgroup::
