[2024-06-05T01:05:26.096+0000] {local_task_job_runner.py:120} INFO - ::group::Pre task execution logs
[2024-06-05T01:05:26.185+0000] {taskinstance.py:2076} INFO - Dependencies all met for dep_context=non-requeueable deps ti=<TaskInstance: dados_climaticos_estruturados.criar_pasta scheduled__2024-05-31T10:35:00+00:00 [queued]>
[2024-06-05T01:05:26.202+0000] {taskinstance.py:2076} INFO - Dependencies all met for dep_context=requeueable deps ti=<TaskInstance: dados_climaticos_estruturados.criar_pasta scheduled__2024-05-31T10:35:00+00:00 [queued]>
[2024-06-05T01:05:26.203+0000] {taskinstance.py:2306} INFO - Starting attempt 1 of 1
[2024-06-05T01:05:26.239+0000] {taskinstance.py:2330} INFO - Executing <Task(PythonOperator): criar_pasta> on 2024-05-31 10:35:00+00:00
[2024-06-05T01:05:26.250+0000] {warnings.py:110} WARNING - /home/***/.local/lib/python3.12/site-packages/***/task/task_runner/standard_task_runner.py:61: DeprecationWarning: This process (pid=4598) is multi-threaded, use of fork() may lead to deadlocks in the child.
  pid = os.fork()

[2024-06-05T01:05:26.253+0000] {standard_task_runner.py:63} INFO - Started process 4626 to run task
[2024-06-05T01:05:26.265+0000] {standard_task_runner.py:90} INFO - Running: ['***', 'tasks', 'run', 'dados_climaticos_estruturados', 'criar_pasta', 'scheduled__2024-05-31T10:35:00+00:00', '--job-id', '1852', '--raw', '--subdir', 'DAGS_FOLDER/weather/custom_dags/dados_climaticos_estruturados.py', '--cfg-path', '/tmp/tmp1epne887']
[2024-06-05T01:05:26.271+0000] {standard_task_runner.py:91} INFO - Job 1852: Subtask criar_pasta
[2024-06-05T01:05:26.434+0000] {task_command.py:426} INFO - Running <TaskInstance: dados_climaticos_estruturados.criar_pasta scheduled__2024-05-31T10:35:00+00:00 [running]> on host 6665b0710315
[2024-06-05T01:05:26.731+0000] {taskinstance.py:2648} INFO - Exporting env vars: AIRFLOW_CTX_DAG_OWNER='***' AIRFLOW_CTX_DAG_ID='dados_climaticos_estruturados' AIRFLOW_CTX_TASK_ID='criar_pasta' AIRFLOW_CTX_EXECUTION_DATE='2024-05-31T10:35:00+00:00' AIRFLOW_CTX_TRY_NUMBER='1' AIRFLOW_CTX_DAG_RUN_ID='scheduled__2024-05-31T10:35:00+00:00'
[2024-06-05T01:05:26.735+0000] {taskinstance.py:430} INFO - ::endgroup::
[2024-06-05T01:05:26.767+0000] {python.py:237} INFO - Done. Returned value was: None
[2024-06-05T01:05:26.768+0000] {taskinstance.py:441} INFO - ::group::Post task execution logs
[2024-06-05T01:05:26.793+0000] {taskinstance.py:1206} INFO - Marking task as SUCCESS. dag_id=dados_climaticos_estruturados, task_id=criar_pasta, run_id=scheduled__2024-05-31T10:35:00+00:00, execution_date=20240531T103500, start_date=20240605T010526, end_date=20240605T010526
[2024-06-05T01:05:26.910+0000] {local_task_job_runner.py:240} INFO - Task exited with return code 0
[2024-06-05T01:05:26.974+0000] {taskinstance.py:3498} INFO - 1 downstream tasks scheduled from follow-on schedule check
[2024-06-05T01:05:26.990+0000] {local_task_job_runner.py:222} INFO - ::endgroup::
[2024-06-05T01:44:51.723+0000] {local_task_job_runner.py:120} INFO - ::group::Pre task execution logs
[2024-06-05T01:44:51.791+0000] {taskinstance.py:2076} INFO - Dependencies all met for dep_context=non-requeueable deps ti=<TaskInstance: dados_climaticos_estruturados.criar_pasta scheduled__2024-05-31T10:35:00+00:00 [queued]>
[2024-06-05T01:44:51.806+0000] {taskinstance.py:2076} INFO - Dependencies all met for dep_context=requeueable deps ti=<TaskInstance: dados_climaticos_estruturados.criar_pasta scheduled__2024-05-31T10:35:00+00:00 [queued]>
[2024-06-05T01:44:51.807+0000] {taskinstance.py:2306} INFO - Starting attempt 1 of 1
[2024-06-05T01:44:51.846+0000] {taskinstance.py:2330} INFO - Executing <Task(PythonOperator): criar_pasta> on 2024-05-31 10:35:00+00:00
[2024-06-05T01:44:51.870+0000] {warnings.py:110} WARNING - /home/***/.local/lib/python3.12/site-packages/***/task/task_runner/standard_task_runner.py:61: DeprecationWarning: This process (pid=4581) is multi-threaded, use of fork() may lead to deadlocks in the child.
  pid = os.fork()

[2024-06-05T01:44:51.873+0000] {standard_task_runner.py:63} INFO - Started process 4619 to run task
[2024-06-05T01:44:51.883+0000] {standard_task_runner.py:90} INFO - Running: ['***', 'tasks', 'run', 'dados_climaticos_estruturados', 'criar_pasta', 'scheduled__2024-05-31T10:35:00+00:00', '--job-id', '1465', '--raw', '--subdir', 'DAGS_FOLDER/weather/custom_dags/dados_climaticos_estruturados.py', '--cfg-path', '/tmp/tmp2hfzv6pf']
[2024-06-05T01:44:51.889+0000] {standard_task_runner.py:91} INFO - Job 1465: Subtask criar_pasta
[2024-06-05T01:44:52.008+0000] {task_command.py:426} INFO - Running <TaskInstance: dados_climaticos_estruturados.criar_pasta scheduled__2024-05-31T10:35:00+00:00 [running]> on host 80232deae70a
[2024-06-05T01:44:52.266+0000] {taskinstance.py:2648} INFO - Exporting env vars: AIRFLOW_CTX_DAG_OWNER='***' AIRFLOW_CTX_DAG_ID='dados_climaticos_estruturados' AIRFLOW_CTX_TASK_ID='criar_pasta' AIRFLOW_CTX_EXECUTION_DATE='2024-05-31T10:35:00+00:00' AIRFLOW_CTX_TRY_NUMBER='1' AIRFLOW_CTX_DAG_RUN_ID='scheduled__2024-05-31T10:35:00+00:00'
[2024-06-05T01:44:52.274+0000] {taskinstance.py:430} INFO - ::endgroup::
[2024-06-05T01:44:52.277+0000] {python.py:237} INFO - Done. Returned value was: None
[2024-06-05T01:44:52.279+0000] {taskinstance.py:441} INFO - ::group::Post task execution logs
[2024-06-05T01:44:52.308+0000] {taskinstance.py:1206} INFO - Marking task as SUCCESS. dag_id=dados_climaticos_estruturados, task_id=criar_pasta, run_id=scheduled__2024-05-31T10:35:00+00:00, execution_date=20240531T103500, start_date=20240605T014451, end_date=20240605T014452
[2024-06-05T01:44:52.430+0000] {local_task_job_runner.py:240} INFO - Task exited with return code 0
[2024-06-05T01:44:52.502+0000] {taskinstance.py:3498} INFO - 1 downstream tasks scheduled from follow-on schedule check
[2024-06-05T01:44:52.511+0000] {local_task_job_runner.py:222} INFO - ::endgroup::
