[2024-06-05T00:54:18.949+0000] {local_task_job_runner.py:120} INFO - ::group::Pre task execution logs
[2024-06-05T00:54:18.979+0000] {taskinstance.py:2076} INFO - Dependencies all met for dep_context=non-requeueable deps ti=<TaskInstance: dados_climaticos_estruturados.criar_pasta scheduled__2024-05-29T02:45:00+00:00 [queued]>
[2024-06-05T00:54:18.989+0000] {taskinstance.py:2076} INFO - Dependencies all met for dep_context=requeueable deps ti=<TaskInstance: dados_climaticos_estruturados.criar_pasta scheduled__2024-05-29T02:45:00+00:00 [queued]>
[2024-06-05T00:54:18.990+0000] {taskinstance.py:2306} INFO - Starting attempt 1 of 1
[2024-06-05T00:54:19.005+0000] {taskinstance.py:2330} INFO - Executing <Task(PythonOperator): criar_pasta> on 2024-05-29 02:45:00+00:00
[2024-06-05T00:54:19.013+0000] {warnings.py:110} WARNING - /home/***/.local/lib/python3.12/site-packages/***/task/task_runner/standard_task_runner.py:61: DeprecationWarning: This process (pid=466) is multi-threaded, use of fork() may lead to deadlocks in the child.
  pid = os.fork()

[2024-06-05T00:54:19.016+0000] {standard_task_runner.py:63} INFO - Started process 475 to run task
[2024-06-05T00:54:19.016+0000] {standard_task_runner.py:90} INFO - Running: ['***', 'tasks', 'run', 'dados_climaticos_estruturados', 'criar_pasta', 'scheduled__2024-05-29T02:45:00+00:00', '--job-id', '517', '--raw', '--subdir', 'DAGS_FOLDER/weather/custom_dags/dados_climaticos_estruturados.py', '--cfg-path', '/tmp/tmp7_x8tojo']
[2024-06-05T00:54:19.018+0000] {standard_task_runner.py:91} INFO - Job 517: Subtask criar_pasta
[2024-06-05T00:54:19.079+0000] {task_command.py:426} INFO - Running <TaskInstance: dados_climaticos_estruturados.criar_pasta scheduled__2024-05-29T02:45:00+00:00 [running]> on host 6665b0710315
[2024-06-05T00:54:19.217+0000] {taskinstance.py:2648} INFO - Exporting env vars: AIRFLOW_CTX_DAG_OWNER='***' AIRFLOW_CTX_DAG_ID='dados_climaticos_estruturados' AIRFLOW_CTX_TASK_ID='criar_pasta' AIRFLOW_CTX_EXECUTION_DATE='2024-05-29T02:45:00+00:00' AIRFLOW_CTX_TRY_NUMBER='1' AIRFLOW_CTX_DAG_RUN_ID='scheduled__2024-05-29T02:45:00+00:00'
[2024-06-05T00:54:19.219+0000] {taskinstance.py:430} INFO - ::endgroup::
[2024-06-05T00:54:19.220+0000] {python.py:237} INFO - Done. Returned value was: None
[2024-06-05T00:54:19.221+0000] {taskinstance.py:441} INFO - ::group::Post task execution logs
[2024-06-05T00:54:19.234+0000] {taskinstance.py:1206} INFO - Marking task as SUCCESS. dag_id=dados_climaticos_estruturados, task_id=criar_pasta, run_id=scheduled__2024-05-29T02:45:00+00:00, execution_date=20240529T024500, start_date=20240605T005418, end_date=20240605T005419
[2024-06-05T00:54:19.279+0000] {local_task_job_runner.py:240} INFO - Task exited with return code 0
[2024-06-05T00:54:19.310+0000] {taskinstance.py:3498} INFO - 1 downstream tasks scheduled from follow-on schedule check
[2024-06-05T00:54:19.313+0000] {local_task_job_runner.py:222} INFO - ::endgroup::
[2024-06-05T01:33:57.039+0000] {local_task_job_runner.py:120} INFO - ::group::Pre task execution logs
[2024-06-05T01:33:57.073+0000] {taskinstance.py:2076} INFO - Dependencies all met for dep_context=non-requeueable deps ti=<TaskInstance: dados_climaticos_estruturados.criar_pasta scheduled__2024-05-29T02:45:00+00:00 [queued]>
[2024-06-05T01:33:57.086+0000] {taskinstance.py:2076} INFO - Dependencies all met for dep_context=requeueable deps ti=<TaskInstance: dados_climaticos_estruturados.criar_pasta scheduled__2024-05-29T02:45:00+00:00 [queued]>
[2024-06-05T01:33:57.087+0000] {taskinstance.py:2306} INFO - Starting attempt 1 of 1
[2024-06-05T01:33:57.192+0000] {taskinstance.py:2330} INFO - Executing <Task(PythonOperator): criar_pasta> on 2024-05-29 02:45:00+00:00
[2024-06-05T01:33:57.206+0000] {warnings.py:110} WARNING - /home/***/.local/lib/python3.12/site-packages/***/task/task_runner/standard_task_runner.py:61: DeprecationWarning: This process (pid=461) is multi-threaded, use of fork() may lead to deadlocks in the child.
  pid = os.fork()

[2024-06-05T01:33:57.208+0000] {standard_task_runner.py:63} INFO - Started process 478 to run task
[2024-06-05T01:33:57.210+0000] {standard_task_runner.py:90} INFO - Running: ['***', 'tasks', 'run', 'dados_climaticos_estruturados', 'criar_pasta', 'scheduled__2024-05-29T02:45:00+00:00', '--job-id', '131', '--raw', '--subdir', 'DAGS_FOLDER/weather/custom_dags/dados_climaticos_estruturados.py', '--cfg-path', '/tmp/tmps9f_r414']
[2024-06-05T01:33:57.216+0000] {standard_task_runner.py:91} INFO - Job 131: Subtask criar_pasta
[2024-06-05T01:33:57.302+0000] {task_command.py:426} INFO - Running <TaskInstance: dados_climaticos_estruturados.criar_pasta scheduled__2024-05-29T02:45:00+00:00 [running]> on host 80232deae70a
[2024-06-05T01:33:57.572+0000] {taskinstance.py:2648} INFO - Exporting env vars: AIRFLOW_CTX_DAG_OWNER='***' AIRFLOW_CTX_DAG_ID='dados_climaticos_estruturados' AIRFLOW_CTX_TASK_ID='criar_pasta' AIRFLOW_CTX_EXECUTION_DATE='2024-05-29T02:45:00+00:00' AIRFLOW_CTX_TRY_NUMBER='1' AIRFLOW_CTX_DAG_RUN_ID='scheduled__2024-05-29T02:45:00+00:00'
[2024-06-05T01:33:57.578+0000] {taskinstance.py:430} INFO - ::endgroup::
[2024-06-05T01:33:57.587+0000] {python.py:237} INFO - Done. Returned value was: None
[2024-06-05T01:33:57.589+0000] {taskinstance.py:441} INFO - ::group::Post task execution logs
[2024-06-05T01:33:57.616+0000] {taskinstance.py:1206} INFO - Marking task as SUCCESS. dag_id=dados_climaticos_estruturados, task_id=criar_pasta, run_id=scheduled__2024-05-29T02:45:00+00:00, execution_date=20240529T024500, start_date=20240605T013357, end_date=20240605T013357
[2024-06-05T01:33:57.697+0000] {local_task_job_runner.py:240} INFO - Task exited with return code 0
[2024-06-05T01:33:57.756+0000] {taskinstance.py:3498} INFO - 1 downstream tasks scheduled from follow-on schedule check
[2024-06-05T01:33:57.761+0000] {local_task_job_runner.py:222} INFO - ::endgroup::
