[2024-06-05T00:57:16.577+0000] {local_task_job_runner.py:120} INFO - ::group::Pre task execution logs
[2024-06-05T00:57:16.619+0000] {taskinstance.py:2076} INFO - Dependencies all met for dep_context=non-requeueable deps ti=<TaskInstance: dados_climaticos_estruturados.criar_pasta scheduled__2024-05-29T20:05:00+00:00 [queued]>
[2024-06-05T00:57:16.633+0000] {taskinstance.py:2076} INFO - Dependencies all met for dep_context=requeueable deps ti=<TaskInstance: dados_climaticos_estruturados.criar_pasta scheduled__2024-05-29T20:05:00+00:00 [queued]>
[2024-06-05T00:57:16.634+0000] {taskinstance.py:2306} INFO - Starting attempt 1 of 1
[2024-06-05T00:57:16.660+0000] {taskinstance.py:2330} INFO - Executing <Task(PythonOperator): criar_pasta> on 2024-05-29 20:05:00+00:00
[2024-06-05T00:57:16.673+0000] {warnings.py:110} WARNING - /home/***/.local/lib/python3.12/site-packages/***/task/task_runner/standard_task_runner.py:61: DeprecationWarning: This process (pid=1730) is multi-threaded, use of fork() may lead to deadlocks in the child.
  pid = os.fork()

[2024-06-05T00:57:16.676+0000] {standard_task_runner.py:63} INFO - Started process 1746 to run task
[2024-06-05T00:57:16.676+0000] {standard_task_runner.py:90} INFO - Running: ['***', 'tasks', 'run', 'dados_climaticos_estruturados', 'criar_pasta', 'scheduled__2024-05-29T20:05:00+00:00', '--job-id', '928', '--raw', '--subdir', 'DAGS_FOLDER/weather/custom_dags/dados_climaticos_estruturados.py', '--cfg-path', '/tmp/tmptaz8yk6o']
[2024-06-05T00:57:16.678+0000] {standard_task_runner.py:91} INFO - Job 928: Subtask criar_pasta
[2024-06-05T00:57:16.767+0000] {task_command.py:426} INFO - Running <TaskInstance: dados_climaticos_estruturados.criar_pasta scheduled__2024-05-29T20:05:00+00:00 [running]> on host 6665b0710315
[2024-06-05T00:57:16.951+0000] {taskinstance.py:2648} INFO - Exporting env vars: AIRFLOW_CTX_DAG_OWNER='***' AIRFLOW_CTX_DAG_ID='dados_climaticos_estruturados' AIRFLOW_CTX_TASK_ID='criar_pasta' AIRFLOW_CTX_EXECUTION_DATE='2024-05-29T20:05:00+00:00' AIRFLOW_CTX_TRY_NUMBER='1' AIRFLOW_CTX_DAG_RUN_ID='scheduled__2024-05-29T20:05:00+00:00'
[2024-06-05T00:57:16.953+0000] {taskinstance.py:430} INFO - ::endgroup::
[2024-06-05T00:57:16.958+0000] {python.py:237} INFO - Done. Returned value was: None
[2024-06-05T00:57:16.959+0000] {taskinstance.py:441} INFO - ::group::Post task execution logs
[2024-06-05T00:57:16.976+0000] {taskinstance.py:1206} INFO - Marking task as SUCCESS. dag_id=dados_climaticos_estruturados, task_id=criar_pasta, run_id=scheduled__2024-05-29T20:05:00+00:00, execution_date=20240529T200500, start_date=20240605T005716, end_date=20240605T005716
[2024-06-05T00:57:17.029+0000] {local_task_job_runner.py:240} INFO - Task exited with return code 0
[2024-06-05T00:57:17.069+0000] {taskinstance.py:3498} INFO - 1 downstream tasks scheduled from follow-on schedule check
[2024-06-05T00:57:17.075+0000] {local_task_job_runner.py:222} INFO - ::endgroup::
[2024-06-05T01:37:27.601+0000] {local_task_job_runner.py:120} INFO - ::group::Pre task execution logs
[2024-06-05T01:37:27.635+0000] {taskinstance.py:2076} INFO - Dependencies all met for dep_context=non-requeueable deps ti=<TaskInstance: dados_climaticos_estruturados.criar_pasta scheduled__2024-05-29T20:05:00+00:00 [queued]>
[2024-06-05T01:37:27.649+0000] {taskinstance.py:2076} INFO - Dependencies all met for dep_context=requeueable deps ti=<TaskInstance: dados_climaticos_estruturados.criar_pasta scheduled__2024-05-29T20:05:00+00:00 [queued]>
[2024-06-05T01:37:27.649+0000] {taskinstance.py:2306} INFO - Starting attempt 1 of 1
[2024-06-05T01:37:27.773+0000] {taskinstance.py:2330} INFO - Executing <Task(PythonOperator): criar_pasta> on 2024-05-29 20:05:00+00:00
[2024-06-05T01:37:27.786+0000] {warnings.py:110} WARNING - /home/***/.local/lib/python3.12/site-packages/***/task/task_runner/standard_task_runner.py:61: DeprecationWarning: This process (pid=1754) is multi-threaded, use of fork() may lead to deadlocks in the child.
  pid = os.fork()

[2024-06-05T01:37:27.790+0000] {standard_task_runner.py:63} INFO - Started process 1771 to run task
[2024-06-05T01:37:27.797+0000] {standard_task_runner.py:90} INFO - Running: ['***', 'tasks', 'run', 'dados_climaticos_estruturados', 'criar_pasta', 'scheduled__2024-05-29T20:05:00+00:00', '--job-id', '549', '--raw', '--subdir', 'DAGS_FOLDER/weather/custom_dags/dados_climaticos_estruturados.py', '--cfg-path', '/tmp/tmptt0nvw_y']
[2024-06-05T01:37:27.799+0000] {standard_task_runner.py:91} INFO - Job 549: Subtask criar_pasta
[2024-06-05T01:37:27.893+0000] {task_command.py:426} INFO - Running <TaskInstance: dados_climaticos_estruturados.criar_pasta scheduled__2024-05-29T20:05:00+00:00 [running]> on host 80232deae70a
[2024-06-05T01:37:28.061+0000] {taskinstance.py:2648} INFO - Exporting env vars: AIRFLOW_CTX_DAG_OWNER='***' AIRFLOW_CTX_DAG_ID='dados_climaticos_estruturados' AIRFLOW_CTX_TASK_ID='criar_pasta' AIRFLOW_CTX_EXECUTION_DATE='2024-05-29T20:05:00+00:00' AIRFLOW_CTX_TRY_NUMBER='1' AIRFLOW_CTX_DAG_RUN_ID='scheduled__2024-05-29T20:05:00+00:00'
[2024-06-05T01:37:28.065+0000] {taskinstance.py:430} INFO - ::endgroup::
[2024-06-05T01:37:28.068+0000] {python.py:237} INFO - Done. Returned value was: None
[2024-06-05T01:37:28.068+0000] {taskinstance.py:441} INFO - ::group::Post task execution logs
[2024-06-05T01:37:28.085+0000] {taskinstance.py:1206} INFO - Marking task as SUCCESS. dag_id=dados_climaticos_estruturados, task_id=criar_pasta, run_id=scheduled__2024-05-29T20:05:00+00:00, execution_date=20240529T200500, start_date=20240605T013727, end_date=20240605T013728
[2024-06-05T01:37:28.143+0000] {local_task_job_runner.py:240} INFO - Task exited with return code 0
[2024-06-05T01:37:28.211+0000] {taskinstance.py:3498} INFO - 1 downstream tasks scheduled from follow-on schedule check
[2024-06-05T01:37:28.219+0000] {local_task_job_runner.py:222} INFO - ::endgroup::
