[2024-06-05T01:06:32.279+0000] {local_task_job_runner.py:120} INFO - ::group::Pre task execution logs
[2024-06-05T01:06:32.322+0000] {taskinstance.py:2076} INFO - Dependencies all met for dep_context=non-requeueable deps ti=<TaskInstance: dados_climaticos_estruturados.criar_pasta scheduled__2024-05-31T15:15:00+00:00 [queued]>
[2024-06-05T01:06:32.338+0000] {taskinstance.py:2076} INFO - Dependencies all met for dep_context=requeueable deps ti=<TaskInstance: dados_climaticos_estruturados.criar_pasta scheduled__2024-05-31T15:15:00+00:00 [queued]>
[2024-06-05T01:06:32.339+0000] {taskinstance.py:2306} INFO - Starting attempt 1 of 1
[2024-06-05T01:06:32.370+0000] {taskinstance.py:2330} INFO - Executing <Task(PythonOperator): criar_pasta> on 2024-05-31 15:15:00+00:00
[2024-06-05T01:06:32.387+0000] {warnings.py:110} WARNING - /home/***/.local/lib/python3.12/site-packages/***/task/task_runner/standard_task_runner.py:61: DeprecationWarning: This process (pid=4963) is multi-threaded, use of fork() may lead to deadlocks in the child.
  pid = os.fork()

[2024-06-05T01:06:32.390+0000] {standard_task_runner.py:63} INFO - Started process 4986 to run task
[2024-06-05T01:06:32.392+0000] {standard_task_runner.py:90} INFO - Running: ['***', 'tasks', 'run', 'dados_climaticos_estruturados', 'criar_pasta', 'scheduled__2024-05-31T15:15:00+00:00', '--job-id', '1968', '--raw', '--subdir', 'DAGS_FOLDER/weather/custom_dags/dados_climaticos_estruturados.py', '--cfg-path', '/tmp/tmp0b705sny']
[2024-06-05T01:06:32.394+0000] {standard_task_runner.py:91} INFO - Job 1968: Subtask criar_pasta
[2024-06-05T01:06:32.492+0000] {task_command.py:426} INFO - Running <TaskInstance: dados_climaticos_estruturados.criar_pasta scheduled__2024-05-31T15:15:00+00:00 [running]> on host 6665b0710315
[2024-06-05T01:06:32.790+0000] {taskinstance.py:2648} INFO - Exporting env vars: AIRFLOW_CTX_DAG_OWNER='***' AIRFLOW_CTX_DAG_ID='dados_climaticos_estruturados' AIRFLOW_CTX_TASK_ID='criar_pasta' AIRFLOW_CTX_EXECUTION_DATE='2024-05-31T15:15:00+00:00' AIRFLOW_CTX_TRY_NUMBER='1' AIRFLOW_CTX_DAG_RUN_ID='scheduled__2024-05-31T15:15:00+00:00'
[2024-06-05T01:06:32.792+0000] {taskinstance.py:430} INFO - ::endgroup::
[2024-06-05T01:06:32.803+0000] {python.py:237} INFO - Done. Returned value was: None
[2024-06-05T01:06:32.804+0000] {taskinstance.py:441} INFO - ::group::Post task execution logs
[2024-06-05T01:06:32.835+0000] {taskinstance.py:1206} INFO - Marking task as SUCCESS. dag_id=dados_climaticos_estruturados, task_id=criar_pasta, run_id=scheduled__2024-05-31T15:15:00+00:00, execution_date=20240531T151500, start_date=20240605T010632, end_date=20240605T010632
[2024-06-05T01:06:32.919+0000] {local_task_job_runner.py:240} INFO - Task exited with return code 0
[2024-06-05T01:06:32.991+0000] {taskinstance.py:3498} INFO - 1 downstream tasks scheduled from follow-on schedule check
[2024-06-05T01:06:33.000+0000] {local_task_job_runner.py:222} INFO - ::endgroup::
[2024-06-05T01:45:47.386+0000] {local_task_job_runner.py:120} INFO - ::group::Pre task execution logs
[2024-06-05T01:45:47.457+0000] {taskinstance.py:2076} INFO - Dependencies all met for dep_context=non-requeueable deps ti=<TaskInstance: dados_climaticos_estruturados.criar_pasta scheduled__2024-05-31T15:15:00+00:00 [queued]>
[2024-06-05T01:45:47.474+0000] {taskinstance.py:2076} INFO - Dependencies all met for dep_context=requeueable deps ti=<TaskInstance: dados_climaticos_estruturados.criar_pasta scheduled__2024-05-31T15:15:00+00:00 [queued]>
[2024-06-05T01:45:47.475+0000] {taskinstance.py:2306} INFO - Starting attempt 1 of 1
[2024-06-05T01:45:47.531+0000] {taskinstance.py:2330} INFO - Executing <Task(PythonOperator): criar_pasta> on 2024-05-31 15:15:00+00:00
[2024-06-05T01:45:47.556+0000] {warnings.py:110} WARNING - /home/***/.local/lib/python3.12/site-packages/***/task/task_runner/standard_task_runner.py:61: DeprecationWarning: This process (pid=4930) is multi-threaded, use of fork() may lead to deadlocks in the child.
  pid = os.fork()

[2024-06-05T01:45:47.562+0000] {standard_task_runner.py:63} INFO - Started process 4959 to run task
[2024-06-05T01:45:47.563+0000] {standard_task_runner.py:90} INFO - Running: ['***', 'tasks', 'run', 'dados_climaticos_estruturados', 'criar_pasta', 'scheduled__2024-05-31T15:15:00+00:00', '--job-id', '1576', '--raw', '--subdir', 'DAGS_FOLDER/weather/custom_dags/dados_climaticos_estruturados.py', '--cfg-path', '/tmp/tmpp3ym0w_b']
[2024-06-05T01:45:47.567+0000] {standard_task_runner.py:91} INFO - Job 1576: Subtask criar_pasta
[2024-06-05T01:45:47.691+0000] {task_command.py:426} INFO - Running <TaskInstance: dados_climaticos_estruturados.criar_pasta scheduled__2024-05-31T15:15:00+00:00 [running]> on host 80232deae70a
[2024-06-05T01:45:47.933+0000] {taskinstance.py:2648} INFO - Exporting env vars: AIRFLOW_CTX_DAG_OWNER='***' AIRFLOW_CTX_DAG_ID='dados_climaticos_estruturados' AIRFLOW_CTX_TASK_ID='criar_pasta' AIRFLOW_CTX_EXECUTION_DATE='2024-05-31T15:15:00+00:00' AIRFLOW_CTX_TRY_NUMBER='1' AIRFLOW_CTX_DAG_RUN_ID='scheduled__2024-05-31T15:15:00+00:00'
[2024-06-05T01:45:47.937+0000] {taskinstance.py:430} INFO - ::endgroup::
[2024-06-05T01:45:47.940+0000] {python.py:237} INFO - Done. Returned value was: None
[2024-06-05T01:45:47.943+0000] {taskinstance.py:441} INFO - ::group::Post task execution logs
[2024-06-05T01:45:47.962+0000] {taskinstance.py:1206} INFO - Marking task as SUCCESS. dag_id=dados_climaticos_estruturados, task_id=criar_pasta, run_id=scheduled__2024-05-31T15:15:00+00:00, execution_date=20240531T151500, start_date=20240605T014547, end_date=20240605T014547
[2024-06-05T01:45:48.077+0000] {local_task_job_runner.py:240} INFO - Task exited with return code 0
[2024-06-05T01:45:48.109+0000] {local_task_job_runner.py:222} INFO - ::endgroup::
