[2024-06-05T00:56:25.340+0000] {local_task_job_runner.py:120} INFO - ::group::Pre task execution logs
[2024-06-05T00:56:25.376+0000] {taskinstance.py:2076} INFO - Dependencies all met for dep_context=non-requeueable deps ti=<TaskInstance: dados_climaticos_estruturados.criar_pasta scheduled__2024-05-29T15:15:00+00:00 [queued]>
[2024-06-05T00:56:25.390+0000] {taskinstance.py:2076} INFO - Dependencies all met for dep_context=requeueable deps ti=<TaskInstance: dados_climaticos_estruturados.criar_pasta scheduled__2024-05-29T15:15:00+00:00 [queued]>
[2024-06-05T00:56:25.391+0000] {taskinstance.py:2306} INFO - Starting attempt 1 of 1
[2024-06-05T00:56:25.419+0000] {taskinstance.py:2330} INFO - Executing <Task(PythonOperator): criar_pasta> on 2024-05-29 15:15:00+00:00
[2024-06-05T00:56:25.432+0000] {warnings.py:110} WARNING - /home/***/.local/lib/python3.12/site-packages/***/task/task_runner/standard_task_runner.py:61: DeprecationWarning: This process (pid=1357) is multi-threaded, use of fork() may lead to deadlocks in the child.
  pid = os.fork()

[2024-06-05T00:56:25.435+0000] {standard_task_runner.py:63} INFO - Started process 1385 to run task
[2024-06-05T00:56:25.439+0000] {standard_task_runner.py:90} INFO - Running: ['***', 'tasks', 'run', 'dados_climaticos_estruturados', 'criar_pasta', 'scheduled__2024-05-29T15:15:00+00:00', '--job-id', '811', '--raw', '--subdir', 'DAGS_FOLDER/weather/custom_dags/dados_climaticos_estruturados.py', '--cfg-path', '/tmp/tmpk6wrt5i_']
[2024-06-05T00:56:25.443+0000] {standard_task_runner.py:91} INFO - Job 811: Subtask criar_pasta
[2024-06-05T00:56:25.531+0000] {task_command.py:426} INFO - Running <TaskInstance: dados_climaticos_estruturados.criar_pasta scheduled__2024-05-29T15:15:00+00:00 [running]> on host 6665b0710315
[2024-06-05T00:56:25.675+0000] {taskinstance.py:2648} INFO - Exporting env vars: AIRFLOW_CTX_DAG_OWNER='***' AIRFLOW_CTX_DAG_ID='dados_climaticos_estruturados' AIRFLOW_CTX_TASK_ID='criar_pasta' AIRFLOW_CTX_EXECUTION_DATE='2024-05-29T15:15:00+00:00' AIRFLOW_CTX_TRY_NUMBER='1' AIRFLOW_CTX_DAG_RUN_ID='scheduled__2024-05-29T15:15:00+00:00'
[2024-06-05T00:56:25.677+0000] {taskinstance.py:430} INFO - ::endgroup::
[2024-06-05T00:56:25.679+0000] {python.py:237} INFO - Done. Returned value was: None
[2024-06-05T00:56:25.679+0000] {taskinstance.py:441} INFO - ::group::Post task execution logs
[2024-06-05T00:56:25.694+0000] {taskinstance.py:1206} INFO - Marking task as SUCCESS. dag_id=dados_climaticos_estruturados, task_id=criar_pasta, run_id=scheduled__2024-05-29T15:15:00+00:00, execution_date=20240529T151500, start_date=20240605T005625, end_date=20240605T005625
[2024-06-05T00:56:25.745+0000] {local_task_job_runner.py:240} INFO - Task exited with return code 0
[2024-06-05T00:56:25.768+0000] {local_task_job_runner.py:222} INFO - ::endgroup::
[2024-06-05T01:36:27.031+0000] {local_task_job_runner.py:120} INFO - ::group::Pre task execution logs
[2024-06-05T01:36:27.126+0000] {taskinstance.py:2076} INFO - Dependencies all met for dep_context=non-requeueable deps ti=<TaskInstance: dados_climaticos_estruturados.criar_pasta scheduled__2024-05-29T15:15:00+00:00 [queued]>
[2024-06-05T01:36:27.169+0000] {taskinstance.py:2076} INFO - Dependencies all met for dep_context=requeueable deps ti=<TaskInstance: dados_climaticos_estruturados.criar_pasta scheduled__2024-05-29T15:15:00+00:00 [queued]>
[2024-06-05T01:36:27.170+0000] {taskinstance.py:2306} INFO - Starting attempt 1 of 1
[2024-06-05T01:36:27.270+0000] {taskinstance.py:2330} INFO - Executing <Task(PythonOperator): criar_pasta> on 2024-05-29 15:15:00+00:00
[2024-06-05T01:36:27.316+0000] {standard_task_runner.py:90} INFO - Running: ['***', 'tasks', 'run', 'dados_climaticos_estruturados', 'criar_pasta', 'scheduled__2024-05-29T15:15:00+00:00', '--job-id', '426', '--raw', '--subdir', 'DAGS_FOLDER/weather/custom_dags/dados_climaticos_estruturados.py', '--cfg-path', '/tmp/tmp0quqjtzf']
[2024-06-05T01:36:27.320+0000] {warnings.py:110} WARNING - /home/***/.local/lib/python3.12/site-packages/***/task/task_runner/standard_task_runner.py:61: DeprecationWarning: This process (pid=1362) is multi-threaded, use of fork() may lead to deadlocks in the child.
  pid = os.fork()

[2024-06-05T01:36:27.325+0000] {standard_task_runner.py:63} INFO - Started process 1397 to run task
[2024-06-05T01:36:27.324+0000] {standard_task_runner.py:91} INFO - Job 426: Subtask criar_pasta
[2024-06-05T01:36:27.501+0000] {task_command.py:426} INFO - Running <TaskInstance: dados_climaticos_estruturados.criar_pasta scheduled__2024-05-29T15:15:00+00:00 [running]> on host 80232deae70a
[2024-06-05T01:36:27.915+0000] {taskinstance.py:2648} INFO - Exporting env vars: AIRFLOW_CTX_DAG_OWNER='***' AIRFLOW_CTX_DAG_ID='dados_climaticos_estruturados' AIRFLOW_CTX_TASK_ID='criar_pasta' AIRFLOW_CTX_EXECUTION_DATE='2024-05-29T15:15:00+00:00' AIRFLOW_CTX_TRY_NUMBER='1' AIRFLOW_CTX_DAG_RUN_ID='scheduled__2024-05-29T15:15:00+00:00'
[2024-06-05T01:36:27.917+0000] {taskinstance.py:430} INFO - ::endgroup::
[2024-06-05T01:36:27.939+0000] {python.py:237} INFO - Done. Returned value was: None
[2024-06-05T01:36:27.945+0000] {taskinstance.py:441} INFO - ::group::Post task execution logs
[2024-06-05T01:36:28.008+0000] {taskinstance.py:1206} INFO - Marking task as SUCCESS. dag_id=dados_climaticos_estruturados, task_id=criar_pasta, run_id=scheduled__2024-05-29T15:15:00+00:00, execution_date=20240529T151500, start_date=20240605T013627, end_date=20240605T013628
[2024-06-05T01:36:28.397+0000] {local_task_job_runner.py:240} INFO - Task exited with return code 0
[2024-06-05T01:36:28.440+0000] {taskinstance.py:3498} INFO - 1 downstream tasks scheduled from follow-on schedule check
[2024-06-05T01:36:28.449+0000] {local_task_job_runner.py:222} INFO - ::endgroup::
