[2024-06-05T01:01:23.354+0000] {local_task_job_runner.py:120} INFO - ::group::Pre task execution logs
[2024-06-05T01:01:23.391+0000] {taskinstance.py:2076} INFO - Dependencies all met for dep_context=non-requeueable deps ti=<TaskInstance: dados_climaticos_estruturados.criar_pasta scheduled__2024-05-30T15:10:00+00:00 [queued]>
[2024-06-05T01:01:23.407+0000] {taskinstance.py:2076} INFO - Dependencies all met for dep_context=requeueable deps ti=<TaskInstance: dados_climaticos_estruturados.criar_pasta scheduled__2024-05-30T15:10:00+00:00 [queued]>
[2024-06-05T01:01:23.408+0000] {taskinstance.py:2306} INFO - Starting attempt 1 of 1
[2024-06-05T01:01:23.432+0000] {taskinstance.py:2330} INFO - Executing <Task(PythonOperator): criar_pasta> on 2024-05-30 15:10:00+00:00
[2024-06-05T01:01:23.445+0000] {warnings.py:110} WARNING - /home/***/.local/lib/python3.12/site-packages/***/task/task_runner/standard_task_runner.py:61: DeprecationWarning: This process (pid=3182) is multi-threaded, use of fork() may lead to deadlocks in the child.
  pid = os.fork()

[2024-06-05T01:01:23.447+0000] {standard_task_runner.py:63} INFO - Started process 3198 to run task
[2024-06-05T01:01:23.449+0000] {standard_task_runner.py:90} INFO - Running: ['***', 'tasks', 'run', 'dados_climaticos_estruturados', 'criar_pasta', 'scheduled__2024-05-30T15:10:00+00:00', '--job-id', '1394', '--raw', '--subdir', 'DAGS_FOLDER/weather/custom_dags/dados_climaticos_estruturados.py', '--cfg-path', '/tmp/tmpk_ciocz7']
[2024-06-05T01:01:23.450+0000] {standard_task_runner.py:91} INFO - Job 1394: Subtask criar_pasta
[2024-06-05T01:01:23.538+0000] {task_command.py:426} INFO - Running <TaskInstance: dados_climaticos_estruturados.criar_pasta scheduled__2024-05-30T15:10:00+00:00 [running]> on host 6665b0710315
[2024-06-05T01:01:23.696+0000] {taskinstance.py:2648} INFO - Exporting env vars: AIRFLOW_CTX_DAG_OWNER='***' AIRFLOW_CTX_DAG_ID='dados_climaticos_estruturados' AIRFLOW_CTX_TASK_ID='criar_pasta' AIRFLOW_CTX_EXECUTION_DATE='2024-05-30T15:10:00+00:00' AIRFLOW_CTX_TRY_NUMBER='1' AIRFLOW_CTX_DAG_RUN_ID='scheduled__2024-05-30T15:10:00+00:00'
[2024-06-05T01:01:23.698+0000] {taskinstance.py:430} INFO - ::endgroup::
[2024-06-05T01:01:23.700+0000] {python.py:237} INFO - Done. Returned value was: None
[2024-06-05T01:01:23.700+0000] {taskinstance.py:441} INFO - ::group::Post task execution logs
[2024-06-05T01:01:23.719+0000] {taskinstance.py:1206} INFO - Marking task as SUCCESS. dag_id=dados_climaticos_estruturados, task_id=criar_pasta, run_id=scheduled__2024-05-30T15:10:00+00:00, execution_date=20240530T151000, start_date=20240605T010123, end_date=20240605T010123
[2024-06-05T01:01:23.755+0000] {local_task_job_runner.py:240} INFO - Task exited with return code 0
[2024-06-05T01:01:23.785+0000] {taskinstance.py:3498} INFO - 1 downstream tasks scheduled from follow-on schedule check
[2024-06-05T01:01:23.788+0000] {local_task_job_runner.py:222} INFO - ::endgroup::
[2024-06-05T01:40:58.400+0000] {local_task_job_runner.py:120} INFO - ::group::Pre task execution logs
[2024-06-05T01:40:58.485+0000] {taskinstance.py:2076} INFO - Dependencies all met for dep_context=non-requeueable deps ti=<TaskInstance: dados_climaticos_estruturados.criar_pasta scheduled__2024-05-30T15:10:00+00:00 [queued]>
[2024-06-05T01:40:58.519+0000] {taskinstance.py:2076} INFO - Dependencies all met for dep_context=requeueable deps ti=<TaskInstance: dados_climaticos_estruturados.criar_pasta scheduled__2024-05-30T15:10:00+00:00 [queued]>
[2024-06-05T01:40:58.522+0000] {taskinstance.py:2306} INFO - Starting attempt 1 of 1
[2024-06-05T01:40:58.581+0000] {taskinstance.py:2330} INFO - Executing <Task(PythonOperator): criar_pasta> on 2024-05-30 15:10:00+00:00
[2024-06-05T01:40:58.608+0000] {standard_task_runner.py:90} INFO - Running: ['***', 'tasks', 'run', 'dados_climaticos_estruturados', 'criar_pasta', 'scheduled__2024-05-30T15:10:00+00:00', '--job-id', '998', '--raw', '--subdir', 'DAGS_FOLDER/weather/custom_dags/dados_climaticos_estruturados.py', '--cfg-path', '/tmp/tmp_3bvuldq']
[2024-06-05T01:40:58.611+0000] {standard_task_runner.py:91} INFO - Job 998: Subtask criar_pasta
[2024-06-05T01:40:58.608+0000] {warnings.py:110} WARNING - /home/***/.local/lib/python3.12/site-packages/***/task/task_runner/standard_task_runner.py:61: DeprecationWarning: This process (pid=3130) is multi-threaded, use of fork() may lead to deadlocks in the child.
  pid = os.fork()

[2024-06-05T01:40:58.614+0000] {standard_task_runner.py:63} INFO - Started process 3174 to run task
[2024-06-05T01:40:58.801+0000] {task_command.py:426} INFO - Running <TaskInstance: dados_climaticos_estruturados.criar_pasta scheduled__2024-05-30T15:10:00+00:00 [running]> on host 80232deae70a
[2024-06-05T01:40:59.204+0000] {taskinstance.py:2648} INFO - Exporting env vars: AIRFLOW_CTX_DAG_OWNER='***' AIRFLOW_CTX_DAG_ID='dados_climaticos_estruturados' AIRFLOW_CTX_TASK_ID='criar_pasta' AIRFLOW_CTX_EXECUTION_DATE='2024-05-30T15:10:00+00:00' AIRFLOW_CTX_TRY_NUMBER='1' AIRFLOW_CTX_DAG_RUN_ID='scheduled__2024-05-30T15:10:00+00:00'
[2024-06-05T01:40:59.208+0000] {taskinstance.py:430} INFO - ::endgroup::
[2024-06-05T01:40:59.217+0000] {python.py:237} INFO - Done. Returned value was: None
[2024-06-05T01:40:59.222+0000] {taskinstance.py:441} INFO - ::group::Post task execution logs
[2024-06-05T01:40:59.254+0000] {taskinstance.py:1206} INFO - Marking task as SUCCESS. dag_id=dados_climaticos_estruturados, task_id=criar_pasta, run_id=scheduled__2024-05-30T15:10:00+00:00, execution_date=20240530T151000, start_date=20240605T014058, end_date=20240605T014059
[2024-06-05T01:40:59.527+0000] {local_task_job_runner.py:240} INFO - Task exited with return code 0
[2024-06-05T01:40:59.588+0000] {taskinstance.py:3498} INFO - 1 downstream tasks scheduled from follow-on schedule check
[2024-06-05T01:40:59.609+0000] {local_task_job_runner.py:222} INFO - ::endgroup::
