[2024-06-05T01:06:13.967+0000] {local_task_job_runner.py:120} INFO - ::group::Pre task execution logs
[2024-06-05T01:06:13.995+0000] {taskinstance.py:2076} INFO - Dependencies all met for dep_context=non-requeueable deps ti=<TaskInstance: dados_climaticos_estruturados.criar_pasta scheduled__2024-05-31T13:35:00+00:00 [queued]>
[2024-06-05T01:06:14.004+0000] {taskinstance.py:2076} INFO - Dependencies all met for dep_context=requeueable deps ti=<TaskInstance: dados_climaticos_estruturados.criar_pasta scheduled__2024-05-31T13:35:00+00:00 [queued]>
[2024-06-05T01:06:14.004+0000] {taskinstance.py:2306} INFO - Starting attempt 1 of 1
[2024-06-05T01:06:14.020+0000] {taskinstance.py:2330} INFO - Executing <Task(PythonOperator): criar_pasta> on 2024-05-31 13:35:00+00:00
[2024-06-05T01:06:14.028+0000] {warnings.py:110} WARNING - /home/***/.local/lib/python3.12/site-packages/***/task/task_runner/standard_task_runner.py:61: DeprecationWarning: This process (pid=4857) is multi-threaded, use of fork() may lead to deadlocks in the child.
  pid = os.fork()

[2024-06-05T01:06:14.030+0000] {standard_task_runner.py:63} INFO - Started process 4859 to run task
[2024-06-05T01:06:14.031+0000] {standard_task_runner.py:90} INFO - Running: ['***', 'tasks', 'run', 'dados_climaticos_estruturados', 'criar_pasta', 'scheduled__2024-05-31T13:35:00+00:00', '--job-id', '1933', '--raw', '--subdir', 'DAGS_FOLDER/weather/custom_dags/dados_climaticos_estruturados.py', '--cfg-path', '/tmp/tmph9yfz6x9']
[2024-06-05T01:06:14.033+0000] {standard_task_runner.py:91} INFO - Job 1933: Subtask criar_pasta
[2024-06-05T01:06:14.092+0000] {task_command.py:426} INFO - Running <TaskInstance: dados_climaticos_estruturados.criar_pasta scheduled__2024-05-31T13:35:00+00:00 [running]> on host 6665b0710315
[2024-06-05T01:06:14.203+0000] {taskinstance.py:2648} INFO - Exporting env vars: AIRFLOW_CTX_DAG_OWNER='***' AIRFLOW_CTX_DAG_ID='dados_climaticos_estruturados' AIRFLOW_CTX_TASK_ID='criar_pasta' AIRFLOW_CTX_EXECUTION_DATE='2024-05-31T13:35:00+00:00' AIRFLOW_CTX_TRY_NUMBER='1' AIRFLOW_CTX_DAG_RUN_ID='scheduled__2024-05-31T13:35:00+00:00'
[2024-06-05T01:06:14.204+0000] {taskinstance.py:430} INFO - ::endgroup::
[2024-06-05T01:06:14.206+0000] {python.py:237} INFO - Done. Returned value was: None
[2024-06-05T01:06:14.206+0000] {taskinstance.py:441} INFO - ::group::Post task execution logs
[2024-06-05T01:06:14.217+0000] {taskinstance.py:1206} INFO - Marking task as SUCCESS. dag_id=dados_climaticos_estruturados, task_id=criar_pasta, run_id=scheduled__2024-05-31T13:35:00+00:00, execution_date=20240531T133500, start_date=20240605T010613, end_date=20240605T010614
[2024-06-05T01:06:14.252+0000] {local_task_job_runner.py:240} INFO - Task exited with return code 0
[2024-06-05T01:06:14.277+0000] {taskinstance.py:3498} INFO - 1 downstream tasks scheduled from follow-on schedule check
[2024-06-05T01:06:14.280+0000] {local_task_job_runner.py:222} INFO - ::endgroup::
[2024-06-05T01:45:28.470+0000] {local_task_job_runner.py:120} INFO - ::group::Pre task execution logs
[2024-06-05T01:45:28.513+0000] {taskinstance.py:2076} INFO - Dependencies all met for dep_context=non-requeueable deps ti=<TaskInstance: dados_climaticos_estruturados.criar_pasta scheduled__2024-05-31T13:35:00+00:00 [queued]>
[2024-06-05T01:45:28.530+0000] {taskinstance.py:2076} INFO - Dependencies all met for dep_context=requeueable deps ti=<TaskInstance: dados_climaticos_estruturados.criar_pasta scheduled__2024-05-31T13:35:00+00:00 [queued]>
[2024-06-05T01:45:28.533+0000] {taskinstance.py:2306} INFO - Starting attempt 1 of 1
[2024-06-05T01:45:28.567+0000] {taskinstance.py:2330} INFO - Executing <Task(PythonOperator): criar_pasta> on 2024-05-31 13:35:00+00:00
[2024-06-05T01:45:28.583+0000] {warnings.py:110} WARNING - /home/***/.local/lib/python3.12/site-packages/***/task/task_runner/standard_task_runner.py:61: DeprecationWarning: This process (pid=4817) is multi-threaded, use of fork() may lead to deadlocks in the child.
  pid = os.fork()

[2024-06-05T01:45:28.587+0000] {standard_task_runner.py:63} INFO - Started process 4842 to run task
[2024-06-05T01:45:28.589+0000] {standard_task_runner.py:90} INFO - Running: ['***', 'tasks', 'run', 'dados_climaticos_estruturados', 'criar_pasta', 'scheduled__2024-05-31T13:35:00+00:00', '--job-id', '1541', '--raw', '--subdir', 'DAGS_FOLDER/weather/custom_dags/dados_climaticos_estruturados.py', '--cfg-path', '/tmp/tmp2k7535z0']
[2024-06-05T01:45:28.592+0000] {standard_task_runner.py:91} INFO - Job 1541: Subtask criar_pasta
[2024-06-05T01:45:28.699+0000] {task_command.py:426} INFO - Running <TaskInstance: dados_climaticos_estruturados.criar_pasta scheduled__2024-05-31T13:35:00+00:00 [running]> on host 80232deae70a
[2024-06-05T01:45:28.925+0000] {taskinstance.py:2648} INFO - Exporting env vars: AIRFLOW_CTX_DAG_OWNER='***' AIRFLOW_CTX_DAG_ID='dados_climaticos_estruturados' AIRFLOW_CTX_TASK_ID='criar_pasta' AIRFLOW_CTX_EXECUTION_DATE='2024-05-31T13:35:00+00:00' AIRFLOW_CTX_TRY_NUMBER='1' AIRFLOW_CTX_DAG_RUN_ID='scheduled__2024-05-31T13:35:00+00:00'
[2024-06-05T01:45:28.930+0000] {taskinstance.py:430} INFO - ::endgroup::
[2024-06-05T01:45:28.933+0000] {python.py:237} INFO - Done. Returned value was: None
[2024-06-05T01:45:28.935+0000] {taskinstance.py:441} INFO - ::group::Post task execution logs
[2024-06-05T01:45:28.953+0000] {taskinstance.py:1206} INFO - Marking task as SUCCESS. dag_id=dados_climaticos_estruturados, task_id=criar_pasta, run_id=scheduled__2024-05-31T13:35:00+00:00, execution_date=20240531T133500, start_date=20240605T014528, end_date=20240605T014528
[2024-06-05T01:45:29.027+0000] {local_task_job_runner.py:240} INFO - Task exited with return code 0
[2024-06-05T01:45:29.069+0000] {taskinstance.py:3498} INFO - 1 downstream tasks scheduled from follow-on schedule check
[2024-06-05T01:45:29.074+0000] {local_task_job_runner.py:222} INFO - ::endgroup::
