[2024-06-05T00:58:55.468+0000] {local_task_job_runner.py:120} INFO - ::group::Pre task execution logs
[2024-06-05T00:58:55.519+0000] {taskinstance.py:2076} INFO - Dependencies all met for dep_context=non-requeueable deps ti=<TaskInstance: dados_climaticos_estruturados.criar_pasta scheduled__2024-05-30T03:35:00+00:00 [queued]>
[2024-06-05T00:58:55.554+0000] {taskinstance.py:2076} INFO - Dependencies all met for dep_context=requeueable deps ti=<TaskInstance: dados_climaticos_estruturados.criar_pasta scheduled__2024-05-30T03:35:00+00:00 [queued]>
[2024-06-05T00:58:55.556+0000] {taskinstance.py:2306} INFO - Starting attempt 1 of 1
[2024-06-05T00:58:55.612+0000] {taskinstance.py:2330} INFO - Executing <Task(PythonOperator): criar_pasta> on 2024-05-30 03:35:00+00:00
[2024-06-05T00:58:55.633+0000] {warnings.py:110} WARNING - /home/***/.local/lib/python3.12/site-packages/***/task/task_runner/standard_task_runner.py:61: DeprecationWarning: This process (pid=2305) is multi-threaded, use of fork() may lead to deadlocks in the child.
  pid = os.fork()

[2024-06-05T00:58:55.642+0000] {standard_task_runner.py:63} INFO - Started process 2325 to run task
[2024-06-05T00:58:55.644+0000] {standard_task_runner.py:90} INFO - Running: ['***', 'tasks', 'run', 'dados_climaticos_estruturados', 'criar_pasta', 'scheduled__2024-05-30T03:35:00+00:00', '--job-id', '1113', '--raw', '--subdir', 'DAGS_FOLDER/weather/custom_dags/dados_climaticos_estruturados.py', '--cfg-path', '/tmp/tmppplqeqc1']
[2024-06-05T00:58:55.648+0000] {standard_task_runner.py:91} INFO - Job 1113: Subtask criar_pasta
[2024-06-05T00:58:55.840+0000] {task_command.py:426} INFO - Running <TaskInstance: dados_climaticos_estruturados.criar_pasta scheduled__2024-05-30T03:35:00+00:00 [running]> on host 6665b0710315
[2024-06-05T00:58:56.182+0000] {taskinstance.py:2648} INFO - Exporting env vars: AIRFLOW_CTX_DAG_OWNER='***' AIRFLOW_CTX_DAG_ID='dados_climaticos_estruturados' AIRFLOW_CTX_TASK_ID='criar_pasta' AIRFLOW_CTX_EXECUTION_DATE='2024-05-30T03:35:00+00:00' AIRFLOW_CTX_TRY_NUMBER='1' AIRFLOW_CTX_DAG_RUN_ID='scheduled__2024-05-30T03:35:00+00:00'
[2024-06-05T00:58:56.196+0000] {taskinstance.py:430} INFO - ::endgroup::
[2024-06-05T00:58:56.206+0000] {python.py:237} INFO - Done. Returned value was: None
[2024-06-05T00:58:56.207+0000] {taskinstance.py:441} INFO - ::group::Post task execution logs
[2024-06-05T00:58:56.232+0000] {taskinstance.py:1206} INFO - Marking task as SUCCESS. dag_id=dados_climaticos_estruturados, task_id=criar_pasta, run_id=scheduled__2024-05-30T03:35:00+00:00, execution_date=20240530T033500, start_date=20240605T005855, end_date=20240605T005856
[2024-06-05T00:58:56.342+0000] {local_task_job_runner.py:240} INFO - Task exited with return code 0
[2024-06-05T00:58:56.416+0000] {taskinstance.py:3498} INFO - 1 downstream tasks scheduled from follow-on schedule check
[2024-06-05T00:58:56.428+0000] {local_task_job_runner.py:222} INFO - ::endgroup::
[2024-06-05T01:38:55.192+0000] {local_task_job_runner.py:120} INFO - ::group::Pre task execution logs
[2024-06-05T01:38:55.236+0000] {taskinstance.py:2076} INFO - Dependencies all met for dep_context=non-requeueable deps ti=<TaskInstance: dados_climaticos_estruturados.criar_pasta scheduled__2024-05-30T03:35:00+00:00 [queued]>
[2024-06-05T01:38:55.251+0000] {taskinstance.py:2076} INFO - Dependencies all met for dep_context=requeueable deps ti=<TaskInstance: dados_climaticos_estruturados.criar_pasta scheduled__2024-05-30T03:35:00+00:00 [queued]>
[2024-06-05T01:38:55.253+0000] {taskinstance.py:2306} INFO - Starting attempt 1 of 1
[2024-06-05T01:38:55.299+0000] {taskinstance.py:2330} INFO - Executing <Task(PythonOperator): criar_pasta> on 2024-05-30 03:35:00+00:00
[2024-06-05T01:38:55.314+0000] {standard_task_runner.py:90} INFO - Running: ['***', 'tasks', 'run', 'dados_climaticos_estruturados', 'criar_pasta', 'scheduled__2024-05-30T03:35:00+00:00', '--job-id', '726', '--raw', '--subdir', 'DAGS_FOLDER/weather/custom_dags/dados_climaticos_estruturados.py', '--cfg-path', '/tmp/tmp9c3tj55t']
[2024-06-05T01:38:55.317+0000] {warnings.py:110} WARNING - /home/***/.local/lib/python3.12/site-packages/***/task/task_runner/standard_task_runner.py:61: DeprecationWarning: This process (pid=2297) is multi-threaded, use of fork() may lead to deadlocks in the child.
  pid = os.fork()

[2024-06-05T01:38:55.317+0000] {standard_task_runner.py:91} INFO - Job 726: Subtask criar_pasta
[2024-06-05T01:38:55.318+0000] {standard_task_runner.py:63} INFO - Started process 2316 to run task
[2024-06-05T01:38:55.394+0000] {task_command.py:426} INFO - Running <TaskInstance: dados_climaticos_estruturados.criar_pasta scheduled__2024-05-30T03:35:00+00:00 [running]> on host 80232deae70a
[2024-06-05T01:38:55.564+0000] {taskinstance.py:2648} INFO - Exporting env vars: AIRFLOW_CTX_DAG_OWNER='***' AIRFLOW_CTX_DAG_ID='dados_climaticos_estruturados' AIRFLOW_CTX_TASK_ID='criar_pasta' AIRFLOW_CTX_EXECUTION_DATE='2024-05-30T03:35:00+00:00' AIRFLOW_CTX_TRY_NUMBER='1' AIRFLOW_CTX_DAG_RUN_ID='scheduled__2024-05-30T03:35:00+00:00'
[2024-06-05T01:38:55.568+0000] {taskinstance.py:430} INFO - ::endgroup::
[2024-06-05T01:38:55.570+0000] {python.py:237} INFO - Done. Returned value was: None
[2024-06-05T01:38:55.571+0000] {taskinstance.py:441} INFO - ::group::Post task execution logs
[2024-06-05T01:38:55.588+0000] {taskinstance.py:1206} INFO - Marking task as SUCCESS. dag_id=dados_climaticos_estruturados, task_id=criar_pasta, run_id=scheduled__2024-05-30T03:35:00+00:00, execution_date=20240530T033500, start_date=20240605T013855, end_date=20240605T013855
[2024-06-05T01:38:55.629+0000] {local_task_job_runner.py:240} INFO - Task exited with return code 0
[2024-06-05T01:38:55.669+0000] {taskinstance.py:3498} INFO - 1 downstream tasks scheduled from follow-on schedule check
[2024-06-05T01:38:55.673+0000] {local_task_job_runner.py:222} INFO - ::endgroup::
