[2024-06-05T00:55:19.081+0000] {local_task_job_runner.py:120} INFO - ::group::Pre task execution logs
[2024-06-05T00:55:19.152+0000] {taskinstance.py:2076} INFO - Dependencies all met for dep_context=non-requeueable deps ti=<TaskInstance: dados_climaticos_estruturados.criar_pasta scheduled__2024-05-29T08:55:00+00:00 [queued]>
[2024-06-05T00:55:19.184+0000] {taskinstance.py:2076} INFO - Dependencies all met for dep_context=requeueable deps ti=<TaskInstance: dados_climaticos_estruturados.criar_pasta scheduled__2024-05-29T08:55:00+00:00 [queued]>
[2024-06-05T00:55:19.185+0000] {taskinstance.py:2306} INFO - Starting attempt 1 of 1
[2024-06-05T00:55:19.248+0000] {taskinstance.py:2330} INFO - Executing <Task(PythonOperator): criar_pasta> on 2024-05-29 08:55:00+00:00
[2024-06-05T00:55:19.271+0000] {standard_task_runner.py:90} INFO - Running: ['***', 'tasks', 'run', 'dados_climaticos_estruturados', 'criar_pasta', 'scheduled__2024-05-29T08:55:00+00:00', '--job-id', '656', '--raw', '--subdir', 'DAGS_FOLDER/weather/custom_dags/dados_climaticos_estruturados.py', '--cfg-path', '/tmp/tmpswe4411n']
[2024-06-05T00:55:19.274+0000] {standard_task_runner.py:91} INFO - Job 656: Subtask criar_pasta
[2024-06-05T00:55:19.278+0000] {warnings.py:110} WARNING - /home/***/.local/lib/python3.12/site-packages/***/task/task_runner/standard_task_runner.py:61: DeprecationWarning: This process (pid=892) is multi-threaded, use of fork() may lead to deadlocks in the child.
  pid = os.fork()

[2024-06-05T00:55:19.289+0000] {standard_task_runner.py:63} INFO - Started process 920 to run task
[2024-06-05T00:55:19.419+0000] {task_command.py:426} INFO - Running <TaskInstance: dados_climaticos_estruturados.criar_pasta scheduled__2024-05-29T08:55:00+00:00 [running]> on host 6665b0710315
[2024-06-05T00:55:19.737+0000] {taskinstance.py:2648} INFO - Exporting env vars: AIRFLOW_CTX_DAG_OWNER='***' AIRFLOW_CTX_DAG_ID='dados_climaticos_estruturados' AIRFLOW_CTX_TASK_ID='criar_pasta' AIRFLOW_CTX_EXECUTION_DATE='2024-05-29T08:55:00+00:00' AIRFLOW_CTX_TRY_NUMBER='1' AIRFLOW_CTX_DAG_RUN_ID='scheduled__2024-05-29T08:55:00+00:00'
[2024-06-05T00:55:19.744+0000] {taskinstance.py:430} INFO - ::endgroup::
[2024-06-05T00:55:19.756+0000] {python.py:237} INFO - Done. Returned value was: None
[2024-06-05T00:55:19.760+0000] {taskinstance.py:441} INFO - ::group::Post task execution logs
[2024-06-05T00:55:19.801+0000] {taskinstance.py:1206} INFO - Marking task as SUCCESS. dag_id=dados_climaticos_estruturados, task_id=criar_pasta, run_id=scheduled__2024-05-29T08:55:00+00:00, execution_date=20240529T085500, start_date=20240605T005519, end_date=20240605T005519
[2024-06-05T00:55:19.930+0000] {local_task_job_runner.py:240} INFO - Task exited with return code 0
[2024-06-05T00:55:19.953+0000] {local_task_job_runner.py:222} INFO - ::endgroup::
[2024-06-05T01:35:07.356+0000] {local_task_job_runner.py:120} INFO - ::group::Pre task execution logs
[2024-06-05T01:35:07.415+0000] {taskinstance.py:2076} INFO - Dependencies all met for dep_context=non-requeueable deps ti=<TaskInstance: dados_climaticos_estruturados.criar_pasta scheduled__2024-05-29T08:55:00+00:00 [queued]>
[2024-06-05T01:35:07.430+0000] {taskinstance.py:2076} INFO - Dependencies all met for dep_context=requeueable deps ti=<TaskInstance: dados_climaticos_estruturados.criar_pasta scheduled__2024-05-29T08:55:00+00:00 [queued]>
[2024-06-05T01:35:07.431+0000] {taskinstance.py:2306} INFO - Starting attempt 1 of 1
[2024-06-05T01:35:07.639+0000] {taskinstance.py:2330} INFO - Executing <Task(PythonOperator): criar_pasta> on 2024-05-29 08:55:00+00:00
[2024-06-05T01:35:07.671+0000] {warnings.py:110} WARNING - /home/***/.local/lib/python3.12/site-packages/***/task/task_runner/standard_task_runner.py:61: DeprecationWarning: This process (pid=884) is multi-threaded, use of fork() may lead to deadlocks in the child.
  pid = os.fork()

[2024-06-05T01:35:07.683+0000] {standard_task_runner.py:63} INFO - Started process 915 to run task
[2024-06-05T01:35:07.676+0000] {standard_task_runner.py:90} INFO - Running: ['***', 'tasks', 'run', 'dados_climaticos_estruturados', 'criar_pasta', 'scheduled__2024-05-29T08:55:00+00:00', '--job-id', '270', '--raw', '--subdir', 'DAGS_FOLDER/weather/custom_dags/dados_climaticos_estruturados.py', '--cfg-path', '/tmp/tmp1ofclmlh']
[2024-06-05T01:35:07.689+0000] {standard_task_runner.py:91} INFO - Job 270: Subtask criar_pasta
[2024-06-05T01:35:07.804+0000] {task_command.py:426} INFO - Running <TaskInstance: dados_climaticos_estruturados.criar_pasta scheduled__2024-05-29T08:55:00+00:00 [running]> on host 80232deae70a
[2024-06-05T01:35:08.034+0000] {taskinstance.py:2648} INFO - Exporting env vars: AIRFLOW_CTX_DAG_OWNER='***' AIRFLOW_CTX_DAG_ID='dados_climaticos_estruturados' AIRFLOW_CTX_TASK_ID='criar_pasta' AIRFLOW_CTX_EXECUTION_DATE='2024-05-29T08:55:00+00:00' AIRFLOW_CTX_TRY_NUMBER='1' AIRFLOW_CTX_DAG_RUN_ID='scheduled__2024-05-29T08:55:00+00:00'
[2024-06-05T01:35:08.041+0000] {taskinstance.py:430} INFO - ::endgroup::
[2024-06-05T01:35:08.046+0000] {python.py:237} INFO - Done. Returned value was: None
[2024-06-05T01:35:08.048+0000] {taskinstance.py:441} INFO - ::group::Post task execution logs
[2024-06-05T01:35:08.068+0000] {taskinstance.py:1206} INFO - Marking task as SUCCESS. dag_id=dados_climaticos_estruturados, task_id=criar_pasta, run_id=scheduled__2024-05-29T08:55:00+00:00, execution_date=20240529T085500, start_date=20240605T013507, end_date=20240605T013508
[2024-06-05T01:35:08.116+0000] {local_task_job_runner.py:240} INFO - Task exited with return code 0
[2024-06-05T01:35:08.160+0000] {taskinstance.py:3498} INFO - 1 downstream tasks scheduled from follow-on schedule check
[2024-06-05T01:35:08.174+0000] {local_task_job_runner.py:222} INFO - ::endgroup::
