[2024-06-05T01:01:41.904+0000] {local_task_job_runner.py:120} INFO - ::group::Pre task execution logs
[2024-06-05T01:01:41.951+0000] {taskinstance.py:2076} INFO - Dependencies all met for dep_context=non-requeueable deps ti=<TaskInstance: dados_climaticos_estruturados.criar_pasta scheduled__2024-05-30T16:40:00+00:00 [queued]>
[2024-06-05T01:01:41.966+0000] {taskinstance.py:2076} INFO - Dependencies all met for dep_context=requeueable deps ti=<TaskInstance: dados_climaticos_estruturados.criar_pasta scheduled__2024-05-30T16:40:00+00:00 [queued]>
[2024-06-05T01:01:41.967+0000] {taskinstance.py:2306} INFO - Starting attempt 1 of 1
[2024-06-05T01:01:41.996+0000] {taskinstance.py:2330} INFO - Executing <Task(PythonOperator): criar_pasta> on 2024-05-30 16:40:00+00:00
[2024-06-05T01:01:42.007+0000] {warnings.py:110} WARNING - /home/***/.local/lib/python3.12/site-packages/***/task/task_runner/standard_task_runner.py:61: DeprecationWarning: This process (pid=3282) is multi-threaded, use of fork() may lead to deadlocks in the child.
  pid = os.fork()

[2024-06-05T01:01:42.010+0000] {standard_task_runner.py:63} INFO - Started process 3302 to run task
[2024-06-05T01:01:42.012+0000] {standard_task_runner.py:90} INFO - Running: ['***', 'tasks', 'run', 'dados_climaticos_estruturados', 'criar_pasta', 'scheduled__2024-05-30T16:40:00+00:00', '--job-id', '1428', '--raw', '--subdir', 'DAGS_FOLDER/weather/custom_dags/dados_climaticos_estruturados.py', '--cfg-path', '/tmp/tmp_3cg8140']
[2024-06-05T01:01:42.016+0000] {standard_task_runner.py:91} INFO - Job 1428: Subtask criar_pasta
[2024-06-05T01:01:42.112+0000] {task_command.py:426} INFO - Running <TaskInstance: dados_climaticos_estruturados.criar_pasta scheduled__2024-05-30T16:40:00+00:00 [running]> on host 6665b0710315
[2024-06-05T01:01:42.305+0000] {taskinstance.py:2648} INFO - Exporting env vars: AIRFLOW_CTX_DAG_OWNER='***' AIRFLOW_CTX_DAG_ID='dados_climaticos_estruturados' AIRFLOW_CTX_TASK_ID='criar_pasta' AIRFLOW_CTX_EXECUTION_DATE='2024-05-30T16:40:00+00:00' AIRFLOW_CTX_TRY_NUMBER='1' AIRFLOW_CTX_DAG_RUN_ID='scheduled__2024-05-30T16:40:00+00:00'
[2024-06-05T01:01:42.311+0000] {taskinstance.py:430} INFO - ::endgroup::
[2024-06-05T01:01:42.316+0000] {python.py:237} INFO - Done. Returned value was: None
[2024-06-05T01:01:42.317+0000] {taskinstance.py:441} INFO - ::group::Post task execution logs
[2024-06-05T01:01:42.343+0000] {taskinstance.py:1206} INFO - Marking task as SUCCESS. dag_id=dados_climaticos_estruturados, task_id=criar_pasta, run_id=scheduled__2024-05-30T16:40:00+00:00, execution_date=20240530T164000, start_date=20240605T010141, end_date=20240605T010142
[2024-06-05T01:01:42.396+0000] {local_task_job_runner.py:240} INFO - Task exited with return code 0
[2024-06-05T01:01:42.437+0000] {taskinstance.py:3498} INFO - 1 downstream tasks scheduled from follow-on schedule check
[2024-06-05T01:01:42.440+0000] {local_task_job_runner.py:222} INFO - ::endgroup::
[2024-06-05T01:41:19.208+0000] {local_task_job_runner.py:120} INFO - ::group::Pre task execution logs
[2024-06-05T01:41:19.249+0000] {taskinstance.py:2076} INFO - Dependencies all met for dep_context=non-requeueable deps ti=<TaskInstance: dados_climaticos_estruturados.criar_pasta scheduled__2024-05-30T16:40:00+00:00 [queued]>
[2024-06-05T01:41:19.268+0000] {taskinstance.py:2076} INFO - Dependencies all met for dep_context=requeueable deps ti=<TaskInstance: dados_climaticos_estruturados.criar_pasta scheduled__2024-05-30T16:40:00+00:00 [queued]>
[2024-06-05T01:41:19.269+0000] {taskinstance.py:2306} INFO - Starting attempt 1 of 1
[2024-06-05T01:41:19.461+0000] {taskinstance.py:2330} INFO - Executing <Task(PythonOperator): criar_pasta> on 2024-05-30 16:40:00+00:00
[2024-06-05T01:41:19.472+0000] {warnings.py:110} WARNING - /home/***/.local/lib/python3.12/site-packages/***/task/task_runner/standard_task_runner.py:61: DeprecationWarning: This process (pid=3270) is multi-threaded, use of fork() may lead to deadlocks in the child.
  pid = os.fork()

[2024-06-05T01:41:19.476+0000] {standard_task_runner.py:90} INFO - Running: ['***', 'tasks', 'run', 'dados_climaticos_estruturados', 'criar_pasta', 'scheduled__2024-05-30T16:40:00+00:00', '--job-id', '1040', '--raw', '--subdir', 'DAGS_FOLDER/weather/custom_dags/dados_climaticos_estruturados.py', '--cfg-path', '/tmp/tmp2h0cjm0q']
[2024-06-05T01:41:19.480+0000] {standard_task_runner.py:91} INFO - Job 1040: Subtask criar_pasta
[2024-06-05T01:41:19.476+0000] {standard_task_runner.py:63} INFO - Started process 3290 to run task
[2024-06-05T01:41:19.582+0000] {task_command.py:426} INFO - Running <TaskInstance: dados_climaticos_estruturados.criar_pasta scheduled__2024-05-30T16:40:00+00:00 [running]> on host 80232deae70a
[2024-06-05T01:41:19.802+0000] {taskinstance.py:2648} INFO - Exporting env vars: AIRFLOW_CTX_DAG_OWNER='***' AIRFLOW_CTX_DAG_ID='dados_climaticos_estruturados' AIRFLOW_CTX_TASK_ID='criar_pasta' AIRFLOW_CTX_EXECUTION_DATE='2024-05-30T16:40:00+00:00' AIRFLOW_CTX_TRY_NUMBER='1' AIRFLOW_CTX_DAG_RUN_ID='scheduled__2024-05-30T16:40:00+00:00'
[2024-06-05T01:41:19.806+0000] {taskinstance.py:430} INFO - ::endgroup::
[2024-06-05T01:41:19.812+0000] {python.py:237} INFO - Done. Returned value was: None
[2024-06-05T01:41:19.814+0000] {taskinstance.py:441} INFO - ::group::Post task execution logs
[2024-06-05T01:41:19.834+0000] {taskinstance.py:1206} INFO - Marking task as SUCCESS. dag_id=dados_climaticos_estruturados, task_id=criar_pasta, run_id=scheduled__2024-05-30T16:40:00+00:00, execution_date=20240530T164000, start_date=20240605T014119, end_date=20240605T014119
[2024-06-05T01:41:19.880+0000] {local_task_job_runner.py:240} INFO - Task exited with return code 0
[2024-06-05T01:41:19.902+0000] {local_task_job_runner.py:222} INFO - ::endgroup::
