[2024-06-18T00:00:04.020+0000] {local_task_job_runner.py:120} INFO - ::group::Pre task execution logs
[2024-06-18T00:00:04.046+0000] {taskinstance.py:2076} INFO - Dependencies all met for dep_context=non-requeueable deps ti=<TaskInstance: dados_climaticos_estruturados.extrair_dados scheduled__2024-06-17T23:55:00+00:00 [queued]>
[2024-06-18T00:00:04.058+0000] {taskinstance.py:2076} INFO - Dependencies all met for dep_context=requeueable deps ti=<TaskInstance: dados_climaticos_estruturados.extrair_dados scheduled__2024-06-17T23:55:00+00:00 [queued]>
[2024-06-18T00:00:04.058+0000] {taskinstance.py:2306} INFO - Starting attempt 1 of 1
[2024-06-18T00:00:04.076+0000] {taskinstance.py:2330} INFO - Executing <Task(PythonOperator): extrair_dados> on 2024-06-17 23:55:00+00:00
[2024-06-18T00:00:04.084+0000] {warnings.py:110} WARNING - /home/***/.local/lib/python3.12/site-packages/***/task/task_runner/standard_task_runner.py:61: DeprecationWarning: This process (pid=372) is multi-threaded, use of fork() may lead to deadlocks in the child.
  pid = os.fork()

[2024-06-18T00:00:04.086+0000] {standard_task_runner.py:63} INFO - Started process 374 to run task
[2024-06-18T00:00:04.086+0000] {standard_task_runner.py:90} INFO - Running: ['***', 'tasks', 'run', 'dados_climaticos_estruturados', 'extrair_dados', 'scheduled__2024-06-17T23:55:00+00:00', '--job-id', '2070', '--raw', '--subdir', 'DAGS_FOLDER/weather/custom_dags/dados_climaticos_estruturados.py', '--cfg-path', '/tmp/tmp3zelhfyd']
[2024-06-18T00:00:04.088+0000] {standard_task_runner.py:91} INFO - Job 2070: Subtask extrair_dados
[2024-06-18T00:00:04.147+0000] {task_command.py:426} INFO - Running <TaskInstance: dados_climaticos_estruturados.extrair_dados scheduled__2024-06-17T23:55:00+00:00 [running]> on host 350a9091aaab
[2024-06-18T00:00:04.258+0000] {taskinstance.py:2648} INFO - Exporting env vars: AIRFLOW_CTX_DAG_OWNER='***' AIRFLOW_CTX_DAG_ID='dados_climaticos_estruturados' AIRFLOW_CTX_TASK_ID='extrair_dados' AIRFLOW_CTX_EXECUTION_DATE='2024-06-17T23:55:00+00:00' AIRFLOW_CTX_TRY_NUMBER='1' AIRFLOW_CTX_DAG_RUN_ID='scheduled__2024-06-17T23:55:00+00:00'
[2024-06-18T00:00:04.260+0000] {taskinstance.py:430} INFO - ::endgroup::
[2024-06-18T00:00:05.864+0000] {python.py:237} INFO - Done. Returned value was: None
[2024-06-18T00:00:05.864+0000] {taskinstance.py:441} INFO - ::group::Post task execution logs
[2024-06-18T00:00:05.874+0000] {taskinstance.py:1206} INFO - Marking task as SUCCESS. dag_id=dados_climaticos_estruturados, task_id=extrair_dados, run_id=scheduled__2024-06-17T23:55:00+00:00, execution_date=20240617T235500, start_date=20240618T000004, end_date=20240618T000005
[2024-06-18T00:00:05.907+0000] {local_task_job_runner.py:240} INFO - Task exited with return code 0
[2024-06-18T00:00:05.926+0000] {taskinstance.py:3498} INFO - 1 downstream tasks scheduled from follow-on schedule check
[2024-06-18T00:00:05.928+0000] {local_task_job_runner.py:222} INFO - ::endgroup::
[2024-06-18T01:29:34.845+0000] {local_task_job_runner.py:120} INFO - ::group::Pre task execution logs
[2024-06-18T01:29:34.956+0000] {taskinstance.py:2076} INFO - Dependencies all met for dep_context=non-requeueable deps ti=<TaskInstance: dados_climaticos_estruturados.extrair_dados scheduled__2024-06-17T23:55:00+00:00 [queued]>
[2024-06-18T01:29:34.989+0000] {taskinstance.py:2076} INFO - Dependencies all met for dep_context=requeueable deps ti=<TaskInstance: dados_climaticos_estruturados.extrair_dados scheduled__2024-06-17T23:55:00+00:00 [queued]>
[2024-06-18T01:29:34.990+0000] {taskinstance.py:2306} INFO - Starting attempt 1 of 1
[2024-06-18T01:29:35.247+0000] {taskinstance.py:2330} INFO - Executing <Task(PythonOperator): extrair_dados> on 2024-06-17 23:55:00+00:00
[2024-06-18T01:29:35.265+0000] {warnings.py:110} WARNING - /home/***/.local/lib/python3.12/site-packages/***/task/task_runner/standard_task_runner.py:61: DeprecationWarning: This process (pid=105) is multi-threaded, use of fork() may lead to deadlocks in the child.
  pid = os.fork()

[2024-06-18T01:29:35.271+0000] {standard_task_runner.py:63} INFO - Started process 135 to run task
[2024-06-18T01:29:35.267+0000] {standard_task_runner.py:90} INFO - Running: ['***', 'tasks', 'run', 'dados_climaticos_estruturados', 'extrair_dados', 'scheduled__2024-06-17T23:55:00+00:00', '--job-id', '22', '--raw', '--subdir', 'DAGS_FOLDER/weather/custom_dags/dados_climaticos_estruturados.py', '--cfg-path', '/tmp/tmpwf8a1vlp']
[2024-06-18T01:29:35.280+0000] {standard_task_runner.py:91} INFO - Job 22: Subtask extrair_dados
[2024-06-18T01:29:35.487+0000] {task_command.py:426} INFO - Running <TaskInstance: dados_climaticos_estruturados.extrair_dados scheduled__2024-06-17T23:55:00+00:00 [running]> on host bd8fdde9baa6
[2024-06-18T01:29:35.823+0000] {taskinstance.py:2648} INFO - Exporting env vars: AIRFLOW_CTX_DAG_OWNER='***' AIRFLOW_CTX_DAG_ID='dados_climaticos_estruturados' AIRFLOW_CTX_TASK_ID='extrair_dados' AIRFLOW_CTX_EXECUTION_DATE='2024-06-17T23:55:00+00:00' AIRFLOW_CTX_TRY_NUMBER='1' AIRFLOW_CTX_DAG_RUN_ID='scheduled__2024-06-17T23:55:00+00:00'
[2024-06-18T01:29:35.825+0000] {taskinstance.py:430} INFO - ::endgroup::
[2024-06-18T01:29:38.234+0000] {python.py:237} INFO - Done. Returned value was: None
[2024-06-18T01:29:38.236+0000] {taskinstance.py:441} INFO - ::group::Post task execution logs
[2024-06-18T01:29:38.253+0000] {taskinstance.py:1206} INFO - Marking task as SUCCESS. dag_id=dados_climaticos_estruturados, task_id=extrair_dados, run_id=scheduled__2024-06-17T23:55:00+00:00, execution_date=20240617T235500, start_date=20240618T012934, end_date=20240618T012938
[2024-06-18T01:29:38.312+0000] {local_task_job_runner.py:240} INFO - Task exited with return code 0
[2024-06-18T01:29:38.328+0000] {local_task_job_runner.py:222} INFO - ::endgroup::
