[2024-06-05T01:05:41.559+0000] {local_task_job_runner.py:120} INFO - ::group::Pre task execution logs
[2024-06-05T01:05:41.596+0000] {taskinstance.py:2076} INFO - Dependencies all met for dep_context=non-requeueable deps ti=<TaskInstance: dados_climaticos_estruturados.criar_pasta scheduled__2024-05-31T11:15:00+00:00 [queued]>
[2024-06-05T01:05:41.609+0000] {taskinstance.py:2076} INFO - Dependencies all met for dep_context=requeueable deps ti=<TaskInstance: dados_climaticos_estruturados.criar_pasta scheduled__2024-05-31T11:15:00+00:00 [queued]>
[2024-06-05T01:05:41.610+0000] {taskinstance.py:2306} INFO - Starting attempt 1 of 1
[2024-06-05T01:05:41.632+0000] {taskinstance.py:2330} INFO - Executing <Task(PythonOperator): criar_pasta> on 2024-05-31 11:15:00+00:00
[2024-06-05T01:05:41.643+0000] {warnings.py:110} WARNING - /home/***/.local/lib/python3.12/site-packages/***/task/task_runner/standard_task_runner.py:61: DeprecationWarning: This process (pid=4681) is multi-threaded, use of fork() may lead to deadlocks in the child.
  pid = os.fork()

[2024-06-05T01:05:41.644+0000] {standard_task_runner.py:63} INFO - Started process 4695 to run task
[2024-06-05T01:05:41.649+0000] {standard_task_runner.py:90} INFO - Running: ['***', 'tasks', 'run', 'dados_climaticos_estruturados', 'criar_pasta', 'scheduled__2024-05-31T11:15:00+00:00', '--job-id', '1877', '--raw', '--subdir', 'DAGS_FOLDER/weather/custom_dags/dados_climaticos_estruturados.py', '--cfg-path', '/tmp/tmp07c8o1i0']
[2024-06-05T01:05:41.651+0000] {standard_task_runner.py:91} INFO - Job 1877: Subtask criar_pasta
[2024-06-05T01:05:41.732+0000] {task_command.py:426} INFO - Running <TaskInstance: dados_climaticos_estruturados.criar_pasta scheduled__2024-05-31T11:15:00+00:00 [running]> on host 6665b0710315
[2024-06-05T01:05:41.890+0000] {taskinstance.py:2648} INFO - Exporting env vars: AIRFLOW_CTX_DAG_OWNER='***' AIRFLOW_CTX_DAG_ID='dados_climaticos_estruturados' AIRFLOW_CTX_TASK_ID='criar_pasta' AIRFLOW_CTX_EXECUTION_DATE='2024-05-31T11:15:00+00:00' AIRFLOW_CTX_TRY_NUMBER='1' AIRFLOW_CTX_DAG_RUN_ID='scheduled__2024-05-31T11:15:00+00:00'
[2024-06-05T01:05:41.892+0000] {taskinstance.py:430} INFO - ::endgroup::
[2024-06-05T01:05:41.895+0000] {python.py:237} INFO - Done. Returned value was: None
[2024-06-05T01:05:41.895+0000] {taskinstance.py:441} INFO - ::group::Post task execution logs
[2024-06-05T01:05:41.909+0000] {taskinstance.py:1206} INFO - Marking task as SUCCESS. dag_id=dados_climaticos_estruturados, task_id=criar_pasta, run_id=scheduled__2024-05-31T11:15:00+00:00, execution_date=20240531T111500, start_date=20240605T010541, end_date=20240605T010541
[2024-06-05T01:05:41.948+0000] {local_task_job_runner.py:240} INFO - Task exited with return code 0
[2024-06-05T01:05:41.962+0000] {local_task_job_runner.py:222} INFO - ::endgroup::
[2024-06-05T01:45:05.423+0000] {local_task_job_runner.py:120} INFO - ::group::Pre task execution logs
[2024-06-05T01:45:05.463+0000] {taskinstance.py:2076} INFO - Dependencies all met for dep_context=non-requeueable deps ti=<TaskInstance: dados_climaticos_estruturados.criar_pasta scheduled__2024-05-31T11:15:00+00:00 [queued]>
[2024-06-05T01:45:05.480+0000] {taskinstance.py:2076} INFO - Dependencies all met for dep_context=requeueable deps ti=<TaskInstance: dados_climaticos_estruturados.criar_pasta scheduled__2024-05-31T11:15:00+00:00 [queued]>
[2024-06-05T01:45:05.481+0000] {taskinstance.py:2306} INFO - Starting attempt 1 of 1
[2024-06-05T01:45:05.509+0000] {taskinstance.py:2330} INFO - Executing <Task(PythonOperator): criar_pasta> on 2024-05-31 11:15:00+00:00
[2024-06-05T01:45:05.520+0000] {warnings.py:110} WARNING - /home/***/.local/lib/python3.12/site-packages/***/task/task_runner/standard_task_runner.py:61: DeprecationWarning: This process (pid=4670) is multi-threaded, use of fork() may lead to deadlocks in the child.
  pid = os.fork()

[2024-06-05T01:45:05.522+0000] {standard_task_runner.py:63} INFO - Started process 4687 to run task
[2024-06-05T01:45:05.522+0000] {standard_task_runner.py:90} INFO - Running: ['***', 'tasks', 'run', 'dados_climaticos_estruturados', 'criar_pasta', 'scheduled__2024-05-31T11:15:00+00:00', '--job-id', '1489', '--raw', '--subdir', 'DAGS_FOLDER/weather/custom_dags/dados_climaticos_estruturados.py', '--cfg-path', '/tmp/tmp626vag_3']
[2024-06-05T01:45:05.525+0000] {standard_task_runner.py:91} INFO - Job 1489: Subtask criar_pasta
[2024-06-05T01:45:05.610+0000] {task_command.py:426} INFO - Running <TaskInstance: dados_climaticos_estruturados.criar_pasta scheduled__2024-05-31T11:15:00+00:00 [running]> on host 80232deae70a
[2024-06-05T01:45:05.788+0000] {taskinstance.py:2648} INFO - Exporting env vars: AIRFLOW_CTX_DAG_OWNER='***' AIRFLOW_CTX_DAG_ID='dados_climaticos_estruturados' AIRFLOW_CTX_TASK_ID='criar_pasta' AIRFLOW_CTX_EXECUTION_DATE='2024-05-31T11:15:00+00:00' AIRFLOW_CTX_TRY_NUMBER='1' AIRFLOW_CTX_DAG_RUN_ID='scheduled__2024-05-31T11:15:00+00:00'
[2024-06-05T01:45:05.795+0000] {taskinstance.py:430} INFO - ::endgroup::
[2024-06-05T01:45:05.796+0000] {python.py:237} INFO - Done. Returned value was: None
[2024-06-05T01:45:05.797+0000] {taskinstance.py:441} INFO - ::group::Post task execution logs
[2024-06-05T01:45:05.814+0000] {taskinstance.py:1206} INFO - Marking task as SUCCESS. dag_id=dados_climaticos_estruturados, task_id=criar_pasta, run_id=scheduled__2024-05-31T11:15:00+00:00, execution_date=20240531T111500, start_date=20240605T014505, end_date=20240605T014505
[2024-06-05T01:45:05.872+0000] {local_task_job_runner.py:240} INFO - Task exited with return code 0
[2024-06-05T01:45:05.909+0000] {taskinstance.py:3498} INFO - 1 downstream tasks scheduled from follow-on schedule check
[2024-06-05T01:45:05.914+0000] {local_task_job_runner.py:222} INFO - ::endgroup::
