[2024-06-18T00:35:57.544+0000] {local_task_job_runner.py:120} INFO - ::group::Pre task execution logs
[2024-06-18T00:35:57.575+0000] {taskinstance.py:2076} INFO - Dependencies all met for dep_context=non-requeueable deps ti=<TaskInstance: dados_climaticos_estruturados.criar_pasta scheduled__2024-06-18T00:25:00+00:00 [queued]>
[2024-06-18T00:35:57.588+0000] {taskinstance.py:2076} INFO - Dependencies all met for dep_context=requeueable deps ti=<TaskInstance: dados_climaticos_estruturados.criar_pasta scheduled__2024-06-18T00:25:00+00:00 [queued]>
[2024-06-18T00:35:57.589+0000] {taskinstance.py:2306} INFO - Starting attempt 1 of 1
[2024-06-18T00:35:57.612+0000] {taskinstance.py:2330} INFO - Executing <Task(PythonOperator): criar_pasta> on 2024-06-18 00:25:00+00:00
[2024-06-18T00:35:57.622+0000] {warnings.py:110} WARNING - /home/***/.local/lib/python3.12/site-packages/***/task/task_runner/standard_task_runner.py:61: DeprecationWarning: This process (pid=57) is multi-threaded, use of fork() may lead to deadlocks in the child.
  pid = os.fork()

[2024-06-18T00:35:57.629+0000] {standard_task_runner.py:63} INFO - Started process 65 to run task
[2024-06-18T00:35:57.629+0000] {standard_task_runner.py:90} INFO - Running: ['***', 'tasks', 'run', 'dados_climaticos_estruturados', 'criar_pasta', 'scheduled__2024-06-18T00:25:00+00:00', '--job-id', '2082', '--raw', '--subdir', 'DAGS_FOLDER/weather/custom_dags/dados_climaticos_estruturados.py', '--cfg-path', '/tmp/tmpldzimdke']
[2024-06-18T00:35:57.632+0000] {standard_task_runner.py:91} INFO - Job 2082: Subtask criar_pasta
[2024-06-18T00:35:57.724+0000] {task_command.py:426} INFO - Running <TaskInstance: dados_climaticos_estruturados.criar_pasta scheduled__2024-06-18T00:25:00+00:00 [running]> on host 63224c1d822d
[2024-06-18T00:35:57.878+0000] {taskinstance.py:2648} INFO - Exporting env vars: AIRFLOW_CTX_DAG_OWNER='***' AIRFLOW_CTX_DAG_ID='dados_climaticos_estruturados' AIRFLOW_CTX_TASK_ID='criar_pasta' AIRFLOW_CTX_EXECUTION_DATE='2024-06-18T00:25:00+00:00' AIRFLOW_CTX_TRY_NUMBER='1' AIRFLOW_CTX_DAG_RUN_ID='scheduled__2024-06-18T00:25:00+00:00'
[2024-06-18T00:35:57.880+0000] {taskinstance.py:430} INFO - ::endgroup::
[2024-06-18T00:35:57.882+0000] {python.py:237} INFO - Done. Returned value was: None
[2024-06-18T00:35:57.882+0000] {taskinstance.py:441} INFO - ::group::Post task execution logs
[2024-06-18T00:35:57.898+0000] {taskinstance.py:1206} INFO - Marking task as SUCCESS. dag_id=dados_climaticos_estruturados, task_id=criar_pasta, run_id=scheduled__2024-06-18T00:25:00+00:00, execution_date=20240618T002500, start_date=20240618T003557, end_date=20240618T003557
[2024-06-18T00:35:57.935+0000] {local_task_job_runner.py:240} INFO - Task exited with return code 0
[2024-06-18T00:35:57.971+0000] {taskinstance.py:3498} INFO - 1 downstream tasks scheduled from follow-on schedule check
[2024-06-18T00:35:57.974+0000] {local_task_job_runner.py:222} INFO - ::endgroup::
[2024-06-18T01:29:34.483+0000] {local_task_job_runner.py:120} INFO - ::group::Pre task execution logs
[2024-06-18T01:29:34.544+0000] {taskinstance.py:2076} INFO - Dependencies all met for dep_context=non-requeueable deps ti=<TaskInstance: dados_climaticos_estruturados.criar_pasta scheduled__2024-06-18T00:25:00+00:00 [queued]>
[2024-06-18T01:29:34.571+0000] {taskinstance.py:2076} INFO - Dependencies all met for dep_context=requeueable deps ti=<TaskInstance: dados_climaticos_estruturados.criar_pasta scheduled__2024-06-18T00:25:00+00:00 [queued]>
[2024-06-18T01:29:34.572+0000] {taskinstance.py:2306} INFO - Starting attempt 1 of 1
[2024-06-18T01:29:34.812+0000] {taskinstance.py:2330} INFO - Executing <Task(PythonOperator): criar_pasta> on 2024-06-18 00:25:00+00:00
[2024-06-18T01:29:34.840+0000] {warnings.py:110} WARNING - /home/***/.local/lib/python3.12/site-packages/***/task/task_runner/standard_task_runner.py:61: DeprecationWarning: This process (pid=92) is multi-threaded, use of fork() may lead to deadlocks in the child.
  pid = os.fork()

[2024-06-18T01:29:34.847+0000] {standard_task_runner.py:63} INFO - Started process 127 to run task
[2024-06-18T01:29:34.848+0000] {standard_task_runner.py:90} INFO - Running: ['***', 'tasks', 'run', 'dados_climaticos_estruturados', 'criar_pasta', 'scheduled__2024-06-18T00:25:00+00:00', '--job-id', '16', '--raw', '--subdir', 'DAGS_FOLDER/weather/custom_dags/dados_climaticos_estruturados.py', '--cfg-path', '/tmp/tmps8_w1y0u']
[2024-06-18T01:29:34.855+0000] {standard_task_runner.py:91} INFO - Job 16: Subtask criar_pasta
[2024-06-18T01:29:35.037+0000] {task_command.py:426} INFO - Running <TaskInstance: dados_climaticos_estruturados.criar_pasta scheduled__2024-06-18T00:25:00+00:00 [running]> on host bd8fdde9baa6
[2024-06-18T01:29:35.678+0000] {taskinstance.py:2648} INFO - Exporting env vars: AIRFLOW_CTX_DAG_OWNER='***' AIRFLOW_CTX_DAG_ID='dados_climaticos_estruturados' AIRFLOW_CTX_TASK_ID='criar_pasta' AIRFLOW_CTX_EXECUTION_DATE='2024-06-18T00:25:00+00:00' AIRFLOW_CTX_TRY_NUMBER='1' AIRFLOW_CTX_DAG_RUN_ID='scheduled__2024-06-18T00:25:00+00:00'
[2024-06-18T01:29:35.682+0000] {taskinstance.py:430} INFO - ::endgroup::
[2024-06-18T01:29:35.688+0000] {python.py:237} INFO - Done. Returned value was: None
[2024-06-18T01:29:35.689+0000] {taskinstance.py:441} INFO - ::group::Post task execution logs
[2024-06-18T01:29:35.710+0000] {taskinstance.py:1206} INFO - Marking task as SUCCESS. dag_id=dados_climaticos_estruturados, task_id=criar_pasta, run_id=scheduled__2024-06-18T00:25:00+00:00, execution_date=20240618T002500, start_date=20240618T012934, end_date=20240618T012935
[2024-06-18T01:29:35.998+0000] {local_task_job_runner.py:240} INFO - Task exited with return code 0
[2024-06-18T01:29:36.035+0000] {taskinstance.py:3498} INFO - 1 downstream tasks scheduled from follow-on schedule check
[2024-06-18T01:29:36.105+0000] {local_task_job_runner.py:222} INFO - ::endgroup::
