[2024-06-05T01:07:09.328+0000] {local_task_job_runner.py:120} INFO - ::group::Pre task execution logs
[2024-06-05T01:07:09.391+0000] {taskinstance.py:2076} INFO - Dependencies all met for dep_context=non-requeueable deps ti=<TaskInstance: dados_climaticos_estruturados.criar_pasta scheduled__2024-05-31T18:20:00+00:00 [queued]>
[2024-06-05T01:07:09.421+0000] {taskinstance.py:2076} INFO - Dependencies all met for dep_context=requeueable deps ti=<TaskInstance: dados_climaticos_estruturados.criar_pasta scheduled__2024-05-31T18:20:00+00:00 [queued]>
[2024-06-05T01:07:09.424+0000] {taskinstance.py:2306} INFO - Starting attempt 1 of 1
[2024-06-05T01:07:09.484+0000] {taskinstance.py:2330} INFO - Executing <Task(PythonOperator): criar_pasta> on 2024-05-31 18:20:00+00:00
[2024-06-05T01:07:09.509+0000] {warnings.py:110} WARNING - /home/***/.local/lib/python3.12/site-packages/***/task/task_runner/standard_task_runner.py:61: DeprecationWarning: This process (pid=5169) is multi-threaded, use of fork() may lead to deadlocks in the child.
  pid = os.fork()

[2024-06-05T01:07:09.515+0000] {standard_task_runner.py:90} INFO - Running: ['***', 'tasks', 'run', 'dados_climaticos_estruturados', 'criar_pasta', 'scheduled__2024-05-31T18:20:00+00:00', '--job-id', '2037', '--raw', '--subdir', 'DAGS_FOLDER/weather/custom_dags/dados_climaticos_estruturados.py', '--cfg-path', '/tmp/tmp567ll1ub']
[2024-06-05T01:07:09.520+0000] {standard_task_runner.py:91} INFO - Job 2037: Subtask criar_pasta
[2024-06-05T01:07:09.517+0000] {standard_task_runner.py:63} INFO - Started process 5209 to run task
[2024-06-05T01:07:09.702+0000] {task_command.py:426} INFO - Running <TaskInstance: dados_climaticos_estruturados.criar_pasta scheduled__2024-05-31T18:20:00+00:00 [running]> on host 6665b0710315
[2024-06-05T01:07:10.013+0000] {taskinstance.py:2648} INFO - Exporting env vars: AIRFLOW_CTX_DAG_OWNER='***' AIRFLOW_CTX_DAG_ID='dados_climaticos_estruturados' AIRFLOW_CTX_TASK_ID='criar_pasta' AIRFLOW_CTX_EXECUTION_DATE='2024-05-31T18:20:00+00:00' AIRFLOW_CTX_TRY_NUMBER='1' AIRFLOW_CTX_DAG_RUN_ID='scheduled__2024-05-31T18:20:00+00:00'
[2024-06-05T01:07:10.015+0000] {taskinstance.py:430} INFO - ::endgroup::
[2024-06-05T01:07:10.024+0000] {python.py:237} INFO - Done. Returned value was: None
[2024-06-05T01:07:10.025+0000] {taskinstance.py:441} INFO - ::group::Post task execution logs
[2024-06-05T01:07:10.053+0000] {taskinstance.py:1206} INFO - Marking task as SUCCESS. dag_id=dados_climaticos_estruturados, task_id=criar_pasta, run_id=scheduled__2024-05-31T18:20:00+00:00, execution_date=20240531T182000, start_date=20240605T010709, end_date=20240605T010710
[2024-06-05T01:07:10.163+0000] {local_task_job_runner.py:240} INFO - Task exited with return code 0
[2024-06-05T01:07:10.205+0000] {local_task_job_runner.py:222} INFO - ::endgroup::
[2024-06-05T01:46:26.524+0000] {local_task_job_runner.py:120} INFO - ::group::Pre task execution logs
[2024-06-05T01:46:26.602+0000] {taskinstance.py:2076} INFO - Dependencies all met for dep_context=non-requeueable deps ti=<TaskInstance: dados_climaticos_estruturados.criar_pasta scheduled__2024-05-31T18:20:00+00:00 [queued]>
[2024-06-05T01:46:26.639+0000] {taskinstance.py:2076} INFO - Dependencies all met for dep_context=requeueable deps ti=<TaskInstance: dados_climaticos_estruturados.criar_pasta scheduled__2024-05-31T18:20:00+00:00 [queued]>
[2024-06-05T01:46:26.640+0000] {taskinstance.py:2306} INFO - Starting attempt 1 of 1
[2024-06-05T01:46:26.701+0000] {taskinstance.py:2330} INFO - Executing <Task(PythonOperator): criar_pasta> on 2024-05-31 18:20:00+00:00
[2024-06-05T01:46:26.716+0000] {warnings.py:110} WARNING - /home/***/.local/lib/python3.12/site-packages/***/task/task_runner/standard_task_runner.py:61: DeprecationWarning: This process (pid=5168) is multi-threaded, use of fork() may lead to deadlocks in the child.
  pid = os.fork()

[2024-06-05T01:46:26.729+0000] {standard_task_runner.py:63} INFO - Started process 5194 to run task
[2024-06-05T01:46:26.726+0000] {standard_task_runner.py:90} INFO - Running: ['***', 'tasks', 'run', 'dados_climaticos_estruturados', 'criar_pasta', 'scheduled__2024-05-31T18:20:00+00:00', '--job-id', '1652', '--raw', '--subdir', 'DAGS_FOLDER/weather/custom_dags/dados_climaticos_estruturados.py', '--cfg-path', '/tmp/tmpen1129fz']
[2024-06-05T01:46:26.735+0000] {standard_task_runner.py:91} INFO - Job 1652: Subtask criar_pasta
[2024-06-05T01:46:26.899+0000] {task_command.py:426} INFO - Running <TaskInstance: dados_climaticos_estruturados.criar_pasta scheduled__2024-05-31T18:20:00+00:00 [running]> on host 80232deae70a
[2024-06-05T01:46:27.158+0000] {taskinstance.py:2648} INFO - Exporting env vars: AIRFLOW_CTX_DAG_OWNER='***' AIRFLOW_CTX_DAG_ID='dados_climaticos_estruturados' AIRFLOW_CTX_TASK_ID='criar_pasta' AIRFLOW_CTX_EXECUTION_DATE='2024-05-31T18:20:00+00:00' AIRFLOW_CTX_TRY_NUMBER='1' AIRFLOW_CTX_DAG_RUN_ID='scheduled__2024-05-31T18:20:00+00:00'
[2024-06-05T01:46:27.162+0000] {taskinstance.py:430} INFO - ::endgroup::
[2024-06-05T01:46:27.167+0000] {python.py:237} INFO - Done. Returned value was: None
[2024-06-05T01:46:27.168+0000] {taskinstance.py:441} INFO - ::group::Post task execution logs
[2024-06-05T01:46:27.205+0000] {taskinstance.py:1206} INFO - Marking task as SUCCESS. dag_id=dados_climaticos_estruturados, task_id=criar_pasta, run_id=scheduled__2024-05-31T18:20:00+00:00, execution_date=20240531T182000, start_date=20240605T014626, end_date=20240605T014627
[2024-06-05T01:46:27.309+0000] {local_task_job_runner.py:240} INFO - Task exited with return code 0
[2024-06-05T01:46:27.390+0000] {taskinstance.py:3498} INFO - 1 downstream tasks scheduled from follow-on schedule check
[2024-06-05T01:46:27.405+0000] {local_task_job_runner.py:222} INFO - ::endgroup::
