[2024-06-05T01:01:23.878+0000] {local_task_job_runner.py:120} INFO - ::group::Pre task execution logs
[2024-06-05T01:01:23.913+0000] {taskinstance.py:2076} INFO - Dependencies all met for dep_context=non-requeueable deps ti=<TaskInstance: dados_climaticos_estruturados.criar_pasta scheduled__2024-05-30T15:20:00+00:00 [queued]>
[2024-06-05T01:01:23.926+0000] {taskinstance.py:2076} INFO - Dependencies all met for dep_context=requeueable deps ti=<TaskInstance: dados_climaticos_estruturados.criar_pasta scheduled__2024-05-30T15:20:00+00:00 [queued]>
[2024-06-05T01:01:23.927+0000] {taskinstance.py:2306} INFO - Starting attempt 1 of 1
[2024-06-05T01:01:23.948+0000] {taskinstance.py:2330} INFO - Executing <Task(PythonOperator): criar_pasta> on 2024-05-30 15:20:00+00:00
[2024-06-05T01:01:23.958+0000] {warnings.py:110} WARNING - /home/***/.local/lib/python3.12/site-packages/***/task/task_runner/standard_task_runner.py:61: DeprecationWarning: This process (pid=3186) is multi-threaded, use of fork() may lead to deadlocks in the child.
  pid = os.fork()

[2024-06-05T01:01:23.961+0000] {standard_task_runner.py:63} INFO - Started process 3200 to run task
[2024-06-05T01:01:23.961+0000] {standard_task_runner.py:90} INFO - Running: ['***', 'tasks', 'run', 'dados_climaticos_estruturados', 'criar_pasta', 'scheduled__2024-05-30T15:20:00+00:00', '--job-id', '1396', '--raw', '--subdir', 'DAGS_FOLDER/weather/custom_dags/dados_climaticos_estruturados.py', '--cfg-path', '/tmp/tmp02papra0']
[2024-06-05T01:01:23.963+0000] {standard_task_runner.py:91} INFO - Job 1396: Subtask criar_pasta
[2024-06-05T01:01:24.033+0000] {task_command.py:426} INFO - Running <TaskInstance: dados_climaticos_estruturados.criar_pasta scheduled__2024-05-30T15:20:00+00:00 [running]> on host 6665b0710315
[2024-06-05T01:01:24.179+0000] {taskinstance.py:2648} INFO - Exporting env vars: AIRFLOW_CTX_DAG_OWNER='***' AIRFLOW_CTX_DAG_ID='dados_climaticos_estruturados' AIRFLOW_CTX_TASK_ID='criar_pasta' AIRFLOW_CTX_EXECUTION_DATE='2024-05-30T15:20:00+00:00' AIRFLOW_CTX_TRY_NUMBER='1' AIRFLOW_CTX_DAG_RUN_ID='scheduled__2024-05-30T15:20:00+00:00'
[2024-06-05T01:01:24.181+0000] {taskinstance.py:430} INFO - ::endgroup::
[2024-06-05T01:01:24.185+0000] {python.py:237} INFO - Done. Returned value was: None
[2024-06-05T01:01:24.187+0000] {taskinstance.py:441} INFO - ::group::Post task execution logs
[2024-06-05T01:01:24.205+0000] {taskinstance.py:1206} INFO - Marking task as SUCCESS. dag_id=dados_climaticos_estruturados, task_id=criar_pasta, run_id=scheduled__2024-05-30T15:20:00+00:00, execution_date=20240530T152000, start_date=20240605T010123, end_date=20240605T010124
[2024-06-05T01:01:24.269+0000] {local_task_job_runner.py:240} INFO - Task exited with return code 0
[2024-06-05T01:01:24.303+0000] {taskinstance.py:3498} INFO - 1 downstream tasks scheduled from follow-on schedule check
[2024-06-05T01:01:24.309+0000] {local_task_job_runner.py:222} INFO - ::endgroup::
[2024-06-05T01:40:59.961+0000] {local_task_job_runner.py:120} INFO - ::group::Pre task execution logs
[2024-06-05T01:41:00.014+0000] {taskinstance.py:2076} INFO - Dependencies all met for dep_context=non-requeueable deps ti=<TaskInstance: dados_climaticos_estruturados.criar_pasta scheduled__2024-05-30T15:20:00+00:00 [queued]>
[2024-06-05T01:41:00.034+0000] {taskinstance.py:2076} INFO - Dependencies all met for dep_context=requeueable deps ti=<TaskInstance: dados_climaticos_estruturados.criar_pasta scheduled__2024-05-30T15:20:00+00:00 [queued]>
[2024-06-05T01:41:00.037+0000] {taskinstance.py:2306} INFO - Starting attempt 1 of 1
[2024-06-05T01:41:00.078+0000] {taskinstance.py:2330} INFO - Executing <Task(PythonOperator): criar_pasta> on 2024-05-30 15:20:00+00:00
[2024-06-05T01:41:00.098+0000] {warnings.py:110} WARNING - /home/***/.local/lib/python3.12/site-packages/***/task/task_runner/standard_task_runner.py:61: DeprecationWarning: This process (pid=3141) is multi-threaded, use of fork() may lead to deadlocks in the child.
  pid = os.fork()

[2024-06-05T01:41:00.101+0000] {standard_task_runner.py:63} INFO - Started process 3182 to run task
[2024-06-05T01:41:00.108+0000] {standard_task_runner.py:90} INFO - Running: ['***', 'tasks', 'run', 'dados_climaticos_estruturados', 'criar_pasta', 'scheduled__2024-05-30T15:20:00+00:00', '--job-id', '1003', '--raw', '--subdir', 'DAGS_FOLDER/weather/custom_dags/dados_climaticos_estruturados.py', '--cfg-path', '/tmp/tmpxwb2013u']
[2024-06-05T01:41:00.114+0000] {standard_task_runner.py:91} INFO - Job 1003: Subtask criar_pasta
[2024-06-05T01:41:00.259+0000] {task_command.py:426} INFO - Running <TaskInstance: dados_climaticos_estruturados.criar_pasta scheduled__2024-05-30T15:20:00+00:00 [running]> on host 80232deae70a
[2024-06-05T01:41:00.467+0000] {taskinstance.py:2648} INFO - Exporting env vars: AIRFLOW_CTX_DAG_OWNER='***' AIRFLOW_CTX_DAG_ID='dados_climaticos_estruturados' AIRFLOW_CTX_TASK_ID='criar_pasta' AIRFLOW_CTX_EXECUTION_DATE='2024-05-30T15:20:00+00:00' AIRFLOW_CTX_TRY_NUMBER='1' AIRFLOW_CTX_DAG_RUN_ID='scheduled__2024-05-30T15:20:00+00:00'
[2024-06-05T01:41:00.472+0000] {taskinstance.py:430} INFO - ::endgroup::
[2024-06-05T01:41:00.485+0000] {python.py:237} INFO - Done. Returned value was: None
[2024-06-05T01:41:00.487+0000] {taskinstance.py:441} INFO - ::group::Post task execution logs
[2024-06-05T01:41:00.512+0000] {taskinstance.py:1206} INFO - Marking task as SUCCESS. dag_id=dados_climaticos_estruturados, task_id=criar_pasta, run_id=scheduled__2024-05-30T15:20:00+00:00, execution_date=20240530T152000, start_date=20240605T014100, end_date=20240605T014100
[2024-06-05T01:41:00.596+0000] {local_task_job_runner.py:240} INFO - Task exited with return code 0
[2024-06-05T01:41:00.654+0000] {taskinstance.py:3498} INFO - 1 downstream tasks scheduled from follow-on schedule check
[2024-06-05T01:41:00.659+0000] {local_task_job_runner.py:222} INFO - ::endgroup::
