[2024-06-05T01:00:49.170+0000] {local_task_job_runner.py:120} INFO - ::group::Pre task execution logs
[2024-06-05T01:00:49.201+0000] {taskinstance.py:2076} INFO - Dependencies all met for dep_context=non-requeueable deps ti=<TaskInstance: dados_climaticos_estruturados.criar_pasta scheduled__2024-05-30T12:25:00+00:00 [queued]>
[2024-06-05T01:00:49.213+0000] {taskinstance.py:2076} INFO - Dependencies all met for dep_context=requeueable deps ti=<TaskInstance: dados_climaticos_estruturados.criar_pasta scheduled__2024-05-30T12:25:00+00:00 [queued]>
[2024-06-05T01:00:49.220+0000] {taskinstance.py:2306} INFO - Starting attempt 1 of 1
[2024-06-05T01:00:49.254+0000] {taskinstance.py:2330} INFO - Executing <Task(PythonOperator): criar_pasta> on 2024-05-30 12:25:00+00:00
[2024-06-05T01:00:49.269+0000] {warnings.py:110} WARNING - /home/***/.local/lib/python3.12/site-packages/***/task/task_runner/standard_task_runner.py:61: DeprecationWarning: This process (pid=2981) is multi-threaded, use of fork() may lead to deadlocks in the child.
  pid = os.fork()

[2024-06-05T01:00:49.272+0000] {standard_task_runner.py:63} INFO - Started process 2997 to run task
[2024-06-05T01:00:49.278+0000] {standard_task_runner.py:90} INFO - Running: ['***', 'tasks', 'run', 'dados_climaticos_estruturados', 'criar_pasta', 'scheduled__2024-05-30T12:25:00+00:00', '--job-id', '1329', '--raw', '--subdir', 'DAGS_FOLDER/weather/custom_dags/dados_climaticos_estruturados.py', '--cfg-path', '/tmp/tmprhxb6nq6']
[2024-06-05T01:00:49.280+0000] {standard_task_runner.py:91} INFO - Job 1329: Subtask criar_pasta
[2024-06-05T01:00:49.390+0000] {task_command.py:426} INFO - Running <TaskInstance: dados_climaticos_estruturados.criar_pasta scheduled__2024-05-30T12:25:00+00:00 [running]> on host 6665b0710315
[2024-06-05T01:00:49.594+0000] {taskinstance.py:2648} INFO - Exporting env vars: AIRFLOW_CTX_DAG_OWNER='***' AIRFLOW_CTX_DAG_ID='dados_climaticos_estruturados' AIRFLOW_CTX_TASK_ID='criar_pasta' AIRFLOW_CTX_EXECUTION_DATE='2024-05-30T12:25:00+00:00' AIRFLOW_CTX_TRY_NUMBER='1' AIRFLOW_CTX_DAG_RUN_ID='scheduled__2024-05-30T12:25:00+00:00'
[2024-06-05T01:00:49.604+0000] {taskinstance.py:430} INFO - ::endgroup::
[2024-06-05T01:00:49.606+0000] {python.py:237} INFO - Done. Returned value was: None
[2024-06-05T01:00:49.607+0000] {taskinstance.py:441} INFO - ::group::Post task execution logs
[2024-06-05T01:00:49.626+0000] {taskinstance.py:1206} INFO - Marking task as SUCCESS. dag_id=dados_climaticos_estruturados, task_id=criar_pasta, run_id=scheduled__2024-05-30T12:25:00+00:00, execution_date=20240530T122500, start_date=20240605T010049, end_date=20240605T010049
[2024-06-05T01:00:49.673+0000] {local_task_job_runner.py:240} INFO - Task exited with return code 0
[2024-06-05T01:00:49.721+0000] {taskinstance.py:3498} INFO - 1 downstream tasks scheduled from follow-on schedule check
[2024-06-05T01:00:49.729+0000] {local_task_job_runner.py:222} INFO - ::endgroup::
[2024-06-05T01:40:28.927+0000] {local_task_job_runner.py:120} INFO - ::group::Pre task execution logs
[2024-06-05T01:40:28.972+0000] {taskinstance.py:2076} INFO - Dependencies all met for dep_context=non-requeueable deps ti=<TaskInstance: dados_climaticos_estruturados.criar_pasta scheduled__2024-05-30T12:25:00+00:00 [queued]>
[2024-06-05T01:40:28.991+0000] {taskinstance.py:2076} INFO - Dependencies all met for dep_context=requeueable deps ti=<TaskInstance: dados_climaticos_estruturados.criar_pasta scheduled__2024-05-30T12:25:00+00:00 [queued]>
[2024-06-05T01:40:28.995+0000] {taskinstance.py:2306} INFO - Starting attempt 1 of 1
[2024-06-05T01:40:29.023+0000] {taskinstance.py:2330} INFO - Executing <Task(PythonOperator): criar_pasta> on 2024-05-30 12:25:00+00:00
[2024-06-05T01:40:29.051+0000] {warnings.py:110} WARNING - /home/***/.local/lib/python3.12/site-packages/***/task/task_runner/standard_task_runner.py:61: DeprecationWarning: This process (pid=2934) is multi-threaded, use of fork() may lead to deadlocks in the child.
  pid = os.fork()

[2024-06-05T01:40:29.058+0000] {standard_task_runner.py:63} INFO - Started process 2965 to run task
[2024-06-05T01:40:29.051+0000] {standard_task_runner.py:90} INFO - Running: ['***', 'tasks', 'run', 'dados_climaticos_estruturados', 'criar_pasta', 'scheduled__2024-05-30T12:25:00+00:00', '--job-id', '932', '--raw', '--subdir', 'DAGS_FOLDER/weather/custom_dags/dados_climaticos_estruturados.py', '--cfg-path', '/tmp/tmp1m9sk_jz']
[2024-06-05T01:40:29.063+0000] {standard_task_runner.py:91} INFO - Job 932: Subtask criar_pasta
[2024-06-05T01:40:29.181+0000] {task_command.py:426} INFO - Running <TaskInstance: dados_climaticos_estruturados.criar_pasta scheduled__2024-05-30T12:25:00+00:00 [running]> on host 80232deae70a
[2024-06-05T01:40:29.438+0000] {taskinstance.py:2648} INFO - Exporting env vars: AIRFLOW_CTX_DAG_OWNER='***' AIRFLOW_CTX_DAG_ID='dados_climaticos_estruturados' AIRFLOW_CTX_TASK_ID='criar_pasta' AIRFLOW_CTX_EXECUTION_DATE='2024-05-30T12:25:00+00:00' AIRFLOW_CTX_TRY_NUMBER='1' AIRFLOW_CTX_DAG_RUN_ID='scheduled__2024-05-30T12:25:00+00:00'
[2024-06-05T01:40:29.459+0000] {taskinstance.py:430} INFO - ::endgroup::
[2024-06-05T01:40:29.473+0000] {python.py:237} INFO - Done. Returned value was: None
[2024-06-05T01:40:29.474+0000] {taskinstance.py:441} INFO - ::group::Post task execution logs
[2024-06-05T01:40:29.519+0000] {taskinstance.py:1206} INFO - Marking task as SUCCESS. dag_id=dados_climaticos_estruturados, task_id=criar_pasta, run_id=scheduled__2024-05-30T12:25:00+00:00, execution_date=20240530T122500, start_date=20240605T014028, end_date=20240605T014029
[2024-06-05T01:40:29.623+0000] {local_task_job_runner.py:240} INFO - Task exited with return code 0
[2024-06-05T01:40:29.688+0000] {taskinstance.py:3498} INFO - 1 downstream tasks scheduled from follow-on schedule check
[2024-06-05T01:40:29.700+0000] {local_task_job_runner.py:222} INFO - ::endgroup::
