[2024-06-05T00:54:20.026+0000] {local_task_job_runner.py:120} INFO - ::group::Pre task execution logs
[2024-06-05T00:54:20.065+0000] {taskinstance.py:2076} INFO - Dependencies all met for dep_context=non-requeueable deps ti=<TaskInstance: dados_climaticos_estruturados.criar_pasta scheduled__2024-05-29T02:50:00+00:00 [queued]>
[2024-06-05T00:54:20.079+0000] {taskinstance.py:2076} INFO - Dependencies all met for dep_context=requeueable deps ti=<TaskInstance: dados_climaticos_estruturados.criar_pasta scheduled__2024-05-29T02:50:00+00:00 [queued]>
[2024-06-05T00:54:20.080+0000] {taskinstance.py:2306} INFO - Starting attempt 1 of 1
[2024-06-05T00:54:20.115+0000] {taskinstance.py:2330} INFO - Executing <Task(PythonOperator): criar_pasta> on 2024-05-29 02:50:00+00:00
[2024-06-05T00:54:20.153+0000] {warnings.py:110} WARNING - /home/***/.local/lib/python3.12/site-packages/***/task/task_runner/standard_task_runner.py:61: DeprecationWarning: This process (pid=468) is multi-threaded, use of fork() may lead to deadlocks in the child.
  pid = os.fork()

[2024-06-05T00:54:20.150+0000] {standard_task_runner.py:90} INFO - Running: ['***', 'tasks', 'run', 'dados_climaticos_estruturados', 'criar_pasta', 'scheduled__2024-05-29T02:50:00+00:00', '--job-id', '518', '--raw', '--subdir', 'DAGS_FOLDER/weather/custom_dags/dados_climaticos_estruturados.py', '--cfg-path', '/tmp/tmp56krpy12']
[2024-06-05T00:54:20.155+0000] {standard_task_runner.py:91} INFO - Job 518: Subtask criar_pasta
[2024-06-05T00:54:20.155+0000] {standard_task_runner.py:63} INFO - Started process 486 to run task
[2024-06-05T00:54:20.299+0000] {task_command.py:426} INFO - Running <TaskInstance: dados_climaticos_estruturados.criar_pasta scheduled__2024-05-29T02:50:00+00:00 [running]> on host 6665b0710315
[2024-06-05T00:54:20.489+0000] {taskinstance.py:2648} INFO - Exporting env vars: AIRFLOW_CTX_DAG_OWNER='***' AIRFLOW_CTX_DAG_ID='dados_climaticos_estruturados' AIRFLOW_CTX_TASK_ID='criar_pasta' AIRFLOW_CTX_EXECUTION_DATE='2024-05-29T02:50:00+00:00' AIRFLOW_CTX_TRY_NUMBER='1' AIRFLOW_CTX_DAG_RUN_ID='scheduled__2024-05-29T02:50:00+00:00'
[2024-06-05T00:54:20.494+0000] {taskinstance.py:430} INFO - ::endgroup::
[2024-06-05T00:54:20.496+0000] {python.py:237} INFO - Done. Returned value was: None
[2024-06-05T00:54:20.496+0000] {taskinstance.py:441} INFO - ::group::Post task execution logs
[2024-06-05T00:54:20.513+0000] {taskinstance.py:1206} INFO - Marking task as SUCCESS. dag_id=dados_climaticos_estruturados, task_id=criar_pasta, run_id=scheduled__2024-05-29T02:50:00+00:00, execution_date=20240529T025000, start_date=20240605T005420, end_date=20240605T005420
[2024-06-05T00:54:20.561+0000] {local_task_job_runner.py:240} INFO - Task exited with return code 0
[2024-06-05T00:54:20.608+0000] {taskinstance.py:3498} INFO - 1 downstream tasks scheduled from follow-on schedule check
[2024-06-05T00:54:20.615+0000] {local_task_job_runner.py:222} INFO - ::endgroup::
[2024-06-05T01:33:57.338+0000] {local_task_job_runner.py:120} INFO - ::group::Pre task execution logs
[2024-06-05T01:33:57.385+0000] {taskinstance.py:2076} INFO - Dependencies all met for dep_context=non-requeueable deps ti=<TaskInstance: dados_climaticos_estruturados.criar_pasta scheduled__2024-05-29T02:50:00+00:00 [queued]>
[2024-06-05T01:33:57.402+0000] {taskinstance.py:2076} INFO - Dependencies all met for dep_context=requeueable deps ti=<TaskInstance: dados_climaticos_estruturados.criar_pasta scheduled__2024-05-29T02:50:00+00:00 [queued]>
[2024-06-05T01:33:57.403+0000] {taskinstance.py:2306} INFO - Starting attempt 1 of 1
[2024-06-05T01:33:57.536+0000] {taskinstance.py:2330} INFO - Executing <Task(PythonOperator): criar_pasta> on 2024-05-29 02:50:00+00:00
[2024-06-05T01:33:57.578+0000] {warnings.py:110} WARNING - /home/***/.local/lib/python3.12/site-packages/***/task/task_runner/standard_task_runner.py:61: DeprecationWarning: This process (pid=462) is multi-threaded, use of fork() may lead to deadlocks in the child.
  pid = os.fork()

[2024-06-05T01:33:57.580+0000] {standard_task_runner.py:63} INFO - Started process 481 to run task
[2024-06-05T01:33:57.575+0000] {standard_task_runner.py:90} INFO - Running: ['***', 'tasks', 'run', 'dados_climaticos_estruturados', 'criar_pasta', 'scheduled__2024-05-29T02:50:00+00:00', '--job-id', '132', '--raw', '--subdir', 'DAGS_FOLDER/weather/custom_dags/dados_climaticos_estruturados.py', '--cfg-path', '/tmp/tmp71duosmi']
[2024-06-05T01:33:57.587+0000] {standard_task_runner.py:91} INFO - Job 132: Subtask criar_pasta
[2024-06-05T01:33:57.715+0000] {task_command.py:426} INFO - Running <TaskInstance: dados_climaticos_estruturados.criar_pasta scheduled__2024-05-29T02:50:00+00:00 [running]> on host 80232deae70a
[2024-06-05T01:33:57.991+0000] {taskinstance.py:2648} INFO - Exporting env vars: AIRFLOW_CTX_DAG_OWNER='***' AIRFLOW_CTX_DAG_ID='dados_climaticos_estruturados' AIRFLOW_CTX_TASK_ID='criar_pasta' AIRFLOW_CTX_EXECUTION_DATE='2024-05-29T02:50:00+00:00' AIRFLOW_CTX_TRY_NUMBER='1' AIRFLOW_CTX_DAG_RUN_ID='scheduled__2024-05-29T02:50:00+00:00'
[2024-06-05T01:33:57.997+0000] {taskinstance.py:430} INFO - ::endgroup::
[2024-06-05T01:33:58.003+0000] {python.py:237} INFO - Done. Returned value was: None
[2024-06-05T01:33:58.005+0000] {taskinstance.py:441} INFO - ::group::Post task execution logs
[2024-06-05T01:33:58.026+0000] {taskinstance.py:1206} INFO - Marking task as SUCCESS. dag_id=dados_climaticos_estruturados, task_id=criar_pasta, run_id=scheduled__2024-05-29T02:50:00+00:00, execution_date=20240529T025000, start_date=20240605T013357, end_date=20240605T013358
[2024-06-05T01:33:58.076+0000] {local_task_job_runner.py:240} INFO - Task exited with return code 0
[2024-06-05T01:33:58.158+0000] {taskinstance.py:3498} INFO - 1 downstream tasks scheduled from follow-on schedule check
[2024-06-05T01:33:58.169+0000] {local_task_job_runner.py:222} INFO - ::endgroup::
