[2024-06-05T00:57:28.404+0000] {local_task_job_runner.py:120} INFO - ::group::Pre task execution logs
[2024-06-05T00:57:28.450+0000] {taskinstance.py:2076} INFO - Dependencies all met for dep_context=non-requeueable deps ti=<TaskInstance: dados_climaticos_estruturados.criar_pasta scheduled__2024-05-29T21:00:00+00:00 [queued]>
[2024-06-05T00:57:28.466+0000] {taskinstance.py:2076} INFO - Dependencies all met for dep_context=requeueable deps ti=<TaskInstance: dados_climaticos_estruturados.criar_pasta scheduled__2024-05-29T21:00:00+00:00 [queued]>
[2024-06-05T00:57:28.467+0000] {taskinstance.py:2306} INFO - Starting attempt 1 of 1
[2024-06-05T00:57:28.511+0000] {taskinstance.py:2330} INFO - Executing <Task(PythonOperator): criar_pasta> on 2024-05-29 21:00:00+00:00
[2024-06-05T00:57:28.530+0000] {warnings.py:110} WARNING - /home/***/.local/lib/python3.12/site-packages/***/task/task_runner/standard_task_runner.py:61: DeprecationWarning: This process (pid=1791) is multi-threaded, use of fork() may lead to deadlocks in the child.
  pid = os.fork()

[2024-06-05T00:57:28.537+0000] {standard_task_runner.py:90} INFO - Running: ['***', 'tasks', 'run', 'dados_climaticos_estruturados', 'criar_pasta', 'scheduled__2024-05-29T21:00:00+00:00', '--job-id', '948', '--raw', '--subdir', 'DAGS_FOLDER/weather/custom_dags/dados_climaticos_estruturados.py', '--cfg-path', '/tmp/tmpmoj_c2uv']
[2024-06-05T00:57:28.538+0000] {standard_task_runner.py:63} INFO - Started process 1818 to run task
[2024-06-05T00:57:28.539+0000] {standard_task_runner.py:91} INFO - Job 948: Subtask criar_pasta
[2024-06-05T00:57:28.645+0000] {task_command.py:426} INFO - Running <TaskInstance: dados_climaticos_estruturados.criar_pasta scheduled__2024-05-29T21:00:00+00:00 [running]> on host 6665b0710315
[2024-06-05T00:57:28.827+0000] {taskinstance.py:2648} INFO - Exporting env vars: AIRFLOW_CTX_DAG_OWNER='***' AIRFLOW_CTX_DAG_ID='dados_climaticos_estruturados' AIRFLOW_CTX_TASK_ID='criar_pasta' AIRFLOW_CTX_EXECUTION_DATE='2024-05-29T21:00:00+00:00' AIRFLOW_CTX_TRY_NUMBER='1' AIRFLOW_CTX_DAG_RUN_ID='scheduled__2024-05-29T21:00:00+00:00'
[2024-06-05T00:57:28.833+0000] {taskinstance.py:430} INFO - ::endgroup::
[2024-06-05T00:57:28.834+0000] {python.py:237} INFO - Done. Returned value was: None
[2024-06-05T00:57:28.840+0000] {taskinstance.py:441} INFO - ::group::Post task execution logs
[2024-06-05T00:57:28.867+0000] {taskinstance.py:1206} INFO - Marking task as SUCCESS. dag_id=dados_climaticos_estruturados, task_id=criar_pasta, run_id=scheduled__2024-05-29T21:00:00+00:00, execution_date=20240529T210000, start_date=20240605T005728, end_date=20240605T005728
[2024-06-05T00:57:28.934+0000] {local_task_job_runner.py:240} INFO - Task exited with return code 0
[2024-06-05T00:57:28.988+0000] {taskinstance.py:3498} INFO - 1 downstream tasks scheduled from follow-on schedule check
[2024-06-05T00:57:28.993+0000] {local_task_job_runner.py:222} INFO - ::endgroup::
[2024-06-05T01:37:31.765+0000] {local_task_job_runner.py:120} INFO - ::group::Pre task execution logs
[2024-06-05T01:37:31.844+0000] {taskinstance.py:2076} INFO - Dependencies all met for dep_context=non-requeueable deps ti=<TaskInstance: dados_climaticos_estruturados.criar_pasta scheduled__2024-05-29T21:00:00+00:00 [queued]>
[2024-06-05T01:37:31.866+0000] {taskinstance.py:2076} INFO - Dependencies all met for dep_context=requeueable deps ti=<TaskInstance: dados_climaticos_estruturados.criar_pasta scheduled__2024-05-29T21:00:00+00:00 [queued]>
[2024-06-05T01:37:31.868+0000] {taskinstance.py:2306} INFO - Starting attempt 1 of 1
[2024-06-05T01:37:31.897+0000] {taskinstance.py:2330} INFO - Executing <Task(PythonOperator): criar_pasta> on 2024-05-29 21:00:00+00:00
[2024-06-05T01:37:31.919+0000] {warnings.py:110} WARNING - /home/***/.local/lib/python3.12/site-packages/***/task/task_runner/standard_task_runner.py:61: DeprecationWarning: This process (pid=1781) is multi-threaded, use of fork() may lead to deadlocks in the child.
  pid = os.fork()

[2024-06-05T01:37:31.927+0000] {standard_task_runner.py:63} INFO - Started process 1816 to run task
[2024-06-05T01:37:31.928+0000] {standard_task_runner.py:90} INFO - Running: ['***', 'tasks', 'run', 'dados_climaticos_estruturados', 'criar_pasta', 'scheduled__2024-05-29T21:00:00+00:00', '--job-id', '561', '--raw', '--subdir', 'DAGS_FOLDER/weather/custom_dags/dados_climaticos_estruturados.py', '--cfg-path', '/tmp/tmpmkcnahmx']
[2024-06-05T01:37:31.933+0000] {standard_task_runner.py:91} INFO - Job 561: Subtask criar_pasta
[2024-06-05T01:37:32.083+0000] {task_command.py:426} INFO - Running <TaskInstance: dados_climaticos_estruturados.criar_pasta scheduled__2024-05-29T21:00:00+00:00 [running]> on host 80232deae70a
[2024-06-05T01:37:32.397+0000] {taskinstance.py:2648} INFO - Exporting env vars: AIRFLOW_CTX_DAG_OWNER='***' AIRFLOW_CTX_DAG_ID='dados_climaticos_estruturados' AIRFLOW_CTX_TASK_ID='criar_pasta' AIRFLOW_CTX_EXECUTION_DATE='2024-05-29T21:00:00+00:00' AIRFLOW_CTX_TRY_NUMBER='1' AIRFLOW_CTX_DAG_RUN_ID='scheduled__2024-05-29T21:00:00+00:00'
[2024-06-05T01:37:32.400+0000] {taskinstance.py:430} INFO - ::endgroup::
[2024-06-05T01:37:32.407+0000] {python.py:237} INFO - Done. Returned value was: None
[2024-06-05T01:37:32.408+0000] {taskinstance.py:441} INFO - ::group::Post task execution logs
[2024-06-05T01:37:32.428+0000] {taskinstance.py:1206} INFO - Marking task as SUCCESS. dag_id=dados_climaticos_estruturados, task_id=criar_pasta, run_id=scheduled__2024-05-29T21:00:00+00:00, execution_date=20240529T210000, start_date=20240605T013731, end_date=20240605T013732
[2024-06-05T01:37:32.489+0000] {local_task_job_runner.py:240} INFO - Task exited with return code 0
[2024-06-05T01:37:32.526+0000] {local_task_job_runner.py:222} INFO - ::endgroup::
