[2024-06-05T00:55:20.379+0000] {local_task_job_runner.py:120} INFO - ::group::Pre task execution logs
[2024-06-05T00:55:20.472+0000] {taskinstance.py:2076} INFO - Dependencies all met for dep_context=non-requeueable deps ti=<TaskInstance: dados_climaticos_estruturados.criar_pasta scheduled__2024-05-29T09:05:00+00:00 [queued]>
[2024-06-05T00:55:20.513+0000] {taskinstance.py:2076} INFO - Dependencies all met for dep_context=requeueable deps ti=<TaskInstance: dados_climaticos_estruturados.criar_pasta scheduled__2024-05-29T09:05:00+00:00 [queued]>
[2024-06-05T00:55:20.517+0000] {taskinstance.py:2306} INFO - Starting attempt 1 of 1
[2024-06-05T00:55:20.573+0000] {taskinstance.py:2330} INFO - Executing <Task(PythonOperator): criar_pasta> on 2024-05-29 09:05:00+00:00
[2024-06-05T00:55:20.596+0000] {warnings.py:110} WARNING - /home/***/.local/lib/python3.12/site-packages/***/task/task_runner/standard_task_runner.py:61: DeprecationWarning: This process (pid=905) is multi-threaded, use of fork() may lead to deadlocks in the child.
  pid = os.fork()

[2024-06-05T00:55:20.600+0000] {standard_task_runner.py:63} INFO - Started process 935 to run task
[2024-06-05T00:55:20.600+0000] {standard_task_runner.py:90} INFO - Running: ['***', 'tasks', 'run', 'dados_climaticos_estruturados', 'criar_pasta', 'scheduled__2024-05-29T09:05:00+00:00', '--job-id', '661', '--raw', '--subdir', 'DAGS_FOLDER/weather/custom_dags/dados_climaticos_estruturados.py', '--cfg-path', '/tmp/tmpbb0z7l6h']
[2024-06-05T00:55:20.606+0000] {standard_task_runner.py:91} INFO - Job 661: Subtask criar_pasta
[2024-06-05T00:55:20.753+0000] {task_command.py:426} INFO - Running <TaskInstance: dados_climaticos_estruturados.criar_pasta scheduled__2024-05-29T09:05:00+00:00 [running]> on host 6665b0710315
[2024-06-05T00:55:20.986+0000] {taskinstance.py:2648} INFO - Exporting env vars: AIRFLOW_CTX_DAG_OWNER='***' AIRFLOW_CTX_DAG_ID='dados_climaticos_estruturados' AIRFLOW_CTX_TASK_ID='criar_pasta' AIRFLOW_CTX_EXECUTION_DATE='2024-05-29T09:05:00+00:00' AIRFLOW_CTX_TRY_NUMBER='1' AIRFLOW_CTX_DAG_RUN_ID='scheduled__2024-05-29T09:05:00+00:00'
[2024-06-05T00:55:20.991+0000] {taskinstance.py:430} INFO - ::endgroup::
[2024-06-05T00:55:20.993+0000] {python.py:237} INFO - Done. Returned value was: None
[2024-06-05T00:55:20.993+0000] {taskinstance.py:441} INFO - ::group::Post task execution logs
[2024-06-05T00:55:21.019+0000] {taskinstance.py:1206} INFO - Marking task as SUCCESS. dag_id=dados_climaticos_estruturados, task_id=criar_pasta, run_id=scheduled__2024-05-29T09:05:00+00:00, execution_date=20240529T090500, start_date=20240605T005520, end_date=20240605T005521
[2024-06-05T00:55:21.075+0000] {local_task_job_runner.py:240} INFO - Task exited with return code 0
[2024-06-05T00:55:21.136+0000] {taskinstance.py:3498} INFO - 1 downstream tasks scheduled from follow-on schedule check
[2024-06-05T00:55:21.150+0000] {local_task_job_runner.py:222} INFO - ::endgroup::
[2024-06-05T01:35:08.244+0000] {local_task_job_runner.py:120} INFO - ::group::Pre task execution logs
[2024-06-05T01:35:08.287+0000] {taskinstance.py:2076} INFO - Dependencies all met for dep_context=non-requeueable deps ti=<TaskInstance: dados_climaticos_estruturados.criar_pasta scheduled__2024-05-29T09:05:00+00:00 [queued]>
[2024-06-05T01:35:08.308+0000] {taskinstance.py:2076} INFO - Dependencies all met for dep_context=requeueable deps ti=<TaskInstance: dados_climaticos_estruturados.criar_pasta scheduled__2024-05-29T09:05:00+00:00 [queued]>
[2024-06-05T01:35:08.310+0000] {taskinstance.py:2306} INFO - Starting attempt 1 of 1
[2024-06-05T01:35:08.336+0000] {taskinstance.py:2330} INFO - Executing <Task(PythonOperator): criar_pasta> on 2024-05-29 09:05:00+00:00
[2024-06-05T01:35:08.347+0000] {warnings.py:110} WARNING - /home/***/.local/lib/python3.12/site-packages/***/task/task_runner/standard_task_runner.py:61: DeprecationWarning: This process (pid=892) is multi-threaded, use of fork() may lead to deadlocks in the child.
  pid = os.fork()

[2024-06-05T01:35:08.350+0000] {standard_task_runner.py:63} INFO - Started process 920 to run task
[2024-06-05T01:35:08.351+0000] {standard_task_runner.py:90} INFO - Running: ['***', 'tasks', 'run', 'dados_climaticos_estruturados', 'criar_pasta', 'scheduled__2024-05-29T09:05:00+00:00', '--job-id', '273', '--raw', '--subdir', 'DAGS_FOLDER/weather/custom_dags/dados_climaticos_estruturados.py', '--cfg-path', '/tmp/tmp9jbe2uti']
[2024-06-05T01:35:08.353+0000] {standard_task_runner.py:91} INFO - Job 273: Subtask criar_pasta
[2024-06-05T01:35:08.429+0000] {task_command.py:426} INFO - Running <TaskInstance: dados_climaticos_estruturados.criar_pasta scheduled__2024-05-29T09:05:00+00:00 [running]> on host 80232deae70a
[2024-06-05T01:35:08.584+0000] {taskinstance.py:2648} INFO - Exporting env vars: AIRFLOW_CTX_DAG_OWNER='***' AIRFLOW_CTX_DAG_ID='dados_climaticos_estruturados' AIRFLOW_CTX_TASK_ID='criar_pasta' AIRFLOW_CTX_EXECUTION_DATE='2024-05-29T09:05:00+00:00' AIRFLOW_CTX_TRY_NUMBER='1' AIRFLOW_CTX_DAG_RUN_ID='scheduled__2024-05-29T09:05:00+00:00'
[2024-06-05T01:35:08.589+0000] {taskinstance.py:430} INFO - ::endgroup::
[2024-06-05T01:35:08.592+0000] {python.py:237} INFO - Done. Returned value was: None
[2024-06-05T01:35:08.593+0000] {taskinstance.py:441} INFO - ::group::Post task execution logs
[2024-06-05T01:35:08.612+0000] {taskinstance.py:1206} INFO - Marking task as SUCCESS. dag_id=dados_climaticos_estruturados, task_id=criar_pasta, run_id=scheduled__2024-05-29T09:05:00+00:00, execution_date=20240529T090500, start_date=20240605T013508, end_date=20240605T013508
[2024-06-05T01:35:08.661+0000] {local_task_job_runner.py:240} INFO - Task exited with return code 0
[2024-06-05T01:35:08.705+0000] {taskinstance.py:3498} INFO - 1 downstream tasks scheduled from follow-on schedule check
[2024-06-05T01:35:08.708+0000] {local_task_job_runner.py:222} INFO - ::endgroup::
