[2024-06-18T01:00:03.495+0000] {local_task_job_runner.py:120} INFO - ::group::Pre task execution logs
[2024-06-18T01:00:03.577+0000] {taskinstance.py:2076} INFO - Dependencies all met for dep_context=non-requeueable deps ti=<TaskInstance: dados_climaticos_estruturados.criar_pasta scheduled__2024-06-18T00:55:00+00:00 [queued]>
[2024-06-18T01:00:03.603+0000] {taskinstance.py:2076} INFO - Dependencies all met for dep_context=requeueable deps ti=<TaskInstance: dados_climaticos_estruturados.criar_pasta scheduled__2024-06-18T00:55:00+00:00 [queued]>
[2024-06-18T01:00:03.604+0000] {taskinstance.py:2306} INFO - Starting attempt 1 of 1
[2024-06-18T01:00:03.640+0000] {taskinstance.py:2330} INFO - Executing <Task(PythonOperator): criar_pasta> on 2024-06-18 00:55:00+00:00
[2024-06-18T01:00:03.655+0000] {warnings.py:110} WARNING - /home/***/.local/lib/python3.12/site-packages/***/task/task_runner/standard_task_runner.py:61: DeprecationWarning: This process (pid=197) is multi-threaded, use of fork() may lead to deadlocks in the child.
  pid = os.fork()

[2024-06-18T01:00:03.661+0000] {standard_task_runner.py:63} INFO - Started process 200 to run task
[2024-06-18T01:00:03.661+0000] {standard_task_runner.py:90} INFO - Running: ['***', 'tasks', 'run', 'dados_climaticos_estruturados', 'criar_pasta', 'scheduled__2024-06-18T00:55:00+00:00', '--job-id', '2126', '--raw', '--subdir', 'DAGS_FOLDER/weather/custom_dags/dados_climaticos_estruturados.py', '--cfg-path', '/tmp/tmpgqcp_rha']
[2024-06-18T01:00:03.666+0000] {standard_task_runner.py:91} INFO - Job 2126: Subtask criar_pasta
[2024-06-18T01:00:03.784+0000] {task_command.py:426} INFO - Running <TaskInstance: dados_climaticos_estruturados.criar_pasta scheduled__2024-06-18T00:55:00+00:00 [running]> on host b64f33cb53b1
[2024-06-18T01:00:04.028+0000] {taskinstance.py:2648} INFO - Exporting env vars: AIRFLOW_CTX_DAG_OWNER='***' AIRFLOW_CTX_DAG_ID='dados_climaticos_estruturados' AIRFLOW_CTX_TASK_ID='criar_pasta' AIRFLOW_CTX_EXECUTION_DATE='2024-06-18T00:55:00+00:00' AIRFLOW_CTX_TRY_NUMBER='1' AIRFLOW_CTX_DAG_RUN_ID='scheduled__2024-06-18T00:55:00+00:00'
[2024-06-18T01:00:04.034+0000] {taskinstance.py:430} INFO - ::endgroup::
[2024-06-18T01:00:04.039+0000] {python.py:237} INFO - Done. Returned value was: None
[2024-06-18T01:00:04.041+0000] {taskinstance.py:441} INFO - ::group::Post task execution logs
[2024-06-18T01:00:04.063+0000] {taskinstance.py:1206} INFO - Marking task as SUCCESS. dag_id=dados_climaticos_estruturados, task_id=criar_pasta, run_id=scheduled__2024-06-18T00:55:00+00:00, execution_date=20240618T005500, start_date=20240618T010003, end_date=20240618T010004
[2024-06-18T01:00:04.131+0000] {local_task_job_runner.py:240} INFO - Task exited with return code 0
[2024-06-18T01:00:04.190+0000] {taskinstance.py:3498} INFO - 1 downstream tasks scheduled from follow-on schedule check
[2024-06-18T01:00:04.193+0000] {local_task_job_runner.py:222} INFO - ::endgroup::
[2024-06-18T01:30:08.773+0000] {local_task_job_runner.py:120} INFO - ::group::Pre task execution logs
[2024-06-18T01:30:08.824+0000] {taskinstance.py:2076} INFO - Dependencies all met for dep_context=non-requeueable deps ti=<TaskInstance: dados_climaticos_estruturados.criar_pasta scheduled__2024-06-18T00:55:00+00:00 [queued]>
[2024-06-18T01:30:08.853+0000] {taskinstance.py:2076} INFO - Dependencies all met for dep_context=requeueable deps ti=<TaskInstance: dados_climaticos_estruturados.criar_pasta scheduled__2024-06-18T00:55:00+00:00 [queued]>
[2024-06-18T01:30:08.858+0000] {taskinstance.py:2306} INFO - Starting attempt 1 of 1
[2024-06-18T01:30:08.897+0000] {taskinstance.py:2330} INFO - Executing <Task(PythonOperator): criar_pasta> on 2024-06-18 00:55:00+00:00
[2024-06-18T01:30:08.916+0000] {warnings.py:110} WARNING - /home/***/.local/lib/python3.12/site-packages/***/task/task_runner/standard_task_runner.py:61: DeprecationWarning: This process (pid=388) is multi-threaded, use of fork() may lead to deadlocks in the child.
  pid = os.fork()

[2024-06-18T01:30:08.919+0000] {standard_task_runner.py:63} INFO - Started process 407 to run task
[2024-06-18T01:30:08.921+0000] {standard_task_runner.py:90} INFO - Running: ['***', 'tasks', 'run', 'dados_climaticos_estruturados', 'criar_pasta', 'scheduled__2024-06-18T00:55:00+00:00', '--job-id', '74', '--raw', '--subdir', 'DAGS_FOLDER/weather/custom_dags/dados_climaticos_estruturados.py', '--cfg-path', '/tmp/tmp2n_50jay']
[2024-06-18T01:30:08.927+0000] {standard_task_runner.py:91} INFO - Job 74: Subtask criar_pasta
[2024-06-18T01:30:09.066+0000] {task_command.py:426} INFO - Running <TaskInstance: dados_climaticos_estruturados.criar_pasta scheduled__2024-06-18T00:55:00+00:00 [running]> on host bd8fdde9baa6
[2024-06-18T01:30:09.222+0000] {taskinstance.py:2648} INFO - Exporting env vars: AIRFLOW_CTX_DAG_OWNER='***' AIRFLOW_CTX_DAG_ID='dados_climaticos_estruturados' AIRFLOW_CTX_TASK_ID='criar_pasta' AIRFLOW_CTX_EXECUTION_DATE='2024-06-18T00:55:00+00:00' AIRFLOW_CTX_TRY_NUMBER='1' AIRFLOW_CTX_DAG_RUN_ID='scheduled__2024-06-18T00:55:00+00:00'
[2024-06-18T01:30:09.224+0000] {taskinstance.py:430} INFO - ::endgroup::
[2024-06-18T01:30:09.226+0000] {python.py:237} INFO - Done. Returned value was: None
[2024-06-18T01:30:09.227+0000] {taskinstance.py:441} INFO - ::group::Post task execution logs
[2024-06-18T01:30:09.246+0000] {taskinstance.py:1206} INFO - Marking task as SUCCESS. dag_id=dados_climaticos_estruturados, task_id=criar_pasta, run_id=scheduled__2024-06-18T00:55:00+00:00, execution_date=20240618T005500, start_date=20240618T013008, end_date=20240618T013009
[2024-06-18T01:30:09.313+0000] {local_task_job_runner.py:240} INFO - Task exited with return code 0
[2024-06-18T01:30:09.363+0000] {taskinstance.py:3498} INFO - 1 downstream tasks scheduled from follow-on schedule check
[2024-06-18T01:30:09.366+0000] {local_task_job_runner.py:222} INFO - ::endgroup::
