[2024-06-05T00:57:02.304+0000] {local_task_job_runner.py:120} INFO - ::group::Pre task execution logs
[2024-06-05T00:57:02.377+0000] {taskinstance.py:2076} INFO - Dependencies all met for dep_context=non-requeueable deps ti=<TaskInstance: dados_climaticos_estruturados.criar_pasta scheduled__2024-05-29T18:45:00+00:00 [queued]>
[2024-06-05T00:57:02.396+0000] {taskinstance.py:2076} INFO - Dependencies all met for dep_context=requeueable deps ti=<TaskInstance: dados_climaticos_estruturados.criar_pasta scheduled__2024-05-29T18:45:00+00:00 [queued]>
[2024-06-05T00:57:02.400+0000] {taskinstance.py:2306} INFO - Starting attempt 1 of 1
[2024-06-05T00:57:02.440+0000] {taskinstance.py:2330} INFO - Executing <Task(PythonOperator): criar_pasta> on 2024-05-29 18:45:00+00:00
[2024-06-05T00:57:02.453+0000] {warnings.py:110} WARNING - /home/***/.local/lib/python3.12/site-packages/***/task/task_runner/standard_task_runner.py:61: DeprecationWarning: This process (pid=1617) is multi-threaded, use of fork() may lead to deadlocks in the child.
  pid = os.fork()

[2024-06-05T00:57:02.456+0000] {standard_task_runner.py:63} INFO - Started process 1647 to run task
[2024-06-05T00:57:02.463+0000] {standard_task_runner.py:90} INFO - Running: ['***', 'tasks', 'run', 'dados_climaticos_estruturados', 'criar_pasta', 'scheduled__2024-05-29T18:45:00+00:00', '--job-id', '893', '--raw', '--subdir', 'DAGS_FOLDER/weather/custom_dags/dados_climaticos_estruturados.py', '--cfg-path', '/tmp/tmpr7h9rq0b']
[2024-06-05T00:57:02.465+0000] {standard_task_runner.py:91} INFO - Job 893: Subtask criar_pasta
[2024-06-05T00:57:02.618+0000] {task_command.py:426} INFO - Running <TaskInstance: dados_climaticos_estruturados.criar_pasta scheduled__2024-05-29T18:45:00+00:00 [running]> on host 6665b0710315
[2024-06-05T00:57:02.878+0000] {taskinstance.py:2648} INFO - Exporting env vars: AIRFLOW_CTX_DAG_OWNER='***' AIRFLOW_CTX_DAG_ID='dados_climaticos_estruturados' AIRFLOW_CTX_TASK_ID='criar_pasta' AIRFLOW_CTX_EXECUTION_DATE='2024-05-29T18:45:00+00:00' AIRFLOW_CTX_TRY_NUMBER='1' AIRFLOW_CTX_DAG_RUN_ID='scheduled__2024-05-29T18:45:00+00:00'
[2024-06-05T00:57:02.884+0000] {taskinstance.py:430} INFO - ::endgroup::
[2024-06-05T00:57:02.889+0000] {python.py:237} INFO - Done. Returned value was: None
[2024-06-05T00:57:02.893+0000] {taskinstance.py:441} INFO - ::group::Post task execution logs
[2024-06-05T00:57:02.915+0000] {taskinstance.py:1206} INFO - Marking task as SUCCESS. dag_id=dados_climaticos_estruturados, task_id=criar_pasta, run_id=scheduled__2024-05-29T18:45:00+00:00, execution_date=20240529T184500, start_date=20240605T005702, end_date=20240605T005702
[2024-06-05T00:57:03.017+0000] {local_task_job_runner.py:240} INFO - Task exited with return code 0
[2024-06-05T00:57:03.045+0000] {local_task_job_runner.py:222} INFO - ::endgroup::
[2024-06-05T01:37:14.571+0000] {local_task_job_runner.py:120} INFO - ::group::Pre task execution logs
[2024-06-05T01:37:14.608+0000] {taskinstance.py:2076} INFO - Dependencies all met for dep_context=non-requeueable deps ti=<TaskInstance: dados_climaticos_estruturados.criar_pasta scheduled__2024-05-29T18:45:00+00:00 [queued]>
[2024-06-05T01:37:14.624+0000] {taskinstance.py:2076} INFO - Dependencies all met for dep_context=requeueable deps ti=<TaskInstance: dados_climaticos_estruturados.criar_pasta scheduled__2024-05-29T18:45:00+00:00 [queued]>
[2024-06-05T01:37:14.625+0000] {taskinstance.py:2306} INFO - Starting attempt 1 of 1
[2024-06-05T01:37:14.654+0000] {taskinstance.py:2330} INFO - Executing <Task(PythonOperator): criar_pasta> on 2024-05-29 18:45:00+00:00
[2024-06-05T01:37:14.666+0000] {warnings.py:110} WARNING - /home/***/.local/lib/python3.12/site-packages/***/task/task_runner/standard_task_runner.py:61: DeprecationWarning: This process (pid=1658) is multi-threaded, use of fork() may lead to deadlocks in the child.
  pid = os.fork()

[2024-06-05T01:37:14.672+0000] {standard_task_runner.py:63} INFO - Started process 1675 to run task
[2024-06-05T01:37:14.677+0000] {standard_task_runner.py:90} INFO - Running: ['***', 'tasks', 'run', 'dados_climaticos_estruturados', 'criar_pasta', 'scheduled__2024-05-29T18:45:00+00:00', '--job-id', '517', '--raw', '--subdir', 'DAGS_FOLDER/weather/custom_dags/dados_climaticos_estruturados.py', '--cfg-path', '/tmp/tmpb5_ktllm']
[2024-06-05T01:37:14.681+0000] {standard_task_runner.py:91} INFO - Job 517: Subtask criar_pasta
[2024-06-05T01:37:14.781+0000] {task_command.py:426} INFO - Running <TaskInstance: dados_climaticos_estruturados.criar_pasta scheduled__2024-05-29T18:45:00+00:00 [running]> on host 80232deae70a
[2024-06-05T01:37:14.957+0000] {taskinstance.py:2648} INFO - Exporting env vars: AIRFLOW_CTX_DAG_OWNER='***' AIRFLOW_CTX_DAG_ID='dados_climaticos_estruturados' AIRFLOW_CTX_TASK_ID='criar_pasta' AIRFLOW_CTX_EXECUTION_DATE='2024-05-29T18:45:00+00:00' AIRFLOW_CTX_TRY_NUMBER='1' AIRFLOW_CTX_DAG_RUN_ID='scheduled__2024-05-29T18:45:00+00:00'
[2024-06-05T01:37:14.963+0000] {taskinstance.py:430} INFO - ::endgroup::
[2024-06-05T01:37:14.973+0000] {python.py:237} INFO - Done. Returned value was: None
[2024-06-05T01:37:14.975+0000] {taskinstance.py:441} INFO - ::group::Post task execution logs
[2024-06-05T01:37:14.995+0000] {taskinstance.py:1206} INFO - Marking task as SUCCESS. dag_id=dados_climaticos_estruturados, task_id=criar_pasta, run_id=scheduled__2024-05-29T18:45:00+00:00, execution_date=20240529T184500, start_date=20240605T013714, end_date=20240605T013714
[2024-06-05T01:37:15.076+0000] {local_task_job_runner.py:240} INFO - Task exited with return code 0
[2024-06-05T01:37:15.094+0000] {local_task_job_runner.py:222} INFO - ::endgroup::
