[2024-06-05T00:54:25.653+0000] {local_task_job_runner.py:120} INFO - ::group::Pre task execution logs
[2024-06-05T00:54:25.691+0000] {taskinstance.py:2076} INFO - Dependencies all met for dep_context=non-requeueable deps ti=<TaskInstance: dados_climaticos_estruturados.criar_pasta scheduled__2024-05-29T03:55:00+00:00 [queued]>
[2024-06-05T00:54:25.711+0000] {taskinstance.py:2076} INFO - Dependencies all met for dep_context=requeueable deps ti=<TaskInstance: dados_climaticos_estruturados.criar_pasta scheduled__2024-05-29T03:55:00+00:00 [queued]>
[2024-06-05T00:54:25.713+0000] {taskinstance.py:2306} INFO - Starting attempt 1 of 1
[2024-06-05T00:54:25.765+0000] {taskinstance.py:2330} INFO - Executing <Task(PythonOperator): criar_pasta> on 2024-05-29 03:55:00+00:00
[2024-06-05T00:54:25.791+0000] {warnings.py:110} WARNING - /home/***/.local/lib/python3.12/site-packages/***/task/task_runner/standard_task_runner.py:61: DeprecationWarning: This process (pid=515) is multi-threaded, use of fork() may lead to deadlocks in the child.
  pid = os.fork()

[2024-06-05T00:54:25.793+0000] {standard_task_runner.py:90} INFO - Running: ['***', 'tasks', 'run', 'dados_climaticos_estruturados', 'criar_pasta', 'scheduled__2024-05-29T03:55:00+00:00', '--job-id', '538', '--raw', '--subdir', 'DAGS_FOLDER/weather/custom_dags/dados_climaticos_estruturados.py', '--cfg-path', '/tmp/tmprmh59_hk']
[2024-06-05T00:54:25.795+0000] {standard_task_runner.py:91} INFO - Job 538: Subtask criar_pasta
[2024-06-05T00:54:25.794+0000] {standard_task_runner.py:63} INFO - Started process 543 to run task
[2024-06-05T00:54:25.890+0000] {task_command.py:426} INFO - Running <TaskInstance: dados_climaticos_estruturados.criar_pasta scheduled__2024-05-29T03:55:00+00:00 [running]> on host 6665b0710315
[2024-06-05T00:54:26.070+0000] {taskinstance.py:2648} INFO - Exporting env vars: AIRFLOW_CTX_DAG_OWNER='***' AIRFLOW_CTX_DAG_ID='dados_climaticos_estruturados' AIRFLOW_CTX_TASK_ID='criar_pasta' AIRFLOW_CTX_EXECUTION_DATE='2024-05-29T03:55:00+00:00' AIRFLOW_CTX_TRY_NUMBER='1' AIRFLOW_CTX_DAG_RUN_ID='scheduled__2024-05-29T03:55:00+00:00'
[2024-06-05T00:54:26.073+0000] {taskinstance.py:430} INFO - ::endgroup::
[2024-06-05T00:54:26.076+0000] {python.py:237} INFO - Done. Returned value was: None
[2024-06-05T00:54:26.076+0000] {taskinstance.py:441} INFO - ::group::Post task execution logs
[2024-06-05T00:54:26.090+0000] {taskinstance.py:1206} INFO - Marking task as SUCCESS. dag_id=dados_climaticos_estruturados, task_id=criar_pasta, run_id=scheduled__2024-05-29T03:55:00+00:00, execution_date=20240529T035500, start_date=20240605T005425, end_date=20240605T005426
[2024-06-05T00:54:26.149+0000] {local_task_job_runner.py:240} INFO - Task exited with return code 0
[2024-06-05T00:54:26.180+0000] {taskinstance.py:3498} INFO - 1 downstream tasks scheduled from follow-on schedule check
[2024-06-05T00:54:26.182+0000] {local_task_job_runner.py:222} INFO - ::endgroup::
[2024-06-05T01:34:03.738+0000] {local_task_job_runner.py:120} INFO - ::group::Pre task execution logs
[2024-06-05T01:34:03.870+0000] {taskinstance.py:2076} INFO - Dependencies all met for dep_context=non-requeueable deps ti=<TaskInstance: dados_climaticos_estruturados.criar_pasta scheduled__2024-05-29T03:55:00+00:00 [queued]>
[2024-06-05T01:34:03.903+0000] {taskinstance.py:2076} INFO - Dependencies all met for dep_context=requeueable deps ti=<TaskInstance: dados_climaticos_estruturados.criar_pasta scheduled__2024-05-29T03:55:00+00:00 [queued]>
[2024-06-05T01:34:03.907+0000] {taskinstance.py:2306} INFO - Starting attempt 1 of 1
[2024-06-05T01:34:03.957+0000] {taskinstance.py:2330} INFO - Executing <Task(PythonOperator): criar_pasta> on 2024-05-29 03:55:00+00:00
[2024-06-05T01:34:03.997+0000] {warnings.py:110} WARNING - /home/***/.local/lib/python3.12/site-packages/***/task/task_runner/standard_task_runner.py:61: DeprecationWarning: This process (pid=510) is multi-threaded, use of fork() may lead to deadlocks in the child.
  pid = os.fork()

[2024-06-05T01:34:04.001+0000] {standard_task_runner.py:90} INFO - Running: ['***', 'tasks', 'run', 'dados_climaticos_estruturados', 'criar_pasta', 'scheduled__2024-05-29T03:55:00+00:00', '--job-id', '151', '--raw', '--subdir', 'DAGS_FOLDER/weather/custom_dags/dados_climaticos_estruturados.py', '--cfg-path', '/tmp/tmpmsf9s4v3']
[2024-06-05T01:34:04.006+0000] {standard_task_runner.py:63} INFO - Started process 539 to run task
[2024-06-05T01:34:04.009+0000] {standard_task_runner.py:91} INFO - Job 151: Subtask criar_pasta
[2024-06-05T01:34:04.242+0000] {task_command.py:426} INFO - Running <TaskInstance: dados_climaticos_estruturados.criar_pasta scheduled__2024-05-29T03:55:00+00:00 [running]> on host 80232deae70a
[2024-06-05T01:34:04.500+0000] {taskinstance.py:2648} INFO - Exporting env vars: AIRFLOW_CTX_DAG_OWNER='***' AIRFLOW_CTX_DAG_ID='dados_climaticos_estruturados' AIRFLOW_CTX_TASK_ID='criar_pasta' AIRFLOW_CTX_EXECUTION_DATE='2024-05-29T03:55:00+00:00' AIRFLOW_CTX_TRY_NUMBER='1' AIRFLOW_CTX_DAG_RUN_ID='scheduled__2024-05-29T03:55:00+00:00'
[2024-06-05T01:34:04.509+0000] {taskinstance.py:430} INFO - ::endgroup::
[2024-06-05T01:34:04.515+0000] {python.py:237} INFO - Done. Returned value was: None
[2024-06-05T01:34:04.517+0000] {taskinstance.py:441} INFO - ::group::Post task execution logs
[2024-06-05T01:34:04.537+0000] {taskinstance.py:1206} INFO - Marking task as SUCCESS. dag_id=dados_climaticos_estruturados, task_id=criar_pasta, run_id=scheduled__2024-05-29T03:55:00+00:00, execution_date=20240529T035500, start_date=20240605T013403, end_date=20240605T013404
[2024-06-05T01:34:04.623+0000] {local_task_job_runner.py:240} INFO - Task exited with return code 0
[2024-06-05T01:34:04.669+0000] {local_task_job_runner.py:222} INFO - ::endgroup::
