[2024-06-05T00:59:49.533+0000] {local_task_job_runner.py:120} INFO - ::group::Pre task execution logs
[2024-06-05T00:59:49.573+0000] {taskinstance.py:2076} INFO - Dependencies all met for dep_context=non-requeueable deps ti=<TaskInstance: dados_climaticos_estruturados.criar_pasta scheduled__2024-05-30T07:40:00+00:00 [queued]>
[2024-06-05T00:59:49.586+0000] {taskinstance.py:2076} INFO - Dependencies all met for dep_context=requeueable deps ti=<TaskInstance: dados_climaticos_estruturados.criar_pasta scheduled__2024-05-30T07:40:00+00:00 [queued]>
[2024-06-05T00:59:49.588+0000] {taskinstance.py:2306} INFO - Starting attempt 1 of 1
[2024-06-05T00:59:49.613+0000] {taskinstance.py:2330} INFO - Executing <Task(PythonOperator): criar_pasta> on 2024-05-30 07:40:00+00:00
[2024-06-05T00:59:49.628+0000] {warnings.py:110} WARNING - /home/***/.local/lib/python3.12/site-packages/***/task/task_runner/standard_task_runner.py:61: DeprecationWarning: This process (pid=2618) is multi-threaded, use of fork() may lead to deadlocks in the child.
  pid = os.fork()

[2024-06-05T00:59:49.632+0000] {standard_task_runner.py:63} INFO - Started process 2637 to run task
[2024-06-05T00:59:49.631+0000] {standard_task_runner.py:90} INFO - Running: ['***', 'tasks', 'run', 'dados_climaticos_estruturados', 'criar_pasta', 'scheduled__2024-05-30T07:40:00+00:00', '--job-id', '1214', '--raw', '--subdir', 'DAGS_FOLDER/weather/custom_dags/dados_climaticos_estruturados.py', '--cfg-path', '/tmp/tmp59u3ejx8']
[2024-06-05T00:59:49.635+0000] {standard_task_runner.py:91} INFO - Job 1214: Subtask criar_pasta
[2024-06-05T00:59:49.727+0000] {task_command.py:426} INFO - Running <TaskInstance: dados_climaticos_estruturados.criar_pasta scheduled__2024-05-30T07:40:00+00:00 [running]> on host 6665b0710315
[2024-06-05T00:59:49.874+0000] {taskinstance.py:2648} INFO - Exporting env vars: AIRFLOW_CTX_DAG_OWNER='***' AIRFLOW_CTX_DAG_ID='dados_climaticos_estruturados' AIRFLOW_CTX_TASK_ID='criar_pasta' AIRFLOW_CTX_EXECUTION_DATE='2024-05-30T07:40:00+00:00' AIRFLOW_CTX_TRY_NUMBER='1' AIRFLOW_CTX_DAG_RUN_ID='scheduled__2024-05-30T07:40:00+00:00'
[2024-06-05T00:59:49.876+0000] {taskinstance.py:430} INFO - ::endgroup::
[2024-06-05T00:59:49.878+0000] {python.py:237} INFO - Done. Returned value was: None
[2024-06-05T00:59:49.879+0000] {taskinstance.py:441} INFO - ::group::Post task execution logs
[2024-06-05T00:59:49.894+0000] {taskinstance.py:1206} INFO - Marking task as SUCCESS. dag_id=dados_climaticos_estruturados, task_id=criar_pasta, run_id=scheduled__2024-05-30T07:40:00+00:00, execution_date=20240530T074000, start_date=20240605T005949, end_date=20240605T005949
[2024-06-05T00:59:49.942+0000] {local_task_job_runner.py:240} INFO - Task exited with return code 0
[2024-06-05T00:59:49.983+0000] {taskinstance.py:3498} INFO - 1 downstream tasks scheduled from follow-on schedule check
[2024-06-05T00:59:49.986+0000] {local_task_job_runner.py:222} INFO - ::endgroup::
[2024-06-05T01:39:37.313+0000] {local_task_job_runner.py:120} INFO - ::group::Pre task execution logs
[2024-06-05T01:39:37.356+0000] {taskinstance.py:2076} INFO - Dependencies all met for dep_context=non-requeueable deps ti=<TaskInstance: dados_climaticos_estruturados.criar_pasta scheduled__2024-05-30T07:40:00+00:00 [queued]>
[2024-06-05T01:39:37.374+0000] {taskinstance.py:2076} INFO - Dependencies all met for dep_context=requeueable deps ti=<TaskInstance: dados_climaticos_estruturados.criar_pasta scheduled__2024-05-30T07:40:00+00:00 [queued]>
[2024-06-05T01:39:37.375+0000] {taskinstance.py:2306} INFO - Starting attempt 1 of 1
[2024-06-05T01:39:37.406+0000] {taskinstance.py:2330} INFO - Executing <Task(PythonOperator): criar_pasta> on 2024-05-30 07:40:00+00:00
[2024-06-05T01:39:37.427+0000] {standard_task_runner.py:90} INFO - Running: ['***', 'tasks', 'run', 'dados_climaticos_estruturados', 'criar_pasta', 'scheduled__2024-05-30T07:40:00+00:00', '--job-id', '823', '--raw', '--subdir', 'DAGS_FOLDER/weather/custom_dags/dados_climaticos_estruturados.py', '--cfg-path', '/tmp/tmpqu2rnqgn']
[2024-06-05T01:39:37.423+0000] {warnings.py:110} WARNING - /home/***/.local/lib/python3.12/site-packages/***/task/task_runner/standard_task_runner.py:61: DeprecationWarning: This process (pid=2595) is multi-threaded, use of fork() may lead to deadlocks in the child.
  pid = os.fork()

[2024-06-05T01:39:37.433+0000] {standard_task_runner.py:63} INFO - Started process 2616 to run task
[2024-06-05T01:39:37.429+0000] {standard_task_runner.py:91} INFO - Job 823: Subtask criar_pasta
[2024-06-05T01:39:37.547+0000] {task_command.py:426} INFO - Running <TaskInstance: dados_climaticos_estruturados.criar_pasta scheduled__2024-05-30T07:40:00+00:00 [running]> on host 80232deae70a
[2024-06-05T01:39:37.733+0000] {taskinstance.py:2648} INFO - Exporting env vars: AIRFLOW_CTX_DAG_OWNER='***' AIRFLOW_CTX_DAG_ID='dados_climaticos_estruturados' AIRFLOW_CTX_TASK_ID='criar_pasta' AIRFLOW_CTX_EXECUTION_DATE='2024-05-30T07:40:00+00:00' AIRFLOW_CTX_TRY_NUMBER='1' AIRFLOW_CTX_DAG_RUN_ID='scheduled__2024-05-30T07:40:00+00:00'
[2024-06-05T01:39:37.738+0000] {taskinstance.py:430} INFO - ::endgroup::
[2024-06-05T01:39:37.741+0000] {python.py:237} INFO - Done. Returned value was: None
[2024-06-05T01:39:37.742+0000] {taskinstance.py:441} INFO - ::group::Post task execution logs
[2024-06-05T01:39:37.767+0000] {taskinstance.py:1206} INFO - Marking task as SUCCESS. dag_id=dados_climaticos_estruturados, task_id=criar_pasta, run_id=scheduled__2024-05-30T07:40:00+00:00, execution_date=20240530T074000, start_date=20240605T013937, end_date=20240605T013937
[2024-06-05T01:39:37.842+0000] {local_task_job_runner.py:240} INFO - Task exited with return code 0
[2024-06-05T01:39:37.892+0000] {taskinstance.py:3498} INFO - 1 downstream tasks scheduled from follow-on schedule check
[2024-06-05T01:39:37.902+0000] {local_task_job_runner.py:222} INFO - ::endgroup::
