[2024-06-05T01:07:11.652+0000] {local_task_job_runner.py:120} INFO - ::group::Pre task execution logs
[2024-06-05T01:07:11.716+0000] {taskinstance.py:2076} INFO - Dependencies all met for dep_context=non-requeueable deps ti=<TaskInstance: dados_climaticos_estruturados.criar_pasta scheduled__2024-05-31T18:40:00+00:00 [queued]>
[2024-06-05T01:07:11.735+0000] {taskinstance.py:2076} INFO - Dependencies all met for dep_context=requeueable deps ti=<TaskInstance: dados_climaticos_estruturados.criar_pasta scheduled__2024-05-31T18:40:00+00:00 [queued]>
[2024-06-05T01:07:11.736+0000] {taskinstance.py:2306} INFO - Starting attempt 1 of 1
[2024-06-05T01:07:11.771+0000] {taskinstance.py:2330} INFO - Executing <Task(PythonOperator): criar_pasta> on 2024-05-31 18:40:00+00:00
[2024-06-05T01:07:11.799+0000] {warnings.py:110} WARNING - /home/***/.local/lib/python3.12/site-packages/***/task/task_runner/standard_task_runner.py:61: DeprecationWarning: This process (pid=5206) is multi-threaded, use of fork() may lead to deadlocks in the child.
  pid = os.fork()

[2024-06-05T01:07:11.803+0000] {standard_task_runner.py:63} INFO - Started process 5230 to run task
[2024-06-05T01:07:11.807+0000] {standard_task_runner.py:90} INFO - Running: ['***', 'tasks', 'run', 'dados_climaticos_estruturados', 'criar_pasta', 'scheduled__2024-05-31T18:40:00+00:00', '--job-id', '2047', '--raw', '--subdir', 'DAGS_FOLDER/weather/custom_dags/dados_climaticos_estruturados.py', '--cfg-path', '/tmp/tmp7wis811f']
[2024-06-05T01:07:11.811+0000] {standard_task_runner.py:91} INFO - Job 2047: Subtask criar_pasta
[2024-06-05T01:07:11.916+0000] {task_command.py:426} INFO - Running <TaskInstance: dados_climaticos_estruturados.criar_pasta scheduled__2024-05-31T18:40:00+00:00 [running]> on host 6665b0710315
[2024-06-05T01:07:12.113+0000] {taskinstance.py:2648} INFO - Exporting env vars: AIRFLOW_CTX_DAG_OWNER='***' AIRFLOW_CTX_DAG_ID='dados_climaticos_estruturados' AIRFLOW_CTX_TASK_ID='criar_pasta' AIRFLOW_CTX_EXECUTION_DATE='2024-05-31T18:40:00+00:00' AIRFLOW_CTX_TRY_NUMBER='1' AIRFLOW_CTX_DAG_RUN_ID='scheduled__2024-05-31T18:40:00+00:00'
[2024-06-05T01:07:12.115+0000] {taskinstance.py:430} INFO - ::endgroup::
[2024-06-05T01:07:12.117+0000] {python.py:237} INFO - Done. Returned value was: None
[2024-06-05T01:07:12.118+0000] {taskinstance.py:441} INFO - ::group::Post task execution logs
[2024-06-05T01:07:12.135+0000] {taskinstance.py:1206} INFO - Marking task as SUCCESS. dag_id=dados_climaticos_estruturados, task_id=criar_pasta, run_id=scheduled__2024-05-31T18:40:00+00:00, execution_date=20240531T184000, start_date=20240605T010711, end_date=20240605T010712
[2024-06-05T01:07:12.198+0000] {local_task_job_runner.py:240} INFO - Task exited with return code 0
[2024-06-05T01:07:12.232+0000] {taskinstance.py:3498} INFO - 1 downstream tasks scheduled from follow-on schedule check
[2024-06-05T01:07:12.237+0000] {local_task_job_runner.py:222} INFO - ::endgroup::
[2024-06-05T01:46:29.294+0000] {local_task_job_runner.py:120} INFO - ::group::Pre task execution logs
[2024-06-05T01:46:29.365+0000] {taskinstance.py:2076} INFO - Dependencies all met for dep_context=non-requeueable deps ti=<TaskInstance: dados_climaticos_estruturados.criar_pasta scheduled__2024-05-31T18:40:00+00:00 [queued]>
[2024-06-05T01:46:29.382+0000] {taskinstance.py:2076} INFO - Dependencies all met for dep_context=requeueable deps ti=<TaskInstance: dados_climaticos_estruturados.criar_pasta scheduled__2024-05-31T18:40:00+00:00 [queued]>
[2024-06-05T01:46:29.383+0000] {taskinstance.py:2306} INFO - Starting attempt 1 of 1
[2024-06-05T01:46:29.458+0000] {taskinstance.py:2330} INFO - Executing <Task(PythonOperator): criar_pasta> on 2024-05-31 18:40:00+00:00
[2024-06-05T01:46:29.484+0000] {warnings.py:110} WARNING - /home/***/.local/lib/python3.12/site-packages/***/task/task_runner/standard_task_runner.py:61: DeprecationWarning: This process (pid=5183) is multi-threaded, use of fork() may lead to deadlocks in the child.
  pid = os.fork()

[2024-06-05T01:46:29.487+0000] {standard_task_runner.py:63} INFO - Started process 5217 to run task
[2024-06-05T01:46:29.497+0000] {standard_task_runner.py:90} INFO - Running: ['***', 'tasks', 'run', 'dados_climaticos_estruturados', 'criar_pasta', 'scheduled__2024-05-31T18:40:00+00:00', '--job-id', '1658', '--raw', '--subdir', 'DAGS_FOLDER/weather/custom_dags/dados_climaticos_estruturados.py', '--cfg-path', '/tmp/tmp9jxw75l5']
[2024-06-05T01:46:29.499+0000] {standard_task_runner.py:91} INFO - Job 1658: Subtask criar_pasta
[2024-06-05T01:46:29.640+0000] {task_command.py:426} INFO - Running <TaskInstance: dados_climaticos_estruturados.criar_pasta scheduled__2024-05-31T18:40:00+00:00 [running]> on host 80232deae70a
[2024-06-05T01:46:29.914+0000] {taskinstance.py:2648} INFO - Exporting env vars: AIRFLOW_CTX_DAG_OWNER='***' AIRFLOW_CTX_DAG_ID='dados_climaticos_estruturados' AIRFLOW_CTX_TASK_ID='criar_pasta' AIRFLOW_CTX_EXECUTION_DATE='2024-05-31T18:40:00+00:00' AIRFLOW_CTX_TRY_NUMBER='1' AIRFLOW_CTX_DAG_RUN_ID='scheduled__2024-05-31T18:40:00+00:00'
[2024-06-05T01:46:29.920+0000] {taskinstance.py:430} INFO - ::endgroup::
[2024-06-05T01:46:29.924+0000] {python.py:237} INFO - Done. Returned value was: None
[2024-06-05T01:46:29.926+0000] {taskinstance.py:441} INFO - ::group::Post task execution logs
[2024-06-05T01:46:29.951+0000] {taskinstance.py:1206} INFO - Marking task as SUCCESS. dag_id=dados_climaticos_estruturados, task_id=criar_pasta, run_id=scheduled__2024-05-31T18:40:00+00:00, execution_date=20240531T184000, start_date=20240605T014629, end_date=20240605T014629
[2024-06-05T01:46:30.013+0000] {local_task_job_runner.py:240} INFO - Task exited with return code 0
[2024-06-05T01:46:30.043+0000] {local_task_job_runner.py:222} INFO - ::endgroup::
