[2024-06-05T01:03:43.418+0000] {local_task_job_runner.py:120} INFO - ::group::Pre task execution logs
[2024-06-05T01:03:43.461+0000] {taskinstance.py:2076} INFO - Dependencies all met for dep_context=non-requeueable deps ti=<TaskInstance: dados_climaticos_estruturados.criar_pasta scheduled__2024-05-31T03:00:00+00:00 [queued]>
[2024-06-05T01:03:43.475+0000] {taskinstance.py:2076} INFO - Dependencies all met for dep_context=requeueable deps ti=<TaskInstance: dados_climaticos_estruturados.criar_pasta scheduled__2024-05-31T03:00:00+00:00 [queued]>
[2024-06-05T01:03:43.476+0000] {taskinstance.py:2306} INFO - Starting attempt 1 of 1
[2024-06-05T01:03:43.503+0000] {taskinstance.py:2330} INFO - Executing <Task(PythonOperator): criar_pasta> on 2024-05-31 03:00:00+00:00
[2024-06-05T01:03:43.547+0000] {standard_task_runner.py:90} INFO - Running: ['***', 'tasks', 'run', 'dados_climaticos_estruturados', 'criar_pasta', 'scheduled__2024-05-31T03:00:00+00:00', '--job-id', '1672', '--raw', '--subdir', 'DAGS_FOLDER/weather/custom_dags/dados_climaticos_estruturados.py', '--cfg-path', '/tmp/tmpyz7hi7ec']
[2024-06-05T01:03:43.550+0000] {standard_task_runner.py:91} INFO - Job 1672: Subtask criar_pasta
[2024-06-05T01:03:43.535+0000] {warnings.py:110} WARNING - /home/***/.local/lib/python3.12/site-packages/***/task/task_runner/standard_task_runner.py:61: DeprecationWarning: This process (pid=4031) is multi-threaded, use of fork() may lead to deadlocks in the child.
  pid = os.fork()

[2024-06-05T01:03:43.563+0000] {standard_task_runner.py:63} INFO - Started process 4056 to run task
[2024-06-05T01:03:43.669+0000] {task_command.py:426} INFO - Running <TaskInstance: dados_climaticos_estruturados.criar_pasta scheduled__2024-05-31T03:00:00+00:00 [running]> on host 6665b0710315
[2024-06-05T01:03:43.910+0000] {taskinstance.py:2648} INFO - Exporting env vars: AIRFLOW_CTX_DAG_OWNER='***' AIRFLOW_CTX_DAG_ID='dados_climaticos_estruturados' AIRFLOW_CTX_TASK_ID='criar_pasta' AIRFLOW_CTX_EXECUTION_DATE='2024-05-31T03:00:00+00:00' AIRFLOW_CTX_TRY_NUMBER='1' AIRFLOW_CTX_DAG_RUN_ID='scheduled__2024-05-31T03:00:00+00:00'
[2024-06-05T01:03:43.912+0000] {taskinstance.py:430} INFO - ::endgroup::
[2024-06-05T01:03:43.917+0000] {python.py:237} INFO - Done. Returned value was: None
[2024-06-05T01:03:43.918+0000] {taskinstance.py:441} INFO - ::group::Post task execution logs
[2024-06-05T01:03:43.938+0000] {taskinstance.py:1206} INFO - Marking task as SUCCESS. dag_id=dados_climaticos_estruturados, task_id=criar_pasta, run_id=scheduled__2024-05-31T03:00:00+00:00, execution_date=20240531T030000, start_date=20240605T010343, end_date=20240605T010343
[2024-06-05T01:03:44.000+0000] {local_task_job_runner.py:240} INFO - Task exited with return code 0
[2024-06-05T01:03:44.037+0000] {taskinstance.py:3498} INFO - 1 downstream tasks scheduled from follow-on schedule check
[2024-06-05T01:03:44.046+0000] {local_task_job_runner.py:222} INFO - ::endgroup::
[2024-06-05T01:43:15.902+0000] {local_task_job_runner.py:120} INFO - ::group::Pre task execution logs
[2024-06-05T01:43:15.944+0000] {taskinstance.py:2076} INFO - Dependencies all met for dep_context=non-requeueable deps ti=<TaskInstance: dados_climaticos_estruturados.criar_pasta scheduled__2024-05-31T03:00:00+00:00 [queued]>
[2024-06-05T01:43:15.959+0000] {taskinstance.py:2076} INFO - Dependencies all met for dep_context=requeueable deps ti=<TaskInstance: dados_climaticos_estruturados.criar_pasta scheduled__2024-05-31T03:00:00+00:00 [queued]>
[2024-06-05T01:43:15.960+0000] {taskinstance.py:2306} INFO - Starting attempt 1 of 1
[2024-06-05T01:43:15.989+0000] {taskinstance.py:2330} INFO - Executing <Task(PythonOperator): criar_pasta> on 2024-05-31 03:00:00+00:00
[2024-06-05T01:43:16.004+0000] {warnings.py:110} WARNING - /home/***/.local/lib/python3.12/site-packages/***/task/task_runner/standard_task_runner.py:61: DeprecationWarning: This process (pid=4047) is multi-threaded, use of fork() may lead to deadlocks in the child.
  pid = os.fork()

[2024-06-05T01:43:16.007+0000] {standard_task_runner.py:63} INFO - Started process 4064 to run task
[2024-06-05T01:43:16.008+0000] {standard_task_runner.py:90} INFO - Running: ['***', 'tasks', 'run', 'dados_climaticos_estruturados', 'criar_pasta', 'scheduled__2024-05-31T03:00:00+00:00', '--job-id', '1290', '--raw', '--subdir', 'DAGS_FOLDER/weather/custom_dags/dados_climaticos_estruturados.py', '--cfg-path', '/tmp/tmp5y0he4g8']
[2024-06-05T01:43:16.011+0000] {standard_task_runner.py:91} INFO - Job 1290: Subtask criar_pasta
[2024-06-05T01:43:16.094+0000] {task_command.py:426} INFO - Running <TaskInstance: dados_climaticos_estruturados.criar_pasta scheduled__2024-05-31T03:00:00+00:00 [running]> on host 80232deae70a
[2024-06-05T01:43:16.268+0000] {taskinstance.py:2648} INFO - Exporting env vars: AIRFLOW_CTX_DAG_OWNER='***' AIRFLOW_CTX_DAG_ID='dados_climaticos_estruturados' AIRFLOW_CTX_TASK_ID='criar_pasta' AIRFLOW_CTX_EXECUTION_DATE='2024-05-31T03:00:00+00:00' AIRFLOW_CTX_TRY_NUMBER='1' AIRFLOW_CTX_DAG_RUN_ID='scheduled__2024-05-31T03:00:00+00:00'
[2024-06-05T01:43:16.270+0000] {taskinstance.py:430} INFO - ::endgroup::
[2024-06-05T01:43:16.272+0000] {python.py:237} INFO - Done. Returned value was: None
[2024-06-05T01:43:16.273+0000] {taskinstance.py:441} INFO - ::group::Post task execution logs
[2024-06-05T01:43:16.289+0000] {taskinstance.py:1206} INFO - Marking task as SUCCESS. dag_id=dados_climaticos_estruturados, task_id=criar_pasta, run_id=scheduled__2024-05-31T03:00:00+00:00, execution_date=20240531T030000, start_date=20240605T014315, end_date=20240605T014316
[2024-06-05T01:43:16.358+0000] {local_task_job_runner.py:240} INFO - Task exited with return code 0
[2024-06-05T01:43:16.372+0000] {local_task_job_runner.py:222} INFO - ::endgroup::
