[2024-06-05T01:00:50.369+0000] {local_task_job_runner.py:120} INFO - ::group::Pre task execution logs
[2024-06-05T01:00:50.412+0000] {taskinstance.py:2076} INFO - Dependencies all met for dep_context=non-requeueable deps ti=<TaskInstance: dados_climaticos_estruturados.criar_pasta scheduled__2024-05-30T12:45:00+00:00 [queued]>
[2024-06-05T01:00:50.447+0000] {taskinstance.py:2076} INFO - Dependencies all met for dep_context=requeueable deps ti=<TaskInstance: dados_climaticos_estruturados.criar_pasta scheduled__2024-05-30T12:45:00+00:00 [queued]>
[2024-06-05T01:00:50.452+0000] {taskinstance.py:2306} INFO - Starting attempt 1 of 1
[2024-06-05T01:00:50.524+0000] {taskinstance.py:2330} INFO - Executing <Task(PythonOperator): criar_pasta> on 2024-05-30 12:45:00+00:00
[2024-06-05T01:00:50.543+0000] {warnings.py:110} WARNING - /home/***/.local/lib/python3.12/site-packages/***/task/task_runner/standard_task_runner.py:61: DeprecationWarning: This process (pid=2988) is multi-threaded, use of fork() may lead to deadlocks in the child.
  pid = os.fork()

[2024-06-05T01:00:50.547+0000] {standard_task_runner.py:63} INFO - Started process 3010 to run task
[2024-06-05T01:00:50.550+0000] {standard_task_runner.py:90} INFO - Running: ['***', 'tasks', 'run', 'dados_climaticos_estruturados', 'criar_pasta', 'scheduled__2024-05-30T12:45:00+00:00', '--job-id', '1333', '--raw', '--subdir', 'DAGS_FOLDER/weather/custom_dags/dados_climaticos_estruturados.py', '--cfg-path', '/tmp/tmpo57g7dzz']
[2024-06-05T01:00:50.555+0000] {standard_task_runner.py:91} INFO - Job 1333: Subtask criar_pasta
[2024-06-05T01:00:50.748+0000] {task_command.py:426} INFO - Running <TaskInstance: dados_climaticos_estruturados.criar_pasta scheduled__2024-05-30T12:45:00+00:00 [running]> on host 6665b0710315
[2024-06-05T01:00:50.962+0000] {taskinstance.py:2648} INFO - Exporting env vars: AIRFLOW_CTX_DAG_OWNER='***' AIRFLOW_CTX_DAG_ID='dados_climaticos_estruturados' AIRFLOW_CTX_TASK_ID='criar_pasta' AIRFLOW_CTX_EXECUTION_DATE='2024-05-30T12:45:00+00:00' AIRFLOW_CTX_TRY_NUMBER='1' AIRFLOW_CTX_DAG_RUN_ID='scheduled__2024-05-30T12:45:00+00:00'
[2024-06-05T01:00:50.967+0000] {taskinstance.py:430} INFO - ::endgroup::
[2024-06-05T01:00:50.974+0000] {python.py:237} INFO - Done. Returned value was: None
[2024-06-05T01:00:50.975+0000] {taskinstance.py:441} INFO - ::group::Post task execution logs
[2024-06-05T01:00:51.001+0000] {taskinstance.py:1206} INFO - Marking task as SUCCESS. dag_id=dados_climaticos_estruturados, task_id=criar_pasta, run_id=scheduled__2024-05-30T12:45:00+00:00, execution_date=20240530T124500, start_date=20240605T010050, end_date=20240605T010051
[2024-06-05T01:00:51.064+0000] {local_task_job_runner.py:240} INFO - Task exited with return code 0
[2024-06-05T01:00:51.130+0000] {taskinstance.py:3498} INFO - 1 downstream tasks scheduled from follow-on schedule check
[2024-06-05T01:00:51.148+0000] {local_task_job_runner.py:222} INFO - ::endgroup::
[2024-06-05T01:40:31.521+0000] {local_task_job_runner.py:120} INFO - ::group::Pre task execution logs
[2024-06-05T01:40:31.634+0000] {taskinstance.py:2076} INFO - Dependencies all met for dep_context=non-requeueable deps ti=<TaskInstance: dados_climaticos_estruturados.criar_pasta scheduled__2024-05-30T12:45:00+00:00 [queued]>
[2024-06-05T01:40:31.667+0000] {taskinstance.py:2076} INFO - Dependencies all met for dep_context=requeueable deps ti=<TaskInstance: dados_climaticos_estruturados.criar_pasta scheduled__2024-05-30T12:45:00+00:00 [queued]>
[2024-06-05T01:40:31.670+0000] {taskinstance.py:2306} INFO - Starting attempt 1 of 1
[2024-06-05T01:40:31.723+0000] {taskinstance.py:2330} INFO - Executing <Task(PythonOperator): criar_pasta> on 2024-05-30 12:45:00+00:00
[2024-06-05T01:40:31.751+0000] {warnings.py:110} WARNING - /home/***/.local/lib/python3.12/site-packages/***/task/task_runner/standard_task_runner.py:61: DeprecationWarning: This process (pid=2958) is multi-threaded, use of fork() may lead to deadlocks in the child.
  pid = os.fork()

[2024-06-05T01:40:31.754+0000] {standard_task_runner.py:63} INFO - Started process 2987 to run task
[2024-06-05T01:40:31.778+0000] {standard_task_runner.py:90} INFO - Running: ['***', 'tasks', 'run', 'dados_climaticos_estruturados', 'criar_pasta', 'scheduled__2024-05-30T12:45:00+00:00', '--job-id', '940', '--raw', '--subdir', 'DAGS_FOLDER/weather/custom_dags/dados_climaticos_estruturados.py', '--cfg-path', '/tmp/tmphm5chcpz']
[2024-06-05T01:40:31.787+0000] {standard_task_runner.py:91} INFO - Job 940: Subtask criar_pasta
[2024-06-05T01:40:31.950+0000] {task_command.py:426} INFO - Running <TaskInstance: dados_climaticos_estruturados.criar_pasta scheduled__2024-05-30T12:45:00+00:00 [running]> on host 80232deae70a
[2024-06-05T01:40:32.284+0000] {taskinstance.py:2648} INFO - Exporting env vars: AIRFLOW_CTX_DAG_OWNER='***' AIRFLOW_CTX_DAG_ID='dados_climaticos_estruturados' AIRFLOW_CTX_TASK_ID='criar_pasta' AIRFLOW_CTX_EXECUTION_DATE='2024-05-30T12:45:00+00:00' AIRFLOW_CTX_TRY_NUMBER='1' AIRFLOW_CTX_DAG_RUN_ID='scheduled__2024-05-30T12:45:00+00:00'
[2024-06-05T01:40:32.288+0000] {taskinstance.py:430} INFO - ::endgroup::
[2024-06-05T01:40:32.293+0000] {python.py:237} INFO - Done. Returned value was: None
[2024-06-05T01:40:32.296+0000] {taskinstance.py:441} INFO - ::group::Post task execution logs
[2024-06-05T01:40:32.315+0000] {taskinstance.py:1206} INFO - Marking task as SUCCESS. dag_id=dados_climaticos_estruturados, task_id=criar_pasta, run_id=scheduled__2024-05-30T12:45:00+00:00, execution_date=20240530T124500, start_date=20240605T014031, end_date=20240605T014032
[2024-06-05T01:40:32.404+0000] {local_task_job_runner.py:240} INFO - Task exited with return code 0
[2024-06-05T01:40:32.465+0000] {taskinstance.py:3498} INFO - 1 downstream tasks scheduled from follow-on schedule check
[2024-06-05T01:40:32.468+0000] {local_task_job_runner.py:222} INFO - ::endgroup::
