[2024-06-05T00:58:28.909+0000] {local_task_job_runner.py:120} INFO - ::group::Pre task execution logs
[2024-06-05T00:58:28.944+0000] {taskinstance.py:2076} INFO - Dependencies all met for dep_context=non-requeueable deps ti=<TaskInstance: dados_climaticos_estruturados.criar_pasta scheduled__2024-05-30T01:40:00+00:00 [queued]>
[2024-06-05T00:58:28.962+0000] {taskinstance.py:2076} INFO - Dependencies all met for dep_context=requeueable deps ti=<TaskInstance: dados_climaticos_estruturados.criar_pasta scheduled__2024-05-30T01:40:00+00:00 [queued]>
[2024-06-05T00:58:28.963+0000] {taskinstance.py:2306} INFO - Starting attempt 1 of 1
[2024-06-05T00:58:28.990+0000] {taskinstance.py:2330} INFO - Executing <Task(PythonOperator): criar_pasta> on 2024-05-30 01:40:00+00:00
[2024-06-05T00:58:29.002+0000] {warnings.py:110} WARNING - /home/***/.local/lib/python3.12/site-packages/***/task/task_runner/standard_task_runner.py:61: DeprecationWarning: This process (pid=2135) is multi-threaded, use of fork() may lead to deadlocks in the child.
  pid = os.fork()

[2024-06-05T00:58:29.005+0000] {standard_task_runner.py:63} INFO - Started process 2163 to run task
[2024-06-05T00:58:29.007+0000] {standard_task_runner.py:90} INFO - Running: ['***', 'tasks', 'run', 'dados_climaticos_estruturados', 'criar_pasta', 'scheduled__2024-05-30T01:40:00+00:00', '--job-id', '1062', '--raw', '--subdir', 'DAGS_FOLDER/weather/custom_dags/dados_climaticos_estruturados.py', '--cfg-path', '/tmp/tmpujhjwgli']
[2024-06-05T00:58:29.009+0000] {standard_task_runner.py:91} INFO - Job 1062: Subtask criar_pasta
[2024-06-05T00:58:29.100+0000] {task_command.py:426} INFO - Running <TaskInstance: dados_climaticos_estruturados.criar_pasta scheduled__2024-05-30T01:40:00+00:00 [running]> on host 6665b0710315
[2024-06-05T00:58:29.258+0000] {taskinstance.py:2648} INFO - Exporting env vars: AIRFLOW_CTX_DAG_OWNER='***' AIRFLOW_CTX_DAG_ID='dados_climaticos_estruturados' AIRFLOW_CTX_TASK_ID='criar_pasta' AIRFLOW_CTX_EXECUTION_DATE='2024-05-30T01:40:00+00:00' AIRFLOW_CTX_TRY_NUMBER='1' AIRFLOW_CTX_DAG_RUN_ID='scheduled__2024-05-30T01:40:00+00:00'
[2024-06-05T00:58:29.262+0000] {taskinstance.py:430} INFO - ::endgroup::
[2024-06-05T00:58:29.267+0000] {python.py:237} INFO - Done. Returned value was: None
[2024-06-05T00:58:29.269+0000] {taskinstance.py:441} INFO - ::group::Post task execution logs
[2024-06-05T00:58:29.287+0000] {taskinstance.py:1206} INFO - Marking task as SUCCESS. dag_id=dados_climaticos_estruturados, task_id=criar_pasta, run_id=scheduled__2024-05-30T01:40:00+00:00, execution_date=20240530T014000, start_date=20240605T005828, end_date=20240605T005829
[2024-06-05T00:58:29.321+0000] {local_task_job_runner.py:240} INFO - Task exited with return code 0
[2024-06-05T00:58:29.334+0000] {local_task_job_runner.py:222} INFO - ::endgroup::
[2024-06-05T01:38:26.881+0000] {local_task_job_runner.py:120} INFO - ::group::Pre task execution logs
[2024-06-05T01:38:26.939+0000] {taskinstance.py:2076} INFO - Dependencies all met for dep_context=non-requeueable deps ti=<TaskInstance: dados_climaticos_estruturados.criar_pasta scheduled__2024-05-30T01:40:00+00:00 [queued]>
[2024-06-05T01:38:26.966+0000] {taskinstance.py:2076} INFO - Dependencies all met for dep_context=requeueable deps ti=<TaskInstance: dados_climaticos_estruturados.criar_pasta scheduled__2024-05-30T01:40:00+00:00 [queued]>
[2024-06-05T01:38:26.967+0000] {taskinstance.py:2306} INFO - Starting attempt 1 of 1
[2024-06-05T01:38:27.005+0000] {taskinstance.py:2330} INFO - Executing <Task(PythonOperator): criar_pasta> on 2024-05-30 01:40:00+00:00
[2024-06-05T01:38:27.025+0000] {warnings.py:110} WARNING - /home/***/.local/lib/python3.12/site-packages/***/task/task_runner/standard_task_runner.py:61: DeprecationWarning: This process (pid=2134) is multi-threaded, use of fork() may lead to deadlocks in the child.
  pid = os.fork()

[2024-06-05T01:38:27.026+0000] {standard_task_runner.py:90} INFO - Running: ['***', 'tasks', 'run', 'dados_climaticos_estruturados', 'criar_pasta', 'scheduled__2024-05-30T01:40:00+00:00', '--job-id', '676', '--raw', '--subdir', 'DAGS_FOLDER/weather/custom_dags/dados_climaticos_estruturados.py', '--cfg-path', '/tmp/tmpujp8luu2']
[2024-06-05T01:38:27.029+0000] {standard_task_runner.py:63} INFO - Started process 2167 to run task
[2024-06-05T01:38:27.032+0000] {standard_task_runner.py:91} INFO - Job 676: Subtask criar_pasta
[2024-06-05T01:38:27.143+0000] {task_command.py:426} INFO - Running <TaskInstance: dados_climaticos_estruturados.criar_pasta scheduled__2024-05-30T01:40:00+00:00 [running]> on host 80232deae70a
[2024-06-05T01:38:27.497+0000] {taskinstance.py:2648} INFO - Exporting env vars: AIRFLOW_CTX_DAG_OWNER='***' AIRFLOW_CTX_DAG_ID='dados_climaticos_estruturados' AIRFLOW_CTX_TASK_ID='criar_pasta' AIRFLOW_CTX_EXECUTION_DATE='2024-05-30T01:40:00+00:00' AIRFLOW_CTX_TRY_NUMBER='1' AIRFLOW_CTX_DAG_RUN_ID='scheduled__2024-05-30T01:40:00+00:00'
[2024-06-05T01:38:27.501+0000] {taskinstance.py:430} INFO - ::endgroup::
[2024-06-05T01:38:27.506+0000] {python.py:237} INFO - Done. Returned value was: None
[2024-06-05T01:38:27.507+0000] {taskinstance.py:441} INFO - ::group::Post task execution logs
[2024-06-05T01:38:27.534+0000] {taskinstance.py:1206} INFO - Marking task as SUCCESS. dag_id=dados_climaticos_estruturados, task_id=criar_pasta, run_id=scheduled__2024-05-30T01:40:00+00:00, execution_date=20240530T014000, start_date=20240605T013826, end_date=20240605T013827
[2024-06-05T01:38:27.597+0000] {local_task_job_runner.py:240} INFO - Task exited with return code 0
[2024-06-05T01:38:27.645+0000] {taskinstance.py:3498} INFO - 1 downstream tasks scheduled from follow-on schedule check
[2024-06-05T01:38:27.652+0000] {local_task_job_runner.py:222} INFO - ::endgroup::
