[2024-06-18T01:52:53.112+0000] {local_task_job_runner.py:120} INFO - ::group::Pre task execution logs
[2024-06-18T01:52:53.135+0000] {taskinstance.py:2076} INFO - Dependencies all met for dep_context=non-requeueable deps ti=<TaskInstance: dados_climaticos_estruturados.carregar_dados manual__2024-06-18T01:52:44.681803+00:00 [queued]>
[2024-06-18T01:52:53.143+0000] {taskinstance.py:2076} INFO - Dependencies all met for dep_context=requeueable deps ti=<TaskInstance: dados_climaticos_estruturados.carregar_dados manual__2024-06-18T01:52:44.681803+00:00 [queued]>
[2024-06-18T01:52:53.144+0000] {taskinstance.py:2306} INFO - Starting attempt 1 of 1
[2024-06-18T01:52:53.156+0000] {taskinstance.py:2330} INFO - Executing <Task(PythonOperator): carregar_dados> on 2024-06-18 01:52:44.681803+00:00
[2024-06-18T01:52:53.163+0000] {warnings.py:110} WARNING - /home/***/.local/lib/python3.12/site-packages/***/task/task_runner/standard_task_runner.py:61: DeprecationWarning: This process (pid=130) is multi-threaded, use of fork() may lead to deadlocks in the child.
  pid = os.fork()

[2024-06-18T01:52:53.164+0000] {standard_task_runner.py:63} INFO - Started process 132 to run task
[2024-06-18T01:52:53.165+0000] {standard_task_runner.py:90} INFO - Running: ['***', 'tasks', 'run', 'dados_climaticos_estruturados', 'carregar_dados', 'manual__2024-06-18T01:52:44.681803+00:00', '--job-id', '132', '--raw', '--subdir', 'DAGS_FOLDER/weather/custom_dags/dados_climaticos_estruturados.py', '--cfg-path', '/tmp/tmpj3qd6ay9']
[2024-06-18T01:52:53.166+0000] {standard_task_runner.py:91} INFO - Job 132: Subtask carregar_dados
[2024-06-18T01:52:53.207+0000] {task_command.py:426} INFO - Running <TaskInstance: dados_climaticos_estruturados.carregar_dados manual__2024-06-18T01:52:44.681803+00:00 [running]> on host ac7f04bf9f18
[2024-06-18T01:52:53.292+0000] {taskinstance.py:2648} INFO - Exporting env vars: AIRFLOW_CTX_DAG_OWNER='***' AIRFLOW_CTX_DAG_ID='dados_climaticos_estruturados' AIRFLOW_CTX_TASK_ID='carregar_dados' AIRFLOW_CTX_EXECUTION_DATE='2024-06-18T01:52:44.681803+00:00' AIRFLOW_CTX_TRY_NUMBER='1' AIRFLOW_CTX_DAG_RUN_ID='manual__2024-06-18T01:52:44.681803+00:00'
[2024-06-18T01:52:53.293+0000] {taskinstance.py:430} INFO - ::endgroup::
[2024-06-18T01:52:53.295+0000] {taskinstance.py:441} INFO - ::group::Post task execution logs
[2024-06-18T01:52:53.296+0000] {taskinstance.py:2905} ERROR - Task failed with exception
Traceback (most recent call last):
  File "/home/airflow/.local/lib/python3.12/site-packages/airflow/models/taskinstance.py", line 465, in _execute_task
    result = _execute_callable(context=context, **execute_callable_kwargs)
             ^^^^^^^^^^^^^^^^^^^^^^^^^^^^^^^^^^^^^^^^^^^^^^^^^^^^^^^^^^^^^
  File "/home/airflow/.local/lib/python3.12/site-packages/airflow/models/taskinstance.py", line 432, in _execute_callable
    return execute_callable(context=context, **execute_callable_kwargs)
           ^^^^^^^^^^^^^^^^^^^^^^^^^^^^^^^^^^^^^^^^^^^^^^^^^^^^^^^^^^^^
  File "/home/airflow/.local/lib/python3.12/site-packages/airflow/models/baseoperator.py", line 400, in wrapper
    return func(self, *args, **kwargs)
           ^^^^^^^^^^^^^^^^^^^^^^^^^^^
  File "/home/airflow/.local/lib/python3.12/site-packages/airflow/operators/python.py", line 235, in execute
    return_value = self.execute_callable()
                   ^^^^^^^^^^^^^^^^^^^^^^^
  File "/home/airflow/.local/lib/python3.12/site-packages/airflow/operators/python.py", line 252, in execute_callable
    return self.python_callable(*self.op_args, **self.op_kwargs)
           ^^^^^^^^^^^^^^^^^^^^^^^^^^^^^^^^^^^^^^^^^^^^^^^^^^^^^
TypeError: carregar_dados() missing 1 required positional argument: 'city'
[2024-06-18T01:52:53.304+0000] {taskinstance.py:1206} INFO - Marking task as FAILED. dag_id=dados_climaticos_estruturados, task_id=carregar_dados, run_id=manual__2024-06-18T01:52:44.681803+00:00, execution_date=20240618T015244, start_date=20240618T015253, end_date=20240618T015253
[2024-06-18T01:52:53.315+0000] {standard_task_runner.py:110} ERROR - Failed to execute job 132 for task carregar_dados (carregar_dados() missing 1 required positional argument: 'city'; 132)
[2024-06-18T01:52:53.346+0000] {local_task_job_runner.py:240} INFO - Task exited with return code 1
[2024-06-18T01:52:53.362+0000] {taskinstance.py:3498} INFO - 0 downstream tasks scheduled from follow-on schedule check
[2024-06-18T01:52:53.365+0000] {local_task_job_runner.py:222} INFO - ::endgroup::
