[2024-06-05T00:53:31.305+0000] {local_task_job_runner.py:120} INFO - ::group::Pre task execution logs
[2024-06-05T00:53:31.392+0000] {taskinstance.py:2076} INFO - Dependencies all met for dep_context=non-requeueable deps ti=<TaskInstance: dados_climaticos_estruturados.criar_pasta scheduled__2024-05-28T23:40:00+00:00 [queued]>
[2024-06-05T00:53:31.461+0000] {taskinstance.py:2076} INFO - Dependencies all met for dep_context=requeueable deps ti=<TaskInstance: dados_climaticos_estruturados.criar_pasta scheduled__2024-05-28T23:40:00+00:00 [queued]>
[2024-06-05T00:53:31.462+0000] {taskinstance.py:2306} INFO - Starting attempt 1 of 1
[2024-06-05T00:53:31.737+0000] {taskinstance.py:2330} INFO - Executing <Task(PythonOperator): criar_pasta> on 2024-05-28 23:40:00+00:00
[2024-06-05T00:53:31.801+0000] {warnings.py:110} WARNING - /home/***/.local/lib/python3.12/site-packages/***/task/task_runner/standard_task_runner.py:61: DeprecationWarning: This process (pid=196) is multi-threaded, use of fork() may lead to deadlocks in the child.
  pid = os.fork()

[2024-06-05T00:53:31.804+0000] {standard_task_runner.py:63} INFO - Started process 221 to run task
[2024-06-05T00:53:31.812+0000] {standard_task_runner.py:90} INFO - Running: ['***', 'tasks', 'run', 'dados_climaticos_estruturados', 'criar_pasta', 'scheduled__2024-05-28T23:40:00+00:00', '--job-id', '430', '--raw', '--subdir', 'DAGS_FOLDER/weather/custom_dags/dados_climaticos_estruturados.py', '--cfg-path', '/tmp/tmp9wo448fx']
[2024-06-05T00:53:31.816+0000] {standard_task_runner.py:91} INFO - Job 430: Subtask criar_pasta
[2024-06-05T00:53:32.103+0000] {task_command.py:426} INFO - Running <TaskInstance: dados_climaticos_estruturados.criar_pasta scheduled__2024-05-28T23:40:00+00:00 [running]> on host 6665b0710315
[2024-06-05T00:53:32.545+0000] {taskinstance.py:2648} INFO - Exporting env vars: AIRFLOW_CTX_DAG_OWNER='***' AIRFLOW_CTX_DAG_ID='dados_climaticos_estruturados' AIRFLOW_CTX_TASK_ID='criar_pasta' AIRFLOW_CTX_EXECUTION_DATE='2024-05-28T23:40:00+00:00' AIRFLOW_CTX_TRY_NUMBER='1' AIRFLOW_CTX_DAG_RUN_ID='scheduled__2024-05-28T23:40:00+00:00'
[2024-06-05T00:53:32.553+0000] {taskinstance.py:430} INFO - ::endgroup::
[2024-06-05T00:53:32.593+0000] {python.py:237} INFO - Done. Returned value was: None
[2024-06-05T00:53:32.606+0000] {taskinstance.py:441} INFO - ::group::Post task execution logs
[2024-06-05T00:53:32.668+0000] {taskinstance.py:1206} INFO - Marking task as SUCCESS. dag_id=dados_climaticos_estruturados, task_id=criar_pasta, run_id=scheduled__2024-05-28T23:40:00+00:00, execution_date=20240528T234000, start_date=20240605T005331, end_date=20240605T005332
[2024-06-05T00:53:32.845+0000] {local_task_job_runner.py:240} INFO - Task exited with return code 0
[2024-06-05T00:53:32.889+0000] {local_task_job_runner.py:222} INFO - ::endgroup::
[2024-06-05T01:33:15.892+0000] {local_task_job_runner.py:120} INFO - ::group::Pre task execution logs
[2024-06-05T01:33:15.932+0000] {taskinstance.py:2076} INFO - Dependencies all met for dep_context=non-requeueable deps ti=<TaskInstance: dados_climaticos_estruturados.criar_pasta scheduled__2024-05-28T23:40:00+00:00 [queued]>
[2024-06-05T01:33:15.960+0000] {taskinstance.py:2076} INFO - Dependencies all met for dep_context=requeueable deps ti=<TaskInstance: dados_climaticos_estruturados.criar_pasta scheduled__2024-05-28T23:40:00+00:00 [queued]>
[2024-06-05T01:33:15.968+0000] {taskinstance.py:2306} INFO - Starting attempt 1 of 1
[2024-06-05T01:33:16.044+0000] {taskinstance.py:2330} INFO - Executing <Task(PythonOperator): criar_pasta> on 2024-05-28 23:40:00+00:00
[2024-06-05T01:33:16.074+0000] {standard_task_runner.py:90} INFO - Running: ['***', 'tasks', 'run', 'dados_climaticos_estruturados', 'criar_pasta', 'scheduled__2024-05-28T23:40:00+00:00', '--job-id', '47', '--raw', '--subdir', 'DAGS_FOLDER/weather/custom_dags/dados_climaticos_estruturados.py', '--cfg-path', '/tmp/tmpr8_br18n']
[2024-06-05T01:33:16.077+0000] {standard_task_runner.py:91} INFO - Job 47: Subtask criar_pasta
[2024-06-05T01:33:16.070+0000] {warnings.py:110} WARNING - /home/***/.local/lib/python3.12/site-packages/***/task/task_runner/standard_task_runner.py:61: DeprecationWarning: This process (pid=194) is multi-threaded, use of fork() may lead to deadlocks in the child.
  pid = os.fork()

[2024-06-05T01:33:16.086+0000] {standard_task_runner.py:63} INFO - Started process 226 to run task
[2024-06-05T01:33:16.202+0000] {task_command.py:426} INFO - Running <TaskInstance: dados_climaticos_estruturados.criar_pasta scheduled__2024-05-28T23:40:00+00:00 [running]> on host 80232deae70a
[2024-06-05T01:33:16.581+0000] {taskinstance.py:2648} INFO - Exporting env vars: AIRFLOW_CTX_DAG_OWNER='***' AIRFLOW_CTX_DAG_ID='dados_climaticos_estruturados' AIRFLOW_CTX_TASK_ID='criar_pasta' AIRFLOW_CTX_EXECUTION_DATE='2024-05-28T23:40:00+00:00' AIRFLOW_CTX_TRY_NUMBER='1' AIRFLOW_CTX_DAG_RUN_ID='scheduled__2024-05-28T23:40:00+00:00'
[2024-06-05T01:33:16.590+0000] {taskinstance.py:430} INFO - ::endgroup::
[2024-06-05T01:33:16.598+0000] {python.py:237} INFO - Done. Returned value was: None
[2024-06-05T01:33:16.600+0000] {taskinstance.py:441} INFO - ::group::Post task execution logs
[2024-06-05T01:33:16.641+0000] {taskinstance.py:1206} INFO - Marking task as SUCCESS. dag_id=dados_climaticos_estruturados, task_id=criar_pasta, run_id=scheduled__2024-05-28T23:40:00+00:00, execution_date=20240528T234000, start_date=20240605T013315, end_date=20240605T013316
[2024-06-05T01:33:16.775+0000] {local_task_job_runner.py:240} INFO - Task exited with return code 0
[2024-06-05T01:33:16.856+0000] {taskinstance.py:3498} INFO - 1 downstream tasks scheduled from follow-on schedule check
[2024-06-05T01:33:16.866+0000] {local_task_job_runner.py:222} INFO - ::endgroup::
