[2024-06-05T01:06:38.684+0000] {local_task_job_runner.py:120} INFO - ::group::Pre task execution logs
[2024-06-05T01:06:38.711+0000] {taskinstance.py:2076} INFO - Dependencies all met for dep_context=non-requeueable deps ti=<TaskInstance: dados_climaticos_estruturados.criar_pasta scheduled__2024-05-31T16:05:00+00:00 [queued]>
[2024-06-05T01:06:38.724+0000] {taskinstance.py:2076} INFO - Dependencies all met for dep_context=requeueable deps ti=<TaskInstance: dados_climaticos_estruturados.criar_pasta scheduled__2024-05-31T16:05:00+00:00 [queued]>
[2024-06-05T01:06:38.725+0000] {taskinstance.py:2306} INFO - Starting attempt 1 of 1
[2024-06-05T01:06:38.749+0000] {taskinstance.py:2330} INFO - Executing <Task(PythonOperator): criar_pasta> on 2024-05-31 16:05:00+00:00
[2024-06-05T01:06:38.760+0000] {warnings.py:110} WARNING - /home/***/.local/lib/python3.12/site-packages/***/task/task_runner/standard_task_runner.py:61: DeprecationWarning: This process (pid=5016) is multi-threaded, use of fork() may lead to deadlocks in the child.
  pid = os.fork()

[2024-06-05T01:06:38.762+0000] {standard_task_runner.py:63} INFO - Started process 5039 to run task
[2024-06-05T01:06:38.763+0000] {standard_task_runner.py:90} INFO - Running: ['***', 'tasks', 'run', 'dados_climaticos_estruturados', 'criar_pasta', 'scheduled__2024-05-31T16:05:00+00:00', '--job-id', '1988', '--raw', '--subdir', 'DAGS_FOLDER/weather/custom_dags/dados_climaticos_estruturados.py', '--cfg-path', '/tmp/tmpjg5883eu']
[2024-06-05T01:06:38.765+0000] {standard_task_runner.py:91} INFO - Job 1988: Subtask criar_pasta
[2024-06-05T01:06:38.846+0000] {task_command.py:426} INFO - Running <TaskInstance: dados_climaticos_estruturados.criar_pasta scheduled__2024-05-31T16:05:00+00:00 [running]> on host 6665b0710315
[2024-06-05T01:06:38.996+0000] {taskinstance.py:2648} INFO - Exporting env vars: AIRFLOW_CTX_DAG_OWNER='***' AIRFLOW_CTX_DAG_ID='dados_climaticos_estruturados' AIRFLOW_CTX_TASK_ID='criar_pasta' AIRFLOW_CTX_EXECUTION_DATE='2024-05-31T16:05:00+00:00' AIRFLOW_CTX_TRY_NUMBER='1' AIRFLOW_CTX_DAG_RUN_ID='scheduled__2024-05-31T16:05:00+00:00'
[2024-06-05T01:06:38.998+0000] {taskinstance.py:430} INFO - ::endgroup::
[2024-06-05T01:06:39.000+0000] {python.py:237} INFO - Done. Returned value was: None
[2024-06-05T01:06:39.000+0000] {taskinstance.py:441} INFO - ::group::Post task execution logs
[2024-06-05T01:06:39.013+0000] {taskinstance.py:1206} INFO - Marking task as SUCCESS. dag_id=dados_climaticos_estruturados, task_id=criar_pasta, run_id=scheduled__2024-05-31T16:05:00+00:00, execution_date=20240531T160500, start_date=20240605T010638, end_date=20240605T010639
[2024-06-05T01:06:39.075+0000] {local_task_job_runner.py:240} INFO - Task exited with return code 0
[2024-06-05T01:06:39.108+0000] {taskinstance.py:3498} INFO - 1 downstream tasks scheduled from follow-on schedule check
[2024-06-05T01:06:39.111+0000] {local_task_job_runner.py:222} INFO - ::endgroup::
[2024-06-05T01:46:03.050+0000] {local_task_job_runner.py:120} INFO - ::group::Pre task execution logs
[2024-06-05T01:46:03.087+0000] {taskinstance.py:2076} INFO - Dependencies all met for dep_context=non-requeueable deps ti=<TaskInstance: dados_climaticos_estruturados.criar_pasta scheduled__2024-05-31T16:05:00+00:00 [queued]>
[2024-06-05T01:46:03.102+0000] {taskinstance.py:2076} INFO - Dependencies all met for dep_context=requeueable deps ti=<TaskInstance: dados_climaticos_estruturados.criar_pasta scheduled__2024-05-31T16:05:00+00:00 [queued]>
[2024-06-05T01:46:03.103+0000] {taskinstance.py:2306} INFO - Starting attempt 1 of 1
[2024-06-05T01:46:03.133+0000] {taskinstance.py:2330} INFO - Executing <Task(PythonOperator): criar_pasta> on 2024-05-31 16:05:00+00:00
[2024-06-05T01:46:03.145+0000] {warnings.py:110} WARNING - /home/***/.local/lib/python3.12/site-packages/***/task/task_runner/standard_task_runner.py:61: DeprecationWarning: This process (pid=5017) is multi-threaded, use of fork() may lead to deadlocks in the child.
  pid = os.fork()

[2024-06-05T01:46:03.148+0000] {standard_task_runner.py:63} INFO - Started process 5035 to run task
[2024-06-05T01:46:03.148+0000] {standard_task_runner.py:90} INFO - Running: ['***', 'tasks', 'run', 'dados_climaticos_estruturados', 'criar_pasta', 'scheduled__2024-05-31T16:05:00+00:00', '--job-id', '1603', '--raw', '--subdir', 'DAGS_FOLDER/weather/custom_dags/dados_climaticos_estruturados.py', '--cfg-path', '/tmp/tmp5bi7ol4e']
[2024-06-05T01:46:03.152+0000] {standard_task_runner.py:91} INFO - Job 1603: Subtask criar_pasta
[2024-06-05T01:46:03.257+0000] {task_command.py:426} INFO - Running <TaskInstance: dados_climaticos_estruturados.criar_pasta scheduled__2024-05-31T16:05:00+00:00 [running]> on host 80232deae70a
[2024-06-05T01:46:03.444+0000] {taskinstance.py:2648} INFO - Exporting env vars: AIRFLOW_CTX_DAG_OWNER='***' AIRFLOW_CTX_DAG_ID='dados_climaticos_estruturados' AIRFLOW_CTX_TASK_ID='criar_pasta' AIRFLOW_CTX_EXECUTION_DATE='2024-05-31T16:05:00+00:00' AIRFLOW_CTX_TRY_NUMBER='1' AIRFLOW_CTX_DAG_RUN_ID='scheduled__2024-05-31T16:05:00+00:00'
[2024-06-05T01:46:03.447+0000] {taskinstance.py:430} INFO - ::endgroup::
[2024-06-05T01:46:03.448+0000] {python.py:237} INFO - Done. Returned value was: None
[2024-06-05T01:46:03.449+0000] {taskinstance.py:441} INFO - ::group::Post task execution logs
[2024-06-05T01:46:03.465+0000] {taskinstance.py:1206} INFO - Marking task as SUCCESS. dag_id=dados_climaticos_estruturados, task_id=criar_pasta, run_id=scheduled__2024-05-31T16:05:00+00:00, execution_date=20240531T160500, start_date=20240605T014603, end_date=20240605T014603
[2024-06-05T01:46:03.501+0000] {local_task_job_runner.py:240} INFO - Task exited with return code 0
[2024-06-05T01:46:03.540+0000] {taskinstance.py:3498} INFO - 1 downstream tasks scheduled from follow-on schedule check
[2024-06-05T01:46:03.550+0000] {local_task_job_runner.py:222} INFO - ::endgroup::
