[2024-06-05T01:00:09.233+0000] {local_task_job_runner.py:120} INFO - ::group::Pre task execution logs
[2024-06-05T01:00:09.288+0000] {taskinstance.py:2076} INFO - Dependencies all met for dep_context=non-requeueable deps ti=<TaskInstance: dados_climaticos_estruturados.criar_pasta scheduled__2024-05-30T09:15:00+00:00 [queued]>
[2024-06-05T01:00:09.310+0000] {taskinstance.py:2076} INFO - Dependencies all met for dep_context=requeueable deps ti=<TaskInstance: dados_climaticos_estruturados.criar_pasta scheduled__2024-05-30T09:15:00+00:00 [queued]>
[2024-06-05T01:00:09.311+0000] {taskinstance.py:2306} INFO - Starting attempt 1 of 1
[2024-06-05T01:00:09.340+0000] {taskinstance.py:2330} INFO - Executing <Task(PythonOperator): criar_pasta> on 2024-05-30 09:15:00+00:00
[2024-06-05T01:00:09.360+0000] {warnings.py:110} WARNING - /home/***/.local/lib/python3.12/site-packages/***/task/task_runner/standard_task_runner.py:61: DeprecationWarning: This process (pid=2709) is multi-threaded, use of fork() may lead to deadlocks in the child.
  pid = os.fork()

[2024-06-05T01:00:09.365+0000] {standard_task_runner.py:63} INFO - Started process 2740 to run task
[2024-06-05T01:00:09.366+0000] {standard_task_runner.py:90} INFO - Running: ['***', 'tasks', 'run', 'dados_climaticos_estruturados', 'criar_pasta', 'scheduled__2024-05-30T09:15:00+00:00', '--job-id', '1244', '--raw', '--subdir', 'DAGS_FOLDER/weather/custom_dags/dados_climaticos_estruturados.py', '--cfg-path', '/tmp/tmp_pcn0ajg']
[2024-06-05T01:00:09.371+0000] {standard_task_runner.py:91} INFO - Job 1244: Subtask criar_pasta
[2024-06-05T01:00:09.518+0000] {task_command.py:426} INFO - Running <TaskInstance: dados_climaticos_estruturados.criar_pasta scheduled__2024-05-30T09:15:00+00:00 [running]> on host 6665b0710315
[2024-06-05T01:00:09.785+0000] {taskinstance.py:2648} INFO - Exporting env vars: AIRFLOW_CTX_DAG_OWNER='***' AIRFLOW_CTX_DAG_ID='dados_climaticos_estruturados' AIRFLOW_CTX_TASK_ID='criar_pasta' AIRFLOW_CTX_EXECUTION_DATE='2024-05-30T09:15:00+00:00' AIRFLOW_CTX_TRY_NUMBER='1' AIRFLOW_CTX_DAG_RUN_ID='scheduled__2024-05-30T09:15:00+00:00'
[2024-06-05T01:00:09.790+0000] {taskinstance.py:430} INFO - ::endgroup::
[2024-06-05T01:00:09.793+0000] {python.py:237} INFO - Done. Returned value was: None
[2024-06-05T01:00:09.798+0000] {taskinstance.py:441} INFO - ::group::Post task execution logs
[2024-06-05T01:00:09.835+0000] {taskinstance.py:1206} INFO - Marking task as SUCCESS. dag_id=dados_climaticos_estruturados, task_id=criar_pasta, run_id=scheduled__2024-05-30T09:15:00+00:00, execution_date=20240530T091500, start_date=20240605T010009, end_date=20240605T010009
[2024-06-05T01:00:09.918+0000] {local_task_job_runner.py:240} INFO - Task exited with return code 0
[2024-06-05T01:00:10.004+0000] {taskinstance.py:3498} INFO - 1 downstream tasks scheduled from follow-on schedule check
[2024-06-05T01:00:10.010+0000] {local_task_job_runner.py:222} INFO - ::endgroup::
[2024-06-05T01:39:58.713+0000] {local_task_job_runner.py:120} INFO - ::group::Pre task execution logs
[2024-06-05T01:39:58.762+0000] {taskinstance.py:2076} INFO - Dependencies all met for dep_context=non-requeueable deps ti=<TaskInstance: dados_climaticos_estruturados.criar_pasta scheduled__2024-05-30T09:15:00+00:00 [queued]>
[2024-06-05T01:39:58.781+0000] {taskinstance.py:2076} INFO - Dependencies all met for dep_context=requeueable deps ti=<TaskInstance: dados_climaticos_estruturados.criar_pasta scheduled__2024-05-30T09:15:00+00:00 [queued]>
[2024-06-05T01:39:58.782+0000] {taskinstance.py:2306} INFO - Starting attempt 1 of 1
[2024-06-05T01:39:58.834+0000] {taskinstance.py:2330} INFO - Executing <Task(PythonOperator): criar_pasta> on 2024-05-30 09:15:00+00:00
[2024-06-05T01:39:58.856+0000] {warnings.py:110} WARNING - /home/***/.local/lib/python3.12/site-packages/***/task/task_runner/standard_task_runner.py:61: DeprecationWarning: This process (pid=2721) is multi-threaded, use of fork() may lead to deadlocks in the child.
  pid = os.fork()

[2024-06-05T01:39:58.862+0000] {standard_task_runner.py:90} INFO - Running: ['***', 'tasks', 'run', 'dados_climaticos_estruturados', 'criar_pasta', 'scheduled__2024-05-30T09:15:00+00:00', '--job-id', '862', '--raw', '--subdir', 'DAGS_FOLDER/weather/custom_dags/dados_climaticos_estruturados.py', '--cfg-path', '/tmp/tmphfyea_he']
[2024-06-05T01:39:58.867+0000] {standard_task_runner.py:91} INFO - Job 862: Subtask criar_pasta
[2024-06-05T01:39:58.865+0000] {standard_task_runner.py:63} INFO - Started process 2741 to run task
[2024-06-05T01:39:58.970+0000] {task_command.py:426} INFO - Running <TaskInstance: dados_climaticos_estruturados.criar_pasta scheduled__2024-05-30T09:15:00+00:00 [running]> on host 80232deae70a
[2024-06-05T01:39:59.173+0000] {taskinstance.py:2648} INFO - Exporting env vars: AIRFLOW_CTX_DAG_OWNER='***' AIRFLOW_CTX_DAG_ID='dados_climaticos_estruturados' AIRFLOW_CTX_TASK_ID='criar_pasta' AIRFLOW_CTX_EXECUTION_DATE='2024-05-30T09:15:00+00:00' AIRFLOW_CTX_TRY_NUMBER='1' AIRFLOW_CTX_DAG_RUN_ID='scheduled__2024-05-30T09:15:00+00:00'
[2024-06-05T01:39:59.176+0000] {taskinstance.py:430} INFO - ::endgroup::
[2024-06-05T01:39:59.182+0000] {python.py:237} INFO - Done. Returned value was: None
[2024-06-05T01:39:59.185+0000] {taskinstance.py:441} INFO - ::group::Post task execution logs
[2024-06-05T01:39:59.204+0000] {taskinstance.py:1206} INFO - Marking task as SUCCESS. dag_id=dados_climaticos_estruturados, task_id=criar_pasta, run_id=scheduled__2024-05-30T09:15:00+00:00, execution_date=20240530T091500, start_date=20240605T013958, end_date=20240605T013959
[2024-06-05T01:39:59.267+0000] {local_task_job_runner.py:240} INFO - Task exited with return code 0
[2024-06-05T01:39:59.335+0000] {taskinstance.py:3498} INFO - 1 downstream tasks scheduled from follow-on schedule check
[2024-06-05T01:39:59.342+0000] {local_task_job_runner.py:222} INFO - ::endgroup::
