[2024-06-05T01:04:33.028+0000] {local_task_job_runner.py:120} INFO - ::group::Pre task execution logs
[2024-06-05T01:04:33.087+0000] {taskinstance.py:2076} INFO - Dependencies all met for dep_context=non-requeueable deps ti=<TaskInstance: dados_climaticos_estruturados.criar_pasta scheduled__2024-05-31T06:15:00+00:00 [queued]>
[2024-06-05T01:04:33.108+0000] {taskinstance.py:2076} INFO - Dependencies all met for dep_context=requeueable deps ti=<TaskInstance: dados_climaticos_estruturados.criar_pasta scheduled__2024-05-31T06:15:00+00:00 [queued]>
[2024-06-05T01:04:33.109+0000] {taskinstance.py:2306} INFO - Starting attempt 1 of 1
[2024-06-05T01:04:33.306+0000] {taskinstance.py:2330} INFO - Executing <Task(PythonOperator): criar_pasta> on 2024-05-31 06:15:00+00:00
[2024-06-05T01:04:33.346+0000] {standard_task_runner.py:90} INFO - Running: ['***', 'tasks', 'run', 'dados_climaticos_estruturados', 'criar_pasta', 'scheduled__2024-05-31T06:15:00+00:00', '--job-id', '1755', '--raw', '--subdir', 'DAGS_FOLDER/weather/custom_dags/dados_climaticos_estruturados.py', '--cfg-path', '/tmp/tmpk9rcjaqv']
[2024-06-05T01:04:33.351+0000] {standard_task_runner.py:91} INFO - Job 1755: Subtask criar_pasta
[2024-06-05T01:04:33.347+0000] {warnings.py:110} WARNING - /home/***/.local/lib/python3.12/site-packages/***/task/task_runner/standard_task_runner.py:61: DeprecationWarning: This process (pid=4302) is multi-threaded, use of fork() may lead to deadlocks in the child.
  pid = os.fork()

[2024-06-05T01:04:33.359+0000] {standard_task_runner.py:63} INFO - Started process 4321 to run task
[2024-06-05T01:04:33.507+0000] {task_command.py:426} INFO - Running <TaskInstance: dados_climaticos_estruturados.criar_pasta scheduled__2024-05-31T06:15:00+00:00 [running]> on host 6665b0710315
[2024-06-05T01:04:33.759+0000] {taskinstance.py:2648} INFO - Exporting env vars: AIRFLOW_CTX_DAG_OWNER='***' AIRFLOW_CTX_DAG_ID='dados_climaticos_estruturados' AIRFLOW_CTX_TASK_ID='criar_pasta' AIRFLOW_CTX_EXECUTION_DATE='2024-05-31T06:15:00+00:00' AIRFLOW_CTX_TRY_NUMBER='1' AIRFLOW_CTX_DAG_RUN_ID='scheduled__2024-05-31T06:15:00+00:00'
[2024-06-05T01:04:33.772+0000] {taskinstance.py:430} INFO - ::endgroup::
[2024-06-05T01:04:33.779+0000] {python.py:237} INFO - Done. Returned value was: None
[2024-06-05T01:04:33.780+0000] {taskinstance.py:441} INFO - ::group::Post task execution logs
[2024-06-05T01:04:33.805+0000] {taskinstance.py:1206} INFO - Marking task as SUCCESS. dag_id=dados_climaticos_estruturados, task_id=criar_pasta, run_id=scheduled__2024-05-31T06:15:00+00:00, execution_date=20240531T061500, start_date=20240605T010433, end_date=20240605T010433
[2024-06-05T01:04:33.861+0000] {local_task_job_runner.py:240} INFO - Task exited with return code 0
[2024-06-05T01:04:33.935+0000] {taskinstance.py:3498} INFO - 1 downstream tasks scheduled from follow-on schedule check
[2024-06-05T01:04:33.952+0000] {local_task_job_runner.py:222} INFO - ::endgroup::
[2024-06-05T01:43:59.672+0000] {local_task_job_runner.py:120} INFO - ::group::Pre task execution logs
[2024-06-05T01:43:59.710+0000] {taskinstance.py:2076} INFO - Dependencies all met for dep_context=non-requeueable deps ti=<TaskInstance: dados_climaticos_estruturados.criar_pasta scheduled__2024-05-31T06:15:00+00:00 [queued]>
[2024-06-05T01:43:59.721+0000] {taskinstance.py:2076} INFO - Dependencies all met for dep_context=requeueable deps ti=<TaskInstance: dados_climaticos_estruturados.criar_pasta scheduled__2024-05-31T06:15:00+00:00 [queued]>
[2024-06-05T01:43:59.722+0000] {taskinstance.py:2306} INFO - Starting attempt 1 of 1
[2024-06-05T01:43:59.748+0000] {taskinstance.py:2330} INFO - Executing <Task(PythonOperator): criar_pasta> on 2024-05-31 06:15:00+00:00
[2024-06-05T01:43:59.762+0000] {warnings.py:110} WARNING - /home/***/.local/lib/python3.12/site-packages/***/task/task_runner/standard_task_runner.py:61: DeprecationWarning: This process (pid=4294) is multi-threaded, use of fork() may lead to deadlocks in the child.
  pid = os.fork()

[2024-06-05T01:43:59.765+0000] {standard_task_runner.py:63} INFO - Started process 4311 to run task
[2024-06-05T01:43:59.765+0000] {standard_task_runner.py:90} INFO - Running: ['***', 'tasks', 'run', 'dados_climaticos_estruturados', 'criar_pasta', 'scheduled__2024-05-31T06:15:00+00:00', '--job-id', '1369', '--raw', '--subdir', 'DAGS_FOLDER/weather/custom_dags/dados_climaticos_estruturados.py', '--cfg-path', '/tmp/tmpiy2h8kh_']
[2024-06-05T01:43:59.767+0000] {standard_task_runner.py:91} INFO - Job 1369: Subtask criar_pasta
[2024-06-05T01:43:59.844+0000] {task_command.py:426} INFO - Running <TaskInstance: dados_climaticos_estruturados.criar_pasta scheduled__2024-05-31T06:15:00+00:00 [running]> on host 80232deae70a
[2024-06-05T01:44:00.022+0000] {taskinstance.py:2648} INFO - Exporting env vars: AIRFLOW_CTX_DAG_OWNER='***' AIRFLOW_CTX_DAG_ID='dados_climaticos_estruturados' AIRFLOW_CTX_TASK_ID='criar_pasta' AIRFLOW_CTX_EXECUTION_DATE='2024-05-31T06:15:00+00:00' AIRFLOW_CTX_TRY_NUMBER='1' AIRFLOW_CTX_DAG_RUN_ID='scheduled__2024-05-31T06:15:00+00:00'
[2024-06-05T01:44:00.024+0000] {taskinstance.py:430} INFO - ::endgroup::
[2024-06-05T01:44:00.026+0000] {python.py:237} INFO - Done. Returned value was: None
[2024-06-05T01:44:00.028+0000] {taskinstance.py:441} INFO - ::group::Post task execution logs
[2024-06-05T01:44:00.046+0000] {taskinstance.py:1206} INFO - Marking task as SUCCESS. dag_id=dados_climaticos_estruturados, task_id=criar_pasta, run_id=scheduled__2024-05-31T06:15:00+00:00, execution_date=20240531T061500, start_date=20240605T014359, end_date=20240605T014400
[2024-06-05T01:44:00.117+0000] {local_task_job_runner.py:240} INFO - Task exited with return code 0
[2024-06-05T01:44:00.136+0000] {local_task_job_runner.py:222} INFO - ::endgroup::
