[2024-06-05T00:57:01.801+0000] {local_task_job_runner.py:120} INFO - ::group::Pre task execution logs
[2024-06-05T00:57:01.858+0000] {taskinstance.py:2076} INFO - Dependencies all met for dep_context=non-requeueable deps ti=<TaskInstance: dados_climaticos_estruturados.criar_pasta scheduled__2024-05-29T18:35:00+00:00 [queued]>
[2024-06-05T00:57:01.882+0000] {taskinstance.py:2076} INFO - Dependencies all met for dep_context=requeueable deps ti=<TaskInstance: dados_climaticos_estruturados.criar_pasta scheduled__2024-05-29T18:35:00+00:00 [queued]>
[2024-06-05T00:57:01.883+0000] {taskinstance.py:2306} INFO - Starting attempt 1 of 1
[2024-06-05T00:57:01.908+0000] {taskinstance.py:2330} INFO - Executing <Task(PythonOperator): criar_pasta> on 2024-05-29 18:35:00+00:00
[2024-06-05T00:57:01.923+0000] {warnings.py:110} WARNING - /home/***/.local/lib/python3.12/site-packages/***/task/task_runner/standard_task_runner.py:61: DeprecationWarning: This process (pid=1613) is multi-threaded, use of fork() may lead to deadlocks in the child.
  pid = os.fork()

[2024-06-05T00:57:01.926+0000] {standard_task_runner.py:63} INFO - Started process 1640 to run task
[2024-06-05T00:57:01.933+0000] {standard_task_runner.py:90} INFO - Running: ['***', 'tasks', 'run', 'dados_climaticos_estruturados', 'criar_pasta', 'scheduled__2024-05-29T18:35:00+00:00', '--job-id', '891', '--raw', '--subdir', 'DAGS_FOLDER/weather/custom_dags/dados_climaticos_estruturados.py', '--cfg-path', '/tmp/tmpzkbbggah']
[2024-06-05T00:57:01.935+0000] {standard_task_runner.py:91} INFO - Job 891: Subtask criar_pasta
[2024-06-05T00:57:02.040+0000] {task_command.py:426} INFO - Running <TaskInstance: dados_climaticos_estruturados.criar_pasta scheduled__2024-05-29T18:35:00+00:00 [running]> on host 6665b0710315
[2024-06-05T00:57:02.276+0000] {taskinstance.py:2648} INFO - Exporting env vars: AIRFLOW_CTX_DAG_OWNER='***' AIRFLOW_CTX_DAG_ID='dados_climaticos_estruturados' AIRFLOW_CTX_TASK_ID='criar_pasta' AIRFLOW_CTX_EXECUTION_DATE='2024-05-29T18:35:00+00:00' AIRFLOW_CTX_TRY_NUMBER='1' AIRFLOW_CTX_DAG_RUN_ID='scheduled__2024-05-29T18:35:00+00:00'
[2024-06-05T00:57:02.281+0000] {taskinstance.py:430} INFO - ::endgroup::
[2024-06-05T00:57:02.284+0000] {python.py:237} INFO - Done. Returned value was: None
[2024-06-05T00:57:02.285+0000] {taskinstance.py:441} INFO - ::group::Post task execution logs
[2024-06-05T00:57:02.312+0000] {taskinstance.py:1206} INFO - Marking task as SUCCESS. dag_id=dados_climaticos_estruturados, task_id=criar_pasta, run_id=scheduled__2024-05-29T18:35:00+00:00, execution_date=20240529T183500, start_date=20240605T005701, end_date=20240605T005702
[2024-06-05T00:57:02.402+0000] {local_task_job_runner.py:240} INFO - Task exited with return code 0
[2024-06-05T00:57:02.469+0000] {taskinstance.py:3498} INFO - 1 downstream tasks scheduled from follow-on schedule check
[2024-06-05T00:57:02.477+0000] {local_task_job_runner.py:222} INFO - ::endgroup::
[2024-06-05T01:37:06.117+0000] {local_task_job_runner.py:120} INFO - ::group::Pre task execution logs
[2024-06-05T01:37:06.199+0000] {taskinstance.py:2076} INFO - Dependencies all met for dep_context=non-requeueable deps ti=<TaskInstance: dados_climaticos_estruturados.criar_pasta scheduled__2024-05-29T18:35:00+00:00 [queued]>
[2024-06-05T01:37:06.223+0000] {taskinstance.py:2076} INFO - Dependencies all met for dep_context=requeueable deps ti=<TaskInstance: dados_climaticos_estruturados.criar_pasta scheduled__2024-05-29T18:35:00+00:00 [queued]>
[2024-06-05T01:37:06.224+0000] {taskinstance.py:2306} INFO - Starting attempt 1 of 1
[2024-06-05T01:37:06.260+0000] {taskinstance.py:2330} INFO - Executing <Task(PythonOperator): criar_pasta> on 2024-05-29 18:35:00+00:00
[2024-06-05T01:37:06.285+0000] {warnings.py:110} WARNING - /home/***/.local/lib/python3.12/site-packages/***/task/task_runner/standard_task_runner.py:61: DeprecationWarning: This process (pid=1610) is multi-threaded, use of fork() may lead to deadlocks in the child.
  pid = os.fork()

[2024-06-05T01:37:06.289+0000] {standard_task_runner.py:63} INFO - Started process 1643 to run task
[2024-06-05T01:37:06.291+0000] {standard_task_runner.py:90} INFO - Running: ['***', 'tasks', 'run', 'dados_climaticos_estruturados', 'criar_pasta', 'scheduled__2024-05-29T18:35:00+00:00', '--job-id', '508', '--raw', '--subdir', 'DAGS_FOLDER/weather/custom_dags/dados_climaticos_estruturados.py', '--cfg-path', '/tmp/tmp2x7hlxtj']
[2024-06-05T01:37:06.293+0000] {standard_task_runner.py:91} INFO - Job 508: Subtask criar_pasta
[2024-06-05T01:37:06.401+0000] {task_command.py:426} INFO - Running <TaskInstance: dados_climaticos_estruturados.criar_pasta scheduled__2024-05-29T18:35:00+00:00 [running]> on host 80232deae70a
[2024-06-05T01:37:06.606+0000] {taskinstance.py:2648} INFO - Exporting env vars: AIRFLOW_CTX_DAG_OWNER='***' AIRFLOW_CTX_DAG_ID='dados_climaticos_estruturados' AIRFLOW_CTX_TASK_ID='criar_pasta' AIRFLOW_CTX_EXECUTION_DATE='2024-05-29T18:35:00+00:00' AIRFLOW_CTX_TRY_NUMBER='1' AIRFLOW_CTX_DAG_RUN_ID='scheduled__2024-05-29T18:35:00+00:00'
[2024-06-05T01:37:06.614+0000] {taskinstance.py:430} INFO - ::endgroup::
[2024-06-05T01:37:06.620+0000] {python.py:237} INFO - Done. Returned value was: None
[2024-06-05T01:37:06.622+0000] {taskinstance.py:441} INFO - ::group::Post task execution logs
[2024-06-05T01:37:06.648+0000] {taskinstance.py:1206} INFO - Marking task as SUCCESS. dag_id=dados_climaticos_estruturados, task_id=criar_pasta, run_id=scheduled__2024-05-29T18:35:00+00:00, execution_date=20240529T183500, start_date=20240605T013706, end_date=20240605T013706
[2024-06-05T01:37:06.693+0000] {local_task_job_runner.py:240} INFO - Task exited with return code 0
[2024-06-05T01:37:06.718+0000] {local_task_job_runner.py:222} INFO - ::endgroup::
