[2024-06-05T00:58:36.557+0000] {local_task_job_runner.py:120} INFO - ::group::Pre task execution logs
[2024-06-05T00:58:36.595+0000] {taskinstance.py:2076} INFO - Dependencies all met for dep_context=non-requeueable deps ti=<TaskInstance: dados_climaticos_estruturados.criar_pasta scheduled__2024-05-30T01:55:00+00:00 [queued]>
[2024-06-05T00:58:36.609+0000] {taskinstance.py:2076} INFO - Dependencies all met for dep_context=requeueable deps ti=<TaskInstance: dados_climaticos_estruturados.criar_pasta scheduled__2024-05-30T01:55:00+00:00 [queued]>
[2024-06-05T00:58:36.610+0000] {taskinstance.py:2306} INFO - Starting attempt 1 of 1
[2024-06-05T00:58:36.635+0000] {taskinstance.py:2330} INFO - Executing <Task(PythonOperator): criar_pasta> on 2024-05-30 01:55:00+00:00
[2024-06-05T00:58:36.652+0000] {warnings.py:110} WARNING - /home/***/.local/lib/python3.12/site-packages/***/task/task_runner/standard_task_runner.py:61: DeprecationWarning: This process (pid=2189) is multi-threaded, use of fork() may lead to deadlocks in the child.
  pid = os.fork()

[2024-06-05T00:58:36.655+0000] {standard_task_runner.py:63} INFO - Started process 2208 to run task
[2024-06-05T00:58:36.658+0000] {standard_task_runner.py:90} INFO - Running: ['***', 'tasks', 'run', 'dados_climaticos_estruturados', 'criar_pasta', 'scheduled__2024-05-30T01:55:00+00:00', '--job-id', '1074', '--raw', '--subdir', 'DAGS_FOLDER/weather/custom_dags/dados_climaticos_estruturados.py', '--cfg-path', '/tmp/tmp_u6692v_']
[2024-06-05T00:58:36.660+0000] {standard_task_runner.py:91} INFO - Job 1074: Subtask criar_pasta
[2024-06-05T00:58:36.763+0000] {task_command.py:426} INFO - Running <TaskInstance: dados_climaticos_estruturados.criar_pasta scheduled__2024-05-30T01:55:00+00:00 [running]> on host 6665b0710315
[2024-06-05T00:58:36.960+0000] {taskinstance.py:2648} INFO - Exporting env vars: AIRFLOW_CTX_DAG_OWNER='***' AIRFLOW_CTX_DAG_ID='dados_climaticos_estruturados' AIRFLOW_CTX_TASK_ID='criar_pasta' AIRFLOW_CTX_EXECUTION_DATE='2024-05-30T01:55:00+00:00' AIRFLOW_CTX_TRY_NUMBER='1' AIRFLOW_CTX_DAG_RUN_ID='scheduled__2024-05-30T01:55:00+00:00'
[2024-06-05T00:58:36.964+0000] {taskinstance.py:430} INFO - ::endgroup::
[2024-06-05T00:58:36.967+0000] {python.py:237} INFO - Done. Returned value was: None
[2024-06-05T00:58:36.967+0000] {taskinstance.py:441} INFO - ::group::Post task execution logs
[2024-06-05T00:58:36.994+0000] {taskinstance.py:1206} INFO - Marking task as SUCCESS. dag_id=dados_climaticos_estruturados, task_id=criar_pasta, run_id=scheduled__2024-05-30T01:55:00+00:00, execution_date=20240530T015500, start_date=20240605T005836, end_date=20240605T005836
[2024-06-05T00:58:37.049+0000] {local_task_job_runner.py:240} INFO - Task exited with return code 0
[2024-06-05T00:58:37.112+0000] {taskinstance.py:3498} INFO - 1 downstream tasks scheduled from follow-on schedule check
[2024-06-05T00:58:37.119+0000] {local_task_job_runner.py:222} INFO - ::endgroup::
[2024-06-05T01:38:34.978+0000] {local_task_job_runner.py:120} INFO - ::group::Pre task execution logs
[2024-06-05T01:38:35.020+0000] {taskinstance.py:2076} INFO - Dependencies all met for dep_context=non-requeueable deps ti=<TaskInstance: dados_climaticos_estruturados.criar_pasta scheduled__2024-05-30T01:55:00+00:00 [queued]>
[2024-06-05T01:38:35.031+0000] {taskinstance.py:2076} INFO - Dependencies all met for dep_context=requeueable deps ti=<TaskInstance: dados_climaticos_estruturados.criar_pasta scheduled__2024-05-30T01:55:00+00:00 [queued]>
[2024-06-05T01:38:35.034+0000] {taskinstance.py:2306} INFO - Starting attempt 1 of 1
[2024-06-05T01:38:35.176+0000] {taskinstance.py:2330} INFO - Executing <Task(PythonOperator): criar_pasta> on 2024-05-30 01:55:00+00:00
[2024-06-05T01:38:35.192+0000] {warnings.py:110} WARNING - /home/***/.local/lib/python3.12/site-packages/***/task/task_runner/standard_task_runner.py:61: DeprecationWarning: This process (pid=2190) is multi-threaded, use of fork() may lead to deadlocks in the child.
  pid = os.fork()

[2024-06-05T01:38:35.197+0000] {standard_task_runner.py:90} INFO - Running: ['***', 'tasks', 'run', 'dados_climaticos_estruturados', 'criar_pasta', 'scheduled__2024-05-30T01:55:00+00:00', '--job-id', '689', '--raw', '--subdir', 'DAGS_FOLDER/weather/custom_dags/dados_climaticos_estruturados.py', '--cfg-path', '/tmp/tmpuqfw9xfh']
[2024-06-05T01:38:35.202+0000] {standard_task_runner.py:91} INFO - Job 689: Subtask criar_pasta
[2024-06-05T01:38:35.199+0000] {standard_task_runner.py:63} INFO - Started process 2207 to run task
[2024-06-05T01:38:35.347+0000] {task_command.py:426} INFO - Running <TaskInstance: dados_climaticos_estruturados.criar_pasta scheduled__2024-05-30T01:55:00+00:00 [running]> on host 80232deae70a
[2024-06-05T01:38:35.551+0000] {taskinstance.py:2648} INFO - Exporting env vars: AIRFLOW_CTX_DAG_OWNER='***' AIRFLOW_CTX_DAG_ID='dados_climaticos_estruturados' AIRFLOW_CTX_TASK_ID='criar_pasta' AIRFLOW_CTX_EXECUTION_DATE='2024-05-30T01:55:00+00:00' AIRFLOW_CTX_TRY_NUMBER='1' AIRFLOW_CTX_DAG_RUN_ID='scheduled__2024-05-30T01:55:00+00:00'
[2024-06-05T01:38:35.554+0000] {taskinstance.py:430} INFO - ::endgroup::
[2024-06-05T01:38:35.563+0000] {python.py:237} INFO - Done. Returned value was: None
[2024-06-05T01:38:35.565+0000] {taskinstance.py:441} INFO - ::group::Post task execution logs
[2024-06-05T01:38:35.583+0000] {taskinstance.py:1206} INFO - Marking task as SUCCESS. dag_id=dados_climaticos_estruturados, task_id=criar_pasta, run_id=scheduled__2024-05-30T01:55:00+00:00, execution_date=20240530T015500, start_date=20240605T013835, end_date=20240605T013835
[2024-06-05T01:38:35.642+0000] {local_task_job_runner.py:240} INFO - Task exited with return code 0
[2024-06-05T01:38:35.683+0000] {taskinstance.py:3498} INFO - 1 downstream tasks scheduled from follow-on schedule check
[2024-06-05T01:38:35.691+0000] {local_task_job_runner.py:222} INFO - ::endgroup::
