[2024-06-05T01:03:17.868+0000] {local_task_job_runner.py:120} INFO - ::group::Pre task execution logs
[2024-06-05T01:03:17.894+0000] {taskinstance.py:2076} INFO - Dependencies all met for dep_context=non-requeueable deps ti=<TaskInstance: dados_climaticos_estruturados.criar_pasta scheduled__2024-05-31T00:40:00+00:00 [queued]>
[2024-06-05T01:03:17.910+0000] {taskinstance.py:2076} INFO - Dependencies all met for dep_context=requeueable deps ti=<TaskInstance: dados_climaticos_estruturados.criar_pasta scheduled__2024-05-31T00:40:00+00:00 [queued]>
[2024-06-05T01:03:17.911+0000] {taskinstance.py:2306} INFO - Starting attempt 1 of 1
[2024-06-05T01:03:17.934+0000] {taskinstance.py:2330} INFO - Executing <Task(PythonOperator): criar_pasta> on 2024-05-31 00:40:00+00:00
[2024-06-05T01:03:17.950+0000] {warnings.py:110} WARNING - /home/***/.local/lib/python3.12/site-packages/***/task/task_runner/standard_task_runner.py:61: DeprecationWarning: This process (pid=3886) is multi-threaded, use of fork() may lead to deadlocks in the child.
  pid = os.fork()

[2024-06-05T01:03:17.954+0000] {standard_task_runner.py:63} INFO - Started process 3903 to run task
[2024-06-05T01:03:17.955+0000] {standard_task_runner.py:90} INFO - Running: ['***', 'tasks', 'run', 'dados_climaticos_estruturados', 'criar_pasta', 'scheduled__2024-05-31T00:40:00+00:00', '--job-id', '1621', '--raw', '--subdir', 'DAGS_FOLDER/weather/custom_dags/dados_climaticos_estruturados.py', '--cfg-path', '/tmp/tmpw7587ib4']
[2024-06-05T01:03:17.959+0000] {standard_task_runner.py:91} INFO - Job 1621: Subtask criar_pasta
[2024-06-05T01:03:18.060+0000] {task_command.py:426} INFO - Running <TaskInstance: dados_climaticos_estruturados.criar_pasta scheduled__2024-05-31T00:40:00+00:00 [running]> on host 6665b0710315
[2024-06-05T01:03:18.241+0000] {taskinstance.py:2648} INFO - Exporting env vars: AIRFLOW_CTX_DAG_OWNER='***' AIRFLOW_CTX_DAG_ID='dados_climaticos_estruturados' AIRFLOW_CTX_TASK_ID='criar_pasta' AIRFLOW_CTX_EXECUTION_DATE='2024-05-31T00:40:00+00:00' AIRFLOW_CTX_TRY_NUMBER='1' AIRFLOW_CTX_DAG_RUN_ID='scheduled__2024-05-31T00:40:00+00:00'
[2024-06-05T01:03:18.243+0000] {taskinstance.py:430} INFO - ::endgroup::
[2024-06-05T01:03:18.246+0000] {python.py:237} INFO - Done. Returned value was: None
[2024-06-05T01:03:18.247+0000] {taskinstance.py:441} INFO - ::group::Post task execution logs
[2024-06-05T01:03:18.260+0000] {taskinstance.py:1206} INFO - Marking task as SUCCESS. dag_id=dados_climaticos_estruturados, task_id=criar_pasta, run_id=scheduled__2024-05-31T00:40:00+00:00, execution_date=20240531T004000, start_date=20240605T010317, end_date=20240605T010318
[2024-06-05T01:03:18.312+0000] {local_task_job_runner.py:240} INFO - Task exited with return code 0
[2024-06-05T01:03:18.359+0000] {taskinstance.py:3498} INFO - 1 downstream tasks scheduled from follow-on schedule check
[2024-06-05T01:03:18.364+0000] {local_task_job_runner.py:222} INFO - ::endgroup::
[2024-06-05T01:42:44.524+0000] {local_task_job_runner.py:120} INFO - ::group::Pre task execution logs
[2024-06-05T01:42:44.576+0000] {taskinstance.py:2076} INFO - Dependencies all met for dep_context=non-requeueable deps ti=<TaskInstance: dados_climaticos_estruturados.criar_pasta scheduled__2024-05-31T00:40:00+00:00 [queued]>
[2024-06-05T01:42:44.603+0000] {taskinstance.py:2076} INFO - Dependencies all met for dep_context=requeueable deps ti=<TaskInstance: dados_climaticos_estruturados.criar_pasta scheduled__2024-05-31T00:40:00+00:00 [queued]>
[2024-06-05T01:42:44.606+0000] {taskinstance.py:2306} INFO - Starting attempt 1 of 1
[2024-06-05T01:42:44.662+0000] {taskinstance.py:2330} INFO - Executing <Task(PythonOperator): criar_pasta> on 2024-05-31 00:40:00+00:00
[2024-06-05T01:42:44.679+0000] {warnings.py:110} WARNING - /home/***/.local/lib/python3.12/site-packages/***/task/task_runner/standard_task_runner.py:61: DeprecationWarning: This process (pid=3851) is multi-threaded, use of fork() may lead to deadlocks in the child.
  pid = os.fork()

[2024-06-05T01:42:44.682+0000] {standard_task_runner.py:90} INFO - Running: ['***', 'tasks', 'run', 'dados_climaticos_estruturados', 'criar_pasta', 'scheduled__2024-05-31T00:40:00+00:00', '--job-id', '1229', '--raw', '--subdir', 'DAGS_FOLDER/weather/custom_dags/dados_climaticos_estruturados.py', '--cfg-path', '/tmp/tmp75qgm5af']
[2024-06-05T01:42:44.692+0000] {standard_task_runner.py:91} INFO - Job 1229: Subtask criar_pasta
[2024-06-05T01:42:44.681+0000] {standard_task_runner.py:63} INFO - Started process 3875 to run task
[2024-06-05T01:42:44.787+0000] {task_command.py:426} INFO - Running <TaskInstance: dados_climaticos_estruturados.criar_pasta scheduled__2024-05-31T00:40:00+00:00 [running]> on host 80232deae70a
[2024-06-05T01:42:44.969+0000] {taskinstance.py:2648} INFO - Exporting env vars: AIRFLOW_CTX_DAG_OWNER='***' AIRFLOW_CTX_DAG_ID='dados_climaticos_estruturados' AIRFLOW_CTX_TASK_ID='criar_pasta' AIRFLOW_CTX_EXECUTION_DATE='2024-05-31T00:40:00+00:00' AIRFLOW_CTX_TRY_NUMBER='1' AIRFLOW_CTX_DAG_RUN_ID='scheduled__2024-05-31T00:40:00+00:00'
[2024-06-05T01:42:44.973+0000] {taskinstance.py:430} INFO - ::endgroup::
[2024-06-05T01:42:44.975+0000] {python.py:237} INFO - Done. Returned value was: None
[2024-06-05T01:42:44.976+0000] {taskinstance.py:441} INFO - ::group::Post task execution logs
[2024-06-05T01:42:44.991+0000] {taskinstance.py:1206} INFO - Marking task as SUCCESS. dag_id=dados_climaticos_estruturados, task_id=criar_pasta, run_id=scheduled__2024-05-31T00:40:00+00:00, execution_date=20240531T004000, start_date=20240605T014244, end_date=20240605T014244
[2024-06-05T01:42:45.048+0000] {local_task_job_runner.py:240} INFO - Task exited with return code 0
[2024-06-05T01:42:45.107+0000] {taskinstance.py:3498} INFO - 1 downstream tasks scheduled from follow-on schedule check
[2024-06-05T01:42:45.115+0000] {local_task_job_runner.py:222} INFO - ::endgroup::
