[2024-06-05T01:02:25.122+0000] {local_task_job_runner.py:120} INFO - ::group::Pre task execution logs
[2024-06-05T01:02:25.167+0000] {taskinstance.py:2076} INFO - Dependencies all met for dep_context=non-requeueable deps ti=<TaskInstance: dados_climaticos_estruturados.criar_pasta scheduled__2024-05-30T20:30:00+00:00 [queued]>
[2024-06-05T01:02:25.183+0000] {taskinstance.py:2076} INFO - Dependencies all met for dep_context=requeueable deps ti=<TaskInstance: dados_climaticos_estruturados.criar_pasta scheduled__2024-05-30T20:30:00+00:00 [queued]>
[2024-06-05T01:02:25.184+0000] {taskinstance.py:2306} INFO - Starting attempt 1 of 1
[2024-06-05T01:02:25.222+0000] {taskinstance.py:2330} INFO - Executing <Task(PythonOperator): criar_pasta> on 2024-05-30 20:30:00+00:00
[2024-06-05T01:02:25.234+0000] {warnings.py:110} WARNING - /home/***/.local/lib/python3.12/site-packages/***/task/task_runner/standard_task_runner.py:61: DeprecationWarning: This process (pid=3574) is multi-threaded, use of fork() may lead to deadlocks in the child.
  pid = os.fork()

[2024-06-05T01:02:25.237+0000] {standard_task_runner.py:90} INFO - Running: ['***', 'tasks', 'run', 'dados_climaticos_estruturados', 'criar_pasta', 'scheduled__2024-05-30T20:30:00+00:00', '--job-id', '1522', '--raw', '--subdir', 'DAGS_FOLDER/weather/custom_dags/dados_climaticos_estruturados.py', '--cfg-path', '/tmp/tmpc40xo8hc']
[2024-06-05T01:02:25.238+0000] {standard_task_runner.py:63} INFO - Started process 3593 to run task
[2024-06-05T01:02:25.239+0000] {standard_task_runner.py:91} INFO - Job 1522: Subtask criar_pasta
[2024-06-05T01:02:25.333+0000] {task_command.py:426} INFO - Running <TaskInstance: dados_climaticos_estruturados.criar_pasta scheduled__2024-05-30T20:30:00+00:00 [running]> on host 6665b0710315
[2024-06-05T01:02:25.505+0000] {taskinstance.py:2648} INFO - Exporting env vars: AIRFLOW_CTX_DAG_OWNER='***' AIRFLOW_CTX_DAG_ID='dados_climaticos_estruturados' AIRFLOW_CTX_TASK_ID='criar_pasta' AIRFLOW_CTX_EXECUTION_DATE='2024-05-30T20:30:00+00:00' AIRFLOW_CTX_TRY_NUMBER='1' AIRFLOW_CTX_DAG_RUN_ID='scheduled__2024-05-30T20:30:00+00:00'
[2024-06-05T01:02:25.507+0000] {taskinstance.py:430} INFO - ::endgroup::
[2024-06-05T01:02:25.509+0000] {python.py:237} INFO - Done. Returned value was: None
[2024-06-05T01:02:25.512+0000] {taskinstance.py:441} INFO - ::group::Post task execution logs
[2024-06-05T01:02:25.526+0000] {taskinstance.py:1206} INFO - Marking task as SUCCESS. dag_id=dados_climaticos_estruturados, task_id=criar_pasta, run_id=scheduled__2024-05-30T20:30:00+00:00, execution_date=20240530T203000, start_date=20240605T010225, end_date=20240605T010225
[2024-06-05T01:02:25.594+0000] {local_task_job_runner.py:240} INFO - Task exited with return code 0
[2024-06-05T01:02:25.663+0000] {taskinstance.py:3498} INFO - 1 downstream tasks scheduled from follow-on schedule check
[2024-06-05T01:02:25.665+0000] {local_task_job_runner.py:222} INFO - ::endgroup::
[2024-06-05T01:42:01.146+0000] {local_task_job_runner.py:120} INFO - ::group::Pre task execution logs
[2024-06-05T01:42:01.190+0000] {taskinstance.py:2076} INFO - Dependencies all met for dep_context=non-requeueable deps ti=<TaskInstance: dados_climaticos_estruturados.criar_pasta scheduled__2024-05-30T20:30:00+00:00 [queued]>
[2024-06-05T01:42:01.212+0000] {taskinstance.py:2076} INFO - Dependencies all met for dep_context=requeueable deps ti=<TaskInstance: dados_climaticos_estruturados.criar_pasta scheduled__2024-05-30T20:30:00+00:00 [queued]>
[2024-06-05T01:42:01.215+0000] {taskinstance.py:2306} INFO - Starting attempt 1 of 1
[2024-06-05T01:42:01.245+0000] {taskinstance.py:2330} INFO - Executing <Task(PythonOperator): criar_pasta> on 2024-05-30 20:30:00+00:00
[2024-06-05T01:42:01.267+0000] {warnings.py:110} WARNING - /home/***/.local/lib/python3.12/site-packages/***/task/task_runner/standard_task_runner.py:61: DeprecationWarning: This process (pid=3551) is multi-threaded, use of fork() may lead to deadlocks in the child.
  pid = os.fork()

[2024-06-05T01:42:01.272+0000] {standard_task_runner.py:63} INFO - Started process 3575 to run task
[2024-06-05T01:42:01.272+0000] {standard_task_runner.py:90} INFO - Running: ['***', 'tasks', 'run', 'dados_climaticos_estruturados', 'criar_pasta', 'scheduled__2024-05-30T20:30:00+00:00', '--job-id', '1131', '--raw', '--subdir', 'DAGS_FOLDER/weather/custom_dags/dados_climaticos_estruturados.py', '--cfg-path', '/tmp/tmpdepye7mj']
[2024-06-05T01:42:01.275+0000] {standard_task_runner.py:91} INFO - Job 1131: Subtask criar_pasta
[2024-06-05T01:42:01.382+0000] {task_command.py:426} INFO - Running <TaskInstance: dados_climaticos_estruturados.criar_pasta scheduled__2024-05-30T20:30:00+00:00 [running]> on host 80232deae70a
[2024-06-05T01:42:01.604+0000] {taskinstance.py:2648} INFO - Exporting env vars: AIRFLOW_CTX_DAG_OWNER='***' AIRFLOW_CTX_DAG_ID='dados_climaticos_estruturados' AIRFLOW_CTX_TASK_ID='criar_pasta' AIRFLOW_CTX_EXECUTION_DATE='2024-05-30T20:30:00+00:00' AIRFLOW_CTX_TRY_NUMBER='1' AIRFLOW_CTX_DAG_RUN_ID='scheduled__2024-05-30T20:30:00+00:00'
[2024-06-05T01:42:01.611+0000] {taskinstance.py:430} INFO - ::endgroup::
[2024-06-05T01:42:01.616+0000] {python.py:237} INFO - Done. Returned value was: None
[2024-06-05T01:42:01.619+0000] {taskinstance.py:441} INFO - ::group::Post task execution logs
[2024-06-05T01:42:01.643+0000] {taskinstance.py:1206} INFO - Marking task as SUCCESS. dag_id=dados_climaticos_estruturados, task_id=criar_pasta, run_id=scheduled__2024-05-30T20:30:00+00:00, execution_date=20240530T203000, start_date=20240605T014201, end_date=20240605T014201
[2024-06-05T01:42:01.711+0000] {local_task_job_runner.py:240} INFO - Task exited with return code 0
[2024-06-05T01:42:01.765+0000] {taskinstance.py:3498} INFO - 1 downstream tasks scheduled from follow-on schedule check
[2024-06-05T01:42:01.771+0000] {local_task_job_runner.py:222} INFO - ::endgroup::
