[2024-06-05T00:56:05.921+0000] {local_task_job_runner.py:120} INFO - ::group::Pre task execution logs
[2024-06-05T00:56:05.984+0000] {taskinstance.py:2076} INFO - Dependencies all met for dep_context=non-requeueable deps ti=<TaskInstance: dados_climaticos_estruturados.criar_pasta scheduled__2024-05-29T12:55:00+00:00 [queued]>
[2024-06-05T00:56:06.005+0000] {taskinstance.py:2076} INFO - Dependencies all met for dep_context=requeueable deps ti=<TaskInstance: dados_climaticos_estruturados.criar_pasta scheduled__2024-05-29T12:55:00+00:00 [queued]>
[2024-06-05T00:56:06.008+0000] {taskinstance.py:2306} INFO - Starting attempt 1 of 1
[2024-06-05T00:56:06.191+0000] {taskinstance.py:2330} INFO - Executing <Task(PythonOperator): criar_pasta> on 2024-05-29 12:55:00+00:00
[2024-06-05T00:56:06.208+0000] {warnings.py:110} WARNING - /home/***/.local/lib/python3.12/site-packages/***/task/task_runner/standard_task_runner.py:61: DeprecationWarning: This process (pid=1213) is multi-threaded, use of fork() may lead to deadlocks in the child.
  pid = os.fork()

[2024-06-05T00:56:06.218+0000] {standard_task_runner.py:63} INFO - Started process 1233 to run task
[2024-06-05T00:56:06.216+0000] {standard_task_runner.py:90} INFO - Running: ['***', 'tasks', 'run', 'dados_climaticos_estruturados', 'criar_pasta', 'scheduled__2024-05-29T12:55:00+00:00', '--job-id', '759', '--raw', '--subdir', 'DAGS_FOLDER/weather/custom_dags/dados_climaticos_estruturados.py', '--cfg-path', '/tmp/tmp8xywj556']
[2024-06-05T00:56:06.219+0000] {standard_task_runner.py:91} INFO - Job 759: Subtask criar_pasta
[2024-06-05T00:56:06.347+0000] {task_command.py:426} INFO - Running <TaskInstance: dados_climaticos_estruturados.criar_pasta scheduled__2024-05-29T12:55:00+00:00 [running]> on host 6665b0710315
[2024-06-05T00:56:06.561+0000] {taskinstance.py:2648} INFO - Exporting env vars: AIRFLOW_CTX_DAG_OWNER='***' AIRFLOW_CTX_DAG_ID='dados_climaticos_estruturados' AIRFLOW_CTX_TASK_ID='criar_pasta' AIRFLOW_CTX_EXECUTION_DATE='2024-05-29T12:55:00+00:00' AIRFLOW_CTX_TRY_NUMBER='1' AIRFLOW_CTX_DAG_RUN_ID='scheduled__2024-05-29T12:55:00+00:00'
[2024-06-05T00:56:06.569+0000] {taskinstance.py:430} INFO - ::endgroup::
[2024-06-05T00:56:06.573+0000] {python.py:237} INFO - Done. Returned value was: None
[2024-06-05T00:56:06.576+0000] {taskinstance.py:441} INFO - ::group::Post task execution logs
[2024-06-05T00:56:06.597+0000] {taskinstance.py:1206} INFO - Marking task as SUCCESS. dag_id=dados_climaticos_estruturados, task_id=criar_pasta, run_id=scheduled__2024-05-29T12:55:00+00:00, execution_date=20240529T125500, start_date=20240605T005605, end_date=20240605T005606
[2024-06-05T00:56:06.689+0000] {local_task_job_runner.py:240} INFO - Task exited with return code 0
[2024-06-05T00:56:06.757+0000] {taskinstance.py:3498} INFO - 1 downstream tasks scheduled from follow-on schedule check
[2024-06-05T00:56:06.762+0000] {local_task_job_runner.py:222} INFO - ::endgroup::
[2024-06-05T01:35:54.837+0000] {local_task_job_runner.py:120} INFO - ::group::Pre task execution logs
[2024-06-05T01:35:54.887+0000] {taskinstance.py:2076} INFO - Dependencies all met for dep_context=non-requeueable deps ti=<TaskInstance: dados_climaticos_estruturados.criar_pasta scheduled__2024-05-29T12:55:00+00:00 [queued]>
[2024-06-05T01:35:54.909+0000] {taskinstance.py:2076} INFO - Dependencies all met for dep_context=requeueable deps ti=<TaskInstance: dados_climaticos_estruturados.criar_pasta scheduled__2024-05-29T12:55:00+00:00 [queued]>
[2024-06-05T01:35:54.910+0000] {taskinstance.py:2306} INFO - Starting attempt 1 of 1
[2024-06-05T01:35:54.939+0000] {taskinstance.py:2330} INFO - Executing <Task(PythonOperator): criar_pasta> on 2024-05-29 12:55:00+00:00
[2024-06-05T01:35:54.953+0000] {warnings.py:110} WARNING - /home/***/.local/lib/python3.12/site-packages/***/task/task_runner/standard_task_runner.py:61: DeprecationWarning: This process (pid=1179) is multi-threaded, use of fork() may lead to deadlocks in the child.
  pid = os.fork()

[2024-06-05T01:35:54.960+0000] {standard_task_runner.py:63} INFO - Started process 1212 to run task
[2024-06-05T01:35:54.957+0000] {standard_task_runner.py:90} INFO - Running: ['***', 'tasks', 'run', 'dados_climaticos_estruturados', 'criar_pasta', 'scheduled__2024-05-29T12:55:00+00:00', '--job-id', '368', '--raw', '--subdir', 'DAGS_FOLDER/weather/custom_dags/dados_climaticos_estruturados.py', '--cfg-path', '/tmp/tmp81bt34b8']
[2024-06-05T01:35:54.973+0000] {standard_task_runner.py:91} INFO - Job 368: Subtask criar_pasta
[2024-06-05T01:35:55.100+0000] {task_command.py:426} INFO - Running <TaskInstance: dados_climaticos_estruturados.criar_pasta scheduled__2024-05-29T12:55:00+00:00 [running]> on host 80232deae70a
[2024-06-05T01:35:55.360+0000] {taskinstance.py:2648} INFO - Exporting env vars: AIRFLOW_CTX_DAG_OWNER='***' AIRFLOW_CTX_DAG_ID='dados_climaticos_estruturados' AIRFLOW_CTX_TASK_ID='criar_pasta' AIRFLOW_CTX_EXECUTION_DATE='2024-05-29T12:55:00+00:00' AIRFLOW_CTX_TRY_NUMBER='1' AIRFLOW_CTX_DAG_RUN_ID='scheduled__2024-05-29T12:55:00+00:00'
[2024-06-05T01:35:55.365+0000] {taskinstance.py:430} INFO - ::endgroup::
[2024-06-05T01:35:55.371+0000] {python.py:237} INFO - Done. Returned value was: None
[2024-06-05T01:35:55.372+0000] {taskinstance.py:441} INFO - ::group::Post task execution logs
[2024-06-05T01:35:55.392+0000] {taskinstance.py:1206} INFO - Marking task as SUCCESS. dag_id=dados_climaticos_estruturados, task_id=criar_pasta, run_id=scheduled__2024-05-29T12:55:00+00:00, execution_date=20240529T125500, start_date=20240605T013554, end_date=20240605T013555
[2024-06-05T01:35:55.452+0000] {local_task_job_runner.py:240} INFO - Task exited with return code 0
[2024-06-05T01:35:55.533+0000] {taskinstance.py:3498} INFO - 1 downstream tasks scheduled from follow-on schedule check
[2024-06-05T01:35:55.544+0000] {local_task_job_runner.py:222} INFO - ::endgroup::
