[2024-06-05T01:04:19.449+0000] {local_task_job_runner.py:120} INFO - ::group::Pre task execution logs
[2024-06-05T01:04:19.579+0000] {taskinstance.py:2076} INFO - Dependencies all met for dep_context=non-requeueable deps ti=<TaskInstance: dados_climaticos_estruturados.criar_pasta scheduled__2024-05-31T05:35:00+00:00 [queued]>
[2024-06-05T01:04:19.620+0000] {taskinstance.py:2076} INFO - Dependencies all met for dep_context=requeueable deps ti=<TaskInstance: dados_climaticos_estruturados.criar_pasta scheduled__2024-05-31T05:35:00+00:00 [queued]>
[2024-06-05T01:04:19.622+0000] {taskinstance.py:2306} INFO - Starting attempt 1 of 1
[2024-06-05T01:04:19.903+0000] {taskinstance.py:2330} INFO - Executing <Task(PythonOperator): criar_pasta> on 2024-05-31 05:35:00+00:00
[2024-06-05T01:04:19.938+0000] {warnings.py:110} WARNING - /home/***/.local/lib/python3.12/site-packages/***/task/task_runner/standard_task_runner.py:61: DeprecationWarning: This process (pid=4222) is multi-threaded, use of fork() may lead to deadlocks in the child.
  pid = os.fork()

[2024-06-05T01:04:19.950+0000] {standard_task_runner.py:63} INFO - Started process 4254 to run task
[2024-06-05T01:04:19.945+0000] {standard_task_runner.py:90} INFO - Running: ['***', 'tasks', 'run', 'dados_climaticos_estruturados', 'criar_pasta', 'scheduled__2024-05-31T05:35:00+00:00', '--job-id', '1732', '--raw', '--subdir', 'DAGS_FOLDER/weather/custom_dags/dados_climaticos_estruturados.py', '--cfg-path', '/tmp/tmpagqbn1zk']
[2024-06-05T01:04:19.956+0000] {standard_task_runner.py:91} INFO - Job 1732: Subtask criar_pasta
[2024-06-05T01:04:20.176+0000] {task_command.py:426} INFO - Running <TaskInstance: dados_climaticos_estruturados.criar_pasta scheduled__2024-05-31T05:35:00+00:00 [running]> on host 6665b0710315
[2024-06-05T01:04:20.583+0000] {taskinstance.py:2648} INFO - Exporting env vars: AIRFLOW_CTX_DAG_OWNER='***' AIRFLOW_CTX_DAG_ID='dados_climaticos_estruturados' AIRFLOW_CTX_TASK_ID='criar_pasta' AIRFLOW_CTX_EXECUTION_DATE='2024-05-31T05:35:00+00:00' AIRFLOW_CTX_TRY_NUMBER='1' AIRFLOW_CTX_DAG_RUN_ID='scheduled__2024-05-31T05:35:00+00:00'
[2024-06-05T01:04:20.601+0000] {taskinstance.py:430} INFO - ::endgroup::
[2024-06-05T01:04:20.618+0000] {python.py:237} INFO - Done. Returned value was: None
[2024-06-05T01:04:20.619+0000] {taskinstance.py:441} INFO - ::group::Post task execution logs
[2024-06-05T01:04:20.650+0000] {taskinstance.py:1206} INFO - Marking task as SUCCESS. dag_id=dados_climaticos_estruturados, task_id=criar_pasta, run_id=scheduled__2024-05-31T05:35:00+00:00, execution_date=20240531T053500, start_date=20240605T010419, end_date=20240605T010420
[2024-06-05T01:04:20.726+0000] {local_task_job_runner.py:240} INFO - Task exited with return code 0
[2024-06-05T01:04:20.746+0000] {local_task_job_runner.py:222} INFO - ::endgroup::
[2024-06-05T01:43:43.720+0000] {local_task_job_runner.py:120} INFO - ::group::Pre task execution logs
[2024-06-05T01:43:43.749+0000] {taskinstance.py:2076} INFO - Dependencies all met for dep_context=non-requeueable deps ti=<TaskInstance: dados_climaticos_estruturados.criar_pasta scheduled__2024-05-31T05:35:00+00:00 [queued]>
[2024-06-05T01:43:43.765+0000] {taskinstance.py:2076} INFO - Dependencies all met for dep_context=requeueable deps ti=<TaskInstance: dados_climaticos_estruturados.criar_pasta scheduled__2024-05-31T05:35:00+00:00 [queued]>
[2024-06-05T01:43:43.766+0000] {taskinstance.py:2306} INFO - Starting attempt 1 of 1
[2024-06-05T01:43:43.786+0000] {taskinstance.py:2330} INFO - Executing <Task(PythonOperator): criar_pasta> on 2024-05-31 05:35:00+00:00
[2024-06-05T01:43:43.795+0000] {warnings.py:110} WARNING - /home/***/.local/lib/python3.12/site-packages/***/task/task_runner/standard_task_runner.py:61: DeprecationWarning: This process (pid=4246) is multi-threaded, use of fork() may lead to deadlocks in the child.
  pid = os.fork()

[2024-06-05T01:43:43.798+0000] {standard_task_runner.py:63} INFO - Started process 4248 to run task
[2024-06-05T01:43:43.798+0000] {standard_task_runner.py:90} INFO - Running: ['***', 'tasks', 'run', 'dados_climaticos_estruturados', 'criar_pasta', 'scheduled__2024-05-31T05:35:00+00:00', '--job-id', '1353', '--raw', '--subdir', 'DAGS_FOLDER/weather/custom_dags/dados_climaticos_estruturados.py', '--cfg-path', '/tmp/tmpmft6_xlk']
[2024-06-05T01:43:43.799+0000] {standard_task_runner.py:91} INFO - Job 1353: Subtask criar_pasta
[2024-06-05T01:43:43.855+0000] {task_command.py:426} INFO - Running <TaskInstance: dados_climaticos_estruturados.criar_pasta scheduled__2024-05-31T05:35:00+00:00 [running]> on host 80232deae70a
[2024-06-05T01:43:43.953+0000] {taskinstance.py:2648} INFO - Exporting env vars: AIRFLOW_CTX_DAG_OWNER='***' AIRFLOW_CTX_DAG_ID='dados_climaticos_estruturados' AIRFLOW_CTX_TASK_ID='criar_pasta' AIRFLOW_CTX_EXECUTION_DATE='2024-05-31T05:35:00+00:00' AIRFLOW_CTX_TRY_NUMBER='1' AIRFLOW_CTX_DAG_RUN_ID='scheduled__2024-05-31T05:35:00+00:00'
[2024-06-05T01:43:43.954+0000] {taskinstance.py:430} INFO - ::endgroup::
[2024-06-05T01:43:43.955+0000] {python.py:237} INFO - Done. Returned value was: None
[2024-06-05T01:43:43.956+0000] {taskinstance.py:441} INFO - ::group::Post task execution logs
[2024-06-05T01:43:43.965+0000] {taskinstance.py:1206} INFO - Marking task as SUCCESS. dag_id=dados_climaticos_estruturados, task_id=criar_pasta, run_id=scheduled__2024-05-31T05:35:00+00:00, execution_date=20240531T053500, start_date=20240605T014343, end_date=20240605T014343
[2024-06-05T01:43:44.019+0000] {local_task_job_runner.py:240} INFO - Task exited with return code 0
[2024-06-05T01:43:44.039+0000] {taskinstance.py:3498} INFO - 1 downstream tasks scheduled from follow-on schedule check
[2024-06-05T01:43:44.042+0000] {local_task_job_runner.py:222} INFO - ::endgroup::
