[2024-06-18T00:37:40.388+0000] {local_task_job_runner.py:120} INFO - ::group::Pre task execution logs
[2024-06-18T00:37:40.415+0000] {taskinstance.py:2076} INFO - Dependencies all met for dep_context=non-requeueable deps ti=<TaskInstance: dados_climaticos_estruturados.transformar_dados manual__2024-06-18T00:37:32.321704+00:00 [queued]>
[2024-06-18T00:37:40.428+0000] {taskinstance.py:2076} INFO - Dependencies all met for dep_context=requeueable deps ti=<TaskInstance: dados_climaticos_estruturados.transformar_dados manual__2024-06-18T00:37:32.321704+00:00 [queued]>
[2024-06-18T00:37:40.429+0000] {taskinstance.py:2306} INFO - Starting attempt 1 of 1
[2024-06-18T00:37:40.445+0000] {taskinstance.py:2330} INFO - Executing <Task(PythonOperator): transformar_dados> on 2024-06-18 00:37:32.321704+00:00
[2024-06-18T00:37:40.453+0000] {warnings.py:110} WARNING - /home/***/.local/lib/python3.12/site-packages/***/task/task_runner/standard_task_runner.py:61: DeprecationWarning: This process (pid=155) is multi-threaded, use of fork() may lead to deadlocks in the child.
  pid = os.fork()

[2024-06-18T00:37:40.455+0000] {standard_task_runner.py:63} INFO - Started process 157 to run task
[2024-06-18T00:37:40.456+0000] {standard_task_runner.py:90} INFO - Running: ['***', 'tasks', 'run', 'dados_climaticos_estruturados', 'transformar_dados', 'manual__2024-06-18T00:37:32.321704+00:00', '--job-id', '2106', '--raw', '--subdir', 'DAGS_FOLDER/weather/custom_dags/dados_climaticos_estruturados.py', '--cfg-path', '/tmp/tmpthr08uka']
[2024-06-18T00:37:40.458+0000] {standard_task_runner.py:91} INFO - Job 2106: Subtask transformar_dados
[2024-06-18T00:37:40.520+0000] {task_command.py:426} INFO - Running <TaskInstance: dados_climaticos_estruturados.transformar_dados manual__2024-06-18T00:37:32.321704+00:00 [running]> on host 63224c1d822d
[2024-06-18T00:37:40.664+0000] {taskinstance.py:2648} INFO - Exporting env vars: AIRFLOW_CTX_DAG_OWNER='***' AIRFLOW_CTX_DAG_ID='dados_climaticos_estruturados' AIRFLOW_CTX_TASK_ID='transformar_dados' AIRFLOW_CTX_EXECUTION_DATE='2024-06-18T00:37:32.321704+00:00' AIRFLOW_CTX_TRY_NUMBER='1' AIRFLOW_CTX_DAG_RUN_ID='manual__2024-06-18T00:37:32.321704+00:00'
[2024-06-18T00:37:40.668+0000] {taskinstance.py:430} INFO - ::endgroup::
[2024-06-18T00:37:40.670+0000] {taskinstance.py:441} INFO - ::group::Post task execution logs
[2024-06-18T00:37:40.670+0000] {taskinstance.py:2905} ERROR - Task failed with exception
Traceback (most recent call last):
  File "/home/airflow/.local/lib/python3.12/site-packages/airflow/models/taskinstance.py", line 465, in _execute_task
    result = _execute_callable(context=context, **execute_callable_kwargs)
             ^^^^^^^^^^^^^^^^^^^^^^^^^^^^^^^^^^^^^^^^^^^^^^^^^^^^^^^^^^^^^
  File "/home/airflow/.local/lib/python3.12/site-packages/airflow/models/taskinstance.py", line 432, in _execute_callable
    return execute_callable(context=context, **execute_callable_kwargs)
           ^^^^^^^^^^^^^^^^^^^^^^^^^^^^^^^^^^^^^^^^^^^^^^^^^^^^^^^^^^^^
  File "/home/airflow/.local/lib/python3.12/site-packages/airflow/models/baseoperator.py", line 400, in wrapper
    return func(self, *args, **kwargs)
           ^^^^^^^^^^^^^^^^^^^^^^^^^^^
  File "/home/airflow/.local/lib/python3.12/site-packages/airflow/operators/python.py", line 235, in execute
    return_value = self.execute_callable()
                   ^^^^^^^^^^^^^^^^^^^^^^^
  File "/home/airflow/.local/lib/python3.12/site-packages/airflow/operators/python.py", line 252, in execute_callable
    return self.python_callable(*self.op_args, **self.op_kwargs)
           ^^^^^^^^^^^^^^^^^^^^^^^^^^^^^^^^^^^^^^^^^^^^^^^^^^^^^
  File "/opt/airflow/dags/weather/etl/transform.py", line 7, in transformar_dados
    with open(f"/opt/airflow/data/raw/{city}/",'r') as csvfile:
         ^^^^^^^^^^^^^^^^^^^^^^^^^^^^^^^^^^^^^^^^^^
IsADirectoryError: [Errno 21] Is a directory: '/opt/airflow/data/raw/Itacoatiara/'
[2024-06-18T00:37:40.684+0000] {taskinstance.py:1206} INFO - Marking task as FAILED. dag_id=dados_climaticos_estruturados, task_id=transformar_dados, run_id=manual__2024-06-18T00:37:32.321704+00:00, execution_date=20240618T003732, start_date=20240618T003740, end_date=20240618T003740
[2024-06-18T00:37:40.700+0000] {standard_task_runner.py:110} ERROR - Failed to execute job 2106 for task transformar_dados ([Errno 21] Is a directory: '/opt/airflow/data/raw/Itacoatiara/'; 157)
[2024-06-18T00:37:40.718+0000] {local_task_job_runner.py:240} INFO - Task exited with return code 1
[2024-06-18T00:37:40.731+0000] {local_task_job_runner.py:222} INFO - ::endgroup::
