[2024-06-05T00:59:51.008+0000] {local_task_job_runner.py:120} INFO - ::group::Pre task execution logs
[2024-06-05T00:59:51.045+0000] {taskinstance.py:2076} INFO - Dependencies all met for dep_context=non-requeueable deps ti=<TaskInstance: dados_climaticos_estruturados.criar_pasta scheduled__2024-05-30T08:15:00+00:00 [queued]>
[2024-06-05T00:59:51.063+0000] {taskinstance.py:2076} INFO - Dependencies all met for dep_context=requeueable deps ti=<TaskInstance: dados_climaticos_estruturados.criar_pasta scheduled__2024-05-30T08:15:00+00:00 [queued]>
[2024-06-05T00:59:51.070+0000] {taskinstance.py:2306} INFO - Starting attempt 1 of 1
[2024-06-05T00:59:51.097+0000] {taskinstance.py:2330} INFO - Executing <Task(PythonOperator): criar_pasta> on 2024-05-30 08:15:00+00:00
[2024-06-05T00:59:51.111+0000] {warnings.py:110} WARNING - /home/***/.local/lib/python3.12/site-packages/***/task/task_runner/standard_task_runner.py:61: DeprecationWarning: This process (pid=2632) is multi-threaded, use of fork() may lead to deadlocks in the child.
  pid = os.fork()

[2024-06-05T00:59:51.114+0000] {standard_task_runner.py:90} INFO - Running: ['***', 'tasks', 'run', 'dados_climaticos_estruturados', 'criar_pasta', 'scheduled__2024-05-30T08:15:00+00:00', '--job-id', '1221', '--raw', '--subdir', 'DAGS_FOLDER/weather/custom_dags/dados_climaticos_estruturados.py', '--cfg-path', '/tmp/tmpjz8u9xjw']
[2024-06-05T00:59:51.116+0000] {standard_task_runner.py:91} INFO - Job 1221: Subtask criar_pasta
[2024-06-05T00:59:51.116+0000] {standard_task_runner.py:63} INFO - Started process 2651 to run task
[2024-06-05T00:59:51.199+0000] {task_command.py:426} INFO - Running <TaskInstance: dados_climaticos_estruturados.criar_pasta scheduled__2024-05-30T08:15:00+00:00 [running]> on host 6665b0710315
[2024-06-05T00:59:51.340+0000] {taskinstance.py:2648} INFO - Exporting env vars: AIRFLOW_CTX_DAG_OWNER='***' AIRFLOW_CTX_DAG_ID='dados_climaticos_estruturados' AIRFLOW_CTX_TASK_ID='criar_pasta' AIRFLOW_CTX_EXECUTION_DATE='2024-05-30T08:15:00+00:00' AIRFLOW_CTX_TRY_NUMBER='1' AIRFLOW_CTX_DAG_RUN_ID='scheduled__2024-05-30T08:15:00+00:00'
[2024-06-05T00:59:51.343+0000] {taskinstance.py:430} INFO - ::endgroup::
[2024-06-05T00:59:51.344+0000] {python.py:237} INFO - Done. Returned value was: None
[2024-06-05T00:59:51.345+0000] {taskinstance.py:441} INFO - ::group::Post task execution logs
[2024-06-05T00:59:51.357+0000] {taskinstance.py:1206} INFO - Marking task as SUCCESS. dag_id=dados_climaticos_estruturados, task_id=criar_pasta, run_id=scheduled__2024-05-30T08:15:00+00:00, execution_date=20240530T081500, start_date=20240605T005951, end_date=20240605T005951
[2024-06-05T00:59:51.384+0000] {local_task_job_runner.py:240} INFO - Task exited with return code 0
[2024-06-05T00:59:51.397+0000] {local_task_job_runner.py:222} INFO - ::endgroup::
[2024-06-05T01:39:40.596+0000] {local_task_job_runner.py:120} INFO - ::group::Pre task execution logs
[2024-06-05T01:39:40.657+0000] {taskinstance.py:2076} INFO - Dependencies all met for dep_context=non-requeueable deps ti=<TaskInstance: dados_climaticos_estruturados.criar_pasta scheduled__2024-05-30T08:15:00+00:00 [queued]>
[2024-06-05T01:39:40.676+0000] {taskinstance.py:2076} INFO - Dependencies all met for dep_context=requeueable deps ti=<TaskInstance: dados_climaticos_estruturados.criar_pasta scheduled__2024-05-30T08:15:00+00:00 [queued]>
[2024-06-05T01:39:40.677+0000] {taskinstance.py:2306} INFO - Starting attempt 1 of 1
[2024-06-05T01:39:40.715+0000] {taskinstance.py:2330} INFO - Executing <Task(PythonOperator): criar_pasta> on 2024-05-30 08:15:00+00:00
[2024-06-05T01:39:40.761+0000] {standard_task_runner.py:90} INFO - Running: ['***', 'tasks', 'run', 'dados_climaticos_estruturados', 'criar_pasta', 'scheduled__2024-05-30T08:15:00+00:00', '--job-id', '831', '--raw', '--subdir', 'DAGS_FOLDER/weather/custom_dags/dados_climaticos_estruturados.py', '--cfg-path', '/tmp/tmp1n0v7djb']
[2024-06-05T01:39:40.768+0000] {standard_task_runner.py:91} INFO - Job 831: Subtask criar_pasta
[2024-06-05T01:39:40.759+0000] {warnings.py:110} WARNING - /home/***/.local/lib/python3.12/site-packages/***/task/task_runner/standard_task_runner.py:61: DeprecationWarning: This process (pid=2617) is multi-threaded, use of fork() may lead to deadlocks in the child.
  pid = os.fork()

[2024-06-05T01:39:40.771+0000] {standard_task_runner.py:63} INFO - Started process 2656 to run task
[2024-06-05T01:39:40.928+0000] {task_command.py:426} INFO - Running <TaskInstance: dados_climaticos_estruturados.criar_pasta scheduled__2024-05-30T08:15:00+00:00 [running]> on host 80232deae70a
[2024-06-05T01:39:41.325+0000] {taskinstance.py:2648} INFO - Exporting env vars: AIRFLOW_CTX_DAG_OWNER='***' AIRFLOW_CTX_DAG_ID='dados_climaticos_estruturados' AIRFLOW_CTX_TASK_ID='criar_pasta' AIRFLOW_CTX_EXECUTION_DATE='2024-05-30T08:15:00+00:00' AIRFLOW_CTX_TRY_NUMBER='1' AIRFLOW_CTX_DAG_RUN_ID='scheduled__2024-05-30T08:15:00+00:00'
[2024-06-05T01:39:41.333+0000] {taskinstance.py:430} INFO - ::endgroup::
[2024-06-05T01:39:41.335+0000] {python.py:237} INFO - Done. Returned value was: None
[2024-06-05T01:39:41.340+0000] {taskinstance.py:441} INFO - ::group::Post task execution logs
[2024-06-05T01:39:41.365+0000] {taskinstance.py:1206} INFO - Marking task as SUCCESS. dag_id=dados_climaticos_estruturados, task_id=criar_pasta, run_id=scheduled__2024-05-30T08:15:00+00:00, execution_date=20240530T081500, start_date=20240605T013940, end_date=20240605T013941
[2024-06-05T01:39:41.467+0000] {local_task_job_runner.py:240} INFO - Task exited with return code 0
[2024-06-05T01:39:41.539+0000] {taskinstance.py:3498} INFO - 1 downstream tasks scheduled from follow-on schedule check
[2024-06-05T01:39:41.548+0000] {local_task_job_runner.py:222} INFO - ::endgroup::
