[2024-06-05T01:05:05.526+0000] {local_task_job_runner.py:120} INFO - ::group::Pre task execution logs
[2024-06-05T01:05:05.566+0000] {taskinstance.py:2076} INFO - Dependencies all met for dep_context=non-requeueable deps ti=<TaskInstance: dados_climaticos_estruturados.criar_pasta scheduled__2024-05-31T09:20:00+00:00 [queued]>
[2024-06-05T01:05:05.586+0000] {taskinstance.py:2076} INFO - Dependencies all met for dep_context=requeueable deps ti=<TaskInstance: dados_climaticos_estruturados.criar_pasta scheduled__2024-05-31T09:20:00+00:00 [queued]>
[2024-06-05T01:05:05.589+0000] {taskinstance.py:2306} INFO - Starting attempt 1 of 1
[2024-06-05T01:05:05.629+0000] {taskinstance.py:2330} INFO - Executing <Task(PythonOperator): criar_pasta> on 2024-05-31 09:20:00+00:00
[2024-06-05T01:05:05.660+0000] {warnings.py:110} WARNING - /home/***/.local/lib/python3.12/site-packages/***/task/task_runner/standard_task_runner.py:61: DeprecationWarning: This process (pid=4503) is multi-threaded, use of fork() may lead to deadlocks in the child.
  pid = os.fork()

[2024-06-05T01:05:05.663+0000] {standard_task_runner.py:63} INFO - Started process 4533 to run task
[2024-06-05T01:05:05.663+0000] {standard_task_runner.py:90} INFO - Running: ['***', 'tasks', 'run', 'dados_climaticos_estruturados', 'criar_pasta', 'scheduled__2024-05-31T09:20:00+00:00', '--job-id', '1823', '--raw', '--subdir', 'DAGS_FOLDER/weather/custom_dags/dados_climaticos_estruturados.py', '--cfg-path', '/tmp/tmpoy41uwmh']
[2024-06-05T01:05:05.675+0000] {standard_task_runner.py:91} INFO - Job 1823: Subtask criar_pasta
[2024-06-05T01:05:05.805+0000] {task_command.py:426} INFO - Running <TaskInstance: dados_climaticos_estruturados.criar_pasta scheduled__2024-05-31T09:20:00+00:00 [running]> on host 6665b0710315
[2024-06-05T01:05:06.071+0000] {taskinstance.py:2648} INFO - Exporting env vars: AIRFLOW_CTX_DAG_OWNER='***' AIRFLOW_CTX_DAG_ID='dados_climaticos_estruturados' AIRFLOW_CTX_TASK_ID='criar_pasta' AIRFLOW_CTX_EXECUTION_DATE='2024-05-31T09:20:00+00:00' AIRFLOW_CTX_TRY_NUMBER='1' AIRFLOW_CTX_DAG_RUN_ID='scheduled__2024-05-31T09:20:00+00:00'
[2024-06-05T01:05:06.080+0000] {taskinstance.py:430} INFO - ::endgroup::
[2024-06-05T01:05:06.086+0000] {python.py:237} INFO - Done. Returned value was: None
[2024-06-05T01:05:06.088+0000] {taskinstance.py:441} INFO - ::group::Post task execution logs
[2024-06-05T01:05:06.116+0000] {taskinstance.py:1206} INFO - Marking task as SUCCESS. dag_id=dados_climaticos_estruturados, task_id=criar_pasta, run_id=scheduled__2024-05-31T09:20:00+00:00, execution_date=20240531T092000, start_date=20240605T010505, end_date=20240605T010506
[2024-06-05T01:05:06.187+0000] {local_task_job_runner.py:240} INFO - Task exited with return code 0
[2024-06-05T01:05:06.228+0000] {taskinstance.py:3498} INFO - 1 downstream tasks scheduled from follow-on schedule check
[2024-06-05T01:05:06.240+0000] {local_task_job_runner.py:222} INFO - ::endgroup::
[2024-06-05T01:44:38.473+0000] {local_task_job_runner.py:120} INFO - ::group::Pre task execution logs
[2024-06-05T01:44:38.547+0000] {taskinstance.py:2076} INFO - Dependencies all met for dep_context=non-requeueable deps ti=<TaskInstance: dados_climaticos_estruturados.criar_pasta scheduled__2024-05-31T09:20:00+00:00 [queued]>
[2024-06-05T01:44:38.564+0000] {taskinstance.py:2076} INFO - Dependencies all met for dep_context=requeueable deps ti=<TaskInstance: dados_climaticos_estruturados.criar_pasta scheduled__2024-05-31T09:20:00+00:00 [queued]>
[2024-06-05T01:44:38.569+0000] {taskinstance.py:2306} INFO - Starting attempt 1 of 1
[2024-06-05T01:44:38.608+0000] {taskinstance.py:2330} INFO - Executing <Task(PythonOperator): criar_pasta> on 2024-05-31 09:20:00+00:00
[2024-06-05T01:44:38.638+0000] {warnings.py:110} WARNING - /home/***/.local/lib/python3.12/site-packages/***/task/task_runner/standard_task_runner.py:61: DeprecationWarning: This process (pid=4489) is multi-threaded, use of fork() may lead to deadlocks in the child.
  pid = os.fork()

[2024-06-05T01:44:38.641+0000] {standard_task_runner.py:63} INFO - Started process 4522 to run task
[2024-06-05T01:44:38.642+0000] {standard_task_runner.py:90} INFO - Running: ['***', 'tasks', 'run', 'dados_climaticos_estruturados', 'criar_pasta', 'scheduled__2024-05-31T09:20:00+00:00', '--job-id', '1434', '--raw', '--subdir', 'DAGS_FOLDER/weather/custom_dags/dados_climaticos_estruturados.py', '--cfg-path', '/tmp/tmp2k3qlfkp']
[2024-06-05T01:44:38.647+0000] {standard_task_runner.py:91} INFO - Job 1434: Subtask criar_pasta
[2024-06-05T01:44:38.797+0000] {task_command.py:426} INFO - Running <TaskInstance: dados_climaticos_estruturados.criar_pasta scheduled__2024-05-31T09:20:00+00:00 [running]> on host 80232deae70a
[2024-06-05T01:44:39.104+0000] {taskinstance.py:2648} INFO - Exporting env vars: AIRFLOW_CTX_DAG_OWNER='***' AIRFLOW_CTX_DAG_ID='dados_climaticos_estruturados' AIRFLOW_CTX_TASK_ID='criar_pasta' AIRFLOW_CTX_EXECUTION_DATE='2024-05-31T09:20:00+00:00' AIRFLOW_CTX_TRY_NUMBER='1' AIRFLOW_CTX_DAG_RUN_ID='scheduled__2024-05-31T09:20:00+00:00'
[2024-06-05T01:44:39.108+0000] {taskinstance.py:430} INFO - ::endgroup::
[2024-06-05T01:44:39.113+0000] {python.py:237} INFO - Done. Returned value was: None
[2024-06-05T01:44:39.115+0000] {taskinstance.py:441} INFO - ::group::Post task execution logs
[2024-06-05T01:44:39.158+0000] {taskinstance.py:1206} INFO - Marking task as SUCCESS. dag_id=dados_climaticos_estruturados, task_id=criar_pasta, run_id=scheduled__2024-05-31T09:20:00+00:00, execution_date=20240531T092000, start_date=20240605T014438, end_date=20240605T014439
[2024-06-05T01:44:39.237+0000] {local_task_job_runner.py:240} INFO - Task exited with return code 0
[2024-06-05T01:44:39.290+0000] {taskinstance.py:3498} INFO - 1 downstream tasks scheduled from follow-on schedule check
[2024-06-05T01:44:39.304+0000] {local_task_job_runner.py:222} INFO - ::endgroup::
