[2024-06-05T00:57:46.143+0000] {local_task_job_runner.py:120} INFO - ::group::Pre task execution logs
[2024-06-05T00:57:46.276+0000] {taskinstance.py:2076} INFO - Dependencies all met for dep_context=non-requeueable deps ti=<TaskInstance: dados_climaticos_estruturados.criar_pasta scheduled__2024-05-29T22:20:00+00:00 [queued]>
[2024-06-05T00:57:46.324+0000] {taskinstance.py:2076} INFO - Dependencies all met for dep_context=requeueable deps ti=<TaskInstance: dados_climaticos_estruturados.criar_pasta scheduled__2024-05-29T22:20:00+00:00 [queued]>
[2024-06-05T00:57:46.326+0000] {taskinstance.py:2306} INFO - Starting attempt 1 of 1
[2024-06-05T00:57:46.416+0000] {taskinstance.py:2330} INFO - Executing <Task(PythonOperator): criar_pasta> on 2024-05-29 22:20:00+00:00
[2024-06-05T00:57:46.433+0000] {warnings.py:110} WARNING - /home/***/.local/lib/python3.12/site-packages/***/task/task_runner/standard_task_runner.py:61: DeprecationWarning: This process (pid=1893) is multi-threaded, use of fork() may lead to deadlocks in the child.
  pid = os.fork()

[2024-06-05T00:57:46.440+0000] {standard_task_runner.py:63} INFO - Started process 1920 to run task
[2024-06-05T00:57:46.440+0000] {standard_task_runner.py:90} INFO - Running: ['***', 'tasks', 'run', 'dados_climaticos_estruturados', 'criar_pasta', 'scheduled__2024-05-29T22:20:00+00:00', '--job-id', '982', '--raw', '--subdir', 'DAGS_FOLDER/weather/custom_dags/dados_climaticos_estruturados.py', '--cfg-path', '/tmp/tmprwcmfv92']
[2024-06-05T00:57:46.455+0000] {standard_task_runner.py:91} INFO - Job 982: Subtask criar_pasta
[2024-06-05T00:57:46.682+0000] {task_command.py:426} INFO - Running <TaskInstance: dados_climaticos_estruturados.criar_pasta scheduled__2024-05-29T22:20:00+00:00 [running]> on host 6665b0710315
[2024-06-05T00:57:46.977+0000] {taskinstance.py:2648} INFO - Exporting env vars: AIRFLOW_CTX_DAG_OWNER='***' AIRFLOW_CTX_DAG_ID='dados_climaticos_estruturados' AIRFLOW_CTX_TASK_ID='criar_pasta' AIRFLOW_CTX_EXECUTION_DATE='2024-05-29T22:20:00+00:00' AIRFLOW_CTX_TRY_NUMBER='1' AIRFLOW_CTX_DAG_RUN_ID='scheduled__2024-05-29T22:20:00+00:00'
[2024-06-05T00:57:46.987+0000] {taskinstance.py:430} INFO - ::endgroup::
[2024-06-05T00:57:46.991+0000] {python.py:237} INFO - Done. Returned value was: None
[2024-06-05T00:57:46.995+0000] {taskinstance.py:441} INFO - ::group::Post task execution logs
[2024-06-05T00:57:47.074+0000] {taskinstance.py:1206} INFO - Marking task as SUCCESS. dag_id=dados_climaticos_estruturados, task_id=criar_pasta, run_id=scheduled__2024-05-29T22:20:00+00:00, execution_date=20240529T222000, start_date=20240605T005746, end_date=20240605T005747
[2024-06-05T00:57:47.252+0000] {local_task_job_runner.py:240} INFO - Task exited with return code 0
[2024-06-05T00:57:47.321+0000] {taskinstance.py:3498} INFO - 1 downstream tasks scheduled from follow-on schedule check
[2024-06-05T00:57:47.332+0000] {local_task_job_runner.py:222} INFO - ::endgroup::
[2024-06-05T01:37:55.394+0000] {local_task_job_runner.py:120} INFO - ::group::Pre task execution logs
[2024-06-05T01:37:55.439+0000] {taskinstance.py:2076} INFO - Dependencies all met for dep_context=non-requeueable deps ti=<TaskInstance: dados_climaticos_estruturados.criar_pasta scheduled__2024-05-29T22:20:00+00:00 [queued]>
[2024-06-05T01:37:55.455+0000] {taskinstance.py:2076} INFO - Dependencies all met for dep_context=requeueable deps ti=<TaskInstance: dados_climaticos_estruturados.criar_pasta scheduled__2024-05-29T22:20:00+00:00 [queued]>
[2024-06-05T01:37:55.457+0000] {taskinstance.py:2306} INFO - Starting attempt 1 of 1
[2024-06-05T01:37:55.561+0000] {taskinstance.py:2330} INFO - Executing <Task(PythonOperator): criar_pasta> on 2024-05-29 22:20:00+00:00
[2024-06-05T01:37:55.572+0000] {warnings.py:110} WARNING - /home/***/.local/lib/python3.12/site-packages/***/task/task_runner/standard_task_runner.py:61: DeprecationWarning: This process (pid=1910) is multi-threaded, use of fork() may lead to deadlocks in the child.
  pid = os.fork()

[2024-06-05T01:37:55.575+0000] {standard_task_runner.py:63} INFO - Started process 1928 to run task
[2024-06-05T01:37:55.576+0000] {standard_task_runner.py:90} INFO - Running: ['***', 'tasks', 'run', 'dados_climaticos_estruturados', 'criar_pasta', 'scheduled__2024-05-29T22:20:00+00:00', '--job-id', '600', '--raw', '--subdir', 'DAGS_FOLDER/weather/custom_dags/dados_climaticos_estruturados.py', '--cfg-path', '/tmp/tmpa6vxoow2']
[2024-06-05T01:37:55.578+0000] {standard_task_runner.py:91} INFO - Job 600: Subtask criar_pasta
[2024-06-05T01:37:55.678+0000] {task_command.py:426} INFO - Running <TaskInstance: dados_climaticos_estruturados.criar_pasta scheduled__2024-05-29T22:20:00+00:00 [running]> on host 80232deae70a
[2024-06-05T01:37:55.865+0000] {taskinstance.py:2648} INFO - Exporting env vars: AIRFLOW_CTX_DAG_OWNER='***' AIRFLOW_CTX_DAG_ID='dados_climaticos_estruturados' AIRFLOW_CTX_TASK_ID='criar_pasta' AIRFLOW_CTX_EXECUTION_DATE='2024-05-29T22:20:00+00:00' AIRFLOW_CTX_TRY_NUMBER='1' AIRFLOW_CTX_DAG_RUN_ID='scheduled__2024-05-29T22:20:00+00:00'
[2024-06-05T01:37:55.869+0000] {taskinstance.py:430} INFO - ::endgroup::
[2024-06-05T01:37:55.870+0000] {python.py:237} INFO - Done. Returned value was: None
[2024-06-05T01:37:55.872+0000] {taskinstance.py:441} INFO - ::group::Post task execution logs
[2024-06-05T01:37:55.890+0000] {taskinstance.py:1206} INFO - Marking task as SUCCESS. dag_id=dados_climaticos_estruturados, task_id=criar_pasta, run_id=scheduled__2024-05-29T22:20:00+00:00, execution_date=20240529T222000, start_date=20240605T013755, end_date=20240605T013755
[2024-06-05T01:37:55.932+0000] {local_task_job_runner.py:240} INFO - Task exited with return code 0
[2024-06-05T01:37:55.945+0000] {local_task_job_runner.py:222} INFO - ::endgroup::
