[2024-06-05T01:06:47.545+0000] {local_task_job_runner.py:120} INFO - ::group::Pre task execution logs
[2024-06-05T01:06:47.595+0000] {taskinstance.py:2076} INFO - Dependencies all met for dep_context=non-requeueable deps ti=<TaskInstance: dados_climaticos_estruturados.criar_pasta scheduled__2024-05-31T16:45:00+00:00 [queued]>
[2024-06-05T01:06:47.636+0000] {taskinstance.py:2076} INFO - Dependencies all met for dep_context=requeueable deps ti=<TaskInstance: dados_climaticos_estruturados.criar_pasta scheduled__2024-05-31T16:45:00+00:00 [queued]>
[2024-06-05T01:06:47.637+0000] {taskinstance.py:2306} INFO - Starting attempt 1 of 1
[2024-06-05T01:06:47.689+0000] {taskinstance.py:2330} INFO - Executing <Task(PythonOperator): criar_pasta> on 2024-05-31 16:45:00+00:00
[2024-06-05T01:06:47.705+0000] {warnings.py:110} WARNING - /home/***/.local/lib/python3.12/site-packages/***/task/task_runner/standard_task_runner.py:61: DeprecationWarning: This process (pid=5064) is multi-threaded, use of fork() may lead to deadlocks in the child.
  pid = os.fork()

[2024-06-05T01:06:47.708+0000] {standard_task_runner.py:63} INFO - Started process 5089 to run task
[2024-06-05T01:06:47.715+0000] {standard_task_runner.py:90} INFO - Running: ['***', 'tasks', 'run', 'dados_climaticos_estruturados', 'criar_pasta', 'scheduled__2024-05-31T16:45:00+00:00', '--job-id', '2002', '--raw', '--subdir', 'DAGS_FOLDER/weather/custom_dags/dados_climaticos_estruturados.py', '--cfg-path', '/tmp/tmpqsf_u5u9']
[2024-06-05T01:06:47.717+0000] {standard_task_runner.py:91} INFO - Job 2002: Subtask criar_pasta
[2024-06-05T01:06:47.890+0000] {task_command.py:426} INFO - Running <TaskInstance: dados_climaticos_estruturados.criar_pasta scheduled__2024-05-31T16:45:00+00:00 [running]> on host 6665b0710315
[2024-06-05T01:06:48.179+0000] {taskinstance.py:2648} INFO - Exporting env vars: AIRFLOW_CTX_DAG_OWNER='***' AIRFLOW_CTX_DAG_ID='dados_climaticos_estruturados' AIRFLOW_CTX_TASK_ID='criar_pasta' AIRFLOW_CTX_EXECUTION_DATE='2024-05-31T16:45:00+00:00' AIRFLOW_CTX_TRY_NUMBER='1' AIRFLOW_CTX_DAG_RUN_ID='scheduled__2024-05-31T16:45:00+00:00'
[2024-06-05T01:06:48.183+0000] {taskinstance.py:430} INFO - ::endgroup::
[2024-06-05T01:06:48.186+0000] {python.py:237} INFO - Done. Returned value was: None
[2024-06-05T01:06:48.187+0000] {taskinstance.py:441} INFO - ::group::Post task execution logs
[2024-06-05T01:06:48.210+0000] {taskinstance.py:1206} INFO - Marking task as SUCCESS. dag_id=dados_climaticos_estruturados, task_id=criar_pasta, run_id=scheduled__2024-05-31T16:45:00+00:00, execution_date=20240531T164500, start_date=20240605T010647, end_date=20240605T010648
[2024-06-05T01:06:48.291+0000] {local_task_job_runner.py:240} INFO - Task exited with return code 0
[2024-06-05T01:06:48.367+0000] {taskinstance.py:3498} INFO - 1 downstream tasks scheduled from follow-on schedule check
[2024-06-05T01:06:48.378+0000] {local_task_job_runner.py:222} INFO - ::endgroup::
[2024-06-05T01:46:05.654+0000] {local_task_job_runner.py:120} INFO - ::group::Pre task execution logs
[2024-06-05T01:46:05.716+0000] {taskinstance.py:2076} INFO - Dependencies all met for dep_context=non-requeueable deps ti=<TaskInstance: dados_climaticos_estruturados.criar_pasta scheduled__2024-05-31T16:45:00+00:00 [queued]>
[2024-06-05T01:46:05.733+0000] {taskinstance.py:2076} INFO - Dependencies all met for dep_context=requeueable deps ti=<TaskInstance: dados_climaticos_estruturados.criar_pasta scheduled__2024-05-31T16:45:00+00:00 [queued]>
[2024-06-05T01:46:05.734+0000] {taskinstance.py:2306} INFO - Starting attempt 1 of 1
[2024-06-05T01:46:05.759+0000] {taskinstance.py:2330} INFO - Executing <Task(PythonOperator): criar_pasta> on 2024-05-31 16:45:00+00:00
[2024-06-05T01:46:05.781+0000] {warnings.py:110} WARNING - /home/***/.local/lib/python3.12/site-packages/***/task/task_runner/standard_task_runner.py:61: DeprecationWarning: This process (pid=5036) is multi-threaded, use of fork() may lead to deadlocks in the child.
  pid = os.fork()

[2024-06-05T01:46:05.787+0000] {standard_task_runner.py:63} INFO - Started process 5067 to run task
[2024-06-05T01:46:05.788+0000] {standard_task_runner.py:90} INFO - Running: ['***', 'tasks', 'run', 'dados_climaticos_estruturados', 'criar_pasta', 'scheduled__2024-05-31T16:45:00+00:00', '--job-id', '1611', '--raw', '--subdir', 'DAGS_FOLDER/weather/custom_dags/dados_climaticos_estruturados.py', '--cfg-path', '/tmp/tmpsiqcp4ho']
[2024-06-05T01:46:05.790+0000] {standard_task_runner.py:91} INFO - Job 1611: Subtask criar_pasta
[2024-06-05T01:46:05.899+0000] {task_command.py:426} INFO - Running <TaskInstance: dados_climaticos_estruturados.criar_pasta scheduled__2024-05-31T16:45:00+00:00 [running]> on host 80232deae70a
[2024-06-05T01:46:06.166+0000] {taskinstance.py:2648} INFO - Exporting env vars: AIRFLOW_CTX_DAG_OWNER='***' AIRFLOW_CTX_DAG_ID='dados_climaticos_estruturados' AIRFLOW_CTX_TASK_ID='criar_pasta' AIRFLOW_CTX_EXECUTION_DATE='2024-05-31T16:45:00+00:00' AIRFLOW_CTX_TRY_NUMBER='1' AIRFLOW_CTX_DAG_RUN_ID='scheduled__2024-05-31T16:45:00+00:00'
[2024-06-05T01:46:06.175+0000] {taskinstance.py:430} INFO - ::endgroup::
[2024-06-05T01:46:06.184+0000] {python.py:237} INFO - Done. Returned value was: None
[2024-06-05T01:46:06.188+0000] {taskinstance.py:441} INFO - ::group::Post task execution logs
[2024-06-05T01:46:06.226+0000] {taskinstance.py:1206} INFO - Marking task as SUCCESS. dag_id=dados_climaticos_estruturados, task_id=criar_pasta, run_id=scheduled__2024-05-31T16:45:00+00:00, execution_date=20240531T164500, start_date=20240605T014605, end_date=20240605T014606
[2024-06-05T01:46:06.305+0000] {local_task_job_runner.py:240} INFO - Task exited with return code 0
[2024-06-05T01:46:06.341+0000] {taskinstance.py:3498} INFO - 1 downstream tasks scheduled from follow-on schedule check
[2024-06-05T01:46:06.355+0000] {local_task_job_runner.py:222} INFO - ::endgroup::
