[2024-06-05T01:02:45.524+0000] {local_task_job_runner.py:120} INFO - ::group::Pre task execution logs
[2024-06-05T01:02:45.638+0000] {taskinstance.py:2076} INFO - Dependencies all met for dep_context=non-requeueable deps ti=<TaskInstance: dados_climaticos_estruturados.criar_pasta scheduled__2024-05-30T22:20:00+00:00 [queued]>
[2024-06-05T01:02:45.660+0000] {taskinstance.py:2076} INFO - Dependencies all met for dep_context=requeueable deps ti=<TaskInstance: dados_climaticos_estruturados.criar_pasta scheduled__2024-05-30T22:20:00+00:00 [queued]>
[2024-06-05T01:02:45.665+0000] {taskinstance.py:2306} INFO - Starting attempt 1 of 1
[2024-06-05T01:02:45.769+0000] {taskinstance.py:2330} INFO - Executing <Task(PythonOperator): criar_pasta> on 2024-05-30 22:20:00+00:00
[2024-06-05T01:02:45.798+0000] {warnings.py:110} WARNING - /home/***/.local/lib/python3.12/site-packages/***/task/task_runner/standard_task_runner.py:61: DeprecationWarning: This process (pid=3691) is multi-threaded, use of fork() may lead to deadlocks in the child.
  pid = os.fork()

[2024-06-05T01:02:45.807+0000] {standard_task_runner.py:63} INFO - Started process 3715 to run task
[2024-06-05T01:02:45.808+0000] {standard_task_runner.py:90} INFO - Running: ['***', 'tasks', 'run', 'dados_climaticos_estruturados', 'criar_pasta', 'scheduled__2024-05-30T22:20:00+00:00', '--job-id', '1560', '--raw', '--subdir', 'DAGS_FOLDER/weather/custom_dags/dados_climaticos_estruturados.py', '--cfg-path', '/tmp/tmp8js_was_']
[2024-06-05T01:02:45.818+0000] {standard_task_runner.py:91} INFO - Job 1560: Subtask criar_pasta
[2024-06-05T01:02:46.045+0000] {task_command.py:426} INFO - Running <TaskInstance: dados_climaticos_estruturados.criar_pasta scheduled__2024-05-30T22:20:00+00:00 [running]> on host 6665b0710315
[2024-06-05T01:02:46.467+0000] {taskinstance.py:2648} INFO - Exporting env vars: AIRFLOW_CTX_DAG_OWNER='***' AIRFLOW_CTX_DAG_ID='dados_climaticos_estruturados' AIRFLOW_CTX_TASK_ID='criar_pasta' AIRFLOW_CTX_EXECUTION_DATE='2024-05-30T22:20:00+00:00' AIRFLOW_CTX_TRY_NUMBER='1' AIRFLOW_CTX_DAG_RUN_ID='scheduled__2024-05-30T22:20:00+00:00'
[2024-06-05T01:02:46.477+0000] {taskinstance.py:430} INFO - ::endgroup::
[2024-06-05T01:02:46.490+0000] {python.py:237} INFO - Done. Returned value was: None
[2024-06-05T01:02:46.497+0000] {taskinstance.py:441} INFO - ::group::Post task execution logs
[2024-06-05T01:02:46.550+0000] {taskinstance.py:1206} INFO - Marking task as SUCCESS. dag_id=dados_climaticos_estruturados, task_id=criar_pasta, run_id=scheduled__2024-05-30T22:20:00+00:00, execution_date=20240530T222000, start_date=20240605T010245, end_date=20240605T010246
[2024-06-05T01:02:46.711+0000] {local_task_job_runner.py:240} INFO - Task exited with return code 0
[2024-06-05T01:02:46.925+0000] {taskinstance.py:3498} INFO - 1 downstream tasks scheduled from follow-on schedule check
[2024-06-05T01:02:46.971+0000] {local_task_job_runner.py:222} INFO - ::endgroup::
[2024-06-05T01:42:18.967+0000] {local_task_job_runner.py:120} INFO - ::group::Pre task execution logs
[2024-06-05T01:42:19.018+0000] {taskinstance.py:2076} INFO - Dependencies all met for dep_context=non-requeueable deps ti=<TaskInstance: dados_climaticos_estruturados.criar_pasta scheduled__2024-05-30T22:20:00+00:00 [queued]>
[2024-06-05T01:42:19.095+0000] {taskinstance.py:2076} INFO - Dependencies all met for dep_context=requeueable deps ti=<TaskInstance: dados_climaticos_estruturados.criar_pasta scheduled__2024-05-30T22:20:00+00:00 [queued]>
[2024-06-05T01:42:19.099+0000] {taskinstance.py:2306} INFO - Starting attempt 1 of 1
[2024-06-05T01:42:19.186+0000] {taskinstance.py:2330} INFO - Executing <Task(PythonOperator): criar_pasta> on 2024-05-30 22:20:00+00:00
[2024-06-05T01:42:19.236+0000] {warnings.py:110} WARNING - /home/***/.local/lib/python3.12/site-packages/***/task/task_runner/standard_task_runner.py:61: DeprecationWarning: This process (pid=3664) is multi-threaded, use of fork() may lead to deadlocks in the child.
  pid = os.fork()

[2024-06-05T01:42:19.247+0000] {standard_task_runner.py:63} INFO - Started process 3708 to run task
[2024-06-05T01:42:19.240+0000] {standard_task_runner.py:90} INFO - Running: ['***', 'tasks', 'run', 'dados_climaticos_estruturados', 'criar_pasta', 'scheduled__2024-05-30T22:20:00+00:00', '--job-id', '1170', '--raw', '--subdir', 'DAGS_FOLDER/weather/custom_dags/dados_climaticos_estruturados.py', '--cfg-path', '/tmp/tmpi_vifzev']
[2024-06-05T01:42:19.251+0000] {standard_task_runner.py:91} INFO - Job 1170: Subtask criar_pasta
[2024-06-05T01:42:19.431+0000] {task_command.py:426} INFO - Running <TaskInstance: dados_climaticos_estruturados.criar_pasta scheduled__2024-05-30T22:20:00+00:00 [running]> on host 80232deae70a
[2024-06-05T01:42:19.687+0000] {taskinstance.py:2648} INFO - Exporting env vars: AIRFLOW_CTX_DAG_OWNER='***' AIRFLOW_CTX_DAG_ID='dados_climaticos_estruturados' AIRFLOW_CTX_TASK_ID='criar_pasta' AIRFLOW_CTX_EXECUTION_DATE='2024-05-30T22:20:00+00:00' AIRFLOW_CTX_TRY_NUMBER='1' AIRFLOW_CTX_DAG_RUN_ID='scheduled__2024-05-30T22:20:00+00:00'
[2024-06-05T01:42:19.690+0000] {taskinstance.py:430} INFO - ::endgroup::
[2024-06-05T01:42:19.693+0000] {python.py:237} INFO - Done. Returned value was: None
[2024-06-05T01:42:19.700+0000] {taskinstance.py:441} INFO - ::group::Post task execution logs
[2024-06-05T01:42:19.730+0000] {taskinstance.py:1206} INFO - Marking task as SUCCESS. dag_id=dados_climaticos_estruturados, task_id=criar_pasta, run_id=scheduled__2024-05-30T22:20:00+00:00, execution_date=20240530T222000, start_date=20240605T014219, end_date=20240605T014219
[2024-06-05T01:42:19.809+0000] {local_task_job_runner.py:240} INFO - Task exited with return code 0
[2024-06-05T01:42:19.876+0000] {local_task_job_runner.py:222} INFO - ::endgroup::
