[2024-06-05T01:02:24.952+0000] {local_task_job_runner.py:120} INFO - ::group::Pre task execution logs
[2024-06-05T01:02:24.990+0000] {taskinstance.py:2076} INFO - Dependencies all met for dep_context=non-requeueable deps ti=<TaskInstance: dados_climaticos_estruturados.criar_pasta scheduled__2024-05-30T20:25:00+00:00 [queued]>
[2024-06-05T01:02:25.004+0000] {taskinstance.py:2076} INFO - Dependencies all met for dep_context=requeueable deps ti=<TaskInstance: dados_climaticos_estruturados.criar_pasta scheduled__2024-05-30T20:25:00+00:00 [queued]>
[2024-06-05T01:02:25.005+0000] {taskinstance.py:2306} INFO - Starting attempt 1 of 1
[2024-06-05T01:02:25.033+0000] {taskinstance.py:2330} INFO - Executing <Task(PythonOperator): criar_pasta> on 2024-05-30 20:25:00+00:00
[2024-06-05T01:02:25.042+0000] {warnings.py:110} WARNING - /home/***/.local/lib/python3.12/site-packages/***/task/task_runner/standard_task_runner.py:61: DeprecationWarning: This process (pid=3573) is multi-threaded, use of fork() may lead to deadlocks in the child.
  pid = os.fork()

[2024-06-05T01:02:25.045+0000] {standard_task_runner.py:63} INFO - Started process 3590 to run task
[2024-06-05T01:02:25.046+0000] {standard_task_runner.py:90} INFO - Running: ['***', 'tasks', 'run', 'dados_climaticos_estruturados', 'criar_pasta', 'scheduled__2024-05-30T20:25:00+00:00', '--job-id', '1521', '--raw', '--subdir', 'DAGS_FOLDER/weather/custom_dags/dados_climaticos_estruturados.py', '--cfg-path', '/tmp/tmppwjmkht1']
[2024-06-05T01:02:25.048+0000] {standard_task_runner.py:91} INFO - Job 1521: Subtask criar_pasta
[2024-06-05T01:02:25.159+0000] {task_command.py:426} INFO - Running <TaskInstance: dados_climaticos_estruturados.criar_pasta scheduled__2024-05-30T20:25:00+00:00 [running]> on host 6665b0710315
[2024-06-05T01:02:25.311+0000] {taskinstance.py:2648} INFO - Exporting env vars: AIRFLOW_CTX_DAG_OWNER='***' AIRFLOW_CTX_DAG_ID='dados_climaticos_estruturados' AIRFLOW_CTX_TASK_ID='criar_pasta' AIRFLOW_CTX_EXECUTION_DATE='2024-05-30T20:25:00+00:00' AIRFLOW_CTX_TRY_NUMBER='1' AIRFLOW_CTX_DAG_RUN_ID='scheduled__2024-05-30T20:25:00+00:00'
[2024-06-05T01:02:25.313+0000] {taskinstance.py:430} INFO - ::endgroup::
[2024-06-05T01:02:25.315+0000] {python.py:237} INFO - Done. Returned value was: None
[2024-06-05T01:02:25.316+0000] {taskinstance.py:441} INFO - ::group::Post task execution logs
[2024-06-05T01:02:25.330+0000] {taskinstance.py:1206} INFO - Marking task as SUCCESS. dag_id=dados_climaticos_estruturados, task_id=criar_pasta, run_id=scheduled__2024-05-30T20:25:00+00:00, execution_date=20240530T202500, start_date=20240605T010224, end_date=20240605T010225
[2024-06-05T01:02:25.395+0000] {local_task_job_runner.py:240} INFO - Task exited with return code 0
[2024-06-05T01:02:25.410+0000] {local_task_job_runner.py:222} INFO - ::endgroup::
[2024-06-05T01:42:00.653+0000] {local_task_job_runner.py:120} INFO - ::group::Pre task execution logs
[2024-06-05T01:42:00.689+0000] {taskinstance.py:2076} INFO - Dependencies all met for dep_context=non-requeueable deps ti=<TaskInstance: dados_climaticos_estruturados.criar_pasta scheduled__2024-05-30T20:25:00+00:00 [queued]>
[2024-06-05T01:42:00.708+0000] {taskinstance.py:2076} INFO - Dependencies all met for dep_context=requeueable deps ti=<TaskInstance: dados_climaticos_estruturados.criar_pasta scheduled__2024-05-30T20:25:00+00:00 [queued]>
[2024-06-05T01:42:00.710+0000] {taskinstance.py:2306} INFO - Starting attempt 1 of 1
[2024-06-05T01:42:00.738+0000] {taskinstance.py:2330} INFO - Executing <Task(PythonOperator): criar_pasta> on 2024-05-30 20:25:00+00:00
[2024-06-05T01:42:00.758+0000] {warnings.py:110} WARNING - /home/***/.local/lib/python3.12/site-packages/***/task/task_runner/standard_task_runner.py:61: DeprecationWarning: This process (pid=3549) is multi-threaded, use of fork() may lead to deadlocks in the child.
  pid = os.fork()

[2024-06-05T01:42:00.761+0000] {standard_task_runner.py:63} INFO - Started process 3568 to run task
[2024-06-05T01:42:00.761+0000] {standard_task_runner.py:90} INFO - Running: ['***', 'tasks', 'run', 'dados_climaticos_estruturados', 'criar_pasta', 'scheduled__2024-05-30T20:25:00+00:00', '--job-id', '1130', '--raw', '--subdir', 'DAGS_FOLDER/weather/custom_dags/dados_climaticos_estruturados.py', '--cfg-path', '/tmp/tmpbb6pxhet']
[2024-06-05T01:42:00.768+0000] {standard_task_runner.py:91} INFO - Job 1130: Subtask criar_pasta
[2024-06-05T01:42:00.869+0000] {task_command.py:426} INFO - Running <TaskInstance: dados_climaticos_estruturados.criar_pasta scheduled__2024-05-30T20:25:00+00:00 [running]> on host 80232deae70a
[2024-06-05T01:42:01.050+0000] {taskinstance.py:2648} INFO - Exporting env vars: AIRFLOW_CTX_DAG_OWNER='***' AIRFLOW_CTX_DAG_ID='dados_climaticos_estruturados' AIRFLOW_CTX_TASK_ID='criar_pasta' AIRFLOW_CTX_EXECUTION_DATE='2024-05-30T20:25:00+00:00' AIRFLOW_CTX_TRY_NUMBER='1' AIRFLOW_CTX_DAG_RUN_ID='scheduled__2024-05-30T20:25:00+00:00'
[2024-06-05T01:42:01.054+0000] {taskinstance.py:430} INFO - ::endgroup::
[2024-06-05T01:42:01.057+0000] {python.py:237} INFO - Done. Returned value was: None
[2024-06-05T01:42:01.059+0000] {taskinstance.py:441} INFO - ::group::Post task execution logs
[2024-06-05T01:42:01.082+0000] {taskinstance.py:1206} INFO - Marking task as SUCCESS. dag_id=dados_climaticos_estruturados, task_id=criar_pasta, run_id=scheduled__2024-05-30T20:25:00+00:00, execution_date=20240530T202500, start_date=20240605T014200, end_date=20240605T014201
[2024-06-05T01:42:01.159+0000] {local_task_job_runner.py:240} INFO - Task exited with return code 0
[2024-06-05T01:42:01.205+0000] {taskinstance.py:3498} INFO - 1 downstream tasks scheduled from follow-on schedule check
[2024-06-05T01:42:01.213+0000] {local_task_job_runner.py:222} INFO - ::endgroup::
