[2024-06-05T01:01:55.134+0000] {local_task_job_runner.py:120} INFO - ::group::Pre task execution logs
[2024-06-05T01:01:55.204+0000] {taskinstance.py:2076} INFO - Dependencies all met for dep_context=non-requeueable deps ti=<TaskInstance: dados_climaticos_estruturados.criar_pasta scheduled__2024-05-30T18:00:00+00:00 [queued]>
[2024-06-05T01:01:55.224+0000] {taskinstance.py:2076} INFO - Dependencies all met for dep_context=requeueable deps ti=<TaskInstance: dados_climaticos_estruturados.criar_pasta scheduled__2024-05-30T18:00:00+00:00 [queued]>
[2024-06-05T01:01:55.225+0000] {taskinstance.py:2306} INFO - Starting attempt 1 of 1
[2024-06-05T01:01:55.257+0000] {taskinstance.py:2330} INFO - Executing <Task(PythonOperator): criar_pasta> on 2024-05-30 18:00:00+00:00
[2024-06-05T01:01:55.275+0000] {warnings.py:110} WARNING - /home/***/.local/lib/python3.12/site-packages/***/task/task_runner/standard_task_runner.py:61: DeprecationWarning: This process (pid=3385) is multi-threaded, use of fork() may lead to deadlocks in the child.
  pid = os.fork()

[2024-06-05T01:01:55.277+0000] {standard_task_runner.py:63} INFO - Started process 3406 to run task
[2024-06-05T01:01:55.279+0000] {standard_task_runner.py:90} INFO - Running: ['***', 'tasks', 'run', 'dados_climaticos_estruturados', 'criar_pasta', 'scheduled__2024-05-30T18:00:00+00:00', '--job-id', '1460', '--raw', '--subdir', 'DAGS_FOLDER/weather/custom_dags/dados_climaticos_estruturados.py', '--cfg-path', '/tmp/tmpm7eouw_p']
[2024-06-05T01:01:55.292+0000] {standard_task_runner.py:91} INFO - Job 1460: Subtask criar_pasta
[2024-06-05T01:01:55.420+0000] {task_command.py:426} INFO - Running <TaskInstance: dados_climaticos_estruturados.criar_pasta scheduled__2024-05-30T18:00:00+00:00 [running]> on host 6665b0710315
[2024-06-05T01:01:55.886+0000] {taskinstance.py:2648} INFO - Exporting env vars: AIRFLOW_CTX_DAG_OWNER='***' AIRFLOW_CTX_DAG_ID='dados_climaticos_estruturados' AIRFLOW_CTX_TASK_ID='criar_pasta' AIRFLOW_CTX_EXECUTION_DATE='2024-05-30T18:00:00+00:00' AIRFLOW_CTX_TRY_NUMBER='1' AIRFLOW_CTX_DAG_RUN_ID='scheduled__2024-05-30T18:00:00+00:00'
[2024-06-05T01:01:55.891+0000] {taskinstance.py:430} INFO - ::endgroup::
[2024-06-05T01:01:55.892+0000] {python.py:237} INFO - Done. Returned value was: None
[2024-06-05T01:01:55.893+0000] {taskinstance.py:441} INFO - ::group::Post task execution logs
[2024-06-05T01:01:55.951+0000] {taskinstance.py:1206} INFO - Marking task as SUCCESS. dag_id=dados_climaticos_estruturados, task_id=criar_pasta, run_id=scheduled__2024-05-30T18:00:00+00:00, execution_date=20240530T180000, start_date=20240605T010155, end_date=20240605T010155
[2024-06-05T01:01:56.058+0000] {local_task_job_runner.py:240} INFO - Task exited with return code 0
[2024-06-05T01:01:56.083+0000] {local_task_job_runner.py:222} INFO - ::endgroup::
[2024-06-05T01:41:33.882+0000] {local_task_job_runner.py:120} INFO - ::group::Pre task execution logs
[2024-06-05T01:41:33.922+0000] {taskinstance.py:2076} INFO - Dependencies all met for dep_context=non-requeueable deps ti=<TaskInstance: dados_climaticos_estruturados.criar_pasta scheduled__2024-05-30T18:00:00+00:00 [queued]>
[2024-06-05T01:41:33.940+0000] {taskinstance.py:2076} INFO - Dependencies all met for dep_context=requeueable deps ti=<TaskInstance: dados_climaticos_estruturados.criar_pasta scheduled__2024-05-30T18:00:00+00:00 [queued]>
[2024-06-05T01:41:33.942+0000] {taskinstance.py:2306} INFO - Starting attempt 1 of 1
[2024-06-05T01:41:33.976+0000] {taskinstance.py:2330} INFO - Executing <Task(PythonOperator): criar_pasta> on 2024-05-30 18:00:00+00:00
[2024-06-05T01:41:33.997+0000] {warnings.py:110} WARNING - /home/***/.local/lib/python3.12/site-packages/***/task/task_runner/standard_task_runner.py:61: DeprecationWarning: This process (pid=3355) is multi-threaded, use of fork() may lead to deadlocks in the child.
  pid = os.fork()

[2024-06-05T01:41:34.005+0000] {standard_task_runner.py:63} INFO - Started process 3381 to run task
[2024-06-05T01:41:34.004+0000] {standard_task_runner.py:90} INFO - Running: ['***', 'tasks', 'run', 'dados_climaticos_estruturados', 'criar_pasta', 'scheduled__2024-05-30T18:00:00+00:00', '--job-id', '1070', '--raw', '--subdir', 'DAGS_FOLDER/weather/custom_dags/dados_climaticos_estruturados.py', '--cfg-path', '/tmp/tmpu19tibpo']
[2024-06-05T01:41:34.010+0000] {standard_task_runner.py:91} INFO - Job 1070: Subtask criar_pasta
[2024-06-05T01:41:34.130+0000] {task_command.py:426} INFO - Running <TaskInstance: dados_climaticos_estruturados.criar_pasta scheduled__2024-05-30T18:00:00+00:00 [running]> on host 80232deae70a
[2024-06-05T01:41:34.344+0000] {taskinstance.py:2648} INFO - Exporting env vars: AIRFLOW_CTX_DAG_OWNER='***' AIRFLOW_CTX_DAG_ID='dados_climaticos_estruturados' AIRFLOW_CTX_TASK_ID='criar_pasta' AIRFLOW_CTX_EXECUTION_DATE='2024-05-30T18:00:00+00:00' AIRFLOW_CTX_TRY_NUMBER='1' AIRFLOW_CTX_DAG_RUN_ID='scheduled__2024-05-30T18:00:00+00:00'
[2024-06-05T01:41:34.350+0000] {taskinstance.py:430} INFO - ::endgroup::
[2024-06-05T01:41:34.351+0000] {python.py:237} INFO - Done. Returned value was: None
[2024-06-05T01:41:34.353+0000] {taskinstance.py:441} INFO - ::group::Post task execution logs
[2024-06-05T01:41:34.395+0000] {taskinstance.py:1206} INFO - Marking task as SUCCESS. dag_id=dados_climaticos_estruturados, task_id=criar_pasta, run_id=scheduled__2024-05-30T18:00:00+00:00, execution_date=20240530T180000, start_date=20240605T014133, end_date=20240605T014134
[2024-06-05T01:41:34.482+0000] {local_task_job_runner.py:240} INFO - Task exited with return code 0
[2024-06-05T01:41:34.548+0000] {taskinstance.py:3498} INFO - 1 downstream tasks scheduled from follow-on schedule check
[2024-06-05T01:41:34.556+0000] {local_task_job_runner.py:222} INFO - ::endgroup::
