[2024-06-05T00:58:22.830+0000] {local_task_job_runner.py:120} INFO - ::group::Pre task execution logs
[2024-06-05T00:58:22.866+0000] {taskinstance.py:2076} INFO - Dependencies all met for dep_context=non-requeueable deps ti=<TaskInstance: dados_climaticos_estruturados.criar_pasta scheduled__2024-05-30T00:35:00+00:00 [queued]>
[2024-06-05T00:58:22.877+0000] {taskinstance.py:2076} INFO - Dependencies all met for dep_context=requeueable deps ti=<TaskInstance: dados_climaticos_estruturados.criar_pasta scheduled__2024-05-30T00:35:00+00:00 [queued]>
[2024-06-05T00:58:22.877+0000] {taskinstance.py:2306} INFO - Starting attempt 1 of 1
[2024-06-05T00:58:22.986+0000] {taskinstance.py:2330} INFO - Executing <Task(PythonOperator): criar_pasta> on 2024-05-30 00:35:00+00:00
[2024-06-05T00:58:22.996+0000] {warnings.py:110} WARNING - /home/***/.local/lib/python3.12/site-packages/***/task/task_runner/standard_task_runner.py:61: DeprecationWarning: This process (pid=2087) is multi-threaded, use of fork() may lead to deadlocks in the child.
  pid = os.fork()

[2024-06-05T00:58:22.999+0000] {standard_task_runner.py:63} INFO - Started process 2103 to run task
[2024-06-05T00:58:23.000+0000] {standard_task_runner.py:90} INFO - Running: ['***', 'tasks', 'run', 'dados_climaticos_estruturados', 'criar_pasta', 'scheduled__2024-05-30T00:35:00+00:00', '--job-id', '1042', '--raw', '--subdir', 'DAGS_FOLDER/weather/custom_dags/dados_climaticos_estruturados.py', '--cfg-path', '/tmp/tmp5i90jmmm']
[2024-06-05T00:58:23.002+0000] {standard_task_runner.py:91} INFO - Job 1042: Subtask criar_pasta
[2024-06-05T00:58:23.100+0000] {task_command.py:426} INFO - Running <TaskInstance: dados_climaticos_estruturados.criar_pasta scheduled__2024-05-30T00:35:00+00:00 [running]> on host 6665b0710315
[2024-06-05T00:58:23.266+0000] {taskinstance.py:2648} INFO - Exporting env vars: AIRFLOW_CTX_DAG_OWNER='***' AIRFLOW_CTX_DAG_ID='dados_climaticos_estruturados' AIRFLOW_CTX_TASK_ID='criar_pasta' AIRFLOW_CTX_EXECUTION_DATE='2024-05-30T00:35:00+00:00' AIRFLOW_CTX_TRY_NUMBER='1' AIRFLOW_CTX_DAG_RUN_ID='scheduled__2024-05-30T00:35:00+00:00'
[2024-06-05T00:58:23.269+0000] {taskinstance.py:430} INFO - ::endgroup::
[2024-06-05T00:58:23.270+0000] {python.py:237} INFO - Done. Returned value was: None
[2024-06-05T00:58:23.271+0000] {taskinstance.py:441} INFO - ::group::Post task execution logs
[2024-06-05T00:58:23.284+0000] {taskinstance.py:1206} INFO - Marking task as SUCCESS. dag_id=dados_climaticos_estruturados, task_id=criar_pasta, run_id=scheduled__2024-05-30T00:35:00+00:00, execution_date=20240530T003500, start_date=20240605T005822, end_date=20240605T005823
[2024-06-05T00:58:23.323+0000] {local_task_job_runner.py:240} INFO - Task exited with return code 0
[2024-06-05T00:58:23.360+0000] {taskinstance.py:3498} INFO - 1 downstream tasks scheduled from follow-on schedule check
[2024-06-05T00:58:23.364+0000] {local_task_job_runner.py:222} INFO - ::endgroup::
[2024-06-05T01:38:21.275+0000] {local_task_job_runner.py:120} INFO - ::group::Pre task execution logs
[2024-06-05T01:38:21.305+0000] {taskinstance.py:2076} INFO - Dependencies all met for dep_context=non-requeueable deps ti=<TaskInstance: dados_climaticos_estruturados.criar_pasta scheduled__2024-05-30T00:35:00+00:00 [queued]>
[2024-06-05T01:38:21.319+0000] {taskinstance.py:2076} INFO - Dependencies all met for dep_context=requeueable deps ti=<TaskInstance: dados_climaticos_estruturados.criar_pasta scheduled__2024-05-30T00:35:00+00:00 [queued]>
[2024-06-05T01:38:21.320+0000] {taskinstance.py:2306} INFO - Starting attempt 1 of 1
[2024-06-05T01:38:21.346+0000] {taskinstance.py:2330} INFO - Executing <Task(PythonOperator): criar_pasta> on 2024-05-30 00:35:00+00:00
[2024-06-05T01:38:21.358+0000] {warnings.py:110} WARNING - /home/***/.local/lib/python3.12/site-packages/***/task/task_runner/standard_task_runner.py:61: DeprecationWarning: This process (pid=2093) is multi-threaded, use of fork() may lead to deadlocks in the child.
  pid = os.fork()

[2024-06-05T01:38:21.362+0000] {standard_task_runner.py:63} INFO - Started process 2110 to run task
[2024-06-05T01:38:21.364+0000] {standard_task_runner.py:90} INFO - Running: ['***', 'tasks', 'run', 'dados_climaticos_estruturados', 'criar_pasta', 'scheduled__2024-05-30T00:35:00+00:00', '--job-id', '657', '--raw', '--subdir', 'DAGS_FOLDER/weather/custom_dags/dados_climaticos_estruturados.py', '--cfg-path', '/tmp/tmp37u71scr']
[2024-06-05T01:38:21.367+0000] {standard_task_runner.py:91} INFO - Job 657: Subtask criar_pasta
[2024-06-05T01:38:21.455+0000] {task_command.py:426} INFO - Running <TaskInstance: dados_climaticos_estruturados.criar_pasta scheduled__2024-05-30T00:35:00+00:00 [running]> on host 80232deae70a
[2024-06-05T01:38:21.744+0000] {taskinstance.py:2648} INFO - Exporting env vars: AIRFLOW_CTX_DAG_OWNER='***' AIRFLOW_CTX_DAG_ID='dados_climaticos_estruturados' AIRFLOW_CTX_TASK_ID='criar_pasta' AIRFLOW_CTX_EXECUTION_DATE='2024-05-30T00:35:00+00:00' AIRFLOW_CTX_TRY_NUMBER='1' AIRFLOW_CTX_DAG_RUN_ID='scheduled__2024-05-30T00:35:00+00:00'
[2024-06-05T01:38:21.747+0000] {taskinstance.py:430} INFO - ::endgroup::
[2024-06-05T01:38:21.750+0000] {python.py:237} INFO - Done. Returned value was: None
[2024-06-05T01:38:21.750+0000] {taskinstance.py:441} INFO - ::group::Post task execution logs
[2024-06-05T01:38:21.765+0000] {taskinstance.py:1206} INFO - Marking task as SUCCESS. dag_id=dados_climaticos_estruturados, task_id=criar_pasta, run_id=scheduled__2024-05-30T00:35:00+00:00, execution_date=20240530T003500, start_date=20240605T013821, end_date=20240605T013821
[2024-06-05T01:38:21.844+0000] {local_task_job_runner.py:240} INFO - Task exited with return code 0
[2024-06-05T01:38:21.898+0000] {taskinstance.py:3498} INFO - 1 downstream tasks scheduled from follow-on schedule check
[2024-06-05T01:38:21.909+0000] {local_task_job_runner.py:222} INFO - ::endgroup::
