[2024-06-05T01:05:42.096+0000] {local_task_job_runner.py:120} INFO - ::group::Pre task execution logs
[2024-06-05T01:05:42.134+0000] {taskinstance.py:2076} INFO - Dependencies all met for dep_context=non-requeueable deps ti=<TaskInstance: dados_climaticos_estruturados.criar_pasta scheduled__2024-05-31T11:25:00+00:00 [queued]>
[2024-06-05T01:05:42.149+0000] {taskinstance.py:2076} INFO - Dependencies all met for dep_context=requeueable deps ti=<TaskInstance: dados_climaticos_estruturados.criar_pasta scheduled__2024-05-31T11:25:00+00:00 [queued]>
[2024-06-05T01:05:42.150+0000] {taskinstance.py:2306} INFO - Starting attempt 1 of 1
[2024-06-05T01:05:42.175+0000] {taskinstance.py:2330} INFO - Executing <Task(PythonOperator): criar_pasta> on 2024-05-31 11:25:00+00:00
[2024-06-05T01:05:42.188+0000] {warnings.py:110} WARNING - /home/***/.local/lib/python3.12/site-packages/***/task/task_runner/standard_task_runner.py:61: DeprecationWarning: This process (pid=4684) is multi-threaded, use of fork() may lead to deadlocks in the child.
  pid = os.fork()

[2024-06-05T01:05:42.191+0000] {standard_task_runner.py:63} INFO - Started process 4702 to run task
[2024-06-05T01:05:42.191+0000] {standard_task_runner.py:90} INFO - Running: ['***', 'tasks', 'run', 'dados_climaticos_estruturados', 'criar_pasta', 'scheduled__2024-05-31T11:25:00+00:00', '--job-id', '1879', '--raw', '--subdir', 'DAGS_FOLDER/weather/custom_dags/dados_climaticos_estruturados.py', '--cfg-path', '/tmp/tmpw_az563n']
[2024-06-05T01:05:42.193+0000] {standard_task_runner.py:91} INFO - Job 1879: Subtask criar_pasta
[2024-06-05T01:05:42.276+0000] {task_command.py:426} INFO - Running <TaskInstance: dados_climaticos_estruturados.criar_pasta scheduled__2024-05-31T11:25:00+00:00 [running]> on host 6665b0710315
[2024-06-05T01:05:42.430+0000] {taskinstance.py:2648} INFO - Exporting env vars: AIRFLOW_CTX_DAG_OWNER='***' AIRFLOW_CTX_DAG_ID='dados_climaticos_estruturados' AIRFLOW_CTX_TASK_ID='criar_pasta' AIRFLOW_CTX_EXECUTION_DATE='2024-05-31T11:25:00+00:00' AIRFLOW_CTX_TRY_NUMBER='1' AIRFLOW_CTX_DAG_RUN_ID='scheduled__2024-05-31T11:25:00+00:00'
[2024-06-05T01:05:42.433+0000] {taskinstance.py:430} INFO - ::endgroup::
[2024-06-05T01:05:42.435+0000] {python.py:237} INFO - Done. Returned value was: None
[2024-06-05T01:05:42.435+0000] {taskinstance.py:441} INFO - ::group::Post task execution logs
[2024-06-05T01:05:42.451+0000] {taskinstance.py:1206} INFO - Marking task as SUCCESS. dag_id=dados_climaticos_estruturados, task_id=criar_pasta, run_id=scheduled__2024-05-31T11:25:00+00:00, execution_date=20240531T112500, start_date=20240605T010542, end_date=20240605T010542
[2024-06-05T01:05:42.503+0000] {local_task_job_runner.py:240} INFO - Task exited with return code 0
[2024-06-05T01:05:42.522+0000] {local_task_job_runner.py:222} INFO - ::endgroup::
[2024-06-05T01:45:05.732+0000] {local_task_job_runner.py:120} INFO - ::group::Pre task execution logs
[2024-06-05T01:45:05.767+0000] {taskinstance.py:2076} INFO - Dependencies all met for dep_context=non-requeueable deps ti=<TaskInstance: dados_climaticos_estruturados.criar_pasta scheduled__2024-05-31T11:25:00+00:00 [queued]>
[2024-06-05T01:45:05.780+0000] {taskinstance.py:2076} INFO - Dependencies all met for dep_context=requeueable deps ti=<TaskInstance: dados_climaticos_estruturados.criar_pasta scheduled__2024-05-31T11:25:00+00:00 [queued]>
[2024-06-05T01:45:05.782+0000] {taskinstance.py:2306} INFO - Starting attempt 1 of 1
[2024-06-05T01:45:05.804+0000] {taskinstance.py:2330} INFO - Executing <Task(PythonOperator): criar_pasta> on 2024-05-31 11:25:00+00:00
[2024-06-05T01:45:05.815+0000] {warnings.py:110} WARNING - /home/***/.local/lib/python3.12/site-packages/***/task/task_runner/standard_task_runner.py:61: DeprecationWarning: This process (pid=4673) is multi-threaded, use of fork() may lead to deadlocks in the child.
  pid = os.fork()

[2024-06-05T01:45:05.819+0000] {standard_task_runner.py:63} INFO - Started process 4690 to run task
[2024-06-05T01:45:05.819+0000] {standard_task_runner.py:90} INFO - Running: ['***', 'tasks', 'run', 'dados_climaticos_estruturados', 'criar_pasta', 'scheduled__2024-05-31T11:25:00+00:00', '--job-id', '1491', '--raw', '--subdir', 'DAGS_FOLDER/weather/custom_dags/dados_climaticos_estruturados.py', '--cfg-path', '/tmp/tmp4ftumg3a']
[2024-06-05T01:45:05.822+0000] {standard_task_runner.py:91} INFO - Job 1491: Subtask criar_pasta
[2024-06-05T01:45:05.908+0000] {task_command.py:426} INFO - Running <TaskInstance: dados_climaticos_estruturados.criar_pasta scheduled__2024-05-31T11:25:00+00:00 [running]> on host 80232deae70a
[2024-06-05T01:45:06.085+0000] {taskinstance.py:2648} INFO - Exporting env vars: AIRFLOW_CTX_DAG_OWNER='***' AIRFLOW_CTX_DAG_ID='dados_climaticos_estruturados' AIRFLOW_CTX_TASK_ID='criar_pasta' AIRFLOW_CTX_EXECUTION_DATE='2024-05-31T11:25:00+00:00' AIRFLOW_CTX_TRY_NUMBER='1' AIRFLOW_CTX_DAG_RUN_ID='scheduled__2024-05-31T11:25:00+00:00'
[2024-06-05T01:45:06.087+0000] {taskinstance.py:430} INFO - ::endgroup::
[2024-06-05T01:45:06.093+0000] {python.py:237} INFO - Done. Returned value was: None
[2024-06-05T01:45:06.093+0000] {taskinstance.py:441} INFO - ::group::Post task execution logs
[2024-06-05T01:45:06.110+0000] {taskinstance.py:1206} INFO - Marking task as SUCCESS. dag_id=dados_climaticos_estruturados, task_id=criar_pasta, run_id=scheduled__2024-05-31T11:25:00+00:00, execution_date=20240531T112500, start_date=20240605T014505, end_date=20240605T014506
[2024-06-05T01:45:06.168+0000] {local_task_job_runner.py:240} INFO - Task exited with return code 0
[2024-06-05T01:45:06.187+0000] {local_task_job_runner.py:222} INFO - ::endgroup::
