[2024-06-05T00:55:03.840+0000] {local_task_job_runner.py:120} INFO - ::group::Pre task execution logs
[2024-06-05T00:55:03.898+0000] {taskinstance.py:2076} INFO - Dependencies all met for dep_context=non-requeueable deps ti=<TaskInstance: dados_climaticos_estruturados.criar_pasta scheduled__2024-05-29T07:35:00+00:00 [queued]>
[2024-06-05T00:55:03.928+0000] {taskinstance.py:2076} INFO - Dependencies all met for dep_context=requeueable deps ti=<TaskInstance: dados_climaticos_estruturados.criar_pasta scheduled__2024-05-29T07:35:00+00:00 [queued]>
[2024-06-05T00:55:03.933+0000] {taskinstance.py:2306} INFO - Starting attempt 1 of 1
[2024-06-05T00:55:03.998+0000] {taskinstance.py:2330} INFO - Executing <Task(PythonOperator): criar_pasta> on 2024-05-29 07:35:00+00:00
[2024-06-05T00:55:04.036+0000] {warnings.py:110} WARNING - /home/***/.local/lib/python3.12/site-packages/***/task/task_runner/standard_task_runner.py:61: DeprecationWarning: This process (pid=784) is multi-threaded, use of fork() may lead to deadlocks in the child.
  pid = os.fork()

[2024-06-05T00:55:04.037+0000] {standard_task_runner.py:90} INFO - Running: ['***', 'tasks', 'run', 'dados_climaticos_estruturados', 'criar_pasta', 'scheduled__2024-05-29T07:35:00+00:00', '--job-id', '623', '--raw', '--subdir', 'DAGS_FOLDER/weather/custom_dags/dados_climaticos_estruturados.py', '--cfg-path', '/tmp/tmp0eaq_aql']
[2024-06-05T00:55:04.044+0000] {standard_task_runner.py:63} INFO - Started process 820 to run task
[2024-06-05T00:55:04.044+0000] {standard_task_runner.py:91} INFO - Job 623: Subtask criar_pasta
[2024-06-05T00:55:04.157+0000] {task_command.py:426} INFO - Running <TaskInstance: dados_climaticos_estruturados.criar_pasta scheduled__2024-05-29T07:35:00+00:00 [running]> on host 6665b0710315
[2024-06-05T00:55:04.459+0000] {taskinstance.py:2648} INFO - Exporting env vars: AIRFLOW_CTX_DAG_OWNER='***' AIRFLOW_CTX_DAG_ID='dados_climaticos_estruturados' AIRFLOW_CTX_TASK_ID='criar_pasta' AIRFLOW_CTX_EXECUTION_DATE='2024-05-29T07:35:00+00:00' AIRFLOW_CTX_TRY_NUMBER='1' AIRFLOW_CTX_DAG_RUN_ID='scheduled__2024-05-29T07:35:00+00:00'
[2024-06-05T00:55:04.465+0000] {taskinstance.py:430} INFO - ::endgroup::
[2024-06-05T00:55:04.469+0000] {python.py:237} INFO - Done. Returned value was: None
[2024-06-05T00:55:04.470+0000] {taskinstance.py:441} INFO - ::group::Post task execution logs
[2024-06-05T00:55:04.497+0000] {taskinstance.py:1206} INFO - Marking task as SUCCESS. dag_id=dados_climaticos_estruturados, task_id=criar_pasta, run_id=scheduled__2024-05-29T07:35:00+00:00, execution_date=20240529T073500, start_date=20240605T005503, end_date=20240605T005504
[2024-06-05T00:55:04.598+0000] {local_task_job_runner.py:240} INFO - Task exited with return code 0
[2024-06-05T00:55:04.628+0000] {local_task_job_runner.py:222} INFO - ::endgroup::
[2024-06-05T01:34:47.708+0000] {local_task_job_runner.py:120} INFO - ::group::Pre task execution logs
[2024-06-05T01:34:47.749+0000] {taskinstance.py:2076} INFO - Dependencies all met for dep_context=non-requeueable deps ti=<TaskInstance: dados_climaticos_estruturados.criar_pasta scheduled__2024-05-29T07:35:00+00:00 [queued]>
[2024-06-05T01:34:47.767+0000] {taskinstance.py:2076} INFO - Dependencies all met for dep_context=requeueable deps ti=<TaskInstance: dados_climaticos_estruturados.criar_pasta scheduled__2024-05-29T07:35:00+00:00 [queued]>
[2024-06-05T01:34:47.768+0000] {taskinstance.py:2306} INFO - Starting attempt 1 of 1
[2024-06-05T01:34:47.794+0000] {taskinstance.py:2330} INFO - Executing <Task(PythonOperator): criar_pasta> on 2024-05-29 07:35:00+00:00
[2024-06-05T01:34:47.816+0000] {warnings.py:110} WARNING - /home/***/.local/lib/python3.12/site-packages/***/task/task_runner/standard_task_runner.py:61: DeprecationWarning: This process (pid=779) is multi-threaded, use of fork() may lead to deadlocks in the child.
  pid = os.fork()

[2024-06-05T01:34:47.823+0000] {standard_task_runner.py:63} INFO - Started process 809 to run task
[2024-06-05T01:34:47.849+0000] {standard_task_runner.py:90} INFO - Running: ['***', 'tasks', 'run', 'dados_climaticos_estruturados', 'criar_pasta', 'scheduled__2024-05-29T07:35:00+00:00', '--job-id', '237', '--raw', '--subdir', 'DAGS_FOLDER/weather/custom_dags/dados_climaticos_estruturados.py', '--cfg-path', '/tmp/tmpxuh7psjw']
[2024-06-05T01:34:47.854+0000] {standard_task_runner.py:91} INFO - Job 237: Subtask criar_pasta
[2024-06-05T01:34:48.014+0000] {task_command.py:426} INFO - Running <TaskInstance: dados_climaticos_estruturados.criar_pasta scheduled__2024-05-29T07:35:00+00:00 [running]> on host 80232deae70a
[2024-06-05T01:34:48.265+0000] {taskinstance.py:2648} INFO - Exporting env vars: AIRFLOW_CTX_DAG_OWNER='***' AIRFLOW_CTX_DAG_ID='dados_climaticos_estruturados' AIRFLOW_CTX_TASK_ID='criar_pasta' AIRFLOW_CTX_EXECUTION_DATE='2024-05-29T07:35:00+00:00' AIRFLOW_CTX_TRY_NUMBER='1' AIRFLOW_CTX_DAG_RUN_ID='scheduled__2024-05-29T07:35:00+00:00'
[2024-06-05T01:34:48.275+0000] {taskinstance.py:430} INFO - ::endgroup::
[2024-06-05T01:34:48.283+0000] {python.py:237} INFO - Done. Returned value was: None
[2024-06-05T01:34:48.284+0000] {taskinstance.py:441} INFO - ::group::Post task execution logs
[2024-06-05T01:34:48.320+0000] {taskinstance.py:1206} INFO - Marking task as SUCCESS. dag_id=dados_climaticos_estruturados, task_id=criar_pasta, run_id=scheduled__2024-05-29T07:35:00+00:00, execution_date=20240529T073500, start_date=20240605T013447, end_date=20240605T013448
[2024-06-05T01:34:48.434+0000] {local_task_job_runner.py:240} INFO - Task exited with return code 0
[2024-06-05T01:34:48.458+0000] {local_task_job_runner.py:222} INFO - ::endgroup::
