[2024-06-05T01:04:18.206+0000] {local_task_job_runner.py:120} INFO - ::group::Pre task execution logs
[2024-06-05T01:04:18.352+0000] {taskinstance.py:2076} INFO - Dependencies all met for dep_context=non-requeueable deps ti=<TaskInstance: dados_climaticos_estruturados.criar_pasta scheduled__2024-05-31T05:30:00+00:00 [queued]>
[2024-06-05T01:04:18.405+0000] {taskinstance.py:2076} INFO - Dependencies all met for dep_context=requeueable deps ti=<TaskInstance: dados_climaticos_estruturados.criar_pasta scheduled__2024-05-31T05:30:00+00:00 [queued]>
[2024-06-05T01:04:18.410+0000] {taskinstance.py:2306} INFO - Starting attempt 1 of 1
[2024-06-05T01:04:18.517+0000] {taskinstance.py:2330} INFO - Executing <Task(PythonOperator): criar_pasta> on 2024-05-31 05:30:00+00:00
[2024-06-05T01:04:18.594+0000] {warnings.py:110} WARNING - /home/***/.local/lib/python3.12/site-packages/***/task/task_runner/standard_task_runner.py:61: DeprecationWarning: This process (pid=4217) is multi-threaded, use of fork() may lead to deadlocks in the child.
  pid = os.fork()

[2024-06-05T01:04:18.606+0000] {standard_task_runner.py:63} INFO - Started process 4249 to run task
[2024-06-05T01:04:18.605+0000] {standard_task_runner.py:90} INFO - Running: ['***', 'tasks', 'run', 'dados_climaticos_estruturados', 'criar_pasta', 'scheduled__2024-05-31T05:30:00+00:00', '--job-id', '1730', '--raw', '--subdir', 'DAGS_FOLDER/weather/custom_dags/dados_climaticos_estruturados.py', '--cfg-path', '/tmp/tmp2bq0frt8']
[2024-06-05T01:04:18.616+0000] {standard_task_runner.py:91} INFO - Job 1730: Subtask criar_pasta
[2024-06-05T01:04:19.074+0000] {task_command.py:426} INFO - Running <TaskInstance: dados_climaticos_estruturados.criar_pasta scheduled__2024-05-31T05:30:00+00:00 [running]> on host 6665b0710315
[2024-06-05T01:04:19.748+0000] {taskinstance.py:2648} INFO - Exporting env vars: AIRFLOW_CTX_DAG_OWNER='***' AIRFLOW_CTX_DAG_ID='dados_climaticos_estruturados' AIRFLOW_CTX_TASK_ID='criar_pasta' AIRFLOW_CTX_EXECUTION_DATE='2024-05-31T05:30:00+00:00' AIRFLOW_CTX_TRY_NUMBER='1' AIRFLOW_CTX_DAG_RUN_ID='scheduled__2024-05-31T05:30:00+00:00'
[2024-06-05T01:04:19.753+0000] {taskinstance.py:430} INFO - ::endgroup::
[2024-06-05T01:04:19.770+0000] {python.py:237} INFO - Done. Returned value was: None
[2024-06-05T01:04:19.771+0000] {taskinstance.py:441} INFO - ::group::Post task execution logs
[2024-06-05T01:04:19.814+0000] {taskinstance.py:1206} INFO - Marking task as SUCCESS. dag_id=dados_climaticos_estruturados, task_id=criar_pasta, run_id=scheduled__2024-05-31T05:30:00+00:00, execution_date=20240531T053000, start_date=20240605T010418, end_date=20240605T010419
[2024-06-05T01:04:19.957+0000] {local_task_job_runner.py:240} INFO - Task exited with return code 0
[2024-06-05T01:04:20.062+0000] {taskinstance.py:3498} INFO - 1 downstream tasks scheduled from follow-on schedule check
[2024-06-05T01:04:20.071+0000] {local_task_job_runner.py:222} INFO - ::endgroup::
[2024-06-05T01:43:35.212+0000] {local_task_job_runner.py:120} INFO - ::group::Pre task execution logs
[2024-06-05T01:43:35.250+0000] {taskinstance.py:2076} INFO - Dependencies all met for dep_context=non-requeueable deps ti=<TaskInstance: dados_climaticos_estruturados.criar_pasta scheduled__2024-05-31T05:30:00+00:00 [queued]>
[2024-06-05T01:43:35.266+0000] {taskinstance.py:2076} INFO - Dependencies all met for dep_context=requeueable deps ti=<TaskInstance: dados_climaticos_estruturados.criar_pasta scheduled__2024-05-31T05:30:00+00:00 [queued]>
[2024-06-05T01:43:35.267+0000] {taskinstance.py:2306} INFO - Starting attempt 1 of 1
[2024-06-05T01:43:35.292+0000] {taskinstance.py:2330} INFO - Executing <Task(PythonOperator): criar_pasta> on 2024-05-31 05:30:00+00:00
[2024-06-05T01:43:35.305+0000] {warnings.py:110} WARNING - /home/***/.local/lib/python3.12/site-packages/***/task/task_runner/standard_task_runner.py:61: DeprecationWarning: This process (pid=4200) is multi-threaded, use of fork() may lead to deadlocks in the child.
  pid = os.fork()

[2024-06-05T01:43:35.308+0000] {standard_task_runner.py:63} INFO - Started process 4223 to run task
[2024-06-05T01:43:35.310+0000] {standard_task_runner.py:90} INFO - Running: ['***', 'tasks', 'run', 'dados_climaticos_estruturados', 'criar_pasta', 'scheduled__2024-05-31T05:30:00+00:00', '--job-id', '1344', '--raw', '--subdir', 'DAGS_FOLDER/weather/custom_dags/dados_climaticos_estruturados.py', '--cfg-path', '/tmp/tmpbdk41ouy']
[2024-06-05T01:43:35.312+0000] {standard_task_runner.py:91} INFO - Job 1344: Subtask criar_pasta
[2024-06-05T01:43:35.419+0000] {task_command.py:426} INFO - Running <TaskInstance: dados_climaticos_estruturados.criar_pasta scheduled__2024-05-31T05:30:00+00:00 [running]> on host 80232deae70a
[2024-06-05T01:43:35.599+0000] {taskinstance.py:2648} INFO - Exporting env vars: AIRFLOW_CTX_DAG_OWNER='***' AIRFLOW_CTX_DAG_ID='dados_climaticos_estruturados' AIRFLOW_CTX_TASK_ID='criar_pasta' AIRFLOW_CTX_EXECUTION_DATE='2024-05-31T05:30:00+00:00' AIRFLOW_CTX_TRY_NUMBER='1' AIRFLOW_CTX_DAG_RUN_ID='scheduled__2024-05-31T05:30:00+00:00'
[2024-06-05T01:43:35.601+0000] {taskinstance.py:430} INFO - ::endgroup::
[2024-06-05T01:43:35.604+0000] {python.py:237} INFO - Done. Returned value was: None
[2024-06-05T01:43:35.605+0000] {taskinstance.py:441} INFO - ::group::Post task execution logs
[2024-06-05T01:43:35.617+0000] {taskinstance.py:1206} INFO - Marking task as SUCCESS. dag_id=dados_climaticos_estruturados, task_id=criar_pasta, run_id=scheduled__2024-05-31T05:30:00+00:00, execution_date=20240531T053000, start_date=20240605T014335, end_date=20240605T014335
[2024-06-05T01:43:35.667+0000] {local_task_job_runner.py:240} INFO - Task exited with return code 0
[2024-06-05T01:43:35.698+0000] {taskinstance.py:3498} INFO - 1 downstream tasks scheduled from follow-on schedule check
[2024-06-05T01:43:35.700+0000] {local_task_job_runner.py:222} INFO - ::endgroup::
