[2024-05-25T19:05:14.850+0000] {local_task_job_runner.py:120} INFO - ::group::Pre task execution logs
[2024-05-25T19:05:14.900+0000] {taskinstance.py:2076} INFO - Dependencies all met for dep_context=non-requeueable deps ti=<TaskInstance: dados_climaticos_estruturados.criar_pasta scheduled__2024-05-17T00:30:00+00:00 [queued]>
[2024-05-25T19:05:14.919+0000] {taskinstance.py:2076} INFO - Dependencies all met for dep_context=requeueable deps ti=<TaskInstance: dados_climaticos_estruturados.criar_pasta scheduled__2024-05-17T00:30:00+00:00 [queued]>
[2024-05-25T19:05:14.922+0000] {taskinstance.py:2306} INFO - Starting attempt 1 of 1
[2024-05-25T19:05:14.974+0000] {taskinstance.py:2330} INFO - Executing <Task(PythonOperator): criar_pasta> on 2024-05-17 00:30:00+00:00
[2024-05-25T19:05:14.992+0000] {warnings.py:110} WARNING - /home/***/.local/lib/python3.12/site-packages/***/task/task_runner/standard_task_runner.py:61: DeprecationWarning: This process (pid=191) is multi-threaded, use of fork() may lead to deadlocks in the child.
  pid = os.fork()

[2024-05-25T19:05:14.996+0000] {standard_task_runner.py:63} INFO - Started process 206 to run task
[2024-05-25T19:05:14.997+0000] {standard_task_runner.py:90} INFO - Running: ['***', 'tasks', 'run', 'dados_climaticos_estruturados', 'criar_pasta', 'scheduled__2024-05-17T00:30:00+00:00', '--job-id', '41', '--raw', '--subdir', 'DAGS_FOLDER/weather/custom_dags/dados_climaticos_estruturados.py', '--cfg-path', '/tmp/tmp9ejqbrpd']
[2024-05-25T19:05:15.012+0000] {standard_task_runner.py:91} INFO - Job 41: Subtask criar_pasta
[2024-05-25T19:05:15.120+0000] {task_command.py:426} INFO - Running <TaskInstance: dados_climaticos_estruturados.criar_pasta scheduled__2024-05-17T00:30:00+00:00 [running]> on host 0473b835f7f4
[2024-05-25T19:05:15.314+0000] {taskinstance.py:2648} INFO - Exporting env vars: AIRFLOW_CTX_DAG_OWNER='***' AIRFLOW_CTX_DAG_ID='dados_climaticos_estruturados' AIRFLOW_CTX_TASK_ID='criar_pasta' AIRFLOW_CTX_EXECUTION_DATE='2024-05-17T00:30:00+00:00' AIRFLOW_CTX_TRY_NUMBER='1' AIRFLOW_CTX_DAG_RUN_ID='scheduled__2024-05-17T00:30:00+00:00'
[2024-05-25T19:05:15.316+0000] {taskinstance.py:430} INFO - ::endgroup::
[2024-05-25T19:05:15.318+0000] {taskinstance.py:441} INFO - ::group::Post task execution logs
[2024-05-25T19:05:15.321+0000] {taskinstance.py:2905} ERROR - Task failed with exception
Traceback (most recent call last):
  File "/home/airflow/.local/lib/python3.12/site-packages/airflow/models/taskinstance.py", line 465, in _execute_task
    result = _execute_callable(context=context, **execute_callable_kwargs)
             ^^^^^^^^^^^^^^^^^^^^^^^^^^^^^^^^^^^^^^^^^^^^^^^^^^^^^^^^^^^^^
  File "/home/airflow/.local/lib/python3.12/site-packages/airflow/models/taskinstance.py", line 432, in _execute_callable
    return execute_callable(context=context, **execute_callable_kwargs)
           ^^^^^^^^^^^^^^^^^^^^^^^^^^^^^^^^^^^^^^^^^^^^^^^^^^^^^^^^^^^^
  File "/home/airflow/.local/lib/python3.12/site-packages/airflow/models/baseoperator.py", line 400, in wrapper
    return func(self, *args, **kwargs)
           ^^^^^^^^^^^^^^^^^^^^^^^^^^^
  File "/home/airflow/.local/lib/python3.12/site-packages/airflow/operators/python.py", line 235, in execute
    return_value = self.execute_callable()
                   ^^^^^^^^^^^^^^^^^^^^^^^
  File "/home/airflow/.local/lib/python3.12/site-packages/airflow/operators/python.py", line 252, in execute_callable
    return self.python_callable(*self.op_args, **self.op_kwargs)
           ^^^^^^^^^^^^^^^^^^^^^^^^^^^^^^^^^^^^^^^^^^^^^^^^^^^^^
  File "/opt/airflow/dags/weather/custom_dags/dados_climaticos_estruturados.py", line 18, in pegar_data_e_criar_pasta
    Path(caminho).mkdir(parents=True, exist_ok=True)
    ^^^^
NameError: name 'Path' is not defined
[2024-05-25T19:05:15.350+0000] {taskinstance.py:1206} INFO - Marking task as FAILED. dag_id=dados_climaticos_estruturados, task_id=criar_pasta, run_id=scheduled__2024-05-17T00:30:00+00:00, execution_date=20240517T003000, start_date=20240525T190514, end_date=20240525T190515
[2024-05-25T19:05:15.384+0000] {standard_task_runner.py:110} ERROR - Failed to execute job 41 for task criar_pasta (name 'Path' is not defined; 206)
[2024-05-25T19:05:15.442+0000] {local_task_job_runner.py:240} INFO - Task exited with return code 1
[2024-05-25T19:05:15.488+0000] {taskinstance.py:3498} INFO - 0 downstream tasks scheduled from follow-on schedule check
[2024-05-25T19:05:15.501+0000] {local_task_job_runner.py:222} INFO - ::endgroup::
[2024-05-29T01:35:34.752+0000] {local_task_job_runner.py:120} INFO - ::group::Pre task execution logs
[2024-05-29T01:35:34.822+0000] {taskinstance.py:2076} INFO - Dependencies all met for dep_context=non-requeueable deps ti=<TaskInstance: dados_climaticos_estruturados.criar_pasta scheduled__2024-05-17T00:30:00+00:00 [queued]>
[2024-05-29T01:35:34.848+0000] {taskinstance.py:2076} INFO - Dependencies all met for dep_context=requeueable deps ti=<TaskInstance: dados_climaticos_estruturados.criar_pasta scheduled__2024-05-17T00:30:00+00:00 [queued]>
[2024-05-29T01:35:34.850+0000] {taskinstance.py:2306} INFO - Starting attempt 1 of 1
[2024-05-29T01:35:34.885+0000] {taskinstance.py:2330} INFO - Executing <Task(PythonOperator): criar_pasta> on 2024-05-17 00:30:00+00:00
[2024-05-29T01:35:34.903+0000] {warnings.py:110} WARNING - /home/***/.local/lib/python3.12/site-packages/***/task/task_runner/standard_task_runner.py:61: DeprecationWarning: This process (pid=277) is multi-threaded, use of fork() may lead to deadlocks in the child.
  pid = os.fork()

[2024-05-29T01:35:34.907+0000] {standard_task_runner.py:63} INFO - Started process 294 to run task
[2024-05-29T01:35:34.910+0000] {standard_task_runner.py:90} INFO - Running: ['***', 'tasks', 'run', 'dados_climaticos_estruturados', 'criar_pasta', 'scheduled__2024-05-17T00:30:00+00:00', '--job-id', '72', '--raw', '--subdir', 'DAGS_FOLDER/weather/custom_dags/dados_climaticos_estruturados.py', '--cfg-path', '/tmp/tmpqmw54bnm']
[2024-05-29T01:35:34.913+0000] {standard_task_runner.py:91} INFO - Job 72: Subtask criar_pasta
[2024-05-29T01:35:35.060+0000] {task_command.py:426} INFO - Running <TaskInstance: dados_climaticos_estruturados.criar_pasta scheduled__2024-05-17T00:30:00+00:00 [running]> on host dd333ca35f8c
[2024-05-29T01:35:35.371+0000] {taskinstance.py:2648} INFO - Exporting env vars: AIRFLOW_CTX_DAG_OWNER='***' AIRFLOW_CTX_DAG_ID='dados_climaticos_estruturados' AIRFLOW_CTX_TASK_ID='criar_pasta' AIRFLOW_CTX_EXECUTION_DATE='2024-05-17T00:30:00+00:00' AIRFLOW_CTX_TRY_NUMBER='1' AIRFLOW_CTX_DAG_RUN_ID='scheduled__2024-05-17T00:30:00+00:00'
[2024-05-29T01:35:35.379+0000] {taskinstance.py:430} INFO - ::endgroup::
[2024-05-29T01:35:35.382+0000] {python.py:237} INFO - Done. Returned value was: None
[2024-05-29T01:35:35.383+0000] {taskinstance.py:441} INFO - ::group::Post task execution logs
[2024-05-29T01:35:35.410+0000] {taskinstance.py:1206} INFO - Marking task as SUCCESS. dag_id=dados_climaticos_estruturados, task_id=criar_pasta, run_id=scheduled__2024-05-17T00:30:00+00:00, execution_date=20240517T003000, start_date=20240529T013534, end_date=20240529T013535
[2024-05-29T01:35:35.469+0000] {local_task_job_runner.py:240} INFO - Task exited with return code 0
[2024-05-29T01:35:35.543+0000] {taskinstance.py:3498} INFO - 1 downstream tasks scheduled from follow-on schedule check
[2024-05-29T01:35:35.551+0000] {local_task_job_runner.py:222} INFO - ::endgroup::
