[2024-06-05T00:56:33.279+0000] {local_task_job_runner.py:120} INFO - ::group::Pre task execution logs
[2024-06-05T00:56:33.318+0000] {taskinstance.py:2076} INFO - Dependencies all met for dep_context=non-requeueable deps ti=<TaskInstance: dados_climaticos_estruturados.criar_pasta scheduled__2024-05-29T15:30:00+00:00 [queued]>
[2024-06-05T00:56:33.334+0000] {taskinstance.py:2076} INFO - Dependencies all met for dep_context=requeueable deps ti=<TaskInstance: dados_climaticos_estruturados.criar_pasta scheduled__2024-05-29T15:30:00+00:00 [queued]>
[2024-06-05T00:56:33.335+0000] {taskinstance.py:2306} INFO - Starting attempt 1 of 1
[2024-06-05T00:56:33.362+0000] {taskinstance.py:2330} INFO - Executing <Task(PythonOperator): criar_pasta> on 2024-05-29 15:30:00+00:00
[2024-06-05T00:56:33.376+0000] {warnings.py:110} WARNING - /home/***/.local/lib/python3.12/site-packages/***/task/task_runner/standard_task_runner.py:61: DeprecationWarning: This process (pid=1410) is multi-threaded, use of fork() may lead to deadlocks in the child.
  pid = os.fork()

[2024-06-05T00:56:33.379+0000] {standard_task_runner.py:63} INFO - Started process 1429 to run task
[2024-06-05T00:56:33.379+0000] {standard_task_runner.py:90} INFO - Running: ['***', 'tasks', 'run', 'dados_climaticos_estruturados', 'criar_pasta', 'scheduled__2024-05-29T15:30:00+00:00', '--job-id', '822', '--raw', '--subdir', 'DAGS_FOLDER/weather/custom_dags/dados_climaticos_estruturados.py', '--cfg-path', '/tmp/tmp5mh29ui1']
[2024-06-05T00:56:33.383+0000] {standard_task_runner.py:91} INFO - Job 822: Subtask criar_pasta
[2024-06-05T00:56:33.491+0000] {task_command.py:426} INFO - Running <TaskInstance: dados_climaticos_estruturados.criar_pasta scheduled__2024-05-29T15:30:00+00:00 [running]> on host 6665b0710315
[2024-06-05T00:56:33.778+0000] {taskinstance.py:2648} INFO - Exporting env vars: AIRFLOW_CTX_DAG_OWNER='***' AIRFLOW_CTX_DAG_ID='dados_climaticos_estruturados' AIRFLOW_CTX_TASK_ID='criar_pasta' AIRFLOW_CTX_EXECUTION_DATE='2024-05-29T15:30:00+00:00' AIRFLOW_CTX_TRY_NUMBER='1' AIRFLOW_CTX_DAG_RUN_ID='scheduled__2024-05-29T15:30:00+00:00'
[2024-06-05T00:56:33.784+0000] {taskinstance.py:430} INFO - ::endgroup::
[2024-06-05T00:56:33.788+0000] {python.py:237} INFO - Done. Returned value was: None
[2024-06-05T00:56:33.790+0000] {taskinstance.py:441} INFO - ::group::Post task execution logs
[2024-06-05T00:56:33.819+0000] {taskinstance.py:1206} INFO - Marking task as SUCCESS. dag_id=dados_climaticos_estruturados, task_id=criar_pasta, run_id=scheduled__2024-05-29T15:30:00+00:00, execution_date=20240529T153000, start_date=20240605T005633, end_date=20240605T005633
[2024-06-05T00:56:34.066+0000] {local_task_job_runner.py:240} INFO - Task exited with return code 0
[2024-06-05T00:56:34.103+0000] {taskinstance.py:3498} INFO - 1 downstream tasks scheduled from follow-on schedule check
[2024-06-05T00:56:34.118+0000] {local_task_job_runner.py:222} INFO - ::endgroup::
[2024-06-05T01:36:28.989+0000] {local_task_job_runner.py:120} INFO - ::group::Pre task execution logs
[2024-06-05T01:36:29.044+0000] {taskinstance.py:2076} INFO - Dependencies all met for dep_context=non-requeueable deps ti=<TaskInstance: dados_climaticos_estruturados.criar_pasta scheduled__2024-05-29T15:30:00+00:00 [queued]>
[2024-06-05T01:36:29.070+0000] {taskinstance.py:2076} INFO - Dependencies all met for dep_context=requeueable deps ti=<TaskInstance: dados_climaticos_estruturados.criar_pasta scheduled__2024-05-29T15:30:00+00:00 [queued]>
[2024-06-05T01:36:29.071+0000] {taskinstance.py:2306} INFO - Starting attempt 1 of 1
[2024-06-05T01:36:29.096+0000] {taskinstance.py:2330} INFO - Executing <Task(PythonOperator): criar_pasta> on 2024-05-29 15:30:00+00:00
[2024-06-05T01:36:29.108+0000] {warnings.py:110} WARNING - /home/***/.local/lib/python3.12/site-packages/***/task/task_runner/standard_task_runner.py:61: DeprecationWarning: This process (pid=1383) is multi-threaded, use of fork() may lead to deadlocks in the child.
  pid = os.fork()

[2024-06-05T01:36:29.111+0000] {standard_task_runner.py:63} INFO - Started process 1405 to run task
[2024-06-05T01:36:29.112+0000] {standard_task_runner.py:90} INFO - Running: ['***', 'tasks', 'run', 'dados_climaticos_estruturados', 'criar_pasta', 'scheduled__2024-05-29T15:30:00+00:00', '--job-id', '432', '--raw', '--subdir', 'DAGS_FOLDER/weather/custom_dags/dados_climaticos_estruturados.py', '--cfg-path', '/tmp/tmpqdchtdti']
[2024-06-05T01:36:29.114+0000] {standard_task_runner.py:91} INFO - Job 432: Subtask criar_pasta
[2024-06-05T01:36:29.198+0000] {task_command.py:426} INFO - Running <TaskInstance: dados_climaticos_estruturados.criar_pasta scheduled__2024-05-29T15:30:00+00:00 [running]> on host 80232deae70a
[2024-06-05T01:36:29.336+0000] {taskinstance.py:2648} INFO - Exporting env vars: AIRFLOW_CTX_DAG_OWNER='***' AIRFLOW_CTX_DAG_ID='dados_climaticos_estruturados' AIRFLOW_CTX_TASK_ID='criar_pasta' AIRFLOW_CTX_EXECUTION_DATE='2024-05-29T15:30:00+00:00' AIRFLOW_CTX_TRY_NUMBER='1' AIRFLOW_CTX_DAG_RUN_ID='scheduled__2024-05-29T15:30:00+00:00'
[2024-06-05T01:36:29.338+0000] {taskinstance.py:430} INFO - ::endgroup::
[2024-06-05T01:36:29.341+0000] {python.py:237} INFO - Done. Returned value was: None
[2024-06-05T01:36:29.342+0000] {taskinstance.py:441} INFO - ::group::Post task execution logs
[2024-06-05T01:36:29.357+0000] {taskinstance.py:1206} INFO - Marking task as SUCCESS. dag_id=dados_climaticos_estruturados, task_id=criar_pasta, run_id=scheduled__2024-05-29T15:30:00+00:00, execution_date=20240529T153000, start_date=20240605T013629, end_date=20240605T013629
[2024-06-05T01:36:29.418+0000] {local_task_job_runner.py:240} INFO - Task exited with return code 0
[2024-06-05T01:36:29.466+0000] {taskinstance.py:3498} INFO - 1 downstream tasks scheduled from follow-on schedule check
[2024-06-05T01:36:29.473+0000] {local_task_job_runner.py:222} INFO - ::endgroup::
