[2024-06-05T00:59:31.004+0000] {local_task_job_runner.py:120} INFO - ::group::Pre task execution logs
[2024-06-05T00:59:31.071+0000] {taskinstance.py:2076} INFO - Dependencies all met for dep_context=non-requeueable deps ti=<TaskInstance: dados_climaticos_estruturados.criar_pasta scheduled__2024-05-30T06:50:00+00:00 [queued]>
[2024-06-05T00:59:31.086+0000] {taskinstance.py:2076} INFO - Dependencies all met for dep_context=requeueable deps ti=<TaskInstance: dados_climaticos_estruturados.criar_pasta scheduled__2024-05-30T06:50:00+00:00 [queued]>
[2024-06-05T00:59:31.087+0000] {taskinstance.py:2306} INFO - Starting attempt 1 of 1
[2024-06-05T00:59:31.115+0000] {taskinstance.py:2330} INFO - Executing <Task(PythonOperator): criar_pasta> on 2024-05-30 06:50:00+00:00
[2024-06-05T00:59:31.138+0000] {warnings.py:110} WARNING - /home/***/.local/lib/python3.12/site-packages/***/task/task_runner/standard_task_runner.py:61: DeprecationWarning: This process (pid=2524) is multi-threaded, use of fork() may lead to deadlocks in the child.
  pid = os.fork()

[2024-06-05T00:59:31.142+0000] {standard_task_runner.py:90} INFO - Running: ['***', 'tasks', 'run', 'dados_climaticos_estruturados', 'criar_pasta', 'scheduled__2024-05-30T06:50:00+00:00', '--job-id', '1187', '--raw', '--subdir', 'DAGS_FOLDER/weather/custom_dags/dados_climaticos_estruturados.py', '--cfg-path', '/tmp/tmpo2z4ctfk']
[2024-06-05T00:59:31.146+0000] {standard_task_runner.py:63} INFO - Started process 2562 to run task
[2024-06-05T00:59:31.149+0000] {standard_task_runner.py:91} INFO - Job 1187: Subtask criar_pasta
[2024-06-05T00:59:31.263+0000] {task_command.py:426} INFO - Running <TaskInstance: dados_climaticos_estruturados.criar_pasta scheduled__2024-05-30T06:50:00+00:00 [running]> on host 6665b0710315
[2024-06-05T00:59:31.490+0000] {taskinstance.py:2648} INFO - Exporting env vars: AIRFLOW_CTX_DAG_OWNER='***' AIRFLOW_CTX_DAG_ID='dados_climaticos_estruturados' AIRFLOW_CTX_TASK_ID='criar_pasta' AIRFLOW_CTX_EXECUTION_DATE='2024-05-30T06:50:00+00:00' AIRFLOW_CTX_TRY_NUMBER='1' AIRFLOW_CTX_DAG_RUN_ID='scheduled__2024-05-30T06:50:00+00:00'
[2024-06-05T00:59:31.494+0000] {taskinstance.py:430} INFO - ::endgroup::
[2024-06-05T00:59:31.495+0000] {python.py:237} INFO - Done. Returned value was: None
[2024-06-05T00:59:31.496+0000] {taskinstance.py:441} INFO - ::group::Post task execution logs
[2024-06-05T00:59:31.512+0000] {taskinstance.py:1206} INFO - Marking task as SUCCESS. dag_id=dados_climaticos_estruturados, task_id=criar_pasta, run_id=scheduled__2024-05-30T06:50:00+00:00, execution_date=20240530T065000, start_date=20240605T005931, end_date=20240605T005931
[2024-06-05T00:59:31.586+0000] {local_task_job_runner.py:240} INFO - Task exited with return code 0
[2024-06-05T00:59:31.669+0000] {taskinstance.py:3498} INFO - 1 downstream tasks scheduled from follow-on schedule check
[2024-06-05T00:59:31.681+0000] {local_task_job_runner.py:222} INFO - ::endgroup::
[2024-06-05T01:39:25.816+0000] {local_task_job_runner.py:120} INFO - ::group::Pre task execution logs
[2024-06-05T01:39:25.875+0000] {taskinstance.py:2076} INFO - Dependencies all met for dep_context=non-requeueable deps ti=<TaskInstance: dados_climaticos_estruturados.criar_pasta scheduled__2024-05-30T06:50:00+00:00 [queued]>
[2024-06-05T01:39:25.894+0000] {taskinstance.py:2076} INFO - Dependencies all met for dep_context=requeueable deps ti=<TaskInstance: dados_climaticos_estruturados.criar_pasta scheduled__2024-05-30T06:50:00+00:00 [queued]>
[2024-06-05T01:39:25.895+0000] {taskinstance.py:2306} INFO - Starting attempt 1 of 1
[2024-06-05T01:39:25.940+0000] {taskinstance.py:2330} INFO - Executing <Task(PythonOperator): criar_pasta> on 2024-05-30 06:50:00+00:00
[2024-06-05T01:39:25.961+0000] {warnings.py:110} WARNING - /home/***/.local/lib/python3.12/site-packages/***/task/task_runner/standard_task_runner.py:61: DeprecationWarning: This process (pid=2515) is multi-threaded, use of fork() may lead to deadlocks in the child.
  pid = os.fork()

[2024-06-05T01:39:25.969+0000] {standard_task_runner.py:63} INFO - Started process 2547 to run task
[2024-06-05T01:39:25.972+0000] {standard_task_runner.py:90} INFO - Running: ['***', 'tasks', 'run', 'dados_climaticos_estruturados', 'criar_pasta', 'scheduled__2024-05-30T06:50:00+00:00', '--job-id', '798', '--raw', '--subdir', 'DAGS_FOLDER/weather/custom_dags/dados_climaticos_estruturados.py', '--cfg-path', '/tmp/tmpa9bjvsfx']
[2024-06-05T01:39:25.977+0000] {standard_task_runner.py:91} INFO - Job 798: Subtask criar_pasta
[2024-06-05T01:39:26.151+0000] {task_command.py:426} INFO - Running <TaskInstance: dados_climaticos_estruturados.criar_pasta scheduled__2024-05-30T06:50:00+00:00 [running]> on host 80232deae70a
[2024-06-05T01:39:26.343+0000] {taskinstance.py:2648} INFO - Exporting env vars: AIRFLOW_CTX_DAG_OWNER='***' AIRFLOW_CTX_DAG_ID='dados_climaticos_estruturados' AIRFLOW_CTX_TASK_ID='criar_pasta' AIRFLOW_CTX_EXECUTION_DATE='2024-05-30T06:50:00+00:00' AIRFLOW_CTX_TRY_NUMBER='1' AIRFLOW_CTX_DAG_RUN_ID='scheduled__2024-05-30T06:50:00+00:00'
[2024-06-05T01:39:26.348+0000] {taskinstance.py:430} INFO - ::endgroup::
[2024-06-05T01:39:26.353+0000] {python.py:237} INFO - Done. Returned value was: None
[2024-06-05T01:39:26.359+0000] {taskinstance.py:441} INFO - ::group::Post task execution logs
[2024-06-05T01:39:26.388+0000] {taskinstance.py:1206} INFO - Marking task as SUCCESS. dag_id=dados_climaticos_estruturados, task_id=criar_pasta, run_id=scheduled__2024-05-30T06:50:00+00:00, execution_date=20240530T065000, start_date=20240605T013925, end_date=20240605T013926
[2024-06-05T01:39:26.454+0000] {local_task_job_runner.py:240} INFO - Task exited with return code 0
[2024-06-05T01:39:26.540+0000] {taskinstance.py:3498} INFO - 1 downstream tasks scheduled from follow-on schedule check
[2024-06-05T01:39:26.545+0000] {local_task_job_runner.py:222} INFO - ::endgroup::
