[2024-06-05T00:53:45.450+0000] {local_task_job_runner.py:120} INFO - ::group::Pre task execution logs
[2024-06-05T00:53:45.489+0000] {taskinstance.py:2076} INFO - Dependencies all met for dep_context=non-requeueable deps ti=<TaskInstance: dados_climaticos_estruturados.criar_pasta scheduled__2024-05-29T00:35:00+00:00 [queued]>
[2024-06-05T00:53:45.503+0000] {taskinstance.py:2076} INFO - Dependencies all met for dep_context=requeueable deps ti=<TaskInstance: dados_climaticos_estruturados.criar_pasta scheduled__2024-05-29T00:35:00+00:00 [queued]>
[2024-06-05T00:53:45.504+0000] {taskinstance.py:2306} INFO - Starting attempt 1 of 1
[2024-06-05T00:53:45.531+0000] {taskinstance.py:2330} INFO - Executing <Task(PythonOperator): criar_pasta> on 2024-05-29 00:35:00+00:00
[2024-06-05T00:53:45.548+0000] {warnings.py:110} WARNING - /home/***/.local/lib/python3.12/site-packages/***/task/task_runner/standard_task_runner.py:61: DeprecationWarning: This process (pid=277) is multi-threaded, use of fork() may lead to deadlocks in the child.
  pid = os.fork()

[2024-06-05T00:53:45.557+0000] {standard_task_runner.py:63} INFO - Started process 303 to run task
[2024-06-05T00:53:45.554+0000] {standard_task_runner.py:90} INFO - Running: ['***', 'tasks', 'run', 'dados_climaticos_estruturados', 'criar_pasta', 'scheduled__2024-05-29T00:35:00+00:00', '--job-id', '459', '--raw', '--subdir', 'DAGS_FOLDER/weather/custom_dags/dados_climaticos_estruturados.py', '--cfg-path', '/tmp/tmpju7f9frc']
[2024-06-05T00:53:45.559+0000] {standard_task_runner.py:91} INFO - Job 459: Subtask criar_pasta
[2024-06-05T00:53:45.725+0000] {task_command.py:426} INFO - Running <TaskInstance: dados_climaticos_estruturados.criar_pasta scheduled__2024-05-29T00:35:00+00:00 [running]> on host 6665b0710315
[2024-06-05T00:53:45.992+0000] {taskinstance.py:2648} INFO - Exporting env vars: AIRFLOW_CTX_DAG_OWNER='***' AIRFLOW_CTX_DAG_ID='dados_climaticos_estruturados' AIRFLOW_CTX_TASK_ID='criar_pasta' AIRFLOW_CTX_EXECUTION_DATE='2024-05-29T00:35:00+00:00' AIRFLOW_CTX_TRY_NUMBER='1' AIRFLOW_CTX_DAG_RUN_ID='scheduled__2024-05-29T00:35:00+00:00'
[2024-06-05T00:53:45.997+0000] {taskinstance.py:430} INFO - ::endgroup::
[2024-06-05T00:53:45.998+0000] {python.py:237} INFO - Done. Returned value was: None
[2024-06-05T00:53:45.999+0000] {taskinstance.py:441} INFO - ::group::Post task execution logs
[2024-06-05T00:53:46.036+0000] {taskinstance.py:1206} INFO - Marking task as SUCCESS. dag_id=dados_climaticos_estruturados, task_id=criar_pasta, run_id=scheduled__2024-05-29T00:35:00+00:00, execution_date=20240529T003500, start_date=20240605T005345, end_date=20240605T005346
[2024-06-05T00:53:46.115+0000] {local_task_job_runner.py:240} INFO - Task exited with return code 0
[2024-06-05T00:53:46.170+0000] {taskinstance.py:3498} INFO - 1 downstream tasks scheduled from follow-on schedule check
[2024-06-05T00:53:46.173+0000] {local_task_job_runner.py:222} INFO - ::endgroup::
[2024-06-05T01:33:28.593+0000] {local_task_job_runner.py:120} INFO - ::group::Pre task execution logs
[2024-06-05T01:33:28.636+0000] {taskinstance.py:2076} INFO - Dependencies all met for dep_context=non-requeueable deps ti=<TaskInstance: dados_climaticos_estruturados.criar_pasta scheduled__2024-05-29T00:35:00+00:00 [queued]>
[2024-06-05T01:33:28.654+0000] {taskinstance.py:2076} INFO - Dependencies all met for dep_context=requeueable deps ti=<TaskInstance: dados_climaticos_estruturados.criar_pasta scheduled__2024-05-29T00:35:00+00:00 [queued]>
[2024-06-05T01:33:28.655+0000] {taskinstance.py:2306} INFO - Starting attempt 1 of 1
[2024-06-05T01:33:28.681+0000] {taskinstance.py:2330} INFO - Executing <Task(PythonOperator): criar_pasta> on 2024-05-29 00:35:00+00:00
[2024-06-05T01:33:28.701+0000] {warnings.py:110} WARNING - /home/***/.local/lib/python3.12/site-packages/***/task/task_runner/standard_task_runner.py:61: DeprecationWarning: This process (pid=273) is multi-threaded, use of fork() may lead to deadlocks in the child.
  pid = os.fork()

[2024-06-05T01:33:28.706+0000] {standard_task_runner.py:63} INFO - Started process 292 to run task
[2024-06-05T01:33:28.706+0000] {standard_task_runner.py:90} INFO - Running: ['***', 'tasks', 'run', 'dados_climaticos_estruturados', 'criar_pasta', 'scheduled__2024-05-29T00:35:00+00:00', '--job-id', '73', '--raw', '--subdir', 'DAGS_FOLDER/weather/custom_dags/dados_climaticos_estruturados.py', '--cfg-path', '/tmp/tmpid1kk822']
[2024-06-05T01:33:28.709+0000] {standard_task_runner.py:91} INFO - Job 73: Subtask criar_pasta
[2024-06-05T01:33:28.800+0000] {task_command.py:426} INFO - Running <TaskInstance: dados_climaticos_estruturados.criar_pasta scheduled__2024-05-29T00:35:00+00:00 [running]> on host 80232deae70a
[2024-06-05T01:33:29.017+0000] {taskinstance.py:2648} INFO - Exporting env vars: AIRFLOW_CTX_DAG_OWNER='***' AIRFLOW_CTX_DAG_ID='dados_climaticos_estruturados' AIRFLOW_CTX_TASK_ID='criar_pasta' AIRFLOW_CTX_EXECUTION_DATE='2024-05-29T00:35:00+00:00' AIRFLOW_CTX_TRY_NUMBER='1' AIRFLOW_CTX_DAG_RUN_ID='scheduled__2024-05-29T00:35:00+00:00'
[2024-06-05T01:33:29.020+0000] {taskinstance.py:430} INFO - ::endgroup::
[2024-06-05T01:33:29.023+0000] {python.py:237} INFO - Done. Returned value was: None
[2024-06-05T01:33:29.023+0000] {taskinstance.py:441} INFO - ::group::Post task execution logs
[2024-06-05T01:33:29.040+0000] {taskinstance.py:1206} INFO - Marking task as SUCCESS. dag_id=dados_climaticos_estruturados, task_id=criar_pasta, run_id=scheduled__2024-05-29T00:35:00+00:00, execution_date=20240529T003500, start_date=20240605T013328, end_date=20240605T013329
[2024-06-05T01:33:29.103+0000] {local_task_job_runner.py:240} INFO - Task exited with return code 0
[2024-06-05T01:33:29.168+0000] {taskinstance.py:3498} INFO - 1 downstream tasks scheduled from follow-on schedule check
[2024-06-05T01:33:29.183+0000] {local_task_job_runner.py:222} INFO - ::endgroup::
