[2024-06-05T01:06:52.022+0000] {local_task_job_runner.py:120} INFO - ::group::Pre task execution logs
[2024-06-05T01:06:52.069+0000] {taskinstance.py:2076} INFO - Dependencies all met for dep_context=non-requeueable deps ti=<TaskInstance: dados_climaticos_estruturados.criar_pasta scheduled__2024-05-31T17:25:00+00:00 [queued]>
[2024-06-05T01:06:52.093+0000] {taskinstance.py:2076} INFO - Dependencies all met for dep_context=requeueable deps ti=<TaskInstance: dados_climaticos_estruturados.criar_pasta scheduled__2024-05-31T17:25:00+00:00 [queued]>
[2024-06-05T01:06:52.094+0000] {taskinstance.py:2306} INFO - Starting attempt 1 of 1
[2024-06-05T01:06:52.116+0000] {taskinstance.py:2330} INFO - Executing <Task(PythonOperator): criar_pasta> on 2024-05-31 17:25:00+00:00
[2024-06-05T01:06:52.131+0000] {warnings.py:110} WARNING - /home/***/.local/lib/python3.12/site-packages/***/task/task_runner/standard_task_runner.py:61: DeprecationWarning: This process (pid=5108) is multi-threaded, use of fork() may lead to deadlocks in the child.
  pid = os.fork()

[2024-06-05T01:06:52.133+0000] {standard_task_runner.py:63} INFO - Started process 5130 to run task
[2024-06-05T01:06:52.134+0000] {standard_task_runner.py:90} INFO - Running: ['***', 'tasks', 'run', 'dados_climaticos_estruturados', 'criar_pasta', 'scheduled__2024-05-31T17:25:00+00:00', '--job-id', '2018', '--raw', '--subdir', 'DAGS_FOLDER/weather/custom_dags/dados_climaticos_estruturados.py', '--cfg-path', '/tmp/tmp5f__6c8q']
[2024-06-05T01:06:52.136+0000] {standard_task_runner.py:91} INFO - Job 2018: Subtask criar_pasta
[2024-06-05T01:06:52.219+0000] {task_command.py:426} INFO - Running <TaskInstance: dados_climaticos_estruturados.criar_pasta scheduled__2024-05-31T17:25:00+00:00 [running]> on host 6665b0710315
[2024-06-05T01:06:52.376+0000] {taskinstance.py:2648} INFO - Exporting env vars: AIRFLOW_CTX_DAG_OWNER='***' AIRFLOW_CTX_DAG_ID='dados_climaticos_estruturados' AIRFLOW_CTX_TASK_ID='criar_pasta' AIRFLOW_CTX_EXECUTION_DATE='2024-05-31T17:25:00+00:00' AIRFLOW_CTX_TRY_NUMBER='1' AIRFLOW_CTX_DAG_RUN_ID='scheduled__2024-05-31T17:25:00+00:00'
[2024-06-05T01:06:52.378+0000] {taskinstance.py:430} INFO - ::endgroup::
[2024-06-05T01:06:52.379+0000] {python.py:237} INFO - Done. Returned value was: None
[2024-06-05T01:06:52.380+0000] {taskinstance.py:441} INFO - ::group::Post task execution logs
[2024-06-05T01:06:52.394+0000] {taskinstance.py:1206} INFO - Marking task as SUCCESS. dag_id=dados_climaticos_estruturados, task_id=criar_pasta, run_id=scheduled__2024-05-31T17:25:00+00:00, execution_date=20240531T172500, start_date=20240605T010652, end_date=20240605T010652
[2024-06-05T01:06:52.440+0000] {local_task_job_runner.py:240} INFO - Task exited with return code 0
[2024-06-05T01:06:52.453+0000] {local_task_job_runner.py:222} INFO - ::endgroup::
[2024-06-05T01:46:15.910+0000] {local_task_job_runner.py:120} INFO - ::group::Pre task execution logs
[2024-06-05T01:46:15.939+0000] {taskinstance.py:2076} INFO - Dependencies all met for dep_context=non-requeueable deps ti=<TaskInstance: dados_climaticos_estruturados.criar_pasta scheduled__2024-05-31T17:25:00+00:00 [queued]>
[2024-06-05T01:46:15.953+0000] {taskinstance.py:2076} INFO - Dependencies all met for dep_context=requeueable deps ti=<TaskInstance: dados_climaticos_estruturados.criar_pasta scheduled__2024-05-31T17:25:00+00:00 [queued]>
[2024-06-05T01:46:15.958+0000] {taskinstance.py:2306} INFO - Starting attempt 1 of 1
[2024-06-05T01:46:15.977+0000] {taskinstance.py:2330} INFO - Executing <Task(PythonOperator): criar_pasta> on 2024-05-31 17:25:00+00:00
[2024-06-05T01:46:15.988+0000] {warnings.py:110} WARNING - /home/***/.local/lib/python3.12/site-packages/***/task/task_runner/standard_task_runner.py:61: DeprecationWarning: This process (pid=5120) is multi-threaded, use of fork() may lead to deadlocks in the child.
  pid = os.fork()

[2024-06-05T01:46:15.991+0000] {standard_task_runner.py:63} INFO - Started process 5134 to run task
[2024-06-05T01:46:15.992+0000] {standard_task_runner.py:90} INFO - Running: ['***', 'tasks', 'run', 'dados_climaticos_estruturados', 'criar_pasta', 'scheduled__2024-05-31T17:25:00+00:00', '--job-id', '1635', '--raw', '--subdir', 'DAGS_FOLDER/weather/custom_dags/dados_climaticos_estruturados.py', '--cfg-path', '/tmp/tmpy66owp6x']
[2024-06-05T01:46:15.994+0000] {standard_task_runner.py:91} INFO - Job 1635: Subtask criar_pasta
[2024-06-05T01:46:16.065+0000] {task_command.py:426} INFO - Running <TaskInstance: dados_climaticos_estruturados.criar_pasta scheduled__2024-05-31T17:25:00+00:00 [running]> on host 80232deae70a
[2024-06-05T01:46:16.213+0000] {taskinstance.py:2648} INFO - Exporting env vars: AIRFLOW_CTX_DAG_OWNER='***' AIRFLOW_CTX_DAG_ID='dados_climaticos_estruturados' AIRFLOW_CTX_TASK_ID='criar_pasta' AIRFLOW_CTX_EXECUTION_DATE='2024-05-31T17:25:00+00:00' AIRFLOW_CTX_TRY_NUMBER='1' AIRFLOW_CTX_DAG_RUN_ID='scheduled__2024-05-31T17:25:00+00:00'
[2024-06-05T01:46:16.215+0000] {taskinstance.py:430} INFO - ::endgroup::
[2024-06-05T01:46:16.217+0000] {python.py:237} INFO - Done. Returned value was: None
[2024-06-05T01:46:16.217+0000] {taskinstance.py:441} INFO - ::group::Post task execution logs
[2024-06-05T01:46:16.231+0000] {taskinstance.py:1206} INFO - Marking task as SUCCESS. dag_id=dados_climaticos_estruturados, task_id=criar_pasta, run_id=scheduled__2024-05-31T17:25:00+00:00, execution_date=20240531T172500, start_date=20240605T014615, end_date=20240605T014616
[2024-06-05T01:46:16.297+0000] {local_task_job_runner.py:240} INFO - Task exited with return code 0
[2024-06-05T01:46:16.330+0000] {taskinstance.py:3498} INFO - 1 downstream tasks scheduled from follow-on schedule check
[2024-06-05T01:46:16.332+0000] {local_task_job_runner.py:222} INFO - ::endgroup::
