[2024-06-05T00:58:40.272+0000] {local_task_job_runner.py:120} INFO - ::group::Pre task execution logs
[2024-06-05T00:58:40.337+0000] {taskinstance.py:2076} INFO - Dependencies all met for dep_context=non-requeueable deps ti=<TaskInstance: dados_climaticos_estruturados.criar_pasta scheduled__2024-05-30T02:45:00+00:00 [queued]>
[2024-06-05T00:58:40.365+0000] {taskinstance.py:2076} INFO - Dependencies all met for dep_context=requeueable deps ti=<TaskInstance: dados_climaticos_estruturados.criar_pasta scheduled__2024-05-30T02:45:00+00:00 [queued]>
[2024-06-05T00:58:40.365+0000] {taskinstance.py:2306} INFO - Starting attempt 1 of 1
[2024-06-05T00:58:40.420+0000] {taskinstance.py:2330} INFO - Executing <Task(PythonOperator): criar_pasta> on 2024-05-30 02:45:00+00:00
[2024-06-05T00:58:40.447+0000] {warnings.py:110} WARNING - /home/***/.local/lib/python3.12/site-packages/***/task/task_runner/standard_task_runner.py:61: DeprecationWarning: This process (pid=2218) is multi-threaded, use of fork() may lead to deadlocks in the child.
  pid = os.fork()

[2024-06-05T00:58:40.448+0000] {standard_task_runner.py:90} INFO - Running: ['***', 'tasks', 'run', 'dados_climaticos_estruturados', 'criar_pasta', 'scheduled__2024-05-30T02:45:00+00:00', '--job-id', '1085', '--raw', '--subdir', 'DAGS_FOLDER/weather/custom_dags/dados_climaticos_estruturados.py', '--cfg-path', '/tmp/tmpbxxq93wb']
[2024-06-05T00:58:40.449+0000] {standard_task_runner.py:63} INFO - Started process 2249 to run task
[2024-06-05T00:58:40.450+0000] {standard_task_runner.py:91} INFO - Job 1085: Subtask criar_pasta
[2024-06-05T00:58:40.580+0000] {task_command.py:426} INFO - Running <TaskInstance: dados_climaticos_estruturados.criar_pasta scheduled__2024-05-30T02:45:00+00:00 [running]> on host 6665b0710315
[2024-06-05T00:58:40.860+0000] {taskinstance.py:2648} INFO - Exporting env vars: AIRFLOW_CTX_DAG_OWNER='***' AIRFLOW_CTX_DAG_ID='dados_climaticos_estruturados' AIRFLOW_CTX_TASK_ID='criar_pasta' AIRFLOW_CTX_EXECUTION_DATE='2024-05-30T02:45:00+00:00' AIRFLOW_CTX_TRY_NUMBER='1' AIRFLOW_CTX_DAG_RUN_ID='scheduled__2024-05-30T02:45:00+00:00'
[2024-06-05T00:58:40.866+0000] {taskinstance.py:430} INFO - ::endgroup::
[2024-06-05T00:58:40.871+0000] {python.py:237} INFO - Done. Returned value was: None
[2024-06-05T00:58:40.872+0000] {taskinstance.py:441} INFO - ::group::Post task execution logs
[2024-06-05T00:58:40.896+0000] {taskinstance.py:1206} INFO - Marking task as SUCCESS. dag_id=dados_climaticos_estruturados, task_id=criar_pasta, run_id=scheduled__2024-05-30T02:45:00+00:00, execution_date=20240530T024500, start_date=20240605T005840, end_date=20240605T005840
[2024-06-05T00:58:40.964+0000] {local_task_job_runner.py:240} INFO - Task exited with return code 0
[2024-06-05T00:58:41.028+0000] {taskinstance.py:3498} INFO - 1 downstream tasks scheduled from follow-on schedule check
[2024-06-05T00:58:41.036+0000] {local_task_job_runner.py:222} INFO - ::endgroup::
[2024-06-05T01:38:38.268+0000] {local_task_job_runner.py:120} INFO - ::group::Pre task execution logs
[2024-06-05T01:38:38.322+0000] {taskinstance.py:2076} INFO - Dependencies all met for dep_context=non-requeueable deps ti=<TaskInstance: dados_climaticos_estruturados.criar_pasta scheduled__2024-05-30T02:45:00+00:00 [queued]>
[2024-06-05T01:38:38.374+0000] {taskinstance.py:2076} INFO - Dependencies all met for dep_context=requeueable deps ti=<TaskInstance: dados_climaticos_estruturados.criar_pasta scheduled__2024-05-30T02:45:00+00:00 [queued]>
[2024-06-05T01:38:38.386+0000] {taskinstance.py:2306} INFO - Starting attempt 1 of 1
[2024-06-05T01:38:38.535+0000] {taskinstance.py:2330} INFO - Executing <Task(PythonOperator): criar_pasta> on 2024-05-30 02:45:00+00:00
[2024-06-05T01:38:38.553+0000] {warnings.py:110} WARNING - /home/***/.local/lib/python3.12/site-packages/***/task/task_runner/standard_task_runner.py:61: DeprecationWarning: This process (pid=2212) is multi-threaded, use of fork() may lead to deadlocks in the child.
  pid = os.fork()

[2024-06-05T01:38:38.556+0000] {standard_task_runner.py:63} INFO - Started process 2245 to run task
[2024-06-05T01:38:38.562+0000] {standard_task_runner.py:90} INFO - Running: ['***', 'tasks', 'run', 'dados_climaticos_estruturados', 'criar_pasta', 'scheduled__2024-05-30T02:45:00+00:00', '--job-id', '699', '--raw', '--subdir', 'DAGS_FOLDER/weather/custom_dags/dados_climaticos_estruturados.py', '--cfg-path', '/tmp/tmpd83ubjww']
[2024-06-05T01:38:38.567+0000] {standard_task_runner.py:91} INFO - Job 699: Subtask criar_pasta
[2024-06-05T01:38:38.817+0000] {task_command.py:426} INFO - Running <TaskInstance: dados_climaticos_estruturados.criar_pasta scheduled__2024-05-30T02:45:00+00:00 [running]> on host 80232deae70a
[2024-06-05T01:38:39.134+0000] {taskinstance.py:2648} INFO - Exporting env vars: AIRFLOW_CTX_DAG_OWNER='***' AIRFLOW_CTX_DAG_ID='dados_climaticos_estruturados' AIRFLOW_CTX_TASK_ID='criar_pasta' AIRFLOW_CTX_EXECUTION_DATE='2024-05-30T02:45:00+00:00' AIRFLOW_CTX_TRY_NUMBER='1' AIRFLOW_CTX_DAG_RUN_ID='scheduled__2024-05-30T02:45:00+00:00'
[2024-06-05T01:38:39.137+0000] {taskinstance.py:430} INFO - ::endgroup::
[2024-06-05T01:38:39.139+0000] {python.py:237} INFO - Done. Returned value was: None
[2024-06-05T01:38:39.140+0000] {taskinstance.py:441} INFO - ::group::Post task execution logs
[2024-06-05T01:38:39.180+0000] {taskinstance.py:1206} INFO - Marking task as SUCCESS. dag_id=dados_climaticos_estruturados, task_id=criar_pasta, run_id=scheduled__2024-05-30T02:45:00+00:00, execution_date=20240530T024500, start_date=20240605T013838, end_date=20240605T013839
[2024-06-05T01:38:39.279+0000] {local_task_job_runner.py:240} INFO - Task exited with return code 0
[2024-06-05T01:38:39.310+0000] {local_task_job_runner.py:222} INFO - ::endgroup::
