[2024-06-05T00:57:33.980+0000] {local_task_job_runner.py:120} INFO - ::group::Pre task execution logs
[2024-06-05T00:57:34.035+0000] {taskinstance.py:2076} INFO - Dependencies all met for dep_context=non-requeueable deps ti=<TaskInstance: dados_climaticos_estruturados.criar_pasta scheduled__2024-05-29T21:40:00+00:00 [queued]>
[2024-06-05T00:57:34.069+0000] {taskinstance.py:2076} INFO - Dependencies all met for dep_context=requeueable deps ti=<TaskInstance: dados_climaticos_estruturados.criar_pasta scheduled__2024-05-29T21:40:00+00:00 [queued]>
[2024-06-05T00:57:34.073+0000] {taskinstance.py:2306} INFO - Starting attempt 1 of 1
[2024-06-05T00:57:34.124+0000] {taskinstance.py:2330} INFO - Executing <Task(PythonOperator): criar_pasta> on 2024-05-29 21:40:00+00:00
[2024-06-05T00:57:34.153+0000] {warnings.py:110} WARNING - /home/***/.local/lib/python3.12/site-packages/***/task/task_runner/standard_task_runner.py:61: DeprecationWarning: This process (pid=1833) is multi-threaded, use of fork() may lead to deadlocks in the child.
  pid = os.fork()

[2024-06-05T00:57:34.161+0000] {standard_task_runner.py:63} INFO - Started process 1862 to run task
[2024-06-05T00:57:34.167+0000] {standard_task_runner.py:90} INFO - Running: ['***', 'tasks', 'run', 'dados_climaticos_estruturados', 'criar_pasta', 'scheduled__2024-05-29T21:40:00+00:00', '--job-id', '965', '--raw', '--subdir', 'DAGS_FOLDER/weather/custom_dags/dados_climaticos_estruturados.py', '--cfg-path', '/tmp/tmp4ut5eni8']
[2024-06-05T00:57:34.171+0000] {standard_task_runner.py:91} INFO - Job 965: Subtask criar_pasta
[2024-06-05T00:57:34.299+0000] {task_command.py:426} INFO - Running <TaskInstance: dados_climaticos_estruturados.criar_pasta scheduled__2024-05-29T21:40:00+00:00 [running]> on host 6665b0710315
[2024-06-05T00:57:34.529+0000] {taskinstance.py:2648} INFO - Exporting env vars: AIRFLOW_CTX_DAG_OWNER='***' AIRFLOW_CTX_DAG_ID='dados_climaticos_estruturados' AIRFLOW_CTX_TASK_ID='criar_pasta' AIRFLOW_CTX_EXECUTION_DATE='2024-05-29T21:40:00+00:00' AIRFLOW_CTX_TRY_NUMBER='1' AIRFLOW_CTX_DAG_RUN_ID='scheduled__2024-05-29T21:40:00+00:00'
[2024-06-05T00:57:34.533+0000] {taskinstance.py:430} INFO - ::endgroup::
[2024-06-05T00:57:34.536+0000] {python.py:237} INFO - Done. Returned value was: None
[2024-06-05T00:57:34.541+0000] {taskinstance.py:441} INFO - ::group::Post task execution logs
[2024-06-05T00:57:34.561+0000] {taskinstance.py:1206} INFO - Marking task as SUCCESS. dag_id=dados_climaticos_estruturados, task_id=criar_pasta, run_id=scheduled__2024-05-29T21:40:00+00:00, execution_date=20240529T214000, start_date=20240605T005734, end_date=20240605T005734
[2024-06-05T00:57:34.643+0000] {local_task_job_runner.py:240} INFO - Task exited with return code 0
[2024-06-05T00:57:34.665+0000] {local_task_job_runner.py:222} INFO - ::endgroup::
[2024-06-05T01:37:46.224+0000] {local_task_job_runner.py:120} INFO - ::group::Pre task execution logs
[2024-06-05T01:37:46.253+0000] {taskinstance.py:2076} INFO - Dependencies all met for dep_context=non-requeueable deps ti=<TaskInstance: dados_climaticos_estruturados.criar_pasta scheduled__2024-05-29T21:40:00+00:00 [queued]>
[2024-06-05T01:37:46.267+0000] {taskinstance.py:2076} INFO - Dependencies all met for dep_context=requeueable deps ti=<TaskInstance: dados_climaticos_estruturados.criar_pasta scheduled__2024-05-29T21:40:00+00:00 [queued]>
[2024-06-05T01:37:46.268+0000] {taskinstance.py:2306} INFO - Starting attempt 1 of 1
[2024-06-05T01:37:46.299+0000] {taskinstance.py:2330} INFO - Executing <Task(PythonOperator): criar_pasta> on 2024-05-29 21:40:00+00:00
[2024-06-05T01:37:46.310+0000] {warnings.py:110} WARNING - /home/***/.local/lib/python3.12/site-packages/***/task/task_runner/standard_task_runner.py:61: DeprecationWarning: This process (pid=1876) is multi-threaded, use of fork() may lead to deadlocks in the child.
  pid = os.fork()

[2024-06-05T01:37:46.312+0000] {standard_task_runner.py:63} INFO - Started process 1884 to run task
[2024-06-05T01:37:46.313+0000] {standard_task_runner.py:90} INFO - Running: ['***', 'tasks', 'run', 'dados_climaticos_estruturados', 'criar_pasta', 'scheduled__2024-05-29T21:40:00+00:00', '--job-id', '587', '--raw', '--subdir', 'DAGS_FOLDER/weather/custom_dags/dados_climaticos_estruturados.py', '--cfg-path', '/tmp/tmpdnn2y2sf']
[2024-06-05T01:37:46.315+0000] {standard_task_runner.py:91} INFO - Job 587: Subtask criar_pasta
[2024-06-05T01:37:46.397+0000] {task_command.py:426} INFO - Running <TaskInstance: dados_climaticos_estruturados.criar_pasta scheduled__2024-05-29T21:40:00+00:00 [running]> on host 80232deae70a
[2024-06-05T01:37:46.581+0000] {taskinstance.py:2648} INFO - Exporting env vars: AIRFLOW_CTX_DAG_OWNER='***' AIRFLOW_CTX_DAG_ID='dados_climaticos_estruturados' AIRFLOW_CTX_TASK_ID='criar_pasta' AIRFLOW_CTX_EXECUTION_DATE='2024-05-29T21:40:00+00:00' AIRFLOW_CTX_TRY_NUMBER='1' AIRFLOW_CTX_DAG_RUN_ID='scheduled__2024-05-29T21:40:00+00:00'
[2024-06-05T01:37:46.582+0000] {taskinstance.py:430} INFO - ::endgroup::
[2024-06-05T01:37:46.583+0000] {python.py:237} INFO - Done. Returned value was: None
[2024-06-05T01:37:46.584+0000] {taskinstance.py:441} INFO - ::group::Post task execution logs
[2024-06-05T01:37:46.594+0000] {taskinstance.py:1206} INFO - Marking task as SUCCESS. dag_id=dados_climaticos_estruturados, task_id=criar_pasta, run_id=scheduled__2024-05-29T21:40:00+00:00, execution_date=20240529T214000, start_date=20240605T013746, end_date=20240605T013746
[2024-06-05T01:37:46.657+0000] {local_task_job_runner.py:240} INFO - Task exited with return code 0
[2024-06-05T01:37:46.683+0000] {taskinstance.py:3498} INFO - 1 downstream tasks scheduled from follow-on schedule check
[2024-06-05T01:37:46.698+0000] {local_task_job_runner.py:222} INFO - ::endgroup::
