[2024-06-18T00:36:07.002+0000] {local_task_job_runner.py:120} INFO - ::group::Pre task execution logs
[2024-06-18T00:36:07.034+0000] {taskinstance.py:2076} INFO - Dependencies all met for dep_context=non-requeueable deps ti=<TaskInstance: dados_climaticos_estruturados.transformar_dados scheduled__2024-06-18T00:10:00+00:00 [queued]>
[2024-06-18T00:36:07.048+0000] {taskinstance.py:2076} INFO - Dependencies all met for dep_context=requeueable deps ti=<TaskInstance: dados_climaticos_estruturados.transformar_dados scheduled__2024-06-18T00:10:00+00:00 [queued]>
[2024-06-18T00:36:07.049+0000] {taskinstance.py:2306} INFO - Starting attempt 1 of 1
[2024-06-18T00:36:07.099+0000] {taskinstance.py:2330} INFO - Executing <Task(PythonOperator): transformar_dados> on 2024-06-18 00:10:00+00:00
[2024-06-18T00:36:07.111+0000] {warnings.py:110} WARNING - /home/***/.local/lib/python3.12/site-packages/***/task/task_runner/standard_task_runner.py:61: DeprecationWarning: This process (pid=101) is multi-threaded, use of fork() may lead to deadlocks in the child.
  pid = os.fork()

[2024-06-18T00:36:07.115+0000] {standard_task_runner.py:63} INFO - Started process 111 to run task
[2024-06-18T00:36:07.114+0000] {standard_task_runner.py:90} INFO - Running: ['***', 'tasks', 'run', 'dados_climaticos_estruturados', 'transformar_dados', 'scheduled__2024-06-18T00:10:00+00:00', '--job-id', '2092', '--raw', '--subdir', 'DAGS_FOLDER/weather/custom_dags/dados_climaticos_estruturados.py', '--cfg-path', '/tmp/tmpfpphtywg']
[2024-06-18T00:36:07.118+0000] {standard_task_runner.py:91} INFO - Job 2092: Subtask transformar_dados
[2024-06-18T00:36:07.181+0000] {task_command.py:426} INFO - Running <TaskInstance: dados_climaticos_estruturados.transformar_dados scheduled__2024-06-18T00:10:00+00:00 [running]> on host 63224c1d822d
[2024-06-18T00:36:07.302+0000] {taskinstance.py:2648} INFO - Exporting env vars: AIRFLOW_CTX_DAG_OWNER='***' AIRFLOW_CTX_DAG_ID='dados_climaticos_estruturados' AIRFLOW_CTX_TASK_ID='transformar_dados' AIRFLOW_CTX_EXECUTION_DATE='2024-06-18T00:10:00+00:00' AIRFLOW_CTX_TRY_NUMBER='1' AIRFLOW_CTX_DAG_RUN_ID='scheduled__2024-06-18T00:10:00+00:00'
[2024-06-18T00:36:07.307+0000] {taskinstance.py:430} INFO - ::endgroup::
[2024-06-18T00:36:07.309+0000] {taskinstance.py:441} INFO - ::group::Post task execution logs
[2024-06-18T00:36:07.310+0000] {taskinstance.py:2905} ERROR - Task failed with exception
Traceback (most recent call last):
  File "/home/airflow/.local/lib/python3.12/site-packages/airflow/models/taskinstance.py", line 465, in _execute_task
    result = _execute_callable(context=context, **execute_callable_kwargs)
             ^^^^^^^^^^^^^^^^^^^^^^^^^^^^^^^^^^^^^^^^^^^^^^^^^^^^^^^^^^^^^
  File "/home/airflow/.local/lib/python3.12/site-packages/airflow/models/taskinstance.py", line 432, in _execute_callable
    return execute_callable(context=context, **execute_callable_kwargs)
           ^^^^^^^^^^^^^^^^^^^^^^^^^^^^^^^^^^^^^^^^^^^^^^^^^^^^^^^^^^^^
  File "/home/airflow/.local/lib/python3.12/site-packages/airflow/models/baseoperator.py", line 400, in wrapper
    return func(self, *args, **kwargs)
           ^^^^^^^^^^^^^^^^^^^^^^^^^^^
  File "/home/airflow/.local/lib/python3.12/site-packages/airflow/operators/python.py", line 235, in execute
    return_value = self.execute_callable()
                   ^^^^^^^^^^^^^^^^^^^^^^^
  File "/home/airflow/.local/lib/python3.12/site-packages/airflow/operators/python.py", line 252, in execute_callable
    return self.python_callable(*self.op_args, **self.op_kwargs)
           ^^^^^^^^^^^^^^^^^^^^^^^^^^^^^^^^^^^^^^^^^^^^^^^^^^^^^
  File "/opt/airflow/dags/weather/etl/transform.py", line 7, in transformar_dados
    with open(f"/opt/airflow/data/raw/{city}/",'r') as csvfile:
         ^^^^^^^^^^^^^^^^^^^^^^^^^^^^^^^^^^^^^^^^^^
IsADirectoryError: [Errno 21] Is a directory: '/opt/airflow/data/raw/Itacoatiara/'
[2024-06-18T00:36:07.326+0000] {taskinstance.py:1206} INFO - Marking task as FAILED. dag_id=dados_climaticos_estruturados, task_id=transformar_dados, run_id=scheduled__2024-06-18T00:10:00+00:00, execution_date=20240618T001000, start_date=20240618T003607, end_date=20240618T003607
[2024-06-18T00:36:07.346+0000] {standard_task_runner.py:110} ERROR - Failed to execute job 2092 for task transformar_dados ([Errno 21] Is a directory: '/opt/airflow/data/raw/Itacoatiara/'; 111)
[2024-06-18T00:36:07.380+0000] {local_task_job_runner.py:240} INFO - Task exited with return code 1
[2024-06-18T00:36:07.400+0000] {taskinstance.py:3498} INFO - 0 downstream tasks scheduled from follow-on schedule check
[2024-06-18T00:36:07.404+0000] {local_task_job_runner.py:222} INFO - ::endgroup::
[2024-06-18T01:29:44.801+0000] {local_task_job_runner.py:120} INFO - ::group::Pre task execution logs
[2024-06-18T01:29:44.878+0000] {taskinstance.py:2076} INFO - Dependencies all met for dep_context=non-requeueable deps ti=<TaskInstance: dados_climaticos_estruturados.transformar_dados scheduled__2024-06-18T00:10:00+00:00 [queued]>
[2024-06-18T01:29:44.924+0000] {taskinstance.py:2076} INFO - Dependencies all met for dep_context=requeueable deps ti=<TaskInstance: dados_climaticos_estruturados.transformar_dados scheduled__2024-06-18T00:10:00+00:00 [queued]>
[2024-06-18T01:29:44.926+0000] {taskinstance.py:2306} INFO - Starting attempt 1 of 1
[2024-06-18T01:29:44.983+0000] {taskinstance.py:2330} INFO - Executing <Task(PythonOperator): transformar_dados> on 2024-06-18 00:10:00+00:00
[2024-06-18T01:29:45.017+0000] {warnings.py:110} WARNING - /home/***/.local/lib/python3.12/site-packages/***/task/task_runner/standard_task_runner.py:61: DeprecationWarning: This process (pid=166) is multi-threaded, use of fork() may lead to deadlocks in the child.
  pid = os.fork()

[2024-06-18T01:29:45.032+0000] {standard_task_runner.py:63} INFO - Started process 210 to run task
[2024-06-18T01:29:45.024+0000] {standard_task_runner.py:90} INFO - Running: ['***', 'tasks', 'run', 'dados_climaticos_estruturados', 'transformar_dados', 'scheduled__2024-06-18T00:10:00+00:00', '--job-id', '45', '--raw', '--subdir', 'DAGS_FOLDER/weather/custom_dags/dados_climaticos_estruturados.py', '--cfg-path', '/tmp/tmpupqrz1n_']
[2024-06-18T01:29:45.048+0000] {standard_task_runner.py:91} INFO - Job 45: Subtask transformar_dados
[2024-06-18T01:29:45.243+0000] {task_command.py:426} INFO - Running <TaskInstance: dados_climaticos_estruturados.transformar_dados scheduled__2024-06-18T00:10:00+00:00 [running]> on host bd8fdde9baa6
[2024-06-18T01:29:45.568+0000] {taskinstance.py:2648} INFO - Exporting env vars: AIRFLOW_CTX_DAG_OWNER='***' AIRFLOW_CTX_DAG_ID='dados_climaticos_estruturados' AIRFLOW_CTX_TASK_ID='transformar_dados' AIRFLOW_CTX_EXECUTION_DATE='2024-06-18T00:10:00+00:00' AIRFLOW_CTX_TRY_NUMBER='1' AIRFLOW_CTX_DAG_RUN_ID='scheduled__2024-06-18T00:10:00+00:00'
[2024-06-18T01:29:45.574+0000] {taskinstance.py:430} INFO - ::endgroup::
[2024-06-18T01:29:45.591+0000] {python.py:237} INFO - Done. Returned value was: None
[2024-06-18T01:29:45.591+0000] {taskinstance.py:441} INFO - ::group::Post task execution logs
[2024-06-18T01:29:45.625+0000] {taskinstance.py:1206} INFO - Marking task as SUCCESS. dag_id=dados_climaticos_estruturados, task_id=transformar_dados, run_id=scheduled__2024-06-18T00:10:00+00:00, execution_date=20240618T001000, start_date=20240618T012944, end_date=20240618T012945
[2024-06-18T01:29:45.704+0000] {local_task_job_runner.py:240} INFO - Task exited with return code 0
[2024-06-18T01:29:45.781+0000] {taskinstance.py:3498} INFO - 1 downstream tasks scheduled from follow-on schedule check
[2024-06-18T01:29:45.801+0000] {local_task_job_runner.py:222} INFO - ::endgroup::
