[2024-06-05T01:07:08.982+0000] {local_task_job_runner.py:120} INFO - ::group::Pre task execution logs
[2024-06-05T01:07:09.068+0000] {taskinstance.py:2076} INFO - Dependencies all met for dep_context=non-requeueable deps ti=<TaskInstance: dados_climaticos_estruturados.criar_pasta scheduled__2024-05-31T18:15:00+00:00 [queued]>
[2024-06-05T01:07:09.097+0000] {taskinstance.py:2076} INFO - Dependencies all met for dep_context=requeueable deps ti=<TaskInstance: dados_climaticos_estruturados.criar_pasta scheduled__2024-05-31T18:15:00+00:00 [queued]>
[2024-06-05T01:07:09.101+0000] {taskinstance.py:2306} INFO - Starting attempt 1 of 1
[2024-06-05T01:07:09.158+0000] {taskinstance.py:2330} INFO - Executing <Task(PythonOperator): criar_pasta> on 2024-05-31 18:15:00+00:00
[2024-06-05T01:07:09.182+0000] {warnings.py:110} WARNING - /home/***/.local/lib/python3.12/site-packages/***/task/task_runner/standard_task_runner.py:61: DeprecationWarning: This process (pid=5164) is multi-threaded, use of fork() may lead to deadlocks in the child.
  pid = os.fork()

[2024-06-05T01:07:09.188+0000] {standard_task_runner.py:63} INFO - Started process 5207 to run task
[2024-06-05T01:07:09.186+0000] {standard_task_runner.py:90} INFO - Running: ['***', 'tasks', 'run', 'dados_climaticos_estruturados', 'criar_pasta', 'scheduled__2024-05-31T18:15:00+00:00', '--job-id', '2036', '--raw', '--subdir', 'DAGS_FOLDER/weather/custom_dags/dados_climaticos_estruturados.py', '--cfg-path', '/tmp/tmptz3c3je4']
[2024-06-05T01:07:09.195+0000] {standard_task_runner.py:91} INFO - Job 2036: Subtask criar_pasta
[2024-06-05T01:07:09.364+0000] {task_command.py:426} INFO - Running <TaskInstance: dados_climaticos_estruturados.criar_pasta scheduled__2024-05-31T18:15:00+00:00 [running]> on host 6665b0710315
[2024-06-05T01:07:09.608+0000] {taskinstance.py:2648} INFO - Exporting env vars: AIRFLOW_CTX_DAG_OWNER='***' AIRFLOW_CTX_DAG_ID='dados_climaticos_estruturados' AIRFLOW_CTX_TASK_ID='criar_pasta' AIRFLOW_CTX_EXECUTION_DATE='2024-05-31T18:15:00+00:00' AIRFLOW_CTX_TRY_NUMBER='1' AIRFLOW_CTX_DAG_RUN_ID='scheduled__2024-05-31T18:15:00+00:00'
[2024-06-05T01:07:09.615+0000] {taskinstance.py:430} INFO - ::endgroup::
[2024-06-05T01:07:09.617+0000] {python.py:237} INFO - Done. Returned value was: None
[2024-06-05T01:07:09.618+0000] {taskinstance.py:441} INFO - ::group::Post task execution logs
[2024-06-05T01:07:09.639+0000] {taskinstance.py:1206} INFO - Marking task as SUCCESS. dag_id=dados_climaticos_estruturados, task_id=criar_pasta, run_id=scheduled__2024-05-31T18:15:00+00:00, execution_date=20240531T181500, start_date=20240605T010709, end_date=20240605T010709
[2024-06-05T01:07:09.742+0000] {local_task_job_runner.py:240} INFO - Task exited with return code 0
[2024-06-05T01:07:09.773+0000] {local_task_job_runner.py:222} INFO - ::endgroup::
[2024-06-05T01:46:26.091+0000] {local_task_job_runner.py:120} INFO - ::group::Pre task execution logs
[2024-06-05T01:46:26.162+0000] {taskinstance.py:2076} INFO - Dependencies all met for dep_context=non-requeueable deps ti=<TaskInstance: dados_climaticos_estruturados.criar_pasta scheduled__2024-05-31T18:15:00+00:00 [queued]>
[2024-06-05T01:46:26.179+0000] {taskinstance.py:2076} INFO - Dependencies all met for dep_context=requeueable deps ti=<TaskInstance: dados_climaticos_estruturados.criar_pasta scheduled__2024-05-31T18:15:00+00:00 [queued]>
[2024-06-05T01:46:26.180+0000] {taskinstance.py:2306} INFO - Starting attempt 1 of 1
[2024-06-05T01:46:26.219+0000] {taskinstance.py:2330} INFO - Executing <Task(PythonOperator): criar_pasta> on 2024-05-31 18:15:00+00:00
[2024-06-05T01:46:26.233+0000] {warnings.py:110} WARNING - /home/***/.local/lib/python3.12/site-packages/***/task/task_runner/standard_task_runner.py:61: DeprecationWarning: This process (pid=5165) is multi-threaded, use of fork() may lead to deadlocks in the child.
  pid = os.fork()

[2024-06-05T01:46:26.236+0000] {standard_task_runner.py:90} INFO - Running: ['***', 'tasks', 'run', 'dados_climaticos_estruturados', 'criar_pasta', 'scheduled__2024-05-31T18:15:00+00:00', '--job-id', '1650', '--raw', '--subdir', 'DAGS_FOLDER/weather/custom_dags/dados_climaticos_estruturados.py', '--cfg-path', '/tmp/tmpflv4ysg7']
[2024-06-05T01:46:26.239+0000] {standard_task_runner.py:63} INFO - Started process 5188 to run task
[2024-06-05T01:46:26.240+0000] {standard_task_runner.py:91} INFO - Job 1650: Subtask criar_pasta
[2024-06-05T01:46:26.350+0000] {task_command.py:426} INFO - Running <TaskInstance: dados_climaticos_estruturados.criar_pasta scheduled__2024-05-31T18:15:00+00:00 [running]> on host 80232deae70a
[2024-06-05T01:46:26.583+0000] {taskinstance.py:2648} INFO - Exporting env vars: AIRFLOW_CTX_DAG_OWNER='***' AIRFLOW_CTX_DAG_ID='dados_climaticos_estruturados' AIRFLOW_CTX_TASK_ID='criar_pasta' AIRFLOW_CTX_EXECUTION_DATE='2024-05-31T18:15:00+00:00' AIRFLOW_CTX_TRY_NUMBER='1' AIRFLOW_CTX_DAG_RUN_ID='scheduled__2024-05-31T18:15:00+00:00'
[2024-06-05T01:46:26.586+0000] {taskinstance.py:430} INFO - ::endgroup::
[2024-06-05T01:46:26.588+0000] {python.py:237} INFO - Done. Returned value was: None
[2024-06-05T01:46:26.589+0000] {taskinstance.py:441} INFO - ::group::Post task execution logs
[2024-06-05T01:46:26.616+0000] {taskinstance.py:1206} INFO - Marking task as SUCCESS. dag_id=dados_climaticos_estruturados, task_id=criar_pasta, run_id=scheduled__2024-05-31T18:15:00+00:00, execution_date=20240531T181500, start_date=20240605T014626, end_date=20240605T014626
[2024-06-05T01:46:26.732+0000] {local_task_job_runner.py:240} INFO - Task exited with return code 0
[2024-06-05T01:46:26.780+0000] {local_task_job_runner.py:222} INFO - ::endgroup::
