[2024-05-25T19:05:48.507+0000] {local_task_job_runner.py:120} INFO - ::group::Pre task execution logs
[2024-05-25T19:05:48.536+0000] {taskinstance.py:2076} INFO - Dependencies all met for dep_context=non-requeueable deps ti=<TaskInstance: dados_climaticos_estruturados.criar_pasta scheduled__2024-05-17T05:10:00+00:00 [queued]>
[2024-05-25T19:05:48.547+0000] {taskinstance.py:2076} INFO - Dependencies all met for dep_context=requeueable deps ti=<TaskInstance: dados_climaticos_estruturados.criar_pasta scheduled__2024-05-17T05:10:00+00:00 [queued]>
[2024-05-25T19:05:48.548+0000] {taskinstance.py:2306} INFO - Starting attempt 1 of 1
[2024-05-25T19:05:48.571+0000] {taskinstance.py:2330} INFO - Executing <Task(PythonOperator): criar_pasta> on 2024-05-17 05:10:00+00:00
[2024-05-25T19:05:48.585+0000] {warnings.py:110} WARNING - /home/***/.local/lib/python3.12/site-packages/***/task/task_runner/standard_task_runner.py:61: DeprecationWarning: This process (pid=360) is multi-threaded, use of fork() may lead to deadlocks in the child.
  pid = os.fork()

[2024-05-25T19:05:48.588+0000] {standard_task_runner.py:63} INFO - Started process 378 to run task
[2024-05-25T19:05:48.589+0000] {standard_task_runner.py:90} INFO - Running: ['***', 'tasks', 'run', 'dados_climaticos_estruturados', 'criar_pasta', 'scheduled__2024-05-17T05:10:00+00:00', '--job-id', '97', '--raw', '--subdir', 'DAGS_FOLDER/weather/custom_dags/dados_climaticos_estruturados.py', '--cfg-path', '/tmp/tmpzr_tnmuc']
[2024-05-25T19:05:48.593+0000] {standard_task_runner.py:91} INFO - Job 97: Subtask criar_pasta
[2024-05-25T19:05:48.692+0000] {task_command.py:426} INFO - Running <TaskInstance: dados_climaticos_estruturados.criar_pasta scheduled__2024-05-17T05:10:00+00:00 [running]> on host 0473b835f7f4
[2024-05-25T19:05:48.900+0000] {taskinstance.py:2648} INFO - Exporting env vars: AIRFLOW_CTX_DAG_OWNER='***' AIRFLOW_CTX_DAG_ID='dados_climaticos_estruturados' AIRFLOW_CTX_TASK_ID='criar_pasta' AIRFLOW_CTX_EXECUTION_DATE='2024-05-17T05:10:00+00:00' AIRFLOW_CTX_TRY_NUMBER='1' AIRFLOW_CTX_DAG_RUN_ID='scheduled__2024-05-17T05:10:00+00:00'
[2024-05-25T19:05:48.903+0000] {taskinstance.py:430} INFO - ::endgroup::
[2024-05-25T19:05:48.905+0000] {taskinstance.py:441} INFO - ::group::Post task execution logs
[2024-05-25T19:05:48.907+0000] {taskinstance.py:2905} ERROR - Task failed with exception
Traceback (most recent call last):
  File "/home/airflow/.local/lib/python3.12/site-packages/airflow/models/taskinstance.py", line 465, in _execute_task
    result = _execute_callable(context=context, **execute_callable_kwargs)
             ^^^^^^^^^^^^^^^^^^^^^^^^^^^^^^^^^^^^^^^^^^^^^^^^^^^^^^^^^^^^^
  File "/home/airflow/.local/lib/python3.12/site-packages/airflow/models/taskinstance.py", line 432, in _execute_callable
    return execute_callable(context=context, **execute_callable_kwargs)
           ^^^^^^^^^^^^^^^^^^^^^^^^^^^^^^^^^^^^^^^^^^^^^^^^^^^^^^^^^^^^
  File "/home/airflow/.local/lib/python3.12/site-packages/airflow/models/baseoperator.py", line 400, in wrapper
    return func(self, *args, **kwargs)
           ^^^^^^^^^^^^^^^^^^^^^^^^^^^
  File "/home/airflow/.local/lib/python3.12/site-packages/airflow/operators/python.py", line 235, in execute
    return_value = self.execute_callable()
                   ^^^^^^^^^^^^^^^^^^^^^^^
  File "/home/airflow/.local/lib/python3.12/site-packages/airflow/operators/python.py", line 252, in execute_callable
    return self.python_callable(*self.op_args, **self.op_kwargs)
           ^^^^^^^^^^^^^^^^^^^^^^^^^^^^^^^^^^^^^^^^^^^^^^^^^^^^^
  File "/opt/airflow/dags/weather/custom_dags/dados_climaticos_estruturados.py", line 18, in pegar_data_e_criar_pasta
    Path(caminho).mkdir(parents=True, exist_ok=True)
    ^^^^
NameError: name 'Path' is not defined
[2024-05-25T19:05:48.932+0000] {taskinstance.py:1206} INFO - Marking task as FAILED. dag_id=dados_climaticos_estruturados, task_id=criar_pasta, run_id=scheduled__2024-05-17T05:10:00+00:00, execution_date=20240517T051000, start_date=20240525T190548, end_date=20240525T190548
[2024-05-25T19:05:48.962+0000] {standard_task_runner.py:110} ERROR - Failed to execute job 97 for task criar_pasta (name 'Path' is not defined; 378)
[2024-05-25T19:05:49.021+0000] {local_task_job_runner.py:240} INFO - Task exited with return code 1
[2024-05-25T19:05:49.049+0000] {taskinstance.py:3498} INFO - 0 downstream tasks scheduled from follow-on schedule check
[2024-05-25T19:05:49.054+0000] {local_task_job_runner.py:222} INFO - ::endgroup::
[2024-05-29T01:42:26.220+0000] {local_task_job_runner.py:120} INFO - ::group::Pre task execution logs
[2024-05-29T01:42:26.288+0000] {taskinstance.py:2076} INFO - Dependencies all met for dep_context=non-requeueable deps ti=<TaskInstance: dados_climaticos_estruturados.criar_pasta scheduled__2024-05-17T05:10:00+00:00 [queued]>
[2024-05-29T01:42:26.329+0000] {taskinstance.py:2076} INFO - Dependencies all met for dep_context=requeueable deps ti=<TaskInstance: dados_climaticos_estruturados.criar_pasta scheduled__2024-05-17T05:10:00+00:00 [queued]>
[2024-05-29T01:42:26.332+0000] {taskinstance.py:2306} INFO - Starting attempt 1 of 1
[2024-05-29T01:42:26.462+0000] {taskinstance.py:2330} INFO - Executing <Task(PythonOperator): criar_pasta> on 2024-05-17 05:10:00+00:00
[2024-05-29T01:42:26.479+0000] {warnings.py:110} WARNING - /home/***/.local/lib/python3.12/site-packages/***/task/task_runner/standard_task_runner.py:61: DeprecationWarning: This process (pid=178) is multi-threaded, use of fork() may lead to deadlocks in the child.
  pid = os.fork()

[2024-05-29T01:42:26.482+0000] {standard_task_runner.py:90} INFO - Running: ['***', 'tasks', 'run', 'dados_climaticos_estruturados', 'criar_pasta', 'scheduled__2024-05-17T05:10:00+00:00', '--job-id', '185', '--raw', '--subdir', 'DAGS_FOLDER/weather/custom_dags/dados_climaticos_estruturados.py', '--cfg-path', '/tmp/tmp8zgmxvtw']
[2024-05-29T01:42:26.488+0000] {standard_task_runner.py:91} INFO - Job 185: Subtask criar_pasta
[2024-05-29T01:42:26.486+0000] {standard_task_runner.py:63} INFO - Started process 198 to run task
[2024-05-29T01:42:26.742+0000] {task_command.py:426} INFO - Running <TaskInstance: dados_climaticos_estruturados.criar_pasta scheduled__2024-05-17T05:10:00+00:00 [running]> on host 6665b0710315
[2024-05-29T01:42:27.016+0000] {taskinstance.py:2648} INFO - Exporting env vars: AIRFLOW_CTX_DAG_OWNER='***' AIRFLOW_CTX_DAG_ID='dados_climaticos_estruturados' AIRFLOW_CTX_TASK_ID='criar_pasta' AIRFLOW_CTX_EXECUTION_DATE='2024-05-17T05:10:00+00:00' AIRFLOW_CTX_TRY_NUMBER='1' AIRFLOW_CTX_DAG_RUN_ID='scheduled__2024-05-17T05:10:00+00:00'
[2024-05-29T01:42:27.025+0000] {taskinstance.py:430} INFO - ::endgroup::
[2024-05-29T01:42:27.028+0000] {python.py:237} INFO - Done. Returned value was: None
[2024-05-29T01:42:27.030+0000] {taskinstance.py:441} INFO - ::group::Post task execution logs
[2024-05-29T01:42:27.056+0000] {taskinstance.py:1206} INFO - Marking task as SUCCESS. dag_id=dados_climaticos_estruturados, task_id=criar_pasta, run_id=scheduled__2024-05-17T05:10:00+00:00, execution_date=20240517T051000, start_date=20240529T014226, end_date=20240529T014227
[2024-05-29T01:42:27.147+0000] {local_task_job_runner.py:240} INFO - Task exited with return code 0
[2024-05-29T01:42:27.184+0000] {taskinstance.py:3498} INFO - 1 downstream tasks scheduled from follow-on schedule check
[2024-05-29T01:42:27.205+0000] {local_task_job_runner.py:222} INFO - ::endgroup::
