[2024-06-05T00:54:49.698+0000] {local_task_job_runner.py:120} INFO - ::group::Pre task execution logs
[2024-06-05T00:54:49.737+0000] {taskinstance.py:2076} INFO - Dependencies all met for dep_context=non-requeueable deps ti=<TaskInstance: dados_climaticos_estruturados.criar_pasta scheduled__2024-05-29T06:00:00+00:00 [queued]>
[2024-06-05T00:54:49.751+0000] {taskinstance.py:2076} INFO - Dependencies all met for dep_context=requeueable deps ti=<TaskInstance: dados_climaticos_estruturados.criar_pasta scheduled__2024-05-29T06:00:00+00:00 [queued]>
[2024-06-05T00:54:49.752+0000] {taskinstance.py:2306} INFO - Starting attempt 1 of 1
[2024-06-05T00:54:49.791+0000] {taskinstance.py:2330} INFO - Executing <Task(PythonOperator): criar_pasta> on 2024-05-29 06:00:00+00:00
[2024-06-05T00:54:49.808+0000] {warnings.py:110} WARNING - /home/***/.local/lib/python3.12/site-packages/***/task/task_runner/standard_task_runner.py:61: DeprecationWarning: This process (pid=679) is multi-threaded, use of fork() may lead to deadlocks in the child.
  pid = os.fork()

[2024-06-05T00:54:49.811+0000] {standard_task_runner.py:63} INFO - Started process 708 to run task
[2024-06-05T00:54:49.816+0000] {standard_task_runner.py:90} INFO - Running: ['***', 'tasks', 'run', 'dados_climaticos_estruturados', 'criar_pasta', 'scheduled__2024-05-29T06:00:00+00:00', '--job-id', '588', '--raw', '--subdir', 'DAGS_FOLDER/weather/custom_dags/dados_climaticos_estruturados.py', '--cfg-path', '/tmp/tmpyh3urpos']
[2024-06-05T00:54:49.821+0000] {standard_task_runner.py:91} INFO - Job 588: Subtask criar_pasta
[2024-06-05T00:54:49.957+0000] {task_command.py:426} INFO - Running <TaskInstance: dados_climaticos_estruturados.criar_pasta scheduled__2024-05-29T06:00:00+00:00 [running]> on host 6665b0710315
[2024-06-05T00:54:50.179+0000] {taskinstance.py:2648} INFO - Exporting env vars: AIRFLOW_CTX_DAG_OWNER='***' AIRFLOW_CTX_DAG_ID='dados_climaticos_estruturados' AIRFLOW_CTX_TASK_ID='criar_pasta' AIRFLOW_CTX_EXECUTION_DATE='2024-05-29T06:00:00+00:00' AIRFLOW_CTX_TRY_NUMBER='1' AIRFLOW_CTX_DAG_RUN_ID='scheduled__2024-05-29T06:00:00+00:00'
[2024-06-05T00:54:50.189+0000] {taskinstance.py:430} INFO - ::endgroup::
[2024-06-05T00:54:50.192+0000] {python.py:237} INFO - Done. Returned value was: None
[2024-06-05T00:54:50.193+0000] {taskinstance.py:441} INFO - ::group::Post task execution logs
[2024-06-05T00:54:50.218+0000] {taskinstance.py:1206} INFO - Marking task as SUCCESS. dag_id=dados_climaticos_estruturados, task_id=criar_pasta, run_id=scheduled__2024-05-29T06:00:00+00:00, execution_date=20240529T060000, start_date=20240605T005449, end_date=20240605T005450
[2024-06-05T00:54:50.284+0000] {local_task_job_runner.py:240} INFO - Task exited with return code 0
[2024-06-05T00:54:50.299+0000] {local_task_job_runner.py:222} INFO - ::endgroup::
[2024-06-05T01:34:30.382+0000] {local_task_job_runner.py:120} INFO - ::group::Pre task execution logs
[2024-06-05T01:34:30.417+0000] {taskinstance.py:2076} INFO - Dependencies all met for dep_context=non-requeueable deps ti=<TaskInstance: dados_climaticos_estruturados.criar_pasta scheduled__2024-05-29T06:00:00+00:00 [queued]>
[2024-06-05T01:34:30.436+0000] {taskinstance.py:2076} INFO - Dependencies all met for dep_context=requeueable deps ti=<TaskInstance: dados_climaticos_estruturados.criar_pasta scheduled__2024-05-29T06:00:00+00:00 [queued]>
[2024-06-05T01:34:30.438+0000] {taskinstance.py:2306} INFO - Starting attempt 1 of 1
[2024-06-05T01:34:30.465+0000] {taskinstance.py:2330} INFO - Executing <Task(PythonOperator): criar_pasta> on 2024-05-29 06:00:00+00:00
[2024-06-05T01:34:30.474+0000] {warnings.py:110} WARNING - /home/***/.local/lib/python3.12/site-packages/***/task/task_runner/standard_task_runner.py:61: DeprecationWarning: This process (pid=673) is multi-threaded, use of fork() may lead to deadlocks in the child.
  pid = os.fork()

[2024-06-05T01:34:30.480+0000] {standard_task_runner.py:63} INFO - Started process 698 to run task
[2024-06-05T01:34:30.477+0000] {standard_task_runner.py:90} INFO - Running: ['***', 'tasks', 'run', 'dados_climaticos_estruturados', 'criar_pasta', 'scheduled__2024-05-29T06:00:00+00:00', '--job-id', '202', '--raw', '--subdir', 'DAGS_FOLDER/weather/custom_dags/dados_climaticos_estruturados.py', '--cfg-path', '/tmp/tmp8xmzwsbx']
[2024-06-05T01:34:30.485+0000] {standard_task_runner.py:91} INFO - Job 202: Subtask criar_pasta
[2024-06-05T01:34:30.584+0000] {task_command.py:426} INFO - Running <TaskInstance: dados_climaticos_estruturados.criar_pasta scheduled__2024-05-29T06:00:00+00:00 [running]> on host 80232deae70a
[2024-06-05T01:34:30.792+0000] {taskinstance.py:2648} INFO - Exporting env vars: AIRFLOW_CTX_DAG_OWNER='***' AIRFLOW_CTX_DAG_ID='dados_climaticos_estruturados' AIRFLOW_CTX_TASK_ID='criar_pasta' AIRFLOW_CTX_EXECUTION_DATE='2024-05-29T06:00:00+00:00' AIRFLOW_CTX_TRY_NUMBER='1' AIRFLOW_CTX_DAG_RUN_ID='scheduled__2024-05-29T06:00:00+00:00'
[2024-06-05T01:34:30.798+0000] {taskinstance.py:430} INFO - ::endgroup::
[2024-06-05T01:34:30.804+0000] {python.py:237} INFO - Done. Returned value was: None
[2024-06-05T01:34:30.805+0000] {taskinstance.py:441} INFO - ::group::Post task execution logs
[2024-06-05T01:34:30.824+0000] {taskinstance.py:1206} INFO - Marking task as SUCCESS. dag_id=dados_climaticos_estruturados, task_id=criar_pasta, run_id=scheduled__2024-05-29T06:00:00+00:00, execution_date=20240529T060000, start_date=20240605T013430, end_date=20240605T013430
[2024-06-05T01:34:30.875+0000] {local_task_job_runner.py:240} INFO - Task exited with return code 0
[2024-06-05T01:34:30.936+0000] {taskinstance.py:3498} INFO - 1 downstream tasks scheduled from follow-on schedule check
[2024-06-05T01:34:30.940+0000] {local_task_job_runner.py:222} INFO - ::endgroup::
