[2024-06-05T01:03:40.181+0000] {local_task_job_runner.py:120} INFO - ::group::Pre task execution logs
[2024-06-05T01:03:40.239+0000] {taskinstance.py:2076} INFO - Dependencies all met for dep_context=non-requeueable deps ti=<TaskInstance: dados_climaticos_estruturados.criar_pasta scheduled__2024-05-31T02:35:00+00:00 [queued]>
[2024-06-05T01:03:40.257+0000] {taskinstance.py:2076} INFO - Dependencies all met for dep_context=requeueable deps ti=<TaskInstance: dados_climaticos_estruturados.criar_pasta scheduled__2024-05-31T02:35:00+00:00 [queued]>
[2024-06-05T01:03:40.258+0000] {taskinstance.py:2306} INFO - Starting attempt 1 of 1
[2024-06-05T01:03:40.291+0000] {taskinstance.py:2330} INFO - Executing <Task(PythonOperator): criar_pasta> on 2024-05-31 02:35:00+00:00
[2024-06-05T01:03:40.305+0000] {warnings.py:110} WARNING - /home/***/.local/lib/python3.12/site-packages/***/task/task_runner/standard_task_runner.py:61: DeprecationWarning: This process (pid=4000) is multi-threaded, use of fork() may lead to deadlocks in the child.
  pid = os.fork()

[2024-06-05T01:03:40.313+0000] {standard_task_runner.py:63} INFO - Started process 4028 to run task
[2024-06-05T01:03:40.315+0000] {standard_task_runner.py:90} INFO - Running: ['***', 'tasks', 'run', 'dados_climaticos_estruturados', 'criar_pasta', 'scheduled__2024-05-31T02:35:00+00:00', '--job-id', '1661', '--raw', '--subdir', 'DAGS_FOLDER/weather/custom_dags/dados_climaticos_estruturados.py', '--cfg-path', '/tmp/tmphneojmkr']
[2024-06-05T01:03:40.316+0000] {standard_task_runner.py:91} INFO - Job 1661: Subtask criar_pasta
[2024-06-05T01:03:40.496+0000] {task_command.py:426} INFO - Running <TaskInstance: dados_climaticos_estruturados.criar_pasta scheduled__2024-05-31T02:35:00+00:00 [running]> on host 6665b0710315
[2024-06-05T01:03:40.818+0000] {taskinstance.py:2648} INFO - Exporting env vars: AIRFLOW_CTX_DAG_OWNER='***' AIRFLOW_CTX_DAG_ID='dados_climaticos_estruturados' AIRFLOW_CTX_TASK_ID='criar_pasta' AIRFLOW_CTX_EXECUTION_DATE='2024-05-31T02:35:00+00:00' AIRFLOW_CTX_TRY_NUMBER='1' AIRFLOW_CTX_DAG_RUN_ID='scheduled__2024-05-31T02:35:00+00:00'
[2024-06-05T01:03:40.834+0000] {taskinstance.py:430} INFO - ::endgroup::
[2024-06-05T01:03:40.853+0000] {python.py:237} INFO - Done. Returned value was: None
[2024-06-05T01:03:40.856+0000] {taskinstance.py:441} INFO - ::group::Post task execution logs
[2024-06-05T01:03:40.899+0000] {taskinstance.py:1206} INFO - Marking task as SUCCESS. dag_id=dados_climaticos_estruturados, task_id=criar_pasta, run_id=scheduled__2024-05-31T02:35:00+00:00, execution_date=20240531T023500, start_date=20240605T010340, end_date=20240605T010340
[2024-06-05T01:03:40.960+0000] {local_task_job_runner.py:240} INFO - Task exited with return code 0
[2024-06-05T01:03:41.041+0000] {taskinstance.py:3498} INFO - 1 downstream tasks scheduled from follow-on schedule check
[2024-06-05T01:03:41.051+0000] {local_task_job_runner.py:222} INFO - ::endgroup::
[2024-06-05T01:43:07.284+0000] {local_task_job_runner.py:120} INFO - ::group::Pre task execution logs
[2024-06-05T01:43:07.356+0000] {taskinstance.py:2076} INFO - Dependencies all met for dep_context=non-requeueable deps ti=<TaskInstance: dados_climaticos_estruturados.criar_pasta scheduled__2024-05-31T02:35:00+00:00 [queued]>
[2024-06-05T01:43:07.392+0000] {taskinstance.py:2076} INFO - Dependencies all met for dep_context=requeueable deps ti=<TaskInstance: dados_climaticos_estruturados.criar_pasta scheduled__2024-05-31T02:35:00+00:00 [queued]>
[2024-06-05T01:43:07.397+0000] {taskinstance.py:2306} INFO - Starting attempt 1 of 1
[2024-06-05T01:43:07.438+0000] {taskinstance.py:2330} INFO - Executing <Task(PythonOperator): criar_pasta> on 2024-05-31 02:35:00+00:00
[2024-06-05T01:43:07.466+0000] {warnings.py:110} WARNING - /home/***/.local/lib/python3.12/site-packages/***/task/task_runner/standard_task_runner.py:61: DeprecationWarning: This process (pid=3987) is multi-threaded, use of fork() may lead to deadlocks in the child.
  pid = os.fork()

[2024-06-05T01:43:07.469+0000] {standard_task_runner.py:63} INFO - Started process 4020 to run task
[2024-06-05T01:43:07.471+0000] {standard_task_runner.py:90} INFO - Running: ['***', 'tasks', 'run', 'dados_climaticos_estruturados', 'criar_pasta', 'scheduled__2024-05-31T02:35:00+00:00', '--job-id', '1273', '--raw', '--subdir', 'DAGS_FOLDER/weather/custom_dags/dados_climaticos_estruturados.py', '--cfg-path', '/tmp/tmpu8n62cv2']
[2024-06-05T01:43:07.477+0000] {standard_task_runner.py:91} INFO - Job 1273: Subtask criar_pasta
[2024-06-05T01:43:07.621+0000] {task_command.py:426} INFO - Running <TaskInstance: dados_climaticos_estruturados.criar_pasta scheduled__2024-05-31T02:35:00+00:00 [running]> on host 80232deae70a
[2024-06-05T01:43:07.886+0000] {taskinstance.py:2648} INFO - Exporting env vars: AIRFLOW_CTX_DAG_OWNER='***' AIRFLOW_CTX_DAG_ID='dados_climaticos_estruturados' AIRFLOW_CTX_TASK_ID='criar_pasta' AIRFLOW_CTX_EXECUTION_DATE='2024-05-31T02:35:00+00:00' AIRFLOW_CTX_TRY_NUMBER='1' AIRFLOW_CTX_DAG_RUN_ID='scheduled__2024-05-31T02:35:00+00:00'
[2024-06-05T01:43:07.889+0000] {taskinstance.py:430} INFO - ::endgroup::
[2024-06-05T01:43:07.891+0000] {python.py:237} INFO - Done. Returned value was: None
[2024-06-05T01:43:07.892+0000] {taskinstance.py:441} INFO - ::group::Post task execution logs
[2024-06-05T01:43:07.915+0000] {taskinstance.py:1206} INFO - Marking task as SUCCESS. dag_id=dados_climaticos_estruturados, task_id=criar_pasta, run_id=scheduled__2024-05-31T02:35:00+00:00, execution_date=20240531T023500, start_date=20240605T014307, end_date=20240605T014307
[2024-06-05T01:43:07.964+0000] {local_task_job_runner.py:240} INFO - Task exited with return code 0
[2024-06-05T01:43:08.004+0000] {taskinstance.py:3498} INFO - 1 downstream tasks scheduled from follow-on schedule check
[2024-06-05T01:43:08.012+0000] {local_task_job_runner.py:222} INFO - ::endgroup::
