[2024-06-05T01:04:47.426+0000] {local_task_job_runner.py:120} INFO - ::group::Pre task execution logs
[2024-06-05T01:04:47.457+0000] {taskinstance.py:2076} INFO - Dependencies all met for dep_context=non-requeueable deps ti=<TaskInstance: dados_climaticos_estruturados.criar_pasta scheduled__2024-05-31T07:15:00+00:00 [queued]>
[2024-06-05T01:04:47.478+0000] {taskinstance.py:2076} INFO - Dependencies all met for dep_context=requeueable deps ti=<TaskInstance: dados_climaticos_estruturados.criar_pasta scheduled__2024-05-31T07:15:00+00:00 [queued]>
[2024-06-05T01:04:47.479+0000] {taskinstance.py:2306} INFO - Starting attempt 1 of 1
[2024-06-05T01:04:47.507+0000] {taskinstance.py:2330} INFO - Executing <Task(PythonOperator): criar_pasta> on 2024-05-31 07:15:00+00:00
[2024-06-05T01:04:47.524+0000] {warnings.py:110} WARNING - /home/***/.local/lib/python3.12/site-packages/***/task/task_runner/standard_task_runner.py:61: DeprecationWarning: This process (pid=4385) is multi-threaded, use of fork() may lead to deadlocks in the child.
  pid = os.fork()

[2024-06-05T01:04:47.527+0000] {standard_task_runner.py:63} INFO - Started process 4402 to run task
[2024-06-05T01:04:47.530+0000] {standard_task_runner.py:90} INFO - Running: ['***', 'tasks', 'run', 'dados_climaticos_estruturados', 'criar_pasta', 'scheduled__2024-05-31T07:15:00+00:00', '--job-id', '1781', '--raw', '--subdir', 'DAGS_FOLDER/weather/custom_dags/dados_climaticos_estruturados.py', '--cfg-path', '/tmp/tmpkmnwztf9']
[2024-06-05T01:04:47.532+0000] {standard_task_runner.py:91} INFO - Job 1781: Subtask criar_pasta
[2024-06-05T01:04:47.632+0000] {task_command.py:426} INFO - Running <TaskInstance: dados_climaticos_estruturados.criar_pasta scheduled__2024-05-31T07:15:00+00:00 [running]> on host 6665b0710315
[2024-06-05T01:04:47.809+0000] {taskinstance.py:2648} INFO - Exporting env vars: AIRFLOW_CTX_DAG_OWNER='***' AIRFLOW_CTX_DAG_ID='dados_climaticos_estruturados' AIRFLOW_CTX_TASK_ID='criar_pasta' AIRFLOW_CTX_EXECUTION_DATE='2024-05-31T07:15:00+00:00' AIRFLOW_CTX_TRY_NUMBER='1' AIRFLOW_CTX_DAG_RUN_ID='scheduled__2024-05-31T07:15:00+00:00'
[2024-06-05T01:04:47.811+0000] {taskinstance.py:430} INFO - ::endgroup::
[2024-06-05T01:04:47.818+0000] {python.py:237} INFO - Done. Returned value was: None
[2024-06-05T01:04:47.819+0000] {taskinstance.py:441} INFO - ::group::Post task execution logs
[2024-06-05T01:04:47.836+0000] {taskinstance.py:1206} INFO - Marking task as SUCCESS. dag_id=dados_climaticos_estruturados, task_id=criar_pasta, run_id=scheduled__2024-05-31T07:15:00+00:00, execution_date=20240531T071500, start_date=20240605T010447, end_date=20240605T010447
[2024-06-05T01:04:47.919+0000] {local_task_job_runner.py:240} INFO - Task exited with return code 0
[2024-06-05T01:04:47.951+0000] {taskinstance.py:3498} INFO - 0 downstream tasks scheduled from follow-on schedule check
[2024-06-05T01:04:47.954+0000] {local_task_job_runner.py:222} INFO - ::endgroup::
[2024-06-05T01:44:20.612+0000] {local_task_job_runner.py:120} INFO - ::group::Pre task execution logs
[2024-06-05T01:44:20.640+0000] {taskinstance.py:2076} INFO - Dependencies all met for dep_context=non-requeueable deps ti=<TaskInstance: dados_climaticos_estruturados.criar_pasta scheduled__2024-05-31T07:15:00+00:00 [queued]>
[2024-06-05T01:44:20.652+0000] {taskinstance.py:2076} INFO - Dependencies all met for dep_context=requeueable deps ti=<TaskInstance: dados_climaticos_estruturados.criar_pasta scheduled__2024-05-31T07:15:00+00:00 [queued]>
[2024-06-05T01:44:20.653+0000] {taskinstance.py:2306} INFO - Starting attempt 1 of 1
[2024-06-05T01:44:20.799+0000] {taskinstance.py:2330} INFO - Executing <Task(PythonOperator): criar_pasta> on 2024-05-31 07:15:00+00:00
[2024-06-05T01:44:20.815+0000] {warnings.py:110} WARNING - /home/***/.local/lib/python3.12/site-packages/***/task/task_runner/standard_task_runner.py:61: DeprecationWarning: This process (pid=4374) is multi-threaded, use of fork() may lead to deadlocks in the child.
  pid = os.fork()

[2024-06-05T01:44:20.820+0000] {standard_task_runner.py:63} INFO - Started process 4391 to run task
[2024-06-05T01:44:20.819+0000] {standard_task_runner.py:90} INFO - Running: ['***', 'tasks', 'run', 'dados_climaticos_estruturados', 'criar_pasta', 'scheduled__2024-05-31T07:15:00+00:00', '--job-id', '1393', '--raw', '--subdir', 'DAGS_FOLDER/weather/custom_dags/dados_climaticos_estruturados.py', '--cfg-path', '/tmp/tmpjpp4k_5_']
[2024-06-05T01:44:20.829+0000] {standard_task_runner.py:91} INFO - Job 1393: Subtask criar_pasta
[2024-06-05T01:44:20.952+0000] {task_command.py:426} INFO - Running <TaskInstance: dados_climaticos_estruturados.criar_pasta scheduled__2024-05-31T07:15:00+00:00 [running]> on host 80232deae70a
[2024-06-05T01:44:21.143+0000] {taskinstance.py:2648} INFO - Exporting env vars: AIRFLOW_CTX_DAG_OWNER='***' AIRFLOW_CTX_DAG_ID='dados_climaticos_estruturados' AIRFLOW_CTX_TASK_ID='criar_pasta' AIRFLOW_CTX_EXECUTION_DATE='2024-05-31T07:15:00+00:00' AIRFLOW_CTX_TRY_NUMBER='1' AIRFLOW_CTX_DAG_RUN_ID='scheduled__2024-05-31T07:15:00+00:00'
[2024-06-05T01:44:21.149+0000] {taskinstance.py:430} INFO - ::endgroup::
[2024-06-05T01:44:21.151+0000] {python.py:237} INFO - Done. Returned value was: None
[2024-06-05T01:44:21.152+0000] {taskinstance.py:441} INFO - ::group::Post task execution logs
[2024-06-05T01:44:21.178+0000] {taskinstance.py:1206} INFO - Marking task as SUCCESS. dag_id=dados_climaticos_estruturados, task_id=criar_pasta, run_id=scheduled__2024-05-31T07:15:00+00:00, execution_date=20240531T071500, start_date=20240605T014420, end_date=20240605T014421
[2024-06-05T01:44:21.253+0000] {local_task_job_runner.py:240} INFO - Task exited with return code 0
[2024-06-05T01:44:21.296+0000] {taskinstance.py:3498} INFO - 1 downstream tasks scheduled from follow-on schedule check
[2024-06-05T01:44:21.300+0000] {local_task_job_runner.py:222} INFO - ::endgroup::
