[2024-06-05T01:02:51.449+0000] {local_task_job_runner.py:120} INFO - ::group::Pre task execution logs
[2024-06-05T01:02:51.506+0000] {taskinstance.py:2076} INFO - Dependencies all met for dep_context=non-requeueable deps ti=<TaskInstance: dados_climaticos_estruturados.criar_pasta scheduled__2024-05-30T22:50:00+00:00 [queued]>
[2024-06-05T01:02:51.524+0000] {taskinstance.py:2076} INFO - Dependencies all met for dep_context=requeueable deps ti=<TaskInstance: dados_climaticos_estruturados.criar_pasta scheduled__2024-05-30T22:50:00+00:00 [queued]>
[2024-06-05T01:02:51.525+0000] {taskinstance.py:2306} INFO - Starting attempt 1 of 1
[2024-06-05T01:02:51.561+0000] {taskinstance.py:2330} INFO - Executing <Task(PythonOperator): criar_pasta> on 2024-05-30 22:50:00+00:00
[2024-06-05T01:02:51.576+0000] {warnings.py:110} WARNING - /home/***/.local/lib/python3.12/site-packages/***/task/task_runner/standard_task_runner.py:61: DeprecationWarning: This process (pid=3730) is multi-threaded, use of fork() may lead to deadlocks in the child.
  pid = os.fork()

[2024-06-05T01:02:51.579+0000] {standard_task_runner.py:63} INFO - Started process 3754 to run task
[2024-06-05T01:02:51.580+0000] {standard_task_runner.py:90} INFO - Running: ['***', 'tasks', 'run', 'dados_climaticos_estruturados', 'criar_pasta', 'scheduled__2024-05-30T22:50:00+00:00', '--job-id', '1574', '--raw', '--subdir', 'DAGS_FOLDER/weather/custom_dags/dados_climaticos_estruturados.py', '--cfg-path', '/tmp/tmpwd9q8quv']
[2024-06-05T01:02:51.583+0000] {standard_task_runner.py:91} INFO - Job 1574: Subtask criar_pasta
[2024-06-05T01:02:51.661+0000] {task_command.py:426} INFO - Running <TaskInstance: dados_climaticos_estruturados.criar_pasta scheduled__2024-05-30T22:50:00+00:00 [running]> on host 6665b0710315
[2024-06-05T01:02:51.798+0000] {taskinstance.py:2648} INFO - Exporting env vars: AIRFLOW_CTX_DAG_OWNER='***' AIRFLOW_CTX_DAG_ID='dados_climaticos_estruturados' AIRFLOW_CTX_TASK_ID='criar_pasta' AIRFLOW_CTX_EXECUTION_DATE='2024-05-30T22:50:00+00:00' AIRFLOW_CTX_TRY_NUMBER='1' AIRFLOW_CTX_DAG_RUN_ID='scheduled__2024-05-30T22:50:00+00:00'
[2024-06-05T01:02:51.800+0000] {taskinstance.py:430} INFO - ::endgroup::
[2024-06-05T01:02:51.802+0000] {python.py:237} INFO - Done. Returned value was: None
[2024-06-05T01:02:51.802+0000] {taskinstance.py:441} INFO - ::group::Post task execution logs
[2024-06-05T01:02:51.813+0000] {taskinstance.py:1206} INFO - Marking task as SUCCESS. dag_id=dados_climaticos_estruturados, task_id=criar_pasta, run_id=scheduled__2024-05-30T22:50:00+00:00, execution_date=20240530T225000, start_date=20240605T010251, end_date=20240605T010251
[2024-06-05T01:02:51.844+0000] {local_task_job_runner.py:240} INFO - Task exited with return code 0
[2024-06-05T01:02:51.879+0000] {taskinstance.py:3498} INFO - 1 downstream tasks scheduled from follow-on schedule check
[2024-06-05T01:02:51.882+0000] {local_task_job_runner.py:222} INFO - ::endgroup::
[2024-06-05T01:42:29.734+0000] {local_task_job_runner.py:120} INFO - ::group::Pre task execution logs
[2024-06-05T01:42:29.773+0000] {taskinstance.py:2076} INFO - Dependencies all met for dep_context=non-requeueable deps ti=<TaskInstance: dados_climaticos_estruturados.criar_pasta scheduled__2024-05-30T22:50:00+00:00 [queued]>
[2024-06-05T01:42:29.797+0000] {taskinstance.py:2076} INFO - Dependencies all met for dep_context=requeueable deps ti=<TaskInstance: dados_climaticos_estruturados.criar_pasta scheduled__2024-05-30T22:50:00+00:00 [queued]>
[2024-06-05T01:42:29.798+0000] {taskinstance.py:2306} INFO - Starting attempt 1 of 1
[2024-06-05T01:42:29.828+0000] {taskinstance.py:2330} INFO - Executing <Task(PythonOperator): criar_pasta> on 2024-05-30 22:50:00+00:00
[2024-06-05T01:42:29.841+0000] {warnings.py:110} WARNING - /home/***/.local/lib/python3.12/site-packages/***/task/task_runner/standard_task_runner.py:61: DeprecationWarning: This process (pid=3744) is multi-threaded, use of fork() may lead to deadlocks in the child.
  pid = os.fork()

[2024-06-05T01:42:29.845+0000] {standard_task_runner.py:63} INFO - Started process 3764 to run task
[2024-06-05T01:42:29.844+0000] {standard_task_runner.py:90} INFO - Running: ['***', 'tasks', 'run', 'dados_climaticos_estruturados', 'criar_pasta', 'scheduled__2024-05-30T22:50:00+00:00', '--job-id', '1192', '--raw', '--subdir', 'DAGS_FOLDER/weather/custom_dags/dados_climaticos_estruturados.py', '--cfg-path', '/tmp/tmpzcwvf5iz']
[2024-06-05T01:42:29.850+0000] {standard_task_runner.py:91} INFO - Job 1192: Subtask criar_pasta
[2024-06-05T01:42:29.934+0000] {task_command.py:426} INFO - Running <TaskInstance: dados_climaticos_estruturados.criar_pasta scheduled__2024-05-30T22:50:00+00:00 [running]> on host 80232deae70a
[2024-06-05T01:42:30.135+0000] {taskinstance.py:2648} INFO - Exporting env vars: AIRFLOW_CTX_DAG_OWNER='***' AIRFLOW_CTX_DAG_ID='dados_climaticos_estruturados' AIRFLOW_CTX_TASK_ID='criar_pasta' AIRFLOW_CTX_EXECUTION_DATE='2024-05-30T22:50:00+00:00' AIRFLOW_CTX_TRY_NUMBER='1' AIRFLOW_CTX_DAG_RUN_ID='scheduled__2024-05-30T22:50:00+00:00'
[2024-06-05T01:42:30.141+0000] {taskinstance.py:430} INFO - ::endgroup::
[2024-06-05T01:42:30.144+0000] {python.py:237} INFO - Done. Returned value was: None
[2024-06-05T01:42:30.145+0000] {taskinstance.py:441} INFO - ::group::Post task execution logs
[2024-06-05T01:42:30.165+0000] {taskinstance.py:1206} INFO - Marking task as SUCCESS. dag_id=dados_climaticos_estruturados, task_id=criar_pasta, run_id=scheduled__2024-05-30T22:50:00+00:00, execution_date=20240530T225000, start_date=20240605T014229, end_date=20240605T014230
[2024-06-05T01:42:30.236+0000] {local_task_job_runner.py:240} INFO - Task exited with return code 0
[2024-06-05T01:42:30.276+0000] {taskinstance.py:3498} INFO - 1 downstream tasks scheduled from follow-on schedule check
[2024-06-05T01:42:30.286+0000] {local_task_job_runner.py:222} INFO - ::endgroup::
