[2024-06-05T01:00:22.363+0000] {local_task_job_runner.py:120} INFO - ::group::Pre task execution logs
[2024-06-05T01:00:22.414+0000] {taskinstance.py:2076} INFO - Dependencies all met for dep_context=non-requeueable deps ti=<TaskInstance: dados_climaticos_estruturados.criar_pasta scheduled__2024-05-30T10:25:00+00:00 [queued]>
[2024-06-05T01:00:22.439+0000] {taskinstance.py:2076} INFO - Dependencies all met for dep_context=requeueable deps ti=<TaskInstance: dados_climaticos_estruturados.criar_pasta scheduled__2024-05-30T10:25:00+00:00 [queued]>
[2024-06-05T01:00:22.440+0000] {taskinstance.py:2306} INFO - Starting attempt 1 of 1
[2024-06-05T01:00:22.489+0000] {taskinstance.py:2330} INFO - Executing <Task(PythonOperator): criar_pasta> on 2024-05-30 10:25:00+00:00
[2024-06-05T01:00:22.514+0000] {warnings.py:110} WARNING - /home/***/.local/lib/python3.12/site-packages/***/task/task_runner/standard_task_runner.py:61: DeprecationWarning: This process (pid=2796) is multi-threaded, use of fork() may lead to deadlocks in the child.
  pid = os.fork()

[2024-06-05T01:00:22.518+0000] {standard_task_runner.py:63} INFO - Started process 2824 to run task
[2024-06-05T01:00:22.532+0000] {standard_task_runner.py:90} INFO - Running: ['***', 'tasks', 'run', 'dados_climaticos_estruturados', 'criar_pasta', 'scheduled__2024-05-30T10:25:00+00:00', '--job-id', '1273', '--raw', '--subdir', 'DAGS_FOLDER/weather/custom_dags/dados_climaticos_estruturados.py', '--cfg-path', '/tmp/tmp4kl3l23e']
[2024-06-05T01:00:22.542+0000] {standard_task_runner.py:91} INFO - Job 1273: Subtask criar_pasta
[2024-06-05T01:00:22.700+0000] {task_command.py:426} INFO - Running <TaskInstance: dados_climaticos_estruturados.criar_pasta scheduled__2024-05-30T10:25:00+00:00 [running]> on host 6665b0710315
[2024-06-05T01:00:23.008+0000] {taskinstance.py:2648} INFO - Exporting env vars: AIRFLOW_CTX_DAG_OWNER='***' AIRFLOW_CTX_DAG_ID='dados_climaticos_estruturados' AIRFLOW_CTX_TASK_ID='criar_pasta' AIRFLOW_CTX_EXECUTION_DATE='2024-05-30T10:25:00+00:00' AIRFLOW_CTX_TRY_NUMBER='1' AIRFLOW_CTX_DAG_RUN_ID='scheduled__2024-05-30T10:25:00+00:00'
[2024-06-05T01:00:23.022+0000] {taskinstance.py:430} INFO - ::endgroup::
[2024-06-05T01:00:23.033+0000] {python.py:237} INFO - Done. Returned value was: None
[2024-06-05T01:00:23.040+0000] {taskinstance.py:441} INFO - ::group::Post task execution logs
[2024-06-05T01:00:23.067+0000] {taskinstance.py:1206} INFO - Marking task as SUCCESS. dag_id=dados_climaticos_estruturados, task_id=criar_pasta, run_id=scheduled__2024-05-30T10:25:00+00:00, execution_date=20240530T102500, start_date=20240605T010022, end_date=20240605T010023
[2024-06-05T01:00:23.146+0000] {local_task_job_runner.py:240} INFO - Task exited with return code 0
[2024-06-05T01:00:23.213+0000] {taskinstance.py:3498} INFO - 1 downstream tasks scheduled from follow-on schedule check
[2024-06-05T01:00:23.221+0000] {local_task_job_runner.py:222} INFO - ::endgroup::
[2024-06-05T01:40:12.757+0000] {local_task_job_runner.py:120} INFO - ::group::Pre task execution logs
[2024-06-05T01:40:12.799+0000] {taskinstance.py:2076} INFO - Dependencies all met for dep_context=non-requeueable deps ti=<TaskInstance: dados_climaticos_estruturados.criar_pasta scheduled__2024-05-30T10:25:00+00:00 [queued]>
[2024-06-05T01:40:12.817+0000] {taskinstance.py:2076} INFO - Dependencies all met for dep_context=requeueable deps ti=<TaskInstance: dados_climaticos_estruturados.criar_pasta scheduled__2024-05-30T10:25:00+00:00 [queued]>
[2024-06-05T01:40:12.820+0000] {taskinstance.py:2306} INFO - Starting attempt 1 of 1
[2024-06-05T01:40:12.859+0000] {taskinstance.py:2330} INFO - Executing <Task(PythonOperator): criar_pasta> on 2024-05-30 10:25:00+00:00
[2024-06-05T01:40:12.876+0000] {warnings.py:110} WARNING - /home/***/.local/lib/python3.12/site-packages/***/task/task_runner/standard_task_runner.py:61: DeprecationWarning: This process (pid=2813) is multi-threaded, use of fork() may lead to deadlocks in the child.
  pid = os.fork()

[2024-06-05T01:40:12.880+0000] {standard_task_runner.py:63} INFO - Started process 2832 to run task
[2024-06-05T01:40:12.880+0000] {standard_task_runner.py:90} INFO - Running: ['***', 'tasks', 'run', 'dados_climaticos_estruturados', 'criar_pasta', 'scheduled__2024-05-30T10:25:00+00:00', '--job-id', '892', '--raw', '--subdir', 'DAGS_FOLDER/weather/custom_dags/dados_climaticos_estruturados.py', '--cfg-path', '/tmp/tmpakmsw9xs']
[2024-06-05T01:40:12.885+0000] {standard_task_runner.py:91} INFO - Job 892: Subtask criar_pasta
[2024-06-05T01:40:12.979+0000] {task_command.py:426} INFO - Running <TaskInstance: dados_climaticos_estruturados.criar_pasta scheduled__2024-05-30T10:25:00+00:00 [running]> on host 80232deae70a
[2024-06-05T01:40:13.159+0000] {taskinstance.py:2648} INFO - Exporting env vars: AIRFLOW_CTX_DAG_OWNER='***' AIRFLOW_CTX_DAG_ID='dados_climaticos_estruturados' AIRFLOW_CTX_TASK_ID='criar_pasta' AIRFLOW_CTX_EXECUTION_DATE='2024-05-30T10:25:00+00:00' AIRFLOW_CTX_TRY_NUMBER='1' AIRFLOW_CTX_DAG_RUN_ID='scheduled__2024-05-30T10:25:00+00:00'
[2024-06-05T01:40:13.162+0000] {taskinstance.py:430} INFO - ::endgroup::
[2024-06-05T01:40:13.170+0000] {python.py:237} INFO - Done. Returned value was: None
[2024-06-05T01:40:13.171+0000] {taskinstance.py:441} INFO - ::group::Post task execution logs
[2024-06-05T01:40:13.190+0000] {taskinstance.py:1206} INFO - Marking task as SUCCESS. dag_id=dados_climaticos_estruturados, task_id=criar_pasta, run_id=scheduled__2024-05-30T10:25:00+00:00, execution_date=20240530T102500, start_date=20240605T014012, end_date=20240605T014013
[2024-06-05T01:40:13.247+0000] {local_task_job_runner.py:240} INFO - Task exited with return code 0
[2024-06-05T01:40:13.287+0000] {taskinstance.py:3498} INFO - 1 downstream tasks scheduled from follow-on schedule check
[2024-06-05T01:40:13.296+0000] {local_task_job_runner.py:222} INFO - ::endgroup::
