[2024-05-29T00:33:13.279+0000] {local_task_job_runner.py:120} INFO - ::group::Pre task execution logs
[2024-05-29T00:33:13.370+0000] {taskinstance.py:2076} INFO - Dependencies all met for dep_context=non-requeueable deps ti=<TaskInstance: dados_climaticos_estruturados.criar_pasta manual__2024-05-29T00:33:09.842658+00:00 [queued]>
[2024-05-29T00:33:13.402+0000] {taskinstance.py:2076} INFO - Dependencies all met for dep_context=requeueable deps ti=<TaskInstance: dados_climaticos_estruturados.criar_pasta manual__2024-05-29T00:33:09.842658+00:00 [queued]>
[2024-05-29T00:33:13.406+0000] {taskinstance.py:2306} INFO - Starting attempt 1 of 1
[2024-05-29T00:33:13.451+0000] {taskinstance.py:2330} INFO - Executing <Task(PythonOperator): criar_pasta> on 2024-05-29 00:33:09.842658+00:00
[2024-05-29T00:33:13.510+0000] {warnings.py:110} WARNING - /home/***/.local/lib/python3.12/site-packages/***/task/task_runner/standard_task_runner.py:61: DeprecationWarning: This process (pid=809) is multi-threaded, use of fork() may lead to deadlocks in the child.
  pid = os.fork()

[2024-05-29T00:33:13.518+0000] {standard_task_runner.py:63} INFO - Started process 826 to run task
[2024-05-29T00:33:13.513+0000] {standard_task_runner.py:90} INFO - Running: ['***', 'tasks', 'run', 'dados_climaticos_estruturados', 'criar_pasta', 'manual__2024-05-29T00:33:09.842658+00:00', '--job-id', '319', '--raw', '--subdir', 'DAGS_FOLDER/weather/custom_dags/dados_climaticos_estruturados.py', '--cfg-path', '/tmp/tmpixxysx56']
[2024-05-29T00:33:13.526+0000] {standard_task_runner.py:91} INFO - Job 319: Subtask criar_pasta
[2024-05-29T00:33:13.693+0000] {task_command.py:426} INFO - Running <TaskInstance: dados_climaticos_estruturados.criar_pasta manual__2024-05-29T00:33:09.842658+00:00 [running]> on host 0473b835f7f4
[2024-05-29T00:33:14.035+0000] {taskinstance.py:2648} INFO - Exporting env vars: AIRFLOW_CTX_DAG_OWNER='***' AIRFLOW_CTX_DAG_ID='dados_climaticos_estruturados' AIRFLOW_CTX_TASK_ID='criar_pasta' AIRFLOW_CTX_EXECUTION_DATE='2024-05-29T00:33:09.842658+00:00' AIRFLOW_CTX_TRY_NUMBER='1' AIRFLOW_CTX_DAG_RUN_ID='manual__2024-05-29T00:33:09.842658+00:00'
[2024-05-29T00:33:14.048+0000] {taskinstance.py:430} INFO - ::endgroup::
[2024-05-29T00:33:14.054+0000] {taskinstance.py:441} INFO - ::group::Post task execution logs
[2024-05-29T00:33:14.062+0000] {taskinstance.py:2905} ERROR - Task failed with exception
Traceback (most recent call last):
  File "/home/airflow/.local/lib/python3.12/site-packages/airflow/models/taskinstance.py", line 465, in _execute_task
    result = _execute_callable(context=context, **execute_callable_kwargs)
             ^^^^^^^^^^^^^^^^^^^^^^^^^^^^^^^^^^^^^^^^^^^^^^^^^^^^^^^^^^^^^
  File "/home/airflow/.local/lib/python3.12/site-packages/airflow/models/taskinstance.py", line 432, in _execute_callable
    return execute_callable(context=context, **execute_callable_kwargs)
           ^^^^^^^^^^^^^^^^^^^^^^^^^^^^^^^^^^^^^^^^^^^^^^^^^^^^^^^^^^^^
  File "/home/airflow/.local/lib/python3.12/site-packages/airflow/models/baseoperator.py", line 400, in wrapper
    return func(self, *args, **kwargs)
           ^^^^^^^^^^^^^^^^^^^^^^^^^^^
  File "/home/airflow/.local/lib/python3.12/site-packages/airflow/operators/python.py", line 235, in execute
    return_value = self.execute_callable()
                   ^^^^^^^^^^^^^^^^^^^^^^^
  File "/home/airflow/.local/lib/python3.12/site-packages/airflow/operators/python.py", line 252, in execute_callable
    return self.python_callable(*self.op_args, **self.op_kwargs)
           ^^^^^^^^^^^^^^^^^^^^^^^^^^^^^^^^^^^^^^^^^^^^^^^^^^^^^
  File "/opt/airflow/dags/weather/custom_dags/dados_climaticos_estruturados.py", line 18, in pegar_data_e_criar_pasta
    Path(caminho).mkdir(parents=True, exist_ok=True)
    ^^^^
NameError: name 'Path' is not defined
[2024-05-29T00:33:14.106+0000] {taskinstance.py:1206} INFO - Marking task as FAILED. dag_id=dados_climaticos_estruturados, task_id=criar_pasta, run_id=manual__2024-05-29T00:33:09.842658+00:00, execution_date=20240529T003309, start_date=20240529T003313, end_date=20240529T003314
[2024-05-29T00:33:14.152+0000] {standard_task_runner.py:110} ERROR - Failed to execute job 319 for task criar_pasta (name 'Path' is not defined; 826)
[2024-05-29T00:33:14.221+0000] {local_task_job_runner.py:240} INFO - Task exited with return code 1
[2024-05-29T00:33:14.271+0000] {local_task_job_runner.py:222} INFO - ::endgroup::
