[2024-06-05T00:54:51.247+0000] {local_task_job_runner.py:120} INFO - ::group::Pre task execution logs
[2024-06-05T00:54:51.328+0000] {taskinstance.py:2076} INFO - Dependencies all met for dep_context=non-requeueable deps ti=<TaskInstance: dados_climaticos_estruturados.criar_pasta scheduled__2024-05-29T06:15:00+00:00 [queued]>
[2024-06-05T00:54:51.356+0000] {taskinstance.py:2076} INFO - Dependencies all met for dep_context=requeueable deps ti=<TaskInstance: dados_climaticos_estruturados.criar_pasta scheduled__2024-05-29T06:15:00+00:00 [queued]>
[2024-06-05T00:54:51.357+0000] {taskinstance.py:2306} INFO - Starting attempt 1 of 1
[2024-06-05T00:54:51.396+0000] {taskinstance.py:2330} INFO - Executing <Task(PythonOperator): criar_pasta> on 2024-05-29 06:15:00+00:00
[2024-06-05T00:54:51.421+0000] {warnings.py:110} WARNING - /home/***/.local/lib/python3.12/site-packages/***/task/task_runner/standard_task_runner.py:61: DeprecationWarning: This process (pid=692) is multi-threaded, use of fork() may lead to deadlocks in the child.
  pid = os.fork()

[2024-06-05T00:54:51.426+0000] {standard_task_runner.py:63} INFO - Started process 725 to run task
[2024-06-05T00:54:51.432+0000] {standard_task_runner.py:90} INFO - Running: ['***', 'tasks', 'run', 'dados_climaticos_estruturados', 'criar_pasta', 'scheduled__2024-05-29T06:15:00+00:00', '--job-id', '592', '--raw', '--subdir', 'DAGS_FOLDER/weather/custom_dags/dados_climaticos_estruturados.py', '--cfg-path', '/tmp/tmpsvfq6dj_']
[2024-06-05T00:54:51.434+0000] {standard_task_runner.py:91} INFO - Job 592: Subtask criar_pasta
[2024-06-05T00:54:51.545+0000] {task_command.py:426} INFO - Running <TaskInstance: dados_climaticos_estruturados.criar_pasta scheduled__2024-05-29T06:15:00+00:00 [running]> on host 6665b0710315
[2024-06-05T00:54:51.753+0000] {taskinstance.py:2648} INFO - Exporting env vars: AIRFLOW_CTX_DAG_OWNER='***' AIRFLOW_CTX_DAG_ID='dados_climaticos_estruturados' AIRFLOW_CTX_TASK_ID='criar_pasta' AIRFLOW_CTX_EXECUTION_DATE='2024-05-29T06:15:00+00:00' AIRFLOW_CTX_TRY_NUMBER='1' AIRFLOW_CTX_DAG_RUN_ID='scheduled__2024-05-29T06:15:00+00:00'
[2024-06-05T00:54:51.759+0000] {taskinstance.py:430} INFO - ::endgroup::
[2024-06-05T00:54:51.764+0000] {python.py:237} INFO - Done. Returned value was: None
[2024-06-05T00:54:51.765+0000] {taskinstance.py:441} INFO - ::group::Post task execution logs
[2024-06-05T00:54:51.799+0000] {taskinstance.py:1206} INFO - Marking task as SUCCESS. dag_id=dados_climaticos_estruturados, task_id=criar_pasta, run_id=scheduled__2024-05-29T06:15:00+00:00, execution_date=20240529T061500, start_date=20240605T005451, end_date=20240605T005451
[2024-06-05T00:54:52.079+0000] {local_task_job_runner.py:240} INFO - Task exited with return code 0
[2024-06-05T00:54:52.127+0000] {taskinstance.py:3498} INFO - 1 downstream tasks scheduled from follow-on schedule check
[2024-06-05T00:54:52.132+0000] {local_task_job_runner.py:222} INFO - ::endgroup::
[2024-06-05T01:34:32.058+0000] {local_task_job_runner.py:120} INFO - ::group::Pre task execution logs
[2024-06-05T01:34:32.122+0000] {taskinstance.py:2076} INFO - Dependencies all met for dep_context=non-requeueable deps ti=<TaskInstance: dados_climaticos_estruturados.criar_pasta scheduled__2024-05-29T06:15:00+00:00 [queued]>
[2024-06-05T01:34:32.155+0000] {taskinstance.py:2076} INFO - Dependencies all met for dep_context=requeueable deps ti=<TaskInstance: dados_climaticos_estruturados.criar_pasta scheduled__2024-05-29T06:15:00+00:00 [queued]>
[2024-06-05T01:34:32.156+0000] {taskinstance.py:2306} INFO - Starting attempt 1 of 1
[2024-06-05T01:34:32.206+0000] {taskinstance.py:2330} INFO - Executing <Task(PythonOperator): criar_pasta> on 2024-05-29 06:15:00+00:00
[2024-06-05T01:34:32.230+0000] {warnings.py:110} WARNING - /home/***/.local/lib/python3.12/site-packages/***/task/task_runner/standard_task_runner.py:61: DeprecationWarning: This process (pid=683) is multi-threaded, use of fork() may lead to deadlocks in the child.
  pid = os.fork()

[2024-06-05T01:34:32.232+0000] {standard_task_runner.py:63} INFO - Started process 717 to run task
[2024-06-05T01:34:32.234+0000] {standard_task_runner.py:90} INFO - Running: ['***', 'tasks', 'run', 'dados_climaticos_estruturados', 'criar_pasta', 'scheduled__2024-05-29T06:15:00+00:00', '--job-id', '206', '--raw', '--subdir', 'DAGS_FOLDER/weather/custom_dags/dados_climaticos_estruturados.py', '--cfg-path', '/tmp/tmp1i31lxau']
[2024-06-05T01:34:32.241+0000] {standard_task_runner.py:91} INFO - Job 206: Subtask criar_pasta
[2024-06-05T01:34:32.361+0000] {task_command.py:426} INFO - Running <TaskInstance: dados_climaticos_estruturados.criar_pasta scheduled__2024-05-29T06:15:00+00:00 [running]> on host 80232deae70a
[2024-06-05T01:34:32.705+0000] {taskinstance.py:2648} INFO - Exporting env vars: AIRFLOW_CTX_DAG_OWNER='***' AIRFLOW_CTX_DAG_ID='dados_climaticos_estruturados' AIRFLOW_CTX_TASK_ID='criar_pasta' AIRFLOW_CTX_EXECUTION_DATE='2024-05-29T06:15:00+00:00' AIRFLOW_CTX_TRY_NUMBER='1' AIRFLOW_CTX_DAG_RUN_ID='scheduled__2024-05-29T06:15:00+00:00'
[2024-06-05T01:34:32.716+0000] {taskinstance.py:430} INFO - ::endgroup::
[2024-06-05T01:34:32.724+0000] {python.py:237} INFO - Done. Returned value was: None
[2024-06-05T01:34:32.725+0000] {taskinstance.py:441} INFO - ::group::Post task execution logs
[2024-06-05T01:34:32.758+0000] {taskinstance.py:1206} INFO - Marking task as SUCCESS. dag_id=dados_climaticos_estruturados, task_id=criar_pasta, run_id=scheduled__2024-05-29T06:15:00+00:00, execution_date=20240529T061500, start_date=20240605T013432, end_date=20240605T013432
[2024-06-05T01:34:32.842+0000] {local_task_job_runner.py:240} INFO - Task exited with return code 0
[2024-06-05T01:34:32.914+0000] {local_task_job_runner.py:222} INFO - ::endgroup::
