[2024-06-05T01:02:09.335+0000] {local_task_job_runner.py:120} INFO - ::group::Pre task execution logs
[2024-06-05T01:02:09.374+0000] {taskinstance.py:2076} INFO - Dependencies all met for dep_context=non-requeueable deps ti=<TaskInstance: dados_climaticos_estruturados.criar_pasta scheduled__2024-05-30T19:05:00+00:00 [queued]>
[2024-06-05T01:02:09.392+0000] {taskinstance.py:2076} INFO - Dependencies all met for dep_context=requeueable deps ti=<TaskInstance: dados_climaticos_estruturados.criar_pasta scheduled__2024-05-30T19:05:00+00:00 [queued]>
[2024-06-05T01:02:09.393+0000] {taskinstance.py:2306} INFO - Starting attempt 1 of 1
[2024-06-05T01:02:09.523+0000] {taskinstance.py:2330} INFO - Executing <Task(PythonOperator): criar_pasta> on 2024-05-30 19:05:00+00:00
[2024-06-05T01:02:09.538+0000] {warnings.py:110} WARNING - /home/***/.local/lib/python3.12/site-packages/***/task/task_runner/standard_task_runner.py:61: DeprecationWarning: This process (pid=3477) is multi-threaded, use of fork() may lead to deadlocks in the child.
  pid = os.fork()

[2024-06-05T01:02:09.546+0000] {standard_task_runner.py:63} INFO - Started process 3494 to run task
[2024-06-05T01:02:09.545+0000] {standard_task_runner.py:90} INFO - Running: ['***', 'tasks', 'run', 'dados_climaticos_estruturados', 'criar_pasta', 'scheduled__2024-05-30T19:05:00+00:00', '--job-id', '1489', '--raw', '--subdir', 'DAGS_FOLDER/weather/custom_dags/dados_climaticos_estruturados.py', '--cfg-path', '/tmp/tmpx_olb6s8']
[2024-06-05T01:02:09.550+0000] {standard_task_runner.py:91} INFO - Job 1489: Subtask criar_pasta
[2024-06-05T01:02:09.659+0000] {task_command.py:426} INFO - Running <TaskInstance: dados_climaticos_estruturados.criar_pasta scheduled__2024-05-30T19:05:00+00:00 [running]> on host 6665b0710315
[2024-06-05T01:02:09.839+0000] {taskinstance.py:2648} INFO - Exporting env vars: AIRFLOW_CTX_DAG_OWNER='***' AIRFLOW_CTX_DAG_ID='dados_climaticos_estruturados' AIRFLOW_CTX_TASK_ID='criar_pasta' AIRFLOW_CTX_EXECUTION_DATE='2024-05-30T19:05:00+00:00' AIRFLOW_CTX_TRY_NUMBER='1' AIRFLOW_CTX_DAG_RUN_ID='scheduled__2024-05-30T19:05:00+00:00'
[2024-06-05T01:02:09.845+0000] {taskinstance.py:430} INFO - ::endgroup::
[2024-06-05T01:02:09.848+0000] {python.py:237} INFO - Done. Returned value was: None
[2024-06-05T01:02:09.849+0000] {taskinstance.py:441} INFO - ::group::Post task execution logs
[2024-06-05T01:02:09.866+0000] {taskinstance.py:1206} INFO - Marking task as SUCCESS. dag_id=dados_climaticos_estruturados, task_id=criar_pasta, run_id=scheduled__2024-05-30T19:05:00+00:00, execution_date=20240530T190500, start_date=20240605T010209, end_date=20240605T010209
[2024-06-05T01:02:09.948+0000] {local_task_job_runner.py:240} INFO - Task exited with return code 0
[2024-06-05T01:02:09.999+0000] {taskinstance.py:3498} INFO - 1 downstream tasks scheduled from follow-on schedule check
[2024-06-05T01:02:10.005+0000] {local_task_job_runner.py:222} INFO - ::endgroup::
[2024-06-05T01:41:46.553+0000] {local_task_job_runner.py:120} INFO - ::group::Pre task execution logs
[2024-06-05T01:41:46.594+0000] {taskinstance.py:2076} INFO - Dependencies all met for dep_context=non-requeueable deps ti=<TaskInstance: dados_climaticos_estruturados.criar_pasta scheduled__2024-05-30T19:05:00+00:00 [queued]>
[2024-06-05T01:41:46.608+0000] {taskinstance.py:2076} INFO - Dependencies all met for dep_context=requeueable deps ti=<TaskInstance: dados_climaticos_estruturados.criar_pasta scheduled__2024-05-30T19:05:00+00:00 [queued]>
[2024-06-05T01:41:46.609+0000] {taskinstance.py:2306} INFO - Starting attempt 1 of 1
[2024-06-05T01:41:46.665+0000] {taskinstance.py:2330} INFO - Executing <Task(PythonOperator): criar_pasta> on 2024-05-30 19:05:00+00:00
[2024-06-05T01:41:46.676+0000] {warnings.py:110} WARNING - /home/***/.local/lib/python3.12/site-packages/***/task/task_runner/standard_task_runner.py:61: DeprecationWarning: This process (pid=3452) is multi-threaded, use of fork() may lead to deadlocks in the child.
  pid = os.fork()

[2024-06-05T01:41:46.679+0000] {standard_task_runner.py:63} INFO - Started process 3462 to run task
[2024-06-05T01:41:46.679+0000] {standard_task_runner.py:90} INFO - Running: ['***', 'tasks', 'run', 'dados_climaticos_estruturados', 'criar_pasta', 'scheduled__2024-05-30T19:05:00+00:00', '--job-id', '1098', '--raw', '--subdir', 'DAGS_FOLDER/weather/custom_dags/dados_climaticos_estruturados.py', '--cfg-path', '/tmp/tmp3kwwy_ae']
[2024-06-05T01:41:46.683+0000] {standard_task_runner.py:91} INFO - Job 1098: Subtask criar_pasta
[2024-06-05T01:41:46.771+0000] {task_command.py:426} INFO - Running <TaskInstance: dados_climaticos_estruturados.criar_pasta scheduled__2024-05-30T19:05:00+00:00 [running]> on host 80232deae70a
[2024-06-05T01:41:46.910+0000] {taskinstance.py:2648} INFO - Exporting env vars: AIRFLOW_CTX_DAG_OWNER='***' AIRFLOW_CTX_DAG_ID='dados_climaticos_estruturados' AIRFLOW_CTX_TASK_ID='criar_pasta' AIRFLOW_CTX_EXECUTION_DATE='2024-05-30T19:05:00+00:00' AIRFLOW_CTX_TRY_NUMBER='1' AIRFLOW_CTX_DAG_RUN_ID='scheduled__2024-05-30T19:05:00+00:00'
[2024-06-05T01:41:46.912+0000] {taskinstance.py:430} INFO - ::endgroup::
[2024-06-05T01:41:46.914+0000] {python.py:237} INFO - Done. Returned value was: None
[2024-06-05T01:41:46.914+0000] {taskinstance.py:441} INFO - ::group::Post task execution logs
[2024-06-05T01:41:46.926+0000] {taskinstance.py:1206} INFO - Marking task as SUCCESS. dag_id=dados_climaticos_estruturados, task_id=criar_pasta, run_id=scheduled__2024-05-30T19:05:00+00:00, execution_date=20240530T190500, start_date=20240605T014146, end_date=20240605T014146
[2024-06-05T01:41:46.989+0000] {local_task_job_runner.py:240} INFO - Task exited with return code 0
[2024-06-05T01:41:47.026+0000] {taskinstance.py:3498} INFO - 1 downstream tasks scheduled from follow-on schedule check
[2024-06-05T01:41:47.028+0000] {local_task_job_runner.py:222} INFO - ::endgroup::
