[2024-06-05T00:58:06.868+0000] {local_task_job_runner.py:120} INFO - ::group::Pre task execution logs
[2024-06-05T00:58:06.971+0000] {taskinstance.py:2076} INFO - Dependencies all met for dep_context=non-requeueable deps ti=<TaskInstance: dados_climaticos_estruturados.criar_pasta scheduled__2024-05-29T23:45:00+00:00 [queued]>
[2024-06-05T00:58:06.994+0000] {taskinstance.py:2076} INFO - Dependencies all met for dep_context=requeueable deps ti=<TaskInstance: dados_climaticos_estruturados.criar_pasta scheduled__2024-05-29T23:45:00+00:00 [queued]>
[2024-06-05T00:58:06.996+0000] {taskinstance.py:2306} INFO - Starting attempt 1 of 1
[2024-06-05T00:58:07.090+0000] {taskinstance.py:2330} INFO - Executing <Task(PythonOperator): criar_pasta> on 2024-05-29 23:45:00+00:00
[2024-06-05T00:58:07.121+0000] {warnings.py:110} WARNING - /home/***/.local/lib/python3.12/site-packages/***/task/task_runner/standard_task_runner.py:61: DeprecationWarning: This process (pid=1999) is multi-threaded, use of fork() may lead to deadlocks in the child.
  pid = os.fork()

[2024-06-05T00:58:07.131+0000] {standard_task_runner.py:63} INFO - Started process 2029 to run task
[2024-06-05T00:58:07.128+0000] {standard_task_runner.py:90} INFO - Running: ['***', 'tasks', 'run', 'dados_climaticos_estruturados', 'criar_pasta', 'scheduled__2024-05-29T23:45:00+00:00', '--job-id', '1015', '--raw', '--subdir', 'DAGS_FOLDER/weather/custom_dags/dados_climaticos_estruturados.py', '--cfg-path', '/tmp/tmpg8miirg5']
[2024-06-05T00:58:07.134+0000] {standard_task_runner.py:91} INFO - Job 1015: Subtask criar_pasta
[2024-06-05T00:58:07.315+0000] {task_command.py:426} INFO - Running <TaskInstance: dados_climaticos_estruturados.criar_pasta scheduled__2024-05-29T23:45:00+00:00 [running]> on host 6665b0710315
[2024-06-05T00:58:07.668+0000] {taskinstance.py:2648} INFO - Exporting env vars: AIRFLOW_CTX_DAG_OWNER='***' AIRFLOW_CTX_DAG_ID='dados_climaticos_estruturados' AIRFLOW_CTX_TASK_ID='criar_pasta' AIRFLOW_CTX_EXECUTION_DATE='2024-05-29T23:45:00+00:00' AIRFLOW_CTX_TRY_NUMBER='1' AIRFLOW_CTX_DAG_RUN_ID='scheduled__2024-05-29T23:45:00+00:00'
[2024-06-05T00:58:07.674+0000] {taskinstance.py:430} INFO - ::endgroup::
[2024-06-05T00:58:07.710+0000] {python.py:237} INFO - Done. Returned value was: None
[2024-06-05T00:58:07.714+0000] {taskinstance.py:441} INFO - ::group::Post task execution logs
[2024-06-05T00:58:07.751+0000] {taskinstance.py:1206} INFO - Marking task as SUCCESS. dag_id=dados_climaticos_estruturados, task_id=criar_pasta, run_id=scheduled__2024-05-29T23:45:00+00:00, execution_date=20240529T234500, start_date=20240605T005806, end_date=20240605T005807
[2024-06-05T00:58:07.875+0000] {local_task_job_runner.py:240} INFO - Task exited with return code 0
[2024-06-05T00:58:07.989+0000] {taskinstance.py:3498} INFO - 0 downstream tasks scheduled from follow-on schedule check
[2024-06-05T00:58:08.000+0000] {local_task_job_runner.py:222} INFO - ::endgroup::
[2024-06-05T01:38:09.546+0000] {local_task_job_runner.py:120} INFO - ::group::Pre task execution logs
[2024-06-05T01:38:09.595+0000] {taskinstance.py:2076} INFO - Dependencies all met for dep_context=non-requeueable deps ti=<TaskInstance: dados_climaticos_estruturados.criar_pasta scheduled__2024-05-29T23:45:00+00:00 [queued]>
[2024-06-05T01:38:09.610+0000] {taskinstance.py:2076} INFO - Dependencies all met for dep_context=requeueable deps ti=<TaskInstance: dados_climaticos_estruturados.criar_pasta scheduled__2024-05-29T23:45:00+00:00 [queued]>
[2024-06-05T01:38:09.611+0000] {taskinstance.py:2306} INFO - Starting attempt 1 of 1
[2024-06-05T01:38:09.641+0000] {taskinstance.py:2330} INFO - Executing <Task(PythonOperator): criar_pasta> on 2024-05-29 23:45:00+00:00
[2024-06-05T01:38:09.655+0000] {standard_task_runner.py:90} INFO - Running: ['***', 'tasks', 'run', 'dados_climaticos_estruturados', 'criar_pasta', 'scheduled__2024-05-29T23:45:00+00:00', '--job-id', '631', '--raw', '--subdir', 'DAGS_FOLDER/weather/custom_dags/dados_climaticos_estruturados.py', '--cfg-path', '/tmp/tmpv6jo4b48']
[2024-06-05T01:38:09.653+0000] {warnings.py:110} WARNING - /home/***/.local/lib/python3.12/site-packages/***/task/task_runner/standard_task_runner.py:61: DeprecationWarning: This process (pid=2002) is multi-threaded, use of fork() may lead to deadlocks in the child.
  pid = os.fork()

[2024-06-05T01:38:09.668+0000] {standard_task_runner.py:63} INFO - Started process 2028 to run task
[2024-06-05T01:38:09.658+0000] {standard_task_runner.py:91} INFO - Job 631: Subtask criar_pasta
[2024-06-05T01:38:09.777+0000] {task_command.py:426} INFO - Running <TaskInstance: dados_climaticos_estruturados.criar_pasta scheduled__2024-05-29T23:45:00+00:00 [running]> on host 80232deae70a
[2024-06-05T01:38:10.017+0000] {taskinstance.py:2648} INFO - Exporting env vars: AIRFLOW_CTX_DAG_OWNER='***' AIRFLOW_CTX_DAG_ID='dados_climaticos_estruturados' AIRFLOW_CTX_TASK_ID='criar_pasta' AIRFLOW_CTX_EXECUTION_DATE='2024-05-29T23:45:00+00:00' AIRFLOW_CTX_TRY_NUMBER='1' AIRFLOW_CTX_DAG_RUN_ID='scheduled__2024-05-29T23:45:00+00:00'
[2024-06-05T01:38:10.023+0000] {taskinstance.py:430} INFO - ::endgroup::
[2024-06-05T01:38:10.025+0000] {python.py:237} INFO - Done. Returned value was: None
[2024-06-05T01:38:10.033+0000] {taskinstance.py:441} INFO - ::group::Post task execution logs
[2024-06-05T01:38:10.060+0000] {taskinstance.py:1206} INFO - Marking task as SUCCESS. dag_id=dados_climaticos_estruturados, task_id=criar_pasta, run_id=scheduled__2024-05-29T23:45:00+00:00, execution_date=20240529T234500, start_date=20240605T013809, end_date=20240605T013810
[2024-06-05T01:38:10.147+0000] {local_task_job_runner.py:240} INFO - Task exited with return code 0
[2024-06-05T01:38:10.217+0000] {taskinstance.py:3498} INFO - 1 downstream tasks scheduled from follow-on schedule check
[2024-06-05T01:38:10.226+0000] {local_task_job_runner.py:222} INFO - ::endgroup::
