[2024-06-05T01:01:14.023+0000] {local_task_job_runner.py:120} INFO - ::group::Pre task execution logs
[2024-06-05T01:01:14.065+0000] {taskinstance.py:2076} INFO - Dependencies all met for dep_context=non-requeueable deps ti=<TaskInstance: dados_climaticos_estruturados.criar_pasta scheduled__2024-05-30T15:00:00+00:00 [queued]>
[2024-06-05T01:01:14.079+0000] {taskinstance.py:2076} INFO - Dependencies all met for dep_context=requeueable deps ti=<TaskInstance: dados_climaticos_estruturados.criar_pasta scheduled__2024-05-30T15:00:00+00:00 [queued]>
[2024-06-05T01:01:14.080+0000] {taskinstance.py:2306} INFO - Starting attempt 1 of 1
[2024-06-05T01:01:14.197+0000] {taskinstance.py:2330} INFO - Executing <Task(PythonOperator): criar_pasta> on 2024-05-30 15:00:00+00:00
[2024-06-05T01:01:14.219+0000] {warnings.py:110} WARNING - /home/***/.local/lib/python3.12/site-packages/***/task/task_runner/standard_task_runner.py:61: DeprecationWarning: This process (pid=3140) is multi-threaded, use of fork() may lead to deadlocks in the child.
  pid = os.fork()

[2024-06-05T01:01:14.223+0000] {standard_task_runner.py:90} INFO - Running: ['***', 'tasks', 'run', 'dados_climaticos_estruturados', 'criar_pasta', 'scheduled__2024-05-30T15:00:00+00:00', '--job-id', '1384', '--raw', '--subdir', 'DAGS_FOLDER/weather/custom_dags/dados_climaticos_estruturados.py', '--cfg-path', '/tmp/tmpc9xh6ytc']
[2024-06-05T01:01:14.225+0000] {standard_task_runner.py:63} INFO - Started process 3167 to run task
[2024-06-05T01:01:14.225+0000] {standard_task_runner.py:91} INFO - Job 1384: Subtask criar_pasta
[2024-06-05T01:01:14.340+0000] {task_command.py:426} INFO - Running <TaskInstance: dados_climaticos_estruturados.criar_pasta scheduled__2024-05-30T15:00:00+00:00 [running]> on host 6665b0710315
[2024-06-05T01:01:14.504+0000] {taskinstance.py:2648} INFO - Exporting env vars: AIRFLOW_CTX_DAG_OWNER='***' AIRFLOW_CTX_DAG_ID='dados_climaticos_estruturados' AIRFLOW_CTX_TASK_ID='criar_pasta' AIRFLOW_CTX_EXECUTION_DATE='2024-05-30T15:00:00+00:00' AIRFLOW_CTX_TRY_NUMBER='1' AIRFLOW_CTX_DAG_RUN_ID='scheduled__2024-05-30T15:00:00+00:00'
[2024-06-05T01:01:14.506+0000] {taskinstance.py:430} INFO - ::endgroup::
[2024-06-05T01:01:14.508+0000] {python.py:237} INFO - Done. Returned value was: None
[2024-06-05T01:01:14.509+0000] {taskinstance.py:441} INFO - ::group::Post task execution logs
[2024-06-05T01:01:14.523+0000] {taskinstance.py:1206} INFO - Marking task as SUCCESS. dag_id=dados_climaticos_estruturados, task_id=criar_pasta, run_id=scheduled__2024-05-30T15:00:00+00:00, execution_date=20240530T150000, start_date=20240605T010114, end_date=20240605T010114
[2024-06-05T01:01:14.580+0000] {local_task_job_runner.py:240} INFO - Task exited with return code 0
[2024-06-05T01:01:14.616+0000] {taskinstance.py:3498} INFO - 1 downstream tasks scheduled from follow-on schedule check
[2024-06-05T01:01:14.619+0000] {local_task_job_runner.py:222} INFO - ::endgroup::
[2024-06-05T01:40:57.379+0000] {local_task_job_runner.py:120} INFO - ::group::Pre task execution logs
[2024-06-05T01:40:57.451+0000] {taskinstance.py:2076} INFO - Dependencies all met for dep_context=non-requeueable deps ti=<TaskInstance: dados_climaticos_estruturados.criar_pasta scheduled__2024-05-30T15:00:00+00:00 [queued]>
[2024-06-05T01:40:57.493+0000] {taskinstance.py:2076} INFO - Dependencies all met for dep_context=requeueable deps ti=<TaskInstance: dados_climaticos_estruturados.criar_pasta scheduled__2024-05-30T15:00:00+00:00 [queued]>
[2024-06-05T01:40:57.495+0000] {taskinstance.py:2306} INFO - Starting attempt 1 of 1
[2024-06-05T01:40:57.548+0000] {taskinstance.py:2330} INFO - Executing <Task(PythonOperator): criar_pasta> on 2024-05-30 15:00:00+00:00
[2024-06-05T01:40:57.584+0000] {warnings.py:110} WARNING - /home/***/.local/lib/python3.12/site-packages/***/task/task_runner/standard_task_runner.py:61: DeprecationWarning: This process (pid=3124) is multi-threaded, use of fork() may lead to deadlocks in the child.
  pid = os.fork()

[2024-06-05T01:40:57.594+0000] {standard_task_runner.py:63} INFO - Started process 3161 to run task
[2024-06-05T01:40:57.608+0000] {standard_task_runner.py:90} INFO - Running: ['***', 'tasks', 'run', 'dados_climaticos_estruturados', 'criar_pasta', 'scheduled__2024-05-30T15:00:00+00:00', '--job-id', '995', '--raw', '--subdir', 'DAGS_FOLDER/weather/custom_dags/dados_climaticos_estruturados.py', '--cfg-path', '/tmp/tmp7xwzxl6e']
[2024-06-05T01:40:57.614+0000] {standard_task_runner.py:91} INFO - Job 995: Subtask criar_pasta
[2024-06-05T01:40:57.754+0000] {task_command.py:426} INFO - Running <TaskInstance: dados_climaticos_estruturados.criar_pasta scheduled__2024-05-30T15:00:00+00:00 [running]> on host 80232deae70a
[2024-06-05T01:40:58.039+0000] {taskinstance.py:2648} INFO - Exporting env vars: AIRFLOW_CTX_DAG_OWNER='***' AIRFLOW_CTX_DAG_ID='dados_climaticos_estruturados' AIRFLOW_CTX_TASK_ID='criar_pasta' AIRFLOW_CTX_EXECUTION_DATE='2024-05-30T15:00:00+00:00' AIRFLOW_CTX_TRY_NUMBER='1' AIRFLOW_CTX_DAG_RUN_ID='scheduled__2024-05-30T15:00:00+00:00'
[2024-06-05T01:40:58.044+0000] {taskinstance.py:430} INFO - ::endgroup::
[2024-06-05T01:40:58.056+0000] {python.py:237} INFO - Done. Returned value was: None
[2024-06-05T01:40:58.056+0000] {taskinstance.py:441} INFO - ::group::Post task execution logs
[2024-06-05T01:40:58.088+0000] {taskinstance.py:1206} INFO - Marking task as SUCCESS. dag_id=dados_climaticos_estruturados, task_id=criar_pasta, run_id=scheduled__2024-05-30T15:00:00+00:00, execution_date=20240530T150000, start_date=20240605T014057, end_date=20240605T014058
[2024-06-05T01:40:58.193+0000] {local_task_job_runner.py:240} INFO - Task exited with return code 0
[2024-06-05T01:40:58.221+0000] {local_task_job_runner.py:222} INFO - ::endgroup::
