[2024-06-05T00:58:23.405+0000] {local_task_job_runner.py:120} INFO - ::group::Pre task execution logs
[2024-06-05T00:58:23.442+0000] {taskinstance.py:2076} INFO - Dependencies all met for dep_context=non-requeueable deps ti=<TaskInstance: dados_climaticos_estruturados.criar_pasta scheduled__2024-05-30T00:45:00+00:00 [queued]>
[2024-06-05T00:58:23.462+0000] {taskinstance.py:2076} INFO - Dependencies all met for dep_context=requeueable deps ti=<TaskInstance: dados_climaticos_estruturados.criar_pasta scheduled__2024-05-30T00:45:00+00:00 [queued]>
[2024-06-05T00:58:23.463+0000] {taskinstance.py:2306} INFO - Starting attempt 1 of 1
[2024-06-05T00:58:23.645+0000] {taskinstance.py:2330} INFO - Executing <Task(PythonOperator): criar_pasta> on 2024-05-30 00:45:00+00:00
[2024-06-05T00:58:23.660+0000] {warnings.py:110} WARNING - /home/***/.local/lib/python3.12/site-packages/***/task/task_runner/standard_task_runner.py:61: DeprecationWarning: This process (pid=2091) is multi-threaded, use of fork() may lead to deadlocks in the child.
  pid = os.fork()

[2024-06-05T00:58:23.664+0000] {standard_task_runner.py:63} INFO - Started process 2110 to run task
[2024-06-05T00:58:23.663+0000] {standard_task_runner.py:90} INFO - Running: ['***', 'tasks', 'run', 'dados_climaticos_estruturados', 'criar_pasta', 'scheduled__2024-05-30T00:45:00+00:00', '--job-id', '1044', '--raw', '--subdir', 'DAGS_FOLDER/weather/custom_dags/dados_climaticos_estruturados.py', '--cfg-path', '/tmp/tmpvkydv8nb']
[2024-06-05T00:58:23.666+0000] {standard_task_runner.py:91} INFO - Job 1044: Subtask criar_pasta
[2024-06-05T00:58:23.799+0000] {task_command.py:426} INFO - Running <TaskInstance: dados_climaticos_estruturados.criar_pasta scheduled__2024-05-30T00:45:00+00:00 [running]> on host 6665b0710315
[2024-06-05T00:58:24.025+0000] {taskinstance.py:2648} INFO - Exporting env vars: AIRFLOW_CTX_DAG_OWNER='***' AIRFLOW_CTX_DAG_ID='dados_climaticos_estruturados' AIRFLOW_CTX_TASK_ID='criar_pasta' AIRFLOW_CTX_EXECUTION_DATE='2024-05-30T00:45:00+00:00' AIRFLOW_CTX_TRY_NUMBER='1' AIRFLOW_CTX_DAG_RUN_ID='scheduled__2024-05-30T00:45:00+00:00'
[2024-06-05T00:58:24.032+0000] {taskinstance.py:430} INFO - ::endgroup::
[2024-06-05T00:58:24.034+0000] {python.py:237} INFO - Done. Returned value was: None
[2024-06-05T00:58:24.035+0000] {taskinstance.py:441} INFO - ::group::Post task execution logs
[2024-06-05T00:58:24.051+0000] {taskinstance.py:1206} INFO - Marking task as SUCCESS. dag_id=dados_climaticos_estruturados, task_id=criar_pasta, run_id=scheduled__2024-05-30T00:45:00+00:00, execution_date=20240530T004500, start_date=20240605T005823, end_date=20240605T005824
[2024-06-05T00:58:24.101+0000] {local_task_job_runner.py:240} INFO - Task exited with return code 0
[2024-06-05T00:58:24.122+0000] {local_task_job_runner.py:222} INFO - ::endgroup::
[2024-06-05T01:38:21.884+0000] {local_task_job_runner.py:120} INFO - ::group::Pre task execution logs
[2024-06-05T01:38:21.932+0000] {taskinstance.py:2076} INFO - Dependencies all met for dep_context=non-requeueable deps ti=<TaskInstance: dados_climaticos_estruturados.criar_pasta scheduled__2024-05-30T00:45:00+00:00 [queued]>
[2024-06-05T01:38:21.959+0000] {taskinstance.py:2076} INFO - Dependencies all met for dep_context=requeueable deps ti=<TaskInstance: dados_climaticos_estruturados.criar_pasta scheduled__2024-05-30T00:45:00+00:00 [queued]>
[2024-06-05T01:38:21.962+0000] {taskinstance.py:2306} INFO - Starting attempt 1 of 1
[2024-06-05T01:38:22.006+0000] {taskinstance.py:2330} INFO - Executing <Task(PythonOperator): criar_pasta> on 2024-05-30 00:45:00+00:00
[2024-06-05T01:38:22.019+0000] {warnings.py:110} WARNING - /home/***/.local/lib/python3.12/site-packages/***/task/task_runner/standard_task_runner.py:61: DeprecationWarning: This process (pid=2096) is multi-threaded, use of fork() may lead to deadlocks in the child.
  pid = os.fork()

[2024-06-05T01:38:22.027+0000] {standard_task_runner.py:63} INFO - Started process 2117 to run task
[2024-06-05T01:38:22.027+0000] {standard_task_runner.py:90} INFO - Running: ['***', 'tasks', 'run', 'dados_climaticos_estruturados', 'criar_pasta', 'scheduled__2024-05-30T00:45:00+00:00', '--job-id', '659', '--raw', '--subdir', 'DAGS_FOLDER/weather/custom_dags/dados_climaticos_estruturados.py', '--cfg-path', '/tmp/tmpfdyv86if']
[2024-06-05T01:38:22.030+0000] {standard_task_runner.py:91} INFO - Job 659: Subtask criar_pasta
[2024-06-05T01:38:22.148+0000] {task_command.py:426} INFO - Running <TaskInstance: dados_climaticos_estruturados.criar_pasta scheduled__2024-05-30T00:45:00+00:00 [running]> on host 80232deae70a
[2024-06-05T01:38:22.367+0000] {taskinstance.py:2648} INFO - Exporting env vars: AIRFLOW_CTX_DAG_OWNER='***' AIRFLOW_CTX_DAG_ID='dados_climaticos_estruturados' AIRFLOW_CTX_TASK_ID='criar_pasta' AIRFLOW_CTX_EXECUTION_DATE='2024-05-30T00:45:00+00:00' AIRFLOW_CTX_TRY_NUMBER='1' AIRFLOW_CTX_DAG_RUN_ID='scheduled__2024-05-30T00:45:00+00:00'
[2024-06-05T01:38:22.375+0000] {taskinstance.py:430} INFO - ::endgroup::
[2024-06-05T01:38:22.378+0000] {python.py:237} INFO - Done. Returned value was: None
[2024-06-05T01:38:22.379+0000] {taskinstance.py:441} INFO - ::group::Post task execution logs
[2024-06-05T01:38:22.406+0000] {taskinstance.py:1206} INFO - Marking task as SUCCESS. dag_id=dados_climaticos_estruturados, task_id=criar_pasta, run_id=scheduled__2024-05-30T00:45:00+00:00, execution_date=20240530T004500, start_date=20240605T013821, end_date=20240605T013822
[2024-06-05T01:38:22.467+0000] {local_task_job_runner.py:240} INFO - Task exited with return code 0
[2024-06-05T01:38:22.530+0000] {taskinstance.py:3498} INFO - 1 downstream tasks scheduled from follow-on schedule check
[2024-06-05T01:38:22.537+0000] {local_task_job_runner.py:222} INFO - ::endgroup::
