[2024-06-05T01:00:41.635+0000] {local_task_job_runner.py:120} INFO - ::group::Pre task execution logs
[2024-06-05T01:00:41.675+0000] {taskinstance.py:2076} INFO - Dependencies all met for dep_context=non-requeueable deps ti=<TaskInstance: dados_climaticos_estruturados.criar_pasta scheduled__2024-05-30T12:15:00+00:00 [queued]>
[2024-06-05T01:00:41.691+0000] {taskinstance.py:2076} INFO - Dependencies all met for dep_context=requeueable deps ti=<TaskInstance: dados_climaticos_estruturados.criar_pasta scheduled__2024-05-30T12:15:00+00:00 [queued]>
[2024-06-05T01:00:41.692+0000] {taskinstance.py:2306} INFO - Starting attempt 1 of 1
[2024-06-05T01:00:41.719+0000] {taskinstance.py:2330} INFO - Executing <Task(PythonOperator): criar_pasta> on 2024-05-30 12:15:00+00:00
[2024-06-05T01:00:41.745+0000] {warnings.py:110} WARNING - /home/***/.local/lib/python3.12/site-packages/***/task/task_runner/standard_task_runner.py:61: DeprecationWarning: This process (pid=2935) is multi-threaded, use of fork() may lead to deadlocks in the child.
  pid = os.fork()

[2024-06-05T01:00:41.748+0000] {standard_task_runner.py:63} INFO - Started process 2961 to run task
[2024-06-05T01:00:41.754+0000] {standard_task_runner.py:90} INFO - Running: ['***', 'tasks', 'run', 'dados_climaticos_estruturados', 'criar_pasta', 'scheduled__2024-05-30T12:15:00+00:00', '--job-id', '1317', '--raw', '--subdir', 'DAGS_FOLDER/weather/custom_dags/dados_climaticos_estruturados.py', '--cfg-path', '/tmp/tmpgye6vg0e']
[2024-06-05T01:00:41.757+0000] {standard_task_runner.py:91} INFO - Job 1317: Subtask criar_pasta
[2024-06-05T01:00:41.860+0000] {task_command.py:426} INFO - Running <TaskInstance: dados_climaticos_estruturados.criar_pasta scheduled__2024-05-30T12:15:00+00:00 [running]> on host 6665b0710315
[2024-06-05T01:00:42.012+0000] {taskinstance.py:2648} INFO - Exporting env vars: AIRFLOW_CTX_DAG_OWNER='***' AIRFLOW_CTX_DAG_ID='dados_climaticos_estruturados' AIRFLOW_CTX_TASK_ID='criar_pasta' AIRFLOW_CTX_EXECUTION_DATE='2024-05-30T12:15:00+00:00' AIRFLOW_CTX_TRY_NUMBER='1' AIRFLOW_CTX_DAG_RUN_ID='scheduled__2024-05-30T12:15:00+00:00'
[2024-06-05T01:00:42.014+0000] {taskinstance.py:430} INFO - ::endgroup::
[2024-06-05T01:00:42.016+0000] {python.py:237} INFO - Done. Returned value was: None
[2024-06-05T01:00:42.017+0000] {taskinstance.py:441} INFO - ::group::Post task execution logs
[2024-06-05T01:00:42.030+0000] {taskinstance.py:1206} INFO - Marking task as SUCCESS. dag_id=dados_climaticos_estruturados, task_id=criar_pasta, run_id=scheduled__2024-05-30T12:15:00+00:00, execution_date=20240530T121500, start_date=20240605T010041, end_date=20240605T010042
[2024-06-05T01:00:42.067+0000] {local_task_job_runner.py:240} INFO - Task exited with return code 0
[2024-06-05T01:00:42.096+0000] {taskinstance.py:3498} INFO - 1 downstream tasks scheduled from follow-on schedule check
[2024-06-05T01:00:42.102+0000] {local_task_job_runner.py:222} INFO - ::endgroup::
[2024-06-05T01:40:28.220+0000] {local_task_job_runner.py:120} INFO - ::group::Pre task execution logs
[2024-06-05T01:40:28.256+0000] {taskinstance.py:2076} INFO - Dependencies all met for dep_context=non-requeueable deps ti=<TaskInstance: dados_climaticos_estruturados.criar_pasta scheduled__2024-05-30T12:15:00+00:00 [queued]>
[2024-06-05T01:40:28.271+0000] {taskinstance.py:2076} INFO - Dependencies all met for dep_context=requeueable deps ti=<TaskInstance: dados_climaticos_estruturados.criar_pasta scheduled__2024-05-30T12:15:00+00:00 [queued]>
[2024-06-05T01:40:28.272+0000] {taskinstance.py:2306} INFO - Starting attempt 1 of 1
[2024-06-05T01:40:28.298+0000] {taskinstance.py:2330} INFO - Executing <Task(PythonOperator): criar_pasta> on 2024-05-30 12:15:00+00:00
[2024-06-05T01:40:28.317+0000] {warnings.py:110} WARNING - /home/***/.local/lib/python3.12/site-packages/***/task/task_runner/standard_task_runner.py:61: DeprecationWarning: This process (pid=2929) is multi-threaded, use of fork() may lead to deadlocks in the child.
  pid = os.fork()

[2024-06-05T01:40:28.324+0000] {standard_task_runner.py:63} INFO - Started process 2955 to run task
[2024-06-05T01:40:28.321+0000] {standard_task_runner.py:90} INFO - Running: ['***', 'tasks', 'run', 'dados_climaticos_estruturados', 'criar_pasta', 'scheduled__2024-05-30T12:15:00+00:00', '--job-id', '930', '--raw', '--subdir', 'DAGS_FOLDER/weather/custom_dags/dados_climaticos_estruturados.py', '--cfg-path', '/tmp/tmpu0weghp1']
[2024-06-05T01:40:28.326+0000] {standard_task_runner.py:91} INFO - Job 930: Subtask criar_pasta
[2024-06-05T01:40:28.441+0000] {task_command.py:426} INFO - Running <TaskInstance: dados_climaticos_estruturados.criar_pasta scheduled__2024-05-30T12:15:00+00:00 [running]> on host 80232deae70a
[2024-06-05T01:40:28.643+0000] {taskinstance.py:2648} INFO - Exporting env vars: AIRFLOW_CTX_DAG_OWNER='***' AIRFLOW_CTX_DAG_ID='dados_climaticos_estruturados' AIRFLOW_CTX_TASK_ID='criar_pasta' AIRFLOW_CTX_EXECUTION_DATE='2024-05-30T12:15:00+00:00' AIRFLOW_CTX_TRY_NUMBER='1' AIRFLOW_CTX_DAG_RUN_ID='scheduled__2024-05-30T12:15:00+00:00'
[2024-06-05T01:40:28.651+0000] {taskinstance.py:430} INFO - ::endgroup::
[2024-06-05T01:40:28.653+0000] {python.py:237} INFO - Done. Returned value was: None
[2024-06-05T01:40:28.654+0000] {taskinstance.py:441} INFO - ::group::Post task execution logs
[2024-06-05T01:40:28.672+0000] {taskinstance.py:1206} INFO - Marking task as SUCCESS. dag_id=dados_climaticos_estruturados, task_id=criar_pasta, run_id=scheduled__2024-05-30T12:15:00+00:00, execution_date=20240530T121500, start_date=20240605T014028, end_date=20240605T014028
[2024-06-05T01:40:28.715+0000] {local_task_job_runner.py:240} INFO - Task exited with return code 0
[2024-06-05T01:40:28.778+0000] {taskinstance.py:3498} INFO - 1 downstream tasks scheduled from follow-on schedule check
[2024-06-05T01:40:28.787+0000] {local_task_job_runner.py:222} INFO - ::endgroup::
