[2024-06-05T00:54:47.873+0000] {local_task_job_runner.py:120} INFO - ::group::Pre task execution logs
[2024-06-05T00:54:47.908+0000] {taskinstance.py:2076} INFO - Dependencies all met for dep_context=non-requeueable deps ti=<TaskInstance: dados_climaticos_estruturados.criar_pasta scheduled__2024-05-29T05:30:00+00:00 [queued]>
[2024-06-05T00:54:47.923+0000] {taskinstance.py:2076} INFO - Dependencies all met for dep_context=requeueable deps ti=<TaskInstance: dados_climaticos_estruturados.criar_pasta scheduled__2024-05-29T05:30:00+00:00 [queued]>
[2024-06-05T00:54:47.923+0000] {taskinstance.py:2306} INFO - Starting attempt 1 of 1
[2024-06-05T00:54:48.046+0000] {taskinstance.py:2330} INFO - Executing <Task(PythonOperator): criar_pasta> on 2024-05-29 05:30:00+00:00
[2024-06-05T00:54:48.057+0000] {warnings.py:110} WARNING - /home/***/.local/lib/python3.12/site-packages/***/task/task_runner/standard_task_runner.py:61: DeprecationWarning: This process (pid=667) is multi-threaded, use of fork() may lead to deadlocks in the child.
  pid = os.fork()

[2024-06-05T00:54:48.060+0000] {standard_task_runner.py:90} INFO - Running: ['***', 'tasks', 'run', 'dados_climaticos_estruturados', 'criar_pasta', 'scheduled__2024-05-29T05:30:00+00:00', '--job-id', '583', '--raw', '--subdir', 'DAGS_FOLDER/weather/custom_dags/dados_climaticos_estruturados.py', '--cfg-path', '/tmp/tmpwllvd3qe']
[2024-06-05T00:54:48.062+0000] {standard_task_runner.py:63} INFO - Started process 685 to run task
[2024-06-05T00:54:48.062+0000] {standard_task_runner.py:91} INFO - Job 583: Subtask criar_pasta
[2024-06-05T00:54:48.146+0000] {task_command.py:426} INFO - Running <TaskInstance: dados_climaticos_estruturados.criar_pasta scheduled__2024-05-29T05:30:00+00:00 [running]> on host 6665b0710315
[2024-06-05T00:54:48.296+0000] {taskinstance.py:2648} INFO - Exporting env vars: AIRFLOW_CTX_DAG_OWNER='***' AIRFLOW_CTX_DAG_ID='dados_climaticos_estruturados' AIRFLOW_CTX_TASK_ID='criar_pasta' AIRFLOW_CTX_EXECUTION_DATE='2024-05-29T05:30:00+00:00' AIRFLOW_CTX_TRY_NUMBER='1' AIRFLOW_CTX_DAG_RUN_ID='scheduled__2024-05-29T05:30:00+00:00'
[2024-06-05T00:54:48.299+0000] {taskinstance.py:430} INFO - ::endgroup::
[2024-06-05T00:54:48.301+0000] {python.py:237} INFO - Done. Returned value was: None
[2024-06-05T00:54:48.302+0000] {taskinstance.py:441} INFO - ::group::Post task execution logs
[2024-06-05T00:54:48.316+0000] {taskinstance.py:1206} INFO - Marking task as SUCCESS. dag_id=dados_climaticos_estruturados, task_id=criar_pasta, run_id=scheduled__2024-05-29T05:30:00+00:00, execution_date=20240529T053000, start_date=20240605T005447, end_date=20240605T005448
[2024-06-05T00:54:48.370+0000] {local_task_job_runner.py:240} INFO - Task exited with return code 0
[2024-06-05T00:54:48.398+0000] {local_task_job_runner.py:222} INFO - ::endgroup::
[2024-06-05T01:34:29.026+0000] {local_task_job_runner.py:120} INFO - ::group::Pre task execution logs
[2024-06-05T01:34:29.063+0000] {taskinstance.py:2076} INFO - Dependencies all met for dep_context=non-requeueable deps ti=<TaskInstance: dados_climaticos_estruturados.criar_pasta scheduled__2024-05-29T05:30:00+00:00 [queued]>
[2024-06-05T01:34:29.079+0000] {taskinstance.py:2076} INFO - Dependencies all met for dep_context=requeueable deps ti=<TaskInstance: dados_climaticos_estruturados.criar_pasta scheduled__2024-05-29T05:30:00+00:00 [queued]>
[2024-06-05T01:34:29.080+0000] {taskinstance.py:2306} INFO - Starting attempt 1 of 1
[2024-06-05T01:34:29.113+0000] {taskinstance.py:2330} INFO - Executing <Task(PythonOperator): criar_pasta> on 2024-05-29 05:30:00+00:00
[2024-06-05T01:34:29.125+0000] {warnings.py:110} WARNING - /home/***/.local/lib/python3.12/site-packages/***/task/task_runner/standard_task_runner.py:61: DeprecationWarning: This process (pid=661) is multi-threaded, use of fork() may lead to deadlocks in the child.
  pid = os.fork()

[2024-06-05T01:34:29.128+0000] {standard_task_runner.py:63} INFO - Started process 682 to run task
[2024-06-05T01:34:29.129+0000] {standard_task_runner.py:90} INFO - Running: ['***', 'tasks', 'run', 'dados_climaticos_estruturados', 'criar_pasta', 'scheduled__2024-05-29T05:30:00+00:00', '--job-id', '198', '--raw', '--subdir', 'DAGS_FOLDER/weather/custom_dags/dados_climaticos_estruturados.py', '--cfg-path', '/tmp/tmp0s654hph']
[2024-06-05T01:34:29.134+0000] {standard_task_runner.py:91} INFO - Job 198: Subtask criar_pasta
[2024-06-05T01:34:29.234+0000] {task_command.py:426} INFO - Running <TaskInstance: dados_climaticos_estruturados.criar_pasta scheduled__2024-05-29T05:30:00+00:00 [running]> on host 80232deae70a
[2024-06-05T01:34:29.548+0000] {taskinstance.py:2648} INFO - Exporting env vars: AIRFLOW_CTX_DAG_OWNER='***' AIRFLOW_CTX_DAG_ID='dados_climaticos_estruturados' AIRFLOW_CTX_TASK_ID='criar_pasta' AIRFLOW_CTX_EXECUTION_DATE='2024-05-29T05:30:00+00:00' AIRFLOW_CTX_TRY_NUMBER='1' AIRFLOW_CTX_DAG_RUN_ID='scheduled__2024-05-29T05:30:00+00:00'
[2024-06-05T01:34:29.555+0000] {taskinstance.py:430} INFO - ::endgroup::
[2024-06-05T01:34:29.559+0000] {python.py:237} INFO - Done. Returned value was: None
[2024-06-05T01:34:29.561+0000] {taskinstance.py:441} INFO - ::group::Post task execution logs
[2024-06-05T01:34:29.581+0000] {taskinstance.py:1206} INFO - Marking task as SUCCESS. dag_id=dados_climaticos_estruturados, task_id=criar_pasta, run_id=scheduled__2024-05-29T05:30:00+00:00, execution_date=20240529T053000, start_date=20240605T013429, end_date=20240605T013429
[2024-06-05T01:34:29.646+0000] {local_task_job_runner.py:240} INFO - Task exited with return code 0
[2024-06-05T01:34:29.705+0000] {taskinstance.py:3498} INFO - 1 downstream tasks scheduled from follow-on schedule check
[2024-06-05T01:34:29.721+0000] {local_task_job_runner.py:222} INFO - ::endgroup::
