[2024-06-05T01:04:15.102+0000] {local_task_job_runner.py:120} INFO - ::group::Pre task execution logs
[2024-06-05T01:04:15.156+0000] {taskinstance.py:2076} INFO - Dependencies all met for dep_context=non-requeueable deps ti=<TaskInstance: dados_climaticos_estruturados.criar_pasta scheduled__2024-05-31T05:05:00+00:00 [queued]>
[2024-06-05T01:04:15.175+0000] {taskinstance.py:2076} INFO - Dependencies all met for dep_context=requeueable deps ti=<TaskInstance: dados_climaticos_estruturados.criar_pasta scheduled__2024-05-31T05:05:00+00:00 [queued]>
[2024-06-05T01:04:15.175+0000] {taskinstance.py:2306} INFO - Starting attempt 1 of 1
[2024-06-05T01:04:15.204+0000] {taskinstance.py:2330} INFO - Executing <Task(PythonOperator): criar_pasta> on 2024-05-31 05:05:00+00:00
[2024-06-05T01:04:15.229+0000] {standard_task_runner.py:90} INFO - Running: ['***', 'tasks', 'run', 'dados_climaticos_estruturados', 'criar_pasta', 'scheduled__2024-05-31T05:05:00+00:00', '--job-id', '1724', '--raw', '--subdir', 'DAGS_FOLDER/weather/custom_dags/dados_climaticos_estruturados.py', '--cfg-path', '/tmp/tmprl6m8zi4']
[2024-06-05T01:04:15.225+0000] {warnings.py:110} WARNING - /home/***/.local/lib/python3.12/site-packages/***/task/task_runner/standard_task_runner.py:61: DeprecationWarning: This process (pid=4200) is multi-threaded, use of fork() may lead to deadlocks in the child.
  pid = os.fork()

[2024-06-05T01:04:15.231+0000] {standard_task_runner.py:91} INFO - Job 1724: Subtask criar_pasta
[2024-06-05T01:04:15.232+0000] {standard_task_runner.py:63} INFO - Started process 4220 to run task
[2024-06-05T01:04:15.333+0000] {task_command.py:426} INFO - Running <TaskInstance: dados_climaticos_estruturados.criar_pasta scheduled__2024-05-31T05:05:00+00:00 [running]> on host 6665b0710315
[2024-06-05T01:04:15.610+0000] {taskinstance.py:2648} INFO - Exporting env vars: AIRFLOW_CTX_DAG_OWNER='***' AIRFLOW_CTX_DAG_ID='dados_climaticos_estruturados' AIRFLOW_CTX_TASK_ID='criar_pasta' AIRFLOW_CTX_EXECUTION_DATE='2024-05-31T05:05:00+00:00' AIRFLOW_CTX_TRY_NUMBER='1' AIRFLOW_CTX_DAG_RUN_ID='scheduled__2024-05-31T05:05:00+00:00'
[2024-06-05T01:04:15.617+0000] {taskinstance.py:430} INFO - ::endgroup::
[2024-06-05T01:04:15.626+0000] {python.py:237} INFO - Done. Returned value was: None
[2024-06-05T01:04:15.627+0000] {taskinstance.py:441} INFO - ::group::Post task execution logs
[2024-06-05T01:04:15.675+0000] {taskinstance.py:1206} INFO - Marking task as SUCCESS. dag_id=dados_climaticos_estruturados, task_id=criar_pasta, run_id=scheduled__2024-05-31T05:05:00+00:00, execution_date=20240531T050500, start_date=20240605T010415, end_date=20240605T010415
[2024-06-05T01:04:15.759+0000] {local_task_job_runner.py:240} INFO - Task exited with return code 0
[2024-06-05T01:04:15.790+0000] {local_task_job_runner.py:222} INFO - ::endgroup::
[2024-06-05T01:43:32.096+0000] {local_task_job_runner.py:120} INFO - ::group::Pre task execution logs
[2024-06-05T01:43:32.139+0000] {taskinstance.py:2076} INFO - Dependencies all met for dep_context=non-requeueable deps ti=<TaskInstance: dados_climaticos_estruturados.criar_pasta scheduled__2024-05-31T05:05:00+00:00 [queued]>
[2024-06-05T01:43:32.158+0000] {taskinstance.py:2076} INFO - Dependencies all met for dep_context=requeueable deps ti=<TaskInstance: dados_climaticos_estruturados.criar_pasta scheduled__2024-05-31T05:05:00+00:00 [queued]>
[2024-06-05T01:43:32.160+0000] {taskinstance.py:2306} INFO - Starting attempt 1 of 1
[2024-06-05T01:43:32.187+0000] {taskinstance.py:2330} INFO - Executing <Task(PythonOperator): criar_pasta> on 2024-05-31 05:05:00+00:00
[2024-06-05T01:43:32.216+0000] {warnings.py:110} WARNING - /home/***/.local/lib/python3.12/site-packages/***/task/task_runner/standard_task_runner.py:61: DeprecationWarning: This process (pid=4164) is multi-threaded, use of fork() may lead to deadlocks in the child.
  pid = os.fork()

[2024-06-05T01:43:32.220+0000] {standard_task_runner.py:63} INFO - Started process 4195 to run task
[2024-06-05T01:43:32.219+0000] {standard_task_runner.py:90} INFO - Running: ['***', 'tasks', 'run', 'dados_climaticos_estruturados', 'criar_pasta', 'scheduled__2024-05-31T05:05:00+00:00', '--job-id', '1331', '--raw', '--subdir', 'DAGS_FOLDER/weather/custom_dags/dados_climaticos_estruturados.py', '--cfg-path', '/tmp/tmpy5984ln2']
[2024-06-05T01:43:32.233+0000] {standard_task_runner.py:91} INFO - Job 1331: Subtask criar_pasta
[2024-06-05T01:43:32.420+0000] {task_command.py:426} INFO - Running <TaskInstance: dados_climaticos_estruturados.criar_pasta scheduled__2024-05-31T05:05:00+00:00 [running]> on host 80232deae70a
[2024-06-05T01:43:32.730+0000] {taskinstance.py:2648} INFO - Exporting env vars: AIRFLOW_CTX_DAG_OWNER='***' AIRFLOW_CTX_DAG_ID='dados_climaticos_estruturados' AIRFLOW_CTX_TASK_ID='criar_pasta' AIRFLOW_CTX_EXECUTION_DATE='2024-05-31T05:05:00+00:00' AIRFLOW_CTX_TRY_NUMBER='1' AIRFLOW_CTX_DAG_RUN_ID='scheduled__2024-05-31T05:05:00+00:00'
[2024-06-05T01:43:32.739+0000] {taskinstance.py:430} INFO - ::endgroup::
[2024-06-05T01:43:32.770+0000] {python.py:237} INFO - Done. Returned value was: None
[2024-06-05T01:43:32.779+0000] {taskinstance.py:441} INFO - ::group::Post task execution logs
[2024-06-05T01:43:32.811+0000] {taskinstance.py:1206} INFO - Marking task as SUCCESS. dag_id=dados_climaticos_estruturados, task_id=criar_pasta, run_id=scheduled__2024-05-31T05:05:00+00:00, execution_date=20240531T050500, start_date=20240605T014332, end_date=20240605T014332
[2024-06-05T01:43:32.945+0000] {local_task_job_runner.py:240} INFO - Task exited with return code 0
[2024-06-05T01:43:32.981+0000] {local_task_job_runner.py:222} INFO - ::endgroup::
