[2024-06-05T00:55:15.567+0000] {local_task_job_runner.py:120} INFO - ::group::Pre task execution logs
[2024-06-05T00:55:15.610+0000] {taskinstance.py:2076} INFO - Dependencies all met for dep_context=non-requeueable deps ti=<TaskInstance: dados_climaticos_estruturados.criar_pasta scheduled__2024-05-29T08:05:00+00:00 [queued]>
[2024-06-05T00:55:15.630+0000] {taskinstance.py:2076} INFO - Dependencies all met for dep_context=requeueable deps ti=<TaskInstance: dados_climaticos_estruturados.criar_pasta scheduled__2024-05-29T08:05:00+00:00 [queued]>
[2024-06-05T00:55:15.631+0000] {taskinstance.py:2306} INFO - Starting attempt 1 of 1
[2024-06-05T00:55:15.662+0000] {taskinstance.py:2330} INFO - Executing <Task(PythonOperator): criar_pasta> on 2024-05-29 08:05:00+00:00
[2024-06-05T00:55:15.673+0000] {warnings.py:110} WARNING - /home/***/.local/lib/python3.12/site-packages/***/task/task_runner/standard_task_runner.py:61: DeprecationWarning: This process (pid=865) is multi-threaded, use of fork() may lead to deadlocks in the child.
  pid = os.fork()

[2024-06-05T00:55:15.675+0000] {standard_task_runner.py:63} INFO - Started process 880 to run task
[2024-06-05T00:55:15.676+0000] {standard_task_runner.py:90} INFO - Running: ['***', 'tasks', 'run', 'dados_climaticos_estruturados', 'criar_pasta', 'scheduled__2024-05-29T08:05:00+00:00', '--job-id', '645', '--raw', '--subdir', 'DAGS_FOLDER/weather/custom_dags/dados_climaticos_estruturados.py', '--cfg-path', '/tmp/tmpl9texy5w']
[2024-06-05T00:55:15.679+0000] {standard_task_runner.py:91} INFO - Job 645: Subtask criar_pasta
[2024-06-05T00:55:15.768+0000] {task_command.py:426} INFO - Running <TaskInstance: dados_climaticos_estruturados.criar_pasta scheduled__2024-05-29T08:05:00+00:00 [running]> on host 6665b0710315
[2024-06-05T00:55:15.941+0000] {taskinstance.py:2648} INFO - Exporting env vars: AIRFLOW_CTX_DAG_OWNER='***' AIRFLOW_CTX_DAG_ID='dados_climaticos_estruturados' AIRFLOW_CTX_TASK_ID='criar_pasta' AIRFLOW_CTX_EXECUTION_DATE='2024-05-29T08:05:00+00:00' AIRFLOW_CTX_TRY_NUMBER='1' AIRFLOW_CTX_DAG_RUN_ID='scheduled__2024-05-29T08:05:00+00:00'
[2024-06-05T00:55:15.943+0000] {taskinstance.py:430} INFO - ::endgroup::
[2024-06-05T00:55:15.945+0000] {python.py:237} INFO - Done. Returned value was: None
[2024-06-05T00:55:15.946+0000] {taskinstance.py:441} INFO - ::group::Post task execution logs
[2024-06-05T00:55:15.961+0000] {taskinstance.py:1206} INFO - Marking task as SUCCESS. dag_id=dados_climaticos_estruturados, task_id=criar_pasta, run_id=scheduled__2024-05-29T08:05:00+00:00, execution_date=20240529T080500, start_date=20240605T005515, end_date=20240605T005515
[2024-06-05T00:55:16.027+0000] {local_task_job_runner.py:240} INFO - Task exited with return code 0
[2024-06-05T00:55:16.055+0000] {taskinstance.py:3498} INFO - 0 downstream tasks scheduled from follow-on schedule check
[2024-06-05T00:55:16.060+0000] {local_task_job_runner.py:222} INFO - ::endgroup::
[2024-06-05T01:34:57.822+0000] {local_task_job_runner.py:120} INFO - ::group::Pre task execution logs
[2024-06-05T01:34:57.840+0000] {taskinstance.py:2076} INFO - Dependencies all met for dep_context=non-requeueable deps ti=<TaskInstance: dados_climaticos_estruturados.criar_pasta scheduled__2024-05-29T08:05:00+00:00 [queued]>
[2024-06-05T01:34:57.848+0000] {taskinstance.py:2076} INFO - Dependencies all met for dep_context=requeueable deps ti=<TaskInstance: dados_climaticos_estruturados.criar_pasta scheduled__2024-05-29T08:05:00+00:00 [queued]>
[2024-06-05T01:34:57.849+0000] {taskinstance.py:2306} INFO - Starting attempt 1 of 1
[2024-06-05T01:34:57.861+0000] {taskinstance.py:2330} INFO - Executing <Task(PythonOperator): criar_pasta> on 2024-05-29 08:05:00+00:00
[2024-06-05T01:34:57.867+0000] {warnings.py:110} WARNING - /home/***/.local/lib/python3.12/site-packages/***/task/task_runner/standard_task_runner.py:61: DeprecationWarning: This process (pid=852) is multi-threaded, use of fork() may lead to deadlocks in the child.
  pid = os.fork()

[2024-06-05T01:34:57.868+0000] {standard_task_runner.py:63} INFO - Started process 854 to run task
[2024-06-05T01:34:57.869+0000] {standard_task_runner.py:90} INFO - Running: ['***', 'tasks', 'run', 'dados_climaticos_estruturados', 'criar_pasta', 'scheduled__2024-05-29T08:05:00+00:00', '--job-id', '259', '--raw', '--subdir', 'DAGS_FOLDER/weather/custom_dags/dados_climaticos_estruturados.py', '--cfg-path', '/tmp/tmpxcd9lvzi']
[2024-06-05T01:34:57.870+0000] {standard_task_runner.py:91} INFO - Job 259: Subtask criar_pasta
[2024-06-05T01:34:57.915+0000] {task_command.py:426} INFO - Running <TaskInstance: dados_climaticos_estruturados.criar_pasta scheduled__2024-05-29T08:05:00+00:00 [running]> on host 80232deae70a
[2024-06-05T01:34:58.008+0000] {taskinstance.py:2648} INFO - Exporting env vars: AIRFLOW_CTX_DAG_OWNER='***' AIRFLOW_CTX_DAG_ID='dados_climaticos_estruturados' AIRFLOW_CTX_TASK_ID='criar_pasta' AIRFLOW_CTX_EXECUTION_DATE='2024-05-29T08:05:00+00:00' AIRFLOW_CTX_TRY_NUMBER='1' AIRFLOW_CTX_DAG_RUN_ID='scheduled__2024-05-29T08:05:00+00:00'
[2024-06-05T01:34:58.010+0000] {taskinstance.py:430} INFO - ::endgroup::
[2024-06-05T01:34:58.011+0000] {python.py:237} INFO - Done. Returned value was: None
[2024-06-05T01:34:58.012+0000] {taskinstance.py:441} INFO - ::group::Post task execution logs
[2024-06-05T01:34:58.022+0000] {taskinstance.py:1206} INFO - Marking task as SUCCESS. dag_id=dados_climaticos_estruturados, task_id=criar_pasta, run_id=scheduled__2024-05-29T08:05:00+00:00, execution_date=20240529T080500, start_date=20240605T013457, end_date=20240605T013458
[2024-06-05T01:34:58.049+0000] {local_task_job_runner.py:240} INFO - Task exited with return code 0
[2024-06-05T01:34:58.068+0000] {taskinstance.py:3498} INFO - 1 downstream tasks scheduled from follow-on schedule check
[2024-06-05T01:34:58.070+0000] {local_task_job_runner.py:222} INFO - ::endgroup::
