[2024-06-05T01:02:49.164+0000] {local_task_job_runner.py:120} INFO - ::group::Pre task execution logs
[2024-06-05T01:02:49.245+0000] {taskinstance.py:2076} INFO - Dependencies all met for dep_context=non-requeueable deps ti=<TaskInstance: dados_climaticos_estruturados.criar_pasta scheduled__2024-05-30T22:35:00+00:00 [queued]>
[2024-06-05T01:02:49.270+0000] {taskinstance.py:2076} INFO - Dependencies all met for dep_context=requeueable deps ti=<TaskInstance: dados_climaticos_estruturados.criar_pasta scheduled__2024-05-30T22:35:00+00:00 [queued]>
[2024-06-05T01:02:49.274+0000] {taskinstance.py:2306} INFO - Starting attempt 1 of 1
[2024-06-05T01:02:49.326+0000] {taskinstance.py:2330} INFO - Executing <Task(PythonOperator): criar_pasta> on 2024-05-30 22:35:00+00:00
[2024-06-05T01:02:49.352+0000] {warnings.py:110} WARNING - /home/***/.local/lib/python3.12/site-packages/***/task/task_runner/standard_task_runner.py:61: DeprecationWarning: This process (pid=3707) is multi-threaded, use of fork() may lead to deadlocks in the child.
  pid = os.fork()

[2024-06-05T01:02:49.356+0000] {standard_task_runner.py:90} INFO - Running: ['***', 'tasks', 'run', 'dados_climaticos_estruturados', 'criar_pasta', 'scheduled__2024-05-30T22:35:00+00:00', '--job-id', '1566', '--raw', '--subdir', 'DAGS_FOLDER/weather/custom_dags/dados_climaticos_estruturados.py', '--cfg-path', '/tmp/tmpnuw7lhtb']
[2024-06-05T01:02:49.361+0000] {standard_task_runner.py:63} INFO - Started process 3734 to run task
[2024-06-05T01:02:49.361+0000] {standard_task_runner.py:91} INFO - Job 1566: Subtask criar_pasta
[2024-06-05T01:02:49.527+0000] {task_command.py:426} INFO - Running <TaskInstance: dados_climaticos_estruturados.criar_pasta scheduled__2024-05-30T22:35:00+00:00 [running]> on host 6665b0710315
[2024-06-05T01:02:49.826+0000] {taskinstance.py:2648} INFO - Exporting env vars: AIRFLOW_CTX_DAG_OWNER='***' AIRFLOW_CTX_DAG_ID='dados_climaticos_estruturados' AIRFLOW_CTX_TASK_ID='criar_pasta' AIRFLOW_CTX_EXECUTION_DATE='2024-05-30T22:35:00+00:00' AIRFLOW_CTX_TRY_NUMBER='1' AIRFLOW_CTX_DAG_RUN_ID='scheduled__2024-05-30T22:35:00+00:00'
[2024-06-05T01:02:49.828+0000] {taskinstance.py:430} INFO - ::endgroup::
[2024-06-05T01:02:49.830+0000] {python.py:237} INFO - Done. Returned value was: None
[2024-06-05T01:02:49.832+0000] {taskinstance.py:441} INFO - ::group::Post task execution logs
[2024-06-05T01:02:49.860+0000] {taskinstance.py:1206} INFO - Marking task as SUCCESS. dag_id=dados_climaticos_estruturados, task_id=criar_pasta, run_id=scheduled__2024-05-30T22:35:00+00:00, execution_date=20240530T223500, start_date=20240605T010249, end_date=20240605T010249
[2024-06-05T01:02:49.946+0000] {local_task_job_runner.py:240} INFO - Task exited with return code 0
[2024-06-05T01:02:49.974+0000] {local_task_job_runner.py:222} INFO - ::endgroup::
[2024-06-05T01:42:20.388+0000] {local_task_job_runner.py:120} INFO - ::group::Pre task execution logs
[2024-06-05T01:42:20.461+0000] {taskinstance.py:2076} INFO - Dependencies all met for dep_context=non-requeueable deps ti=<TaskInstance: dados_climaticos_estruturados.criar_pasta scheduled__2024-05-30T22:35:00+00:00 [queued]>
[2024-06-05T01:42:20.500+0000] {taskinstance.py:2076} INFO - Dependencies all met for dep_context=requeueable deps ti=<TaskInstance: dados_climaticos_estruturados.criar_pasta scheduled__2024-05-30T22:35:00+00:00 [queued]>
[2024-06-05T01:42:20.501+0000] {taskinstance.py:2306} INFO - Starting attempt 1 of 1
[2024-06-05T01:42:20.551+0000] {taskinstance.py:2330} INFO - Executing <Task(PythonOperator): criar_pasta> on 2024-05-30 22:35:00+00:00
[2024-06-05T01:42:20.575+0000] {warnings.py:110} WARNING - /home/***/.local/lib/python3.12/site-packages/***/task/task_runner/standard_task_runner.py:61: DeprecationWarning: This process (pid=3686) is multi-threaded, use of fork() may lead to deadlocks in the child.
  pid = os.fork()

[2024-06-05T01:42:20.584+0000] {standard_task_runner.py:63} INFO - Started process 3720 to run task
[2024-06-05T01:42:20.579+0000] {standard_task_runner.py:90} INFO - Running: ['***', 'tasks', 'run', 'dados_climaticos_estruturados', 'criar_pasta', 'scheduled__2024-05-30T22:35:00+00:00', '--job-id', '1178', '--raw', '--subdir', 'DAGS_FOLDER/weather/custom_dags/dados_climaticos_estruturados.py', '--cfg-path', '/tmp/tmpuzyykgl8']
[2024-06-05T01:42:20.588+0000] {standard_task_runner.py:91} INFO - Job 1178: Subtask criar_pasta
[2024-06-05T01:42:20.734+0000] {task_command.py:426} INFO - Running <TaskInstance: dados_climaticos_estruturados.criar_pasta scheduled__2024-05-30T22:35:00+00:00 [running]> on host 80232deae70a
[2024-06-05T01:42:21.026+0000] {taskinstance.py:2648} INFO - Exporting env vars: AIRFLOW_CTX_DAG_OWNER='***' AIRFLOW_CTX_DAG_ID='dados_climaticos_estruturados' AIRFLOW_CTX_TASK_ID='criar_pasta' AIRFLOW_CTX_EXECUTION_DATE='2024-05-30T22:35:00+00:00' AIRFLOW_CTX_TRY_NUMBER='1' AIRFLOW_CTX_DAG_RUN_ID='scheduled__2024-05-30T22:35:00+00:00'
[2024-06-05T01:42:21.032+0000] {taskinstance.py:430} INFO - ::endgroup::
[2024-06-05T01:42:21.040+0000] {python.py:237} INFO - Done. Returned value was: None
[2024-06-05T01:42:21.041+0000] {taskinstance.py:441} INFO - ::group::Post task execution logs
[2024-06-05T01:42:21.067+0000] {taskinstance.py:1206} INFO - Marking task as SUCCESS. dag_id=dados_climaticos_estruturados, task_id=criar_pasta, run_id=scheduled__2024-05-30T22:35:00+00:00, execution_date=20240530T223500, start_date=20240605T014220, end_date=20240605T014221
[2024-06-05T01:42:21.261+0000] {local_task_job_runner.py:240} INFO - Task exited with return code 0
[2024-06-05T01:42:21.315+0000] {taskinstance.py:3498} INFO - 1 downstream tasks scheduled from follow-on schedule check
[2024-06-05T01:42:21.321+0000] {local_task_job_runner.py:222} INFO - ::endgroup::
