[2024-06-05T00:56:20.018+0000] {local_task_job_runner.py:120} INFO - ::group::Pre task execution logs
[2024-06-05T00:56:20.056+0000] {taskinstance.py:2076} INFO - Dependencies all met for dep_context=non-requeueable deps ti=<TaskInstance: dados_climaticos_estruturados.criar_pasta scheduled__2024-05-29T14:10:00+00:00 [queued]>
[2024-06-05T00:56:20.071+0000] {taskinstance.py:2076} INFO - Dependencies all met for dep_context=requeueable deps ti=<TaskInstance: dados_climaticos_estruturados.criar_pasta scheduled__2024-05-29T14:10:00+00:00 [queued]>
[2024-06-05T00:56:20.072+0000] {taskinstance.py:2306} INFO - Starting attempt 1 of 1
[2024-06-05T00:56:20.098+0000] {taskinstance.py:2330} INFO - Executing <Task(PythonOperator): criar_pasta> on 2024-05-29 14:10:00+00:00
[2024-06-05T00:56:20.110+0000] {warnings.py:110} WARNING - /home/***/.local/lib/python3.12/site-packages/***/task/task_runner/standard_task_runner.py:61: DeprecationWarning: This process (pid=1307) is multi-threaded, use of fork() may lead to deadlocks in the child.
  pid = os.fork()

[2024-06-05T00:56:20.114+0000] {standard_task_runner.py:63} INFO - Started process 1325 to run task
[2024-06-05T00:56:20.115+0000] {standard_task_runner.py:90} INFO - Running: ['***', 'tasks', 'run', 'dados_climaticos_estruturados', 'criar_pasta', 'scheduled__2024-05-29T14:10:00+00:00', '--job-id', '790', '--raw', '--subdir', 'DAGS_FOLDER/weather/custom_dags/dados_climaticos_estruturados.py', '--cfg-path', '/tmp/tmp__5hvz30']
[2024-06-05T00:56:20.116+0000] {standard_task_runner.py:91} INFO - Job 790: Subtask criar_pasta
[2024-06-05T00:56:20.187+0000] {task_command.py:426} INFO - Running <TaskInstance: dados_climaticos_estruturados.criar_pasta scheduled__2024-05-29T14:10:00+00:00 [running]> on host 6665b0710315
[2024-06-05T00:56:20.331+0000] {taskinstance.py:2648} INFO - Exporting env vars: AIRFLOW_CTX_DAG_OWNER='***' AIRFLOW_CTX_DAG_ID='dados_climaticos_estruturados' AIRFLOW_CTX_TASK_ID='criar_pasta' AIRFLOW_CTX_EXECUTION_DATE='2024-05-29T14:10:00+00:00' AIRFLOW_CTX_TRY_NUMBER='1' AIRFLOW_CTX_DAG_RUN_ID='scheduled__2024-05-29T14:10:00+00:00'
[2024-06-05T00:56:20.334+0000] {taskinstance.py:430} INFO - ::endgroup::
[2024-06-05T00:56:20.336+0000] {python.py:237} INFO - Done. Returned value was: None
[2024-06-05T00:56:20.336+0000] {taskinstance.py:441} INFO - ::group::Post task execution logs
[2024-06-05T00:56:20.351+0000] {taskinstance.py:1206} INFO - Marking task as SUCCESS. dag_id=dados_climaticos_estruturados, task_id=criar_pasta, run_id=scheduled__2024-05-29T14:10:00+00:00, execution_date=20240529T141000, start_date=20240605T005620, end_date=20240605T005620
[2024-06-05T00:56:20.383+0000] {local_task_job_runner.py:240} INFO - Task exited with return code 0
[2024-06-05T00:56:20.427+0000] {taskinstance.py:3498} INFO - 1 downstream tasks scheduled from follow-on schedule check
[2024-06-05T00:56:20.430+0000] {local_task_job_runner.py:222} INFO - ::endgroup::
[2024-06-05T01:36:12.653+0000] {local_task_job_runner.py:120} INFO - ::group::Pre task execution logs
[2024-06-05T01:36:12.784+0000] {taskinstance.py:2076} INFO - Dependencies all met for dep_context=non-requeueable deps ti=<TaskInstance: dados_climaticos_estruturados.criar_pasta scheduled__2024-05-29T14:10:00+00:00 [queued]>
[2024-06-05T01:36:12.841+0000] {taskinstance.py:2076} INFO - Dependencies all met for dep_context=requeueable deps ti=<TaskInstance: dados_climaticos_estruturados.criar_pasta scheduled__2024-05-29T14:10:00+00:00 [queued]>
[2024-06-05T01:36:12.843+0000] {taskinstance.py:2306} INFO - Starting attempt 1 of 1
[2024-06-05T01:36:12.945+0000] {taskinstance.py:2330} INFO - Executing <Task(PythonOperator): criar_pasta> on 2024-05-29 14:10:00+00:00
[2024-06-05T01:36:12.969+0000] {warnings.py:110} WARNING - /home/***/.local/lib/python3.12/site-packages/***/task/task_runner/standard_task_runner.py:61: DeprecationWarning: This process (pid=1278) is multi-threaded, use of fork() may lead to deadlocks in the child.
  pid = os.fork()

[2024-06-05T01:36:12.972+0000] {standard_task_runner.py:63} INFO - Started process 1302 to run task
[2024-06-05T01:36:12.980+0000] {standard_task_runner.py:90} INFO - Running: ['***', 'tasks', 'run', 'dados_climaticos_estruturados', 'criar_pasta', 'scheduled__2024-05-29T14:10:00+00:00', '--job-id', '398', '--raw', '--subdir', 'DAGS_FOLDER/weather/custom_dags/dados_climaticos_estruturados.py', '--cfg-path', '/tmp/tmpdkzar42k']
[2024-06-05T01:36:12.986+0000] {standard_task_runner.py:91} INFO - Job 398: Subtask criar_pasta
[2024-06-05T01:36:13.184+0000] {task_command.py:426} INFO - Running <TaskInstance: dados_climaticos_estruturados.criar_pasta scheduled__2024-05-29T14:10:00+00:00 [running]> on host 80232deae70a
[2024-06-05T01:36:13.547+0000] {taskinstance.py:2648} INFO - Exporting env vars: AIRFLOW_CTX_DAG_OWNER='***' AIRFLOW_CTX_DAG_ID='dados_climaticos_estruturados' AIRFLOW_CTX_TASK_ID='criar_pasta' AIRFLOW_CTX_EXECUTION_DATE='2024-05-29T14:10:00+00:00' AIRFLOW_CTX_TRY_NUMBER='1' AIRFLOW_CTX_DAG_RUN_ID='scheduled__2024-05-29T14:10:00+00:00'
[2024-06-05T01:36:13.551+0000] {taskinstance.py:430} INFO - ::endgroup::
[2024-06-05T01:36:13.561+0000] {python.py:237} INFO - Done. Returned value was: None
[2024-06-05T01:36:13.563+0000] {taskinstance.py:441} INFO - ::group::Post task execution logs
[2024-06-05T01:36:13.591+0000] {taskinstance.py:1206} INFO - Marking task as SUCCESS. dag_id=dados_climaticos_estruturados, task_id=criar_pasta, run_id=scheduled__2024-05-29T14:10:00+00:00, execution_date=20240529T141000, start_date=20240605T013612, end_date=20240605T013613
[2024-06-05T01:36:13.642+0000] {local_task_job_runner.py:240} INFO - Task exited with return code 0
[2024-06-05T01:36:13.701+0000] {taskinstance.py:3498} INFO - 1 downstream tasks scheduled from follow-on schedule check
[2024-06-05T01:36:13.714+0000] {local_task_job_runner.py:222} INFO - ::endgroup::
