[2024-06-05T01:01:55.896+0000] {local_task_job_runner.py:120} INFO - ::group::Pre task execution logs
[2024-06-05T01:01:55.975+0000] {taskinstance.py:2076} INFO - Dependencies all met for dep_context=non-requeueable deps ti=<TaskInstance: dados_climaticos_estruturados.criar_pasta scheduled__2024-05-30T18:10:00+00:00 [queued]>
[2024-06-05T01:01:56.012+0000] {taskinstance.py:2076} INFO - Dependencies all met for dep_context=requeueable deps ti=<TaskInstance: dados_climaticos_estruturados.criar_pasta scheduled__2024-05-30T18:10:00+00:00 [queued]>
[2024-06-05T01:01:56.018+0000] {taskinstance.py:2306} INFO - Starting attempt 1 of 1
[2024-06-05T01:01:56.082+0000] {taskinstance.py:2330} INFO - Executing <Task(PythonOperator): criar_pasta> on 2024-05-30 18:10:00+00:00
[2024-06-05T01:01:56.101+0000] {warnings.py:110} WARNING - /home/***/.local/lib/python3.12/site-packages/***/task/task_runner/standard_task_runner.py:61: DeprecationWarning: This process (pid=3389) is multi-threaded, use of fork() may lead to deadlocks in the child.
  pid = os.fork()

[2024-06-05T01:01:56.103+0000] {standard_task_runner.py:63} INFO - Started process 3413 to run task
[2024-06-05T01:01:56.110+0000] {standard_task_runner.py:90} INFO - Running: ['***', 'tasks', 'run', 'dados_climaticos_estruturados', 'criar_pasta', 'scheduled__2024-05-30T18:10:00+00:00', '--job-id', '1462', '--raw', '--subdir', 'DAGS_FOLDER/weather/custom_dags/dados_climaticos_estruturados.py', '--cfg-path', '/tmp/tmp8_kzeyf3']
[2024-06-05T01:01:56.112+0000] {standard_task_runner.py:91} INFO - Job 1462: Subtask criar_pasta
[2024-06-05T01:01:56.226+0000] {task_command.py:426} INFO - Running <TaskInstance: dados_climaticos_estruturados.criar_pasta scheduled__2024-05-30T18:10:00+00:00 [running]> on host 6665b0710315
[2024-06-05T01:01:56.520+0000] {taskinstance.py:2648} INFO - Exporting env vars: AIRFLOW_CTX_DAG_OWNER='***' AIRFLOW_CTX_DAG_ID='dados_climaticos_estruturados' AIRFLOW_CTX_TASK_ID='criar_pasta' AIRFLOW_CTX_EXECUTION_DATE='2024-05-30T18:10:00+00:00' AIRFLOW_CTX_TRY_NUMBER='1' AIRFLOW_CTX_DAG_RUN_ID='scheduled__2024-05-30T18:10:00+00:00'
[2024-06-05T01:01:56.523+0000] {taskinstance.py:430} INFO - ::endgroup::
[2024-06-05T01:01:56.530+0000] {python.py:237} INFO - Done. Returned value was: None
[2024-06-05T01:01:56.531+0000] {taskinstance.py:441} INFO - ::group::Post task execution logs
[2024-06-05T01:01:56.546+0000] {taskinstance.py:1206} INFO - Marking task as SUCCESS. dag_id=dados_climaticos_estruturados, task_id=criar_pasta, run_id=scheduled__2024-05-30T18:10:00+00:00, execution_date=20240530T181000, start_date=20240605T010155, end_date=20240605T010156
[2024-06-05T01:01:56.616+0000] {local_task_job_runner.py:240} INFO - Task exited with return code 0
[2024-06-05T01:01:56.631+0000] {local_task_job_runner.py:222} INFO - ::endgroup::
[2024-06-05T01:41:34.417+0000] {local_task_job_runner.py:120} INFO - ::group::Pre task execution logs
[2024-06-05T01:41:34.482+0000] {taskinstance.py:2076} INFO - Dependencies all met for dep_context=non-requeueable deps ti=<TaskInstance: dados_climaticos_estruturados.criar_pasta scheduled__2024-05-30T18:10:00+00:00 [queued]>
[2024-06-05T01:41:34.503+0000] {taskinstance.py:2076} INFO - Dependencies all met for dep_context=requeueable deps ti=<TaskInstance: dados_climaticos_estruturados.criar_pasta scheduled__2024-05-30T18:10:00+00:00 [queued]>
[2024-06-05T01:41:34.508+0000] {taskinstance.py:2306} INFO - Starting attempt 1 of 1
[2024-06-05T01:41:34.547+0000] {taskinstance.py:2330} INFO - Executing <Task(PythonOperator): criar_pasta> on 2024-05-30 18:10:00+00:00
[2024-06-05T01:41:34.560+0000] {warnings.py:110} WARNING - /home/***/.local/lib/python3.12/site-packages/***/task/task_runner/standard_task_runner.py:61: DeprecationWarning: This process (pid=3360) is multi-threaded, use of fork() may lead to deadlocks in the child.
  pid = os.fork()

[2024-06-05T01:41:34.568+0000] {standard_task_runner.py:90} INFO - Running: ['***', 'tasks', 'run', 'dados_climaticos_estruturados', 'criar_pasta', 'scheduled__2024-05-30T18:10:00+00:00', '--job-id', '1071', '--raw', '--subdir', 'DAGS_FOLDER/weather/custom_dags/dados_climaticos_estruturados.py', '--cfg-path', '/tmp/tmpwf02u_x3']
[2024-06-05T01:41:34.569+0000] {standard_task_runner.py:63} INFO - Started process 3389 to run task
[2024-06-05T01:41:34.570+0000] {standard_task_runner.py:91} INFO - Job 1071: Subtask criar_pasta
[2024-06-05T01:41:34.687+0000] {task_command.py:426} INFO - Running <TaskInstance: dados_climaticos_estruturados.criar_pasta scheduled__2024-05-30T18:10:00+00:00 [running]> on host 80232deae70a
[2024-06-05T01:41:34.961+0000] {taskinstance.py:2648} INFO - Exporting env vars: AIRFLOW_CTX_DAG_OWNER='***' AIRFLOW_CTX_DAG_ID='dados_climaticos_estruturados' AIRFLOW_CTX_TASK_ID='criar_pasta' AIRFLOW_CTX_EXECUTION_DATE='2024-05-30T18:10:00+00:00' AIRFLOW_CTX_TRY_NUMBER='1' AIRFLOW_CTX_DAG_RUN_ID='scheduled__2024-05-30T18:10:00+00:00'
[2024-06-05T01:41:34.972+0000] {taskinstance.py:430} INFO - ::endgroup::
[2024-06-05T01:41:34.978+0000] {python.py:237} INFO - Done. Returned value was: None
[2024-06-05T01:41:34.985+0000] {taskinstance.py:441} INFO - ::group::Post task execution logs
[2024-06-05T01:41:35.030+0000] {taskinstance.py:1206} INFO - Marking task as SUCCESS. dag_id=dados_climaticos_estruturados, task_id=criar_pasta, run_id=scheduled__2024-05-30T18:10:00+00:00, execution_date=20240530T181000, start_date=20240605T014134, end_date=20240605T014135
[2024-06-05T01:41:35.130+0000] {local_task_job_runner.py:240} INFO - Task exited with return code 0
[2024-06-05T01:41:35.196+0000] {taskinstance.py:3498} INFO - 1 downstream tasks scheduled from follow-on schedule check
[2024-06-05T01:41:35.211+0000] {local_task_job_runner.py:222} INFO - ::endgroup::
