[2024-06-05T01:03:21.592+0000] {local_task_job_runner.py:120} INFO - ::group::Pre task execution logs
[2024-06-05T01:03:21.657+0000] {taskinstance.py:2076} INFO - Dependencies all met for dep_context=non-requeueable deps ti=<TaskInstance: dados_climaticos_estruturados.criar_pasta scheduled__2024-05-31T01:25:00+00:00 [queued]>
[2024-06-05T01:03:21.693+0000] {taskinstance.py:2076} INFO - Dependencies all met for dep_context=requeueable deps ti=<TaskInstance: dados_climaticos_estruturados.criar_pasta scheduled__2024-05-31T01:25:00+00:00 [queued]>
[2024-06-05T01:03:21.695+0000] {taskinstance.py:2306} INFO - Starting attempt 1 of 1
[2024-06-05T01:03:21.748+0000] {taskinstance.py:2330} INFO - Executing <Task(PythonOperator): criar_pasta> on 2024-05-31 01:25:00+00:00
[2024-06-05T01:03:21.776+0000] {warnings.py:110} WARNING - /home/***/.local/lib/python3.12/site-packages/***/task/task_runner/standard_task_runner.py:61: DeprecationWarning: This process (pid=3911) is multi-threaded, use of fork() may lead to deadlocks in the child.
  pid = os.fork()

[2024-06-05T01:03:21.787+0000] {standard_task_runner.py:63} INFO - Started process 3947 to run task
[2024-06-05T01:03:21.782+0000] {standard_task_runner.py:90} INFO - Running: ['***', 'tasks', 'run', 'dados_climaticos_estruturados', 'criar_pasta', 'scheduled__2024-05-31T01:25:00+00:00', '--job-id', '1632', '--raw', '--subdir', 'DAGS_FOLDER/weather/custom_dags/dados_climaticos_estruturados.py', '--cfg-path', '/tmp/tmpj8w889if']
[2024-06-05T01:03:21.791+0000] {standard_task_runner.py:91} INFO - Job 1632: Subtask criar_pasta
[2024-06-05T01:03:21.952+0000] {task_command.py:426} INFO - Running <TaskInstance: dados_climaticos_estruturados.criar_pasta scheduled__2024-05-31T01:25:00+00:00 [running]> on host 6665b0710315
[2024-06-05T01:03:22.294+0000] {taskinstance.py:2648} INFO - Exporting env vars: AIRFLOW_CTX_DAG_OWNER='***' AIRFLOW_CTX_DAG_ID='dados_climaticos_estruturados' AIRFLOW_CTX_TASK_ID='criar_pasta' AIRFLOW_CTX_EXECUTION_DATE='2024-05-31T01:25:00+00:00' AIRFLOW_CTX_TRY_NUMBER='1' AIRFLOW_CTX_DAG_RUN_ID='scheduled__2024-05-31T01:25:00+00:00'
[2024-06-05T01:03:22.296+0000] {taskinstance.py:430} INFO - ::endgroup::
[2024-06-05T01:03:22.306+0000] {python.py:237} INFO - Done. Returned value was: None
[2024-06-05T01:03:22.307+0000] {taskinstance.py:441} INFO - ::group::Post task execution logs
[2024-06-05T01:03:22.330+0000] {taskinstance.py:1206} INFO - Marking task as SUCCESS. dag_id=dados_climaticos_estruturados, task_id=criar_pasta, run_id=scheduled__2024-05-31T01:25:00+00:00, execution_date=20240531T012500, start_date=20240605T010321, end_date=20240605T010322
[2024-06-05T01:03:22.388+0000] {local_task_job_runner.py:240} INFO - Task exited with return code 0
[2024-06-05T01:03:22.429+0000] {taskinstance.py:3498} INFO - 1 downstream tasks scheduled from follow-on schedule check
[2024-06-05T01:03:22.432+0000] {local_task_job_runner.py:222} INFO - ::endgroup::
[2024-06-05T01:42:49.985+0000] {local_task_job_runner.py:120} INFO - ::group::Pre task execution logs
[2024-06-05T01:42:50.031+0000] {taskinstance.py:2076} INFO - Dependencies all met for dep_context=non-requeueable deps ti=<TaskInstance: dados_climaticos_estruturados.criar_pasta scheduled__2024-05-31T01:25:00+00:00 [queued]>
[2024-06-05T01:42:50.050+0000] {taskinstance.py:2076} INFO - Dependencies all met for dep_context=requeueable deps ti=<TaskInstance: dados_climaticos_estruturados.criar_pasta scheduled__2024-05-31T01:25:00+00:00 [queued]>
[2024-06-05T01:42:50.053+0000] {taskinstance.py:2306} INFO - Starting attempt 1 of 1
[2024-06-05T01:42:50.084+0000] {taskinstance.py:2330} INFO - Executing <Task(PythonOperator): criar_pasta> on 2024-05-31 01:25:00+00:00
[2024-06-05T01:42:50.096+0000] {warnings.py:110} WARNING - /home/***/.local/lib/python3.12/site-packages/***/task/task_runner/standard_task_runner.py:61: DeprecationWarning: This process (pid=3896) is multi-threaded, use of fork() may lead to deadlocks in the child.
  pid = os.fork()

[2024-06-05T01:42:50.099+0000] {standard_task_runner.py:63} INFO - Started process 3921 to run task
[2024-06-05T01:42:50.100+0000] {standard_task_runner.py:90} INFO - Running: ['***', 'tasks', 'run', 'dados_climaticos_estruturados', 'criar_pasta', 'scheduled__2024-05-31T01:25:00+00:00', '--job-id', '1246', '--raw', '--subdir', 'DAGS_FOLDER/weather/custom_dags/dados_climaticos_estruturados.py', '--cfg-path', '/tmp/tmpvzxlc0az']
[2024-06-05T01:42:50.105+0000] {standard_task_runner.py:91} INFO - Job 1246: Subtask criar_pasta
[2024-06-05T01:42:50.189+0000] {task_command.py:426} INFO - Running <TaskInstance: dados_climaticos_estruturados.criar_pasta scheduled__2024-05-31T01:25:00+00:00 [running]> on host 80232deae70a
[2024-06-05T01:42:50.360+0000] {taskinstance.py:2648} INFO - Exporting env vars: AIRFLOW_CTX_DAG_OWNER='***' AIRFLOW_CTX_DAG_ID='dados_climaticos_estruturados' AIRFLOW_CTX_TASK_ID='criar_pasta' AIRFLOW_CTX_EXECUTION_DATE='2024-05-31T01:25:00+00:00' AIRFLOW_CTX_TRY_NUMBER='1' AIRFLOW_CTX_DAG_RUN_ID='scheduled__2024-05-31T01:25:00+00:00'
[2024-06-05T01:42:50.365+0000] {taskinstance.py:430} INFO - ::endgroup::
[2024-06-05T01:42:50.367+0000] {python.py:237} INFO - Done. Returned value was: None
[2024-06-05T01:42:50.368+0000] {taskinstance.py:441} INFO - ::group::Post task execution logs
[2024-06-05T01:42:50.383+0000] {taskinstance.py:1206} INFO - Marking task as SUCCESS. dag_id=dados_climaticos_estruturados, task_id=criar_pasta, run_id=scheduled__2024-05-31T01:25:00+00:00, execution_date=20240531T012500, start_date=20240605T014250, end_date=20240605T014250
[2024-06-05T01:42:50.410+0000] {local_task_job_runner.py:240} INFO - Task exited with return code 0
[2024-06-05T01:42:50.423+0000] {local_task_job_runner.py:222} INFO - ::endgroup::
