[2024-06-05T01:02:51.959+0000] {local_task_job_runner.py:120} INFO - ::group::Pre task execution logs
[2024-06-05T01:02:51.997+0000] {taskinstance.py:2076} INFO - Dependencies all met for dep_context=non-requeueable deps ti=<TaskInstance: dados_climaticos_estruturados.criar_pasta scheduled__2024-05-30T22:55:00+00:00 [queued]>
[2024-06-05T01:02:52.008+0000] {taskinstance.py:2076} INFO - Dependencies all met for dep_context=requeueable deps ti=<TaskInstance: dados_climaticos_estruturados.criar_pasta scheduled__2024-05-30T22:55:00+00:00 [queued]>
[2024-06-05T01:02:52.009+0000] {taskinstance.py:2306} INFO - Starting attempt 1 of 1
[2024-06-05T01:02:52.027+0000] {taskinstance.py:2330} INFO - Executing <Task(PythonOperator): criar_pasta> on 2024-05-30 22:55:00+00:00
[2024-06-05T01:02:52.036+0000] {warnings.py:110} WARNING - /home/***/.local/lib/python3.12/site-packages/***/task/task_runner/standard_task_runner.py:61: DeprecationWarning: This process (pid=3735) is multi-threaded, use of fork() may lead to deadlocks in the child.
  pid = os.fork()

[2024-06-05T01:02:52.038+0000] {standard_task_runner.py:63} INFO - Started process 3755 to run task
[2024-06-05T01:02:52.038+0000] {standard_task_runner.py:90} INFO - Running: ['***', 'tasks', 'run', 'dados_climaticos_estruturados', 'criar_pasta', 'scheduled__2024-05-30T22:55:00+00:00', '--job-id', '1575', '--raw', '--subdir', 'DAGS_FOLDER/weather/custom_dags/dados_climaticos_estruturados.py', '--cfg-path', '/tmp/tmpgi_2fx1w']
[2024-06-05T01:02:52.040+0000] {standard_task_runner.py:91} INFO - Job 1575: Subtask criar_pasta
[2024-06-05T01:02:52.106+0000] {task_command.py:426} INFO - Running <TaskInstance: dados_climaticos_estruturados.criar_pasta scheduled__2024-05-30T22:55:00+00:00 [running]> on host 6665b0710315
[2024-06-05T01:02:52.218+0000] {taskinstance.py:2648} INFO - Exporting env vars: AIRFLOW_CTX_DAG_OWNER='***' AIRFLOW_CTX_DAG_ID='dados_climaticos_estruturados' AIRFLOW_CTX_TASK_ID='criar_pasta' AIRFLOW_CTX_EXECUTION_DATE='2024-05-30T22:55:00+00:00' AIRFLOW_CTX_TRY_NUMBER='1' AIRFLOW_CTX_DAG_RUN_ID='scheduled__2024-05-30T22:55:00+00:00'
[2024-06-05T01:02:52.220+0000] {taskinstance.py:430} INFO - ::endgroup::
[2024-06-05T01:02:52.221+0000] {python.py:237} INFO - Done. Returned value was: None
[2024-06-05T01:02:52.222+0000] {taskinstance.py:441} INFO - ::group::Post task execution logs
[2024-06-05T01:02:52.233+0000] {taskinstance.py:1206} INFO - Marking task as SUCCESS. dag_id=dados_climaticos_estruturados, task_id=criar_pasta, run_id=scheduled__2024-05-30T22:55:00+00:00, execution_date=20240530T225500, start_date=20240605T010251, end_date=20240605T010252
[2024-06-05T01:02:52.260+0000] {local_task_job_runner.py:240} INFO - Task exited with return code 0
[2024-06-05T01:02:52.295+0000] {taskinstance.py:3498} INFO - 1 downstream tasks scheduled from follow-on schedule check
[2024-06-05T01:02:52.297+0000] {local_task_job_runner.py:222} INFO - ::endgroup::
[2024-06-05T01:42:29.609+0000] {local_task_job_runner.py:120} INFO - ::group::Pre task execution logs
[2024-06-05T01:42:29.644+0000] {taskinstance.py:2076} INFO - Dependencies all met for dep_context=non-requeueable deps ti=<TaskInstance: dados_climaticos_estruturados.criar_pasta scheduled__2024-05-30T22:55:00+00:00 [queued]>
[2024-06-05T01:42:29.658+0000] {taskinstance.py:2076} INFO - Dependencies all met for dep_context=requeueable deps ti=<TaskInstance: dados_climaticos_estruturados.criar_pasta scheduled__2024-05-30T22:55:00+00:00 [queued]>
[2024-06-05T01:42:29.659+0000] {taskinstance.py:2306} INFO - Starting attempt 1 of 1
[2024-06-05T01:42:29.686+0000] {taskinstance.py:2330} INFO - Executing <Task(PythonOperator): criar_pasta> on 2024-05-30 22:55:00+00:00
[2024-06-05T01:42:29.700+0000] {warnings.py:110} WARNING - /home/***/.local/lib/python3.12/site-packages/***/task/task_runner/standard_task_runner.py:61: DeprecationWarning: This process (pid=3745) is multi-threaded, use of fork() may lead to deadlocks in the child.
  pid = os.fork()

[2024-06-05T01:42:29.702+0000] {standard_task_runner.py:63} INFO - Started process 3761 to run task
[2024-06-05T01:42:29.703+0000] {standard_task_runner.py:90} INFO - Running: ['***', 'tasks', 'run', 'dados_climaticos_estruturados', 'criar_pasta', 'scheduled__2024-05-30T22:55:00+00:00', '--job-id', '1191', '--raw', '--subdir', 'DAGS_FOLDER/weather/custom_dags/dados_climaticos_estruturados.py', '--cfg-path', '/tmp/tmpnf1bib5y']
[2024-06-05T01:42:29.706+0000] {standard_task_runner.py:91} INFO - Job 1191: Subtask criar_pasta
[2024-06-05T01:42:29.781+0000] {task_command.py:426} INFO - Running <TaskInstance: dados_climaticos_estruturados.criar_pasta scheduled__2024-05-30T22:55:00+00:00 [running]> on host 80232deae70a
[2024-06-05T01:42:29.962+0000] {taskinstance.py:2648} INFO - Exporting env vars: AIRFLOW_CTX_DAG_OWNER='***' AIRFLOW_CTX_DAG_ID='dados_climaticos_estruturados' AIRFLOW_CTX_TASK_ID='criar_pasta' AIRFLOW_CTX_EXECUTION_DATE='2024-05-30T22:55:00+00:00' AIRFLOW_CTX_TRY_NUMBER='1' AIRFLOW_CTX_DAG_RUN_ID='scheduled__2024-05-30T22:55:00+00:00'
[2024-06-05T01:42:29.966+0000] {taskinstance.py:430} INFO - ::endgroup::
[2024-06-05T01:42:29.969+0000] {python.py:237} INFO - Done. Returned value was: None
[2024-06-05T01:42:29.970+0000] {taskinstance.py:441} INFO - ::group::Post task execution logs
[2024-06-05T01:42:29.985+0000] {taskinstance.py:1206} INFO - Marking task as SUCCESS. dag_id=dados_climaticos_estruturados, task_id=criar_pasta, run_id=scheduled__2024-05-30T22:55:00+00:00, execution_date=20240530T225500, start_date=20240605T014229, end_date=20240605T014229
[2024-06-05T01:42:30.053+0000] {local_task_job_runner.py:240} INFO - Task exited with return code 0
[2024-06-05T01:42:30.087+0000] {local_task_job_runner.py:222} INFO - ::endgroup::
