[2024-06-05T00:56:51.310+0000] {local_task_job_runner.py:120} INFO - ::group::Pre task execution logs
[2024-06-05T00:56:51.351+0000] {taskinstance.py:2076} INFO - Dependencies all met for dep_context=non-requeueable deps ti=<TaskInstance: dados_climaticos_estruturados.criar_pasta scheduled__2024-05-29T17:45:00+00:00 [queued]>
[2024-06-05T00:56:51.366+0000] {taskinstance.py:2076} INFO - Dependencies all met for dep_context=requeueable deps ti=<TaskInstance: dados_climaticos_estruturados.criar_pasta scheduled__2024-05-29T17:45:00+00:00 [queued]>
[2024-06-05T00:56:51.367+0000] {taskinstance.py:2306} INFO - Starting attempt 1 of 1
[2024-06-05T00:56:51.396+0000] {taskinstance.py:2330} INFO - Executing <Task(PythonOperator): criar_pasta> on 2024-05-29 17:45:00+00:00
[2024-06-05T00:56:51.439+0000] {warnings.py:110} WARNING - /home/***/.local/lib/python3.12/site-packages/***/task/task_runner/standard_task_runner.py:61: DeprecationWarning: This process (pid=1543) is multi-threaded, use of fork() may lead to deadlocks in the child.
  pid = os.fork()

[2024-06-05T00:56:51.442+0000] {standard_task_runner.py:90} INFO - Running: ['***', 'tasks', 'run', 'dados_climaticos_estruturados', 'criar_pasta', 'scheduled__2024-05-29T17:45:00+00:00', '--job-id', '867', '--raw', '--subdir', 'DAGS_FOLDER/weather/custom_dags/dados_climaticos_estruturados.py', '--cfg-path', '/tmp/tmp7_xhb6r9']
[2024-06-05T00:56:51.450+0000] {standard_task_runner.py:91} INFO - Job 867: Subtask criar_pasta
[2024-06-05T00:56:51.449+0000] {standard_task_runner.py:63} INFO - Started process 1570 to run task
[2024-06-05T00:56:51.585+0000] {task_command.py:426} INFO - Running <TaskInstance: dados_climaticos_estruturados.criar_pasta scheduled__2024-05-29T17:45:00+00:00 [running]> on host 6665b0710315
[2024-06-05T00:56:51.761+0000] {taskinstance.py:2648} INFO - Exporting env vars: AIRFLOW_CTX_DAG_OWNER='***' AIRFLOW_CTX_DAG_ID='dados_climaticos_estruturados' AIRFLOW_CTX_TASK_ID='criar_pasta' AIRFLOW_CTX_EXECUTION_DATE='2024-05-29T17:45:00+00:00' AIRFLOW_CTX_TRY_NUMBER='1' AIRFLOW_CTX_DAG_RUN_ID='scheduled__2024-05-29T17:45:00+00:00'
[2024-06-05T00:56:51.768+0000] {taskinstance.py:430} INFO - ::endgroup::
[2024-06-05T00:56:51.770+0000] {python.py:237} INFO - Done. Returned value was: None
[2024-06-05T00:56:51.772+0000] {taskinstance.py:441} INFO - ::group::Post task execution logs
[2024-06-05T00:56:51.788+0000] {taskinstance.py:1206} INFO - Marking task as SUCCESS. dag_id=dados_climaticos_estruturados, task_id=criar_pasta, run_id=scheduled__2024-05-29T17:45:00+00:00, execution_date=20240529T174500, start_date=20240605T005651, end_date=20240605T005651
[2024-06-05T00:56:51.853+0000] {local_task_job_runner.py:240} INFO - Task exited with return code 0
[2024-06-05T00:56:51.876+0000] {local_task_job_runner.py:222} INFO - ::endgroup::
[2024-06-05T01:37:00.263+0000] {local_task_job_runner.py:120} INFO - ::group::Pre task execution logs
[2024-06-05T01:37:00.308+0000] {taskinstance.py:2076} INFO - Dependencies all met for dep_context=non-requeueable deps ti=<TaskInstance: dados_climaticos_estruturados.criar_pasta scheduled__2024-05-29T17:45:00+00:00 [queued]>
[2024-06-05T01:37:00.324+0000] {taskinstance.py:2076} INFO - Dependencies all met for dep_context=requeueable deps ti=<TaskInstance: dados_climaticos_estruturados.criar_pasta scheduled__2024-05-29T17:45:00+00:00 [queued]>
[2024-06-05T01:37:00.325+0000] {taskinstance.py:2306} INFO - Starting attempt 1 of 1
[2024-06-05T01:37:00.348+0000] {taskinstance.py:2330} INFO - Executing <Task(PythonOperator): criar_pasta> on 2024-05-29 17:45:00+00:00
[2024-06-05T01:37:00.368+0000] {warnings.py:110} WARNING - /home/***/.local/lib/python3.12/site-packages/***/task/task_runner/standard_task_runner.py:61: DeprecationWarning: This process (pid=1561) is multi-threaded, use of fork() may lead to deadlocks in the child.
  pid = os.fork()

[2024-06-05T01:37:00.371+0000] {standard_task_runner.py:63} INFO - Started process 1589 to run task
[2024-06-05T01:37:00.370+0000] {standard_task_runner.py:90} INFO - Running: ['***', 'tasks', 'run', 'dados_climaticos_estruturados', 'criar_pasta', 'scheduled__2024-05-29T17:45:00+00:00', '--job-id', '489', '--raw', '--subdir', 'DAGS_FOLDER/weather/custom_dags/dados_climaticos_estruturados.py', '--cfg-path', '/tmp/tmpcc_85nes']
[2024-06-05T01:37:00.374+0000] {standard_task_runner.py:91} INFO - Job 489: Subtask criar_pasta
[2024-06-05T01:37:00.475+0000] {task_command.py:426} INFO - Running <TaskInstance: dados_climaticos_estruturados.criar_pasta scheduled__2024-05-29T17:45:00+00:00 [running]> on host 80232deae70a
[2024-06-05T01:37:00.720+0000] {taskinstance.py:2648} INFO - Exporting env vars: AIRFLOW_CTX_DAG_OWNER='***' AIRFLOW_CTX_DAG_ID='dados_climaticos_estruturados' AIRFLOW_CTX_TASK_ID='criar_pasta' AIRFLOW_CTX_EXECUTION_DATE='2024-05-29T17:45:00+00:00' AIRFLOW_CTX_TRY_NUMBER='1' AIRFLOW_CTX_DAG_RUN_ID='scheduled__2024-05-29T17:45:00+00:00'
[2024-06-05T01:37:00.726+0000] {taskinstance.py:430} INFO - ::endgroup::
[2024-06-05T01:37:00.732+0000] {python.py:237} INFO - Done. Returned value was: None
[2024-06-05T01:37:00.733+0000] {taskinstance.py:441} INFO - ::group::Post task execution logs
[2024-06-05T01:37:00.758+0000] {taskinstance.py:1206} INFO - Marking task as SUCCESS. dag_id=dados_climaticos_estruturados, task_id=criar_pasta, run_id=scheduled__2024-05-29T17:45:00+00:00, execution_date=20240529T174500, start_date=20240605T013700, end_date=20240605T013700
[2024-06-05T01:37:00.807+0000] {local_task_job_runner.py:240} INFO - Task exited with return code 0
[2024-06-05T01:37:00.852+0000] {taskinstance.py:3498} INFO - 1 downstream tasks scheduled from follow-on schedule check
[2024-06-05T01:37:00.855+0000] {local_task_job_runner.py:222} INFO - ::endgroup::
