[2024-06-05T00:54:09.352+0000] {local_task_job_runner.py:120} INFO - ::group::Pre task execution logs
[2024-06-05T00:54:09.414+0000] {taskinstance.py:2076} INFO - Dependencies all met for dep_context=non-requeueable deps ti=<TaskInstance: dados_climaticos_estruturados.criar_pasta scheduled__2024-05-29T02:30:00+00:00 [queued]>
[2024-06-05T00:54:09.432+0000] {taskinstance.py:2076} INFO - Dependencies all met for dep_context=requeueable deps ti=<TaskInstance: dados_climaticos_estruturados.criar_pasta scheduled__2024-05-29T02:30:00+00:00 [queued]>
[2024-06-05T00:54:09.434+0000] {taskinstance.py:2306} INFO - Starting attempt 1 of 1
[2024-06-05T00:54:09.486+0000] {taskinstance.py:2330} INFO - Executing <Task(PythonOperator): criar_pasta> on 2024-05-29 02:30:00+00:00
[2024-06-05T00:54:09.505+0000] {warnings.py:110} WARNING - /home/***/.local/lib/python3.12/site-packages/***/task/task_runner/standard_task_runner.py:61: DeprecationWarning: This process (pid=412) is multi-threaded, use of fork() may lead to deadlocks in the child.
  pid = os.fork()

[2024-06-05T00:54:09.507+0000] {standard_task_runner.py:63} INFO - Started process 447 to run task
[2024-06-05T00:54:09.515+0000] {standard_task_runner.py:90} INFO - Running: ['***', 'tasks', 'run', 'dados_climaticos_estruturados', 'criar_pasta', 'scheduled__2024-05-29T02:30:00+00:00', '--job-id', '506', '--raw', '--subdir', 'DAGS_FOLDER/weather/custom_dags/dados_climaticos_estruturados.py', '--cfg-path', '/tmp/tmpx3spj8si']
[2024-06-05T00:54:09.524+0000] {standard_task_runner.py:91} INFO - Job 506: Subtask criar_pasta
[2024-06-05T00:54:09.642+0000] {task_command.py:426} INFO - Running <TaskInstance: dados_climaticos_estruturados.criar_pasta scheduled__2024-05-29T02:30:00+00:00 [running]> on host 6665b0710315
[2024-06-05T00:54:09.848+0000] {taskinstance.py:2648} INFO - Exporting env vars: AIRFLOW_CTX_DAG_OWNER='***' AIRFLOW_CTX_DAG_ID='dados_climaticos_estruturados' AIRFLOW_CTX_TASK_ID='criar_pasta' AIRFLOW_CTX_EXECUTION_DATE='2024-05-29T02:30:00+00:00' AIRFLOW_CTX_TRY_NUMBER='1' AIRFLOW_CTX_DAG_RUN_ID='scheduled__2024-05-29T02:30:00+00:00'
[2024-06-05T00:54:09.854+0000] {taskinstance.py:430} INFO - ::endgroup::
[2024-06-05T00:54:09.857+0000] {python.py:237} INFO - Done. Returned value was: None
[2024-06-05T00:54:09.860+0000] {taskinstance.py:441} INFO - ::group::Post task execution logs
[2024-06-05T00:54:09.883+0000] {taskinstance.py:1206} INFO - Marking task as SUCCESS. dag_id=dados_climaticos_estruturados, task_id=criar_pasta, run_id=scheduled__2024-05-29T02:30:00+00:00, execution_date=20240529T023000, start_date=20240605T005409, end_date=20240605T005409
[2024-06-05T00:54:09.939+0000] {local_task_job_runner.py:240} INFO - Task exited with return code 0
[2024-06-05T00:54:09.968+0000] {taskinstance.py:3498} INFO - 1 downstream tasks scheduled from follow-on schedule check
[2024-06-05T00:54:09.970+0000] {local_task_job_runner.py:222} INFO - ::endgroup::
[2024-06-05T01:33:48.650+0000] {local_task_job_runner.py:120} INFO - ::group::Pre task execution logs
[2024-06-05T01:33:48.699+0000] {taskinstance.py:2076} INFO - Dependencies all met for dep_context=non-requeueable deps ti=<TaskInstance: dados_climaticos_estruturados.criar_pasta scheduled__2024-05-29T02:30:00+00:00 [queued]>
[2024-06-05T01:33:48.716+0000] {taskinstance.py:2076} INFO - Dependencies all met for dep_context=requeueable deps ti=<TaskInstance: dados_climaticos_estruturados.criar_pasta scheduled__2024-05-29T02:30:00+00:00 [queued]>
[2024-06-05T01:33:48.721+0000] {taskinstance.py:2306} INFO - Starting attempt 1 of 1
[2024-06-05T01:33:48.755+0000] {taskinstance.py:2330} INFO - Executing <Task(PythonOperator): criar_pasta> on 2024-05-29 02:30:00+00:00
[2024-06-05T01:33:48.790+0000] {warnings.py:110} WARNING - /home/***/.local/lib/python3.12/site-packages/***/task/task_runner/standard_task_runner.py:61: DeprecationWarning: This process (pid=411) is multi-threaded, use of fork() may lead to deadlocks in the child.
  pid = os.fork()

[2024-06-05T01:33:48.796+0000] {standard_task_runner.py:90} INFO - Running: ['***', 'tasks', 'run', 'dados_climaticos_estruturados', 'criar_pasta', 'scheduled__2024-05-29T02:30:00+00:00', '--job-id', '120', '--raw', '--subdir', 'DAGS_FOLDER/weather/custom_dags/dados_climaticos_estruturados.py', '--cfg-path', '/tmp/tmpyo5y7ifu']
[2024-06-05T01:33:48.798+0000] {standard_task_runner.py:63} INFO - Started process 443 to run task
[2024-06-05T01:33:48.801+0000] {standard_task_runner.py:91} INFO - Job 120: Subtask criar_pasta
[2024-06-05T01:33:48.902+0000] {task_command.py:426} INFO - Running <TaskInstance: dados_climaticos_estruturados.criar_pasta scheduled__2024-05-29T02:30:00+00:00 [running]> on host 80232deae70a
[2024-06-05T01:33:49.140+0000] {taskinstance.py:2648} INFO - Exporting env vars: AIRFLOW_CTX_DAG_OWNER='***' AIRFLOW_CTX_DAG_ID='dados_climaticos_estruturados' AIRFLOW_CTX_TASK_ID='criar_pasta' AIRFLOW_CTX_EXECUTION_DATE='2024-05-29T02:30:00+00:00' AIRFLOW_CTX_TRY_NUMBER='1' AIRFLOW_CTX_DAG_RUN_ID='scheduled__2024-05-29T02:30:00+00:00'
[2024-06-05T01:33:49.147+0000] {taskinstance.py:430} INFO - ::endgroup::
[2024-06-05T01:33:49.155+0000] {python.py:237} INFO - Done. Returned value was: None
[2024-06-05T01:33:49.157+0000] {taskinstance.py:441} INFO - ::group::Post task execution logs
[2024-06-05T01:33:49.197+0000] {taskinstance.py:1206} INFO - Marking task as SUCCESS. dag_id=dados_climaticos_estruturados, task_id=criar_pasta, run_id=scheduled__2024-05-29T02:30:00+00:00, execution_date=20240529T023000, start_date=20240605T013348, end_date=20240605T013349
[2024-06-05T01:33:49.330+0000] {local_task_job_runner.py:240} INFO - Task exited with return code 0
[2024-06-05T01:33:49.406+0000] {taskinstance.py:3498} INFO - 1 downstream tasks scheduled from follow-on schedule check
[2024-06-05T01:33:49.412+0000] {local_task_job_runner.py:222} INFO - ::endgroup::
