[2024-06-05T00:54:52.264+0000] {local_task_job_runner.py:120} INFO - ::group::Pre task execution logs
[2024-06-05T00:54:52.311+0000] {taskinstance.py:2076} INFO - Dependencies all met for dep_context=non-requeueable deps ti=<TaskInstance: dados_climaticos_estruturados.criar_pasta scheduled__2024-05-29T06:25:00+00:00 [queued]>
[2024-06-05T00:54:52.326+0000] {taskinstance.py:2076} INFO - Dependencies all met for dep_context=requeueable deps ti=<TaskInstance: dados_climaticos_estruturados.criar_pasta scheduled__2024-05-29T06:25:00+00:00 [queued]>
[2024-06-05T00:54:52.328+0000] {taskinstance.py:2306} INFO - Starting attempt 1 of 1
[2024-06-05T00:54:52.355+0000] {taskinstance.py:2330} INFO - Executing <Task(PythonOperator): criar_pasta> on 2024-05-29 06:25:00+00:00
[2024-06-05T00:54:52.370+0000] {warnings.py:110} WARNING - /home/***/.local/lib/python3.12/site-packages/***/task/task_runner/standard_task_runner.py:61: DeprecationWarning: This process (pid=706) is multi-threaded, use of fork() may lead to deadlocks in the child.
  pid = os.fork()

[2024-06-05T00:54:52.373+0000] {standard_task_runner.py:63} INFO - Started process 735 to run task
[2024-06-05T00:54:52.378+0000] {standard_task_runner.py:90} INFO - Running: ['***', 'tasks', 'run', 'dados_climaticos_estruturados', 'criar_pasta', 'scheduled__2024-05-29T06:25:00+00:00', '--job-id', '598', '--raw', '--subdir', 'DAGS_FOLDER/weather/custom_dags/dados_climaticos_estruturados.py', '--cfg-path', '/tmp/tmpvv6jtgjz']
[2024-06-05T00:54:52.381+0000] {standard_task_runner.py:91} INFO - Job 598: Subtask criar_pasta
[2024-06-05T00:54:52.462+0000] {task_command.py:426} INFO - Running <TaskInstance: dados_climaticos_estruturados.criar_pasta scheduled__2024-05-29T06:25:00+00:00 [running]> on host 6665b0710315
[2024-06-05T00:54:52.603+0000] {taskinstance.py:2648} INFO - Exporting env vars: AIRFLOW_CTX_DAG_OWNER='***' AIRFLOW_CTX_DAG_ID='dados_climaticos_estruturados' AIRFLOW_CTX_TASK_ID='criar_pasta' AIRFLOW_CTX_EXECUTION_DATE='2024-05-29T06:25:00+00:00' AIRFLOW_CTX_TRY_NUMBER='1' AIRFLOW_CTX_DAG_RUN_ID='scheduled__2024-05-29T06:25:00+00:00'
[2024-06-05T00:54:52.608+0000] {taskinstance.py:430} INFO - ::endgroup::
[2024-06-05T00:54:52.610+0000] {python.py:237} INFO - Done. Returned value was: None
[2024-06-05T00:54:52.611+0000] {taskinstance.py:441} INFO - ::group::Post task execution logs
[2024-06-05T00:54:52.625+0000] {taskinstance.py:1206} INFO - Marking task as SUCCESS. dag_id=dados_climaticos_estruturados, task_id=criar_pasta, run_id=scheduled__2024-05-29T06:25:00+00:00, execution_date=20240529T062500, start_date=20240605T005452, end_date=20240605T005452
[2024-06-05T00:54:52.682+0000] {local_task_job_runner.py:240} INFO - Task exited with return code 0
[2024-06-05T00:54:52.717+0000] {taskinstance.py:3498} INFO - 1 downstream tasks scheduled from follow-on schedule check
[2024-06-05T00:54:52.721+0000] {local_task_job_runner.py:222} INFO - ::endgroup::
[2024-06-05T01:34:33.412+0000] {local_task_job_runner.py:120} INFO - ::group::Pre task execution logs
[2024-06-05T01:34:33.467+0000] {taskinstance.py:2076} INFO - Dependencies all met for dep_context=non-requeueable deps ti=<TaskInstance: dados_climaticos_estruturados.criar_pasta scheduled__2024-05-29T06:25:00+00:00 [queued]>
[2024-06-05T01:34:33.486+0000] {taskinstance.py:2076} INFO - Dependencies all met for dep_context=requeueable deps ti=<TaskInstance: dados_climaticos_estruturados.criar_pasta scheduled__2024-05-29T06:25:00+00:00 [queued]>
[2024-06-05T01:34:33.488+0000] {taskinstance.py:2306} INFO - Starting attempt 1 of 1
[2024-06-05T01:34:33.533+0000] {taskinstance.py:2330} INFO - Executing <Task(PythonOperator): criar_pasta> on 2024-05-29 06:25:00+00:00
[2024-06-05T01:34:33.546+0000] {warnings.py:110} WARNING - /home/***/.local/lib/python3.12/site-packages/***/task/task_runner/standard_task_runner.py:61: DeprecationWarning: This process (pid=696) is multi-threaded, use of fork() may lead to deadlocks in the child.
  pid = os.fork()

[2024-06-05T01:34:33.556+0000] {standard_task_runner.py:63} INFO - Started process 727 to run task
[2024-06-05T01:34:33.554+0000] {standard_task_runner.py:90} INFO - Running: ['***', 'tasks', 'run', 'dados_climaticos_estruturados', 'criar_pasta', 'scheduled__2024-05-29T06:25:00+00:00', '--job-id', '211', '--raw', '--subdir', 'DAGS_FOLDER/weather/custom_dags/dados_climaticos_estruturados.py', '--cfg-path', '/tmp/tmp_5iomwfj']
[2024-06-05T01:34:33.566+0000] {standard_task_runner.py:91} INFO - Job 211: Subtask criar_pasta
[2024-06-05T01:34:33.709+0000] {task_command.py:426} INFO - Running <TaskInstance: dados_climaticos_estruturados.criar_pasta scheduled__2024-05-29T06:25:00+00:00 [running]> on host 80232deae70a
[2024-06-05T01:34:34.006+0000] {taskinstance.py:2648} INFO - Exporting env vars: AIRFLOW_CTX_DAG_OWNER='***' AIRFLOW_CTX_DAG_ID='dados_climaticos_estruturados' AIRFLOW_CTX_TASK_ID='criar_pasta' AIRFLOW_CTX_EXECUTION_DATE='2024-05-29T06:25:00+00:00' AIRFLOW_CTX_TRY_NUMBER='1' AIRFLOW_CTX_DAG_RUN_ID='scheduled__2024-05-29T06:25:00+00:00'
[2024-06-05T01:34:34.012+0000] {taskinstance.py:430} INFO - ::endgroup::
[2024-06-05T01:34:34.017+0000] {python.py:237} INFO - Done. Returned value was: None
[2024-06-05T01:34:34.018+0000] {taskinstance.py:441} INFO - ::group::Post task execution logs
[2024-06-05T01:34:34.064+0000] {taskinstance.py:1206} INFO - Marking task as SUCCESS. dag_id=dados_climaticos_estruturados, task_id=criar_pasta, run_id=scheduled__2024-05-29T06:25:00+00:00, execution_date=20240529T062500, start_date=20240605T013433, end_date=20240605T013434
[2024-06-05T01:34:34.204+0000] {local_task_job_runner.py:240} INFO - Task exited with return code 0
[2024-06-05T01:34:34.249+0000] {taskinstance.py:3498} INFO - 1 downstream tasks scheduled from follow-on schedule check
[2024-06-05T01:34:34.257+0000] {local_task_job_runner.py:222} INFO - ::endgroup::
