[2024-06-05T01:03:19.054+0000] {local_task_job_runner.py:120} INFO - ::group::Pre task execution logs
[2024-06-05T01:03:19.095+0000] {taskinstance.py:2076} INFO - Dependencies all met for dep_context=non-requeueable deps ti=<TaskInstance: dados_climaticos_estruturados.criar_pasta scheduled__2024-05-31T00:55:00+00:00 [queued]>
[2024-06-05T01:03:19.121+0000] {taskinstance.py:2076} INFO - Dependencies all met for dep_context=requeueable deps ti=<TaskInstance: dados_climaticos_estruturados.criar_pasta scheduled__2024-05-31T00:55:00+00:00 [queued]>
[2024-06-05T01:03:19.124+0000] {taskinstance.py:2306} INFO - Starting attempt 1 of 1
[2024-06-05T01:03:19.166+0000] {taskinstance.py:2330} INFO - Executing <Task(PythonOperator): criar_pasta> on 2024-05-31 00:55:00+00:00
[2024-06-05T01:03:19.186+0000] {standard_task_runner.py:90} INFO - Running: ['***', 'tasks', 'run', 'dados_climaticos_estruturados', 'criar_pasta', 'scheduled__2024-05-31T00:55:00+00:00', '--job-id', '1624', '--raw', '--subdir', 'DAGS_FOLDER/weather/custom_dags/dados_climaticos_estruturados.py', '--cfg-path', '/tmp/tmpbyou_gvt']
[2024-06-05T01:03:19.189+0000] {standard_task_runner.py:91} INFO - Job 1624: Subtask criar_pasta
[2024-06-05T01:03:19.183+0000] {warnings.py:110} WARNING - /home/***/.local/lib/python3.12/site-packages/***/task/task_runner/standard_task_runner.py:61: DeprecationWarning: This process (pid=3892) is multi-threaded, use of fork() may lead to deadlocks in the child.
  pid = os.fork()

[2024-06-05T01:03:19.191+0000] {standard_task_runner.py:63} INFO - Started process 3916 to run task
[2024-06-05T01:03:19.286+0000] {task_command.py:426} INFO - Running <TaskInstance: dados_climaticos_estruturados.criar_pasta scheduled__2024-05-31T00:55:00+00:00 [running]> on host 6665b0710315
[2024-06-05T01:03:19.501+0000] {taskinstance.py:2648} INFO - Exporting env vars: AIRFLOW_CTX_DAG_OWNER='***' AIRFLOW_CTX_DAG_ID='dados_climaticos_estruturados' AIRFLOW_CTX_TASK_ID='criar_pasta' AIRFLOW_CTX_EXECUTION_DATE='2024-05-31T00:55:00+00:00' AIRFLOW_CTX_TRY_NUMBER='1' AIRFLOW_CTX_DAG_RUN_ID='scheduled__2024-05-31T00:55:00+00:00'
[2024-06-05T01:03:19.504+0000] {taskinstance.py:430} INFO - ::endgroup::
[2024-06-05T01:03:19.506+0000] {python.py:237} INFO - Done. Returned value was: None
[2024-06-05T01:03:19.506+0000] {taskinstance.py:441} INFO - ::group::Post task execution logs
[2024-06-05T01:03:19.517+0000] {taskinstance.py:1206} INFO - Marking task as SUCCESS. dag_id=dados_climaticos_estruturados, task_id=criar_pasta, run_id=scheduled__2024-05-31T00:55:00+00:00, execution_date=20240531T005500, start_date=20240605T010319, end_date=20240605T010319
[2024-06-05T01:03:19.588+0000] {local_task_job_runner.py:240} INFO - Task exited with return code 0
[2024-06-05T01:03:19.617+0000] {local_task_job_runner.py:222} INFO - ::endgroup::
[2024-06-05T01:42:45.550+0000] {local_task_job_runner.py:120} INFO - ::group::Pre task execution logs
[2024-06-05T01:42:45.590+0000] {taskinstance.py:2076} INFO - Dependencies all met for dep_context=non-requeueable deps ti=<TaskInstance: dados_climaticos_estruturados.criar_pasta scheduled__2024-05-31T00:55:00+00:00 [queued]>
[2024-06-05T01:42:45.607+0000] {taskinstance.py:2076} INFO - Dependencies all met for dep_context=requeueable deps ti=<TaskInstance: dados_climaticos_estruturados.criar_pasta scheduled__2024-05-31T00:55:00+00:00 [queued]>
[2024-06-05T01:42:45.610+0000] {taskinstance.py:2306} INFO - Starting attempt 1 of 1
[2024-06-05T01:42:45.644+0000] {taskinstance.py:2330} INFO - Executing <Task(PythonOperator): criar_pasta> on 2024-05-31 00:55:00+00:00
[2024-06-05T01:42:45.662+0000] {warnings.py:110} WARNING - /home/***/.local/lib/python3.12/site-packages/***/task/task_runner/standard_task_runner.py:61: DeprecationWarning: This process (pid=3858) is multi-threaded, use of fork() may lead to deadlocks in the child.
  pid = os.fork()

[2024-06-05T01:42:45.666+0000] {standard_task_runner.py:63} INFO - Started process 3887 to run task
[2024-06-05T01:42:45.675+0000] {standard_task_runner.py:90} INFO - Running: ['***', 'tasks', 'run', 'dados_climaticos_estruturados', 'criar_pasta', 'scheduled__2024-05-31T00:55:00+00:00', '--job-id', '1232', '--raw', '--subdir', 'DAGS_FOLDER/weather/custom_dags/dados_climaticos_estruturados.py', '--cfg-path', '/tmp/tmppmve2q2d']
[2024-06-05T01:42:45.684+0000] {standard_task_runner.py:91} INFO - Job 1232: Subtask criar_pasta
[2024-06-05T01:42:45.817+0000] {task_command.py:426} INFO - Running <TaskInstance: dados_climaticos_estruturados.criar_pasta scheduled__2024-05-31T00:55:00+00:00 [running]> on host 80232deae70a
[2024-06-05T01:42:46.165+0000] {taskinstance.py:2648} INFO - Exporting env vars: AIRFLOW_CTX_DAG_OWNER='***' AIRFLOW_CTX_DAG_ID='dados_climaticos_estruturados' AIRFLOW_CTX_TASK_ID='criar_pasta' AIRFLOW_CTX_EXECUTION_DATE='2024-05-31T00:55:00+00:00' AIRFLOW_CTX_TRY_NUMBER='1' AIRFLOW_CTX_DAG_RUN_ID='scheduled__2024-05-31T00:55:00+00:00'
[2024-06-05T01:42:46.173+0000] {taskinstance.py:430} INFO - ::endgroup::
[2024-06-05T01:42:46.182+0000] {python.py:237} INFO - Done. Returned value was: None
[2024-06-05T01:42:46.183+0000] {taskinstance.py:441} INFO - ::group::Post task execution logs
[2024-06-05T01:42:46.209+0000] {taskinstance.py:1206} INFO - Marking task as SUCCESS. dag_id=dados_climaticos_estruturados, task_id=criar_pasta, run_id=scheduled__2024-05-31T00:55:00+00:00, execution_date=20240531T005500, start_date=20240605T014245, end_date=20240605T014246
[2024-06-05T01:42:46.314+0000] {local_task_job_runner.py:240} INFO - Task exited with return code 0
[2024-06-05T01:42:46.382+0000] {taskinstance.py:3498} INFO - 1 downstream tasks scheduled from follow-on schedule check
[2024-06-05T01:42:46.386+0000] {local_task_job_runner.py:222} INFO - ::endgroup::
