[2024-06-05T01:04:36.751+0000] {local_task_job_runner.py:120} INFO - ::group::Pre task execution logs
[2024-06-05T01:04:36.810+0000] {taskinstance.py:2076} INFO - Dependencies all met for dep_context=non-requeueable deps ti=<TaskInstance: dados_climaticos_estruturados.criar_pasta scheduled__2024-05-31T06:55:00+00:00 [queued]>
[2024-06-05T01:04:36.823+0000] {taskinstance.py:2076} INFO - Dependencies all met for dep_context=requeueable deps ti=<TaskInstance: dados_climaticos_estruturados.criar_pasta scheduled__2024-05-31T06:55:00+00:00 [queued]>
[2024-06-05T01:04:36.824+0000] {taskinstance.py:2306} INFO - Starting attempt 1 of 1
[2024-06-05T01:04:36.902+0000] {taskinstance.py:2330} INFO - Executing <Task(PythonOperator): criar_pasta> on 2024-05-31 06:55:00+00:00
[2024-06-05T01:04:36.919+0000] {warnings.py:110} WARNING - /home/***/.local/lib/python3.12/site-packages/***/task/task_runner/standard_task_runner.py:61: DeprecationWarning: This process (pid=4322) is multi-threaded, use of fork() may lead to deadlocks in the child.
  pid = os.fork()

[2024-06-05T01:04:36.924+0000] {standard_task_runner.py:63} INFO - Started process 4353 to run task
[2024-06-05T01:04:36.926+0000] {standard_task_runner.py:90} INFO - Running: ['***', 'tasks', 'run', 'dados_climaticos_estruturados', 'criar_pasta', 'scheduled__2024-05-31T06:55:00+00:00', '--job-id', '1763', '--raw', '--subdir', 'DAGS_FOLDER/weather/custom_dags/dados_climaticos_estruturados.py', '--cfg-path', '/tmp/tmpfj_jjwfs']
[2024-06-05T01:04:36.929+0000] {standard_task_runner.py:91} INFO - Job 1763: Subtask criar_pasta
[2024-06-05T01:04:37.029+0000] {task_command.py:426} INFO - Running <TaskInstance: dados_climaticos_estruturados.criar_pasta scheduled__2024-05-31T06:55:00+00:00 [running]> on host 6665b0710315
[2024-06-05T01:04:37.261+0000] {taskinstance.py:2648} INFO - Exporting env vars: AIRFLOW_CTX_DAG_OWNER='***' AIRFLOW_CTX_DAG_ID='dados_climaticos_estruturados' AIRFLOW_CTX_TASK_ID='criar_pasta' AIRFLOW_CTX_EXECUTION_DATE='2024-05-31T06:55:00+00:00' AIRFLOW_CTX_TRY_NUMBER='1' AIRFLOW_CTX_DAG_RUN_ID='scheduled__2024-05-31T06:55:00+00:00'
[2024-06-05T01:04:37.266+0000] {taskinstance.py:430} INFO - ::endgroup::
[2024-06-05T01:04:37.272+0000] {python.py:237} INFO - Done. Returned value was: None
[2024-06-05T01:04:37.278+0000] {taskinstance.py:441} INFO - ::group::Post task execution logs
[2024-06-05T01:04:37.301+0000] {taskinstance.py:1206} INFO - Marking task as SUCCESS. dag_id=dados_climaticos_estruturados, task_id=criar_pasta, run_id=scheduled__2024-05-31T06:55:00+00:00, execution_date=20240531T065500, start_date=20240605T010436, end_date=20240605T010437
[2024-06-05T01:04:37.356+0000] {local_task_job_runner.py:240} INFO - Task exited with return code 0
[2024-06-05T01:04:37.406+0000] {taskinstance.py:3498} INFO - 0 downstream tasks scheduled from follow-on schedule check
[2024-06-05T01:04:37.414+0000] {local_task_job_runner.py:222} INFO - ::endgroup::
[2024-06-05T01:44:01.870+0000] {local_task_job_runner.py:120} INFO - ::group::Pre task execution logs
[2024-06-05T01:44:01.917+0000] {taskinstance.py:2076} INFO - Dependencies all met for dep_context=non-requeueable deps ti=<TaskInstance: dados_climaticos_estruturados.criar_pasta scheduled__2024-05-31T06:55:00+00:00 [queued]>
[2024-06-05T01:44:01.939+0000] {taskinstance.py:2076} INFO - Dependencies all met for dep_context=requeueable deps ti=<TaskInstance: dados_climaticos_estruturados.criar_pasta scheduled__2024-05-31T06:55:00+00:00 [queued]>
[2024-06-05T01:44:01.943+0000] {taskinstance.py:2306} INFO - Starting attempt 1 of 1
[2024-06-05T01:44:02.101+0000] {taskinstance.py:2330} INFO - Executing <Task(PythonOperator): criar_pasta> on 2024-05-31 06:55:00+00:00
[2024-06-05T01:44:02.148+0000] {warnings.py:110} WARNING - /home/***/.local/lib/python3.12/site-packages/***/task/task_runner/standard_task_runner.py:61: DeprecationWarning: This process (pid=4309) is multi-threaded, use of fork() may lead to deadlocks in the child.
  pid = os.fork()

[2024-06-05T01:44:02.161+0000] {standard_task_runner.py:63} INFO - Started process 4338 to run task
[2024-06-05T01:44:02.151+0000] {standard_task_runner.py:90} INFO - Running: ['***', 'tasks', 'run', 'dados_climaticos_estruturados', 'criar_pasta', 'scheduled__2024-05-31T06:55:00+00:00', '--job-id', '1377', '--raw', '--subdir', 'DAGS_FOLDER/weather/custom_dags/dados_climaticos_estruturados.py', '--cfg-path', '/tmp/tmphkvh44jy']
[2024-06-05T01:44:02.163+0000] {standard_task_runner.py:91} INFO - Job 1377: Subtask criar_pasta
[2024-06-05T01:44:02.337+0000] {task_command.py:426} INFO - Running <TaskInstance: dados_climaticos_estruturados.criar_pasta scheduled__2024-05-31T06:55:00+00:00 [running]> on host 80232deae70a
[2024-06-05T01:44:02.573+0000] {taskinstance.py:2648} INFO - Exporting env vars: AIRFLOW_CTX_DAG_OWNER='***' AIRFLOW_CTX_DAG_ID='dados_climaticos_estruturados' AIRFLOW_CTX_TASK_ID='criar_pasta' AIRFLOW_CTX_EXECUTION_DATE='2024-05-31T06:55:00+00:00' AIRFLOW_CTX_TRY_NUMBER='1' AIRFLOW_CTX_DAG_RUN_ID='scheduled__2024-05-31T06:55:00+00:00'
[2024-06-05T01:44:02.578+0000] {taskinstance.py:430} INFO - ::endgroup::
[2024-06-05T01:44:02.580+0000] {python.py:237} INFO - Done. Returned value was: None
[2024-06-05T01:44:02.584+0000] {taskinstance.py:441} INFO - ::group::Post task execution logs
[2024-06-05T01:44:02.614+0000] {taskinstance.py:1206} INFO - Marking task as SUCCESS. dag_id=dados_climaticos_estruturados, task_id=criar_pasta, run_id=scheduled__2024-05-31T06:55:00+00:00, execution_date=20240531T065500, start_date=20240605T014401, end_date=20240605T014402
[2024-06-05T01:44:02.693+0000] {local_task_job_runner.py:240} INFO - Task exited with return code 0
[2024-06-05T01:44:02.761+0000] {taskinstance.py:3498} INFO - 1 downstream tasks scheduled from follow-on schedule check
[2024-06-05T01:44:02.771+0000] {local_task_job_runner.py:222} INFO - ::endgroup::
