[2024-05-29T00:31:36.120+0000] {local_task_job_runner.py:120} INFO - ::group::Pre task execution logs
[2024-05-29T00:31:36.164+0000] {taskinstance.py:2076} INFO - Dependencies all met for dep_context=non-requeueable deps ti=<TaskInstance: dados_climaticos_estruturados.criar_pasta scheduled__2024-05-17T07:50:00+00:00 [queued]>
[2024-05-29T00:31:36.183+0000] {taskinstance.py:2076} INFO - Dependencies all met for dep_context=requeueable deps ti=<TaskInstance: dados_climaticos_estruturados.criar_pasta scheduled__2024-05-17T07:50:00+00:00 [queued]>
[2024-05-29T00:31:36.185+0000] {taskinstance.py:2306} INFO - Starting attempt 1 of 1
[2024-05-29T00:31:36.233+0000] {taskinstance.py:2330} INFO - Executing <Task(PythonOperator): criar_pasta> on 2024-05-17 07:50:00+00:00
[2024-05-29T00:31:36.247+0000] {warnings.py:110} WARNING - /home/***/.local/lib/python3.12/site-packages/***/task/task_runner/standard_task_runner.py:61: DeprecationWarning: This process (pid=320) is multi-threaded, use of fork() may lead to deadlocks in the child.
  pid = os.fork()

[2024-05-29T00:31:36.250+0000] {standard_task_runner.py:90} INFO - Running: ['***', 'tasks', 'run', 'dados_climaticos_estruturados', 'criar_pasta', 'scheduled__2024-05-17T07:50:00+00:00', '--job-id', '164', '--raw', '--subdir', 'DAGS_FOLDER/weather/custom_dags/dados_climaticos_estruturados.py', '--cfg-path', '/tmp/tmpasf28vp9']
[2024-05-29T00:31:36.260+0000] {standard_task_runner.py:91} INFO - Job 164: Subtask criar_pasta
[2024-05-29T00:31:36.257+0000] {standard_task_runner.py:63} INFO - Started process 337 to run task
[2024-05-29T00:31:36.371+0000] {task_command.py:426} INFO - Running <TaskInstance: dados_climaticos_estruturados.criar_pasta scheduled__2024-05-17T07:50:00+00:00 [running]> on host 0473b835f7f4
[2024-05-29T00:31:36.564+0000] {taskinstance.py:2648} INFO - Exporting env vars: AIRFLOW_CTX_DAG_OWNER='***' AIRFLOW_CTX_DAG_ID='dados_climaticos_estruturados' AIRFLOW_CTX_TASK_ID='criar_pasta' AIRFLOW_CTX_EXECUTION_DATE='2024-05-17T07:50:00+00:00' AIRFLOW_CTX_TRY_NUMBER='1' AIRFLOW_CTX_DAG_RUN_ID='scheduled__2024-05-17T07:50:00+00:00'
[2024-05-29T00:31:36.573+0000] {taskinstance.py:430} INFO - ::endgroup::
[2024-05-29T00:31:36.578+0000] {taskinstance.py:441} INFO - ::group::Post task execution logs
[2024-05-29T00:31:36.582+0000] {taskinstance.py:2905} ERROR - Task failed with exception
Traceback (most recent call last):
  File "/home/airflow/.local/lib/python3.12/site-packages/airflow/models/taskinstance.py", line 465, in _execute_task
    result = _execute_callable(context=context, **execute_callable_kwargs)
             ^^^^^^^^^^^^^^^^^^^^^^^^^^^^^^^^^^^^^^^^^^^^^^^^^^^^^^^^^^^^^
  File "/home/airflow/.local/lib/python3.12/site-packages/airflow/models/taskinstance.py", line 432, in _execute_callable
    return execute_callable(context=context, **execute_callable_kwargs)
           ^^^^^^^^^^^^^^^^^^^^^^^^^^^^^^^^^^^^^^^^^^^^^^^^^^^^^^^^^^^^
  File "/home/airflow/.local/lib/python3.12/site-packages/airflow/models/baseoperator.py", line 400, in wrapper
    return func(self, *args, **kwargs)
           ^^^^^^^^^^^^^^^^^^^^^^^^^^^
  File "/home/airflow/.local/lib/python3.12/site-packages/airflow/operators/python.py", line 235, in execute
    return_value = self.execute_callable()
                   ^^^^^^^^^^^^^^^^^^^^^^^
  File "/home/airflow/.local/lib/python3.12/site-packages/airflow/operators/python.py", line 252, in execute_callable
    return self.python_callable(*self.op_args, **self.op_kwargs)
           ^^^^^^^^^^^^^^^^^^^^^^^^^^^^^^^^^^^^^^^^^^^^^^^^^^^^^
  File "/opt/airflow/dags/weather/custom_dags/dados_climaticos_estruturados.py", line 18, in pegar_data_e_criar_pasta
    Path(caminho).mkdir(parents=True, exist_ok=True)
    ^^^^
NameError: name 'Path' is not defined
[2024-05-29T00:31:36.607+0000] {taskinstance.py:1206} INFO - Marking task as FAILED. dag_id=dados_climaticos_estruturados, task_id=criar_pasta, run_id=scheduled__2024-05-17T07:50:00+00:00, execution_date=20240517T075000, start_date=20240529T003136, end_date=20240529T003136
[2024-05-29T00:31:36.638+0000] {standard_task_runner.py:110} ERROR - Failed to execute job 164 for task criar_pasta (name 'Path' is not defined; 337)
[2024-05-29T00:31:36.699+0000] {local_task_job_runner.py:240} INFO - Task exited with return code 1
[2024-05-29T00:31:36.734+0000] {local_task_job_runner.py:222} INFO - ::endgroup::
[2024-05-29T01:43:09.311+0000] {local_task_job_runner.py:120} INFO - ::group::Pre task execution logs
[2024-05-29T01:43:09.384+0000] {taskinstance.py:2076} INFO - Dependencies all met for dep_context=non-requeueable deps ti=<TaskInstance: dados_climaticos_estruturados.criar_pasta scheduled__2024-05-17T07:50:00+00:00 [queued]>
[2024-05-29T01:43:09.402+0000] {taskinstance.py:2076} INFO - Dependencies all met for dep_context=requeueable deps ti=<TaskInstance: dados_climaticos_estruturados.criar_pasta scheduled__2024-05-17T07:50:00+00:00 [queued]>
[2024-05-29T01:43:09.404+0000] {taskinstance.py:2306} INFO - Starting attempt 1 of 1
[2024-05-29T01:43:09.460+0000] {taskinstance.py:2330} INFO - Executing <Task(PythonOperator): criar_pasta> on 2024-05-17 07:50:00+00:00
[2024-05-29T01:43:09.479+0000] {warnings.py:110} WARNING - /home/***/.local/lib/python3.12/site-packages/***/task/task_runner/standard_task_runner.py:61: DeprecationWarning: This process (pid=389) is multi-threaded, use of fork() may lead to deadlocks in the child.
  pid = os.fork()

[2024-05-29T01:43:09.486+0000] {standard_task_runner.py:63} INFO - Started process 409 to run task
[2024-05-29T01:43:09.488+0000] {standard_task_runner.py:90} INFO - Running: ['***', 'tasks', 'run', 'dados_climaticos_estruturados', 'criar_pasta', 'scheduled__2024-05-17T07:50:00+00:00', '--job-id', '252', '--raw', '--subdir', 'DAGS_FOLDER/weather/custom_dags/dados_climaticos_estruturados.py', '--cfg-path', '/tmp/tmpzr2g9vft']
[2024-05-29T01:43:09.492+0000] {standard_task_runner.py:91} INFO - Job 252: Subtask criar_pasta
[2024-05-29T01:43:09.596+0000] {task_command.py:426} INFO - Running <TaskInstance: dados_climaticos_estruturados.criar_pasta scheduled__2024-05-17T07:50:00+00:00 [running]> on host 6665b0710315
[2024-05-29T01:43:09.735+0000] {taskinstance.py:2648} INFO - Exporting env vars: AIRFLOW_CTX_DAG_OWNER='***' AIRFLOW_CTX_DAG_ID='dados_climaticos_estruturados' AIRFLOW_CTX_TASK_ID='criar_pasta' AIRFLOW_CTX_EXECUTION_DATE='2024-05-17T07:50:00+00:00' AIRFLOW_CTX_TRY_NUMBER='1' AIRFLOW_CTX_DAG_RUN_ID='scheduled__2024-05-17T07:50:00+00:00'
[2024-05-29T01:43:09.738+0000] {taskinstance.py:430} INFO - ::endgroup::
[2024-05-29T01:43:09.739+0000] {python.py:237} INFO - Done. Returned value was: None
[2024-05-29T01:43:09.741+0000] {taskinstance.py:441} INFO - ::group::Post task execution logs
[2024-05-29T01:43:09.754+0000] {taskinstance.py:1206} INFO - Marking task as SUCCESS. dag_id=dados_climaticos_estruturados, task_id=criar_pasta, run_id=scheduled__2024-05-17T07:50:00+00:00, execution_date=20240517T075000, start_date=20240529T014309, end_date=20240529T014309
[2024-05-29T01:43:09.794+0000] {local_task_job_runner.py:240} INFO - Task exited with return code 0
[2024-05-29T01:43:09.814+0000] {local_task_job_runner.py:222} INFO - ::endgroup::
