[2024-06-05T00:53:09.060+0000] {local_task_job_runner.py:120} INFO - ::group::Pre task execution logs
[2024-06-05T00:53:09.157+0000] {taskinstance.py:2076} INFO - Dependencies all met for dep_context=non-requeueable deps ti=<TaskInstance: dados_climaticos_estruturados.criar_pasta scheduled__2024-05-28T22:35:00+00:00 [queued]>
[2024-06-05T00:53:09.190+0000] {taskinstance.py:2076} INFO - Dependencies all met for dep_context=requeueable deps ti=<TaskInstance: dados_climaticos_estruturados.criar_pasta scheduled__2024-05-28T22:35:00+00:00 [queued]>
[2024-06-05T00:53:09.194+0000] {taskinstance.py:2306} INFO - Starting attempt 1 of 1
[2024-06-05T00:53:09.246+0000] {taskinstance.py:2330} INFO - Executing <Task(PythonOperator): criar_pasta> on 2024-05-28 22:35:00+00:00
[2024-06-05T00:53:09.281+0000] {warnings.py:110} WARNING - /home/***/.local/lib/python3.12/site-packages/***/task/task_runner/standard_task_runner.py:61: DeprecationWarning: This process (pid=99) is multi-threaded, use of fork() may lead to deadlocks in the child.
  pid = os.fork()

[2024-06-05T00:53:09.289+0000] {standard_task_runner.py:63} INFO - Started process 134 to run task
[2024-06-05T00:53:09.291+0000] {standard_task_runner.py:90} INFO - Running: ['***', 'tasks', 'run', 'dados_climaticos_estruturados', 'criar_pasta', 'scheduled__2024-05-28T22:35:00+00:00', '--job-id', '407', '--raw', '--subdir', 'DAGS_FOLDER/weather/custom_dags/dados_climaticos_estruturados.py', '--cfg-path', '/tmp/tmpzfzmdd4m']
[2024-06-05T00:53:09.299+0000] {standard_task_runner.py:91} INFO - Job 407: Subtask criar_pasta
[2024-06-05T00:53:09.529+0000] {task_command.py:426} INFO - Running <TaskInstance: dados_climaticos_estruturados.criar_pasta scheduled__2024-05-28T22:35:00+00:00 [running]> on host 6665b0710315
[2024-06-05T00:53:17.009+0000] {taskinstance.py:2648} INFO - Exporting env vars: AIRFLOW_CTX_DAG_OWNER='***' AIRFLOW_CTX_DAG_ID='dados_climaticos_estruturados' AIRFLOW_CTX_TASK_ID='criar_pasta' AIRFLOW_CTX_EXECUTION_DATE='2024-05-28T22:35:00+00:00' AIRFLOW_CTX_TRY_NUMBER='1' AIRFLOW_CTX_DAG_RUN_ID='scheduled__2024-05-28T22:35:00+00:00'
[2024-06-05T00:53:17.019+0000] {taskinstance.py:430} INFO - ::endgroup::
[2024-06-05T00:53:17.030+0000] {python.py:237} INFO - Done. Returned value was: None
[2024-06-05T00:53:17.033+0000] {taskinstance.py:441} INFO - ::group::Post task execution logs
[2024-06-05T00:53:17.103+0000] {taskinstance.py:1206} INFO - Marking task as SUCCESS. dag_id=dados_climaticos_estruturados, task_id=criar_pasta, run_id=scheduled__2024-05-28T22:35:00+00:00, execution_date=20240528T223500, start_date=20240605T005309, end_date=20240605T005317
[2024-06-05T00:53:17.188+0000] {local_task_job_runner.py:240} INFO - Task exited with return code 0
[2024-06-05T00:53:17.267+0000] {taskinstance.py:3498} INFO - 1 downstream tasks scheduled from follow-on schedule check
[2024-06-05T00:53:17.281+0000] {local_task_job_runner.py:222} INFO - ::endgroup::
[2024-06-05T01:32:59.686+0000] {local_task_job_runner.py:120} INFO - ::group::Pre task execution logs
[2024-06-05T01:32:59.786+0000] {taskinstance.py:2076} INFO - Dependencies all met for dep_context=non-requeueable deps ti=<TaskInstance: dados_climaticos_estruturados.criar_pasta scheduled__2024-05-28T22:35:00+00:00 [queued]>
[2024-06-05T01:32:59.843+0000] {taskinstance.py:2076} INFO - Dependencies all met for dep_context=requeueable deps ti=<TaskInstance: dados_climaticos_estruturados.criar_pasta scheduled__2024-05-28T22:35:00+00:00 [queued]>
[2024-06-05T01:32:59.850+0000] {taskinstance.py:2306} INFO - Starting attempt 1 of 1
[2024-06-05T01:32:59.919+0000] {taskinstance.py:2330} INFO - Executing <Task(PythonOperator): criar_pasta> on 2024-05-28 22:35:00+00:00
[2024-06-05T01:33:00.006+0000] {warnings.py:110} WARNING - /home/***/.local/lib/python3.12/site-packages/***/task/task_runner/standard_task_runner.py:61: DeprecationWarning: This process (pid=107) is multi-threaded, use of fork() may lead to deadlocks in the child.
  pid = os.fork()

[2024-06-05T01:33:00.018+0000] {standard_task_runner.py:63} INFO - Started process 144 to run task
[2024-06-05T01:33:00.017+0000] {standard_task_runner.py:90} INFO - Running: ['***', 'tasks', 'run', 'dados_climaticos_estruturados', 'criar_pasta', 'scheduled__2024-05-28T22:35:00+00:00', '--job-id', '21', '--raw', '--subdir', 'DAGS_FOLDER/weather/custom_dags/dados_climaticos_estruturados.py', '--cfg-path', '/tmp/tmprpxbhugq']
[2024-06-05T01:33:00.042+0000] {standard_task_runner.py:91} INFO - Job 21: Subtask criar_pasta
[2024-06-05T01:33:00.421+0000] {task_command.py:426} INFO - Running <TaskInstance: dados_climaticos_estruturados.criar_pasta scheduled__2024-05-28T22:35:00+00:00 [running]> on host 80232deae70a
[2024-06-05T01:33:01.150+0000] {taskinstance.py:2648} INFO - Exporting env vars: AIRFLOW_CTX_DAG_OWNER='***' AIRFLOW_CTX_DAG_ID='dados_climaticos_estruturados' AIRFLOW_CTX_TASK_ID='criar_pasta' AIRFLOW_CTX_EXECUTION_DATE='2024-05-28T22:35:00+00:00' AIRFLOW_CTX_TRY_NUMBER='1' AIRFLOW_CTX_DAG_RUN_ID='scheduled__2024-05-28T22:35:00+00:00'
[2024-06-05T01:33:01.162+0000] {taskinstance.py:430} INFO - ::endgroup::
[2024-06-05T01:33:01.176+0000] {python.py:237} INFO - Done. Returned value was: None
[2024-06-05T01:33:01.181+0000] {taskinstance.py:441} INFO - ::group::Post task execution logs
[2024-06-05T01:33:01.226+0000] {taskinstance.py:1206} INFO - Marking task as SUCCESS. dag_id=dados_climaticos_estruturados, task_id=criar_pasta, run_id=scheduled__2024-05-28T22:35:00+00:00, execution_date=20240528T223500, start_date=20240605T013259, end_date=20240605T013301
[2024-06-05T01:33:01.393+0000] {local_task_job_runner.py:240} INFO - Task exited with return code 0
[2024-06-05T01:33:01.513+0000] {taskinstance.py:3498} INFO - 1 downstream tasks scheduled from follow-on schedule check
[2024-06-05T01:33:01.533+0000] {local_task_job_runner.py:222} INFO - ::endgroup::
