[2024-06-05T00:58:42.159+0000] {local_task_job_runner.py:120} INFO - ::group::Pre task execution logs
[2024-06-05T00:58:42.202+0000] {taskinstance.py:2076} INFO - Dependencies all met for dep_context=non-requeueable deps ti=<TaskInstance: dados_climaticos_estruturados.criar_pasta scheduled__2024-05-30T03:00:00+00:00 [queued]>
[2024-06-05T00:58:42.227+0000] {taskinstance.py:2076} INFO - Dependencies all met for dep_context=requeueable deps ti=<TaskInstance: dados_climaticos_estruturados.criar_pasta scheduled__2024-05-30T03:00:00+00:00 [queued]>
[2024-06-05T00:58:42.229+0000] {taskinstance.py:2306} INFO - Starting attempt 1 of 1
[2024-06-05T00:58:42.272+0000] {taskinstance.py:2330} INFO - Executing <Task(PythonOperator): criar_pasta> on 2024-05-30 03:00:00+00:00
[2024-06-05T00:58:42.291+0000] {warnings.py:110} WARNING - /home/***/.local/lib/python3.12/site-packages/***/task/task_runner/standard_task_runner.py:61: DeprecationWarning: This process (pid=2236) is multi-threaded, use of fork() may lead to deadlocks in the child.
  pid = os.fork()

[2024-06-05T00:58:42.295+0000] {standard_task_runner.py:63} INFO - Started process 2266 to run task
[2024-06-05T00:58:42.296+0000] {standard_task_runner.py:90} INFO - Running: ['***', 'tasks', 'run', 'dados_climaticos_estruturados', 'criar_pasta', 'scheduled__2024-05-30T03:00:00+00:00', '--job-id', '1093', '--raw', '--subdir', 'DAGS_FOLDER/weather/custom_dags/dados_climaticos_estruturados.py', '--cfg-path', '/tmp/tmp2vzxnra9']
[2024-06-05T00:58:42.302+0000] {standard_task_runner.py:91} INFO - Job 1093: Subtask criar_pasta
[2024-06-05T00:58:42.456+0000] {task_command.py:426} INFO - Running <TaskInstance: dados_climaticos_estruturados.criar_pasta scheduled__2024-05-30T03:00:00+00:00 [running]> on host 6665b0710315
[2024-06-05T00:58:42.759+0000] {taskinstance.py:2648} INFO - Exporting env vars: AIRFLOW_CTX_DAG_OWNER='***' AIRFLOW_CTX_DAG_ID='dados_climaticos_estruturados' AIRFLOW_CTX_TASK_ID='criar_pasta' AIRFLOW_CTX_EXECUTION_DATE='2024-05-30T03:00:00+00:00' AIRFLOW_CTX_TRY_NUMBER='1' AIRFLOW_CTX_DAG_RUN_ID='scheduled__2024-05-30T03:00:00+00:00'
[2024-06-05T00:58:42.773+0000] {taskinstance.py:430} INFO - ::endgroup::
[2024-06-05T00:58:42.780+0000] {python.py:237} INFO - Done. Returned value was: None
[2024-06-05T00:58:42.781+0000] {taskinstance.py:441} INFO - ::group::Post task execution logs
[2024-06-05T00:58:42.814+0000] {taskinstance.py:1206} INFO - Marking task as SUCCESS. dag_id=dados_climaticos_estruturados, task_id=criar_pasta, run_id=scheduled__2024-05-30T03:00:00+00:00, execution_date=20240530T030000, start_date=20240605T005842, end_date=20240605T005842
[2024-06-05T00:58:42.906+0000] {local_task_job_runner.py:240} INFO - Task exited with return code 0
[2024-06-05T00:58:42.936+0000] {local_task_job_runner.py:222} INFO - ::endgroup::
[2024-06-05T01:38:40.104+0000] {local_task_job_runner.py:120} INFO - ::group::Pre task execution logs
[2024-06-05T01:38:40.195+0000] {taskinstance.py:2076} INFO - Dependencies all met for dep_context=non-requeueable deps ti=<TaskInstance: dados_climaticos_estruturados.criar_pasta scheduled__2024-05-30T03:00:00+00:00 [queued]>
[2024-06-05T01:38:40.217+0000] {taskinstance.py:2076} INFO - Dependencies all met for dep_context=requeueable deps ti=<TaskInstance: dados_climaticos_estruturados.criar_pasta scheduled__2024-05-30T03:00:00+00:00 [queued]>
[2024-06-05T01:38:40.219+0000] {taskinstance.py:2306} INFO - Starting attempt 1 of 1
[2024-06-05T01:38:40.261+0000] {taskinstance.py:2330} INFO - Executing <Task(PythonOperator): criar_pasta> on 2024-05-30 03:00:00+00:00
[2024-06-05T01:38:40.282+0000] {warnings.py:110} WARNING - /home/***/.local/lib/python3.12/site-packages/***/task/task_runner/standard_task_runner.py:61: DeprecationWarning: This process (pid=2228) is multi-threaded, use of fork() may lead to deadlocks in the child.
  pid = os.fork()

[2024-06-05T01:38:40.289+0000] {standard_task_runner.py:63} INFO - Started process 2260 to run task
[2024-06-05T01:38:40.286+0000] {standard_task_runner.py:90} INFO - Running: ['***', 'tasks', 'run', 'dados_climaticos_estruturados', 'criar_pasta', 'scheduled__2024-05-30T03:00:00+00:00', '--job-id', '706', '--raw', '--subdir', 'DAGS_FOLDER/weather/custom_dags/dados_climaticos_estruturados.py', '--cfg-path', '/tmp/tmpz_lfnujn']
[2024-06-05T01:38:40.293+0000] {standard_task_runner.py:91} INFO - Job 706: Subtask criar_pasta
[2024-06-05T01:38:40.394+0000] {task_command.py:426} INFO - Running <TaskInstance: dados_climaticos_estruturados.criar_pasta scheduled__2024-05-30T03:00:00+00:00 [running]> on host 80232deae70a
[2024-06-05T01:38:40.623+0000] {taskinstance.py:2648} INFO - Exporting env vars: AIRFLOW_CTX_DAG_OWNER='***' AIRFLOW_CTX_DAG_ID='dados_climaticos_estruturados' AIRFLOW_CTX_TASK_ID='criar_pasta' AIRFLOW_CTX_EXECUTION_DATE='2024-05-30T03:00:00+00:00' AIRFLOW_CTX_TRY_NUMBER='1' AIRFLOW_CTX_DAG_RUN_ID='scheduled__2024-05-30T03:00:00+00:00'
[2024-06-05T01:38:40.626+0000] {taskinstance.py:430} INFO - ::endgroup::
[2024-06-05T01:38:40.632+0000] {python.py:237} INFO - Done. Returned value was: None
[2024-06-05T01:38:40.633+0000] {taskinstance.py:441} INFO - ::group::Post task execution logs
[2024-06-05T01:38:40.664+0000] {taskinstance.py:1206} INFO - Marking task as SUCCESS. dag_id=dados_climaticos_estruturados, task_id=criar_pasta, run_id=scheduled__2024-05-30T03:00:00+00:00, execution_date=20240530T030000, start_date=20240605T013840, end_date=20240605T013840
[2024-06-05T01:38:40.766+0000] {local_task_job_runner.py:240} INFO - Task exited with return code 0
[2024-06-05T01:38:40.790+0000] {local_task_job_runner.py:222} INFO - ::endgroup::
