[2024-06-05T01:05:05.803+0000] {local_task_job_runner.py:120} INFO - ::group::Pre task execution logs
[2024-06-05T01:05:05.878+0000] {taskinstance.py:2076} INFO - Dependencies all met for dep_context=non-requeueable deps ti=<TaskInstance: dados_climaticos_estruturados.criar_pasta scheduled__2024-05-31T09:25:00+00:00 [queued]>
[2024-06-05T01:05:05.892+0000] {taskinstance.py:2076} INFO - Dependencies all met for dep_context=requeueable deps ti=<TaskInstance: dados_climaticos_estruturados.criar_pasta scheduled__2024-05-31T09:25:00+00:00 [queued]>
[2024-06-05T01:05:05.893+0000] {taskinstance.py:2306} INFO - Starting attempt 1 of 1
[2024-06-05T01:05:05.919+0000] {taskinstance.py:2330} INFO - Executing <Task(PythonOperator): criar_pasta> on 2024-05-31 09:25:00+00:00
[2024-06-05T01:05:05.941+0000] {warnings.py:110} WARNING - /home/***/.local/lib/python3.12/site-packages/***/task/task_runner/standard_task_runner.py:61: DeprecationWarning: This process (pid=4506) is multi-threaded, use of fork() may lead to deadlocks in the child.
  pid = os.fork()

[2024-06-05T01:05:05.952+0000] {standard_task_runner.py:63} INFO - Started process 4534 to run task
[2024-06-05T01:05:05.952+0000] {standard_task_runner.py:90} INFO - Running: ['***', 'tasks', 'run', 'dados_climaticos_estruturados', 'criar_pasta', 'scheduled__2024-05-31T09:25:00+00:00', '--job-id', '1824', '--raw', '--subdir', 'DAGS_FOLDER/weather/custom_dags/dados_climaticos_estruturados.py', '--cfg-path', '/tmp/tmp39_o9_tq']
[2024-06-05T01:05:05.960+0000] {standard_task_runner.py:91} INFO - Job 1824: Subtask criar_pasta
[2024-06-05T01:05:06.128+0000] {task_command.py:426} INFO - Running <TaskInstance: dados_climaticos_estruturados.criar_pasta scheduled__2024-05-31T09:25:00+00:00 [running]> on host 6665b0710315
[2024-06-05T01:05:06.331+0000] {taskinstance.py:2648} INFO - Exporting env vars: AIRFLOW_CTX_DAG_OWNER='***' AIRFLOW_CTX_DAG_ID='dados_climaticos_estruturados' AIRFLOW_CTX_TASK_ID='criar_pasta' AIRFLOW_CTX_EXECUTION_DATE='2024-05-31T09:25:00+00:00' AIRFLOW_CTX_TRY_NUMBER='1' AIRFLOW_CTX_DAG_RUN_ID='scheduled__2024-05-31T09:25:00+00:00'
[2024-06-05T01:05:06.333+0000] {taskinstance.py:430} INFO - ::endgroup::
[2024-06-05T01:05:06.335+0000] {python.py:237} INFO - Done. Returned value was: None
[2024-06-05T01:05:06.335+0000] {taskinstance.py:441} INFO - ::group::Post task execution logs
[2024-06-05T01:05:06.351+0000] {taskinstance.py:1206} INFO - Marking task as SUCCESS. dag_id=dados_climaticos_estruturados, task_id=criar_pasta, run_id=scheduled__2024-05-31T09:25:00+00:00, execution_date=20240531T092500, start_date=20240605T010505, end_date=20240605T010506
[2024-06-05T01:05:06.386+0000] {local_task_job_runner.py:240} INFO - Task exited with return code 0
[2024-06-05T01:05:06.409+0000] {local_task_job_runner.py:222} INFO - ::endgroup::
[2024-06-05T01:44:38.888+0000] {local_task_job_runner.py:120} INFO - ::group::Pre task execution logs
[2024-06-05T01:44:38.940+0000] {taskinstance.py:2076} INFO - Dependencies all met for dep_context=non-requeueable deps ti=<TaskInstance: dados_climaticos_estruturados.criar_pasta scheduled__2024-05-31T09:25:00+00:00 [queued]>
[2024-06-05T01:44:38.985+0000] {taskinstance.py:2076} INFO - Dependencies all met for dep_context=requeueable deps ti=<TaskInstance: dados_climaticos_estruturados.criar_pasta scheduled__2024-05-31T09:25:00+00:00 [queued]>
[2024-06-05T01:44:38.993+0000] {taskinstance.py:2306} INFO - Starting attempt 1 of 1
[2024-06-05T01:44:39.060+0000] {taskinstance.py:2330} INFO - Executing <Task(PythonOperator): criar_pasta> on 2024-05-31 09:25:00+00:00
[2024-06-05T01:44:39.089+0000] {warnings.py:110} WARNING - /home/***/.local/lib/python3.12/site-packages/***/task/task_runner/standard_task_runner.py:61: DeprecationWarning: This process (pid=4492) is multi-threaded, use of fork() may lead to deadlocks in the child.
  pid = os.fork()

[2024-06-05T01:44:39.094+0000] {standard_task_runner.py:63} INFO - Started process 4523 to run task
[2024-06-05T01:44:39.092+0000] {standard_task_runner.py:90} INFO - Running: ['***', 'tasks', 'run', 'dados_climaticos_estruturados', 'criar_pasta', 'scheduled__2024-05-31T09:25:00+00:00', '--job-id', '1435', '--raw', '--subdir', 'DAGS_FOLDER/weather/custom_dags/dados_climaticos_estruturados.py', '--cfg-path', '/tmp/tmpoleso5y7']
[2024-06-05T01:44:39.105+0000] {standard_task_runner.py:91} INFO - Job 1435: Subtask criar_pasta
[2024-06-05T01:44:39.285+0000] {task_command.py:426} INFO - Running <TaskInstance: dados_climaticos_estruturados.criar_pasta scheduled__2024-05-31T09:25:00+00:00 [running]> on host 80232deae70a
[2024-06-05T01:44:39.639+0000] {taskinstance.py:2648} INFO - Exporting env vars: AIRFLOW_CTX_DAG_OWNER='***' AIRFLOW_CTX_DAG_ID='dados_climaticos_estruturados' AIRFLOW_CTX_TASK_ID='criar_pasta' AIRFLOW_CTX_EXECUTION_DATE='2024-05-31T09:25:00+00:00' AIRFLOW_CTX_TRY_NUMBER='1' AIRFLOW_CTX_DAG_RUN_ID='scheduled__2024-05-31T09:25:00+00:00'
[2024-06-05T01:44:39.651+0000] {taskinstance.py:430} INFO - ::endgroup::
[2024-06-05T01:44:39.661+0000] {python.py:237} INFO - Done. Returned value was: None
[2024-06-05T01:44:39.664+0000] {taskinstance.py:441} INFO - ::group::Post task execution logs
[2024-06-05T01:44:39.716+0000] {taskinstance.py:1206} INFO - Marking task as SUCCESS. dag_id=dados_climaticos_estruturados, task_id=criar_pasta, run_id=scheduled__2024-05-31T09:25:00+00:00, execution_date=20240531T092500, start_date=20240605T014438, end_date=20240605T014439
[2024-06-05T01:44:39.836+0000] {local_task_job_runner.py:240} INFO - Task exited with return code 0
[2024-06-05T01:44:39.886+0000] {local_task_job_runner.py:222} INFO - ::endgroup::
