[2024-06-05T01:04:17.506+0000] {local_task_job_runner.py:120} INFO - ::group::Pre task execution logs
[2024-06-05T01:04:17.646+0000] {taskinstance.py:2076} INFO - Dependencies all met for dep_context=non-requeueable deps ti=<TaskInstance: dados_climaticos_estruturados.criar_pasta scheduled__2024-05-31T05:25:00+00:00 [queued]>
[2024-06-05T01:04:17.709+0000] {taskinstance.py:2076} INFO - Dependencies all met for dep_context=requeueable deps ti=<TaskInstance: dados_climaticos_estruturados.criar_pasta scheduled__2024-05-31T05:25:00+00:00 [queued]>
[2024-06-05T01:04:17.714+0000] {taskinstance.py:2306} INFO - Starting attempt 1 of 1
[2024-06-05T01:04:17.835+0000] {taskinstance.py:2330} INFO - Executing <Task(PythonOperator): criar_pasta> on 2024-05-31 05:25:00+00:00
[2024-06-05T01:04:17.873+0000] {warnings.py:110} WARNING - /home/***/.local/lib/python3.12/site-packages/***/task/task_runner/standard_task_runner.py:61: DeprecationWarning: This process (pid=4212) is multi-threaded, use of fork() may lead to deadlocks in the child.
  pid = os.fork()

[2024-06-05T01:04:17.882+0000] {standard_task_runner.py:63} INFO - Started process 4245 to run task
[2024-06-05T01:04:17.883+0000] {standard_task_runner.py:90} INFO - Running: ['***', 'tasks', 'run', 'dados_climaticos_estruturados', 'criar_pasta', 'scheduled__2024-05-31T05:25:00+00:00', '--job-id', '1729', '--raw', '--subdir', 'DAGS_FOLDER/weather/custom_dags/dados_climaticos_estruturados.py', '--cfg-path', '/tmp/tmpjfwdp5x1']
[2024-06-05T01:04:17.893+0000] {standard_task_runner.py:91} INFO - Job 1729: Subtask criar_pasta
[2024-06-05T01:04:18.104+0000] {task_command.py:426} INFO - Running <TaskInstance: dados_climaticos_estruturados.criar_pasta scheduled__2024-05-31T05:25:00+00:00 [running]> on host 6665b0710315
[2024-06-05T01:04:18.763+0000] {taskinstance.py:2648} INFO - Exporting env vars: AIRFLOW_CTX_DAG_OWNER='***' AIRFLOW_CTX_DAG_ID='dados_climaticos_estruturados' AIRFLOW_CTX_TASK_ID='criar_pasta' AIRFLOW_CTX_EXECUTION_DATE='2024-05-31T05:25:00+00:00' AIRFLOW_CTX_TRY_NUMBER='1' AIRFLOW_CTX_DAG_RUN_ID='scheduled__2024-05-31T05:25:00+00:00'
[2024-06-05T01:04:18.777+0000] {taskinstance.py:430} INFO - ::endgroup::
[2024-06-05T01:04:18.798+0000] {python.py:237} INFO - Done. Returned value was: None
[2024-06-05T01:04:18.800+0000] {taskinstance.py:441} INFO - ::group::Post task execution logs
[2024-06-05T01:04:18.867+0000] {taskinstance.py:1206} INFO - Marking task as SUCCESS. dag_id=dados_climaticos_estruturados, task_id=criar_pasta, run_id=scheduled__2024-05-31T05:25:00+00:00, execution_date=20240531T052500, start_date=20240605T010417, end_date=20240605T010418
[2024-06-05T01:04:18.987+0000] {local_task_job_runner.py:240} INFO - Task exited with return code 0
[2024-06-05T01:04:19.074+0000] {local_task_job_runner.py:222} INFO - ::endgroup::
[2024-06-05T01:43:34.601+0000] {local_task_job_runner.py:120} INFO - ::group::Pre task execution logs
[2024-06-05T01:43:34.645+0000] {taskinstance.py:2076} INFO - Dependencies all met for dep_context=non-requeueable deps ti=<TaskInstance: dados_climaticos_estruturados.criar_pasta scheduled__2024-05-31T05:25:00+00:00 [queued]>
[2024-06-05T01:43:34.672+0000] {taskinstance.py:2076} INFO - Dependencies all met for dep_context=requeueable deps ti=<TaskInstance: dados_climaticos_estruturados.criar_pasta scheduled__2024-05-31T05:25:00+00:00 [queued]>
[2024-06-05T01:43:34.674+0000] {taskinstance.py:2306} INFO - Starting attempt 1 of 1
[2024-06-05T01:43:34.712+0000] {taskinstance.py:2330} INFO - Executing <Task(PythonOperator): criar_pasta> on 2024-05-31 05:25:00+00:00
[2024-06-05T01:43:34.736+0000] {warnings.py:110} WARNING - /home/***/.local/lib/python3.12/site-packages/***/task/task_runner/standard_task_runner.py:61: DeprecationWarning: This process (pid=4192) is multi-threaded, use of fork() may lead to deadlocks in the child.
  pid = os.fork()

[2024-06-05T01:43:34.739+0000] {standard_task_runner.py:63} INFO - Started process 4219 to run task
[2024-06-05T01:43:34.744+0000] {standard_task_runner.py:90} INFO - Running: ['***', 'tasks', 'run', 'dados_climaticos_estruturados', 'criar_pasta', 'scheduled__2024-05-31T05:25:00+00:00', '--job-id', '1341', '--raw', '--subdir', 'DAGS_FOLDER/weather/custom_dags/dados_climaticos_estruturados.py', '--cfg-path', '/tmp/tmpawj7vh12']
[2024-06-05T01:43:34.752+0000] {standard_task_runner.py:91} INFO - Job 1341: Subtask criar_pasta
[2024-06-05T01:43:34.867+0000] {task_command.py:426} INFO - Running <TaskInstance: dados_climaticos_estruturados.criar_pasta scheduled__2024-05-31T05:25:00+00:00 [running]> on host 80232deae70a
[2024-06-05T01:43:35.046+0000] {taskinstance.py:2648} INFO - Exporting env vars: AIRFLOW_CTX_DAG_OWNER='***' AIRFLOW_CTX_DAG_ID='dados_climaticos_estruturados' AIRFLOW_CTX_TASK_ID='criar_pasta' AIRFLOW_CTX_EXECUTION_DATE='2024-05-31T05:25:00+00:00' AIRFLOW_CTX_TRY_NUMBER='1' AIRFLOW_CTX_DAG_RUN_ID='scheduled__2024-05-31T05:25:00+00:00'
[2024-06-05T01:43:35.049+0000] {taskinstance.py:430} INFO - ::endgroup::
[2024-06-05T01:43:35.055+0000] {python.py:237} INFO - Done. Returned value was: None
[2024-06-05T01:43:35.056+0000] {taskinstance.py:441} INFO - ::group::Post task execution logs
[2024-06-05T01:43:35.069+0000] {taskinstance.py:1206} INFO - Marking task as SUCCESS. dag_id=dados_climaticos_estruturados, task_id=criar_pasta, run_id=scheduled__2024-05-31T05:25:00+00:00, execution_date=20240531T052500, start_date=20240605T014334, end_date=20240605T014335
[2024-06-05T01:43:35.137+0000] {local_task_job_runner.py:240} INFO - Task exited with return code 0
[2024-06-05T01:43:35.176+0000] {taskinstance.py:3498} INFO - 1 downstream tasks scheduled from follow-on schedule check
[2024-06-05T01:43:35.180+0000] {local_task_job_runner.py:222} INFO - ::endgroup::
