[2024-06-05T01:04:49.584+0000] {local_task_job_runner.py:120} INFO - ::group::Pre task execution logs
[2024-06-05T01:04:49.648+0000] {taskinstance.py:2076} INFO - Dependencies all met for dep_context=non-requeueable deps ti=<TaskInstance: dados_climaticos_estruturados.criar_pasta scheduled__2024-05-31T07:55:00+00:00 [queued]>
[2024-06-05T01:04:49.667+0000] {taskinstance.py:2076} INFO - Dependencies all met for dep_context=requeueable deps ti=<TaskInstance: dados_climaticos_estruturados.criar_pasta scheduled__2024-05-31T07:55:00+00:00 [queued]>
[2024-06-05T01:04:49.668+0000] {taskinstance.py:2306} INFO - Starting attempt 1 of 1
[2024-06-05T01:04:49.698+0000] {taskinstance.py:2330} INFO - Executing <Task(PythonOperator): criar_pasta> on 2024-05-31 07:55:00+00:00
[2024-06-05T01:04:49.715+0000] {warnings.py:110} WARNING - /home/***/.local/lib/python3.12/site-packages/***/task/task_runner/standard_task_runner.py:61: DeprecationWarning: This process (pid=4400) is multi-threaded, use of fork() may lead to deadlocks in the child.
  pid = os.fork()

[2024-06-05T01:04:49.718+0000] {standard_task_runner.py:63} INFO - Started process 4428 to run task
[2024-06-05T01:04:49.718+0000] {standard_task_runner.py:90} INFO - Running: ['***', 'tasks', 'run', 'dados_climaticos_estruturados', 'criar_pasta', 'scheduled__2024-05-31T07:55:00+00:00', '--job-id', '1789', '--raw', '--subdir', 'DAGS_FOLDER/weather/custom_dags/dados_climaticos_estruturados.py', '--cfg-path', '/tmp/tmpw4i9q_b7']
[2024-06-05T01:04:49.720+0000] {standard_task_runner.py:91} INFO - Job 1789: Subtask criar_pasta
[2024-06-05T01:04:49.827+0000] {task_command.py:426} INFO - Running <TaskInstance: dados_climaticos_estruturados.criar_pasta scheduled__2024-05-31T07:55:00+00:00 [running]> on host 6665b0710315
[2024-06-05T01:04:50.078+0000] {taskinstance.py:2648} INFO - Exporting env vars: AIRFLOW_CTX_DAG_OWNER='***' AIRFLOW_CTX_DAG_ID='dados_climaticos_estruturados' AIRFLOW_CTX_TASK_ID='criar_pasta' AIRFLOW_CTX_EXECUTION_DATE='2024-05-31T07:55:00+00:00' AIRFLOW_CTX_TRY_NUMBER='1' AIRFLOW_CTX_DAG_RUN_ID='scheduled__2024-05-31T07:55:00+00:00'
[2024-06-05T01:04:50.081+0000] {taskinstance.py:430} INFO - ::endgroup::
[2024-06-05T01:04:50.085+0000] {python.py:237} INFO - Done. Returned value was: None
[2024-06-05T01:04:50.087+0000] {taskinstance.py:441} INFO - ::group::Post task execution logs
[2024-06-05T01:04:50.116+0000] {taskinstance.py:1206} INFO - Marking task as SUCCESS. dag_id=dados_climaticos_estruturados, task_id=criar_pasta, run_id=scheduled__2024-05-31T07:55:00+00:00, execution_date=20240531T075500, start_date=20240605T010449, end_date=20240605T010450
[2024-06-05T01:04:50.250+0000] {local_task_job_runner.py:240} INFO - Task exited with return code 0
[2024-06-05T01:04:50.290+0000] {local_task_job_runner.py:222} INFO - ::endgroup::
[2024-06-05T01:44:23.103+0000] {local_task_job_runner.py:120} INFO - ::group::Pre task execution logs
[2024-06-05T01:44:23.172+0000] {taskinstance.py:2076} INFO - Dependencies all met for dep_context=non-requeueable deps ti=<TaskInstance: dados_climaticos_estruturados.criar_pasta scheduled__2024-05-31T07:55:00+00:00 [queued]>
[2024-06-05T01:44:23.196+0000] {taskinstance.py:2076} INFO - Dependencies all met for dep_context=requeueable deps ti=<TaskInstance: dados_climaticos_estruturados.criar_pasta scheduled__2024-05-31T07:55:00+00:00 [queued]>
[2024-06-05T01:44:23.198+0000] {taskinstance.py:2306} INFO - Starting attempt 1 of 1
[2024-06-05T01:44:23.260+0000] {taskinstance.py:2330} INFO - Executing <Task(PythonOperator): criar_pasta> on 2024-05-31 07:55:00+00:00
[2024-06-05T01:44:23.279+0000] {warnings.py:110} WARNING - /home/***/.local/lib/python3.12/site-packages/***/task/task_runner/standard_task_runner.py:61: DeprecationWarning: This process (pid=4389) is multi-threaded, use of fork() may lead to deadlocks in the child.
  pid = os.fork()

[2024-06-05T01:44:23.285+0000] {standard_task_runner.py:63} INFO - Started process 4419 to run task
[2024-06-05T01:44:23.289+0000] {standard_task_runner.py:90} INFO - Running: ['***', 'tasks', 'run', 'dados_climaticos_estruturados', 'criar_pasta', 'scheduled__2024-05-31T07:55:00+00:00', '--job-id', '1401', '--raw', '--subdir', 'DAGS_FOLDER/weather/custom_dags/dados_climaticos_estruturados.py', '--cfg-path', '/tmp/tmp0f37dpzt']
[2024-06-05T01:44:23.291+0000] {standard_task_runner.py:91} INFO - Job 1401: Subtask criar_pasta
[2024-06-05T01:44:23.425+0000] {task_command.py:426} INFO - Running <TaskInstance: dados_climaticos_estruturados.criar_pasta scheduled__2024-05-31T07:55:00+00:00 [running]> on host 80232deae70a
[2024-06-05T01:44:23.667+0000] {taskinstance.py:2648} INFO - Exporting env vars: AIRFLOW_CTX_DAG_OWNER='***' AIRFLOW_CTX_DAG_ID='dados_climaticos_estruturados' AIRFLOW_CTX_TASK_ID='criar_pasta' AIRFLOW_CTX_EXECUTION_DATE='2024-05-31T07:55:00+00:00' AIRFLOW_CTX_TRY_NUMBER='1' AIRFLOW_CTX_DAG_RUN_ID='scheduled__2024-05-31T07:55:00+00:00'
[2024-06-05T01:44:23.673+0000] {taskinstance.py:430} INFO - ::endgroup::
[2024-06-05T01:44:23.679+0000] {python.py:237} INFO - Done. Returned value was: None
[2024-06-05T01:44:23.682+0000] {taskinstance.py:441} INFO - ::group::Post task execution logs
[2024-06-05T01:44:23.721+0000] {taskinstance.py:1206} INFO - Marking task as SUCCESS. dag_id=dados_climaticos_estruturados, task_id=criar_pasta, run_id=scheduled__2024-05-31T07:55:00+00:00, execution_date=20240531T075500, start_date=20240605T014423, end_date=20240605T014423
[2024-06-05T01:44:23.827+0000] {local_task_job_runner.py:240} INFO - Task exited with return code 0
[2024-06-05T01:44:23.878+0000] {taskinstance.py:3498} INFO - 1 downstream tasks scheduled from follow-on schedule check
[2024-06-05T01:44:23.890+0000] {local_task_job_runner.py:222} INFO - ::endgroup::
