[2024-06-05T01:04:48.955+0000] {local_task_job_runner.py:120} INFO - ::group::Pre task execution logs
[2024-06-05T01:04:49.004+0000] {taskinstance.py:2076} INFO - Dependencies all met for dep_context=non-requeueable deps ti=<TaskInstance: dados_climaticos_estruturados.criar_pasta scheduled__2024-05-31T07:45:00+00:00 [queued]>
[2024-06-05T01:04:49.018+0000] {taskinstance.py:2076} INFO - Dependencies all met for dep_context=requeueable deps ti=<TaskInstance: dados_climaticos_estruturados.criar_pasta scheduled__2024-05-31T07:45:00+00:00 [queued]>
[2024-06-05T01:04:49.019+0000] {taskinstance.py:2306} INFO - Starting attempt 1 of 1
[2024-06-05T01:04:49.044+0000] {taskinstance.py:2330} INFO - Executing <Task(PythonOperator): criar_pasta> on 2024-05-31 07:45:00+00:00
[2024-06-05T01:04:49.058+0000] {warnings.py:110} WARNING - /home/***/.local/lib/python3.12/site-packages/***/task/task_runner/standard_task_runner.py:61: DeprecationWarning: This process (pid=4396) is multi-threaded, use of fork() may lead to deadlocks in the child.
  pid = os.fork()

[2024-06-05T01:04:49.061+0000] {standard_task_runner.py:63} INFO - Started process 4419 to run task
[2024-06-05T01:04:49.063+0000] {standard_task_runner.py:90} INFO - Running: ['***', 'tasks', 'run', 'dados_climaticos_estruturados', 'criar_pasta', 'scheduled__2024-05-31T07:45:00+00:00', '--job-id', '1787', '--raw', '--subdir', 'DAGS_FOLDER/weather/custom_dags/dados_climaticos_estruturados.py', '--cfg-path', '/tmp/tmpyafv89qg']
[2024-06-05T01:04:49.069+0000] {standard_task_runner.py:91} INFO - Job 1787: Subtask criar_pasta
[2024-06-05T01:04:49.167+0000] {task_command.py:426} INFO - Running <TaskInstance: dados_climaticos_estruturados.criar_pasta scheduled__2024-05-31T07:45:00+00:00 [running]> on host 6665b0710315
[2024-06-05T01:04:49.338+0000] {taskinstance.py:2648} INFO - Exporting env vars: AIRFLOW_CTX_DAG_OWNER='***' AIRFLOW_CTX_DAG_ID='dados_climaticos_estruturados' AIRFLOW_CTX_TASK_ID='criar_pasta' AIRFLOW_CTX_EXECUTION_DATE='2024-05-31T07:45:00+00:00' AIRFLOW_CTX_TRY_NUMBER='1' AIRFLOW_CTX_DAG_RUN_ID='scheduled__2024-05-31T07:45:00+00:00'
[2024-06-05T01:04:49.340+0000] {taskinstance.py:430} INFO - ::endgroup::
[2024-06-05T01:04:49.342+0000] {python.py:237} INFO - Done. Returned value was: None
[2024-06-05T01:04:49.343+0000] {taskinstance.py:441} INFO - ::group::Post task execution logs
[2024-06-05T01:04:49.361+0000] {taskinstance.py:1206} INFO - Marking task as SUCCESS. dag_id=dados_climaticos_estruturados, task_id=criar_pasta, run_id=scheduled__2024-05-31T07:45:00+00:00, execution_date=20240531T074500, start_date=20240605T010449, end_date=20240605T010449
[2024-06-05T01:04:49.431+0000] {local_task_job_runner.py:240} INFO - Task exited with return code 0
[2024-06-05T01:04:49.477+0000] {taskinstance.py:3498} INFO - 1 downstream tasks scheduled from follow-on schedule check
[2024-06-05T01:04:49.486+0000] {local_task_job_runner.py:222} INFO - ::endgroup::
[2024-06-05T01:44:22.359+0000] {local_task_job_runner.py:120} INFO - ::group::Pre task execution logs
[2024-06-05T01:44:22.408+0000] {taskinstance.py:2076} INFO - Dependencies all met for dep_context=non-requeueable deps ti=<TaskInstance: dados_climaticos_estruturados.criar_pasta scheduled__2024-05-31T07:45:00+00:00 [queued]>
[2024-06-05T01:44:22.440+0000] {taskinstance.py:2076} INFO - Dependencies all met for dep_context=requeueable deps ti=<TaskInstance: dados_climaticos_estruturados.criar_pasta scheduled__2024-05-31T07:45:00+00:00 [queued]>
[2024-06-05T01:44:22.444+0000] {taskinstance.py:2306} INFO - Starting attempt 1 of 1
[2024-06-05T01:44:22.516+0000] {taskinstance.py:2330} INFO - Executing <Task(PythonOperator): criar_pasta> on 2024-05-31 07:45:00+00:00
[2024-06-05T01:44:22.547+0000] {warnings.py:110} WARNING - /home/***/.local/lib/python3.12/site-packages/***/task/task_runner/standard_task_runner.py:61: DeprecationWarning: This process (pid=4386) is multi-threaded, use of fork() may lead to deadlocks in the child.
  pid = os.fork()

[2024-06-05T01:44:22.550+0000] {standard_task_runner.py:63} INFO - Started process 4411 to run task
[2024-06-05T01:44:22.558+0000] {standard_task_runner.py:90} INFO - Running: ['***', 'tasks', 'run', 'dados_climaticos_estruturados', 'criar_pasta', 'scheduled__2024-05-31T07:45:00+00:00', '--job-id', '1399', '--raw', '--subdir', 'DAGS_FOLDER/weather/custom_dags/dados_climaticos_estruturados.py', '--cfg-path', '/tmp/tmpaqlsfosn']
[2024-06-05T01:44:22.572+0000] {standard_task_runner.py:91} INFO - Job 1399: Subtask criar_pasta
[2024-06-05T01:44:22.730+0000] {task_command.py:426} INFO - Running <TaskInstance: dados_climaticos_estruturados.criar_pasta scheduled__2024-05-31T07:45:00+00:00 [running]> on host 80232deae70a
[2024-06-05T01:44:23.055+0000] {taskinstance.py:2648} INFO - Exporting env vars: AIRFLOW_CTX_DAG_OWNER='***' AIRFLOW_CTX_DAG_ID='dados_climaticos_estruturados' AIRFLOW_CTX_TASK_ID='criar_pasta' AIRFLOW_CTX_EXECUTION_DATE='2024-05-31T07:45:00+00:00' AIRFLOW_CTX_TRY_NUMBER='1' AIRFLOW_CTX_DAG_RUN_ID='scheduled__2024-05-31T07:45:00+00:00'
[2024-06-05T01:44:23.057+0000] {taskinstance.py:430} INFO - ::endgroup::
[2024-06-05T01:44:23.066+0000] {python.py:237} INFO - Done. Returned value was: None
[2024-06-05T01:44:23.070+0000] {taskinstance.py:441} INFO - ::group::Post task execution logs
[2024-06-05T01:44:23.104+0000] {taskinstance.py:1206} INFO - Marking task as SUCCESS. dag_id=dados_climaticos_estruturados, task_id=criar_pasta, run_id=scheduled__2024-05-31T07:45:00+00:00, execution_date=20240531T074500, start_date=20240605T014422, end_date=20240605T014423
[2024-06-05T01:44:23.243+0000] {local_task_job_runner.py:240} INFO - Task exited with return code 0
[2024-06-05T01:44:23.304+0000] {taskinstance.py:3498} INFO - 1 downstream tasks scheduled from follow-on schedule check
[2024-06-05T01:44:23.312+0000] {local_task_job_runner.py:222} INFO - ::endgroup::
