[2024-06-05T00:55:44.248+0000] {local_task_job_runner.py:120} INFO - ::group::Pre task execution logs
[2024-06-05T00:55:44.287+0000] {taskinstance.py:2076} INFO - Dependencies all met for dep_context=non-requeueable deps ti=<TaskInstance: dados_climaticos_estruturados.criar_pasta scheduled__2024-05-29T10:55:00+00:00 [queued]>
[2024-06-05T00:55:44.300+0000] {taskinstance.py:2076} INFO - Dependencies all met for dep_context=requeueable deps ti=<TaskInstance: dados_climaticos_estruturados.criar_pasta scheduled__2024-05-29T10:55:00+00:00 [queued]>
[2024-06-05T00:55:44.302+0000] {taskinstance.py:2306} INFO - Starting attempt 1 of 1
[2024-06-05T00:55:44.346+0000] {taskinstance.py:2330} INFO - Executing <Task(PythonOperator): criar_pasta> on 2024-05-29 10:55:00+00:00
[2024-06-05T00:55:44.369+0000] {warnings.py:110} WARNING - /home/***/.local/lib/python3.12/site-packages/***/task/task_runner/standard_task_runner.py:61: DeprecationWarning: This process (pid=1061) is multi-threaded, use of fork() may lead to deadlocks in the child.
  pid = os.fork()

[2024-06-05T00:55:44.376+0000] {standard_task_runner.py:63} INFO - Started process 1079 to run task
[2024-06-05T00:55:44.378+0000] {standard_task_runner.py:90} INFO - Running: ['***', 'tasks', 'run', 'dados_climaticos_estruturados', 'criar_pasta', 'scheduled__2024-05-29T10:55:00+00:00', '--job-id', '711', '--raw', '--subdir', 'DAGS_FOLDER/weather/custom_dags/dados_climaticos_estruturados.py', '--cfg-path', '/tmp/tmp485z6d0r']
[2024-06-05T00:55:44.381+0000] {standard_task_runner.py:91} INFO - Job 711: Subtask criar_pasta
[2024-06-05T00:55:44.485+0000] {task_command.py:426} INFO - Running <TaskInstance: dados_climaticos_estruturados.criar_pasta scheduled__2024-05-29T10:55:00+00:00 [running]> on host 6665b0710315
[2024-06-05T00:55:44.676+0000] {taskinstance.py:2648} INFO - Exporting env vars: AIRFLOW_CTX_DAG_OWNER='***' AIRFLOW_CTX_DAG_ID='dados_climaticos_estruturados' AIRFLOW_CTX_TASK_ID='criar_pasta' AIRFLOW_CTX_EXECUTION_DATE='2024-05-29T10:55:00+00:00' AIRFLOW_CTX_TRY_NUMBER='1' AIRFLOW_CTX_DAG_RUN_ID='scheduled__2024-05-29T10:55:00+00:00'
[2024-06-05T00:55:44.680+0000] {taskinstance.py:430} INFO - ::endgroup::
[2024-06-05T00:55:44.682+0000] {python.py:237} INFO - Done. Returned value was: None
[2024-06-05T00:55:44.683+0000] {taskinstance.py:441} INFO - ::group::Post task execution logs
[2024-06-05T00:55:44.703+0000] {taskinstance.py:1206} INFO - Marking task as SUCCESS. dag_id=dados_climaticos_estruturados, task_id=criar_pasta, run_id=scheduled__2024-05-29T10:55:00+00:00, execution_date=20240529T105500, start_date=20240605T005544, end_date=20240605T005544
[2024-06-05T00:55:44.773+0000] {local_task_job_runner.py:240} INFO - Task exited with return code 0
[2024-06-05T00:55:44.836+0000] {taskinstance.py:3498} INFO - 1 downstream tasks scheduled from follow-on schedule check
[2024-06-05T00:55:44.839+0000] {local_task_job_runner.py:222} INFO - ::endgroup::
[2024-06-05T01:35:34.767+0000] {local_task_job_runner.py:120} INFO - ::group::Pre task execution logs
[2024-06-05T01:35:34.810+0000] {taskinstance.py:2076} INFO - Dependencies all met for dep_context=non-requeueable deps ti=<TaskInstance: dados_climaticos_estruturados.criar_pasta scheduled__2024-05-29T10:55:00+00:00 [queued]>
[2024-06-05T01:35:34.828+0000] {taskinstance.py:2076} INFO - Dependencies all met for dep_context=requeueable deps ti=<TaskInstance: dados_climaticos_estruturados.criar_pasta scheduled__2024-05-29T10:55:00+00:00 [queued]>
[2024-06-05T01:35:34.836+0000] {taskinstance.py:2306} INFO - Starting attempt 1 of 1
[2024-06-05T01:35:34.871+0000] {taskinstance.py:2330} INFO - Executing <Task(PythonOperator): criar_pasta> on 2024-05-29 10:55:00+00:00
[2024-06-05T01:35:34.885+0000] {warnings.py:110} WARNING - /home/***/.local/lib/python3.12/site-packages/***/task/task_runner/standard_task_runner.py:61: DeprecationWarning: This process (pid=1051) is multi-threaded, use of fork() may lead to deadlocks in the child.
  pid = os.fork()

[2024-06-05T01:35:34.890+0000] {standard_task_runner.py:90} INFO - Running: ['***', 'tasks', 'run', 'dados_climaticos_estruturados', 'criar_pasta', 'scheduled__2024-05-29T10:55:00+00:00', '--job-id', '324', '--raw', '--subdir', 'DAGS_FOLDER/weather/custom_dags/dados_climaticos_estruturados.py', '--cfg-path', '/tmp/tmp6v_f_8dn']
[2024-06-05T01:35:34.893+0000] {standard_task_runner.py:63} INFO - Started process 1071 to run task
[2024-06-05T01:35:34.894+0000] {standard_task_runner.py:91} INFO - Job 324: Subtask criar_pasta
[2024-06-05T01:35:35.001+0000] {task_command.py:426} INFO - Running <TaskInstance: dados_climaticos_estruturados.criar_pasta scheduled__2024-05-29T10:55:00+00:00 [running]> on host 80232deae70a
[2024-06-05T01:35:35.336+0000] {taskinstance.py:2648} INFO - Exporting env vars: AIRFLOW_CTX_DAG_OWNER='***' AIRFLOW_CTX_DAG_ID='dados_climaticos_estruturados' AIRFLOW_CTX_TASK_ID='criar_pasta' AIRFLOW_CTX_EXECUTION_DATE='2024-05-29T10:55:00+00:00' AIRFLOW_CTX_TRY_NUMBER='1' AIRFLOW_CTX_DAG_RUN_ID='scheduled__2024-05-29T10:55:00+00:00'
[2024-06-05T01:35:35.347+0000] {taskinstance.py:430} INFO - ::endgroup::
[2024-06-05T01:35:35.362+0000] {python.py:237} INFO - Done. Returned value was: None
[2024-06-05T01:35:35.365+0000] {taskinstance.py:441} INFO - ::group::Post task execution logs
[2024-06-05T01:35:35.397+0000] {taskinstance.py:1206} INFO - Marking task as SUCCESS. dag_id=dados_climaticos_estruturados, task_id=criar_pasta, run_id=scheduled__2024-05-29T10:55:00+00:00, execution_date=20240529T105500, start_date=20240605T013534, end_date=20240605T013535
[2024-06-05T01:35:35.503+0000] {local_task_job_runner.py:240} INFO - Task exited with return code 0
[2024-06-05T01:35:35.566+0000] {taskinstance.py:3498} INFO - 1 downstream tasks scheduled from follow-on schedule check
[2024-06-05T01:35:35.570+0000] {local_task_job_runner.py:222} INFO - ::endgroup::
