[2024-06-05T01:00:06.924+0000] {local_task_job_runner.py:120} INFO - ::group::Pre task execution logs
[2024-06-05T01:00:06.973+0000] {taskinstance.py:2076} INFO - Dependencies all met for dep_context=non-requeueable deps ti=<TaskInstance: dados_climaticos_estruturados.criar_pasta scheduled__2024-05-30T08:45:00+00:00 [queued]>
[2024-06-05T01:00:06.990+0000] {taskinstance.py:2076} INFO - Dependencies all met for dep_context=requeueable deps ti=<TaskInstance: dados_climaticos_estruturados.criar_pasta scheduled__2024-05-30T08:45:00+00:00 [queued]>
[2024-06-05T01:00:06.991+0000] {taskinstance.py:2306} INFO - Starting attempt 1 of 1
[2024-06-05T01:00:07.018+0000] {taskinstance.py:2330} INFO - Executing <Task(PythonOperator): criar_pasta> on 2024-05-30 08:45:00+00:00
[2024-06-05T01:00:07.038+0000] {warnings.py:110} WARNING - /home/***/.local/lib/python3.12/site-packages/***/task/task_runner/standard_task_runner.py:61: DeprecationWarning: This process (pid=2692) is multi-threaded, use of fork() may lead to deadlocks in the child.
  pid = os.fork()

[2024-06-05T01:00:07.044+0000] {standard_task_runner.py:63} INFO - Started process 2712 to run task
[2024-06-05T01:00:07.043+0000] {standard_task_runner.py:90} INFO - Running: ['***', 'tasks', 'run', 'dados_climaticos_estruturados', 'criar_pasta', 'scheduled__2024-05-30T08:45:00+00:00', '--job-id', '1237', '--raw', '--subdir', 'DAGS_FOLDER/weather/custom_dags/dados_climaticos_estruturados.py', '--cfg-path', '/tmp/tmp7vsq9lvw']
[2024-06-05T01:00:07.049+0000] {standard_task_runner.py:91} INFO - Job 1237: Subtask criar_pasta
[2024-06-05T01:00:07.151+0000] {task_command.py:426} INFO - Running <TaskInstance: dados_climaticos_estruturados.criar_pasta scheduled__2024-05-30T08:45:00+00:00 [running]> on host 6665b0710315
[2024-06-05T01:00:07.344+0000] {taskinstance.py:2648} INFO - Exporting env vars: AIRFLOW_CTX_DAG_OWNER='***' AIRFLOW_CTX_DAG_ID='dados_climaticos_estruturados' AIRFLOW_CTX_TASK_ID='criar_pasta' AIRFLOW_CTX_EXECUTION_DATE='2024-05-30T08:45:00+00:00' AIRFLOW_CTX_TRY_NUMBER='1' AIRFLOW_CTX_DAG_RUN_ID='scheduled__2024-05-30T08:45:00+00:00'
[2024-06-05T01:00:07.346+0000] {taskinstance.py:430} INFO - ::endgroup::
[2024-06-05T01:00:07.348+0000] {python.py:237} INFO - Done. Returned value was: None
[2024-06-05T01:00:07.348+0000] {taskinstance.py:441} INFO - ::group::Post task execution logs
[2024-06-05T01:00:07.366+0000] {taskinstance.py:1206} INFO - Marking task as SUCCESS. dag_id=dados_climaticos_estruturados, task_id=criar_pasta, run_id=scheduled__2024-05-30T08:45:00+00:00, execution_date=20240530T084500, start_date=20240605T010006, end_date=20240605T010007
[2024-06-05T01:00:07.443+0000] {local_task_job_runner.py:240} INFO - Task exited with return code 0
[2024-06-05T01:00:07.511+0000] {taskinstance.py:3498} INFO - 1 downstream tasks scheduled from follow-on schedule check
[2024-06-05T01:00:07.517+0000] {local_task_job_runner.py:222} INFO - ::endgroup::
[2024-06-05T01:39:50.650+0000] {local_task_job_runner.py:120} INFO - ::group::Pre task execution logs
[2024-06-05T01:39:50.674+0000] {taskinstance.py:2076} INFO - Dependencies all met for dep_context=non-requeueable deps ti=<TaskInstance: dados_climaticos_estruturados.criar_pasta scheduled__2024-05-30T08:45:00+00:00 [queued]>
[2024-06-05T01:39:50.684+0000] {taskinstance.py:2076} INFO - Dependencies all met for dep_context=requeueable deps ti=<TaskInstance: dados_climaticos_estruturados.criar_pasta scheduled__2024-05-30T08:45:00+00:00 [queued]>
[2024-06-05T01:39:50.684+0000] {taskinstance.py:2306} INFO - Starting attempt 1 of 1
[2024-06-05T01:39:50.702+0000] {taskinstance.py:2330} INFO - Executing <Task(PythonOperator): criar_pasta> on 2024-05-30 08:45:00+00:00
[2024-06-05T01:39:50.710+0000] {warnings.py:110} WARNING - /home/***/.local/lib/python3.12/site-packages/***/task/task_runner/standard_task_runner.py:61: DeprecationWarning: This process (pid=2693) is multi-threaded, use of fork() may lead to deadlocks in the child.
  pid = os.fork()

[2024-06-05T01:39:50.712+0000] {standard_task_runner.py:63} INFO - Started process 2701 to run task
[2024-06-05T01:39:50.713+0000] {standard_task_runner.py:90} INFO - Running: ['***', 'tasks', 'run', 'dados_climaticos_estruturados', 'criar_pasta', 'scheduled__2024-05-30T08:45:00+00:00', '--job-id', '852', '--raw', '--subdir', 'DAGS_FOLDER/weather/custom_dags/dados_climaticos_estruturados.py', '--cfg-path', '/tmp/tmpa42p5nw8']
[2024-06-05T01:39:50.715+0000] {standard_task_runner.py:91} INFO - Job 852: Subtask criar_pasta
[2024-06-05T01:39:50.777+0000] {task_command.py:426} INFO - Running <TaskInstance: dados_climaticos_estruturados.criar_pasta scheduled__2024-05-30T08:45:00+00:00 [running]> on host 80232deae70a
[2024-06-05T01:39:50.906+0000] {taskinstance.py:2648} INFO - Exporting env vars: AIRFLOW_CTX_DAG_OWNER='***' AIRFLOW_CTX_DAG_ID='dados_climaticos_estruturados' AIRFLOW_CTX_TASK_ID='criar_pasta' AIRFLOW_CTX_EXECUTION_DATE='2024-05-30T08:45:00+00:00' AIRFLOW_CTX_TRY_NUMBER='1' AIRFLOW_CTX_DAG_RUN_ID='scheduled__2024-05-30T08:45:00+00:00'
[2024-06-05T01:39:50.908+0000] {taskinstance.py:430} INFO - ::endgroup::
[2024-06-05T01:39:50.910+0000] {python.py:237} INFO - Done. Returned value was: None
[2024-06-05T01:39:50.911+0000] {taskinstance.py:441} INFO - ::group::Post task execution logs
[2024-06-05T01:39:50.924+0000] {taskinstance.py:1206} INFO - Marking task as SUCCESS. dag_id=dados_climaticos_estruturados, task_id=criar_pasta, run_id=scheduled__2024-05-30T08:45:00+00:00, execution_date=20240530T084500, start_date=20240605T013950, end_date=20240605T013950
[2024-06-05T01:39:50.975+0000] {local_task_job_runner.py:240} INFO - Task exited with return code 0
[2024-06-05T01:39:50.995+0000] {taskinstance.py:3498} INFO - 0 downstream tasks scheduled from follow-on schedule check
[2024-06-05T01:39:50.997+0000] {local_task_job_runner.py:222} INFO - ::endgroup::
