[2024-06-05T01:02:09.800+0000] {local_task_job_runner.py:120} INFO - ::group::Pre task execution logs
[2024-06-05T01:02:09.835+0000] {taskinstance.py:2076} INFO - Dependencies all met for dep_context=non-requeueable deps ti=<TaskInstance: dados_climaticos_estruturados.criar_pasta scheduled__2024-05-30T19:15:00+00:00 [queued]>
[2024-06-05T01:02:09.849+0000] {taskinstance.py:2076} INFO - Dependencies all met for dep_context=requeueable deps ti=<TaskInstance: dados_climaticos_estruturados.criar_pasta scheduled__2024-05-30T19:15:00+00:00 [queued]>
[2024-06-05T01:02:09.852+0000] {taskinstance.py:2306} INFO - Starting attempt 1 of 1
[2024-06-05T01:02:09.884+0000] {taskinstance.py:2330} INFO - Executing <Task(PythonOperator): criar_pasta> on 2024-05-30 19:15:00+00:00
[2024-06-05T01:02:09.902+0000] {warnings.py:110} WARNING - /home/***/.local/lib/python3.12/site-packages/***/task/task_runner/standard_task_runner.py:61: DeprecationWarning: This process (pid=3480) is multi-threaded, use of fork() may lead to deadlocks in the child.
  pid = os.fork()

[2024-06-05T01:02:09.907+0000] {standard_task_runner.py:63} INFO - Started process 3498 to run task
[2024-06-05T01:02:09.907+0000] {standard_task_runner.py:90} INFO - Running: ['***', 'tasks', 'run', 'dados_climaticos_estruturados', 'criar_pasta', 'scheduled__2024-05-30T19:15:00+00:00', '--job-id', '1491', '--raw', '--subdir', 'DAGS_FOLDER/weather/custom_dags/dados_climaticos_estruturados.py', '--cfg-path', '/tmp/tmpxlgig_9u']
[2024-06-05T01:02:09.909+0000] {standard_task_runner.py:91} INFO - Job 1491: Subtask criar_pasta
[2024-06-05T01:02:10.012+0000] {task_command.py:426} INFO - Running <TaskInstance: dados_climaticos_estruturados.criar_pasta scheduled__2024-05-30T19:15:00+00:00 [running]> on host 6665b0710315
[2024-06-05T01:02:10.200+0000] {taskinstance.py:2648} INFO - Exporting env vars: AIRFLOW_CTX_DAG_OWNER='***' AIRFLOW_CTX_DAG_ID='dados_climaticos_estruturados' AIRFLOW_CTX_TASK_ID='criar_pasta' AIRFLOW_CTX_EXECUTION_DATE='2024-05-30T19:15:00+00:00' AIRFLOW_CTX_TRY_NUMBER='1' AIRFLOW_CTX_DAG_RUN_ID='scheduled__2024-05-30T19:15:00+00:00'
[2024-06-05T01:02:10.205+0000] {taskinstance.py:430} INFO - ::endgroup::
[2024-06-05T01:02:10.206+0000] {python.py:237} INFO - Done. Returned value was: None
[2024-06-05T01:02:10.207+0000] {taskinstance.py:441} INFO - ::group::Post task execution logs
[2024-06-05T01:02:10.222+0000] {taskinstance.py:1206} INFO - Marking task as SUCCESS. dag_id=dados_climaticos_estruturados, task_id=criar_pasta, run_id=scheduled__2024-05-30T19:15:00+00:00, execution_date=20240530T191500, start_date=20240605T010209, end_date=20240605T010210
[2024-06-05T01:02:10.270+0000] {local_task_job_runner.py:240} INFO - Task exited with return code 0
[2024-06-05T01:02:10.326+0000] {taskinstance.py:3498} INFO - 1 downstream tasks scheduled from follow-on schedule check
[2024-06-05T01:02:10.336+0000] {local_task_job_runner.py:222} INFO - ::endgroup::
[2024-06-05T01:41:48.665+0000] {local_task_job_runner.py:120} INFO - ::group::Pre task execution logs
[2024-06-05T01:41:48.714+0000] {taskinstance.py:2076} INFO - Dependencies all met for dep_context=non-requeueable deps ti=<TaskInstance: dados_climaticos_estruturados.criar_pasta scheduled__2024-05-30T19:15:00+00:00 [queued]>
[2024-06-05T01:41:48.730+0000] {taskinstance.py:2076} INFO - Dependencies all met for dep_context=requeueable deps ti=<TaskInstance: dados_climaticos_estruturados.criar_pasta scheduled__2024-05-30T19:15:00+00:00 [queued]>
[2024-06-05T01:41:48.732+0000] {taskinstance.py:2306} INFO - Starting attempt 1 of 1
[2024-06-05T01:41:48.785+0000] {taskinstance.py:2330} INFO - Executing <Task(PythonOperator): criar_pasta> on 2024-05-30 19:15:00+00:00
[2024-06-05T01:41:48.807+0000] {warnings.py:110} WARNING - /home/***/.local/lib/python3.12/site-packages/***/task/task_runner/standard_task_runner.py:61: DeprecationWarning: This process (pid=3459) is multi-threaded, use of fork() may lead to deadlocks in the child.
  pid = os.fork()

[2024-06-05T01:41:48.815+0000] {standard_task_runner.py:63} INFO - Started process 3485 to run task
[2024-06-05T01:41:48.815+0000] {standard_task_runner.py:90} INFO - Running: ['***', 'tasks', 'run', 'dados_climaticos_estruturados', 'criar_pasta', 'scheduled__2024-05-30T19:15:00+00:00', '--job-id', '1100', '--raw', '--subdir', 'DAGS_FOLDER/weather/custom_dags/dados_climaticos_estruturados.py', '--cfg-path', '/tmp/tmpusumqpg9']
[2024-06-05T01:41:48.823+0000] {standard_task_runner.py:91} INFO - Job 1100: Subtask criar_pasta
[2024-06-05T01:41:48.977+0000] {task_command.py:426} INFO - Running <TaskInstance: dados_climaticos_estruturados.criar_pasta scheduled__2024-05-30T19:15:00+00:00 [running]> on host 80232deae70a
[2024-06-05T01:41:49.206+0000] {taskinstance.py:2648} INFO - Exporting env vars: AIRFLOW_CTX_DAG_OWNER='***' AIRFLOW_CTX_DAG_ID='dados_climaticos_estruturados' AIRFLOW_CTX_TASK_ID='criar_pasta' AIRFLOW_CTX_EXECUTION_DATE='2024-05-30T19:15:00+00:00' AIRFLOW_CTX_TRY_NUMBER='1' AIRFLOW_CTX_DAG_RUN_ID='scheduled__2024-05-30T19:15:00+00:00'
[2024-06-05T01:41:49.209+0000] {taskinstance.py:430} INFO - ::endgroup::
[2024-06-05T01:41:49.214+0000] {python.py:237} INFO - Done. Returned value was: None
[2024-06-05T01:41:49.215+0000] {taskinstance.py:441} INFO - ::group::Post task execution logs
[2024-06-05T01:41:49.252+0000] {taskinstance.py:1206} INFO - Marking task as SUCCESS. dag_id=dados_climaticos_estruturados, task_id=criar_pasta, run_id=scheduled__2024-05-30T19:15:00+00:00, execution_date=20240530T191500, start_date=20240605T014148, end_date=20240605T014149
[2024-06-05T01:41:49.339+0000] {local_task_job_runner.py:240} INFO - Task exited with return code 0
[2024-06-05T01:41:49.392+0000] {taskinstance.py:3498} INFO - 1 downstream tasks scheduled from follow-on schedule check
[2024-06-05T01:41:49.403+0000] {local_task_job_runner.py:222} INFO - ::endgroup::
