[2024-06-05T01:00:19.674+0000] {local_task_job_runner.py:120} INFO - ::group::Pre task execution logs
[2024-06-05T01:00:19.727+0000] {taskinstance.py:2076} INFO - Dependencies all met for dep_context=non-requeueable deps ti=<TaskInstance: dados_climaticos_estruturados.criar_pasta scheduled__2024-05-30T09:45:00+00:00 [queued]>
[2024-06-05T01:00:19.754+0000] {taskinstance.py:2076} INFO - Dependencies all met for dep_context=requeueable deps ti=<TaskInstance: dados_climaticos_estruturados.criar_pasta scheduled__2024-05-30T09:45:00+00:00 [queued]>
[2024-06-05T01:00:19.757+0000] {taskinstance.py:2306} INFO - Starting attempt 1 of 1
[2024-06-05T01:00:19.784+0000] {taskinstance.py:2330} INFO - Executing <Task(PythonOperator): criar_pasta> on 2024-05-30 09:45:00+00:00
[2024-06-05T01:00:19.806+0000] {warnings.py:110} WARNING - /home/***/.local/lib/python3.12/site-packages/***/task/task_runner/standard_task_runner.py:61: DeprecationWarning: This process (pid=2781) is multi-threaded, use of fork() may lead to deadlocks in the child.
  pid = os.fork()

[2024-06-05T01:00:19.816+0000] {standard_task_runner.py:63} INFO - Started process 2798 to run task
[2024-06-05T01:00:19.814+0000] {standard_task_runner.py:90} INFO - Running: ['***', 'tasks', 'run', 'dados_climaticos_estruturados', 'criar_pasta', 'scheduled__2024-05-30T09:45:00+00:00', '--job-id', '1265', '--raw', '--subdir', 'DAGS_FOLDER/weather/custom_dags/dados_climaticos_estruturados.py', '--cfg-path', '/tmp/tmplcp60g8d']
[2024-06-05T01:00:19.821+0000] {standard_task_runner.py:91} INFO - Job 1265: Subtask criar_pasta
[2024-06-05T01:00:19.944+0000] {task_command.py:426} INFO - Running <TaskInstance: dados_climaticos_estruturados.criar_pasta scheduled__2024-05-30T09:45:00+00:00 [running]> on host 6665b0710315
[2024-06-05T01:00:20.154+0000] {taskinstance.py:2648} INFO - Exporting env vars: AIRFLOW_CTX_DAG_OWNER='***' AIRFLOW_CTX_DAG_ID='dados_climaticos_estruturados' AIRFLOW_CTX_TASK_ID='criar_pasta' AIRFLOW_CTX_EXECUTION_DATE='2024-05-30T09:45:00+00:00' AIRFLOW_CTX_TRY_NUMBER='1' AIRFLOW_CTX_DAG_RUN_ID='scheduled__2024-05-30T09:45:00+00:00'
[2024-06-05T01:00:20.157+0000] {taskinstance.py:430} INFO - ::endgroup::
[2024-06-05T01:00:20.160+0000] {python.py:237} INFO - Done. Returned value was: None
[2024-06-05T01:00:20.161+0000] {taskinstance.py:441} INFO - ::group::Post task execution logs
[2024-06-05T01:00:20.181+0000] {taskinstance.py:1206} INFO - Marking task as SUCCESS. dag_id=dados_climaticos_estruturados, task_id=criar_pasta, run_id=scheduled__2024-05-30T09:45:00+00:00, execution_date=20240530T094500, start_date=20240605T010019, end_date=20240605T010020
[2024-06-05T01:00:20.254+0000] {local_task_job_runner.py:240} INFO - Task exited with return code 0
[2024-06-05T01:00:20.296+0000] {taskinstance.py:3498} INFO - 0 downstream tasks scheduled from follow-on schedule check
[2024-06-05T01:00:20.310+0000] {local_task_job_runner.py:222} INFO - ::endgroup::
[2024-06-05T01:40:00.882+0000] {local_task_job_runner.py:120} INFO - ::group::Pre task execution logs
[2024-06-05T01:40:00.943+0000] {taskinstance.py:2076} INFO - Dependencies all met for dep_context=non-requeueable deps ti=<TaskInstance: dados_climaticos_estruturados.criar_pasta scheduled__2024-05-30T09:45:00+00:00 [queued]>
[2024-06-05T01:40:00.968+0000] {taskinstance.py:2076} INFO - Dependencies all met for dep_context=requeueable deps ti=<TaskInstance: dados_climaticos_estruturados.criar_pasta scheduled__2024-05-30T09:45:00+00:00 [queued]>
[2024-06-05T01:40:00.970+0000] {taskinstance.py:2306} INFO - Starting attempt 1 of 1
[2024-06-05T01:40:01.041+0000] {taskinstance.py:2330} INFO - Executing <Task(PythonOperator): criar_pasta> on 2024-05-30 09:45:00+00:00
[2024-06-05T01:40:01.062+0000] {warnings.py:110} WARNING - /home/***/.local/lib/python3.12/site-packages/***/task/task_runner/standard_task_runner.py:61: DeprecationWarning: This process (pid=2735) is multi-threaded, use of fork() may lead to deadlocks in the child.
  pid = os.fork()

[2024-06-05T01:40:01.067+0000] {standard_task_runner.py:63} INFO - Started process 2762 to run task
[2024-06-05T01:40:01.091+0000] {standard_task_runner.py:90} INFO - Running: ['***', 'tasks', 'run', 'dados_climaticos_estruturados', 'criar_pasta', 'scheduled__2024-05-30T09:45:00+00:00', '--job-id', '868', '--raw', '--subdir', 'DAGS_FOLDER/weather/custom_dags/dados_climaticos_estruturados.py', '--cfg-path', '/tmp/tmprep5_czw']
[2024-06-05T01:40:01.104+0000] {standard_task_runner.py:91} INFO - Job 868: Subtask criar_pasta
[2024-06-05T01:40:01.242+0000] {task_command.py:426} INFO - Running <TaskInstance: dados_climaticos_estruturados.criar_pasta scheduled__2024-05-30T09:45:00+00:00 [running]> on host 80232deae70a
[2024-06-05T01:40:01.560+0000] {taskinstance.py:2648} INFO - Exporting env vars: AIRFLOW_CTX_DAG_OWNER='***' AIRFLOW_CTX_DAG_ID='dados_climaticos_estruturados' AIRFLOW_CTX_TASK_ID='criar_pasta' AIRFLOW_CTX_EXECUTION_DATE='2024-05-30T09:45:00+00:00' AIRFLOW_CTX_TRY_NUMBER='1' AIRFLOW_CTX_DAG_RUN_ID='scheduled__2024-05-30T09:45:00+00:00'
[2024-06-05T01:40:01.565+0000] {taskinstance.py:430} INFO - ::endgroup::
[2024-06-05T01:40:01.570+0000] {python.py:237} INFO - Done. Returned value was: None
[2024-06-05T01:40:01.571+0000] {taskinstance.py:441} INFO - ::group::Post task execution logs
[2024-06-05T01:40:01.602+0000] {taskinstance.py:1206} INFO - Marking task as SUCCESS. dag_id=dados_climaticos_estruturados, task_id=criar_pasta, run_id=scheduled__2024-05-30T09:45:00+00:00, execution_date=20240530T094500, start_date=20240605T014000, end_date=20240605T014001
[2024-06-05T01:40:01.720+0000] {local_task_job_runner.py:240} INFO - Task exited with return code 0
[2024-06-05T01:40:01.745+0000] {local_task_job_runner.py:222} INFO - ::endgroup::
